<?xml version="1.0" encoding="utf-8"?>
<outputLog>
  <ApplicationId>16af2dcb-ca8a-43bc-96fb-cf84f1862656</ApplicationId>
  <FileLogs>
    <FileLog>
      <CorrelationId>Intent.VisualStudio.Projects.VisualStudioSolution#b4f8b5f5-cf03-4e79-bd64-3c656e73819f</CorrelationId>
      <OverwriteBehaviour>always</OverwriteBehaviour>
      <ApplicationRelativeFilePath>../Intent.Modules.NET.sln</ApplicationRelativeFilePath>
      <IsIgnored>false</IsIgnored>
    </FileLog>
    <FileLog>
      <ProjectId>9f6f137c-dc55-4769-bed0-139f13c993f5</ProjectId>
      <CorrelationId>Intent.ModuleBuilder.Templates.TemplateDecorator#be287863-aec7-4c58-bf04-07aaaacd6fb1</CorrelationId>
      <OverwriteBehaviour>always</OverwriteBehaviour>
      <ApplicationRelativeFilePath>Decorators/AccountTestStoreDecorator.cs</ApplicationRelativeFilePath>
      <ProjectRelativeFilePath>AccountTestStoreDecorator.cs</ProjectRelativeFilePath>
      <IsIgnored>false</IsIgnored>
    </FileLog>
    <FileLog>
      <ProjectId>9f6f137c-dc55-4769-bed0-139f13c993f5</ProjectId>
      <CorrelationId>Intent.ModuleBuilder.Templates.TemplateDecoratorRegistration#be287863-aec7-4c58-bf04-07aaaacd6fb1</CorrelationId>
      <OverwriteBehaviour>always</OverwriteBehaviour>
      <ApplicationRelativeFilePath>Decorators/AccountTestStoreDecoratorRegistration.cs</ApplicationRelativeFilePath>
      <ProjectRelativeFilePath>AccountTestStoreDecoratorRegistration.cs</ProjectRelativeFilePath>
      <IsIgnored>false</IsIgnored>
    </FileLog>
    <FileLog>
      <ProjectId>9f6f137c-dc55-4769-bed0-139f13c993f5</ProjectId>
      <CorrelationId>Intent.ModuleBuilder.Templates.TemplateDecorator#a5200d0f-be1c-4792-b365-c804b036c1b6</CorrelationId>
      <OverwriteBehaviour>always</OverwriteBehaviour>
      <ApplicationRelativeFilePath>Decorators/ExternalTestStoreDecorator.cs</ApplicationRelativeFilePath>
      <ProjectRelativeFilePath>ExternalTestStoreDecorator.cs</ProjectRelativeFilePath>
      <IsIgnored>false</IsIgnored>
    </FileLog>
    <FileLog>
      <ProjectId>9f6f137c-dc55-4769-bed0-139f13c993f5</ProjectId>
      <CorrelationId>Intent.ModuleBuilder.Templates.TemplateDecoratorRegistration#a5200d0f-be1c-4792-b365-c804b036c1b6</CorrelationId>
      <OverwriteBehaviour>always</OverwriteBehaviour>
      <ApplicationRelativeFilePath>Decorators/ExternalTestStoreDecoratorRegistration.cs</ApplicationRelativeFilePath>
      <ProjectRelativeFilePath>ExternalTestStoreDecoratorRegistration.cs</ProjectRelativeFilePath>
      <IsIgnored>false</IsIgnored>
    </FileLog>
    <FileLog>
      <ProjectId>52bc9867-295e-4bd1-bb24-5de690a89bb5</ProjectId>
      <CorrelationId>Intent.ModuleBuilder.Templates.FactoryExtension#c2836371-2d1f-4565-ae1a-a29c6c999789</CorrelationId>
      <OverwriteBehaviour>always</OverwriteBehaviour>
      <ApplicationRelativeFilePath>FactoryExtensions/IdentityServerQuickstartExtractorFactoryExtension.cs</ApplicationRelativeFilePath>
      <ProjectRelativeFilePath>IdentityServerQuickstartExtractorFactoryExtension.cs</ProjectRelativeFilePath>
      <IsIgnored>false</IsIgnored>
    </FileLog>
    <FileLog>
      <ProjectId>52bc9867-295e-4bd1-bb24-5de690a89bb5</ProjectId>
      <CorrelationId>Intent.ModuleBuilder.Templates.FactoryExtension#964ecdf0-eef5-4e14-aa17-40534db403ba</CorrelationId>
      <OverwriteBehaviour>always</OverwriteBehaviour>
      <ApplicationRelativeFilePath>FactoryExtensions/MVCControllerEndpointStartupExtension.cs</ApplicationRelativeFilePath>
      <ProjectRelativeFilePath>MVCControllerEndpointStartupExtension.cs</ProjectRelativeFilePath>
      <IsIgnored>false</IsIgnored>
    </FileLog>
    <FileLog>
      <ProjectId>52bc9867-295e-4bd1-bb24-5de690a89bb5</ProjectId>
      <CorrelationId>Intent.ModuleBuilder.Templates.FactoryExtension#117909bc-e603-4145-b9b5-90a34ba4b8da</CorrelationId>
      <OverwriteBehaviour>always</OverwriteBehaviour>
      <ApplicationRelativeFilePath>FactoryExtensions/RazorPageControllerStartupExtension.cs</ApplicationRelativeFilePath>
      <ProjectRelativeFilePath>RazorPageControllerStartupExtension.cs</ProjectRelativeFilePath>
      <IsIgnored>false</IsIgnored>
    </FileLog>
    <FileLog>
      <ProjectId>52bc9867-295e-4bd1-bb24-5de690a89bb5</ProjectId>
      <CorrelationId>Intent.ModuleBuilder.Templates.FactoryExtension#b04a03ff-0d89-4420-938b-ef8113fd4e3b</CorrelationId>
      <OverwriteBehaviour>always</OverwriteBehaviour>
      <ApplicationRelativeFilePath>FactoryExtensions/StaticFilesStartupExtension.cs</ApplicationRelativeFilePath>
      <ProjectRelativeFilePath>StaticFilesStartupExtension.cs</ProjectRelativeFilePath>
      <IsIgnored>false</IsIgnored>
    </FileLog>
    <FileLog>
      <ProjectId>ba65ea8f-9c7c-4acc-bb47-4e80763dc120</ProjectId>
      <CorrelationId>Intent.ModuleBuilder.IModSpecFile</CorrelationId>
      <OverwriteBehaviour>always</OverwriteBehaviour>
      <ApplicationRelativeFilePath>Intent.IdentityServer4.UI.imodspec</ApplicationRelativeFilePath>
      <ProjectRelativeFilePath>Intent.IdentityServer4.UI.imodspec</ProjectRelativeFilePath>
      <IsIgnored>false</IsIgnored>
    </FileLog>
    <FileLog>
      <ProjectId>ba65ea8f-9c7c-4acc-bb47-4e80763dc120</ProjectId>
      <CorrelationId>Intent.VisualStudio.Projects.CoreLibrary.CSProject#ba65ea8f-9c7c-4acc-bb47-4e80763dc120</CorrelationId>
      <OverwriteBehaviour>always</OverwriteBehaviour>
      <ApplicationRelativeFilePath>Intent.Modules.IdentityServer4.UI.csproj</ApplicationRelativeFilePath>
      <ProjectRelativeFilePath>Intent.Modules.IdentityServer4.UI.csproj</ProjectRelativeFilePath>
      <IsIgnored>false</IsIgnored>
    </FileLog>
    <FileLog>
      <ProjectId>f3503319-40bd-4cfe-b072-0a43a340977b</ProjectId>
      <CorrelationId>Intent.ModuleBuilder.Templates.TemplateDecoratorContract#cddac3d6-bb33-4fbd-8a21-00e4fd833225</CorrelationId>
      <OverwriteBehaviour>always</OverwriteBehaviour>
      <ApplicationRelativeFilePath>Templates/Controllers/AccountController/AccountAuthProviderDecorator.cs</ApplicationRelativeFilePath>
      <ProjectRelativeFilePath>Controllers/AccountController/AccountAuthProviderDecorator.cs</ProjectRelativeFilePath>
      <IsIgnored>false</IsIgnored>
    </FileLog>
    <FileLog>
      <ProjectId>f3503319-40bd-4cfe-b072-0a43a340977b</ProjectId>
      <CorrelationId>Intent.ModuleBuilder.CSharp.Templates.CSharpTemplate.T4Template.PreProcessed#62c7762a-3091-4e29-bb21-bfea845ef51d</CorrelationId>
      <OverwriteBehaviour>always</OverwriteBehaviour>
      <ApplicationRelativeFilePath>Templates/Controllers/AccountController/AccountControllerTemplate.cs</ApplicationRelativeFilePath>
      <ProjectRelativeFilePath>Controllers/AccountController/AccountControllerTemplate.cs</ProjectRelativeFilePath>
      <IsIgnored>false</IsIgnored>
    </FileLog>
    <FileLog>
      <ProjectId>f3503319-40bd-4cfe-b072-0a43a340977b</ProjectId>
      <CorrelationId>Intent.ModuleBuilder.CSharp.Templates.CSharpT4Template#62c7762a-3091-4e29-bb21-bfea845ef51d</CorrelationId>
      <OverwriteBehaviour>always</OverwriteBehaviour>
      <ApplicationRelativeFilePath>Templates/Controllers/AccountController/AccountControllerTemplate.tt</ApplicationRelativeFilePath>
      <ProjectRelativeFilePath>Controllers/AccountController/AccountControllerTemplate.tt</ProjectRelativeFilePath>
      <IsIgnored>false</IsIgnored>
    </FileLog>
    <FileLog>
      <ProjectId>f3503319-40bd-4cfe-b072-0a43a340977b</ProjectId>
      <CorrelationId>Intent.ModuleBuilder.CSharp.Templates.CSharpTemplatePartial#62c7762a-3091-4e29-bb21-bfea845ef51d</CorrelationId>
      <OverwriteBehaviour>always</OverwriteBehaviour>
      <ApplicationRelativeFilePath>Templates/Controllers/AccountController/AccountControllerTemplatePartial.cs</ApplicationRelativeFilePath>
      <ProjectRelativeFilePath>Controllers/AccountController/AccountControllerTemplatePartial.cs</ProjectRelativeFilePath>
      <IsIgnored>false</IsIgnored>
    </FileLog>
    <FileLog>
      <ProjectId>f3503319-40bd-4cfe-b072-0a43a340977b</ProjectId>
      <CorrelationId>Intent.ModuleBuilder.TemplateRegistration.SingleFileNoModel#62c7762a-3091-4e29-bb21-bfea845ef51d</CorrelationId>
      <OverwriteBehaviour>always</OverwriteBehaviour>
      <ApplicationRelativeFilePath>Templates/Controllers/AccountController/AccountControllerTemplateRegistration.cs</ApplicationRelativeFilePath>
      <ProjectRelativeFilePath>Controllers/AccountController/AccountControllerTemplateRegistration.cs</ProjectRelativeFilePath>
      <IsIgnored>false</IsIgnored>
    </FileLog>
    <FileLog>
      <ProjectId>f3503319-40bd-4cfe-b072-0a43a340977b</ProjectId>
      <CorrelationId>Intent.ModuleBuilder.Templates.TemplateDecoratorContract#cfb67386-2b94-40e7-b2e9-fa47a2148d35</CorrelationId>
      <OverwriteBehaviour>always</OverwriteBehaviour>
      <ApplicationRelativeFilePath>Templates/Controllers/ExternalController/ExternalAuthProviderDecorator.cs</ApplicationRelativeFilePath>
      <ProjectRelativeFilePath>Controllers/ExternalController/ExternalAuthProviderDecorator.cs</ProjectRelativeFilePath>
      <IsIgnored>false</IsIgnored>
    </FileLog>
    <FileLog>
      <ProjectId>f3503319-40bd-4cfe-b072-0a43a340977b</ProjectId>
      <CorrelationId>Intent.ModuleBuilder.CSharp.Templates.CSharpTemplate.T4Template.PreProcessed#f619a9e9-4473-4d03-89d8-1e42adf41e0d</CorrelationId>
      <OverwriteBehaviour>always</OverwriteBehaviour>
      <ApplicationRelativeFilePath>Templates/Controllers/ExternalController/ExternalControllerTemplate.cs</ApplicationRelativeFilePath>
      <ProjectRelativeFilePath>Controllers/ExternalController/ExternalControllerTemplate.cs</ProjectRelativeFilePath>
      <IsIgnored>false</IsIgnored>
    </FileLog>
    <FileLog>
      <ProjectId>f3503319-40bd-4cfe-b072-0a43a340977b</ProjectId>
      <CorrelationId>Intent.ModuleBuilder.CSharp.Templates.CSharpT4Template#f619a9e9-4473-4d03-89d8-1e42adf41e0d</CorrelationId>
      <OverwriteBehaviour>always</OverwriteBehaviour>
      <ApplicationRelativeFilePath>Templates/Controllers/ExternalController/ExternalControllerTemplate.tt</ApplicationRelativeFilePath>
      <ProjectRelativeFilePath>Controllers/ExternalController/ExternalControllerTemplate.tt</ProjectRelativeFilePath>
      <IsIgnored>false</IsIgnored>
    </FileLog>
    <FileLog>
      <ProjectId>f3503319-40bd-4cfe-b072-0a43a340977b</ProjectId>
      <CorrelationId>Intent.ModuleBuilder.CSharp.Templates.CSharpTemplatePartial#f619a9e9-4473-4d03-89d8-1e42adf41e0d</CorrelationId>
      <OverwriteBehaviour>always</OverwriteBehaviour>
      <ApplicationRelativeFilePath>Templates/Controllers/ExternalController/ExternalControllerTemplatePartial.cs</ApplicationRelativeFilePath>
      <ProjectRelativeFilePath>Controllers/ExternalController/ExternalControllerTemplatePartial.cs</ProjectRelativeFilePath>
      <IsIgnored>false</IsIgnored>
    </FileLog>
    <FileLog>
      <ProjectId>f3503319-40bd-4cfe-b072-0a43a340977b</ProjectId>
      <CorrelationId>Intent.ModuleBuilder.TemplateRegistration.SingleFileNoModel#f619a9e9-4473-4d03-89d8-1e42adf41e0d</CorrelationId>
      <OverwriteBehaviour>always</OverwriteBehaviour>
      <ApplicationRelativeFilePath>Templates/Controllers/ExternalController/ExternalControllerTemplateRegistration.cs</ApplicationRelativeFilePath>
      <ProjectRelativeFilePath>Controllers/ExternalController/ExternalControllerTemplateRegistration.cs</ProjectRelativeFilePath>
      <IsIgnored>false</IsIgnored>
    </FileLog>
    <FileLog>
      <ProjectId>f3503319-40bd-4cfe-b072-0a43a340977b</ProjectId>
      <CorrelationId>Intent.ModuleBuilder.ProjectItemTemplate.Partial#7bcc66d0-4ecc-47c3-87e2-b310dbc750a3</CorrelationId>
      <OverwriteBehaviour>always</OverwriteBehaviour>
      <ApplicationRelativeFilePath>Templates/QuickStartContent/QuickStartContentTemplatePartial.cs</ApplicationRelativeFilePath>
      <ProjectRelativeFilePath>QuickStartContent/QuickStartContentTemplatePartial.cs</ProjectRelativeFilePath>
      <IsIgnored>false</IsIgnored>
    </FileLog>
    <FileLog>
      <ProjectId>f3503319-40bd-4cfe-b072-0a43a340977b</ProjectId>
      <CorrelationId>Intent.ModuleBuilder.TemplateRegistration.Custom#7bcc66d0-4ecc-47c3-87e2-b310dbc750a3</CorrelationId>
      <OverwriteBehaviour>always</OverwriteBehaviour>
      <ApplicationRelativeFilePath>Templates/QuickStartContent/QuickStartContentTemplateRegistration.cs</ApplicationRelativeFilePath>
      <ProjectRelativeFilePath>QuickStartContent/QuickStartContentTemplateRegistration.cs</ProjectRelativeFilePath>
      <IsIgnored>false</IsIgnored>
    </FileLog>
    <FileLog>
      <ProjectId>f3503319-40bd-4cfe-b072-0a43a340977b</ProjectId>
      <CorrelationId>Intent.ModuleBuilder.Templates.TemplateExtensions</CorrelationId>
      <OverwriteBehaviour>always</OverwriteBehaviour>
      <ApplicationRelativeFilePath>Templates/TemplateExtensions.cs</ApplicationRelativeFilePath>
      <ProjectRelativeFilePath>TemplateExtensions.cs</ProjectRelativeFilePath>
      <IsIgnored>false</IsIgnored>
    </FileLog>
  </FileLogs>
</outputLog>