<?xml version="1.0" encoding="utf-8"?>
<outputLog>
  <ApplicationId>ef0bb9b8-4ed6-4f65-8e3b-b628b1c61729</ApplicationId>
  <FileLogs>
    <FileLog>
      <CorrelationId>Intent.VisualStudio.Projects.VisualStudioSolution#da8ac170-6d7d-4f37-8be1-bd6b57445a27</CorrelationId>
      <OverwriteBehaviour>always</OverwriteBehaviour>
      <ApplicationRelativeFilePath>../Intent.Modules.NET.sln</ApplicationRelativeFilePath>
      <IsIgnored>false</IsIgnored>
    </FileLog>
    <FileLog>
      <ProjectId>2d819cea-400f-45bd-9a4a-86d74a20f02a</ProjectId>
      <CorrelationId>Intent.VisualStudio.Projects.CSharpProject#2d819cea-400f-45bd-9a4a-86d74a20f02a</CorrelationId>
      <OverwriteBehaviour>always</OverwriteBehaviour>
      <ApplicationRelativeFilePath>Intent.Modules.SqlDatabaseProject.csproj</ApplicationRelativeFilePath>
      <ProjectRelativeFilePath>Intent.Modules.SqlDatabaseProject.csproj</ProjectRelativeFilePath>
      <IsIgnored>false</IsIgnored>
    </FileLog>
    <FileLog>
      <ProjectId>2d819cea-400f-45bd-9a4a-86d74a20f02a</ProjectId>
      <CorrelationId>Intent.ModuleBuilder.IModSpecFile</CorrelationId>
      <OverwriteBehaviour>always</OverwriteBehaviour>
      <ApplicationRelativeFilePath>Intent.SqlDatabaseProject.imodspec</ApplicationRelativeFilePath>
      <ProjectRelativeFilePath>Intent.SqlDatabaseProject.imodspec</ProjectRelativeFilePath>
      <IsIgnored>false</IsIgnored>
    </FileLog>
    <FileLog>
      <ProjectId>2d819cea-400f-45bd-9a4a-86d74a20f02a</ProjectId>
      <CorrelationId>Intent.ModuleBuilder.Templates.ReleaseNotes</CorrelationId>
      <OverwriteBehaviour>once-off</OverwriteBehaviour>
      <ApplicationRelativeFilePath>release-notes.md</ApplicationRelativeFilePath>
      <ProjectRelativeFilePath>release-notes.md</ProjectRelativeFilePath>
      <IsIgnored>false</IsIgnored>
    </FileLog>
    <FileLog>
      <ProjectId>a38cc86d-605b-47ca-b379-80c17247c061</ProjectId>
      <CorrelationId>Intent.ModuleBuilder.ProjectItemTemplate.Partial#dca8adfb-61f8-44d5-a157-b7dcbed4dea2</CorrelationId>
      <OverwriteBehaviour>always</OverwriteBehaviour>
      <ApplicationRelativeFilePath>Templates/Index/IndexTemplatePartial.cs</ApplicationRelativeFilePath>
      <ProjectRelativeFilePath>Index/IndexTemplatePartial.cs</ProjectRelativeFilePath>
      <IsIgnored>false</IsIgnored>
    </FileLog>
    <FileLog>
      <ProjectId>a38cc86d-605b-47ca-b379-80c17247c061</ProjectId>
      <CorrelationId>Intent.ModuleBuilder.TemplateRegistration.FilePerModel#dca8adfb-61f8-44d5-a157-b7dcbed4dea2</CorrelationId>
      <OverwriteBehaviour>always</OverwriteBehaviour>
      <ApplicationRelativeFilePath>Templates/Index/IndexTemplateRegistration.cs</ApplicationRelativeFilePath>
      <ProjectRelativeFilePath>Index/IndexTemplateRegistration.cs</ProjectRelativeFilePath>
      <IsIgnored>false</IsIgnored>
    </FileLog>
    <FileLog>
      <ProjectId>a38cc86d-605b-47ca-b379-80c17247c061</ProjectId>
      <CorrelationId>Intent.ModuleBuilder.ProjectItemTemplate.Partial#e97916c8-6c0c-45ee-b111-ab120bac4f4a</CorrelationId>
      <OverwriteBehaviour>always</OverwriteBehaviour>
      <ApplicationRelativeFilePath>Templates/Schema/SchemaTemplatePartial.cs</ApplicationRelativeFilePath>
      <ProjectRelativeFilePath>Schema/SchemaTemplatePartial.cs</ProjectRelativeFilePath>
      <IsIgnored>false</IsIgnored>
    </FileLog>
    <FileLog>
      <ProjectId>a38cc86d-605b-47ca-b379-80c17247c061</ProjectId>
      <CorrelationId>Intent.ModuleBuilder.TemplateRegistration.FilePerModel#e97916c8-6c0c-45ee-b111-ab120bac4f4a</CorrelationId>
      <OverwriteBehaviour>always</OverwriteBehaviour>
      <ApplicationRelativeFilePath>Templates/Schema/SchemaTemplateRegistration.cs</ApplicationRelativeFilePath>
      <ProjectRelativeFilePath>Schema/SchemaTemplateRegistration.cs</ProjectRelativeFilePath>
      <IsIgnored>false</IsIgnored>
    </FileLog>
    <FileLog>
      <ProjectId>a38cc86d-605b-47ca-b379-80c17247c061</ProjectId>
      <CorrelationId>Intent.ModuleBuilder.ProjectItemTemplate.Partial#9e28f9a9-d5f9-4119-84b9-c204c8b5112c</CorrelationId>
      <OverwriteBehaviour>always</OverwriteBehaviour>
      <ApplicationRelativeFilePath>Templates/StoredProcedure/StoredProcedureTemplatePartial.cs</ApplicationRelativeFilePath>
      <ProjectRelativeFilePath>StoredProcedure/StoredProcedureTemplatePartial.cs</ProjectRelativeFilePath>
      <IsIgnored>false</IsIgnored>
    </FileLog>
    <FileLog>
      <ProjectId>a38cc86d-605b-47ca-b379-80c17247c061</ProjectId>
      <CorrelationId>Intent.ModuleBuilder.TemplateRegistration.FilePerModel#9e28f9a9-d5f9-4119-84b9-c204c8b5112c</CorrelationId>
      <OverwriteBehaviour>always</OverwriteBehaviour>
      <ApplicationRelativeFilePath>Templates/StoredProcedure/StoredProcedureTemplateRegistration.cs</ApplicationRelativeFilePath>
      <ProjectRelativeFilePath>StoredProcedure/StoredProcedureTemplateRegistration.cs</ProjectRelativeFilePath>
      <IsIgnored>false</IsIgnored>
    </FileLog>
    <FileLog>
      <ProjectId>a38cc86d-605b-47ca-b379-80c17247c061</ProjectId>
      <CorrelationId>Intent.ModuleBuilder.ProjectItemTemplate.Partial#ce49cbf2-35e9-4242-ad6f-39520ebda23f</CorrelationId>
      <OverwriteBehaviour>always</OverwriteBehaviour>
      <ApplicationRelativeFilePath>Templates/Table/TableTemplatePartial.cs</ApplicationRelativeFilePath>
      <ProjectRelativeFilePath>Table/TableTemplatePartial.cs</ProjectRelativeFilePath>
      <IsIgnored>false</IsIgnored>
    </FileLog>
    <FileLog>
      <ProjectId>a38cc86d-605b-47ca-b379-80c17247c061</ProjectId>
      <CorrelationId>Intent.ModuleBuilder.TemplateRegistration.FilePerModel#ce49cbf2-35e9-4242-ad6f-39520ebda23f</CorrelationId>
      <OverwriteBehaviour>always</OverwriteBehaviour>
      <ApplicationRelativeFilePath>Templates/Table/TableTemplateRegistration.cs</ApplicationRelativeFilePath>
      <ProjectRelativeFilePath>Table/TableTemplateRegistration.cs</ProjectRelativeFilePath>
      <IsIgnored>false</IsIgnored>
    </FileLog>
  </FileLogs>
</outputLog>