<?xml version="1.0" encoding="utf-8"?>
<outputLog>
  <ApplicationId>a196fb3e-312e-4c7b-bdce-be69b3b25e1b</ApplicationId>
  <FileLogs>
    <FileLog>
      <CorrelationId>Intent.VisualStudio.Projects.VisualStudio2015Solution#b3b1fd0f-45b6-41bf-8fe3-b25c5c82c3ea</CorrelationId>
      <ApplicationRelativeFilePath>../Intent.Modules.NET.sln</ApplicationRelativeFilePath>
      <IsIgnored>false</IsIgnored>
    </FileLog>
    <FileLog>
      <ProjectId>432e20dd-9371-4b25-acb7-07a377b23414</ProjectId>
      <CorrelationId>Intent.ModuleBuilder.Templates.TemplateDecorator#c9a61707-9dfc-4d7f-a571-b32b8cef4087</CorrelationId>
      <ApplicationRelativeFilePath>Decorators/GraphQLStartupDecorator.cs</ApplicationRelativeFilePath>
      <ProjectRelativeFilePath>GraphQLStartupDecorator.cs</ProjectRelativeFilePath>
      <IsIgnored>false</IsIgnored>
    </FileLog>
    <FileLog>
      <ProjectId>432e20dd-9371-4b25-acb7-07a377b23414</ProjectId>
      <CorrelationId>Intent.ModuleBuilder.Templates.TemplateDecoratorRegistration#c9a61707-9dfc-4d7f-a571-b32b8cef4087</CorrelationId>
      <ApplicationRelativeFilePath>Decorators/GraphQLStartupDecoratorRegistration.cs</ApplicationRelativeFilePath>
      <ProjectRelativeFilePath>GraphQLStartupDecoratorRegistration.cs</ProjectRelativeFilePath>
      <IsIgnored>false</IsIgnored>
    </FileLog>
    <FileLog>
      <ProjectId>77bdc12b-e2d3-481d-bbe6-fea16b5bf39e</ProjectId>
      <CorrelationId>Intent.ModuleBuilder.IModSpecFile</CorrelationId>
      <ApplicationRelativeFilePath>Intent.HotChocolate.GraphQL.AspNetCore.imodspec</ApplicationRelativeFilePath>
      <ProjectRelativeFilePath>Intent.HotChocolate.GraphQL.AspNetCore.imodspec</ProjectRelativeFilePath>
      <IsIgnored>false</IsIgnored>
    </FileLog>
    <FileLog>
      <ProjectId>77bdc12b-e2d3-481d-bbe6-fea16b5bf39e</ProjectId>
      <CorrelationId>Intent.VisualStudio.Projects.CoreLibrary.CSProject#77bdc12b-e2d3-481d-bbe6-fea16b5bf39e</CorrelationId>
      <ApplicationRelativeFilePath>Intent.Modules.HotChocolate.GraphQL.AspNetCore.csproj</ApplicationRelativeFilePath>
      <ProjectRelativeFilePath>Intent.Modules.HotChocolate.GraphQL.AspNetCore.csproj</ProjectRelativeFilePath>
      <IsIgnored>false</IsIgnored>
    </FileLog>
    <FileLog>
      <ProjectId>77bdc12b-e2d3-481d-bbe6-fea16b5bf39e</ProjectId>
      <CorrelationId>Intent.ModuleBuilder.ReadMe</CorrelationId>
      <ApplicationRelativeFilePath>README.txt</ApplicationRelativeFilePath>
      <ProjectRelativeFilePath>README.txt</ProjectRelativeFilePath>
      <IsIgnored>false</IsIgnored>
    </FileLog>
    <FileLog>
      <ProjectId>b3a186f3-44bf-4c30-a1b5-2fe1f21e0515</ProjectId>
      <CorrelationId>Intent.ModuleBuilder.CSharp.Templates.CSharpTemplate.T4Template.PreProcessed#79f528ec-7567-4f78-a651-2665b71d942c</CorrelationId>
      <ApplicationRelativeFilePath>Templates/ConfigureGraphQL/ConfigureGraphQLTemplate.cs</ApplicationRelativeFilePath>
      <ProjectRelativeFilePath>ConfigureGraphQL/ConfigureGraphQLTemplate.cs</ProjectRelativeFilePath>
      <IsIgnored>false</IsIgnored>
    </FileLog>
    <FileLog>
      <ProjectId>b3a186f3-44bf-4c30-a1b5-2fe1f21e0515</ProjectId>
      <CorrelationId>Intent.ModuleBuilder.CSharp.Templates.CSharpTemplate#79f528ec-7567-4f78-a651-2665b71d942c</CorrelationId>
      <ApplicationRelativeFilePath>Templates/ConfigureGraphQL/ConfigureGraphQLTemplate.tt</ApplicationRelativeFilePath>
      <ProjectRelativeFilePath>ConfigureGraphQL/ConfigureGraphQLTemplate.tt</ProjectRelativeFilePath>
      <IsIgnored>false</IsIgnored>
    </FileLog>
    <FileLog>
      <ProjectId>b3a186f3-44bf-4c30-a1b5-2fe1f21e0515</ProjectId>
      <CorrelationId>Intent.ModuleBuilder.CSharp.Templates.CSharpTemplatePartial#79f528ec-7567-4f78-a651-2665b71d942c</CorrelationId>
      <ApplicationRelativeFilePath>Templates/ConfigureGraphQL/ConfigureGraphQLTemplatePartial.cs</ApplicationRelativeFilePath>
      <ProjectRelativeFilePath>ConfigureGraphQL/ConfigureGraphQLTemplatePartial.cs</ProjectRelativeFilePath>
      <IsIgnored>false</IsIgnored>
    </FileLog>
    <FileLog>
      <ProjectId>b3a186f3-44bf-4c30-a1b5-2fe1f21e0515</ProjectId>
      <CorrelationId>Intent.ModuleBuilder.TemplateRegistration.SingleFileNoModel#79f528ec-7567-4f78-a651-2665b71d942c</CorrelationId>
      <ApplicationRelativeFilePath>Templates/ConfigureGraphQL/ConfigureGraphQLTemplateRegistration.cs</ApplicationRelativeFilePath>
      <ProjectRelativeFilePath>ConfigureGraphQL/ConfigureGraphQLTemplateRegistration.cs</ProjectRelativeFilePath>
      <IsIgnored>false</IsIgnored>
    </FileLog>
    <FileLog>
      <ProjectId>b3a186f3-44bf-4c30-a1b5-2fe1f21e0515</ProjectId>
      <CorrelationId>Intent.ModuleBuilder.Templates.TemplateExtensions</CorrelationId>
      <ApplicationRelativeFilePath>Templates/TemplateExtensions.cs</ApplicationRelativeFilePath>
      <ProjectRelativeFilePath>TemplateExtensions.cs</ProjectRelativeFilePath>
      <IsIgnored>false</IsIgnored>
    </FileLog>
  </FileLogs>
</outputLog>