<?xml version="1.0" encoding="utf-8"?>
<outputLog>
  <ApplicationId>55fab815-1172-48e8-b36a-c34d6468f928</ApplicationId>
  <FileLogs>
    <FileLog>
      <CorrelationId>Intent.VisualStudio.Projects.VisualStudioSolution#4be273e9-cf57-4c71-80a3-711d6cf1f8f5</CorrelationId>
      <OverwriteBehaviour>always</OverwriteBehaviour>
      <ApplicationRelativeFilePath>../Intent.Modules.NET.sln</ApplicationRelativeFilePath>
      <IsIgnored>false</IsIgnored>
    </FileLog>
    <FileLog>
      <ProjectId>5a9c2ccf-b71e-44a6-a6bc-1fd6b486059f</ProjectId>
      <CorrelationId>Intent.ModuleBuilder.Templates.Api.ApiElementExtensionModel#c0634e31-c733-43d9-81de-280d8f883158</CorrelationId>
      <OverwriteBehaviour>always</OverwriteBehaviour>
      <ApplicationRelativeFilePath>Api/ClassExtensionModel.cs</ApplicationRelativeFilePath>
      <ProjectRelativeFilePath>ClassExtensionModel.cs</ProjectRelativeFilePath>
      <IsIgnored>false</IsIgnored>
    </FileLog>
    <FileLog>
      <ProjectId>5a9c2ccf-b71e-44a6-a6bc-1fd6b486059f</ProjectId>
      <CorrelationId>Intent.ModuleBuilder.Templates.Api.ApiElementModelExtensions#04e12b51-ed12-42a3-9667-a6aa81bb6d10</CorrelationId>
      <OverwriteBehaviour>always</OverwriteBehaviour>
      <ApplicationRelativeFilePath>Api/ClassModelStereotypeExtensions.cs</ApplicationRelativeFilePath>
      <ProjectRelativeFilePath>ClassModelStereotypeExtensions.cs</ProjectRelativeFilePath>
      <IsIgnored>false</IsIgnored>
    </FileLog>
    <FileLog>
      <ProjectId>5a9c2ccf-b71e-44a6-a6bc-1fd6b486059f</ProjectId>
      <CorrelationId>Intent.ModuleBuilder.Templates.Api.ApiElementModel#fcd2985d-6794-4c0f-a01f-7d278e566b6d</CorrelationId>
      <OverwriteBehaviour>always</OverwriteBehaviour>
      <ApplicationRelativeFilePath>Api/DocumentStoreIndexModel.cs</ApplicationRelativeFilePath>
      <ProjectRelativeFilePath>DocumentStoreIndexModel.cs</ProjectRelativeFilePath>
      <IsIgnored>false</IsIgnored>
    </FileLog>
    <FileLog>
      <ProjectId>5a9c2ccf-b71e-44a6-a6bc-1fd6b486059f</ProjectId>
      <CorrelationId>Intent.ModuleBuilder.Templates.Api.ApiElementModelExtensions#fcd2985d-6794-4c0f-a01f-7d278e566b6d</CorrelationId>
      <OverwriteBehaviour>always</OverwriteBehaviour>
      <ApplicationRelativeFilePath>Api/DocumentStoreIndexModelStereotypeExtensions.cs</ApplicationRelativeFilePath>
      <ProjectRelativeFilePath>DocumentStoreIndexModelStereotypeExtensions.cs</ProjectRelativeFilePath>
      <IsIgnored>false</IsIgnored>
    </FileLog>
    <FileLog>
      <ProjectId>5a9c2ccf-b71e-44a6-a6bc-1fd6b486059f</ProjectId>
      <CorrelationId>Intent.ModuleBuilder.Templates.Api.ApiElementModelExtensions#4d95d53a-8855-4f35-aa82-e312643f5c5f</CorrelationId>
      <OverwriteBehaviour>always</OverwriteBehaviour>
      <ApplicationRelativeFilePath>Api/FolderModelStereotypeExtensions.cs</ApplicationRelativeFilePath>
      <ProjectRelativeFilePath>FolderModelStereotypeExtensions.cs</ProjectRelativeFilePath>
      <IsIgnored>false</IsIgnored>
    </FileLog>
    <FileLog>
      <ProjectId>5a9c2ccf-b71e-44a6-a6bc-1fd6b486059f</ProjectId>
      <CorrelationId>Intent.ModuleBuilder.Templates.Api.ApiElementModel#e22a4f98-e62c-428c-8fc8-a6523f72d6e6</CorrelationId>
      <OverwriteBehaviour>always</OverwriteBehaviour>
      <ApplicationRelativeFilePath>Api/IndexFieldModel.cs</ApplicationRelativeFilePath>
      <ProjectRelativeFilePath>IndexFieldModel.cs</ProjectRelativeFilePath>
      <IsIgnored>false</IsIgnored>
    </FileLog>
    <FileLog>
      <ProjectId>57cc933c-af8a-4d15-b1bd-eecd770e5324</ProjectId>
      <CorrelationId>Intent.ModuleBuilder.Templates.FactoryExtension#d9b9b16c-50cd-4c7e-a2e0-a92a3446befc</CorrelationId>
      <OverwriteBehaviour>always</OverwriteBehaviour>
      <ApplicationRelativeFilePath>FactoryExtensions/DependencyInjectionFactoryExtension.cs</ApplicationRelativeFilePath>
      <ProjectRelativeFilePath>DependencyInjectionFactoryExtension.cs</ProjectRelativeFilePath>
      <IsIgnored>false</IsIgnored>
    </FileLog>
    <FileLog>
      <ProjectId>57cc933c-af8a-4d15-b1bd-eecd770e5324</ProjectId>
      <CorrelationId>Intent.ModuleBuilder.Templates.FactoryExtension#f269765c-a166-4830-acfb-5fbfc038e4ef</CorrelationId>
      <OverwriteBehaviour>always</OverwriteBehaviour>
      <ApplicationRelativeFilePath>FactoryExtensions/DomainEventsFactoryExtension.cs</ApplicationRelativeFilePath>
      <ProjectRelativeFilePath>DomainEventsFactoryExtension.cs</ProjectRelativeFilePath>
      <IsIgnored>false</IsIgnored>
    </FileLog>
    <FileLog>
      <ProjectId>57cc933c-af8a-4d15-b1bd-eecd770e5324</ProjectId>
      <CorrelationId>Intent.ModuleBuilder.Templates.FactoryExtension#fbce7f40-2eba-4a2a-90f8-8edde9ba6b07</CorrelationId>
      <OverwriteBehaviour>always</OverwriteBehaviour>
      <ApplicationRelativeFilePath>FactoryExtensions/EntityFactoryExtension.cs</ApplicationRelativeFilePath>
      <ProjectRelativeFilePath>EntityFactoryExtension.cs</ProjectRelativeFilePath>
      <IsIgnored>false</IsIgnored>
    </FileLog>
    <FileLog>
      <ProjectId>c5f035f7-791e-44cb-945c-a8da230f0326</ProjectId>
      <CorrelationId>Intent.VisualStudio.Projects.CSharpProject#c5f035f7-791e-44cb-945c-a8da230f0326</CorrelationId>
      <OverwriteBehaviour>always</OverwriteBehaviour>
      <ApplicationRelativeFilePath>Intent.Modules.MongoDb.csproj</ApplicationRelativeFilePath>
      <ProjectRelativeFilePath>Intent.Modules.MongoDb.csproj</ProjectRelativeFilePath>
      <IsIgnored>false</IsIgnored>
    </FileLog>
    <FileLog>
      <ProjectId>c5f035f7-791e-44cb-945c-a8da230f0326</ProjectId>
      <CorrelationId>Intent.ModuleBuilder.IModSpecFile</CorrelationId>
      <OverwriteBehaviour>always</OverwriteBehaviour>
      <ApplicationRelativeFilePath>Intent.MongoDb.imodspec</ApplicationRelativeFilePath>
      <ProjectRelativeFilePath>Intent.MongoDb.imodspec</ProjectRelativeFilePath>
      <IsIgnored>false</IsIgnored>
    </FileLog>
    <FileLog>
      <ProjectId>16d30242-f998-4fd2-b406-89cdbc9d55d7</ProjectId>
      <CorrelationId>Intent.ModuleBuilder.Templates.Migrations.OnVersionMigration#ef7901e4-083e-4382-82a7-742db58f81f4</CorrelationId>
      <OverwriteBehaviour>always</OverwriteBehaviour>
      <ApplicationRelativeFilePath>Migrations/Migration_02_00_00_Alpha_02.cs</ApplicationRelativeFilePath>
      <ProjectRelativeFilePath>Migration_02_00_00_Alpha_02.cs</ProjectRelativeFilePath>
      <IsIgnored>false</IsIgnored>
    </FileLog>
    <FileLog>
      <ProjectId>b42cb104-9697-4b78-873e-ca5602b25497</ProjectId>
      <CorrelationId>Intent.ModuleBuilder.DesignerSettings#c1f5fb5e-a1fc-47f2-99f2-c377c4714d88</CorrelationId>
      <OverwriteBehaviour>always</OverwriteBehaviour>
      <ApplicationRelativeFilePath>modelers/MongoDb Types.designer.settings</ApplicationRelativeFilePath>
      <ProjectRelativeFilePath>MongoDb Types.designer.settings</ProjectRelativeFilePath>
      <IsIgnored>false</IsIgnored>
    </FileLog>
    <FileLog>
      <ProjectId>c5f035f7-791e-44cb-945c-a8da230f0326</ProjectId>
      <CorrelationId>Intent.ModuleBuilder.CSharp.Templates.NugetPackages</CorrelationId>
      <OverwriteBehaviour>always</OverwriteBehaviour>
      <ApplicationRelativeFilePath>NugetPackages.cs</ApplicationRelativeFilePath>
      <ProjectRelativeFilePath>NugetPackages.cs</ProjectRelativeFilePath>
      <IsIgnored>false</IsIgnored>
    </FileLog>
    <FileLog>
      <ProjectId>89c39259-a0c3-4b6a-9185-666ad04dd20e</ProjectId>
      <CorrelationId>Intent.ModuleBuilder.Templates.DocumentationTemplate#6007c574-ada4-4da2-ac87-a899c80d3d5f</CorrelationId>
      <OverwriteBehaviour>always</OverwriteBehaviour>
      <ApplicationRelativeFilePath>resources/documentation.json</ApplicationRelativeFilePath>
      <ProjectRelativeFilePath>documentation.json</ProjectRelativeFilePath>
      <IsIgnored>false</IsIgnored>
    </FileLog>
    <FileLog>
      <ProjectId>98610761-3a2a-49fd-b906-2b487d042698</ProjectId>
      <CorrelationId>Intent.ModuleBuilder.Templates.Settings.ModuleSettingsExtensions#3f385f6e-90c2-4071-bde2-7d8943252fd5</CorrelationId>
      <OverwriteBehaviour>always</OverwriteBehaviour>
      <ApplicationRelativeFilePath>Settings/ModuleSettingsExtensions.cs</ApplicationRelativeFilePath>
      <ProjectRelativeFilePath>ModuleSettingsExtensions.cs</ProjectRelativeFilePath>
      <IsIgnored>false</IsIgnored>
    </FileLog>
    <FileLog>
      <ProjectId>e0fcc11c-af8d-4e2d-a3ba-7786b8cdc634</ProjectId>
      <CorrelationId>Intent.ModuleBuilder.CSharp.Templates.CSharpTemplatePartial#63738506-b90b-42be-8834-0f8e3607add1</CorrelationId>
      <OverwriteBehaviour>always</OverwriteBehaviour>
      <ApplicationRelativeFilePath>Templates/MongoDbDocument/MongoDbDocumentTemplatePartial.cs</ApplicationRelativeFilePath>
      <ProjectRelativeFilePath>MongoDbDocument/MongoDbDocumentTemplatePartial.cs</ProjectRelativeFilePath>
      <IsIgnored>false</IsIgnored>
    </FileLog>
    <FileLog>
      <ProjectId>e0fcc11c-af8d-4e2d-a3ba-7786b8cdc634</ProjectId>
      <CorrelationId>Intent.ModuleBuilder.TemplateRegistration.FilePerModel#63738506-b90b-42be-8834-0f8e3607add1</CorrelationId>
      <OverwriteBehaviour>always</OverwriteBehaviour>
      <ApplicationRelativeFilePath>Templates/MongoDbDocument/MongoDbDocumentTemplateRegistration.cs</ApplicationRelativeFilePath>
      <ProjectRelativeFilePath>MongoDbDocument/MongoDbDocumentTemplateRegistration.cs</ProjectRelativeFilePath>
      <IsIgnored>false</IsIgnored>
    </FileLog>
    <FileLog>
      <ProjectId>e0fcc11c-af8d-4e2d-a3ba-7786b8cdc634</ProjectId>
      <CorrelationId>Intent.ModuleBuilder.CSharp.Templates.CSharpTemplatePartial#74b81499-9614-4a98-9a6b-3bd062a5504d</CorrelationId>
      <OverwriteBehaviour>always</OverwriteBehaviour>
      <ApplicationRelativeFilePath>Templates/MongoDbDocumentInterface/MongoDbDocumentInterfaceTemplatePartial.cs</ApplicationRelativeFilePath>
      <ProjectRelativeFilePath>MongoDbDocumentInterface/MongoDbDocumentInterfaceTemplatePartial.cs</ProjectRelativeFilePath>
      <IsIgnored>false</IsIgnored>
    </FileLog>
    <FileLog>
      <ProjectId>e0fcc11c-af8d-4e2d-a3ba-7786b8cdc634</ProjectId>
      <CorrelationId>Intent.ModuleBuilder.TemplateRegistration.FilePerModel#74b81499-9614-4a98-9a6b-3bd062a5504d</CorrelationId>
      <OverwriteBehaviour>always</OverwriteBehaviour>
      <ApplicationRelativeFilePath>Templates/MongoDbDocumentInterface/MongoDbDocumentInterfaceTemplateRegistration.cs</ApplicationRelativeFilePath>
      <ProjectRelativeFilePath>MongoDbDocumentInterface/MongoDbDocumentInterfaceTemplateRegistration.cs</ProjectRelativeFilePath>
      <IsIgnored>false</IsIgnored>
    </FileLog>
    <FileLog>
      <ProjectId>e0fcc11c-af8d-4e2d-a3ba-7786b8cdc634</ProjectId>
      <CorrelationId>Intent.ModuleBuilder.CSharp.Templates.CSharpTemplatePartial#7e8d2f8e-0206-4de7-a912-83685bf6e7dc</CorrelationId>
      <OverwriteBehaviour>always</OverwriteBehaviour>
      <ApplicationRelativeFilePath>Templates/MongoDbDocumentOfTInterface/MongoDbDocumentOfTInterfaceTemplatePartial.cs</ApplicationRelativeFilePath>
      <ProjectRelativeFilePath>MongoDbDocumentOfTInterface/MongoDbDocumentOfTInterfaceTemplatePartial.cs</ProjectRelativeFilePath>
      <IsIgnored>false</IsIgnored>
    </FileLog>
    <FileLog>
      <ProjectId>e0fcc11c-af8d-4e2d-a3ba-7786b8cdc634</ProjectId>
      <CorrelationId>Intent.ModuleBuilder.TemplateRegistration.SingleFileNoModel#7e8d2f8e-0206-4de7-a912-83685bf6e7dc</CorrelationId>
      <OverwriteBehaviour>always</OverwriteBehaviour>
      <ApplicationRelativeFilePath>Templates/MongoDbDocumentOfTInterface/MongoDbDocumentOfTInterfaceTemplateRegistration.cs</ApplicationRelativeFilePath>
      <ProjectRelativeFilePath>MongoDbDocumentOfTInterface/MongoDbDocumentOfTInterfaceTemplateRegistration.cs</ProjectRelativeFilePath>
      <IsIgnored>false</IsIgnored>
    </FileLog>
    <FileLog>
      <ProjectId>e0fcc11c-af8d-4e2d-a3ba-7786b8cdc634</ProjectId>
      <CorrelationId>Intent.ModuleBuilder.CSharp.Templates.CSharpTemplatePartial#6137a03f-b3af-4a41-8518-133793948164</CorrelationId>
      <OverwriteBehaviour>always</OverwriteBehaviour>
      <ApplicationRelativeFilePath>Templates/MongoDbMultiTenantConnectionFactory/MongoDbMultiTenantConnectionFactoryTemplatePartial.cs</ApplicationRelativeFilePath>
      <ProjectRelativeFilePath>MongoDbMultiTenantConnectionFactory/MongoDbMultiTenantConnectionFactoryTemplatePartial.cs</ProjectRelativeFilePath>
      <IsIgnored>false</IsIgnored>
    </FileLog>
    <FileLog>
      <ProjectId>e0fcc11c-af8d-4e2d-a3ba-7786b8cdc634</ProjectId>
      <CorrelationId>Intent.ModuleBuilder.TemplateRegistration.SingleFileNoModel#6137a03f-b3af-4a41-8518-133793948164</CorrelationId>
      <OverwriteBehaviour>always</OverwriteBehaviour>
      <ApplicationRelativeFilePath>Templates/MongoDbMultiTenantConnectionFactory/MongoDbMultiTenantConnectionFactoryTemplateRegistration.cs</ApplicationRelativeFilePath>
      <ProjectRelativeFilePath>MongoDbMultiTenantConnectionFactory/MongoDbMultiTenantConnectionFactoryTemplateRegistration.cs</ProjectRelativeFilePath>
      <IsIgnored>false</IsIgnored>
    </FileLog>
    <FileLog>
      <ProjectId>e0fcc11c-af8d-4e2d-a3ba-7786b8cdc634</ProjectId>
      <CorrelationId>Intent.ModuleBuilder.CSharp.Templates.CSharpTemplatePartial#ae603461-05bd-47b3-8927-d2f1684f29be</CorrelationId>
      <OverwriteBehaviour>always</OverwriteBehaviour>
      <ApplicationRelativeFilePath>Templates/MongoDbPagedList/MongoDbPagedListTemplatePartial.cs</ApplicationRelativeFilePath>
      <ProjectRelativeFilePath>MongoDbPagedList/MongoDbPagedListTemplatePartial.cs</ProjectRelativeFilePath>
      <IsIgnored>false</IsIgnored>
    </FileLog>
    <FileLog>
      <ProjectId>e0fcc11c-af8d-4e2d-a3ba-7786b8cdc634</ProjectId>
      <CorrelationId>Intent.ModuleBuilder.TemplateRegistration.SingleFileNoModel#ae603461-05bd-47b3-8927-d2f1684f29be</CorrelationId>
      <OverwriteBehaviour>always</OverwriteBehaviour>
      <ApplicationRelativeFilePath>Templates/MongoDbPagedList/MongoDbPagedListTemplateRegistration.cs</ApplicationRelativeFilePath>
      <ProjectRelativeFilePath>MongoDbPagedList/MongoDbPagedListTemplateRegistration.cs</ProjectRelativeFilePath>
      <IsIgnored>false</IsIgnored>
    </FileLog>
    <FileLog>
      <ProjectId>e0fcc11c-af8d-4e2d-a3ba-7786b8cdc634</ProjectId>
      <CorrelationId>Intent.ModuleBuilder.CSharp.Templates.CSharpTemplatePartial#036ed279-7d55-41c9-b198-f7d9ed4a2ff1</CorrelationId>
      <OverwriteBehaviour>always</OverwriteBehaviour>
      <ApplicationRelativeFilePath>Templates/MongoDbRepository/MongoDbRepositoryTemplatePartial.cs</ApplicationRelativeFilePath>
      <ProjectRelativeFilePath>MongoDbRepository/MongoDbRepositoryTemplatePartial.cs</ProjectRelativeFilePath>
      <IsIgnored>false</IsIgnored>
    </FileLog>
    <FileLog>
      <ProjectId>e0fcc11c-af8d-4e2d-a3ba-7786b8cdc634</ProjectId>
      <CorrelationId>Intent.ModuleBuilder.TemplateRegistration.FilePerModel#036ed279-7d55-41c9-b198-f7d9ed4a2ff1</CorrelationId>
      <OverwriteBehaviour>always</OverwriteBehaviour>
      <ApplicationRelativeFilePath>Templates/MongoDbRepository/MongoDbRepositoryTemplateRegistration.cs</ApplicationRelativeFilePath>
      <ProjectRelativeFilePath>MongoDbRepository/MongoDbRepositoryTemplateRegistration.cs</ProjectRelativeFilePath>
      <IsIgnored>false</IsIgnored>
    </FileLog>
    <FileLog>
      <ProjectId>e0fcc11c-af8d-4e2d-a3ba-7786b8cdc634</ProjectId>
      <CorrelationId>Intent.ModuleBuilder.CSharp.Templates.CSharpTemplatePartial#2408374d-0ec0-4486-99ed-a4f918204d0b</CorrelationId>
      <OverwriteBehaviour>always</OverwriteBehaviour>
      <ApplicationRelativeFilePath>Templates/MongoDbRepositoryBase/MongoDbRepositoryBaseTemplatePartial.cs</ApplicationRelativeFilePath>
      <ProjectRelativeFilePath>MongoDbRepositoryBase/MongoDbRepositoryBaseTemplatePartial.cs</ProjectRelativeFilePath>
      <IsIgnored>false</IsIgnored>
    </FileLog>
    <FileLog>
      <ProjectId>e0fcc11c-af8d-4e2d-a3ba-7786b8cdc634</ProjectId>
      <CorrelationId>Intent.ModuleBuilder.TemplateRegistration.SingleFileListModel#2408374d-0ec0-4486-99ed-a4f918204d0b</CorrelationId>
      <OverwriteBehaviour>always</OverwriteBehaviour>
      <ApplicationRelativeFilePath>Templates/MongoDbRepositoryBase/MongoDbRepositoryBaseTemplateRegistration.cs</ApplicationRelativeFilePath>
      <ProjectRelativeFilePath>MongoDbRepositoryBase/MongoDbRepositoryBaseTemplateRegistration.cs</ProjectRelativeFilePath>
      <IsIgnored>false</IsIgnored>
    </FileLog>
    <FileLog>
      <ProjectId>e0fcc11c-af8d-4e2d-a3ba-7786b8cdc634</ProjectId>
      <CorrelationId>Intent.ModuleBuilder.CSharp.Templates.CSharpTemplatePartial#a02b3b6c-61c3-4459-98c3-be18796945e6</CorrelationId>
      <OverwriteBehaviour>always</OverwriteBehaviour>
      <ApplicationRelativeFilePath>Templates/MongoDbRepositoryInterface/MongoDbRepositoryInterfaceTemplatePartial.cs</ApplicationRelativeFilePath>
      <ProjectRelativeFilePath>MongoDbRepositoryInterface/MongoDbRepositoryInterfaceTemplatePartial.cs</ProjectRelativeFilePath>
      <IsIgnored>false</IsIgnored>
    </FileLog>
    <FileLog>
      <ProjectId>e0fcc11c-af8d-4e2d-a3ba-7786b8cdc634</ProjectId>
      <CorrelationId>Intent.ModuleBuilder.TemplateRegistration.SingleFileListModel#a02b3b6c-61c3-4459-98c3-be18796945e6</CorrelationId>
      <OverwriteBehaviour>always</OverwriteBehaviour>
      <ApplicationRelativeFilePath>Templates/MongoDbRepositoryInterface/MongoDbRepositoryInterfaceTemplateRegistration.cs</ApplicationRelativeFilePath>
      <ProjectRelativeFilePath>MongoDbRepositoryInterface/MongoDbRepositoryInterfaceTemplateRegistration.cs</ProjectRelativeFilePath>
      <IsIgnored>false</IsIgnored>
    </FileLog>
    <FileLog>
      <ProjectId>e0fcc11c-af8d-4e2d-a3ba-7786b8cdc634</ProjectId>
      <CorrelationId>Intent.ModuleBuilder.CSharp.Templates.CSharpTemplatePartial#d8e11a4c-44a7-4050-9d7e-5d6c9bd7c271</CorrelationId>
      <OverwriteBehaviour>always</OverwriteBehaviour>
      <ApplicationRelativeFilePath>Templates/MongoDbUnitOfWork/MongoDbUnitOfWorkTemplatePartial.cs</ApplicationRelativeFilePath>
      <ProjectRelativeFilePath>MongoDbUnitOfWork/MongoDbUnitOfWorkTemplatePartial.cs</ProjectRelativeFilePath>
      <IsIgnored>false</IsIgnored>
    </FileLog>
    <FileLog>
      <ProjectId>e0fcc11c-af8d-4e2d-a3ba-7786b8cdc634</ProjectId>
      <CorrelationId>Intent.ModuleBuilder.TemplateRegistration.SingleFileNoModel#d8e11a4c-44a7-4050-9d7e-5d6c9bd7c271</CorrelationId>
      <OverwriteBehaviour>always</OverwriteBehaviour>
      <ApplicationRelativeFilePath>Templates/MongoDbUnitOfWork/MongoDbUnitOfWorkTemplateRegistration.cs</ApplicationRelativeFilePath>
      <ProjectRelativeFilePath>MongoDbUnitOfWork/MongoDbUnitOfWorkTemplateRegistration.cs</ProjectRelativeFilePath>
      <IsIgnored>false</IsIgnored>
    </FileLog>
    <FileLog>
      <ProjectId>e0fcc11c-af8d-4e2d-a3ba-7786b8cdc634</ProjectId>
      <CorrelationId>Intent.ModuleBuilder.CSharp.Templates.CSharpTemplatePartial#97a9caeb-8167-47f9-a31d-0e8f8c99d5c8</CorrelationId>
      <OverwriteBehaviour>always</OverwriteBehaviour>
      <ApplicationRelativeFilePath>Templates/MongoDbUnitOfWorkInterface/MongoDbUnitOfWorkInterfaceTemplatePartial.cs</ApplicationRelativeFilePath>
      <ProjectRelativeFilePath>MongoDbUnitOfWorkInterface/MongoDbUnitOfWorkInterfaceTemplatePartial.cs</ProjectRelativeFilePath>
      <IsIgnored>false</IsIgnored>
    </FileLog>
    <FileLog>
      <ProjectId>e0fcc11c-af8d-4e2d-a3ba-7786b8cdc634</ProjectId>
      <CorrelationId>Intent.ModuleBuilder.TemplateRegistration.SingleFileNoModel#97a9caeb-8167-47f9-a31d-0e8f8c99d5c8</CorrelationId>
      <OverwriteBehaviour>always</OverwriteBehaviour>
      <ApplicationRelativeFilePath>Templates/MongoDbUnitOfWorkInterface/MongoDbUnitOfWorkInterfaceTemplateRegistration.cs</ApplicationRelativeFilePath>
      <ProjectRelativeFilePath>MongoDbUnitOfWorkInterface/MongoDbUnitOfWorkInterfaceTemplateRegistration.cs</ProjectRelativeFilePath>
      <IsIgnored>false</IsIgnored>
    </FileLog>
    <FileLog>
      <ProjectId>e0fcc11c-af8d-4e2d-a3ba-7786b8cdc634</ProjectId>
      <CorrelationId>Intent.ModuleBuilder.CSharp.Templates.CSharpTemplatePartial#4b045fb2-2880-4d1c-9633-04e011579c64</CorrelationId>
      <OverwriteBehaviour>always</OverwriteBehaviour>
      <ApplicationRelativeFilePath>Templates/MongoDbValueObjectDocument/MongoDbValueObjectDocumentTemplatePartial.cs</ApplicationRelativeFilePath>
      <ProjectRelativeFilePath>MongoDbValueObjectDocument/MongoDbValueObjectDocumentTemplatePartial.cs</ProjectRelativeFilePath>
      <IsIgnored>false</IsIgnored>
    </FileLog>
    <FileLog>
      <ProjectId>e0fcc11c-af8d-4e2d-a3ba-7786b8cdc634</ProjectId>
      <CorrelationId>Intent.ModuleBuilder.TemplateRegistration.FilePerModel#4b045fb2-2880-4d1c-9633-04e011579c64</CorrelationId>
      <OverwriteBehaviour>always</OverwriteBehaviour>
      <ApplicationRelativeFilePath>Templates/MongoDbValueObjectDocument/MongoDbValueObjectDocumentTemplateRegistration.cs</ApplicationRelativeFilePath>
      <ProjectRelativeFilePath>MongoDbValueObjectDocument/MongoDbValueObjectDocumentTemplateRegistration.cs</ProjectRelativeFilePath>
      <IsIgnored>false</IsIgnored>
    </FileLog>
    <FileLog>
      <ProjectId>e0fcc11c-af8d-4e2d-a3ba-7786b8cdc634</ProjectId>
      <CorrelationId>Intent.ModuleBuilder.CSharp.Templates.CSharpTemplatePartial#ab474871-f93e-4199-a488-14bafe8ffc9a</CorrelationId>
      <OverwriteBehaviour>always</OverwriteBehaviour>
      <ApplicationRelativeFilePath>Templates/MongoDbValueObjectDocumentInterface/MongoDbValueObjectDocumentInterfaceTemplatePartial.cs</ApplicationRelativeFilePath>
      <ProjectRelativeFilePath>MongoDbValueObjectDocumentInterface/MongoDbValueObjectDocumentInterfaceTemplatePartial.cs</ProjectRelativeFilePath>
      <IsIgnored>false</IsIgnored>
    </FileLog>
    <FileLog>
      <ProjectId>e0fcc11c-af8d-4e2d-a3ba-7786b8cdc634</ProjectId>
      <CorrelationId>Intent.ModuleBuilder.TemplateRegistration.FilePerModel#ab474871-f93e-4199-a488-14bafe8ffc9a</CorrelationId>
      <OverwriteBehaviour>always</OverwriteBehaviour>
      <ApplicationRelativeFilePath>Templates/MongoDbValueObjectDocumentInterface/MongoDbValueObjectDocumentInterfaceTemplateRegistration.cs</ApplicationRelativeFilePath>
      <ProjectRelativeFilePath>MongoDbValueObjectDocumentInterface/MongoDbValueObjectDocumentInterfaceTemplateRegistration.cs</ProjectRelativeFilePath>
      <IsIgnored>false</IsIgnored>
    </FileLog>
    <FileLog>
      <ProjectId>e0fcc11c-af8d-4e2d-a3ba-7786b8cdc634</ProjectId>
      <CorrelationId>Intent.ModuleBuilder.CSharp.Templates.CSharpTemplatePartial#f002f56f-0108-49c6-9555-5a27e21724ec</CorrelationId>
      <OverwriteBehaviour>always</OverwriteBehaviour>
      <ApplicationRelativeFilePath>Templates/ReflectionHelper/ReflectionHelperTemplatePartial.cs</ApplicationRelativeFilePath>
      <ProjectRelativeFilePath>ReflectionHelper/ReflectionHelperTemplatePartial.cs</ProjectRelativeFilePath>
      <IsIgnored>false</IsIgnored>
    </FileLog>
    <FileLog>
      <ProjectId>e0fcc11c-af8d-4e2d-a3ba-7786b8cdc634</ProjectId>
      <CorrelationId>Intent.ModuleBuilder.TemplateRegistration.SingleFileNoModel#f002f56f-0108-49c6-9555-5a27e21724ec</CorrelationId>
      <OverwriteBehaviour>always</OverwriteBehaviour>
      <ApplicationRelativeFilePath>Templates/ReflectionHelper/ReflectionHelperTemplateRegistration.cs</ApplicationRelativeFilePath>
      <ProjectRelativeFilePath>ReflectionHelper/ReflectionHelperTemplateRegistration.cs</ProjectRelativeFilePath>
      <IsIgnored>false</IsIgnored>
    </FileLog>
    <FileLog>
      <ProjectId>e0fcc11c-af8d-4e2d-a3ba-7786b8cdc634</ProjectId>
      <CorrelationId>Intent.ModuleBuilder.Templates.TemplateExtensions</CorrelationId>
      <OverwriteBehaviour>always</OverwriteBehaviour>
      <ApplicationRelativeFilePath>Templates/TemplateExtensions.cs</ApplicationRelativeFilePath>
      <ProjectRelativeFilePath>TemplateExtensions.cs</ProjectRelativeFilePath>
      <IsIgnored>false</IsIgnored>
    </FileLog>
  </FileLogs>
</outputLog>