<?xml version="1.0" encoding="utf-8"?>
<outputLog>
  <ApplicationId>e52f40cb-16cd-44c7-bd67-987f2b672c32</ApplicationId>
  <FileLogs>
    <FileLog>
      <CorrelationId>Intent.VisualStudio.Projects.VisualStudio2015Solution#e3196739-c021-4009-8624-b7682e1055c6</CorrelationId>
      <OverwriteBehaviour>always</OverwriteBehaviour>
      <ApplicationRelativeFilePath>../Intent.Modules.NET.sln</ApplicationRelativeFilePath>
      <IsIgnored>false</IsIgnored>
    </FileLog>
    <FileLog>
      <ProjectId>2aedc42e-a59b-406b-8e58-f6e538a921e8</ProjectId>
      <CorrelationId>Intent.ModuleBuilder.Templates.Api.ApiElementModelExtensions#df96d537-7bb5-4c49-811f-973fa6e95beb</CorrelationId>
      <OverwriteBehaviour>always</OverwriteBehaviour>
      <ApplicationRelativeFilePath>Api/EventingPackageModelStereotypeExtensions.cs</ApplicationRelativeFilePath>
      <ProjectRelativeFilePath>EventingPackageModelStereotypeExtensions.cs</ProjectRelativeFilePath>
      <IsIgnored>false</IsIgnored>
    </FileLog>
    <FileLog>
      <ProjectId>2aedc42e-a59b-406b-8e58-f6e538a921e8</ProjectId>
      <CorrelationId>Intent.ModuleBuilder.Templates.Api.ApiPackageExtensionModel#74e43186-2cff-44cb-8913-a5907500f542</CorrelationId>
      <OverwriteBehaviour>always</OverwriteBehaviour>
      <ApplicationRelativeFilePath>Api/PackageExtensionModel.cs</ApplicationRelativeFilePath>
      <ProjectRelativeFilePath>PackageExtensionModel.cs</ProjectRelativeFilePath>
      <IsIgnored>false</IsIgnored>
    </FileLog>
    <FileLog>
      <ProjectId>74bb14c6-6f81-4e25-b7a2-8eb81166eeb1</ProjectId>
      <CorrelationId>Intent.ModuleBuilder.IModSpecFile</CorrelationId>
      <OverwriteBehaviour>always</OverwriteBehaviour>
      <ApplicationRelativeFilePath>Intent.Eventing.GoogleCloud.PubSub.imodspec</ApplicationRelativeFilePath>
      <ProjectRelativeFilePath>Intent.Eventing.GoogleCloud.PubSub.imodspec</ProjectRelativeFilePath>
      <IsIgnored>false</IsIgnored>
    </FileLog>
    <FileLog>
      <ProjectId>74bb14c6-6f81-4e25-b7a2-8eb81166eeb1</ProjectId>
      <CorrelationId>Intent.VisualStudio.Projects.CoreLibrary.CSProject#74bb14c6-6f81-4e25-b7a2-8eb81166eeb1</CorrelationId>
      <OverwriteBehaviour>always</OverwriteBehaviour>
      <ApplicationRelativeFilePath>Intent.Modules.Eventing.GoogleCloud.PubSub.csproj</ApplicationRelativeFilePath>
      <ProjectRelativeFilePath>Intent.Modules.Eventing.GoogleCloud.PubSub.csproj</ProjectRelativeFilePath>
      <IsIgnored>false</IsIgnored>
    </FileLog>
    <FileLog>
      <ProjectId>2eab42df-49e5-48f1-b70f-2ae95c74c369</ProjectId>
      <CorrelationId>Intent.ModuleBuilder.DesignerSettings#50bcc92c-4244-445f-a1ed-a2a9845fb43e</CorrelationId>
      <OverwriteBehaviour>always</OverwriteBehaviour>
      <ApplicationRelativeFilePath>modelers/Google Cloud PubSub Eventing Settings.designer.settings</ApplicationRelativeFilePath>
      <ProjectRelativeFilePath>Google Cloud PubSub Eventing Settings.designer.settings</ProjectRelativeFilePath>
      <IsIgnored>false</IsIgnored>
    </FileLog>
    <FileLog>
      <ProjectId>74bb14c6-6f81-4e25-b7a2-8eb81166eeb1</ProjectId>
      <CorrelationId>Intent.ModuleBuilder.ReadMe</CorrelationId>
      <OverwriteBehaviour>always</OverwriteBehaviour>
      <ApplicationRelativeFilePath>README.txt</ApplicationRelativeFilePath>
      <ProjectRelativeFilePath>README.txt</ProjectRelativeFilePath>
      <IsIgnored>false</IsIgnored>
    </FileLog>
  </FileLogs>
</outputLog>