<?xml version="1.0" encoding="utf-8"?>
<outputLog xmlns:xsi="http://www.w3.org/2001/XMLSchema-instance" xmlns:xsd="http://www.w3.org/2001/XMLSchema">
  <ApplicationId>7decc3ee-90dc-439b-b1f1-a6652711ee7b</ApplicationId>
  <FileLogs>
    <FileLog>
      <ProjectId>61f239a7-101b-4b4d-bacc-19a6cc318a71</ProjectId>
      <ApplicationRelativeFilePath>Intent.ApplicationTemplate.AspNetCore.WebApi.FullStack/metadata.iatspec</ApplicationRelativeFilePath>
      <ProjectRelativeFilePath>Intent.ApplicationTemplate.AspNetCore.WebApi.FullStack/metadata.iatspec</ProjectRelativeFilePath>
    </FileLog>
    <FileLog>
      <ProjectId>61f239a7-101b-4b4d-bacc-19a6cc318a71</ProjectId>
      <ApplicationRelativeFilePath>Intent.ApplicationTemplate.AspNetCore3.1.CleanArchitecture/metadata.iatspec</ApplicationRelativeFilePath>
      <ProjectRelativeFilePath>Intent.ApplicationTemplate.AspNetCore3.1.CleanArchitecture/metadata.iatspec</ProjectRelativeFilePath>
    </FileLog>
    <FileLog>
      <ProjectId>61f239a7-101b-4b4d-bacc-19a6cc318a71</ProjectId>
      <ApplicationRelativeFilePath>Intent.ApplicationTemplate.AspNetCore3.1.WebApi.FullStack/metadata.iatspec</ApplicationRelativeFilePath>
      <ProjectRelativeFilePath>Intent.ApplicationTemplate.AspNetCore3.1.WebApi.FullStack/metadata.iatspec</ProjectRelativeFilePath>
    </FileLog>
    <FileLog>
      <ProjectId>61f239a7-101b-4b4d-bacc-19a6cc318a71</ProjectId>
      <ApplicationRelativeFilePath>Intent.ApplicationTemplate.AspNetCore5.0.WebApi.FullStack/metadata.iatspec</ApplicationRelativeFilePath>
      <ProjectRelativeFilePath>Intent.ApplicationTemplate.AspNetCore5.0.WebApi.FullStack/metadata.iatspec</ProjectRelativeFilePath>
    </FileLog>
    <FileLog>
      <ProjectId>61f239a7-101b-4b4d-bacc-19a6cc318a71</ProjectId>
      <ApplicationRelativeFilePath>Intent.ApplicationTemplate.EmptyVisualStudioSolution/metadata.iatspec</ApplicationRelativeFilePath>
      <ProjectRelativeFilePath>Intent.ApplicationTemplate.EmptyVisualStudioSolution/metadata.iatspec</ProjectRelativeFilePath>
    </FileLog>
    <FileLog>
      <ProjectId>61f239a7-101b-4b4d-bacc-19a6cc318a71</ProjectId>
      <ApplicationRelativeFilePath>Intent.ApplicationTemplate.FullStackWebApi/metadata.iatspec</ApplicationRelativeFilePath>
      <ProjectRelativeFilePath>Intent.ApplicationTemplate.FullStackWebApi/metadata.iatspec</ProjectRelativeFilePath>
    </FileLog>
    <FileLog>
      <ProjectId>61f239a7-101b-4b4d-bacc-19a6cc318a71</ProjectId>
      <ApplicationRelativeFilePath>Intent.ApplicationTemplates.NET.csproj</ApplicationRelativeFilePath>
      <ProjectRelativeFilePath>Intent.ApplicationTemplates.NET.csproj</ProjectRelativeFilePath>
    </FileLog>
    <FileLog>
      <ApplicationRelativeFilePath>../Intent.Modules.NET.sln</ApplicationRelativeFilePath>
    </FileLog>
  </FileLogs>
</outputLog>