<?xml version="1.0" encoding="utf-8"?>
<outputLog>
  <ApplicationId>9a6cab0d-4d62-4430-9b70-e3a7a9dbedfc</ApplicationId>
  <FileLogs>
    <FileLog>
      <CorrelationId>Intent.VisualStudio.Projects.VisualStudioSolution#1431fe0f-3e64-439f-8603-3181cc93c3d4</CorrelationId>
      <OverwriteBehaviour>always</OverwriteBehaviour>
      <ApplicationRelativeFilePath>../Intent.Modules.NET.sln</ApplicationRelativeFilePath>
      <IsIgnored>false</IsIgnored>
    </FileLog>
    <FileLog>
      <ProjectId>1fe749c6-ff2a-47b5-a9da-c568819c8589</ProjectId>
      <CorrelationId>Intent.ModuleBuilder.Templates.Api.ApiElementModelExtensions#04e12b51-ed12-42a3-9667-a6aa81bb6d10</CorrelationId>
      <OverwriteBehaviour>always</OverwriteBehaviour>
      <ApplicationRelativeFilePath>Api/ClassModelStereotypeExtensions.cs</ApplicationRelativeFilePath>
      <ProjectRelativeFilePath>ClassModelStereotypeExtensions.cs</ProjectRelativeFilePath>
      <IsIgnored>false</IsIgnored>
    </FileLog>
    <FileLog>
      <ProjectId>705c60ba-ff20-44f1-b7f5-7bfb52ab37ae</ProjectId>
      <CorrelationId>Intent.ModuleBuilder.Templates.FactoryExtension#c1a9d5c7-94b7-4b21-8f61-87c748315715</CorrelationId>
      <OverwriteBehaviour>always</OverwriteBehaviour>
      <ApplicationRelativeFilePath>FactoryExtensions/StartupExtension.cs</ApplicationRelativeFilePath>
      <ProjectRelativeFilePath>StartupExtension.cs</ProjectRelativeFilePath>
      <IsIgnored>false</IsIgnored>
    </FileLog>
    <FileLog>
      <ProjectId>705c60ba-ff20-44f1-b7f5-7bfb52ab37ae</ProjectId>
      <CorrelationId>Intent.ModuleBuilder.Templates.FactoryExtension#97ff1bd7-faee-4fd9-83cf-384bebf19a60</CorrelationId>
      <OverwriteBehaviour>always</OverwriteBehaviour>
      <ApplicationRelativeFilePath>FactoryExtensions/SwaggerConfigExtension.cs</ApplicationRelativeFilePath>
      <ProjectRelativeFilePath>SwaggerConfigExtension.cs</ProjectRelativeFilePath>
      <IsIgnored>false</IsIgnored>
    </FileLog>
    <FileLog>
      <ProjectId>5bb15e42-2a56-402b-9510-426cae9fdd85</ProjectId>
      <CorrelationId>Intent.ModuleBuilder.IModSpecFile</CorrelationId>
      <OverwriteBehaviour>always</OverwriteBehaviour>
      <ApplicationRelativeFilePath>Intent.AspNetCore.OData.EntityFramework.imodspec</ApplicationRelativeFilePath>
      <ProjectRelativeFilePath>Intent.AspNetCore.OData.EntityFramework.imodspec</ProjectRelativeFilePath>
      <IsIgnored>false</IsIgnored>
    </FileLog>
    <FileLog>
      <ProjectId>5bb15e42-2a56-402b-9510-426cae9fdd85</ProjectId>
      <CorrelationId>Intent.VisualStudio.Projects.CSharpProject#5bb15e42-2a56-402b-9510-426cae9fdd85</CorrelationId>
      <OverwriteBehaviour>always</OverwriteBehaviour>
      <ApplicationRelativeFilePath>Intent.Modules.AspNetCore.OData.EntityFramework.csproj</ApplicationRelativeFilePath>
      <ProjectRelativeFilePath>Intent.Modules.AspNetCore.OData.EntityFramework.csproj</ProjectRelativeFilePath>
      <IsIgnored>false</IsIgnored>
    </FileLog>
    <FileLog>
      <ProjectId>50f80aaa-6741-4e06-94b2-942c6e93e1bd</ProjectId>
      <CorrelationId>Intent.ModuleBuilder.DesignerSettings#20b4965e-80e6-437c-918d-aaceb7b39245</CorrelationId>
      <OverwriteBehaviour>always</OverwriteBehaviour>
      <ApplicationRelativeFilePath>modelers/Domain Designer Settings.designer.settings</ApplicationRelativeFilePath>
      <ProjectRelativeFilePath>Domain Designer Settings.designer.settings</ProjectRelativeFilePath>
      <IsIgnored>false</IsIgnored>
    </FileLog>
    <FileLog>
      <ProjectId>5bb15e42-2a56-402b-9510-426cae9fdd85</ProjectId>
      <CorrelationId>Intent.ModuleBuilder.CSharp.Templates.NugetPackages</CorrelationId>
      <OverwriteBehaviour>always</OverwriteBehaviour>
      <ApplicationRelativeFilePath>NugetPackages.cs</ApplicationRelativeFilePath>
      <ProjectRelativeFilePath>NugetPackages.cs</ProjectRelativeFilePath>
      <IsIgnored>false</IsIgnored>
    </FileLog>
    <FileLog>
      <ProjectId>5bb15e42-2a56-402b-9510-426cae9fdd85</ProjectId>
      <CorrelationId>Intent.ModuleBuilder.Templates.ReleaseNotes</CorrelationId>
      <OverwriteBehaviour>once-off</OverwriteBehaviour>
      <ApplicationRelativeFilePath>release-notes.md</ApplicationRelativeFilePath>
      <ProjectRelativeFilePath>release-notes.md</ProjectRelativeFilePath>
      <IsIgnored>false</IsIgnored>
    </FileLog>
    <FileLog>
      <ProjectId>01adaf1b-6a15-4aa9-857b-56cc1d604a22</ProjectId>
      <CorrelationId>Intent.ModuleBuilder.Templates.DocumentationTemplate#a13517dd-1966-4d69-9437-56627595841e</CorrelationId>
      <OverwriteBehaviour>always</OverwriteBehaviour>
      <ApplicationRelativeFilePath>resources/documentation.json</ApplicationRelativeFilePath>
      <ProjectRelativeFilePath>documentation.json</ProjectRelativeFilePath>
      <IsIgnored>false</IsIgnored>
    </FileLog>
    <FileLog>
      <ProjectId>94b04ba1-51f3-4912-b3c7-e2df71c670ea</ProjectId>
      <CorrelationId>Intent.ModuleBuilder.CSharp.Templates.CSharpTemplatePartial#b8b9d695-08b8-4f1c-859c-2aebe6e7d361</CorrelationId>
      <OverwriteBehaviour>always</OverwriteBehaviour>
      <ApplicationRelativeFilePath>Templates/ExcludeODataDocumentFilter/ExcludeODataDocumentFilterTemplatePartial.cs</ApplicationRelativeFilePath>
      <ProjectRelativeFilePath>ExcludeODataDocumentFilter/ExcludeODataDocumentFilterTemplatePartial.cs</ProjectRelativeFilePath>
      <IsIgnored>false</IsIgnored>
    </FileLog>
    <FileLog>
      <ProjectId>94b04ba1-51f3-4912-b3c7-e2df71c670ea</ProjectId>
      <CorrelationId>Intent.ModuleBuilder.TemplateRegistration.SingleFileNoModel#b8b9d695-08b8-4f1c-859c-2aebe6e7d361</CorrelationId>
      <OverwriteBehaviour>always</OverwriteBehaviour>
      <ApplicationRelativeFilePath>Templates/ExcludeODataDocumentFilter/ExcludeODataDocumentFilterTemplateRegistration.cs</ApplicationRelativeFilePath>
      <ProjectRelativeFilePath>ExcludeODataDocumentFilter/ExcludeODataDocumentFilterTemplateRegistration.cs</ProjectRelativeFilePath>
      <IsIgnored>false</IsIgnored>
    </FileLog>
    <FileLog>
      <ProjectId>94b04ba1-51f3-4912-b3c7-e2df71c670ea</ProjectId>
      <CorrelationId>Intent.ModuleBuilder.CSharp.Templates.CSharpTemplatePartial#72c5b5d8-3c53-4a2b-b6a7-ec0eb4feec11</CorrelationId>
      <OverwriteBehaviour>always</OverwriteBehaviour>
      <ApplicationRelativeFilePath>Templates/ODataAggregateController/ODataAggregateControllerTemplatePartial.cs</ApplicationRelativeFilePath>
      <ProjectRelativeFilePath>ODataAggregateController/ODataAggregateControllerTemplatePartial.cs</ProjectRelativeFilePath>
      <IsIgnored>false</IsIgnored>
    </FileLog>
    <FileLog>
      <ProjectId>94b04ba1-51f3-4912-b3c7-e2df71c670ea</ProjectId>
      <CorrelationId>Intent.ModuleBuilder.TemplateRegistration.FilePerModel#72c5b5d8-3c53-4a2b-b6a7-ec0eb4feec11</CorrelationId>
      <OverwriteBehaviour>always</OverwriteBehaviour>
      <ApplicationRelativeFilePath>Templates/ODataAggregateController/ODataAggregateControllerTemplateRegistration.cs</ApplicationRelativeFilePath>
      <ProjectRelativeFilePath>ODataAggregateController/ODataAggregateControllerTemplateRegistration.cs</ProjectRelativeFilePath>
      <IsIgnored>false</IsIgnored>
    </FileLog>
    <FileLog>
      <ProjectId>94b04ba1-51f3-4912-b3c7-e2df71c670ea</ProjectId>
      <CorrelationId>Intent.ModuleBuilder.Templates.TemplateExtensions</CorrelationId>
      <OverwriteBehaviour>always</OverwriteBehaviour>
      <ApplicationRelativeFilePath>Templates/TemplateExtensions.cs</ApplicationRelativeFilePath>
      <ProjectRelativeFilePath>TemplateExtensions.cs</ProjectRelativeFilePath>
      <IsIgnored>false</IsIgnored>
    </FileLog>
  </FileLogs>
</outputLog>