<?xml version="1.0" encoding="utf-8"?>
<outputLog>
  <ApplicationId>b4e9c0f4-3f0a-4f58-aabd-dc50a903bc84</ApplicationId>
  <FileLogs>
    <FileLog>
      <CorrelationId>Intent.VisualStudio.Projects.VisualStudio2015Solution#de2667e0-e172-42c0-a990-9408f4735f93</CorrelationId>
      <OverwriteBehaviour>always</OverwriteBehaviour>
      <ApplicationRelativeFilePath>../Intent.Modules.NET.sln</ApplicationRelativeFilePath>
      <IsIgnored>false</IsIgnored>
    </FileLog>
    <FileLog>
      <ProjectId>7a6e4be5-460d-4e77-896f-0e67913d7f38</ProjectId>
      <CorrelationId>Intent.ModuleBuilder.Templates.FactoryExtension#a1f4f7b9-47c9-4262-9c5f-a90d571f2ff6</CorrelationId>
      <OverwriteBehaviour>always</OverwriteBehaviour>
      <ApplicationRelativeFilePath>FactoryExtensions/DaprFactoryExtension.cs</ApplicationRelativeFilePath>
      <ProjectRelativeFilePath>DaprFactoryExtension.cs</ProjectRelativeFilePath>
      <IsIgnored>false</IsIgnored>
    </FileLog>
    <FileLog>
      <ProjectId>84b0552e-7c31-4f40-9023-c2afb16304e2</ProjectId>
      <CorrelationId>Intent.ModuleBuilder.IModSpecFile</CorrelationId>
      <OverwriteBehaviour>always</OverwriteBehaviour>
      <ApplicationRelativeFilePath>Intent.Dapr.AspNetCore.ServiceInvocation.imodspec</ApplicationRelativeFilePath>
      <ProjectRelativeFilePath>Intent.Dapr.AspNetCore.ServiceInvocation.imodspec</ProjectRelativeFilePath>
      <IsIgnored>false</IsIgnored>
    </FileLog>
    <FileLog>
      <ProjectId>84b0552e-7c31-4f40-9023-c2afb16304e2</ProjectId>
      <CorrelationId>Intent.VisualStudio.Projects.CoreLibrary.CSProject#84b0552e-7c31-4f40-9023-c2afb16304e2</CorrelationId>
      <OverwriteBehaviour>always</OverwriteBehaviour>
      <ApplicationRelativeFilePath>Intent.Modules.Dapr.AspNetCore.ServiceInvocation.csproj</ApplicationRelativeFilePath>
      <ProjectRelativeFilePath>Intent.Modules.Dapr.AspNetCore.ServiceInvocation.csproj</ProjectRelativeFilePath>
      <IsIgnored>false</IsIgnored>
    </FileLog>
    <FileLog>
      <ProjectId>84b0552e-7c31-4f40-9023-c2afb16304e2</ProjectId>
      <CorrelationId>Intent.ModuleBuilder.ReadMe</CorrelationId>
      <OverwriteBehaviour>always</OverwriteBehaviour>
      <ApplicationRelativeFilePath>README.txt</ApplicationRelativeFilePath>
      <ProjectRelativeFilePath>README.txt</ProjectRelativeFilePath>
      <IsIgnored>false</IsIgnored>
    </FileLog>
    <FileLog>
      <ProjectId>afc8c48b-a037-405f-9c61-d8c48d82e92f</ProjectId>
      <CorrelationId>Intent.ModuleBuilder.CSharp.Templates.CSharpTemplatePartial#d92b4e71-2a2f-4c68-9c62-dfec4210c457</CorrelationId>
      <OverwriteBehaviour>always</OverwriteBehaviour>
      <ApplicationRelativeFilePath>Templates/DaprConfiguration/DaprConfigurationTemplatePartial.cs</ApplicationRelativeFilePath>
      <ProjectRelativeFilePath>DaprConfiguration/DaprConfigurationTemplatePartial.cs</ProjectRelativeFilePath>
      <IsIgnored>false</IsIgnored>
    </FileLog>
    <FileLog>
      <ProjectId>afc8c48b-a037-405f-9c61-d8c48d82e92f</ProjectId>
      <CorrelationId>Intent.ModuleBuilder.TemplateRegistration.SingleFileNoModel#d92b4e71-2a2f-4c68-9c62-dfec4210c457</CorrelationId>
      <OverwriteBehaviour>always</OverwriteBehaviour>
      <ApplicationRelativeFilePath>Templates/DaprConfiguration/DaprConfigurationTemplateRegistration.cs</ApplicationRelativeFilePath>
      <ProjectRelativeFilePath>DaprConfiguration/DaprConfigurationTemplateRegistration.cs</ProjectRelativeFilePath>
      <IsIgnored>false</IsIgnored>
    </FileLog>
    <FileLog>
      <ProjectId>afc8c48b-a037-405f-9c61-d8c48d82e92f</ProjectId>
      <CorrelationId>Intent.ModuleBuilder.CSharp.Templates.CSharpTemplatePartial#a7d8872f-eb1d-4835-84cb-377b8953bb6a</CorrelationId>
      <OverwriteBehaviour>always</OverwriteBehaviour>
      <ApplicationRelativeFilePath>Templates/HttpClient/HttpClientTemplatePartial.cs</ApplicationRelativeFilePath>
      <ProjectRelativeFilePath>HttpClient/HttpClientTemplatePartial.cs</ProjectRelativeFilePath>
      <IsIgnored>false</IsIgnored>
    </FileLog>
    <FileLog>
      <ProjectId>afc8c48b-a037-405f-9c61-d8c48d82e92f</ProjectId>
      <CorrelationId>Intent.ModuleBuilder.TemplateRegistration.FilePerModel#a7d8872f-eb1d-4835-84cb-377b8953bb6a</CorrelationId>
      <OverwriteBehaviour>always</OverwriteBehaviour>
      <ApplicationRelativeFilePath>Templates/HttpClient/HttpClientTemplateRegistration.cs</ApplicationRelativeFilePath>
      <ProjectRelativeFilePath>HttpClient/HttpClientTemplateRegistration.cs</ProjectRelativeFilePath>
      <IsIgnored>false</IsIgnored>
    </FileLog>
    <FileLog>
      <ProjectId>afc8c48b-a037-405f-9c61-d8c48d82e92f</ProjectId>
      <CorrelationId>Intent.ModuleBuilder.CSharp.Templates.CSharpTemplatePartial#281f8a00-effc-457b-a954-a1b1c3923f5f</CorrelationId>
      <OverwriteBehaviour>always</OverwriteBehaviour>
      <ApplicationRelativeFilePath>Templates/HttpClientRequestException/HttpClientRequestExceptionTemplatePartial.cs</ApplicationRelativeFilePath>
      <ProjectRelativeFilePath>HttpClientRequestException/HttpClientRequestExceptionTemplatePartial.cs</ProjectRelativeFilePath>
      <IsIgnored>false</IsIgnored>
    </FileLog>
    <FileLog>
      <ProjectId>afc8c48b-a037-405f-9c61-d8c48d82e92f</ProjectId>
      <CorrelationId>Intent.ModuleBuilder.TemplateRegistration.SingleFileNoModel#281f8a00-effc-457b-a954-a1b1c3923f5f</CorrelationId>
      <OverwriteBehaviour>always</OverwriteBehaviour>
      <ApplicationRelativeFilePath>Templates/HttpClientRequestException/HttpClientRequestExceptionTemplateRegistration.cs</ApplicationRelativeFilePath>
      <ProjectRelativeFilePath>HttpClientRequestException/HttpClientRequestExceptionTemplateRegistration.cs</ProjectRelativeFilePath>
      <IsIgnored>false</IsIgnored>
    </FileLog>
    <FileLog>
      <ProjectId>afc8c48b-a037-405f-9c61-d8c48d82e92f</ProjectId>
      <CorrelationId>Intent.ModuleBuilder.CSharp.Templates.CSharpTemplatePartial#0dcb66fd-a844-4368-8896-4c76d70f3d8b</CorrelationId>
      <OverwriteBehaviour>always</OverwriteBehaviour>
      <ApplicationRelativeFilePath>Templates/JsonResponse/JsonResponseTemplatePartial.cs</ApplicationRelativeFilePath>
      <ProjectRelativeFilePath>JsonResponse/JsonResponseTemplatePartial.cs</ProjectRelativeFilePath>
      <IsIgnored>false</IsIgnored>
    </FileLog>
    <FileLog>
      <ProjectId>afc8c48b-a037-405f-9c61-d8c48d82e92f</ProjectId>
      <CorrelationId>Intent.ModuleBuilder.TemplateRegistration.SingleFileNoModel#0dcb66fd-a844-4368-8896-4c76d70f3d8b</CorrelationId>
      <OverwriteBehaviour>always</OverwriteBehaviour>
      <ApplicationRelativeFilePath>Templates/JsonResponse/JsonResponseTemplateRegistration.cs</ApplicationRelativeFilePath>
      <ProjectRelativeFilePath>JsonResponse/JsonResponseTemplateRegistration.cs</ProjectRelativeFilePath>
      <IsIgnored>false</IsIgnored>
    </FileLog>
    <FileLog>
      <ProjectId>afc8c48b-a037-405f-9c61-d8c48d82e92f</ProjectId>
      <CorrelationId>Intent.ModuleBuilder.Templates.TemplateExtensions</CorrelationId>
      <OverwriteBehaviour>always</OverwriteBehaviour>
      <ApplicationRelativeFilePath>Templates/TemplateExtensions.cs</ApplicationRelativeFilePath>
      <ProjectRelativeFilePath>TemplateExtensions.cs</ProjectRelativeFilePath>
      <IsIgnored>false</IsIgnored>
    </FileLog>
  </FileLogs>
</outputLog>