<?xml version="1.0" encoding="utf-8"?>
<outputLog>
  <ApplicationId>2290890c-a17b-4ab3-a978-dc65f1c862a8</ApplicationId>
  <FileLogs>
    <FileLog>
      <CorrelationId>Intent.VisualStudio.Projects.VisualStudioSolution#5fb94f48-24d6-470c-8439-1bcf9c9b6a9f</CorrelationId>
      <OverwriteBehaviour>always</OverwriteBehaviour>
      <ApplicationRelativeFilePath>../Intent.Modules.NET.sln</ApplicationRelativeFilePath>
      <IsIgnored>false</IsIgnored>
    </FileLog>
    <FileLog>
      <ProjectId>0118c10d-3289-4717-9653-dbdfcc58d98a</ProjectId>
      <CorrelationId>Intent.ModuleBuilder.Templates.Api.ApiElementExtensionModel#7696394b-7b8a-4bde-9110-cc2ce8101115</CorrelationId>
      <OverwriteBehaviour>always</OverwriteBehaviour>
      <ApplicationRelativeFilePath>Api/DiagramExtensionModel.cs</ApplicationRelativeFilePath>
      <ProjectRelativeFilePath>DiagramExtensionModel.cs</ProjectRelativeFilePath>
      <IsIgnored>false</IsIgnored>
    </FileLog>
    <FileLog>
      <ProjectId>0118c10d-3289-4717-9653-dbdfcc58d98a</ProjectId>
      <CorrelationId>Intent.ModuleBuilder.Templates.Api.ApiElementExtensionModel#449b11f7-a9f7-4ccc-b8bd-6b1dc8930b0c</CorrelationId>
      <OverwriteBehaviour>always</OverwriteBehaviour>
      <ApplicationRelativeFilePath>Api/FolderExtensionModel.cs</ApplicationRelativeFilePath>
      <ProjectRelativeFilePath>FolderExtensionModel.cs</ProjectRelativeFilePath>
      <IsIgnored>false</IsIgnored>
    </FileLog>
    <FileLog>
      <ProjectId>0118c10d-3289-4717-9653-dbdfcc58d98a</ProjectId>
      <CorrelationId>Intent.ModuleBuilder.Templates.Api.ApiAssociationModel#411881c2-8521-4d56-91a3-54bb48bce507</CorrelationId>
      <OverwriteBehaviour>always</OverwriteBehaviour>
      <ApplicationRelativeFilePath>Api/ScheduledCommandPublishModel.cs</ApplicationRelativeFilePath>
      <ProjectRelativeFilePath>ScheduledCommandPublishModel.cs</ProjectRelativeFilePath>
      <IsIgnored>false</IsIgnored>
    </FileLog>
    <FileLog>
      <ProjectId>0118c10d-3289-4717-9653-dbdfcc58d98a</ProjectId>
      <CorrelationId>Intent.ModuleBuilder.Templates.Api.ApiAssociationModelExtensions#411881c2-8521-4d56-91a3-54bb48bce507</CorrelationId>
      <OverwriteBehaviour>always</OverwriteBehaviour>
      <ApplicationRelativeFilePath>Api/ScheduledCommandPublishModelAssociationExtensions.cs</ApplicationRelativeFilePath>
      <ProjectRelativeFilePath>ScheduledCommandPublishModelAssociationExtensions.cs</ProjectRelativeFilePath>
      <IsIgnored>true</IsIgnored>
    </FileLog>
    <FileLog>
      <ProjectId>0118c10d-3289-4717-9653-dbdfcc58d98a</ProjectId>
      <CorrelationId>Intent.ModuleBuilder.Templates.Api.ApiElementModel#57b933b6-cec8-4fd5-8060-948f5e39d45e</CorrelationId>
      <OverwriteBehaviour>always</OverwriteBehaviour>
      <ApplicationRelativeFilePath>Api/ScheduledJobModel.cs</ApplicationRelativeFilePath>
      <ProjectRelativeFilePath>ScheduledJobModel.cs</ProjectRelativeFilePath>
      <IsIgnored>false</IsIgnored>
    </FileLog>
    <FileLog>
      <ProjectId>0118c10d-3289-4717-9653-dbdfcc58d98a</ProjectId>
      <CorrelationId>Intent.ModuleBuilder.Templates.Api.ApiElementModelExtensions#57b933b6-cec8-4fd5-8060-948f5e39d45e</CorrelationId>
      <OverwriteBehaviour>always</OverwriteBehaviour>
      <ApplicationRelativeFilePath>Api/ScheduledJobModelStereotypeExtensions.cs</ApplicationRelativeFilePath>
      <ProjectRelativeFilePath>ScheduledJobModelStereotypeExtensions.cs</ProjectRelativeFilePath>
      <IsIgnored>false</IsIgnored>
    </FileLog>
    <FileLog>
      <ProjectId>0118c10d-3289-4717-9653-dbdfcc58d98a</ProjectId>
      <CorrelationId>Intent.ModuleBuilder.Templates.Api.ApiPackageExtensionModel#9a53dcee-741a-4113-89b6-2a9f6f5fefc4</CorrelationId>
      <OverwriteBehaviour>always</OverwriteBehaviour>
      <ApplicationRelativeFilePath>Api/ServicePackageExtensionModel.cs</ApplicationRelativeFilePath>
      <ProjectRelativeFilePath>ServicePackageExtensionModel.cs</ProjectRelativeFilePath>
      <IsIgnored>false</IsIgnored>
    </FileLog>
    <FileLog>
      <ProjectId>7ec0323e-9ccc-4a06-8c4e-8e5bc996bf64</ProjectId>
      <CorrelationId>Intent.ModuleBuilder.Templates.Api.ApiMetadataProviderExtensions</CorrelationId>
      <OverwriteBehaviour>always</OverwriteBehaviour>
      <ApplicationRelativeFilePath>ApiMetadataProviderExtensions.cs</ApplicationRelativeFilePath>
      <ProjectRelativeFilePath>ApiMetadataProviderExtensions.cs</ProjectRelativeFilePath>
      <IsIgnored>false</IsIgnored>
    </FileLog>
    <FileLog>
      <ProjectId>358326ce-5648-41db-ac1c-134f4042c9a5</ProjectId>
      <CorrelationId>Intent.ModuleBuilder.Templates.FactoryExtension#38a308d3-3986-4a6a-9943-dc0d916cdcc3</CorrelationId>
      <OverwriteBehaviour>always</OverwriteBehaviour>
      <ApplicationRelativeFilePath>FactoryExtensions/DependencyInjectionExtension.cs</ApplicationRelativeFilePath>
      <ProjectRelativeFilePath>DependencyInjectionExtension.cs</ProjectRelativeFilePath>
      <IsIgnored>false</IsIgnored>
    </FileLog>
    <FileLog>
      <ProjectId>7ec0323e-9ccc-4a06-8c4e-8e5bc996bf64</ProjectId>
      <CorrelationId>Intent.VisualStudio.Projects.CSharpProject#7ec0323e-9ccc-4a06-8c4e-8e5bc996bf64</CorrelationId>
      <OverwriteBehaviour>always</OverwriteBehaviour>
      <ApplicationRelativeFilePath>Intent.Modules.QuartzScheduler.csproj</ApplicationRelativeFilePath>
      <ProjectRelativeFilePath>Intent.Modules.QuartzScheduler.csproj</ProjectRelativeFilePath>
      <IsIgnored>false</IsIgnored>
    </FileLog>
    <FileLog>
      <ProjectId>7ec0323e-9ccc-4a06-8c4e-8e5bc996bf64</ProjectId>
      <CorrelationId>Intent.ModuleBuilder.IModSpecFile</CorrelationId>
      <OverwriteBehaviour>always</OverwriteBehaviour>
      <ApplicationRelativeFilePath>Intent.QuartzScheduler.imodspec</ApplicationRelativeFilePath>
      <ProjectRelativeFilePath>Intent.QuartzScheduler.imodspec</ProjectRelativeFilePath>
      <IsIgnored>false</IsIgnored>
    </FileLog>
    <FileLog>
      <ProjectId>14f5d201-0b89-4d55-8480-e43ac38d74d3</ProjectId>
      <CorrelationId>Intent.ModuleBuilder.DesignerSettings#02e13e2c-d86e-4cb8-9bc8-61d83c1b5447</CorrelationId>
      <OverwriteBehaviour>always</OverwriteBehaviour>
      <ApplicationRelativeFilePath>modelers/Quartz Scheduler Settings.designer.settings</ApplicationRelativeFilePath>
      <ProjectRelativeFilePath>Quartz Scheduler Settings.designer.settings</ProjectRelativeFilePath>
      <IsIgnored>false</IsIgnored>
    </FileLog>
    <FileLog>
      <ProjectId>7ec0323e-9ccc-4a06-8c4e-8e5bc996bf64</ProjectId>
      <CorrelationId>Intent.ModuleBuilder.CSharp.Templates.NugetPackages</CorrelationId>
      <OverwriteBehaviour>always</OverwriteBehaviour>
      <ApplicationRelativeFilePath>NugetPackages.cs</ApplicationRelativeFilePath>
      <ProjectRelativeFilePath>NugetPackages.cs</ProjectRelativeFilePath>
      <IsIgnored>false</IsIgnored>
    </FileLog>
    <FileLog>
      <ProjectId>598d5835-f098-4250-889e-149779c63ae4</ProjectId>
      <CorrelationId>Intent.ModuleBuilder.CSharp.Templates.CSharpTemplatePartial#59acfaab-ddbb-43bf-b06b-57477478d89d</CorrelationId>
      <OverwriteBehaviour>always</OverwriteBehaviour>
      <ApplicationRelativeFilePath>Templates/QuartzConfiguration/QuartzConfigurationTemplatePartial.cs</ApplicationRelativeFilePath>
      <ProjectRelativeFilePath>QuartzConfiguration/QuartzConfigurationTemplatePartial.cs</ProjectRelativeFilePath>
      <IsIgnored>false</IsIgnored>
    </FileLog>
    <FileLog>
      <ProjectId>598d5835-f098-4250-889e-149779c63ae4</ProjectId>
      <CorrelationId>Intent.ModuleBuilder.TemplateRegistration.SingleFileNoModel#59acfaab-ddbb-43bf-b06b-57477478d89d</CorrelationId>
      <OverwriteBehaviour>always</OverwriteBehaviour>
      <ApplicationRelativeFilePath>Templates/QuartzConfiguration/QuartzConfigurationTemplateRegistration.cs</ApplicationRelativeFilePath>
      <ProjectRelativeFilePath>QuartzConfiguration/QuartzConfigurationTemplateRegistration.cs</ProjectRelativeFilePath>
      <IsIgnored>false</IsIgnored>
    </FileLog>
    <FileLog>
      <ProjectId>598d5835-f098-4250-889e-149779c63ae4</ProjectId>
      <CorrelationId>Intent.ModuleBuilder.CSharp.Templates.CSharpTemplatePartial#50aab102-9800-451c-8f9f-8e3667e6b2cd</CorrelationId>
      <OverwriteBehaviour>always</OverwriteBehaviour>
      <ApplicationRelativeFilePath>Templates/ScheduledJob/ScheduledJobTemplatePartial.cs</ApplicationRelativeFilePath>
      <ProjectRelativeFilePath>ScheduledJob/ScheduledJobTemplatePartial.cs</ProjectRelativeFilePath>
      <IsIgnored>false</IsIgnored>
    </FileLog>
    <FileLog>
      <ProjectId>598d5835-f098-4250-889e-149779c63ae4</ProjectId>
      <CorrelationId>Intent.ModuleBuilder.TemplateRegistration.FilePerModel#50aab102-9800-451c-8f9f-8e3667e6b2cd</CorrelationId>
      <OverwriteBehaviour>always</OverwriteBehaviour>
      <ApplicationRelativeFilePath>Templates/ScheduledJob/ScheduledJobTemplateRegistration.cs</ApplicationRelativeFilePath>
      <ProjectRelativeFilePath>ScheduledJob/ScheduledJobTemplateRegistration.cs</ProjectRelativeFilePath>
      <IsIgnored>false</IsIgnored>
    </FileLog>
    <FileLog>
      <ProjectId>598d5835-f098-4250-889e-149779c63ae4</ProjectId>
      <CorrelationId>Intent.ModuleBuilder.Templates.TemplateExtensions</CorrelationId>
      <OverwriteBehaviour>always</OverwriteBehaviour>
      <ApplicationRelativeFilePath>Templates/TemplateExtensions.cs</ApplicationRelativeFilePath>
      <ProjectRelativeFilePath>TemplateExtensions.cs</ProjectRelativeFilePath>
      <IsIgnored>false</IsIgnored>
    </FileLog>
  </FileLogs>
</outputLog>