<?xml version="1.0" encoding="utf-8"?>
<outputLog>
  <ApplicationId>03b2303d-ef8d-48ac-9e03-77937fa45534</ApplicationId>
  <FileLogs>
    <FileLog>
      <CorrelationId>Intent.VisualStudio.Projects.VisualStudio2015Solution#25c401e2-f6a9-4ae7-8583-53eaf325d986</CorrelationId>
      <OverwriteBehaviour>always</OverwriteBehaviour>
      <ApplicationRelativeFilePath>../Intent.Modules.NET.sln</ApplicationRelativeFilePath>
      <IsIgnored>false</IsIgnored>
    </FileLog>
    <FileLog>
      <ProjectId>895c0975-53b2-4dc1-a0ee-2bf1bd846818</ProjectId>
      <CorrelationId>Intent.ModuleBuilder.Templates.Api.ApiElementExtensionModel#7a8c4736-5b0a-4181-816f-809e31ff9d2e</CorrelationId>
      <OverwriteBehaviour>always</OverwriteBehaviour>
      <ApplicationRelativeFilePath>Api/MessageExtensionModel.cs</ApplicationRelativeFilePath>
      <ProjectRelativeFilePath>MessageExtensionModel.cs</ProjectRelativeFilePath>
      <IsIgnored>false</IsIgnored>
    </FileLog>
    <FileLog>
      <ProjectId>675db85b-7cc8-4231-ab82-2c5f35022145</ProjectId>
      <CorrelationId>Intent.ModuleBuilder.Templates.FactoryExtension#87d6e98e-4a38-4f48-bbc5-50966bcfb329</CorrelationId>
      <OverwriteBehaviour>always</OverwriteBehaviour>
      <ApplicationRelativeFilePath>FactoryExtensions/EventBusPublisherInstaller.cs</ApplicationRelativeFilePath>
      <ProjectRelativeFilePath>EventBusPublisherInstaller.cs</ProjectRelativeFilePath>
      <IsIgnored>false</IsIgnored>
    </FileLog>
    <FileLog>
      <ProjectId>fd6cbb04-28d4-41ae-a1fa-9ac2d4702fda</ProjectId>
      <CorrelationId>Intent.VisualStudio.Projects.CoreLibrary.CSProject#fd6cbb04-28d4-41ae-a1fa-9ac2d4702fda</CorrelationId>
      <OverwriteBehaviour>always</OverwriteBehaviour>
      <ApplicationRelativeFilePath>Intent.Modules.Eventing.MassTransit.CRUD.csproj</ApplicationRelativeFilePath>
      <ProjectRelativeFilePath>Intent.Modules.Eventing.MassTransit.CRUD.csproj</ProjectRelativeFilePath>
      <IsIgnored>false</IsIgnored>
    </FileLog>
    <FileLog>
      <ProjectId>fd6cbb04-28d4-41ae-a1fa-9ac2d4702fda</ProjectId>
      <CorrelationId>Intent.ModuleBuilder.IModSpecFile</CorrelationId>
      <OverwriteBehaviour>always</OverwriteBehaviour>
      <ApplicationRelativeFilePath>Intent.Modules.Eventing.MassTransit.CRUD.imodspec</ApplicationRelativeFilePath>
      <ProjectRelativeFilePath>Intent.Modules.Eventing.MassTransit.CRUD.imodspec</ProjectRelativeFilePath>
      <IsIgnored>false</IsIgnored>
    </FileLog>
    <FileLog>
      <ProjectId>06124b53-5cc1-4273-a405-755f45c78b2d</ProjectId>
      <CorrelationId>Intent.ModuleBuilder.DesignerSettings#d17261bc-e683-4846-95e6-ecbd9f0be733</CorrelationId>
      <OverwriteBehaviour>always</OverwriteBehaviour>
      <ApplicationRelativeFilePath>modelers/Eventing Designer Settings.designer.settings</ApplicationRelativeFilePath>
      <ProjectRelativeFilePath>Eventing Designer Settings.designer.settings</ProjectRelativeFilePath>
      <IsIgnored>false</IsIgnored>
    </FileLog>
    <FileLog>
      <ProjectId>fd6cbb04-28d4-41ae-a1fa-9ac2d4702fda</ProjectId>
      <CorrelationId>Intent.ModuleBuilder.ReadMe</CorrelationId>
      <OverwriteBehaviour>always</OverwriteBehaviour>
      <ApplicationRelativeFilePath>README.txt</ApplicationRelativeFilePath>
      <ProjectRelativeFilePath>README.txt</ProjectRelativeFilePath>
      <IsIgnored>false</IsIgnored>
    </FileLog>
    <FileLog>
      <ProjectId>82dc33da-c360-4be1-87d6-2d99227ff8dd</ProjectId>
      <CorrelationId>Intent.ModuleBuilder.CSharp.Templates.CSharpTemplatePartial#335c5adb-8583-4930-913f-0c2e0ffe2cb9</CorrelationId>
      <OverwriteBehaviour>always</OverwriteBehaviour>
      <ApplicationRelativeFilePath>Templates/MessageExtensions/MessageExtensionsTemplatePartial.cs</ApplicationRelativeFilePath>
      <ProjectRelativeFilePath>MessageExtensions/MessageExtensionsTemplatePartial.cs</ProjectRelativeFilePath>
      <IsIgnored>false</IsIgnored>
    </FileLog>
    <FileLog>
      <ProjectId>82dc33da-c360-4be1-87d6-2d99227ff8dd</ProjectId>
      <CorrelationId>Intent.ModuleBuilder.TemplateRegistration.FilePerModel#335c5adb-8583-4930-913f-0c2e0ffe2cb9</CorrelationId>
      <OverwriteBehaviour>always</OverwriteBehaviour>
      <ApplicationRelativeFilePath>Templates/MessageExtensions/MessageExtensionsTemplateRegistration.cs</ApplicationRelativeFilePath>
      <ProjectRelativeFilePath>MessageExtensions/MessageExtensionsTemplateRegistration.cs</ProjectRelativeFilePath>
      <IsIgnored>false</IsIgnored>
    </FileLog>
    <FileLog>
      <ProjectId>82dc33da-c360-4be1-87d6-2d99227ff8dd</ProjectId>
      <CorrelationId>Intent.ModuleBuilder.Templates.TemplateExtensions</CorrelationId>
      <OverwriteBehaviour>always</OverwriteBehaviour>
      <ApplicationRelativeFilePath>Templates/TemplateExtensions.cs</ApplicationRelativeFilePath>
      <ProjectRelativeFilePath>TemplateExtensions.cs</ProjectRelativeFilePath>
      <IsIgnored>false</IsIgnored>
    </FileLog>
  </FileLogs>
</outputLog>