<?xml version="1.0" encoding="utf-8"?>
<outputLog>
  <ApplicationId>5d935a54-a908-4812-9169-cf57c94719b3</ApplicationId>
  <FileLogs>
    <FileLog>
      <ApplicationRelativeFilePath>../Intent.Modules.NET.sln</ApplicationRelativeFilePath>
      <IsIgnored>false</IsIgnored>
    </FileLog>
    <FileLog>
      <ProjectId>35ee8a94-d758-4060-aed1-eb5d816ff529</ProjectId>
      <CorrelationId>Intent.ModuleBuilder.Templates.TemplateDecorator#cb9eb16c-8c36-4146-8572-d72ffb812051</CorrelationId>
      <ApplicationRelativeFilePath>Decorators/ApplicationStartupDecorator.cs</ApplicationRelativeFilePath>
      <ProjectRelativeFilePath>ApplicationStartupDecorator.cs</ProjectRelativeFilePath>
      <IsIgnored>false</IsIgnored>
    </FileLog>
    <FileLog>
      <ProjectId>35ee8a94-d758-4060-aed1-eb5d816ff529</ProjectId>
      <CorrelationId>Intent.ModuleBuilder.Templates.TemplateDecoratorRegistration#cb9eb16c-8c36-4146-8572-d72ffb812051</CorrelationId>
      <ApplicationRelativeFilePath>Decorators/ApplicationStartupDecoratorRegistration.cs</ApplicationRelativeFilePath>
      <ProjectRelativeFilePath>ApplicationStartupDecoratorRegistration.cs</ProjectRelativeFilePath>
      <IsIgnored>false</IsIgnored>
    </FileLog>
    <FileLog>
      <ProjectId>17a3cb70-a261-43ea-b2b3-6f106af95a0b</ProjectId>
      <CorrelationId>Intent.ModuleBuilder.IModeSpecFile</CorrelationId>
      <ApplicationRelativeFilePath>Intent.Infrastructure.DependencyInjection.imodspec</ApplicationRelativeFilePath>
      <ProjectRelativeFilePath>Intent.Infrastructure.DependencyInjection.imodspec</ProjectRelativeFilePath>
      <IsIgnored>false</IsIgnored>
    </FileLog>
    <FileLog>
      <ProjectId>17a3cb70-a261-43ea-b2b3-6f106af95a0b</ProjectId>
      <CorrelationId>Intent.VisualStudio.Projects.CoreLibrary.CSProject#17a3cb70-a261-43ea-b2b3-6f106af95a0b</CorrelationId>
      <ApplicationRelativeFilePath>Intent.Modules.Infrastructure.DependencyInjection.csproj</ApplicationRelativeFilePath>
      <ProjectRelativeFilePath>Intent.Modules.Infrastructure.DependencyInjection.csproj</ProjectRelativeFilePath>
      <IsIgnored>false</IsIgnored>
    </FileLog>
    <FileLog>
      <ProjectId>17a3cb70-a261-43ea-b2b3-6f106af95a0b</ProjectId>
      <CorrelationId>Intent.ModuleBuilder.ReadMe</CorrelationId>
      <ApplicationRelativeFilePath>README.txt</ApplicationRelativeFilePath>
      <ProjectRelativeFilePath>README.txt</ProjectRelativeFilePath>
      <IsIgnored>false</IsIgnored>
    </FileLog>
    <FileLog>
      <ProjectId>2d57feb3-a884-4472-b1e9-5449c8e227b4</ProjectId>
      <CorrelationId>Intent.ModuleBuilder.Templates.TemplateDecoratorContract#08c8b8d6-b827-4ac8-b201-e6ae7614743d</CorrelationId>
      <ApplicationRelativeFilePath>Templates/DependencyInjection/DependencyInjectionDecorator.cs</ApplicationRelativeFilePath>
      <ProjectRelativeFilePath>DependencyInjection/DependencyInjectionDecorator.cs</ProjectRelativeFilePath>
      <IsIgnored>false</IsIgnored>
    </FileLog>
    <FileLog>
      <ProjectId>2d57feb3-a884-4472-b1e9-5449c8e227b4</ProjectId>
      <CorrelationId>Intent.ModuleBuilder.CSharp.Templates.CSharpTemplate.T4Template.PreProcessed#17a069d6-8dd9-4274-9a04-958f99ec486c</CorrelationId>
      <ApplicationRelativeFilePath>Templates/DependencyInjection/DependencyInjectionTemplate.cs</ApplicationRelativeFilePath>
      <ProjectRelativeFilePath>DependencyInjection/DependencyInjectionTemplate.cs</ProjectRelativeFilePath>
      <IsIgnored>false</IsIgnored>
    </FileLog>
    <FileLog>
      <ProjectId>2d57feb3-a884-4472-b1e9-5449c8e227b4</ProjectId>
      <CorrelationId>Intent.ModuleBuilder.CSharp.Templates.CSharpTemplate#17a069d6-8dd9-4274-9a04-958f99ec486c</CorrelationId>
      <ApplicationRelativeFilePath>Templates/DependencyInjection/DependencyInjectionTemplate.tt</ApplicationRelativeFilePath>
      <ProjectRelativeFilePath>DependencyInjection/DependencyInjectionTemplate.tt</ProjectRelativeFilePath>
      <IsIgnored>false</IsIgnored>
    </FileLog>
    <FileLog>
      <ProjectId>2d57feb3-a884-4472-b1e9-5449c8e227b4</ProjectId>
      <CorrelationId>Intent.ModuleBuilder.CSharp.Templates.CSharpTemplatePartial#17a069d6-8dd9-4274-9a04-958f99ec486c</CorrelationId>
      <ApplicationRelativeFilePath>Templates/DependencyInjection/DependencyInjectionTemplatePartial.cs</ApplicationRelativeFilePath>
      <ProjectRelativeFilePath>DependencyInjection/DependencyInjectionTemplatePartial.cs</ProjectRelativeFilePath>
      <IsIgnored>false</IsIgnored>
    </FileLog>
    <FileLog>
      <ProjectId>2d57feb3-a884-4472-b1e9-5449c8e227b4</ProjectId>
      <CorrelationId>Intent.ModuleBuilder.TemplateRegistration.SingleFileNoModel#17a069d6-8dd9-4274-9a04-958f99ec486c</CorrelationId>
      <ApplicationRelativeFilePath>Templates/DependencyInjection/DependencyInjectionTemplateRegistration.cs</ApplicationRelativeFilePath>
      <ProjectRelativeFilePath>DependencyInjection/DependencyInjectionTemplateRegistration.cs</ProjectRelativeFilePath>
      <IsIgnored>false</IsIgnored>
    </FileLog>
    <FileLog>
      <ProjectId>2d57feb3-a884-4472-b1e9-5449c8e227b4</ProjectId>
      <ApplicationRelativeFilePath>Templates/TemplateExtensions.cs</ApplicationRelativeFilePath>
      <ProjectRelativeFilePath>TemplateExtensions.cs</ProjectRelativeFilePath>
      <IsIgnored>false</IsIgnored>
    </FileLog>
  </FileLogs>
</outputLog>