<?xml version="1.0" encoding="utf-8"?>
<outputLog>
  <ApplicationId>2dbbb91b-54b6-4157-b30d-e42e1ab90a8b</ApplicationId>
  <FileLogs>
    <FileLog>
      <ApplicationRelativeFilePath>../Intent.Modules.Net.sln</ApplicationRelativeFilePath>
      <IsIgnored>false</IsIgnored>
    </FileLog>
    <FileLog>
      <ProjectId>deddb78d-352e-4fe1-b7af-5f1ac59e4f55</ProjectId>
      <CorrelationId>Intent.ModuleBuilder.IModeSpecFile</CorrelationId>
      <ApplicationRelativeFilePath>Intent.Application.Identity.imodspec</ApplicationRelativeFilePath>
      <ProjectRelativeFilePath>Intent.Application.Identity.imodspec</ProjectRelativeFilePath>
      <IsIgnored>false</IsIgnored>
    </FileLog>
    <FileLog>
      <ProjectId>deddb78d-352e-4fe1-b7af-5f1ac59e4f55</ProjectId>
      <CorrelationId>Intent.VisualStudio.Projects.CoreLibrary.CSProject#deddb78d-352e-4fe1-b7af-5f1ac59e4f55</CorrelationId>
      <ApplicationRelativeFilePath>Intent.Modules.Application.Identity.csproj</ApplicationRelativeFilePath>
      <ProjectRelativeFilePath>Intent.Modules.Application.Identity.csproj</ProjectRelativeFilePath>
      <IsIgnored>false</IsIgnored>
    </FileLog>
    <FileLog>
      <ProjectId>deddb78d-352e-4fe1-b7af-5f1ac59e4f55</ProjectId>
      <CorrelationId>Intent.ModuleBuilder.ReadMe</CorrelationId>
      <ApplicationRelativeFilePath>README.txt</ApplicationRelativeFilePath>
      <ProjectRelativeFilePath>README.txt</ProjectRelativeFilePath>
      <IsIgnored>false</IsIgnored>
    </FileLog>
    <FileLog>
      <ProjectId>dc679d96-e52c-4347-8e1d-2771cac060fb</ProjectId>
      <CorrelationId>Intent.ModuleBuilder.CSharp.Templates.CSharpTemplate.T4Template.PreProcessed#4d5052dc-6360-46f0-a1e2-e4b81d90424e</CorrelationId>
      <ApplicationRelativeFilePath>Templates/AuthorizeAttribute/AuthorizeAttributeTemplate.cs</ApplicationRelativeFilePath>
      <ProjectRelativeFilePath>AuthorizeAttribute/AuthorizeAttributeTemplate.cs</ProjectRelativeFilePath>
      <IsIgnored>false</IsIgnored>
    </FileLog>
    <FileLog>
      <ProjectId>dc679d96-e52c-4347-8e1d-2771cac060fb</ProjectId>
      <CorrelationId>Intent.ModuleBuilder.CSharp.Templates.CSharpTemplate#4d5052dc-6360-46f0-a1e2-e4b81d90424e</CorrelationId>
      <ApplicationRelativeFilePath>Templates/AuthorizeAttribute/AuthorizeAttributeTemplate.tt</ApplicationRelativeFilePath>
      <ProjectRelativeFilePath>AuthorizeAttribute/AuthorizeAttributeTemplate.tt</ProjectRelativeFilePath>
      <IsIgnored>false</IsIgnored>
    </FileLog>
    <FileLog>
      <ProjectId>dc679d96-e52c-4347-8e1d-2771cac060fb</ProjectId>
      <CorrelationId>Intent.ModuleBuilder.CSharp.Templates.CSharpTemplatePartial#4d5052dc-6360-46f0-a1e2-e4b81d90424e</CorrelationId>
      <ApplicationRelativeFilePath>Templates/AuthorizeAttribute/AuthorizeAttributeTemplatePartial.cs</ApplicationRelativeFilePath>
      <ProjectRelativeFilePath>AuthorizeAttribute/AuthorizeAttributeTemplatePartial.cs</ProjectRelativeFilePath>
      <IsIgnored>false</IsIgnored>
    </FileLog>
    <FileLog>
      <ProjectId>dc679d96-e52c-4347-8e1d-2771cac060fb</ProjectId>
      <CorrelationId>Intent.ModuleBuilder.TemplateRegistration.SingleFileNoModel#4d5052dc-6360-46f0-a1e2-e4b81d90424e</CorrelationId>
      <ApplicationRelativeFilePath>Templates/AuthorizeAttribute/AuthorizeAttributeTemplateRegistration.cs</ApplicationRelativeFilePath>
      <ProjectRelativeFilePath>AuthorizeAttribute/AuthorizeAttributeTemplateRegistration.cs</ProjectRelativeFilePath>
      <IsIgnored>false</IsIgnored>
    </FileLog>
    <FileLog>
      <ProjectId>dc679d96-e52c-4347-8e1d-2771cac060fb</ProjectId>
      <CorrelationId>Intent.ModuleBuilder.CSharp.Templates.CSharpTemplate.T4Template.PreProcessed#fd12be89-437b-49b9-ba8f-6dba11f39d90</CorrelationId>
      <ApplicationRelativeFilePath>Templates/CurrentUserServiceInterface/CurrentUserServiceInterfaceTemplate.cs</ApplicationRelativeFilePath>
      <ProjectRelativeFilePath>CurrentUserServiceInterface/CurrentUserServiceInterfaceTemplate.cs</ProjectRelativeFilePath>
      <IsIgnored>false</IsIgnored>
    </FileLog>
    <FileLog>
      <ProjectId>dc679d96-e52c-4347-8e1d-2771cac060fb</ProjectId>
      <CorrelationId>Intent.ModuleBuilder.CSharp.Templates.CSharpTemplate#fd12be89-437b-49b9-ba8f-6dba11f39d90</CorrelationId>
      <ApplicationRelativeFilePath>Templates/CurrentUserServiceInterface/CurrentUserServiceInterfaceTemplate.tt</ApplicationRelativeFilePath>
      <ProjectRelativeFilePath>CurrentUserServiceInterface/CurrentUserServiceInterfaceTemplate.tt</ProjectRelativeFilePath>
      <IsIgnored>false</IsIgnored>
    </FileLog>
    <FileLog>
      <ProjectId>dc679d96-e52c-4347-8e1d-2771cac060fb</ProjectId>
      <CorrelationId>Intent.ModuleBuilder.CSharp.Templates.CSharpTemplatePartial#fd12be89-437b-49b9-ba8f-6dba11f39d90</CorrelationId>
      <ApplicationRelativeFilePath>Templates/CurrentUserServiceInterface/CurrentUserServiceInterfaceTemplatePartial.cs</ApplicationRelativeFilePath>
      <ProjectRelativeFilePath>CurrentUserServiceInterface/CurrentUserServiceInterfaceTemplatePartial.cs</ProjectRelativeFilePath>
      <IsIgnored>false</IsIgnored>
    </FileLog>
    <FileLog>
      <ProjectId>dc679d96-e52c-4347-8e1d-2771cac060fb</ProjectId>
      <CorrelationId>Intent.ModuleBuilder.TemplateRegistration.SingleFileNoModel#fd12be89-437b-49b9-ba8f-6dba11f39d90</CorrelationId>
      <ApplicationRelativeFilePath>Templates/CurrentUserServiceInterface/CurrentUserServiceInterfaceTemplateRegistration.cs</ApplicationRelativeFilePath>
      <ProjectRelativeFilePath>CurrentUserServiceInterface/CurrentUserServiceInterfaceTemplateRegistration.cs</ProjectRelativeFilePath>
      <IsIgnored>false</IsIgnored>
    </FileLog>
    <FileLog>
      <ProjectId>dc679d96-e52c-4347-8e1d-2771cac060fb</ProjectId>
      <CorrelationId>Intent.ModuleBuilder.CSharp.Templates.CSharpTemplate.T4Template.PreProcessed#8b73f536-da3b-4b44-a0ce-6317c6ebb54d</CorrelationId>
      <ApplicationRelativeFilePath>Templates/ForbiddenAccessException/ForbiddenAccessExceptionTemplate.cs</ApplicationRelativeFilePath>
      <ProjectRelativeFilePath>ForbiddenAccessException/ForbiddenAccessExceptionTemplate.cs</ProjectRelativeFilePath>
      <IsIgnored>false</IsIgnored>
    </FileLog>
    <FileLog>
      <ProjectId>dc679d96-e52c-4347-8e1d-2771cac060fb</ProjectId>
      <CorrelationId>Intent.ModuleBuilder.CSharp.Templates.CSharpTemplate#8b73f536-da3b-4b44-a0ce-6317c6ebb54d</CorrelationId>
      <ApplicationRelativeFilePath>Templates/ForbiddenAccessException/ForbiddenAccessExceptionTemplate.tt</ApplicationRelativeFilePath>
      <ProjectRelativeFilePath>ForbiddenAccessException/ForbiddenAccessExceptionTemplate.tt</ProjectRelativeFilePath>
      <IsIgnored>false</IsIgnored>
    </FileLog>
    <FileLog>
      <ProjectId>dc679d96-e52c-4347-8e1d-2771cac060fb</ProjectId>
      <CorrelationId>Intent.ModuleBuilder.CSharp.Templates.CSharpTemplatePartial#8b73f536-da3b-4b44-a0ce-6317c6ebb54d</CorrelationId>
      <ApplicationRelativeFilePath>Templates/ForbiddenAccessException/ForbiddenAccessExceptionTemplatePartial.cs</ApplicationRelativeFilePath>
      <ProjectRelativeFilePath>ForbiddenAccessException/ForbiddenAccessExceptionTemplatePartial.cs</ProjectRelativeFilePath>
      <IsIgnored>false</IsIgnored>
    </FileLog>
    <FileLog>
      <ProjectId>dc679d96-e52c-4347-8e1d-2771cac060fb</ProjectId>
      <CorrelationId>Intent.ModuleBuilder.TemplateRegistration.SingleFileNoModel#8b73f536-da3b-4b44-a0ce-6317c6ebb54d</CorrelationId>
      <ApplicationRelativeFilePath>Templates/ForbiddenAccessException/ForbiddenAccessExceptionTemplateRegistration.cs</ApplicationRelativeFilePath>
      <ProjectRelativeFilePath>ForbiddenAccessException/ForbiddenAccessExceptionTemplateRegistration.cs</ProjectRelativeFilePath>
      <IsIgnored>false</IsIgnored>
    </FileLog>
    <FileLog>
      <ProjectId>dc679d96-e52c-4347-8e1d-2771cac060fb</ProjectId>
      <CorrelationId>Intent.ModuleBuilder.CSharp.Templates.CSharpTemplate.T4Template.PreProcessed#53d68966-9769-4fe5-8e43-f34769ad6856</CorrelationId>
      <ApplicationRelativeFilePath>Templates/IdentityServiceInterface/IdentityServiceInterfaceTemplate.cs</ApplicationRelativeFilePath>
      <ProjectRelativeFilePath>IdentityServiceInterface/IdentityServiceInterfaceTemplate.cs</ProjectRelativeFilePath>
      <IsIgnored>false</IsIgnored>
    </FileLog>
    <FileLog>
      <ProjectId>dc679d96-e52c-4347-8e1d-2771cac060fb</ProjectId>
      <CorrelationId>Intent.ModuleBuilder.CSharp.Templates.CSharpTemplate#53d68966-9769-4fe5-8e43-f34769ad6856</CorrelationId>
      <ApplicationRelativeFilePath>Templates/IdentityServiceInterface/IdentityServiceInterfaceTemplate.tt</ApplicationRelativeFilePath>
      <ProjectRelativeFilePath>IdentityServiceInterface/IdentityServiceInterfaceTemplate.tt</ProjectRelativeFilePath>
      <IsIgnored>false</IsIgnored>
    </FileLog>
    <FileLog>
      <ProjectId>dc679d96-e52c-4347-8e1d-2771cac060fb</ProjectId>
      <CorrelationId>Intent.ModuleBuilder.CSharp.Templates.CSharpTemplatePartial#53d68966-9769-4fe5-8e43-f34769ad6856</CorrelationId>
      <ApplicationRelativeFilePath>Templates/IdentityServiceInterface/IdentityServiceInterfaceTemplatePartial.cs</ApplicationRelativeFilePath>
      <ProjectRelativeFilePath>IdentityServiceInterface/IdentityServiceInterfaceTemplatePartial.cs</ProjectRelativeFilePath>
      <IsIgnored>false</IsIgnored>
    </FileLog>
    <FileLog>
      <ProjectId>dc679d96-e52c-4347-8e1d-2771cac060fb</ProjectId>
      <CorrelationId>Intent.ModuleBuilder.TemplateRegistration.SingleFileNoModel#53d68966-9769-4fe5-8e43-f34769ad6856</CorrelationId>
      <ApplicationRelativeFilePath>Templates/IdentityServiceInterface/IdentityServiceInterfaceTemplateRegistration.cs</ApplicationRelativeFilePath>
      <ProjectRelativeFilePath>IdentityServiceInterface/IdentityServiceInterfaceTemplateRegistration.cs</ProjectRelativeFilePath>
      <IsIgnored>false</IsIgnored>
    </FileLog>
    <FileLog>
      <ProjectId>dc679d96-e52c-4347-8e1d-2771cac060fb</ProjectId>
      <CorrelationId>Intent.ModuleBuilder.CSharp.Templates.CSharpTemplate.T4Template.PreProcessed#68c81f7f-55ec-4466-961e-3cbdeda66f50</CorrelationId>
      <ApplicationRelativeFilePath>Templates/ResultModel/ResultModelTemplate.cs</ApplicationRelativeFilePath>
      <ProjectRelativeFilePath>ResultModel/ResultModelTemplate.cs</ProjectRelativeFilePath>
      <IsIgnored>false</IsIgnored>
    </FileLog>
    <FileLog>
      <ProjectId>dc679d96-e52c-4347-8e1d-2771cac060fb</ProjectId>
      <CorrelationId>Intent.ModuleBuilder.CSharp.Templates.CSharpTemplate#68c81f7f-55ec-4466-961e-3cbdeda66f50</CorrelationId>
      <ApplicationRelativeFilePath>Templates/ResultModel/ResultModelTemplate.tt</ApplicationRelativeFilePath>
      <ProjectRelativeFilePath>ResultModel/ResultModelTemplate.tt</ProjectRelativeFilePath>
      <IsIgnored>false</IsIgnored>
    </FileLog>
    <FileLog>
      <ProjectId>dc679d96-e52c-4347-8e1d-2771cac060fb</ProjectId>
      <CorrelationId>Intent.ModuleBuilder.CSharp.Templates.CSharpTemplatePartial#68c81f7f-55ec-4466-961e-3cbdeda66f50</CorrelationId>
      <ApplicationRelativeFilePath>Templates/ResultModel/ResultModelTemplatePartial.cs</ApplicationRelativeFilePath>
      <ProjectRelativeFilePath>ResultModel/ResultModelTemplatePartial.cs</ProjectRelativeFilePath>
      <IsIgnored>false</IsIgnored>
    </FileLog>
    <FileLog>
      <ProjectId>dc679d96-e52c-4347-8e1d-2771cac060fb</ProjectId>
      <CorrelationId>Intent.ModuleBuilder.TemplateRegistration.SingleFileNoModel#68c81f7f-55ec-4466-961e-3cbdeda66f50</CorrelationId>
      <ApplicationRelativeFilePath>Templates/ResultModel/ResultModelTemplateRegistration.cs</ApplicationRelativeFilePath>
      <ProjectRelativeFilePath>ResultModel/ResultModelTemplateRegistration.cs</ProjectRelativeFilePath>
      <IsIgnored>false</IsIgnored>
    </FileLog>
    <FileLog>
      <ProjectId>dc679d96-e52c-4347-8e1d-2771cac060fb</ProjectId>
      <ApplicationRelativeFilePath>Templates/TemplateExtensions.cs</ApplicationRelativeFilePath>
      <ProjectRelativeFilePath>TemplateExtensions.cs</ProjectRelativeFilePath>
      <IsIgnored>false</IsIgnored>
    </FileLog>
  </FileLogs>
</outputLog>