<?xml version="1.0" encoding="utf-8"?>
<outputLog>
  <ApplicationId>858ff064-47cf-4765-be7f-75a121e9c8d6</ApplicationId>
  <FileLogs>
    <FileLog>
      <CorrelationId>Intent.VisualStudio.Projects.VisualStudio2015Solution#8d60dece-e9f4-40d9-a445-0f16e3500d8e</CorrelationId>
      <OverwriteBehaviour>always</OverwriteBehaviour>
      <ApplicationRelativeFilePath>../Intent.Modules.NET.sln</ApplicationRelativeFilePath>
      <IsIgnored>false</IsIgnored>
    </FileLog>
    <FileLog>
      <ProjectId>887a1605-7d1f-4a58-aec2-0b063de6d2b3</ProjectId>
      <CorrelationId>Intent.ModuleBuilder.Templates.Api.ApiElementModelExtensions#cbe970af-5bad-4d92-a3ed-a24b9fdaa23e</CorrelationId>
      <OverwriteBehaviour>always</OverwriteBehaviour>
      <ApplicationRelativeFilePath>Api/MessageModelStereotypeExtensions.cs</ApplicationRelativeFilePath>
      <ProjectRelativeFilePath>MessageModelStereotypeExtensions.cs</ProjectRelativeFilePath>
      <IsIgnored>false</IsIgnored>
    </FileLog>
    <FileLog>
      <ProjectId>8857d329-9cb0-449a-9c01-94eb3dfb73e0</ProjectId>
      <CorrelationId>Intent.ModuleBuilder.IModSpecFile</CorrelationId>
      <OverwriteBehaviour>always</OverwriteBehaviour>
      <ApplicationRelativeFilePath>Intent.Dapr.AspNetCore.Pubsub.imodspec</ApplicationRelativeFilePath>
      <ProjectRelativeFilePath>Intent.Dapr.AspNetCore.Pubsub.imodspec</ProjectRelativeFilePath>
      <IsIgnored>false</IsIgnored>
    </FileLog>
    <FileLog>
      <ProjectId>8857d329-9cb0-449a-9c01-94eb3dfb73e0</ProjectId>
      <CorrelationId>Intent.VisualStudio.Projects.CoreLibrary.CSProject#8857d329-9cb0-449a-9c01-94eb3dfb73e0</CorrelationId>
      <OverwriteBehaviour>always</OverwriteBehaviour>
      <ApplicationRelativeFilePath>Intent.Modules.Dapr.AspNetCore.Pubsub.csproj</ApplicationRelativeFilePath>
      <ProjectRelativeFilePath>Intent.Modules.Dapr.AspNetCore.Pubsub.csproj</ProjectRelativeFilePath>
      <IsIgnored>false</IsIgnored>
    </FileLog>
    <FileLog>
      <ProjectId>8857d329-9cb0-449a-9c01-94eb3dfb73e0</ProjectId>
      <CorrelationId>Intent.ModuleBuilder.ReadMe</CorrelationId>
      <OverwriteBehaviour>always</OverwriteBehaviour>
      <ApplicationRelativeFilePath>README.txt</ApplicationRelativeFilePath>
      <ProjectRelativeFilePath>README.txt</ProjectRelativeFilePath>
      <IsIgnored>false</IsIgnored>
    </FileLog>
    <FileLog>
      <ProjectId>778dd7fb-92f9-4ed9-aa2b-970b60cc8d8b</ProjectId>
      <CorrelationId>Intent.ModuleBuilder.CSharp.Templates.CSharpTemplatePartial#c8d2cbf9-8cfd-447e-ab0e-934aae33cbd0</CorrelationId>
      <OverwriteBehaviour>always</OverwriteBehaviour>
      <ApplicationRelativeFilePath>Templates/DaprEventHandlerController/DaprEventHandlerControllerTemplatePartial.cs</ApplicationRelativeFilePath>
      <ProjectRelativeFilePath>DaprEventHandlerController/DaprEventHandlerControllerTemplatePartial.cs</ProjectRelativeFilePath>
      <IsIgnored>false</IsIgnored>
    </FileLog>
    <FileLog>
      <ProjectId>778dd7fb-92f9-4ed9-aa2b-970b60cc8d8b</ProjectId>
      <CorrelationId>Intent.ModuleBuilder.TemplateRegistration.SingleFileNoModel#c8d2cbf9-8cfd-447e-ab0e-934aae33cbd0</CorrelationId>
      <OverwriteBehaviour>always</OverwriteBehaviour>
      <ApplicationRelativeFilePath>Templates/DaprEventHandlerController/DaprEventHandlerControllerTemplateRegistration.cs</ApplicationRelativeFilePath>
      <ProjectRelativeFilePath>DaprEventHandlerController/DaprEventHandlerControllerTemplateRegistration.cs</ProjectRelativeFilePath>
      <IsIgnored>false</IsIgnored>
    </FileLog>
    <FileLog>
      <ProjectId>778dd7fb-92f9-4ed9-aa2b-970b60cc8d8b</ProjectId>
      <CorrelationId>Intent.ModuleBuilder.CSharp.Templates.CSharpTemplate.T4Template.PreProcessed#3ee32e9f-14f8-4b1a-b073-f5aab5418a83</CorrelationId>
      <OverwriteBehaviour>always</OverwriteBehaviour>
      <ApplicationRelativeFilePath>Templates/Event/EventTemplate.cs</ApplicationRelativeFilePath>
      <ProjectRelativeFilePath>Event/EventTemplate.cs</ProjectRelativeFilePath>
      <IsIgnored>false</IsIgnored>
    </FileLog>
    <FileLog>
      <ProjectId>778dd7fb-92f9-4ed9-aa2b-970b60cc8d8b</ProjectId>
      <CorrelationId>Intent.ModuleBuilder.CSharp.Templates.CSharpT4Template#3ee32e9f-14f8-4b1a-b073-f5aab5418a83</CorrelationId>
      <OverwriteBehaviour>always</OverwriteBehaviour>
      <ApplicationRelativeFilePath>Templates/Event/EventTemplate.tt</ApplicationRelativeFilePath>
      <ProjectRelativeFilePath>Event/EventTemplate.tt</ProjectRelativeFilePath>
      <IsIgnored>false</IsIgnored>
    </FileLog>
    <FileLog>
      <ProjectId>778dd7fb-92f9-4ed9-aa2b-970b60cc8d8b</ProjectId>
      <CorrelationId>Intent.ModuleBuilder.CSharp.Templates.CSharpTemplatePartial#3ee32e9f-14f8-4b1a-b073-f5aab5418a83</CorrelationId>
      <OverwriteBehaviour>always</OverwriteBehaviour>
      <ApplicationRelativeFilePath>Templates/Event/EventTemplatePartial.cs</ApplicationRelativeFilePath>
      <ProjectRelativeFilePath>Event/EventTemplatePartial.cs</ProjectRelativeFilePath>
      <IsIgnored>false</IsIgnored>
    </FileLog>
    <FileLog>
      <ProjectId>778dd7fb-92f9-4ed9-aa2b-970b60cc8d8b</ProjectId>
      <CorrelationId>Intent.ModuleBuilder.TemplateRegistration.FilePerModel#3ee32e9f-14f8-4b1a-b073-f5aab5418a83</CorrelationId>
      <OverwriteBehaviour>always</OverwriteBehaviour>
      <ApplicationRelativeFilePath>Templates/Event/EventTemplateRegistration.cs</ApplicationRelativeFilePath>
      <ProjectRelativeFilePath>Event/EventTemplateRegistration.cs</ProjectRelativeFilePath>
      <IsIgnored>false</IsIgnored>
    </FileLog>
    <FileLog>
      <ProjectId>778dd7fb-92f9-4ed9-aa2b-970b60cc8d8b</ProjectId>
      <CorrelationId>Intent.ModuleBuilder.CSharp.Templates.CSharpTemplatePartial#140811e5-8849-456a-a8d3-aa1b92ef9b01</CorrelationId>
      <OverwriteBehaviour>always</OverwriteBehaviour>
      <ApplicationRelativeFilePath>Templates/EventBusImplementation/EventBusImplementationTemplatePartial.cs</ApplicationRelativeFilePath>
      <ProjectRelativeFilePath>EventBusImplementation/EventBusImplementationTemplatePartial.cs</ProjectRelativeFilePath>
      <IsIgnored>false</IsIgnored>
    </FileLog>
    <FileLog>
      <ProjectId>778dd7fb-92f9-4ed9-aa2b-970b60cc8d8b</ProjectId>
      <CorrelationId>Intent.ModuleBuilder.TemplateRegistration.SingleFileNoModel#140811e5-8849-456a-a8d3-aa1b92ef9b01</CorrelationId>
      <OverwriteBehaviour>always</OverwriteBehaviour>
      <ApplicationRelativeFilePath>Templates/EventBusImplementation/EventBusImplementationTemplateRegistration.cs</ApplicationRelativeFilePath>
      <ProjectRelativeFilePath>EventBusImplementation/EventBusImplementationTemplateRegistration.cs</ProjectRelativeFilePath>
      <IsIgnored>false</IsIgnored>
    </FileLog>
    <FileLog>
      <ProjectId>778dd7fb-92f9-4ed9-aa2b-970b60cc8d8b</ProjectId>
      <CorrelationId>Intent.ModuleBuilder.CSharp.Templates.CSharpTemplatePartial#246068c9-19c0-4f51-8a7e-1d98beb4b3c0</CorrelationId>
      <OverwriteBehaviour>always</OverwriteBehaviour>
      <ApplicationRelativeFilePath>Templates/EventBusInterface/EventBusInterfaceTemplatePartial.cs</ApplicationRelativeFilePath>
      <ProjectRelativeFilePath>EventBusInterface/EventBusInterfaceTemplatePartial.cs</ProjectRelativeFilePath>
      <IsIgnored>false</IsIgnored>
    </FileLog>
    <FileLog>
      <ProjectId>778dd7fb-92f9-4ed9-aa2b-970b60cc8d8b</ProjectId>
      <CorrelationId>Intent.ModuleBuilder.TemplateRegistration.SingleFileNoModel#246068c9-19c0-4f51-8a7e-1d98beb4b3c0</CorrelationId>
      <OverwriteBehaviour>always</OverwriteBehaviour>
      <ApplicationRelativeFilePath>Templates/EventBusInterface/EventBusInterfaceTemplateRegistration.cs</ApplicationRelativeFilePath>
      <ProjectRelativeFilePath>EventBusInterface/EventBusInterfaceTemplateRegistration.cs</ProjectRelativeFilePath>
      <IsIgnored>false</IsIgnored>
    </FileLog>
    <FileLog>
      <ProjectId>778dd7fb-92f9-4ed9-aa2b-970b60cc8d8b</ProjectId>
      <CorrelationId>Intent.ModuleBuilder.CSharp.Templates.CSharpTemplatePartial#cd117e63-dce2-4b28-8d02-b4299cfe85fd</CorrelationId>
      <OverwriteBehaviour>always</OverwriteBehaviour>
      <ApplicationRelativeFilePath>Templates/EventBusPublishBehaviour/EventBusPublishBehaviourTemplatePartial.cs</ApplicationRelativeFilePath>
      <ProjectRelativeFilePath>EventBusPublishBehaviour/EventBusPublishBehaviourTemplatePartial.cs</ProjectRelativeFilePath>
      <IsIgnored>false</IsIgnored>
    </FileLog>
    <FileLog>
      <ProjectId>778dd7fb-92f9-4ed9-aa2b-970b60cc8d8b</ProjectId>
      <CorrelationId>Intent.ModuleBuilder.TemplateRegistration.SingleFileNoModel#cd117e63-dce2-4b28-8d02-b4299cfe85fd</CorrelationId>
      <OverwriteBehaviour>always</OverwriteBehaviour>
      <ApplicationRelativeFilePath>Templates/EventBusPublishBehaviour/EventBusPublishBehaviourTemplateRegistration.cs</ApplicationRelativeFilePath>
      <ProjectRelativeFilePath>EventBusPublishBehaviour/EventBusPublishBehaviourTemplateRegistration.cs</ProjectRelativeFilePath>
      <IsIgnored>false</IsIgnored>
    </FileLog>
    <FileLog>
      <ProjectId>778dd7fb-92f9-4ed9-aa2b-970b60cc8d8b</ProjectId>
      <CorrelationId>Intent.ModuleBuilder.CSharp.Templates.CSharpTemplatePartial#4211c97c-c4e6-4f2f-9adf-e2d8f7814549</CorrelationId>
      <OverwriteBehaviour>always</OverwriteBehaviour>
      <ApplicationRelativeFilePath>Templates/EventHandler/EventHandlerTemplatePartial.cs</ApplicationRelativeFilePath>
      <ProjectRelativeFilePath>EventHandler/EventHandlerTemplatePartial.cs</ProjectRelativeFilePath>
      <IsIgnored>false</IsIgnored>
    </FileLog>
    <FileLog>
      <ProjectId>778dd7fb-92f9-4ed9-aa2b-970b60cc8d8b</ProjectId>
      <CorrelationId>Intent.ModuleBuilder.TemplateRegistration.FilePerModel#4211c97c-c4e6-4f2f-9adf-e2d8f7814549</CorrelationId>
      <OverwriteBehaviour>always</OverwriteBehaviour>
      <ApplicationRelativeFilePath>Templates/EventHandler/EventHandlerTemplateRegistration.cs</ApplicationRelativeFilePath>
      <ProjectRelativeFilePath>EventHandler/EventHandlerTemplateRegistration.cs</ProjectRelativeFilePath>
      <IsIgnored>false</IsIgnored>
    </FileLog>
    <FileLog>
      <ProjectId>778dd7fb-92f9-4ed9-aa2b-970b60cc8d8b</ProjectId>
      <CorrelationId>Intent.ModuleBuilder.CSharp.Templates.CSharpTemplatePartial#4c425cc9-d0e9-4eef-a75c-39b3cbe78570</CorrelationId>
      <OverwriteBehaviour>always</OverwriteBehaviour>
      <ApplicationRelativeFilePath>Templates/EventInterface/EventInterfaceTemplatePartial.cs</ApplicationRelativeFilePath>
      <ProjectRelativeFilePath>EventInterface/EventInterfaceTemplatePartial.cs</ProjectRelativeFilePath>
      <IsIgnored>false</IsIgnored>
    </FileLog>
    <FileLog>
      <ProjectId>778dd7fb-92f9-4ed9-aa2b-970b60cc8d8b</ProjectId>
      <CorrelationId>Intent.ModuleBuilder.TemplateRegistration.SingleFileNoModel#4c425cc9-d0e9-4eef-a75c-39b3cbe78570</CorrelationId>
      <OverwriteBehaviour>always</OverwriteBehaviour>
      <ApplicationRelativeFilePath>Templates/EventInterface/EventInterfaceTemplateRegistration.cs</ApplicationRelativeFilePath>
      <ProjectRelativeFilePath>EventInterface/EventInterfaceTemplateRegistration.cs</ProjectRelativeFilePath>
      <IsIgnored>false</IsIgnored>
    </FileLog>
    <FileLog>
      <ProjectId>778dd7fb-92f9-4ed9-aa2b-970b60cc8d8b</ProjectId>
      <CorrelationId>Intent.ModuleBuilder.Templates.TemplateExtensions</CorrelationId>
      <OverwriteBehaviour>always</OverwriteBehaviour>
      <ApplicationRelativeFilePath>Templates/TemplateExtensions.cs</ApplicationRelativeFilePath>
      <ProjectRelativeFilePath>TemplateExtensions.cs</ProjectRelativeFilePath>
      <IsIgnored>false</IsIgnored>
    </FileLog>
  </FileLogs>
</outputLog>