<?xml version="1.0" encoding="utf-8"?>
<outputLog>
  <ApplicationId>2c301c3f-5c69-40bb-82ce-0d81c3cae946</ApplicationId>
  <FileLogs>
    <FileLog>
      <CorrelationId>Intent.VisualStudio.Projects.VisualStudioSolution#5d37520e-c650-4c50-baa8-b6832f83893f</CorrelationId>
      <OverwriteBehaviour>always</OverwriteBehaviour>
      <ApplicationRelativeFilePath>../Intent.Modules.NET.sln</ApplicationRelativeFilePath>
      <IsIgnored>false</IsIgnored>
    </FileLog>
    <FileLog>
      <ProjectId>f4fdb411-e453-4bde-888d-451e2e938cf3</ProjectId>
      <CorrelationId>Intent.ModuleBuilder.IModSpecFile</CorrelationId>
      <OverwriteBehaviour>always</OverwriteBehaviour>
      <ApplicationRelativeFilePath>Intent.AspNetCore.Docker.imodspec</ApplicationRelativeFilePath>
      <ProjectRelativeFilePath>Intent.AspNetCore.Docker.imodspec</ProjectRelativeFilePath>
      <IsIgnored>false</IsIgnored>
    </FileLog>
    <FileLog>
      <ProjectId>f4fdb411-e453-4bde-888d-451e2e938cf3</ProjectId>
      <CorrelationId>Intent.VisualStudio.Projects.CSharpProject#f4fdb411-e453-4bde-888d-451e2e938cf3</CorrelationId>
      <OverwriteBehaviour>always</OverwriteBehaviour>
      <ApplicationRelativeFilePath>Intent.Modules.AspNetCore.Docker.csproj</ApplicationRelativeFilePath>
      <ProjectRelativeFilePath>Intent.Modules.AspNetCore.Docker.csproj</ProjectRelativeFilePath>
      <IsIgnored>false</IsIgnored>
    </FileLog>
    <FileLog>
      <ProjectId>f4fdb411-e453-4bde-888d-451e2e938cf3</ProjectId>
      <CorrelationId>Intent.ModuleBuilder.Templates.ReleaseNotes</CorrelationId>
      <OverwriteBehaviour>once-off</OverwriteBehaviour>
      <ApplicationRelativeFilePath>release-notes.md</ApplicationRelativeFilePath>
      <ProjectRelativeFilePath>release-notes.md</ProjectRelativeFilePath>
      <IsIgnored>false</IsIgnored>
    </FileLog>
    <FileLog>
      <ProjectId>c09f464b-c7bf-4b1b-8de8-1d6d45525a9c</ProjectId>
      <CorrelationId>Intent.ModuleBuilder.Templates.DocumentationTemplate#7cd8e3d7-f8a6-4974-bd1e-6a69ff83e07e</CorrelationId>
      <OverwriteBehaviour>always</OverwriteBehaviour>
      <ApplicationRelativeFilePath>resources/documentation.json</ApplicationRelativeFilePath>
      <ProjectRelativeFilePath>documentation.json</ProjectRelativeFilePath>
      <IsIgnored>false</IsIgnored>
    </FileLog>
    <FileLog>
      <ProjectId>a33fb619-70ea-48c2-bd88-b05f469560d8</ProjectId>
      <CorrelationId>Intent.ModuleBuilder.ProjectItemTemplate.T4Template.PreProcessed#66093775-df28-4c61-9ab6-3104da348e17</CorrelationId>
      <OverwriteBehaviour>always</OverwriteBehaviour>
      <ApplicationRelativeFilePath>Templates/Dockerfile/DockerfileTemplate.cs</ApplicationRelativeFilePath>
      <ProjectRelativeFilePath>Dockerfile/DockerfileTemplate.cs</ProjectRelativeFilePath>
      <IsIgnored>false</IsIgnored>
    </FileLog>
    <FileLog>
      <ProjectId>a33fb619-70ea-48c2-bd88-b05f469560d8</ProjectId>
      <CorrelationId>Intent.ModuleBuilder.Templates.FileTemplateT4#66093775-df28-4c61-9ab6-3104da348e17</CorrelationId>
      <OverwriteBehaviour>always</OverwriteBehaviour>
      <ApplicationRelativeFilePath>Templates/Dockerfile/DockerfileTemplate.tt</ApplicationRelativeFilePath>
      <ProjectRelativeFilePath>Dockerfile/DockerfileTemplate.tt</ProjectRelativeFilePath>
      <IsIgnored>false</IsIgnored>
    </FileLog>
    <FileLog>
      <ProjectId>a33fb619-70ea-48c2-bd88-b05f469560d8</ProjectId>
      <CorrelationId>Intent.ModuleBuilder.ProjectItemTemplate.Partial#66093775-df28-4c61-9ab6-3104da348e17</CorrelationId>
      <OverwriteBehaviour>always</OverwriteBehaviour>
      <ApplicationRelativeFilePath>Templates/Dockerfile/DockerfileTemplatePartial.cs</ApplicationRelativeFilePath>
      <ProjectRelativeFilePath>Dockerfile/DockerfileTemplatePartial.cs</ProjectRelativeFilePath>
      <IsIgnored>false</IsIgnored>
    </FileLog>
    <FileLog>
      <ProjectId>a33fb619-70ea-48c2-bd88-b05f469560d8</ProjectId>
      <CorrelationId>Intent.ModuleBuilder.TemplateRegistration.SingleFileNoModel#66093775-df28-4c61-9ab6-3104da348e17</CorrelationId>
      <OverwriteBehaviour>always</OverwriteBehaviour>
      <ApplicationRelativeFilePath>Templates/Dockerfile/DockerfileTemplateRegistration.cs</ApplicationRelativeFilePath>
      <ProjectRelativeFilePath>Dockerfile/DockerfileTemplateRegistration.cs</ProjectRelativeFilePath>
      <IsIgnored>false</IsIgnored>
    </FileLog>
    <FileLog>
      <ProjectId>a33fb619-70ea-48c2-bd88-b05f469560d8</ProjectId>
      <CorrelationId>Intent.ModuleBuilder.ProjectItemTemplate.T4Template.PreProcessed#fc21a5d7-4dcf-4cb4-846d-879ed60bd680</CorrelationId>
      <OverwriteBehaviour>always</OverwriteBehaviour>
      <ApplicationRelativeFilePath>Templates/DockerIgnore/DockerIgnoreTemplate.cs</ApplicationRelativeFilePath>
      <ProjectRelativeFilePath>DockerIgnore/DockerIgnoreTemplate.cs</ProjectRelativeFilePath>
      <IsIgnored>false</IsIgnored>
    </FileLog>
    <FileLog>
      <ProjectId>a33fb619-70ea-48c2-bd88-b05f469560d8</ProjectId>
      <CorrelationId>Intent.ModuleBuilder.Templates.FileTemplateT4#fc21a5d7-4dcf-4cb4-846d-879ed60bd680</CorrelationId>
      <OverwriteBehaviour>always</OverwriteBehaviour>
      <ApplicationRelativeFilePath>Templates/DockerIgnore/DockerIgnoreTemplate.tt</ApplicationRelativeFilePath>
      <ProjectRelativeFilePath>DockerIgnore/DockerIgnoreTemplate.tt</ProjectRelativeFilePath>
      <IsIgnored>false</IsIgnored>
    </FileLog>
    <FileLog>
      <ProjectId>a33fb619-70ea-48c2-bd88-b05f469560d8</ProjectId>
      <CorrelationId>Intent.ModuleBuilder.ProjectItemTemplate.Partial#fc21a5d7-4dcf-4cb4-846d-879ed60bd680</CorrelationId>
      <OverwriteBehaviour>always</OverwriteBehaviour>
      <ApplicationRelativeFilePath>Templates/DockerIgnore/DockerIgnoreTemplatePartial.cs</ApplicationRelativeFilePath>
      <ProjectRelativeFilePath>DockerIgnore/DockerIgnoreTemplatePartial.cs</ProjectRelativeFilePath>
      <IsIgnored>false</IsIgnored>
    </FileLog>
    <FileLog>
      <ProjectId>a33fb619-70ea-48c2-bd88-b05f469560d8</ProjectId>
      <CorrelationId>Intent.ModuleBuilder.TemplateRegistration.SingleFileNoModel#fc21a5d7-4dcf-4cb4-846d-879ed60bd680</CorrelationId>
      <OverwriteBehaviour>always</OverwriteBehaviour>
      <ApplicationRelativeFilePath>Templates/DockerIgnore/DockerIgnoreTemplateRegistration.cs</ApplicationRelativeFilePath>
      <ProjectRelativeFilePath>DockerIgnore/DockerIgnoreTemplateRegistration.cs</ProjectRelativeFilePath>
      <IsIgnored>false</IsIgnored>
    </FileLog>
  </FileLogs>
</outputLog>