<?xml version="1.0" encoding="utf-8"?>
<outputLog>
  <ApplicationId>9a7240ce-a75e-4913-8630-d06afa4e7cae</ApplicationId>
  <FileLogs>
    <FileLog>
      <CorrelationId>Intent.VisualStudio.Projects.VisualStudioSolution#ff01128f-6865-43bc-8c0b-848a5ac9e671</CorrelationId>
      <OverwriteBehaviour>always</OverwriteBehaviour>
      <ApplicationRelativeFilePath>../Intent.Modules.NET.sln</ApplicationRelativeFilePath>
      <IsIgnored>false</IsIgnored>
    </FileLog>
    <FileLog>
      <ProjectId>e69aa4a1-a873-4e5a-9149-10e02b18f8dc</ProjectId>
      <CorrelationId>Intent.ModuleBuilder.Templates.Api.ApiElementExtensionModel#1dc3fbea-c3f7-47ee-842e-80cf45ae2714</CorrelationId>
      <OverwriteBehaviour>always</OverwriteBehaviour>
      <ApplicationRelativeFilePath>Api/ComponentOperationExtensionModel.cs</ApplicationRelativeFilePath>
      <ProjectRelativeFilePath>ComponentOperationExtensionModel.cs</ProjectRelativeFilePath>
      <IsIgnored>true</IsIgnored>
    </FileLog>
    <FileLog>
      <ProjectId>e69aa4a1-a873-4e5a-9149-10e02b18f8dc</ProjectId>
      <CorrelationId>Intent.ModuleBuilder.Templates.Api.ApiElementModel#7cea32c5-1218-4bf2-bbab-52ddb2cb1532</CorrelationId>
      <OverwriteBehaviour>always</OverwriteBehaviour>
      <ApplicationRelativeFilePath>Api/DataGridColumnModel.cs</ApplicationRelativeFilePath>
      <ProjectRelativeFilePath>DataGridColumnModel.cs</ProjectRelativeFilePath>
      <IsIgnored>false</IsIgnored>
    </FileLog>
    <FileLog>
      <ProjectId>e69aa4a1-a873-4e5a-9149-10e02b18f8dc</ProjectId>
      <CorrelationId>Intent.ModuleBuilder.Templates.Api.ApiElementModel#4b33f894-ad6e-43e0-a238-4286375c9ab7</CorrelationId>
      <OverwriteBehaviour>always</OverwriteBehaviour>
      <ApplicationRelativeFilePath>Api/DataGridModel.cs</ApplicationRelativeFilePath>
      <ProjectRelativeFilePath>DataGridModel.cs</ProjectRelativeFilePath>
      <IsIgnored>false</IsIgnored>
    </FileLog>
    <FileLog>
      <ProjectId>e69aa4a1-a873-4e5a-9149-10e02b18f8dc</ProjectId>
      <CorrelationId>Intent.ModuleBuilder.Templates.Api.ApiElementModelExtensions#4b33f894-ad6e-43e0-a238-4286375c9ab7</CorrelationId>
      <OverwriteBehaviour>always</OverwriteBehaviour>
      <ApplicationRelativeFilePath>Api/DataGridModelStereotypeExtensions.cs</ApplicationRelativeFilePath>
      <ProjectRelativeFilePath>DataGridModelStereotypeExtensions.cs</ProjectRelativeFilePath>
      <IsIgnored>false</IsIgnored>
    </FileLog>
    <FileLog>
      <ProjectId>e69aa4a1-a873-4e5a-9149-10e02b18f8dc</ProjectId>
      <CorrelationId>Intent.ModuleBuilder.Templates.Api.ApiElementModel#9af26915-0394-4cda-864d-0e7f9f9943dc</CorrelationId>
      <OverwriteBehaviour>always</OverwriteBehaviour>
      <ApplicationRelativeFilePath>Api/DataGridToolbarModel.cs</ApplicationRelativeFilePath>
      <ProjectRelativeFilePath>DataGridToolbarModel.cs</ProjectRelativeFilePath>
      <IsIgnored>false</IsIgnored>
    </FileLog>
    <FileLog>
      <ProjectId>e69aa4a1-a873-4e5a-9149-10e02b18f8dc</ProjectId>
      <CorrelationId>Intent.ModuleBuilder.Templates.Api.ApiElementModel#247a4768-7c46-472c-b5ea-565b37194956</CorrelationId>
      <OverwriteBehaviour>always</OverwriteBehaviour>
      <ApplicationRelativeFilePath>Api/DialogActionsModel.cs</ApplicationRelativeFilePath>
      <ProjectRelativeFilePath>DialogActionsModel.cs</ProjectRelativeFilePath>
      <IsIgnored>false</IsIgnored>
    </FileLog>
    <FileLog>
      <ProjectId>e69aa4a1-a873-4e5a-9149-10e02b18f8dc</ProjectId>
      <CorrelationId>Intent.ModuleBuilder.Templates.Api.ApiElementModel#69495016-6e72-4c18-bae5-2391e45cd234</CorrelationId>
      <OverwriteBehaviour>always</OverwriteBehaviour>
      <ApplicationRelativeFilePath>Api/DialogContentModel.cs</ApplicationRelativeFilePath>
      <ProjectRelativeFilePath>DialogContentModel.cs</ProjectRelativeFilePath>
      <IsIgnored>false</IsIgnored>
    </FileLog>
    <FileLog>
      <ProjectId>e69aa4a1-a873-4e5a-9149-10e02b18f8dc</ProjectId>
      <CorrelationId>Intent.ModuleBuilder.Templates.Api.ApiElementModel#1260ae89-b0cc-4ae0-b21c-7e26d45f16a5</CorrelationId>
      <OverwriteBehaviour>always</OverwriteBehaviour>
      <ApplicationRelativeFilePath>Api/DialogModel.cs</ApplicationRelativeFilePath>
      <ProjectRelativeFilePath>DialogModel.cs</ProjectRelativeFilePath>
      <IsIgnored>false</IsIgnored>
    </FileLog>
    <FileLog>
      <ProjectId>e69aa4a1-a873-4e5a-9149-10e02b18f8dc</ProjectId>
      <CorrelationId>Intent.ModuleBuilder.Templates.Api.ApiElementModel#c3a01bf4-20a8-4761-b62b-527d3005baff</CorrelationId>
      <OverwriteBehaviour>always</OverwriteBehaviour>
      <ApplicationRelativeFilePath>Api/DialogTitleModel.cs</ApplicationRelativeFilePath>
      <ProjectRelativeFilePath>DialogTitleModel.cs</ProjectRelativeFilePath>
      <IsIgnored>false</IsIgnored>
    </FileLog>
    <FileLog>
      <ProjectId>e69aa4a1-a873-4e5a-9149-10e02b18f8dc</ProjectId>
      <CorrelationId>Intent.ModuleBuilder.Templates.Api.ApiAssociationModel#2a309fb2-c487-4c00-9462-16dac9824731</CorrelationId>
      <OverwriteBehaviour>always</OverwriteBehaviour>
      <ApplicationRelativeFilePath>Api/ShowDialogModel.cs</ApplicationRelativeFilePath>
      <ProjectRelativeFilePath>ShowDialogModel.cs</ProjectRelativeFilePath>
      <IsIgnored>false</IsIgnored>
    </FileLog>
    <FileLog>
      <ProjectId>e69aa4a1-a873-4e5a-9149-10e02b18f8dc</ProjectId>
      <CorrelationId>Intent.ModuleBuilder.Templates.Api.ApiAssociationModelExtensions#2a309fb2-c487-4c00-9462-16dac9824731</CorrelationId>
      <OverwriteBehaviour>always</OverwriteBehaviour>
      <ApplicationRelativeFilePath>Api/ShowDialogModelAssociationExtensions.cs</ApplicationRelativeFilePath>
      <ProjectRelativeFilePath>ShowDialogModelAssociationExtensions.cs</ProjectRelativeFilePath>
      <IsIgnored>false</IsIgnored>
    </FileLog>
    <FileLog>
      <ProjectId>b3844f12-304a-475a-99d2-b54e8d202e97</ProjectId>
      <CorrelationId>Intent.ModuleBuilder.Templates.Api.ApiMetadataProviderExtensions</CorrelationId>
      <OverwriteBehaviour>always</OverwriteBehaviour>
      <ApplicationRelativeFilePath>ApiMetadataProviderExtensions.cs</ApplicationRelativeFilePath>
      <ProjectRelativeFilePath>ApiMetadataProviderExtensions.cs</ProjectRelativeFilePath>
      <IsIgnored>false</IsIgnored>
    </FileLog>
    <FileLog>
      <ProjectId>2bda8633-69d4-4d31-a183-4e938c79f6a8</ProjectId>
      <CorrelationId>Intent.ModuleBuilder.Templates.FactoryExtension#ea521efb-a5fa-4076-adac-154b24c0c10a</CorrelationId>
      <OverwriteBehaviour>always</OverwriteBehaviour>
      <ApplicationRelativeFilePath>FactoryExtensions/MudBlazorComponentInstaller.cs</ApplicationRelativeFilePath>
      <ProjectRelativeFilePath>MudBlazorComponentInstaller.cs</ProjectRelativeFilePath>
      <IsIgnored>false</IsIgnored>
    </FileLog>
    <FileLog>
      <ProjectId>2bda8633-69d4-4d31-a183-4e938c79f6a8</ProjectId>
      <CorrelationId>Intent.ModuleBuilder.Templates.FactoryExtension#dd277b16-0158-4a95-ac69-c6ffaa4c9612</CorrelationId>
      <OverwriteBehaviour>always</OverwriteBehaviour>
      <ApplicationRelativeFilePath>FactoryExtensions/MudBlazorInstaller.cs</ApplicationRelativeFilePath>
      <ProjectRelativeFilePath>MudBlazorInstaller.cs</ProjectRelativeFilePath>
      <IsIgnored>false</IsIgnored>
    </FileLog>
    <FileLog>
      <ProjectId>b3844f12-304a-475a-99d2-b54e8d202e97</ProjectId>
      <CorrelationId>Intent.ModuleBuilder.IModSpecFile</CorrelationId>
      <OverwriteBehaviour>always</OverwriteBehaviour>
      <ApplicationRelativeFilePath>Intent.Blazor.Components.MudBlazor.imodspec</ApplicationRelativeFilePath>
      <ProjectRelativeFilePath>Intent.Blazor.Components.MudBlazor.imodspec</ProjectRelativeFilePath>
      <IsIgnored>false</IsIgnored>
    </FileLog>
    <FileLog>
      <ProjectId>b3844f12-304a-475a-99d2-b54e8d202e97</ProjectId>
      <CorrelationId>Intent.VisualStudio.Projects.CSharpProject#b3844f12-304a-475a-99d2-b54e8d202e97</CorrelationId>
      <OverwriteBehaviour>always</OverwriteBehaviour>
      <ApplicationRelativeFilePath>Intent.Modules.Blazor.Components.MudBlazor.csproj</ApplicationRelativeFilePath>
      <ProjectRelativeFilePath>Intent.Modules.Blazor.Components.MudBlazor.csproj</ProjectRelativeFilePath>
      <IsIgnored>false</IsIgnored>
    </FileLog>
    <FileLog>
      <ProjectId>0845947b-9afb-4e32-a32f-3faf5335c461</ProjectId>
      <CorrelationId>Intent.ModuleBuilder.DesignerSettings#30eb8a90-664b-483b-9dfd-794c8e85f9eb</CorrelationId>
      <OverwriteBehaviour>always</OverwriteBehaviour>
      <ApplicationRelativeFilePath>modelers/MudBlazor Components.designer.settings</ApplicationRelativeFilePath>
      <ProjectRelativeFilePath>MudBlazor Components.designer.settings</ProjectRelativeFilePath>
      <IsIgnored>false</IsIgnored>
    </FileLog>
    <FileLog>
      <ProjectId>7111462e-5da2-4650-a003-cab73b15767d</ProjectId>
      <CorrelationId>Intent.ModuleBuilder.CSharp.Templates.CSharpTemplatePartial#a051e5c4-0715-4917-8cca-aa4f65cb93ed</CorrelationId>
      <OverwriteBehaviour>always</OverwriteBehaviour>
      <ApplicationRelativeFilePath>Templates/FluentValidationProviderExtensions/FluentValidationProviderExtensionsTemplatePartial.cs</ApplicationRelativeFilePath>
      <ProjectRelativeFilePath>FluentValidationProviderExtensions/FluentValidationProviderExtensionsTemplatePartial.cs</ProjectRelativeFilePath>
      <IsIgnored>false</IsIgnored>
    </FileLog>
    <FileLog>
      <ProjectId>7111462e-5da2-4650-a003-cab73b15767d</ProjectId>
      <CorrelationId>Intent.ModuleBuilder.TemplateRegistration.SingleFileNoModel#a051e5c4-0715-4917-8cca-aa4f65cb93ed</CorrelationId>
      <OverwriteBehaviour>always</OverwriteBehaviour>
      <ApplicationRelativeFilePath>Templates/FluentValidationProviderExtensions/FluentValidationProviderExtensionsTemplateRegistration.cs</ApplicationRelativeFilePath>
      <ProjectRelativeFilePath>FluentValidationProviderExtensions/FluentValidationProviderExtensionsTemplateRegistration.cs</ProjectRelativeFilePath>
      <IsIgnored>false</IsIgnored>
    </FileLog>
    <FileLog>
      <ProjectId>7111462e-5da2-4650-a003-cab73b15767d</ProjectId>
      <CorrelationId>Intent.ModuleBuilder.Templates.TemplateExtensions</CorrelationId>
      <OverwriteBehaviour>always</OverwriteBehaviour>
      <ApplicationRelativeFilePath>Templates/TemplateExtensions.cs</ApplicationRelativeFilePath>
      <ProjectRelativeFilePath>TemplateExtensions.cs</ProjectRelativeFilePath>
      <IsIgnored>false</IsIgnored>
    </FileLog>
  </FileLogs>
</outputLog>