<?xml version="1.0" encoding="utf-8"?>
<outputLog>
  <ApplicationId>c286b17c-d9cf-4acb-ab05-6256a99d5269</ApplicationId>
  <FileLogs>
    <FileLog>
      <CorrelationId>Intent.VisualStudio.Projects.VisualStudioSolution#7c7c1fbb-e804-41b1-810a-e1dbd6f104c1</CorrelationId>
      <OverwriteBehaviour>always</OverwriteBehaviour>
      <ApplicationRelativeFilePath>../Intent.Modules.NET.sln</ApplicationRelativeFilePath>
      <IsIgnored>false</IsIgnored>
    </FileLog>
    <FileLog>
      <ProjectId>87762c2d-1083-4063-ab3c-c741dc540213</ProjectId>
      <CorrelationId>Intent.ModuleBuilder.Templates.FactoryExtension#b3484c6c-8eb3-41a7-be50-4824afc2574e</CorrelationId>
      <OverwriteBehaviour>always</OverwriteBehaviour>
      <ApplicationRelativeFilePath>FactoryExtensions/ControllerInstaller.cs</ApplicationRelativeFilePath>
      <ProjectRelativeFilePath>ControllerInstaller.cs</ProjectRelativeFilePath>
      <IsIgnored>false</IsIgnored>
    </FileLog>
    <FileLog>
      <ProjectId>87762c2d-1083-4063-ab3c-c741dc540213</ProjectId>
      <CorrelationId>Intent.ModuleBuilder.Templates.FactoryExtension#d7ae1c13-a255-4561-9db6-8050b27836bb</CorrelationId>
      <OverwriteBehaviour>always</OverwriteBehaviour>
      <ApplicationRelativeFilePath>FactoryExtensions/SwaggerInstaller.cs</ApplicationRelativeFilePath>
      <ProjectRelativeFilePath>SwaggerInstaller.cs</ProjectRelativeFilePath>
      <IsIgnored>false</IsIgnored>
    </FileLog>
    <FileLog>
      <ProjectId>3cb282ce-95ea-454a-8531-423391b2de6d</ProjectId>
      <CorrelationId>Intent.ModuleBuilder.IModSpecFile</CorrelationId>
      <OverwriteBehaviour>always</OverwriteBehaviour>
      <ApplicationRelativeFilePath>Intent.AspNetCore.Versioning.imodspec</ApplicationRelativeFilePath>
      <ProjectRelativeFilePath>Intent.AspNetCore.Versioning.imodspec</ProjectRelativeFilePath>
      <IsIgnored>false</IsIgnored>
    </FileLog>
    <FileLog>
      <ProjectId>3cb282ce-95ea-454a-8531-423391b2de6d</ProjectId>
      <CorrelationId>Intent.VisualStudio.Projects.CoreLibrary.CSProject#3cb282ce-95ea-454a-8531-423391b2de6d</CorrelationId>
      <OverwriteBehaviour>always</OverwriteBehaviour>
      <ApplicationRelativeFilePath>Intent.Modules.AspNetCore.Versioning.csproj</ApplicationRelativeFilePath>
      <ProjectRelativeFilePath>Intent.Modules.AspNetCore.Versioning.csproj</ProjectRelativeFilePath>
      <IsIgnored>false</IsIgnored>
    </FileLog>
    <FileLog>
      <ProjectId>3cb282ce-95ea-454a-8531-423391b2de6d</ProjectId>
      <CorrelationId>Intent.ModuleBuilder.CSharp.Templates.NugetPackages</CorrelationId>
      <OverwriteBehaviour>always</OverwriteBehaviour>
      <ApplicationRelativeFilePath>NugetPackages.cs</ApplicationRelativeFilePath>
      <ProjectRelativeFilePath>NugetPackages.cs</ProjectRelativeFilePath>
      <IsIgnored>false</IsIgnored>
    </FileLog>
    <FileLog>
      <ProjectId>3cb282ce-95ea-454a-8531-423391b2de6d</ProjectId>
      <CorrelationId>Intent.ModuleBuilder.Templates.ReleaseNotes</CorrelationId>
      <OverwriteBehaviour>once-off</OverwriteBehaviour>
      <ApplicationRelativeFilePath>release-notes.md</ApplicationRelativeFilePath>
      <ProjectRelativeFilePath>release-notes.md</ProjectRelativeFilePath>
      <IsIgnored>false</IsIgnored>
    </FileLog>
    <FileLog>
      <ProjectId>2427eb8b-4435-437b-a848-ceeaae9bb655</ProjectId>
      <CorrelationId>Intent.ModuleBuilder.CSharp.Templates.CSharpTemplatePartial#4a21bb76-0781-4be0-8dc1-4c71180a5535</CorrelationId>
      <OverwriteBehaviour>always</OverwriteBehaviour>
      <ApplicationRelativeFilePath>Templates/ApiVersioningConfiguration/ApiVersioningConfigurationTemplatePartial.cs</ApplicationRelativeFilePath>
      <ProjectRelativeFilePath>ApiVersioningConfiguration/ApiVersioningConfigurationTemplatePartial.cs</ProjectRelativeFilePath>
      <IsIgnored>false</IsIgnored>
    </FileLog>
    <FileLog>
      <ProjectId>2427eb8b-4435-437b-a848-ceeaae9bb655</ProjectId>
      <CorrelationId>Intent.ModuleBuilder.TemplateRegistration.SingleFileNoModel#4a21bb76-0781-4be0-8dc1-4c71180a5535</CorrelationId>
      <OverwriteBehaviour>always</OverwriteBehaviour>
      <ApplicationRelativeFilePath>Templates/ApiVersioningConfiguration/ApiVersioningConfigurationTemplateRegistration.cs</ApplicationRelativeFilePath>
      <ProjectRelativeFilePath>ApiVersioningConfiguration/ApiVersioningConfigurationTemplateRegistration.cs</ProjectRelativeFilePath>
      <IsIgnored>false</IsIgnored>
    </FileLog>
    <FileLog>
      <ProjectId>2427eb8b-4435-437b-a848-ceeaae9bb655</ProjectId>
      <CorrelationId>Intent.ModuleBuilder.CSharp.Templates.CSharpTemplatePartial#1fe50eed-aeb7-4f0b-99a8-70fc0187cf8f</CorrelationId>
      <OverwriteBehaviour>always</OverwriteBehaviour>
      <ApplicationRelativeFilePath>Templates/ApiVersionSwaggerGenOptions/ApiVersionSwaggerGenOptionsTemplatePartial.cs</ApplicationRelativeFilePath>
      <ProjectRelativeFilePath>ApiVersionSwaggerGenOptions/ApiVersionSwaggerGenOptionsTemplatePartial.cs</ProjectRelativeFilePath>
      <IsIgnored>false</IsIgnored>
    </FileLog>
    <FileLog>
      <ProjectId>2427eb8b-4435-437b-a848-ceeaae9bb655</ProjectId>
      <CorrelationId>Intent.ModuleBuilder.TemplateRegistration.SingleFileNoModel#1fe50eed-aeb7-4f0b-99a8-70fc0187cf8f</CorrelationId>
      <OverwriteBehaviour>always</OverwriteBehaviour>
      <ApplicationRelativeFilePath>Templates/ApiVersionSwaggerGenOptions/ApiVersionSwaggerGenOptionsTemplateRegistration.cs</ApplicationRelativeFilePath>
      <ProjectRelativeFilePath>ApiVersionSwaggerGenOptions/ApiVersionSwaggerGenOptionsTemplateRegistration.cs</ProjectRelativeFilePath>
      <IsIgnored>false</IsIgnored>
    </FileLog>
    <FileLog>
      <ProjectId>2427eb8b-4435-437b-a848-ceeaae9bb655</ProjectId>
      <CorrelationId>Intent.ModuleBuilder.Templates.TemplateExtensions</CorrelationId>
      <OverwriteBehaviour>always</OverwriteBehaviour>
      <ApplicationRelativeFilePath>Templates/TemplateExtensions.cs</ApplicationRelativeFilePath>
      <ProjectRelativeFilePath>TemplateExtensions.cs</ProjectRelativeFilePath>
      <IsIgnored>false</IsIgnored>
    </FileLog>
  </FileLogs>
</outputLog>