<?xml version="1.0" encoding="utf-8"?>
<outputLog>
  <ApplicationId>d8c0b55c-b3ec-495b-968b-2d3876ee79e9</ApplicationId>
  <FileLogs>
    <FileLog>
      <CorrelationId>Intent.VisualStudio.Projects.VisualStudioSolution#45e6e8b8-0676-4bdf-b834-f5ddc781a0c7</CorrelationId>
      <OverwriteBehaviour>always</OverwriteBehaviour>
      <ApplicationRelativeFilePath>../Intent.Modules.NET.sln</ApplicationRelativeFilePath>
      <IsIgnored>false</IsIgnored>
    </FileLog>
    <FileLog>
      <ProjectId>a9bc0775-a74b-4ec0-a57d-9ed49074fa11</ProjectId>
      <CorrelationId>Intent.ModuleBuilder.Templates.Api.ApiElementModelExtensions#7f01ca8e-0e3c-4735-ae23-a45169f71625</CorrelationId>
      <OverwriteBehaviour>always</OverwriteBehaviour>
      <ApplicationRelativeFilePath>Api/IntegrationCommandModelStereotypeExtensions.cs</ApplicationRelativeFilePath>
      <ProjectRelativeFilePath>IntegrationCommandModelStereotypeExtensions.cs</ProjectRelativeFilePath>
      <IsIgnored>false</IsIgnored>
    </FileLog>
    <FileLog>
      <ProjectId>a9bc0775-a74b-4ec0-a57d-9ed49074fa11</ProjectId>
      <CorrelationId>Intent.ModuleBuilder.Templates.Api.ApiElementModelExtensions#cbe970af-5bad-4d92-a3ed-a24b9fdaa23e</CorrelationId>
      <OverwriteBehaviour>always</OverwriteBehaviour>
      <ApplicationRelativeFilePath>Api/MessageModelStereotypeExtensions.cs</ApplicationRelativeFilePath>
      <ProjectRelativeFilePath>MessageModelStereotypeExtensions.cs</ProjectRelativeFilePath>
      <IsIgnored>false</IsIgnored>
    </FileLog>
    <FileLog>
      <ProjectId>8d82a6c1-9680-4812-84ec-5a9c114d6aa8</ProjectId>
      <CorrelationId>Intent.ModuleBuilder.Templates.FactoryExtension#beda5d3a-d0a4-4d44-b5a0-e419b6ac3c41</CorrelationId>
      <OverwriteBehaviour>always</OverwriteBehaviour>
      <ApplicationRelativeFilePath>FactoryExtensions/EventBusInterfaceExtension.cs</ApplicationRelativeFilePath>
      <ProjectRelativeFilePath>EventBusInterfaceExtension.cs</ProjectRelativeFilePath>
      <IsIgnored>false</IsIgnored>
    </FileLog>
    <FileLog>
      <ProjectId>ea54e3e6-234d-4eb9-b691-39c833b6ecaf</ProjectId>
      <CorrelationId>Intent.ModuleBuilder.IModSpecFile</CorrelationId>
      <OverwriteBehaviour>always</OverwriteBehaviour>
      <ApplicationRelativeFilePath>Intent.Eventing.AzureServiceBus.imodspec</ApplicationRelativeFilePath>
      <ProjectRelativeFilePath>Intent.Eventing.AzureServiceBus.imodspec</ProjectRelativeFilePath>
      <IsIgnored>false</IsIgnored>
    </FileLog>
    <FileLog>
      <ProjectId>ea54e3e6-234d-4eb9-b691-39c833b6ecaf</ProjectId>
      <CorrelationId>Intent.VisualStudio.Projects.CSharpProject#ea54e3e6-234d-4eb9-b691-39c833b6ecaf</CorrelationId>
      <OverwriteBehaviour>always</OverwriteBehaviour>
      <ApplicationRelativeFilePath>Intent.Modules.Eventing.AzureServiceBus.csproj</ApplicationRelativeFilePath>
      <ProjectRelativeFilePath>Intent.Modules.Eventing.AzureServiceBus.csproj</ProjectRelativeFilePath>
      <IsIgnored>false</IsIgnored>
    </FileLog>
    <FileLog>
      <ProjectId>ea54e3e6-234d-4eb9-b691-39c833b6ecaf</ProjectId>
      <CorrelationId>Intent.ModuleBuilder.CSharp.Templates.NugetPackages</CorrelationId>
      <OverwriteBehaviour>always</OverwriteBehaviour>
      <ApplicationRelativeFilePath>NugetPackages.cs</ApplicationRelativeFilePath>
      <ProjectRelativeFilePath>NugetPackages.cs</ProjectRelativeFilePath>
      <IsIgnored>false</IsIgnored>
    </FileLog>
    <FileLog>
      <ProjectId>ea54e3e6-234d-4eb9-b691-39c833b6ecaf</ProjectId>
      <CorrelationId>Intent.ModuleBuilder.Templates.ReleaseNotes</CorrelationId>
      <OverwriteBehaviour>once-off</OverwriteBehaviour>
      <ApplicationRelativeFilePath>release-notes.md</ApplicationRelativeFilePath>
      <ProjectRelativeFilePath>release-notes.md</ProjectRelativeFilePath>
      <IsIgnored>false</IsIgnored>
    </FileLog>
    <FileLog>
      <ProjectId>f665cf95-5e06-4f84-9966-9031eb78ba05</ProjectId>
      <CorrelationId>Intent.ModuleBuilder.Templates.DocumentationTemplate#977e4c7b-0b32-4bc5-9467-9a58787b855f</CorrelationId>
      <OverwriteBehaviour>always</OverwriteBehaviour>
      <ApplicationRelativeFilePath>resources/documentation.json</ApplicationRelativeFilePath>
      <ProjectRelativeFilePath>documentation.json</ProjectRelativeFilePath>
      <IsIgnored>false</IsIgnored>
    </FileLog>
    <FileLog>
      <ProjectId>7b2da447-6ccd-488a-8050-21e4108b6933</ProjectId>
      <CorrelationId>Intent.ModuleBuilder.CSharp.Templates.CSharpTemplatePartial#8e1e66fa-9235-442f-80e2-8f5646d05541</CorrelationId>
      <OverwriteBehaviour>always</OverwriteBehaviour>
      <ApplicationRelativeFilePath>Templates/AzureServiceBusConfiguration/AzureServiceBusConfigurationTemplatePartial.cs</ApplicationRelativeFilePath>
      <ProjectRelativeFilePath>AzureServiceBusConfiguration/AzureServiceBusConfigurationTemplatePartial.cs</ProjectRelativeFilePath>
      <IsIgnored>false</IsIgnored>
    </FileLog>
    <FileLog>
      <ProjectId>7b2da447-6ccd-488a-8050-21e4108b6933</ProjectId>
      <CorrelationId>Intent.ModuleBuilder.TemplateRegistration.SingleFileNoModel#8e1e66fa-9235-442f-80e2-8f5646d05541</CorrelationId>
      <OverwriteBehaviour>always</OverwriteBehaviour>
      <ApplicationRelativeFilePath>Templates/AzureServiceBusConfiguration/AzureServiceBusConfigurationTemplateRegistration.cs</ApplicationRelativeFilePath>
      <ProjectRelativeFilePath>AzureServiceBusConfiguration/AzureServiceBusConfigurationTemplateRegistration.cs</ProjectRelativeFilePath>
      <IsIgnored>false</IsIgnored>
    </FileLog>
    <FileLog>
      <ProjectId>7b2da447-6ccd-488a-8050-21e4108b6933</ProjectId>
      <CorrelationId>Intent.ModuleBuilder.CSharp.Templates.CSharpTemplatePartial#a5e88f9d-0280-4d8d-b32f-fa3900c350de</CorrelationId>
      <OverwriteBehaviour>always</OverwriteBehaviour>
      <ApplicationRelativeFilePath>Templates/AzureServiceBusEventBus/AzureServiceBusEventBusTemplatePartial.cs</ApplicationRelativeFilePath>
      <ProjectRelativeFilePath>AzureServiceBusEventBus/AzureServiceBusEventBusTemplatePartial.cs</ProjectRelativeFilePath>
      <IsIgnored>false</IsIgnored>
    </FileLog>
    <FileLog>
      <ProjectId>7b2da447-6ccd-488a-8050-21e4108b6933</ProjectId>
      <CorrelationId>Intent.ModuleBuilder.TemplateRegistration.SingleFileNoModel#a5e88f9d-0280-4d8d-b32f-fa3900c350de</CorrelationId>
      <OverwriteBehaviour>always</OverwriteBehaviour>
      <ApplicationRelativeFilePath>Templates/AzureServiceBusEventBus/AzureServiceBusEventBusTemplateRegistration.cs</ApplicationRelativeFilePath>
      <ProjectRelativeFilePath>AzureServiceBusEventBus/AzureServiceBusEventBusTemplateRegistration.cs</ProjectRelativeFilePath>
      <IsIgnored>false</IsIgnored>
    </FileLog>
    <FileLog>
      <ProjectId>7b2da447-6ccd-488a-8050-21e4108b6933</ProjectId>
      <CorrelationId>Intent.ModuleBuilder.CSharp.Templates.CSharpTemplatePartial#3e66bb6c-0744-460a-9144-620e960acee9</CorrelationId>
      <OverwriteBehaviour>always</OverwriteBehaviour>
      <ApplicationRelativeFilePath>Templates/AzureServiceBusMessageDispatcher/AzureServiceBusMessageDispatcherTemplatePartial.cs</ApplicationRelativeFilePath>
      <ProjectRelativeFilePath>AzureServiceBusMessageDispatcher/AzureServiceBusMessageDispatcherTemplatePartial.cs</ProjectRelativeFilePath>
      <IsIgnored>false</IsIgnored>
    </FileLog>
    <FileLog>
      <ProjectId>7b2da447-6ccd-488a-8050-21e4108b6933</ProjectId>
      <CorrelationId>Intent.ModuleBuilder.TemplateRegistration.SingleFileNoModel#3e66bb6c-0744-460a-9144-620e960acee9</CorrelationId>
      <OverwriteBehaviour>always</OverwriteBehaviour>
      <ApplicationRelativeFilePath>Templates/AzureServiceBusMessageDispatcher/AzureServiceBusMessageDispatcherTemplateRegistration.cs</ApplicationRelativeFilePath>
      <ProjectRelativeFilePath>AzureServiceBusMessageDispatcher/AzureServiceBusMessageDispatcherTemplateRegistration.cs</ProjectRelativeFilePath>
      <IsIgnored>false</IsIgnored>
    </FileLog>
    <FileLog>
      <ProjectId>7b2da447-6ccd-488a-8050-21e4108b6933</ProjectId>
      <CorrelationId>Intent.ModuleBuilder.CSharp.Templates.CSharpTemplatePartial#886bab18-4f6d-4ebb-bcf1-3e7f41f72f8c</CorrelationId>
      <OverwriteBehaviour>always</OverwriteBehaviour>
      <ApplicationRelativeFilePath>Templates/AzureServiceBusMessageDispatcherInterface/AzureServiceBusMessageDispatcherInterfaceTemplatePartial.cs</ApplicationRelativeFilePath>
      <ProjectRelativeFilePath>AzureServiceBusMessageDispatcherInterface/AzureServiceBusMessageDispatcherInterfaceTemplatePartial.cs</ProjectRelativeFilePath>
      <IsIgnored>false</IsIgnored>
    </FileLog>
    <FileLog>
      <ProjectId>7b2da447-6ccd-488a-8050-21e4108b6933</ProjectId>
      <CorrelationId>Intent.ModuleBuilder.TemplateRegistration.SingleFileNoModel#886bab18-4f6d-4ebb-bcf1-3e7f41f72f8c</CorrelationId>
      <OverwriteBehaviour>always</OverwriteBehaviour>
      <ApplicationRelativeFilePath>Templates/AzureServiceBusMessageDispatcherInterface/AzureServiceBusMessageDispatcherInterfaceTemplateRegistration.cs</ApplicationRelativeFilePath>
      <ProjectRelativeFilePath>AzureServiceBusMessageDispatcherInterface/AzureServiceBusMessageDispatcherInterfaceTemplateRegistration.cs</ProjectRelativeFilePath>
      <IsIgnored>false</IsIgnored>
    </FileLog>
    <FileLog>
      <ProjectId>7b2da447-6ccd-488a-8050-21e4108b6933</ProjectId>
      <CorrelationId>Intent.ModuleBuilder.CSharp.Templates.CSharpTemplatePartial#6b82e377-cab9-4814-845c-02e4e5b3fe66</CorrelationId>
      <OverwriteBehaviour>always</OverwriteBehaviour>
      <ApplicationRelativeFilePath>Templates/IntegrationEventHandler/IntegrationEventHandlerTemplatePartial.cs</ApplicationRelativeFilePath>
      <ProjectRelativeFilePath>IntegrationEventHandler/IntegrationEventHandlerTemplatePartial.cs</ProjectRelativeFilePath>
      <IsIgnored>false</IsIgnored>
    </FileLog>
    <FileLog>
      <ProjectId>7b2da447-6ccd-488a-8050-21e4108b6933</ProjectId>
      <CorrelationId>Intent.ModuleBuilder.TemplateRegistration.FilePerModel#6b82e377-cab9-4814-845c-02e4e5b3fe66</CorrelationId>
      <OverwriteBehaviour>always</OverwriteBehaviour>
      <ApplicationRelativeFilePath>Templates/IntegrationEventHandler/IntegrationEventHandlerTemplateRegistration.cs</ApplicationRelativeFilePath>
      <ProjectRelativeFilePath>IntegrationEventHandler/IntegrationEventHandlerTemplateRegistration.cs</ProjectRelativeFilePath>
      <IsIgnored>false</IsIgnored>
    </FileLog>
    <FileLog>
      <ProjectId>7b2da447-6ccd-488a-8050-21e4108b6933</ProjectId>
      <CorrelationId>Intent.ModuleBuilder.CSharp.Templates.CSharpStringInterpolationTemplate#5aa7b10e-023d-4845-9516-ec42a2246598</CorrelationId>
      <OverwriteBehaviour>always</OverwriteBehaviour>
      <ApplicationRelativeFilePath>Templates/PublisherOptions/PublisherOptionsTemplate.cs</ApplicationRelativeFilePath>
      <ProjectRelativeFilePath>PublisherOptions/PublisherOptionsTemplate.cs</ProjectRelativeFilePath>
      <IsIgnored>false</IsIgnored>
    </FileLog>
    <FileLog>
      <ProjectId>7b2da447-6ccd-488a-8050-21e4108b6933</ProjectId>
      <CorrelationId>Intent.ModuleBuilder.CSharp.Templates.CSharpTemplatePartial#5aa7b10e-023d-4845-9516-ec42a2246598</CorrelationId>
      <OverwriteBehaviour>always</OverwriteBehaviour>
      <ApplicationRelativeFilePath>Templates/PublisherOptions/PublisherOptionsTemplatePartial.cs</ApplicationRelativeFilePath>
      <ProjectRelativeFilePath>PublisherOptions/PublisherOptionsTemplatePartial.cs</ProjectRelativeFilePath>
      <IsIgnored>false</IsIgnored>
    </FileLog>
    <FileLog>
      <ProjectId>7b2da447-6ccd-488a-8050-21e4108b6933</ProjectId>
      <CorrelationId>Intent.ModuleBuilder.TemplateRegistration.SingleFileNoModel#5aa7b10e-023d-4845-9516-ec42a2246598</CorrelationId>
      <OverwriteBehaviour>always</OverwriteBehaviour>
      <ApplicationRelativeFilePath>Templates/PublisherOptions/PublisherOptionsTemplateRegistration.cs</ApplicationRelativeFilePath>
      <ProjectRelativeFilePath>PublisherOptions/PublisherOptionsTemplateRegistration.cs</ProjectRelativeFilePath>
      <IsIgnored>false</IsIgnored>
    </FileLog>
    <FileLog>
      <ProjectId>7b2da447-6ccd-488a-8050-21e4108b6933</ProjectId>
      <CorrelationId>Intent.ModuleBuilder.CSharp.Templates.CSharpStringInterpolationTemplate#c6b62a06-5353-4688-a2dd-36d2a92bc8b7</CorrelationId>
      <OverwriteBehaviour>always</OverwriteBehaviour>
      <ApplicationRelativeFilePath>Templates/SubscriptionOptions/SubscriptionOptionsTemplate.cs</ApplicationRelativeFilePath>
      <ProjectRelativeFilePath>SubscriptionOptions/SubscriptionOptionsTemplate.cs</ProjectRelativeFilePath>
      <IsIgnored>false</IsIgnored>
    </FileLog>
    <FileLog>
      <ProjectId>7b2da447-6ccd-488a-8050-21e4108b6933</ProjectId>
      <CorrelationId>Intent.ModuleBuilder.CSharp.Templates.CSharpTemplatePartial#c6b62a06-5353-4688-a2dd-36d2a92bc8b7</CorrelationId>
      <OverwriteBehaviour>always</OverwriteBehaviour>
      <ApplicationRelativeFilePath>Templates/SubscriptionOptions/SubscriptionOptionsTemplatePartial.cs</ApplicationRelativeFilePath>
      <ProjectRelativeFilePath>SubscriptionOptions/SubscriptionOptionsTemplatePartial.cs</ProjectRelativeFilePath>
      <IsIgnored>false</IsIgnored>
    </FileLog>
    <FileLog>
      <ProjectId>7b2da447-6ccd-488a-8050-21e4108b6933</ProjectId>
      <CorrelationId>Intent.ModuleBuilder.TemplateRegistration.SingleFileNoModel#c6b62a06-5353-4688-a2dd-36d2a92bc8b7</CorrelationId>
      <OverwriteBehaviour>always</OverwriteBehaviour>
      <ApplicationRelativeFilePath>Templates/SubscriptionOptions/SubscriptionOptionsTemplateRegistration.cs</ApplicationRelativeFilePath>
      <ProjectRelativeFilePath>SubscriptionOptions/SubscriptionOptionsTemplateRegistration.cs</ProjectRelativeFilePath>
      <IsIgnored>false</IsIgnored>
    </FileLog>
    <FileLog>
      <ProjectId>7b2da447-6ccd-488a-8050-21e4108b6933</ProjectId>
      <CorrelationId>Intent.ModuleBuilder.Templates.TemplateExtensions</CorrelationId>
      <OverwriteBehaviour>always</OverwriteBehaviour>
      <ApplicationRelativeFilePath>Templates/TemplateExtensions.cs</ApplicationRelativeFilePath>
      <ProjectRelativeFilePath>TemplateExtensions.cs</ProjectRelativeFilePath>
      <IsIgnored>false</IsIgnored>
    </FileLog>
  </FileLogs>
</outputLog>