<?xml version="1.0" encoding="utf-8"?>
<outputLog>
  <ApplicationId>10957a81-94fa-4cfe-a4e9-8df13d59a03b</ApplicationId>
  <FileLogs>
    <FileLog>
      <CorrelationId>Intent.VisualStudio.Projects.VisualStudioSolution#ab0cbfdf-9f32-498f-91d1-5ede62b5e7c8</CorrelationId>
      <OverwriteBehaviour>always</OverwriteBehaviour>
      <ApplicationRelativeFilePath>../Intent.Modules.NET.sln</ApplicationRelativeFilePath>
      <IsIgnored>false</IsIgnored>
    </FileLog>
    <FileLog>
      <ProjectId>04491902-fe7a-4907-8646-2c522c7ed621</ProjectId>
      <CorrelationId>Intent.VisualStudio.Projects.CSharpProject#04491902-fe7a-4907-8646-2c522c7ed621</CorrelationId>
      <OverwriteBehaviour>always</OverwriteBehaviour>
      <ApplicationRelativeFilePath>Intent.Modules.AzureFunctions.AzureServiceBus.csproj</ApplicationRelativeFilePath>
      <ProjectRelativeFilePath>Intent.Modules.AzureFunctions.AzureServiceBus.csproj</ProjectRelativeFilePath>
      <IsIgnored>false</IsIgnored>
    </FileLog>
    <FileLog>
      <ProjectId>04491902-fe7a-4907-8646-2c522c7ed621</ProjectId>
      <CorrelationId>Intent.ModuleBuilder.IModSpecFile</CorrelationId>
      <OverwriteBehaviour>always</OverwriteBehaviour>
      <ApplicationRelativeFilePath>Intent.Modules.AzureFunctions.AzureServiceBus.imodspec</ApplicationRelativeFilePath>
      <ProjectRelativeFilePath>Intent.Modules.AzureFunctions.AzureServiceBus.imodspec</ProjectRelativeFilePath>
      <IsIgnored>false</IsIgnored>
    </FileLog>
    <FileLog>
      <ProjectId>04491902-fe7a-4907-8646-2c522c7ed621</ProjectId>
      <CorrelationId>Intent.ModuleBuilder.CSharp.Templates.NugetPackages</CorrelationId>
      <OverwriteBehaviour>always</OverwriteBehaviour>
      <ApplicationRelativeFilePath>NugetPackages.cs</ApplicationRelativeFilePath>
      <ProjectRelativeFilePath>NugetPackages.cs</ProjectRelativeFilePath>
      <IsIgnored>false</IsIgnored>
    </FileLog>
    <FileLog>
      <ProjectId>04491902-fe7a-4907-8646-2c522c7ed621</ProjectId>
      <CorrelationId>Intent.ModuleBuilder.Templates.ReleaseNotes</CorrelationId>
      <OverwriteBehaviour>once-off</OverwriteBehaviour>
      <ApplicationRelativeFilePath>release-notes.md</ApplicationRelativeFilePath>
      <ProjectRelativeFilePath>release-notes.md</ProjectRelativeFilePath>
      <IsIgnored>false</IsIgnored>
    </FileLog>
    <FileLog>
      <ProjectId>23a552e8-7633-4661-ae98-0d152addd59e</ProjectId>
      <CorrelationId>Intent.ModuleBuilder.CSharp.Templates.CSharpTemplatePartial#5f7f8c21-cb32-4be5-bec6-88b83fb97705</CorrelationId>
      <OverwriteBehaviour>always</OverwriteBehaviour>
      <ApplicationRelativeFilePath>Templates/AzureFunctionConsumer/AzureFunctionConsumerTemplatePartial.cs</ApplicationRelativeFilePath>
      <ProjectRelativeFilePath>AzureFunctionConsumer/AzureFunctionConsumerTemplatePartial.cs</ProjectRelativeFilePath>
      <IsIgnored>false</IsIgnored>
    </FileLog>
    <FileLog>
      <ProjectId>23a552e8-7633-4661-ae98-0d152addd59e</ProjectId>
      <CorrelationId>Intent.ModuleBuilder.TemplateRegistration.FilePerModel#5f7f8c21-cb32-4be5-bec6-88b83fb97705</CorrelationId>
      <OverwriteBehaviour>always</OverwriteBehaviour>
      <ApplicationRelativeFilePath>Templates/AzureFunctionConsumer/AzureFunctionConsumerTemplateRegistration.cs</ApplicationRelativeFilePath>
      <ProjectRelativeFilePath>AzureFunctionConsumer/AzureFunctionConsumerTemplateRegistration.cs</ProjectRelativeFilePath>
      <IsIgnored>false</IsIgnored>
    </FileLog>
    <FileLog>
      <ProjectId>23a552e8-7633-4661-ae98-0d152addd59e</ProjectId>
      <CorrelationId>Intent.ModuleBuilder.Templates.TemplateExtensions</CorrelationId>
      <OverwriteBehaviour>always</OverwriteBehaviour>
      <ApplicationRelativeFilePath>Templates/TemplateExtensions.cs</ApplicationRelativeFilePath>
      <ProjectRelativeFilePath>TemplateExtensions.cs</ProjectRelativeFilePath>
      <IsIgnored>false</IsIgnored>
    </FileLog>
  </FileLogs>
</outputLog>