<?xml version="1.0" encoding="utf-8"?>
<outputLog>
  <ApplicationId>ad22f3ab-10e5-488a-b026-81346dc61c64</ApplicationId>
  <FileLogs>
    <FileLog>
      <CorrelationId>Intent.VisualStudio.Projects.VisualStudioSolution#ef9f6665-82b7-48e0-98c8-c7e0f56f94ba</CorrelationId>
      <OverwriteBehaviour>always</OverwriteBehaviour>
      <ApplicationRelativeFilePath>../Intent.Modules.NET.sln</ApplicationRelativeFilePath>
      <IsIgnored>false</IsIgnored>
    </FileLog>
    <FileLog>
      <ProjectId>be53d805-6699-498d-a281-05f24e1b3e58</ProjectId>
      <CorrelationId>Intent.VisualStudio.Projects.CoreLibrary.CSProject#be53d805-6699-498d-a281-05f24e1b3e58</CorrelationId>
      <OverwriteBehaviour>always</OverwriteBehaviour>
      <ApplicationRelativeFilePath>Intent.Modules.ValueObjects.csproj</ApplicationRelativeFilePath>
      <ProjectRelativeFilePath>Intent.Modules.ValueObjects.csproj</ProjectRelativeFilePath>
      <IsIgnored>false</IsIgnored>
    </FileLog>
    <FileLog>
      <ProjectId>be53d805-6699-498d-a281-05f24e1b3e58</ProjectId>
      <CorrelationId>Intent.ModuleBuilder.IModSpecFile</CorrelationId>
      <OverwriteBehaviour>always</OverwriteBehaviour>
      <ApplicationRelativeFilePath>Intent.ValueObjects.imodspec</ApplicationRelativeFilePath>
      <ProjectRelativeFilePath>Intent.ValueObjects.imodspec</ProjectRelativeFilePath>
      <IsIgnored>false</IsIgnored>
    </FileLog>
    <FileLog>
      <ProjectId>be53d805-6699-498d-a281-05f24e1b3e58</ProjectId>
      <CorrelationId>Intent.ModuleBuilder.Templates.ReleaseNotes</CorrelationId>
      <OverwriteBehaviour>once-off</OverwriteBehaviour>
      <ApplicationRelativeFilePath>release-notes.md</ApplicationRelativeFilePath>
      <ProjectRelativeFilePath>release-notes.md</ProjectRelativeFilePath>
      <IsIgnored>false</IsIgnored>
    </FileLog>
    <FileLog>
      <ProjectId>41cb9249-d85a-49df-b2ed-95e5369b8d78</ProjectId>
      <CorrelationId>Intent.ModuleBuilder.Templates.Settings.ModuleSettingsExtensions#d0253512-2e91-4079-9e6a-5710f7739cd9</CorrelationId>
      <OverwriteBehaviour>always</OverwriteBehaviour>
      <ApplicationRelativeFilePath>Settings/ModuleSettingsExtensions.cs</ApplicationRelativeFilePath>
      <ProjectRelativeFilePath>ModuleSettingsExtensions.cs</ProjectRelativeFilePath>
      <IsIgnored>false</IsIgnored>
    </FileLog>
    <FileLog>
      <ProjectId>2b49f8c1-c0e9-4319-becd-ae56f45dd628</ProjectId>
      <CorrelationId>Intent.ModuleBuilder.Templates.TemplateExtensions</CorrelationId>
      <OverwriteBehaviour>always</OverwriteBehaviour>
      <ApplicationRelativeFilePath>Templates/TemplateExtensions.cs</ApplicationRelativeFilePath>
      <ProjectRelativeFilePath>TemplateExtensions.cs</ProjectRelativeFilePath>
      <IsIgnored>false</IsIgnored>
    </FileLog>
    <FileLog>
      <ProjectId>2b49f8c1-c0e9-4319-becd-ae56f45dd628</ProjectId>
      <CorrelationId>Intent.ModuleBuilder.CSharp.Templates.CSharpTemplatePartial#7327f865-ed9f-4f52-952e-124f7c1702e5</CorrelationId>
      <OverwriteBehaviour>always</OverwriteBehaviour>
      <ApplicationRelativeFilePath>Templates/ValueObject/ValueObjectTemplatePartial.cs</ApplicationRelativeFilePath>
      <ProjectRelativeFilePath>ValueObject/ValueObjectTemplatePartial.cs</ProjectRelativeFilePath>
      <IsIgnored>false</IsIgnored>
    </FileLog>
    <FileLog>
      <ProjectId>2b49f8c1-c0e9-4319-becd-ae56f45dd628</ProjectId>
      <CorrelationId>Intent.ModuleBuilder.TemplateRegistration.FilePerModel#7327f865-ed9f-4f52-952e-124f7c1702e5</CorrelationId>
      <OverwriteBehaviour>always</OverwriteBehaviour>
      <ApplicationRelativeFilePath>Templates/ValueObject/ValueObjectTemplateRegistration.cs</ApplicationRelativeFilePath>
      <ProjectRelativeFilePath>ValueObject/ValueObjectTemplateRegistration.cs</ProjectRelativeFilePath>
      <IsIgnored>false</IsIgnored>
    </FileLog>
    <FileLog>
      <ProjectId>2b49f8c1-c0e9-4319-becd-ae56f45dd628</ProjectId>
      <CorrelationId>Intent.ModuleBuilder.CSharp.Templates.CSharpStringInterpolationTemplate#c2d52433-731a-4ae3-b698-b2adfd0ea4df</CorrelationId>
      <OverwriteBehaviour>always</OverwriteBehaviour>
      <ApplicationRelativeFilePath>Templates/ValueObjectBase/ValueObjectBaseTemplate.cs</ApplicationRelativeFilePath>
      <ProjectRelativeFilePath>ValueObjectBase/ValueObjectBaseTemplate.cs</ProjectRelativeFilePath>
      <IsIgnored>false</IsIgnored>
    </FileLog>
    <FileLog>
      <ProjectId>2b49f8c1-c0e9-4319-becd-ae56f45dd628</ProjectId>
      <CorrelationId>Intent.ModuleBuilder.CSharp.Templates.CSharpTemplatePartial#c2d52433-731a-4ae3-b698-b2adfd0ea4df</CorrelationId>
      <OverwriteBehaviour>always</OverwriteBehaviour>
      <ApplicationRelativeFilePath>Templates/ValueObjectBase/ValueObjectBaseTemplatePartial.cs</ApplicationRelativeFilePath>
      <ProjectRelativeFilePath>ValueObjectBase/ValueObjectBaseTemplatePartial.cs</ProjectRelativeFilePath>
      <IsIgnored>false</IsIgnored>
    </FileLog>
    <FileLog>
      <ProjectId>2b49f8c1-c0e9-4319-becd-ae56f45dd628</ProjectId>
      <CorrelationId>Intent.ModuleBuilder.TemplateRegistration.SingleFileNoModel#c2d52433-731a-4ae3-b698-b2adfd0ea4df</CorrelationId>
      <OverwriteBehaviour>always</OverwriteBehaviour>
      <ApplicationRelativeFilePath>Templates/ValueObjectBase/ValueObjectBaseTemplateRegistration.cs</ApplicationRelativeFilePath>
      <ProjectRelativeFilePath>ValueObjectBase/ValueObjectBaseTemplateRegistration.cs</ProjectRelativeFilePath>
      <IsIgnored>false</IsIgnored>
    </FileLog>
  </FileLogs>
</outputLog>