<?xml version="1.0" encoding="utf-8"?>
<outputLog>
  <ApplicationId>95ba399f-5733-49fd-b2f3-5335a0630af6</ApplicationId>
  <FileLogs>
    <FileLog>
      <CorrelationId>Intent.VisualStudio.Projects.VisualStudioSolution#314e8ec7-2882-4658-98be-5c3b43d9ce03</CorrelationId>
      <OverwriteBehaviour>always</OverwriteBehaviour>
      <ApplicationRelativeFilePath>../Intent.Modules.NET.sln</ApplicationRelativeFilePath>
      <IsIgnored>false</IsIgnored>
    </FileLog>
    <FileLog>
      <ProjectId>7c31c0f2-27b1-4c62-ab1d-81989ac6aa7a</ProjectId>
      <CorrelationId>Intent.ModuleBuilder.Templates.FactoryExtension#7ab6f76d-5af6-43dd-b6b5-4fa733a613ed</CorrelationId>
      <OverwriteBehaviour>always</OverwriteBehaviour>
      <ApplicationRelativeFilePath>FactoryExtensions/ProgramExtension.cs</ApplicationRelativeFilePath>
      <ProjectRelativeFilePath>ProgramExtension.cs</ProjectRelativeFilePath>
      <IsIgnored>false</IsIgnored>
    </FileLog>
    <FileLog>
      <ProjectId>7df3fc9c-fbae-4c18-96d6-6365c30600df</ProjectId>
      <CorrelationId>Intent.ModuleBuilder.IModSpecFile#624663c4-68b1-4f3d-92d9-89e6c8f587d3</CorrelationId>
      <OverwriteBehaviour>always</OverwriteBehaviour>
      <ApplicationRelativeFilePath>Intent.Aws.SecretsManager.imodspec</ApplicationRelativeFilePath>
      <ProjectRelativeFilePath>Intent.Aws.SecretsManager.imodspec</ProjectRelativeFilePath>
      <IsIgnored>false</IsIgnored>
    </FileLog>
    <FileLog>
      <ProjectId>7df3fc9c-fbae-4c18-96d6-6365c30600df</ProjectId>
      <CorrelationId>Intent.VisualStudio.Projects.CSharpProject#7df3fc9c-fbae-4c18-96d6-6365c30600df</CorrelationId>
      <OverwriteBehaviour>always</OverwriteBehaviour>
      <ApplicationRelativeFilePath>Intent.Modules.Aws.SecretsManager.csproj</ApplicationRelativeFilePath>
      <ProjectRelativeFilePath>Intent.Modules.Aws.SecretsManager.csproj</ProjectRelativeFilePath>
      <IsIgnored>false</IsIgnored>
    </FileLog>
    <FileLog>
      <ProjectId>7df3fc9c-fbae-4c18-96d6-6365c30600df</ProjectId>
      <CorrelationId>Intent.ModuleBuilder.CSharp.Templates.NugetPackages#447cd3a9-6363-4927-9f32-1f180f4719ee</CorrelationId>
      <OverwriteBehaviour>always</OverwriteBehaviour>
      <ApplicationRelativeFilePath>NugetPackages.cs</ApplicationRelativeFilePath>
      <ProjectRelativeFilePath>NugetPackages.cs</ProjectRelativeFilePath>
      <IsIgnored>false</IsIgnored>
    </FileLog>
    <FileLog>
      <ProjectId>7df3fc9c-fbae-4c18-96d6-6365c30600df</ProjectId>
      <CorrelationId>Intent.ModuleBuilder.Templates.ReleaseNotes#bc2c4a89-283a-45ee-9d06-91b1f8d63157</CorrelationId>
      <OverwriteBehaviour>once-off</OverwriteBehaviour>
      <ApplicationRelativeFilePath>release-notes.md</ApplicationRelativeFilePath>
      <ProjectRelativeFilePath>release-notes.md</ProjectRelativeFilePath>
      <IsIgnored>false</IsIgnored>
    </FileLog>
    <FileLog>
      <ProjectId>8b377a9b-e676-4fa4-9c72-72004bbf6820</ProjectId>
      <CorrelationId>Intent.ModuleBuilder.Templates.DocumentationTemplate#9a556243-2c0d-4448-a862-d42c9a0dfd10</CorrelationId>
      <OverwriteBehaviour>always</OverwriteBehaviour>
      <ApplicationRelativeFilePath>resources/documentation.json</ApplicationRelativeFilePath>
      <ProjectRelativeFilePath>documentation.json</ProjectRelativeFilePath>
      <IsIgnored>false</IsIgnored>
    </FileLog>
    <FileLog>
      <ProjectId>ffce1e74-46dd-4c50-b00d-888560530c91</ProjectId>
      <CorrelationId>Intent.ModuleBuilder.CSharp.Templates.CSharpTemplatePartial#861d242e-bab9-4eee-8343-2ae64da9fa29</CorrelationId>
      <OverwriteBehaviour>always</OverwriteBehaviour>
      <ApplicationRelativeFilePath>Templates/AwsSecretsManagerConfiguration/AwsSecretsManagerConfigurationTemplatePartial.cs</ApplicationRelativeFilePath>
      <ProjectRelativeFilePath>AwsSecretsManagerConfiguration/AwsSecretsManagerConfigurationTemplatePartial.cs</ProjectRelativeFilePath>
      <IsIgnored>false</IsIgnored>
    </FileLog>
    <FileLog>
      <ProjectId>ffce1e74-46dd-4c50-b00d-888560530c91</ProjectId>
      <CorrelationId>Intent.ModuleBuilder.TemplateRegistration.SingleFileNoModel#861d242e-bab9-4eee-8343-2ae64da9fa29</CorrelationId>
      <OverwriteBehaviour>always</OverwriteBehaviour>
      <ApplicationRelativeFilePath>Templates/AwsSecretsManagerConfiguration/AwsSecretsManagerConfigurationTemplateRegistration.cs</ApplicationRelativeFilePath>
      <ProjectRelativeFilePath>AwsSecretsManagerConfiguration/AwsSecretsManagerConfigurationTemplateRegistration.cs</ProjectRelativeFilePath>
      <IsIgnored>false</IsIgnored>
    </FileLog>
    <FileLog>
      <ProjectId>ffce1e74-46dd-4c50-b00d-888560530c91</ProjectId>
      <CorrelationId>Intent.ModuleBuilder.CSharp.Templates.CSharpTemplatePartial#1c99a25d-95d2-4795-a13d-6326623f5d39</CorrelationId>
      <OverwriteBehaviour>always</OverwriteBehaviour>
      <ApplicationRelativeFilePath>Templates/AwsSecretsManagerConfigurationSource/AwsSecretsManagerConfigurationSourceTemplatePartial.cs</ApplicationRelativeFilePath>
      <ProjectRelativeFilePath>AwsSecretsManagerConfigurationSource/AwsSecretsManagerConfigurationSourceTemplatePartial.cs</ProjectRelativeFilePath>
      <IsIgnored>false</IsIgnored>
    </FileLog>
    <FileLog>
      <ProjectId>ffce1e74-46dd-4c50-b00d-888560530c91</ProjectId>
      <CorrelationId>Intent.ModuleBuilder.TemplateRegistration.SingleFileNoModel#1c99a25d-95d2-4795-a13d-6326623f5d39</CorrelationId>
      <OverwriteBehaviour>always</OverwriteBehaviour>
      <ApplicationRelativeFilePath>Templates/AwsSecretsManagerConfigurationSource/AwsSecretsManagerConfigurationSourceTemplateRegistration.cs</ApplicationRelativeFilePath>
      <ProjectRelativeFilePath>AwsSecretsManagerConfigurationSource/AwsSecretsManagerConfigurationSourceTemplateRegistration.cs</ProjectRelativeFilePath>
      <IsIgnored>false</IsIgnored>
    </FileLog>
    <FileLog>
      <ProjectId>ffce1e74-46dd-4c50-b00d-888560530c91</ProjectId>
      <CorrelationId>Intent.ModuleBuilder.CSharp.Templates.CSharpTemplatePartial#90c289df-adcb-41b1-82f1-a52f60c1000c</CorrelationId>
      <OverwriteBehaviour>always</OverwriteBehaviour>
      <ApplicationRelativeFilePath>Templates/AwsSecretsManagerOptions/AwsSecretsManagerOptionsTemplatePartial.cs</ApplicationRelativeFilePath>
      <ProjectRelativeFilePath>AwsSecretsManagerOptions/AwsSecretsManagerOptionsTemplatePartial.cs</ProjectRelativeFilePath>
      <IsIgnored>false</IsIgnored>
    </FileLog>
    <FileLog>
      <ProjectId>ffce1e74-46dd-4c50-b00d-888560530c91</ProjectId>
      <CorrelationId>Intent.ModuleBuilder.TemplateRegistration.SingleFileNoModel#90c289df-adcb-41b1-82f1-a52f60c1000c</CorrelationId>
      <OverwriteBehaviour>always</OverwriteBehaviour>
      <ApplicationRelativeFilePath>Templates/AwsSecretsManagerOptions/AwsSecretsManagerOptionsTemplateRegistration.cs</ApplicationRelativeFilePath>
      <ProjectRelativeFilePath>AwsSecretsManagerOptions/AwsSecretsManagerOptionsTemplateRegistration.cs</ProjectRelativeFilePath>
      <IsIgnored>false</IsIgnored>
    </FileLog>
    <FileLog>
      <ProjectId>ffce1e74-46dd-4c50-b00d-888560530c91</ProjectId>
      <CorrelationId>Intent.ModuleBuilder.Templates.TemplateExtensions#7a703844-59d1-47f9-ae4b-5beac134cdeb</CorrelationId>
      <OverwriteBehaviour>always</OverwriteBehaviour>
      <ApplicationRelativeFilePath>Templates/TemplateExtensions.cs</ApplicationRelativeFilePath>
      <ProjectRelativeFilePath>TemplateExtensions.cs</ProjectRelativeFilePath>
      <IsIgnored>false</IsIgnored>
    </FileLog>
  </FileLogs>
</outputLog>