<?xml version="1.0" encoding="utf-8"?>
<outputLog>
  <ApplicationId>c799cb74-e13e-49e8-a96d-7f6721edca23</ApplicationId>
  <FileLogs>
    <FileLog>
      <CorrelationId>Intent.VisualStudio.Projects.VisualStudio2015Solution#6fe582c7-693c-4ee8-b7f8-e4ed92c97016</CorrelationId>
      <OverwriteBehaviour>always</OverwriteBehaviour>
      <ApplicationRelativeFilePath>../Intent.Modules.NET.sln</ApplicationRelativeFilePath>
      <IsIgnored>false</IsIgnored>
    </FileLog>
    <FileLog>
      <ProjectId>9c444948-ccb8-4e56-b1e1-ce39eeb402e2</ProjectId>
      <CorrelationId>Intent.ModuleBuilder.IModSpecFile</CorrelationId>
      <OverwriteBehaviour>always</OverwriteBehaviour>
      <ApplicationRelativeFilePath>Intent.CloudStorageClient.imodspec</ApplicationRelativeFilePath>
      <ProjectRelativeFilePath>Intent.CloudStorageClient.imodspec</ProjectRelativeFilePath>
      <IsIgnored>false</IsIgnored>
    </FileLog>
    <FileLog>
      <ProjectId>9c444948-ccb8-4e56-b1e1-ce39eeb402e2</ProjectId>
      <CorrelationId>Intent.VisualStudio.Projects.CoreLibrary.CSProject#9c444948-ccb8-4e56-b1e1-ce39eeb402e2</CorrelationId>
      <OverwriteBehaviour>once-off</OverwriteBehaviour>
      <ApplicationRelativeFilePath>Intent.Modules.CloudStorageClient.csproj</ApplicationRelativeFilePath>
      <ProjectRelativeFilePath>Intent.Modules.CloudStorageClient.csproj</ProjectRelativeFilePath>
      <IsIgnored>false</IsIgnored>
    </FileLog>
    <FileLog>
      <ProjectId>9c444948-ccb8-4e56-b1e1-ce39eeb402e2</ProjectId>
      <CorrelationId>Intent.ModuleBuilder.ReadMe</CorrelationId>
      <OverwriteBehaviour>always</OverwriteBehaviour>
      <ApplicationRelativeFilePath>README.txt</ApplicationRelativeFilePath>
      <ProjectRelativeFilePath>README.txt</ProjectRelativeFilePath>
      <IsIgnored>false</IsIgnored>
    </FileLog>
    <FileLog>
      <ProjectId>1c6b012d-e24e-496a-b709-931e901b442c</ProjectId>
      <CorrelationId>Intent.ModuleBuilder.CSharp.Templates.CSharpTemplate.T4Template.PreProcessed#095a1c47-d9a5-40ec-a265-fe8b4a68681b</CorrelationId>
      <OverwriteBehaviour>always</OverwriteBehaviour>
      <ApplicationRelativeFilePath>Templates/AzureBlobStorageImplementation/AzureBlobStorageImplementationTemplate.cs</ApplicationRelativeFilePath>
      <ProjectRelativeFilePath>AzureBlobStorageImplementation/AzureBlobStorageImplementationTemplate.cs</ProjectRelativeFilePath>
      <IsIgnored>false</IsIgnored>
    </FileLog>
    <FileLog>
      <ProjectId>1c6b012d-e24e-496a-b709-931e901b442c</ProjectId>
      <CorrelationId>Intent.ModuleBuilder.CSharp.Templates.CSharpT4Template#095a1c47-d9a5-40ec-a265-fe8b4a68681b</CorrelationId>
      <OverwriteBehaviour>always</OverwriteBehaviour>
      <ApplicationRelativeFilePath>Templates/AzureBlobStorageImplementation/AzureBlobStorageImplementationTemplate.tt</ApplicationRelativeFilePath>
      <ProjectRelativeFilePath>AzureBlobStorageImplementation/AzureBlobStorageImplementationTemplate.tt</ProjectRelativeFilePath>
      <IsIgnored>false</IsIgnored>
    </FileLog>
    <FileLog>
      <ProjectId>1c6b012d-e24e-496a-b709-931e901b442c</ProjectId>
      <CorrelationId>Intent.ModuleBuilder.CSharp.Templates.CSharpTemplatePartial#095a1c47-d9a5-40ec-a265-fe8b4a68681b</CorrelationId>
      <OverwriteBehaviour>always</OverwriteBehaviour>
      <ApplicationRelativeFilePath>Templates/AzureBlobStorageImplementation/AzureBlobStorageImplementationTemplatePartial.cs</ApplicationRelativeFilePath>
      <ProjectRelativeFilePath>AzureBlobStorageImplementation/AzureBlobStorageImplementationTemplatePartial.cs</ProjectRelativeFilePath>
      <IsIgnored>false</IsIgnored>
    </FileLog>
    <FileLog>
      <ProjectId>1c6b012d-e24e-496a-b709-931e901b442c</ProjectId>
      <CorrelationId>Intent.ModuleBuilder.TemplateRegistration.SingleFileNoModel#095a1c47-d9a5-40ec-a265-fe8b4a68681b</CorrelationId>
      <OverwriteBehaviour>always</OverwriteBehaviour>
      <ApplicationRelativeFilePath>Templates/AzureBlobStorageImplementation/AzureBlobStorageImplementationTemplateRegistration.cs</ApplicationRelativeFilePath>
      <ProjectRelativeFilePath>AzureBlobStorageImplementation/AzureBlobStorageImplementationTemplateRegistration.cs</ProjectRelativeFilePath>
      <IsIgnored>false</IsIgnored>
    </FileLog>
    <FileLog>
      <ProjectId>1c6b012d-e24e-496a-b709-931e901b442c</ProjectId>
      <CorrelationId>Intent.ModuleBuilder.CSharp.Templates.CSharpTemplate.T4Template.PreProcessed#c4a32030-4e20-413b-b392-99dc423c7b24</CorrelationId>
      <OverwriteBehaviour>always</OverwriteBehaviour>
      <ApplicationRelativeFilePath>Templates/CloudStorageInterface/CloudStorageInterfaceTemplate.cs</ApplicationRelativeFilePath>
      <ProjectRelativeFilePath>CloudStorageInterface/CloudStorageInterfaceTemplate.cs</ProjectRelativeFilePath>
      <IsIgnored>false</IsIgnored>
    </FileLog>
    <FileLog>
      <ProjectId>1c6b012d-e24e-496a-b709-931e901b442c</ProjectId>
      <CorrelationId>Intent.ModuleBuilder.CSharp.Templates.CSharpT4Template#c4a32030-4e20-413b-b392-99dc423c7b24</CorrelationId>
      <OverwriteBehaviour>always</OverwriteBehaviour>
      <ApplicationRelativeFilePath>Templates/CloudStorageInterface/CloudStorageInterfaceTemplate.tt</ApplicationRelativeFilePath>
      <ProjectRelativeFilePath>CloudStorageInterface/CloudStorageInterfaceTemplate.tt</ProjectRelativeFilePath>
      <IsIgnored>false</IsIgnored>
    </FileLog>
    <FileLog>
      <ProjectId>1c6b012d-e24e-496a-b709-931e901b442c</ProjectId>
      <CorrelationId>Intent.ModuleBuilder.CSharp.Templates.CSharpTemplatePartial#c4a32030-4e20-413b-b392-99dc423c7b24</CorrelationId>
      <OverwriteBehaviour>always</OverwriteBehaviour>
      <ApplicationRelativeFilePath>Templates/CloudStorageInterface/CloudStorageInterfaceTemplatePartial.cs</ApplicationRelativeFilePath>
      <ProjectRelativeFilePath>CloudStorageInterface/CloudStorageInterfaceTemplatePartial.cs</ProjectRelativeFilePath>
      <IsIgnored>false</IsIgnored>
    </FileLog>
    <FileLog>
      <ProjectId>1c6b012d-e24e-496a-b709-931e901b442c</ProjectId>
      <CorrelationId>Intent.ModuleBuilder.TemplateRegistration.SingleFileNoModel#c4a32030-4e20-413b-b392-99dc423c7b24</CorrelationId>
      <OverwriteBehaviour>always</OverwriteBehaviour>
      <ApplicationRelativeFilePath>Templates/CloudStorageInterface/CloudStorageInterfaceTemplateRegistration.cs</ApplicationRelativeFilePath>
      <ProjectRelativeFilePath>CloudStorageInterface/CloudStorageInterfaceTemplateRegistration.cs</ProjectRelativeFilePath>
      <IsIgnored>false</IsIgnored>
    </FileLog>
    <FileLog>
      <ProjectId>1c6b012d-e24e-496a-b709-931e901b442c</ProjectId>
      <CorrelationId>Intent.ModuleBuilder.Templates.TemplateExtensions</CorrelationId>
      <OverwriteBehaviour>always</OverwriteBehaviour>
      <ApplicationRelativeFilePath>Templates/TemplateExtensions.cs</ApplicationRelativeFilePath>
      <ProjectRelativeFilePath>TemplateExtensions.cs</ProjectRelativeFilePath>
      <IsIgnored>false</IsIgnored>
    </FileLog>
  </FileLogs>
</outputLog>