<?xml version="1.0" encoding="utf-8"?>
<outputLog>
  <ApplicationId>5bca5abc-7b7a-40d4-9fec-220705ed94ed</ApplicationId>
  <FileLogs>
    <FileLog>
      <CorrelationId>Intent.VisualStudio.Projects.VisualStudioSolution#2ce82946-de5c-4148-8522-eb5aa96f8cc6</CorrelationId>
      <OverwriteBehaviour>always</OverwriteBehaviour>
      <ApplicationRelativeFilePath>../Intent.Modules.NET.sln</ApplicationRelativeFilePath>
      <IsIgnored>false</IsIgnored>
    </FileLog>
    <FileLog>
      <ProjectId>5c0189d1-8e9b-4eda-a135-b8d60a7a6f63</ProjectId>
      <CorrelationId>Intent.ModuleBuilder.Templates.Api.ApiElementExtensionModel#57fa2657-83dc-4e6d-9f9a-b8fa8afc8cbc</CorrelationId>
      <OverwriteBehaviour>always</OverwriteBehaviour>
      <ApplicationRelativeFilePath>Api/FolderExtensionModel.cs</ApplicationRelativeFilePath>
      <ProjectRelativeFilePath>FolderExtensionModel.cs</ProjectRelativeFilePath>
      <IsIgnored>false</IsIgnored>
    </FileLog>
    <FileLog>
      <ProjectId>5c0189d1-8e9b-4eda-a135-b8d60a7a6f63</ProjectId>
      <CorrelationId>Intent.ModuleBuilder.Templates.Api.ApiElementModelExtensions#7f01ca8e-0e3c-4735-ae23-a45169f71625</CorrelationId>
      <OverwriteBehaviour>always</OverwriteBehaviour>
      <ApplicationRelativeFilePath>Api/IntegrationCommandModelStereotypeExtensions.cs</ApplicationRelativeFilePath>
      <ProjectRelativeFilePath>IntegrationCommandModelStereotypeExtensions.cs</ProjectRelativeFilePath>
      <IsIgnored>false</IsIgnored>
    </FileLog>
    <FileLog>
      <ProjectId>5c0189d1-8e9b-4eda-a135-b8d60a7a6f63</ProjectId>
      <CorrelationId>Intent.ModuleBuilder.Templates.Api.ApiElementModelExtensions#cbe970af-5bad-4d92-a3ed-a24b9fdaa23e</CorrelationId>
      <OverwriteBehaviour>always</OverwriteBehaviour>
      <ApplicationRelativeFilePath>Api/MessageModelStereotypeExtensions.cs</ApplicationRelativeFilePath>
      <ProjectRelativeFilePath>MessageModelStereotypeExtensions.cs</ProjectRelativeFilePath>
      <IsIgnored>false</IsIgnored>
    </FileLog>
    <FileLog>
      <ProjectId>5c0189d1-8e9b-4eda-a135-b8d60a7a6f63</ProjectId>
      <CorrelationId>Intent.ModuleBuilder.Templates.Api.ApiPackageExtensionModel#0d13a568-331f-42e5-917e-292e18283515</CorrelationId>
      <OverwriteBehaviour>always</OverwriteBehaviour>
      <ApplicationRelativeFilePath>Api/PackageExtensionModel.cs</ApplicationRelativeFilePath>
      <ProjectRelativeFilePath>PackageExtensionModel.cs</ProjectRelativeFilePath>
      <IsIgnored>false</IsIgnored>
    </FileLog>
    <FileLog>
      <ProjectId>5c0189d1-8e9b-4eda-a135-b8d60a7a6f63</ProjectId>
      <CorrelationId>Intent.ModuleBuilder.Templates.Api.ApiElementModel#7c61be7b-8260-40ec-9722-8798b8261bb1</CorrelationId>
      <OverwriteBehaviour>always</OverwriteBehaviour>
      <ApplicationRelativeFilePath>Api/QueueModel.cs</ApplicationRelativeFilePath>
      <ProjectRelativeFilePath>QueueModel.cs</ProjectRelativeFilePath>
      <IsIgnored>false</IsIgnored>
    </FileLog>
    <FileLog>
      <ProjectId>5c0189d1-8e9b-4eda-a135-b8d60a7a6f63</ProjectId>
      <CorrelationId>Intent.ModuleBuilder.Templates.Api.ApiElementModelExtensions#7c61be7b-8260-40ec-9722-8798b8261bb1</CorrelationId>
      <OverwriteBehaviour>always</OverwriteBehaviour>
      <ApplicationRelativeFilePath>Api/QueueModelStereotypeExtensions.cs</ApplicationRelativeFilePath>
      <ProjectRelativeFilePath>QueueModelStereotypeExtensions.cs</ProjectRelativeFilePath>
      <IsIgnored>false</IsIgnored>
    </FileLog>
    <FileLog>
      <ProjectId>5c0189d1-8e9b-4eda-a135-b8d60a7a6f63</ProjectId>
      <CorrelationId>Intent.ModuleBuilder.Templates.Api.ApiElementModelExtensions#efa73bdb-69b7-4f52-aa10-15c19874b394</CorrelationId>
      <OverwriteBehaviour>always</OverwriteBehaviour>
      <ApplicationRelativeFilePath>Api/SubscribeIntegrationCommandTargetEndModelStereotypeExtensions.cs</ApplicationRelativeFilePath>
      <ProjectRelativeFilePath>SubscribeIntegrationCommandTargetEndModelStereotypeExtensions.cs</ProjectRelativeFilePath>
      <IsIgnored>false</IsIgnored>
    </FileLog>
    <FileLog>
      <ProjectId>5c0189d1-8e9b-4eda-a135-b8d60a7a6f63</ProjectId>
      <CorrelationId>Intent.ModuleBuilder.Templates.Api.ApiElementModelExtensions#16fa2952-79e6-4150-b5ab-45aa4c106de4</CorrelationId>
      <OverwriteBehaviour>always</OverwriteBehaviour>
      <ApplicationRelativeFilePath>Api/SubscribeIntegrationEventTargetEndModelStereotypeExtensions.cs</ApplicationRelativeFilePath>
      <ProjectRelativeFilePath>SubscribeIntegrationEventTargetEndModelStereotypeExtensions.cs</ProjectRelativeFilePath>
      <IsIgnored>false</IsIgnored>
    </FileLog>
    <FileLog>
      <ProjectId>a6c98406-2957-4db7-92c9-42304abef86f</ProjectId>
      <CorrelationId>Intent.ModuleBuilder.Templates.Api.ApiMetadataProviderExtensions</CorrelationId>
      <OverwriteBehaviour>always</OverwriteBehaviour>
      <ApplicationRelativeFilePath>ApiMetadataProviderExtensions.cs</ApplicationRelativeFilePath>
      <ProjectRelativeFilePath>ApiMetadataProviderExtensions.cs</ProjectRelativeFilePath>
      <IsIgnored>false</IsIgnored>
    </FileLog>
    <FileLog>
      <ProjectId>2e67b9cb-0d74-46e3-babc-8c4e49cf1401</ProjectId>
      <CorrelationId>Intent.ModuleBuilder.Templates.FactoryExtension#449f375f-c5af-45f1-b62d-2aadb792cf23</CorrelationId>
      <OverwriteBehaviour>always</OverwriteBehaviour>
      <ApplicationRelativeFilePath>FactoryExtensions/BaseMessageExtension.cs</ApplicationRelativeFilePath>
      <ProjectRelativeFilePath>BaseMessageExtension.cs</ProjectRelativeFilePath>
      <IsIgnored>false</IsIgnored>
    </FileLog>
    <FileLog>
      <ProjectId>2e67b9cb-0d74-46e3-babc-8c4e49cf1401</ProjectId>
      <CorrelationId>Intent.ModuleBuilder.Templates.FactoryExtension#821b1309-0e6a-4e3e-a332-8298a38ad58e</CorrelationId>
      <OverwriteBehaviour>always</OverwriteBehaviour>
      <ApplicationRelativeFilePath>FactoryExtensions/EventBusInterfaceExtension.cs</ApplicationRelativeFilePath>
      <ProjectRelativeFilePath>EventBusInterfaceExtension.cs</ProjectRelativeFilePath>
      <IsIgnored>false</IsIgnored>
    </FileLog>
    <FileLog>
      <ProjectId>a6c98406-2957-4db7-92c9-42304abef86f</ProjectId>
      <CorrelationId>Intent.ModuleBuilder.IModSpecFile</CorrelationId>
      <OverwriteBehaviour>always</OverwriteBehaviour>
      <ApplicationRelativeFilePath>Intent.Eventing.Solace.imodspec</ApplicationRelativeFilePath>
      <ProjectRelativeFilePath>Intent.Eventing.Solace.imodspec</ProjectRelativeFilePath>
      <IsIgnored>false</IsIgnored>
    </FileLog>
    <FileLog>
      <ProjectId>a6c98406-2957-4db7-92c9-42304abef86f</ProjectId>
      <CorrelationId>Intent.VisualStudio.Projects.CSharpProject#a6c98406-2957-4db7-92c9-42304abef86f</CorrelationId>
      <OverwriteBehaviour>always</OverwriteBehaviour>
      <ApplicationRelativeFilePath>Intent.Modules.Eventing.Solace.csproj</ApplicationRelativeFilePath>
      <ProjectRelativeFilePath>Intent.Modules.Eventing.Solace.csproj</ProjectRelativeFilePath>
      <IsIgnored>false</IsIgnored>
    </FileLog>
    <FileLog>
      <ProjectId>e8a17901-e1e1-4e34-b1e6-8cf3ad254b8b</ProjectId>
      <CorrelationId>Intent.ModuleBuilder.DesignerSettings#1a945b34-9637-4af2-ade9-5ab44dd79905</CorrelationId>
      <OverwriteBehaviour>always</OverwriteBehaviour>
      <ApplicationRelativeFilePath>modelers/Solace Settings.designer.settings</ApplicationRelativeFilePath>
      <ProjectRelativeFilePath>Solace Settings.designer.settings</ProjectRelativeFilePath>
      <IsIgnored>false</IsIgnored>
    </FileLog>
    <FileLog>
      <ProjectId>a6c98406-2957-4db7-92c9-42304abef86f</ProjectId>
      <CorrelationId>Intent.ModuleBuilder.CSharp.Templates.NugetPackages</CorrelationId>
      <OverwriteBehaviour>always</OverwriteBehaviour>
      <ApplicationRelativeFilePath>NugetPackages.cs</ApplicationRelativeFilePath>
      <ProjectRelativeFilePath>NugetPackages.cs</ProjectRelativeFilePath>
      <IsIgnored>false</IsIgnored>
    </FileLog>
    <FileLog>
      <ProjectId>0873ba49-49fb-49ed-978c-5bdf9821aaa9</ProjectId>
      <CorrelationId>Intent.ModuleBuilder.CSharp.Templates.CSharpTemplatePartial#80fc50e7-a856-4f20-8b93-056f29eb6829</CorrelationId>
      <OverwriteBehaviour>always</OverwriteBehaviour>
      <ApplicationRelativeFilePath>Templates/BaseMessage/BaseMessageTemplatePartial.cs</ApplicationRelativeFilePath>
      <ProjectRelativeFilePath>BaseMessage/BaseMessageTemplatePartial.cs</ProjectRelativeFilePath>
      <IsIgnored>false</IsIgnored>
    </FileLog>
    <FileLog>
      <ProjectId>0873ba49-49fb-49ed-978c-5bdf9821aaa9</ProjectId>
      <CorrelationId>Intent.ModuleBuilder.TemplateRegistration.SingleFileNoModel#80fc50e7-a856-4f20-8b93-056f29eb6829</CorrelationId>
      <OverwriteBehaviour>always</OverwriteBehaviour>
      <ApplicationRelativeFilePath>Templates/BaseMessage/BaseMessageTemplateRegistration.cs</ApplicationRelativeFilePath>
      <ProjectRelativeFilePath>BaseMessage/BaseMessageTemplateRegistration.cs</ProjectRelativeFilePath>
      <IsIgnored>false</IsIgnored>
    </FileLog>
    <FileLog>
      <ProjectId>0873ba49-49fb-49ed-978c-5bdf9821aaa9</ProjectId>
      <CorrelationId>Intent.ModuleBuilder.CSharp.Templates.CSharpTemplatePartial#fad92759-8fa4-417c-8b3d-67d8f756acc2</CorrelationId>
      <OverwriteBehaviour>always</OverwriteBehaviour>
      <ApplicationRelativeFilePath>Templates/BaseMessageConverter/BaseMessageConverterTemplatePartial.cs</ApplicationRelativeFilePath>
      <ProjectRelativeFilePath>BaseMessageConverter/BaseMessageConverterTemplatePartial.cs</ProjectRelativeFilePath>
      <IsIgnored>false</IsIgnored>
    </FileLog>
    <FileLog>
      <ProjectId>0873ba49-49fb-49ed-978c-5bdf9821aaa9</ProjectId>
      <CorrelationId>Intent.ModuleBuilder.TemplateRegistration.SingleFileNoModel#fad92759-8fa4-417c-8b3d-67d8f756acc2</CorrelationId>
      <OverwriteBehaviour>always</OverwriteBehaviour>
      <ApplicationRelativeFilePath>Templates/BaseMessageConverter/BaseMessageConverterTemplateRegistration.cs</ApplicationRelativeFilePath>
      <ProjectRelativeFilePath>BaseMessageConverter/BaseMessageConverterTemplateRegistration.cs</ProjectRelativeFilePath>
      <IsIgnored>false</IsIgnored>
    </FileLog>
    <FileLog>
      <ProjectId>0873ba49-49fb-49ed-978c-5bdf9821aaa9</ProjectId>
      <CorrelationId>Intent.ModuleBuilder.CSharp.Templates.CSharpTemplatePartial#1b3c274b-97fd-4404-84cc-6653e7ef427a</CorrelationId>
      <OverwriteBehaviour>always</OverwriteBehaviour>
      <ApplicationRelativeFilePath>Templates/DispatchResolver/DispatchResolverTemplatePartial.cs</ApplicationRelativeFilePath>
      <ProjectRelativeFilePath>DispatchResolver/DispatchResolverTemplatePartial.cs</ProjectRelativeFilePath>
      <IsIgnored>false</IsIgnored>
    </FileLog>
    <FileLog>
      <ProjectId>0873ba49-49fb-49ed-978c-5bdf9821aaa9</ProjectId>
      <CorrelationId>Intent.ModuleBuilder.TemplateRegistration.SingleFileNoModel#1b3c274b-97fd-4404-84cc-6653e7ef427a</CorrelationId>
      <OverwriteBehaviour>always</OverwriteBehaviour>
      <ApplicationRelativeFilePath>Templates/DispatchResolver/DispatchResolverTemplateRegistration.cs</ApplicationRelativeFilePath>
      <ProjectRelativeFilePath>DispatchResolver/DispatchResolverTemplateRegistration.cs</ProjectRelativeFilePath>
      <IsIgnored>false</IsIgnored>
    </FileLog>
    <FileLog>
      <ProjectId>0873ba49-49fb-49ed-978c-5bdf9821aaa9</ProjectId>
      <CorrelationId>Intent.ModuleBuilder.CSharp.Templates.CSharpTemplatePartial#16549ad8-d7bf-415d-bb1e-6d5fb4f2361e</CorrelationId>
      <OverwriteBehaviour>always</OverwriteBehaviour>
      <ApplicationRelativeFilePath>Templates/IntegrationEventHandler/IntegrationEventHandlerTemplatePartial.cs</ApplicationRelativeFilePath>
      <ProjectRelativeFilePath>IntegrationEventHandler/IntegrationEventHandlerTemplatePartial.cs</ProjectRelativeFilePath>
      <IsIgnored>false</IsIgnored>
    </FileLog>
    <FileLog>
      <ProjectId>0873ba49-49fb-49ed-978c-5bdf9821aaa9</ProjectId>
      <CorrelationId>Intent.ModuleBuilder.TemplateRegistration.FilePerModel#16549ad8-d7bf-415d-bb1e-6d5fb4f2361e</CorrelationId>
      <OverwriteBehaviour>always</OverwriteBehaviour>
      <ApplicationRelativeFilePath>Templates/IntegrationEventHandler/IntegrationEventHandlerTemplateRegistration.cs</ApplicationRelativeFilePath>
      <ProjectRelativeFilePath>IntegrationEventHandler/IntegrationEventHandlerTemplateRegistration.cs</ProjectRelativeFilePath>
      <IsIgnored>false</IsIgnored>
    </FileLog>
    <FileLog>
      <ProjectId>0873ba49-49fb-49ed-978c-5bdf9821aaa9</ProjectId>
      <CorrelationId>Intent.ModuleBuilder.CSharp.Templates.CSharpTemplatePartial#dd69c2cb-da21-4847-b0e6-942e812e2329</CorrelationId>
      <OverwriteBehaviour>always</OverwriteBehaviour>
      <ApplicationRelativeFilePath>Templates/IntegrationEventHandlerLegacy/IntegrationEventHandlerLegacyTemplatePartial.cs</ApplicationRelativeFilePath>
      <ProjectRelativeFilePath>IntegrationEventHandlerLegacy/IntegrationEventHandlerLegacyTemplatePartial.cs</ProjectRelativeFilePath>
      <IsIgnored>false</IsIgnored>
    </FileLog>
    <FileLog>
      <ProjectId>0873ba49-49fb-49ed-978c-5bdf9821aaa9</ProjectId>
      <CorrelationId>Intent.ModuleBuilder.TemplateRegistration.FilePerModel#dd69c2cb-da21-4847-b0e6-942e812e2329</CorrelationId>
      <OverwriteBehaviour>always</OverwriteBehaviour>
      <ApplicationRelativeFilePath>Templates/IntegrationEventHandlerLegacy/IntegrationEventHandlerLegacyTemplateRegistration.cs</ApplicationRelativeFilePath>
      <ProjectRelativeFilePath>IntegrationEventHandlerLegacy/IntegrationEventHandlerLegacyTemplateRegistration.cs</ProjectRelativeFilePath>
      <IsIgnored>false</IsIgnored>
    </FileLog>
    <FileLog>
      <ProjectId>0873ba49-49fb-49ed-978c-5bdf9821aaa9</ProjectId>
      <CorrelationId>Intent.ModuleBuilder.CSharp.Templates.CSharpTemplatePartial#114406f0-e77e-4ff5-ada0-38dbd22e7f14</CorrelationId>
      <OverwriteBehaviour>always</OverwriteBehaviour>
      <ApplicationRelativeFilePath>Templates/MessageRegistry/MessageRegistryTemplatePartial.cs</ApplicationRelativeFilePath>
      <ProjectRelativeFilePath>MessageRegistry/MessageRegistryTemplatePartial.cs</ProjectRelativeFilePath>
      <IsIgnored>false</IsIgnored>
    </FileLog>
    <FileLog>
      <ProjectId>0873ba49-49fb-49ed-978c-5bdf9821aaa9</ProjectId>
      <CorrelationId>Intent.ModuleBuilder.TemplateRegistration.SingleFileNoModel#114406f0-e77e-4ff5-ada0-38dbd22e7f14</CorrelationId>
      <OverwriteBehaviour>always</OverwriteBehaviour>
      <ApplicationRelativeFilePath>Templates/MessageRegistry/MessageRegistryTemplateRegistration.cs</ApplicationRelativeFilePath>
      <ProjectRelativeFilePath>MessageRegistry/MessageRegistryTemplateRegistration.cs</ProjectRelativeFilePath>
      <IsIgnored>false</IsIgnored>
    </FileLog>
    <FileLog>
      <ProjectId>0873ba49-49fb-49ed-978c-5bdf9821aaa9</ProjectId>
      <CorrelationId>Intent.ModuleBuilder.CSharp.Templates.CSharpTemplatePartial#2f456ca3-f298-4e07-9620-07917460b2ef</CorrelationId>
      <OverwriteBehaviour>always</OverwriteBehaviour>
      <ApplicationRelativeFilePath>Templates/MessageSerializer/MessageSerializerTemplatePartial.cs</ApplicationRelativeFilePath>
      <ProjectRelativeFilePath>MessageSerializer/MessageSerializerTemplatePartial.cs</ProjectRelativeFilePath>
      <IsIgnored>false</IsIgnored>
    </FileLog>
    <FileLog>
      <ProjectId>0873ba49-49fb-49ed-978c-5bdf9821aaa9</ProjectId>
      <CorrelationId>Intent.ModuleBuilder.TemplateRegistration.SingleFileNoModel#2f456ca3-f298-4e07-9620-07917460b2ef</CorrelationId>
      <OverwriteBehaviour>always</OverwriteBehaviour>
      <ApplicationRelativeFilePath>Templates/MessageSerializer/MessageSerializerTemplateRegistration.cs</ApplicationRelativeFilePath>
      <ProjectRelativeFilePath>MessageSerializer/MessageSerializerTemplateRegistration.cs</ProjectRelativeFilePath>
      <IsIgnored>false</IsIgnored>
    </FileLog>
    <FileLog>
      <ProjectId>0873ba49-49fb-49ed-978c-5bdf9821aaa9</ProjectId>
      <CorrelationId>Intent.ModuleBuilder.CSharp.Templates.CSharpTemplatePartial#2dc465c5-93d9-49a0-90ab-f0812cae472d</CorrelationId>
      <OverwriteBehaviour>always</OverwriteBehaviour>
      <ApplicationRelativeFilePath>Templates/SolaceConfiguration/SolaceConfigurationTemplatePartial.cs</ApplicationRelativeFilePath>
      <ProjectRelativeFilePath>SolaceConfiguration/SolaceConfigurationTemplatePartial.cs</ProjectRelativeFilePath>
      <IsIgnored>false</IsIgnored>
    </FileLog>
    <FileLog>
      <ProjectId>0873ba49-49fb-49ed-978c-5bdf9821aaa9</ProjectId>
      <CorrelationId>Intent.ModuleBuilder.TemplateRegistration.SingleFileNoModel#2dc465c5-93d9-49a0-90ab-f0812cae472d</CorrelationId>
      <OverwriteBehaviour>always</OverwriteBehaviour>
      <ApplicationRelativeFilePath>Templates/SolaceConfiguration/SolaceConfigurationTemplateRegistration.cs</ApplicationRelativeFilePath>
      <ProjectRelativeFilePath>SolaceConfiguration/SolaceConfigurationTemplateRegistration.cs</ProjectRelativeFilePath>
      <IsIgnored>false</IsIgnored>
    </FileLog>
    <FileLog>
      <ProjectId>0873ba49-49fb-49ed-978c-5bdf9821aaa9</ProjectId>
      <CorrelationId>Intent.ModuleBuilder.CSharp.Templates.CSharpTemplatePartial#6c0703e9-1dd0-43cf-a3ce-aa1dd948bc34</CorrelationId>
      <OverwriteBehaviour>always</OverwriteBehaviour>
      <ApplicationRelativeFilePath>Templates/SolaceConsumer/SolaceConsumerTemplatePartial.cs</ApplicationRelativeFilePath>
      <ProjectRelativeFilePath>SolaceConsumer/SolaceConsumerTemplatePartial.cs</ProjectRelativeFilePath>
      <IsIgnored>false</IsIgnored>
    </FileLog>
    <FileLog>
      <ProjectId>0873ba49-49fb-49ed-978c-5bdf9821aaa9</ProjectId>
      <CorrelationId>Intent.ModuleBuilder.TemplateRegistration.SingleFileNoModel#6c0703e9-1dd0-43cf-a3ce-aa1dd948bc34</CorrelationId>
      <OverwriteBehaviour>always</OverwriteBehaviour>
      <ApplicationRelativeFilePath>Templates/SolaceConsumer/SolaceConsumerTemplateRegistration.cs</ApplicationRelativeFilePath>
      <ProjectRelativeFilePath>SolaceConsumer/SolaceConsumerTemplateRegistration.cs</ProjectRelativeFilePath>
      <IsIgnored>false</IsIgnored>
    </FileLog>
    <FileLog>
      <ProjectId>0873ba49-49fb-49ed-978c-5bdf9821aaa9</ProjectId>
      <CorrelationId>Intent.ModuleBuilder.CSharp.Templates.CSharpTemplatePartial#b41f20e3-466c-4e96-aadc-05bbad651e10</CorrelationId>
      <OverwriteBehaviour>always</OverwriteBehaviour>
      <ApplicationRelativeFilePath>Templates/SolaceConsumingService/SolaceConsumingServiceTemplatePartial.cs</ApplicationRelativeFilePath>
      <ProjectRelativeFilePath>SolaceConsumingService/SolaceConsumingServiceTemplatePartial.cs</ProjectRelativeFilePath>
      <IsIgnored>false</IsIgnored>
    </FileLog>
    <FileLog>
      <ProjectId>0873ba49-49fb-49ed-978c-5bdf9821aaa9</ProjectId>
      <CorrelationId>Intent.ModuleBuilder.TemplateRegistration.SingleFileNoModel#b41f20e3-466c-4e96-aadc-05bbad651e10</CorrelationId>
      <OverwriteBehaviour>always</OverwriteBehaviour>
      <ApplicationRelativeFilePath>Templates/SolaceConsumingService/SolaceConsumingServiceTemplateRegistration.cs</ApplicationRelativeFilePath>
      <ProjectRelativeFilePath>SolaceConsumingService/SolaceConsumingServiceTemplateRegistration.cs</ProjectRelativeFilePath>
      <IsIgnored>false</IsIgnored>
    </FileLog>
    <FileLog>
      <ProjectId>0873ba49-49fb-49ed-978c-5bdf9821aaa9</ProjectId>
      <CorrelationId>Intent.ModuleBuilder.CSharp.Templates.CSharpTemplatePartial#976a4533-1a94-425d-9249-1ddc7bf2a155</CorrelationId>
      <OverwriteBehaviour>always</OverwriteBehaviour>
      <ApplicationRelativeFilePath>Templates/SolaceEventBus/SolaceEventBusTemplatePartial.cs</ApplicationRelativeFilePath>
      <ProjectRelativeFilePath>SolaceEventBus/SolaceEventBusTemplatePartial.cs</ProjectRelativeFilePath>
      <IsIgnored>false</IsIgnored>
    </FileLog>
    <FileLog>
      <ProjectId>0873ba49-49fb-49ed-978c-5bdf9821aaa9</ProjectId>
      <CorrelationId>Intent.ModuleBuilder.TemplateRegistration.SingleFileNoModel#976a4533-1a94-425d-9249-1ddc7bf2a155</CorrelationId>
      <OverwriteBehaviour>always</OverwriteBehaviour>
      <ApplicationRelativeFilePath>Templates/SolaceEventBus/SolaceEventBusTemplateRegistration.cs</ApplicationRelativeFilePath>
      <ProjectRelativeFilePath>SolaceEventBus/SolaceEventBusTemplateRegistration.cs</ProjectRelativeFilePath>
      <IsIgnored>false</IsIgnored>
    </FileLog>
    <FileLog>
      <ProjectId>0873ba49-49fb-49ed-978c-5bdf9821aaa9</ProjectId>
      <CorrelationId>Intent.ModuleBuilder.CSharp.Templates.CSharpTemplatePartial#abfd356c-f08a-4325-82f1-3af9a2e40aad</CorrelationId>
      <OverwriteBehaviour>always</OverwriteBehaviour>
      <ApplicationRelativeFilePath>Templates/SolaceEventDispatcher/SolaceEventDispatcherTemplatePartial.cs</ApplicationRelativeFilePath>
      <ProjectRelativeFilePath>SolaceEventDispatcher/SolaceEventDispatcherTemplatePartial.cs</ProjectRelativeFilePath>
      <IsIgnored>false</IsIgnored>
    </FileLog>
    <FileLog>
      <ProjectId>0873ba49-49fb-49ed-978c-5bdf9821aaa9</ProjectId>
      <CorrelationId>Intent.ModuleBuilder.TemplateRegistration.SingleFileNoModel#abfd356c-f08a-4325-82f1-3af9a2e40aad</CorrelationId>
      <OverwriteBehaviour>always</OverwriteBehaviour>
      <ApplicationRelativeFilePath>Templates/SolaceEventDispatcher/SolaceEventDispatcherTemplateRegistration.cs</ApplicationRelativeFilePath>
      <ProjectRelativeFilePath>SolaceEventDispatcher/SolaceEventDispatcherTemplateRegistration.cs</ProjectRelativeFilePath>
      <IsIgnored>false</IsIgnored>
    </FileLog>
    <FileLog>
      <ProjectId>0873ba49-49fb-49ed-978c-5bdf9821aaa9</ProjectId>
      <CorrelationId>Intent.ModuleBuilder.CSharp.Templates.CSharpTemplatePartial#fafa095c-960e-4483-8b6f-abcab6062a84</CorrelationId>
      <OverwriteBehaviour>always</OverwriteBehaviour>
      <ApplicationRelativeFilePath>Templates/SolaceEventDispatcherInterface/SolaceEventDispatcherInterfaceTemplatePartial.cs</ApplicationRelativeFilePath>
      <ProjectRelativeFilePath>SolaceEventDispatcherInterface/SolaceEventDispatcherInterfaceTemplatePartial.cs</ProjectRelativeFilePath>
      <IsIgnored>false</IsIgnored>
    </FileLog>
    <FileLog>
      <ProjectId>0873ba49-49fb-49ed-978c-5bdf9821aaa9</ProjectId>
      <CorrelationId>Intent.ModuleBuilder.TemplateRegistration.SingleFileNoModel#fafa095c-960e-4483-8b6f-abcab6062a84</CorrelationId>
      <OverwriteBehaviour>always</OverwriteBehaviour>
      <ApplicationRelativeFilePath>Templates/SolaceEventDispatcherInterface/SolaceEventDispatcherInterfaceTemplateRegistration.cs</ApplicationRelativeFilePath>
      <ProjectRelativeFilePath>SolaceEventDispatcherInterface/SolaceEventDispatcherInterfaceTemplateRegistration.cs</ProjectRelativeFilePath>
      <IsIgnored>false</IsIgnored>
    </FileLog>
    <FileLog>
      <ProjectId>0873ba49-49fb-49ed-978c-5bdf9821aaa9</ProjectId>
      <CorrelationId>Intent.ModuleBuilder.Templates.TemplateExtensions</CorrelationId>
      <OverwriteBehaviour>always</OverwriteBehaviour>
      <ApplicationRelativeFilePath>Templates/TemplateExtensions.cs</ApplicationRelativeFilePath>
      <ProjectRelativeFilePath>TemplateExtensions.cs</ProjectRelativeFilePath>
      <IsIgnored>false</IsIgnored>
    </FileLog>
  </FileLogs>
</outputLog>