<?xml version="1.0" encoding="utf-8"?>
<outputLog>
  <ApplicationId>69705fd3-4f0c-449e-9b70-50f1f7f5db97</ApplicationId>
  <FileLogs>
    <FileLog>
      <CorrelationId>Intent.VisualStudio.Projects.VisualStudioSolution#5fd56ebd-0b85-44bf-abf3-f3ec11c14f3a</CorrelationId>
      <OverwriteBehaviour>always</OverwriteBehaviour>
      <ApplicationRelativeFilePath>../Intent.Modules.NET.sln</ApplicationRelativeFilePath>
      <IsIgnored>false</IsIgnored>
    </FileLog>
    <FileLog>
      <ProjectId>8ea4de74-862a-41dc-bdca-ccc5693e3410</ProjectId>
      <CorrelationId>Intent.ModuleBuilder.IModSpecFile</CorrelationId>
      <OverwriteBehaviour>always</OverwriteBehaviour>
      <ApplicationRelativeFilePath>Intent.Google.CloudStorage.imodspec</ApplicationRelativeFilePath>
      <ProjectRelativeFilePath>Intent.Google.CloudStorage.imodspec</ProjectRelativeFilePath>
      <IsIgnored>false</IsIgnored>
    </FileLog>
    <FileLog>
      <ProjectId>8ea4de74-862a-41dc-bdca-ccc5693e3410</ProjectId>
      <CorrelationId>Intent.VisualStudio.Projects.CSharpProject#8ea4de74-862a-41dc-bdca-ccc5693e3410</CorrelationId>
      <OverwriteBehaviour>always</OverwriteBehaviour>
      <ApplicationRelativeFilePath>Intent.Modules.Google.CloudStorage.csproj</ApplicationRelativeFilePath>
      <ProjectRelativeFilePath>Intent.Modules.Google.CloudStorage.csproj</ProjectRelativeFilePath>
      <IsIgnored>false</IsIgnored>
    </FileLog>
    <FileLog>
      <ProjectId>8ea4de74-862a-41dc-bdca-ccc5693e3410</ProjectId>
      <CorrelationId>Intent.ModuleBuilder.CSharp.Templates.NugetPackages</CorrelationId>
      <OverwriteBehaviour>always</OverwriteBehaviour>
      <ApplicationRelativeFilePath>NugetPackages.cs</ApplicationRelativeFilePath>
      <ProjectRelativeFilePath>NugetPackages.cs</ProjectRelativeFilePath>
      <IsIgnored>false</IsIgnored>
    </FileLog>
    <FileLog>
      <ProjectId>989988dc-b6fd-4b64-91a8-44a939bbf178</ProjectId>
      <CorrelationId>Intent.ModuleBuilder.CSharp.Templates.CSharpTemplatePartial#2a5bbf39-8674-4ca7-84d1-b4fa3367715b</CorrelationId>
      <OverwriteBehaviour>always</OverwriteBehaviour>
      <ApplicationRelativeFilePath>Templates/BulkCloudObjectItem/BulkCloudObjectItemTemplatePartial.cs</ApplicationRelativeFilePath>
      <ProjectRelativeFilePath>BulkCloudObjectItem/BulkCloudObjectItemTemplatePartial.cs</ProjectRelativeFilePath>
      <IsIgnored>false</IsIgnored>
    </FileLog>
    <FileLog>
      <ProjectId>989988dc-b6fd-4b64-91a8-44a939bbf178</ProjectId>
      <CorrelationId>Intent.ModuleBuilder.TemplateRegistration.SingleFileNoModel#2a5bbf39-8674-4ca7-84d1-b4fa3367715b</CorrelationId>
      <OverwriteBehaviour>always</OverwriteBehaviour>
      <ApplicationRelativeFilePath>Templates/BulkCloudObjectItem/BulkCloudObjectItemTemplateRegistration.cs</ApplicationRelativeFilePath>
      <ProjectRelativeFilePath>BulkCloudObjectItem/BulkCloudObjectItemTemplateRegistration.cs</ProjectRelativeFilePath>
      <IsIgnored>false</IsIgnored>
    </FileLog>
    <FileLog>
      <ProjectId>989988dc-b6fd-4b64-91a8-44a939bbf178</ProjectId>
      <CorrelationId>Intent.ModuleBuilder.CSharp.Templates.CSharpTemplatePartial#c3374951-99bc-49e6-9d60-eacb550ee9d2</CorrelationId>
      <OverwriteBehaviour>always</OverwriteBehaviour>
      <ApplicationRelativeFilePath>Templates/CloudStorageInterface/CloudStorageInterfaceTemplatePartial.cs</ApplicationRelativeFilePath>
      <ProjectRelativeFilePath>CloudStorageInterface/CloudStorageInterfaceTemplatePartial.cs</ProjectRelativeFilePath>
      <IsIgnored>false</IsIgnored>
    </FileLog>
    <FileLog>
      <ProjectId>989988dc-b6fd-4b64-91a8-44a939bbf178</ProjectId>
      <CorrelationId>Intent.ModuleBuilder.TemplateRegistration.SingleFileNoModel#c3374951-99bc-49e6-9d60-eacb550ee9d2</CorrelationId>
      <OverwriteBehaviour>always</OverwriteBehaviour>
      <ApplicationRelativeFilePath>Templates/CloudStorageInterface/CloudStorageInterfaceTemplateRegistration.cs</ApplicationRelativeFilePath>
      <ProjectRelativeFilePath>CloudStorageInterface/CloudStorageInterfaceTemplateRegistration.cs</ProjectRelativeFilePath>
      <IsIgnored>false</IsIgnored>
    </FileLog>
    <FileLog>
      <ProjectId>989988dc-b6fd-4b64-91a8-44a939bbf178</ProjectId>
      <CorrelationId>Intent.ModuleBuilder.CSharp.Templates.CSharpTemplatePartial#cd64f158-be0a-48a3-944c-9f61dfdc2983</CorrelationId>
      <OverwriteBehaviour>always</OverwriteBehaviour>
      <ApplicationRelativeFilePath>Templates/GoogleCloudStorageConfiguration/GoogleCloudStorageConfigurationTemplatePartial.cs</ApplicationRelativeFilePath>
      <ProjectRelativeFilePath>GoogleCloudStorageConfiguration/GoogleCloudStorageConfigurationTemplatePartial.cs</ProjectRelativeFilePath>
      <IsIgnored>false</IsIgnored>
    </FileLog>
    <FileLog>
      <ProjectId>989988dc-b6fd-4b64-91a8-44a939bbf178</ProjectId>
      <CorrelationId>Intent.ModuleBuilder.TemplateRegistration.SingleFileNoModel#cd64f158-be0a-48a3-944c-9f61dfdc2983</CorrelationId>
      <OverwriteBehaviour>always</OverwriteBehaviour>
      <ApplicationRelativeFilePath>Templates/GoogleCloudStorageConfiguration/GoogleCloudStorageConfigurationTemplateRegistration.cs</ApplicationRelativeFilePath>
      <ProjectRelativeFilePath>GoogleCloudStorageConfiguration/GoogleCloudStorageConfigurationTemplateRegistration.cs</ProjectRelativeFilePath>
      <IsIgnored>false</IsIgnored>
    </FileLog>
    <FileLog>
      <ProjectId>989988dc-b6fd-4b64-91a8-44a939bbf178</ProjectId>
      <CorrelationId>Intent.ModuleBuilder.CSharp.Templates.CSharpTemplatePartial#7bbc6e9c-c0bc-4cb5-9d23-10b7b1bf974c</CorrelationId>
      <OverwriteBehaviour>always</OverwriteBehaviour>
      <ApplicationRelativeFilePath>Templates/GoogleCloudStorageImplementation/GoogleCloudStorageImplementationTemplatePartial.cs</ApplicationRelativeFilePath>
      <ProjectRelativeFilePath>GoogleCloudStorageImplementation/GoogleCloudStorageImplementationTemplatePartial.cs</ProjectRelativeFilePath>
      <IsIgnored>false</IsIgnored>
    </FileLog>
    <FileLog>
      <ProjectId>989988dc-b6fd-4b64-91a8-44a939bbf178</ProjectId>
      <CorrelationId>Intent.ModuleBuilder.TemplateRegistration.SingleFileNoModel#7bbc6e9c-c0bc-4cb5-9d23-10b7b1bf974c</CorrelationId>
      <OverwriteBehaviour>always</OverwriteBehaviour>
      <ApplicationRelativeFilePath>Templates/GoogleCloudStorageImplementation/GoogleCloudStorageImplementationTemplateRegistration.cs</ApplicationRelativeFilePath>
      <ProjectRelativeFilePath>GoogleCloudStorageImplementation/GoogleCloudStorageImplementationTemplateRegistration.cs</ProjectRelativeFilePath>
      <IsIgnored>false</IsIgnored>
    </FileLog>
    <FileLog>
      <ProjectId>989988dc-b6fd-4b64-91a8-44a939bbf178</ProjectId>
      <CorrelationId>Intent.ModuleBuilder.Templates.TemplateExtensions</CorrelationId>
      <OverwriteBehaviour>always</OverwriteBehaviour>
      <ApplicationRelativeFilePath>Templates/TemplateExtensions.cs</ApplicationRelativeFilePath>
      <ProjectRelativeFilePath>TemplateExtensions.cs</ProjectRelativeFilePath>
      <IsIgnored>false</IsIgnored>
    </FileLog>
  </FileLogs>
</outputLog>