<?xml version="1.0" encoding="utf-8"?>
<outputLog>
  <ApplicationId>ec005aa8-56ab-4bbd-b50c-0a0dd619504f</ApplicationId>
  <FileLogs>
    <FileLog>
      <CorrelationId>Intent.VisualStudio.Projects.VisualStudioSolution#84e15ab2-5f21-49be-b82e-7150481c224c</CorrelationId>
      <OverwriteBehaviour>always</OverwriteBehaviour>
      <ApplicationRelativeFilePath>../Intent.Modules.NET.sln</ApplicationRelativeFilePath>
      <IsIgnored>false</IsIgnored>
    </FileLog>
    <FileLog>
      <ProjectId>4c42fee8-1f26-46a7-b20d-27dd7f81df06</ProjectId>
      <CorrelationId>Intent.ModuleBuilder.Templates.FactoryExtension#9bdcf645-06c7-4558-8510-05d346e3aac1</CorrelationId>
      <OverwriteBehaviour>always</OverwriteBehaviour>
      <ApplicationRelativeFilePath>FactoryExtensions/RegistrationsFactoryExtension.cs</ApplicationRelativeFilePath>
      <ProjectRelativeFilePath>RegistrationsFactoryExtension.cs</ProjectRelativeFilePath>
      <IsIgnored>false</IsIgnored>
    </FileLog>
    <FileLog>
      <ProjectId>6280010a-9c5c-4110-a7c2-b03b15d3e18f</ProjectId>
      <CorrelationId>Intent.ModuleBuilder.IModSpecFile</CorrelationId>
      <OverwriteBehaviour>always</OverwriteBehaviour>
      <ApplicationRelativeFilePath>Intent.Dapr.AspNetCore.Secrets.imodspec</ApplicationRelativeFilePath>
      <ProjectRelativeFilePath>Intent.Dapr.AspNetCore.Secrets.imodspec</ProjectRelativeFilePath>
      <IsIgnored>false</IsIgnored>
    </FileLog>
    <FileLog>
      <ProjectId>6280010a-9c5c-4110-a7c2-b03b15d3e18f</ProjectId>
      <CorrelationId>Intent.VisualStudio.Projects.CoreLibrary.CSProject#6280010a-9c5c-4110-a7c2-b03b15d3e18f</CorrelationId>
      <OverwriteBehaviour>always</OverwriteBehaviour>
      <ApplicationRelativeFilePath>Intent.Modules.Dapr.AspNetCore.Secrets.csproj</ApplicationRelativeFilePath>
      <ProjectRelativeFilePath>Intent.Modules.Dapr.AspNetCore.Secrets.csproj</ProjectRelativeFilePath>
      <IsIgnored>false</IsIgnored>
    </FileLog>
    <FileLog>
      <ProjectId>43545780-b14b-4f4b-821f-958a5570e311</ProjectId>
      <CorrelationId>Intent.ModuleBuilder.CSharp.Templates.CSharpTemplatePartial#6bdd3664-46b9-4d3c-900d-48c4abaa0581</CorrelationId>
      <OverwriteBehaviour>always</OverwriteBehaviour>
      <ApplicationRelativeFilePath>Templates/DaprSecretsConfiguration/DaprSecretsConfigurationTemplatePartial.cs</ApplicationRelativeFilePath>
      <ProjectRelativeFilePath>DaprSecretsConfiguration/DaprSecretsConfigurationTemplatePartial.cs</ProjectRelativeFilePath>
      <IsIgnored>false</IsIgnored>
    </FileLog>
    <FileLog>
      <ProjectId>43545780-b14b-4f4b-821f-958a5570e311</ProjectId>
      <CorrelationId>Intent.ModuleBuilder.TemplateRegistration.SingleFileNoModel#6bdd3664-46b9-4d3c-900d-48c4abaa0581</CorrelationId>
      <OverwriteBehaviour>always</OverwriteBehaviour>
      <ApplicationRelativeFilePath>Templates/DaprSecretsConfiguration/DaprSecretsConfigurationTemplateRegistration.cs</ApplicationRelativeFilePath>
      <ProjectRelativeFilePath>DaprSecretsConfiguration/DaprSecretsConfigurationTemplateRegistration.cs</ProjectRelativeFilePath>
      <IsIgnored>false</IsIgnored>
    </FileLog>
    <FileLog>
      <ProjectId>43545780-b14b-4f4b-821f-958a5570e311</ProjectId>
      <CorrelationId>Intent.ModuleBuilder.Templates.FileTemplateStringInterpolation#16fad593-e309-4923-a288-224a64d206a9</CorrelationId>
      <OverwriteBehaviour>always</OverwriteBehaviour>
      <ApplicationRelativeFilePath>Templates/DefaultLocalSecretStore/DefaultLocalSecretStoreTemplate.cs</ApplicationRelativeFilePath>
      <ProjectRelativeFilePath>DefaultLocalSecretStore/DefaultLocalSecretStoreTemplate.cs</ProjectRelativeFilePath>
      <IsIgnored>false</IsIgnored>
    </FileLog>
    <FileLog>
      <ProjectId>43545780-b14b-4f4b-821f-958a5570e311</ProjectId>
      <CorrelationId>Intent.ModuleBuilder.ProjectItemTemplate.Partial#16fad593-e309-4923-a288-224a64d206a9</CorrelationId>
      <OverwriteBehaviour>always</OverwriteBehaviour>
      <ApplicationRelativeFilePath>Templates/DefaultLocalSecretStore/DefaultLocalSecretStoreTemplatePartial.cs</ApplicationRelativeFilePath>
      <ProjectRelativeFilePath>DefaultLocalSecretStore/DefaultLocalSecretStoreTemplatePartial.cs</ProjectRelativeFilePath>
      <IsIgnored>false</IsIgnored>
    </FileLog>
    <FileLog>
      <ProjectId>43545780-b14b-4f4b-821f-958a5570e311</ProjectId>
      <CorrelationId>Intent.ModuleBuilder.TemplateRegistration.SingleFileNoModel#16fad593-e309-4923-a288-224a64d206a9</CorrelationId>
      <OverwriteBehaviour>always</OverwriteBehaviour>
      <ApplicationRelativeFilePath>Templates/DefaultLocalSecretStore/DefaultLocalSecretStoreTemplateRegistration.cs</ApplicationRelativeFilePath>
      <ProjectRelativeFilePath>DefaultLocalSecretStore/DefaultLocalSecretStoreTemplateRegistration.cs</ProjectRelativeFilePath>
      <IsIgnored>false</IsIgnored>
    </FileLog>
    <FileLog>
      <ProjectId>43545780-b14b-4f4b-821f-958a5570e311</ProjectId>
      <CorrelationId>Intent.ModuleBuilder.Templates.TemplateExtensions</CorrelationId>
      <OverwriteBehaviour>always</OverwriteBehaviour>
      <ApplicationRelativeFilePath>Templates/TemplateExtensions.cs</ApplicationRelativeFilePath>
      <ProjectRelativeFilePath>TemplateExtensions.cs</ProjectRelativeFilePath>
      <IsIgnored>false</IsIgnored>
    </FileLog>
  </FileLogs>
</outputLog>