<?xml version="1.0" encoding="utf-8"?>
<outputLog>
  <ApplicationId>7ed2377c-0074-4ac5-9cfe-aebce1bab761</ApplicationId>
  <FileLogs>
    <FileLog>
      <CorrelationId>Intent.VisualStudio.Projects.VisualStudioSolution#c3866452-ecb2-46fa-97b7-c9978134d4a4</CorrelationId>
      <OverwriteBehaviour>always</OverwriteBehaviour>
      <ApplicationRelativeFilePath>../Intent.Modules.NET.sln</ApplicationRelativeFilePath>
      <IsIgnored>false</IsIgnored>
    </FileLog>
    <FileLog>
      <ProjectId>24ae71ec-7744-4c71-8e08-62185eafbab7</ProjectId>
      <CorrelationId>Intent.ModuleBuilder.IModSpecFile</CorrelationId>
      <OverwriteBehaviour>always</OverwriteBehaviour>
      <ApplicationRelativeFilePath>Intent.AI.Prompts.imodspec</ApplicationRelativeFilePath>
      <ProjectRelativeFilePath>Intent.AI.Prompts.imodspec</ProjectRelativeFilePath>
      <IsIgnored>false</IsIgnored>
    </FileLog>
    <FileLog>
      <ProjectId>24ae71ec-7744-4c71-8e08-62185eafbab7</ProjectId>
      <CorrelationId>Intent.VisualStudio.Projects.CSharpProject#24ae71ec-7744-4c71-8e08-62185eafbab7</CorrelationId>
      <OverwriteBehaviour>always</OverwriteBehaviour>
      <ApplicationRelativeFilePath>Intent.Modules.AI.Prompts.csproj</ApplicationRelativeFilePath>
      <ProjectRelativeFilePath>Intent.Modules.AI.Prompts.csproj</ProjectRelativeFilePath>
      <IsIgnored>false</IsIgnored>
    </FileLog>
    <FileLog>
      <ProjectId>903541d9-c16b-46e9-b836-2d51dc1448bf</ProjectId>
      <CorrelationId>Intent.ModuleBuilder.Templates.FileTemplateStringInterpolation#2355832c-3153-4ac5-b7f3-6f599611460b</CorrelationId>
      <OverwriteBehaviour>always</OverwriteBehaviour>
      <ApplicationRelativeFilePath>Templates/MediatRImplementationPrompts/MediatRImplementationPromptsTemplate.cs</ApplicationRelativeFilePath>
      <ProjectRelativeFilePath>MediatRImplementationPrompts/MediatRImplementationPromptsTemplate.cs</ProjectRelativeFilePath>
      <IsIgnored>false</IsIgnored>
    </FileLog>
    <FileLog>
      <ProjectId>903541d9-c16b-46e9-b836-2d51dc1448bf</ProjectId>
      <CorrelationId>Intent.ModuleBuilder.ProjectItemTemplate.Partial#2355832c-3153-4ac5-b7f3-6f599611460b</CorrelationId>
      <OverwriteBehaviour>always</OverwriteBehaviour>
      <ApplicationRelativeFilePath>Templates/MediatRImplementationPrompts/MediatRImplementationPromptsTemplatePartial.cs</ApplicationRelativeFilePath>
      <ProjectRelativeFilePath>MediatRImplementationPrompts/MediatRImplementationPromptsTemplatePartial.cs</ProjectRelativeFilePath>
      <IsIgnored>false</IsIgnored>
    </FileLog>
    <FileLog>
      <ProjectId>903541d9-c16b-46e9-b836-2d51dc1448bf</ProjectId>
      <CorrelationId>Intent.ModuleBuilder.TemplateRegistration.FilePerModel#2355832c-3153-4ac5-b7f3-6f599611460b</CorrelationId>
      <OverwriteBehaviour>always</OverwriteBehaviour>
      <ApplicationRelativeFilePath>Templates/MediatRImplementationPrompts/MediatRImplementationPromptsTemplateRegistration.cs</ApplicationRelativeFilePath>
      <ProjectRelativeFilePath>MediatRImplementationPrompts/MediatRImplementationPromptsTemplateRegistration.cs</ProjectRelativeFilePath>
      <IsIgnored>false</IsIgnored>
    </FileLog>
  </FileLogs>
</outputLog>