<?xml version="1.0" encoding="utf-8"?>
<outputLog>
  <ApplicationId>0e9a49a4-507f-4e16-8f39-0c7496722ef5</ApplicationId>
  <FileLogs>
    <FileLog>
      <ApplicationRelativeFilePath>../Intent.Modules.NET.sln</ApplicationRelativeFilePath>
      <IsIgnored>false</IsIgnored>
    </FileLog>
    <FileLog>
      <ProjectId>e484d3da-e357-43a3-b37b-a43c33a639d1</ProjectId>
      <CorrelationId>Intent.ModuleBuilder.IModeSpecFile</CorrelationId>
      <ApplicationRelativeFilePath>Intent.DomainEvents.imodspec</ApplicationRelativeFilePath>
      <ProjectRelativeFilePath>Intent.DomainEvents.imodspec</ProjectRelativeFilePath>
      <IsIgnored>false</IsIgnored>
    </FileLog>
    <FileLog>
      <ProjectId>e484d3da-e357-43a3-b37b-a43c33a639d1</ProjectId>
      <CorrelationId>Intent.VisualStudio.Projects.CoreLibrary.CSProject#e484d3da-e357-43a3-b37b-a43c33a639d1</CorrelationId>
      <ApplicationRelativeFilePath>Intent.Modules.DomainEvents.csproj</ApplicationRelativeFilePath>
      <ProjectRelativeFilePath>Intent.Modules.DomainEvents.csproj</ProjectRelativeFilePath>
      <IsIgnored>false</IsIgnored>
    </FileLog>
    <FileLog>
      <ProjectId>e484d3da-e357-43a3-b37b-a43c33a639d1</ProjectId>
      <CorrelationId>Intent.ModuleBuilder.ReadMe</CorrelationId>
      <ApplicationRelativeFilePath>README.txt</ApplicationRelativeFilePath>
      <ProjectRelativeFilePath>README.txt</ProjectRelativeFilePath>
      <IsIgnored>false</IsIgnored>
    </FileLog>
    <FileLog>
      <ProjectId>e7443c0f-c869-4cc9-bfd3-020abdfd4a7a</ProjectId>
      <CorrelationId>Intent.ModuleBuilder.CSharp.Templates.CSharpTemplate.T4Template.PreProcessed#94b7bbc1-1590-4480-8545-955310b729a5</CorrelationId>
      <ApplicationRelativeFilePath>Templates/DomainEvent/DomainEventTemplate.cs</ApplicationRelativeFilePath>
      <ProjectRelativeFilePath>DomainEvent/DomainEventTemplate.cs</ProjectRelativeFilePath>
      <IsIgnored>false</IsIgnored>
    </FileLog>
    <FileLog>
      <ProjectId>e7443c0f-c869-4cc9-bfd3-020abdfd4a7a</ProjectId>
      <CorrelationId>Intent.ModuleBuilder.CSharp.Templates.CSharpTemplate#94b7bbc1-1590-4480-8545-955310b729a5</CorrelationId>
      <ApplicationRelativeFilePath>Templates/DomainEvent/DomainEventTemplate.tt</ApplicationRelativeFilePath>
      <ProjectRelativeFilePath>DomainEvent/DomainEventTemplate.tt</ProjectRelativeFilePath>
      <IsIgnored>false</IsIgnored>
    </FileLog>
    <FileLog>
      <ProjectId>e7443c0f-c869-4cc9-bfd3-020abdfd4a7a</ProjectId>
      <CorrelationId>Intent.ModuleBuilder.CSharp.Templates.CSharpTemplatePartial#94b7bbc1-1590-4480-8545-955310b729a5</CorrelationId>
      <ApplicationRelativeFilePath>Templates/DomainEvent/DomainEventTemplatePartial.cs</ApplicationRelativeFilePath>
      <ProjectRelativeFilePath>DomainEvent/DomainEventTemplatePartial.cs</ProjectRelativeFilePath>
      <IsIgnored>false</IsIgnored>
    </FileLog>
    <FileLog>
      <ProjectId>e7443c0f-c869-4cc9-bfd3-020abdfd4a7a</ProjectId>
      <CorrelationId>Intent.ModuleBuilder.TemplateRegistration.FilePerModel#94b7bbc1-1590-4480-8545-955310b729a5</CorrelationId>
      <ApplicationRelativeFilePath>Templates/DomainEvent/DomainEventTemplateRegistration.cs</ApplicationRelativeFilePath>
      <ProjectRelativeFilePath>DomainEvent/DomainEventTemplateRegistration.cs</ProjectRelativeFilePath>
      <IsIgnored>false</IsIgnored>
    </FileLog>
    <FileLog>
      <ProjectId>e7443c0f-c869-4cc9-bfd3-020abdfd4a7a</ProjectId>
      <CorrelationId>Intent.ModuleBuilder.CSharp.Templates.CSharpTemplate.T4Template.PreProcessed#4668477c-4627-465d-8a21-d68540ce00db</CorrelationId>
      <ApplicationRelativeFilePath>Templates/DomainEventBase/DomainEventBaseTemplate.cs</ApplicationRelativeFilePath>
      <ProjectRelativeFilePath>DomainEventBase/DomainEventBaseTemplate.cs</ProjectRelativeFilePath>
      <IsIgnored>false</IsIgnored>
    </FileLog>
    <FileLog>
      <ProjectId>e7443c0f-c869-4cc9-bfd3-020abdfd4a7a</ProjectId>
      <CorrelationId>Intent.ModuleBuilder.CSharp.Templates.CSharpTemplate#4668477c-4627-465d-8a21-d68540ce00db</CorrelationId>
      <ApplicationRelativeFilePath>Templates/DomainEventBase/DomainEventBaseTemplate.tt</ApplicationRelativeFilePath>
      <ProjectRelativeFilePath>DomainEventBase/DomainEventBaseTemplate.tt</ProjectRelativeFilePath>
      <IsIgnored>false</IsIgnored>
    </FileLog>
    <FileLog>
      <ProjectId>e7443c0f-c869-4cc9-bfd3-020abdfd4a7a</ProjectId>
      <CorrelationId>Intent.ModuleBuilder.CSharp.Templates.CSharpTemplatePartial#4668477c-4627-465d-8a21-d68540ce00db</CorrelationId>
      <ApplicationRelativeFilePath>Templates/DomainEventBase/DomainEventBaseTemplatePartial.cs</ApplicationRelativeFilePath>
      <ProjectRelativeFilePath>DomainEventBase/DomainEventBaseTemplatePartial.cs</ProjectRelativeFilePath>
      <IsIgnored>false</IsIgnored>
    </FileLog>
    <FileLog>
      <ProjectId>e7443c0f-c869-4cc9-bfd3-020abdfd4a7a</ProjectId>
      <CorrelationId>Intent.ModuleBuilder.TemplateRegistration.SingleFileNoModel#4668477c-4627-465d-8a21-d68540ce00db</CorrelationId>
      <ApplicationRelativeFilePath>Templates/DomainEventBase/DomainEventBaseTemplateRegistration.cs</ApplicationRelativeFilePath>
      <ProjectRelativeFilePath>DomainEventBase/DomainEventBaseTemplateRegistration.cs</ProjectRelativeFilePath>
      <IsIgnored>false</IsIgnored>
    </FileLog>
    <FileLog>
      <ProjectId>e7443c0f-c869-4cc9-bfd3-020abdfd4a7a</ProjectId>
      <CorrelationId>Intent.ModuleBuilder.CSharp.Templates.CSharpTemplate.T4Template.PreProcessed#13c96091-dafd-4ae7-ba4d-b31396b19956</CorrelationId>
      <ApplicationRelativeFilePath>Templates/DomainEventServiceInterface/DomainEventServiceInterfaceTemplate.cs</ApplicationRelativeFilePath>
      <ProjectRelativeFilePath>DomainEventServiceInterface/DomainEventServiceInterfaceTemplate.cs</ProjectRelativeFilePath>
      <IsIgnored>false</IsIgnored>
    </FileLog>
    <FileLog>
      <ProjectId>e7443c0f-c869-4cc9-bfd3-020abdfd4a7a</ProjectId>
      <CorrelationId>Intent.ModuleBuilder.CSharp.Templates.CSharpTemplate#13c96091-dafd-4ae7-ba4d-b31396b19956</CorrelationId>
      <ApplicationRelativeFilePath>Templates/DomainEventServiceInterface/DomainEventServiceInterfaceTemplate.tt</ApplicationRelativeFilePath>
      <ProjectRelativeFilePath>DomainEventServiceInterface/DomainEventServiceInterfaceTemplate.tt</ProjectRelativeFilePath>
      <IsIgnored>false</IsIgnored>
    </FileLog>
    <FileLog>
      <ProjectId>e7443c0f-c869-4cc9-bfd3-020abdfd4a7a</ProjectId>
      <CorrelationId>Intent.ModuleBuilder.CSharp.Templates.CSharpTemplatePartial#13c96091-dafd-4ae7-ba4d-b31396b19956</CorrelationId>
      <ApplicationRelativeFilePath>Templates/DomainEventServiceInterface/DomainEventServiceInterfaceTemplatePartial.cs</ApplicationRelativeFilePath>
      <ProjectRelativeFilePath>DomainEventServiceInterface/DomainEventServiceInterfaceTemplatePartial.cs</ProjectRelativeFilePath>
      <IsIgnored>false</IsIgnored>
    </FileLog>
    <FileLog>
      <ProjectId>e7443c0f-c869-4cc9-bfd3-020abdfd4a7a</ProjectId>
      <CorrelationId>Intent.ModuleBuilder.TemplateRegistration.SingleFileNoModel#13c96091-dafd-4ae7-ba4d-b31396b19956</CorrelationId>
      <ApplicationRelativeFilePath>Templates/DomainEventServiceInterface/DomainEventServiceInterfaceTemplateRegistration.cs</ApplicationRelativeFilePath>
      <ProjectRelativeFilePath>DomainEventServiceInterface/DomainEventServiceInterfaceTemplateRegistration.cs</ProjectRelativeFilePath>
      <IsIgnored>false</IsIgnored>
    </FileLog>
    <FileLog>
      <ProjectId>e7443c0f-c869-4cc9-bfd3-020abdfd4a7a</ProjectId>
      <CorrelationId>Intent.ModuleBuilder.CSharp.Templates.CSharpTemplate.T4Template.PreProcessed#7633ea57-224c-4f93-a512-32243d21d216</CorrelationId>
      <ApplicationRelativeFilePath>Templates/HasDomainEventInterface/HasDomainEventInterfaceTemplate.cs</ApplicationRelativeFilePath>
      <ProjectRelativeFilePath>HasDomainEventInterface/HasDomainEventInterfaceTemplate.cs</ProjectRelativeFilePath>
      <IsIgnored>false</IsIgnored>
    </FileLog>
    <FileLog>
      <ProjectId>e7443c0f-c869-4cc9-bfd3-020abdfd4a7a</ProjectId>
      <CorrelationId>Intent.ModuleBuilder.CSharp.Templates.CSharpTemplate#7633ea57-224c-4f93-a512-32243d21d216</CorrelationId>
      <ApplicationRelativeFilePath>Templates/HasDomainEventInterface/HasDomainEventInterfaceTemplate.tt</ApplicationRelativeFilePath>
      <ProjectRelativeFilePath>HasDomainEventInterface/HasDomainEventInterfaceTemplate.tt</ProjectRelativeFilePath>
      <IsIgnored>false</IsIgnored>
    </FileLog>
    <FileLog>
      <ProjectId>e7443c0f-c869-4cc9-bfd3-020abdfd4a7a</ProjectId>
      <CorrelationId>Intent.ModuleBuilder.CSharp.Templates.CSharpTemplatePartial#7633ea57-224c-4f93-a512-32243d21d216</CorrelationId>
      <ApplicationRelativeFilePath>Templates/HasDomainEventInterface/HasDomainEventInterfaceTemplatePartial.cs</ApplicationRelativeFilePath>
      <ProjectRelativeFilePath>HasDomainEventInterface/HasDomainEventInterfaceTemplatePartial.cs</ProjectRelativeFilePath>
      <IsIgnored>false</IsIgnored>
    </FileLog>
    <FileLog>
      <ProjectId>e7443c0f-c869-4cc9-bfd3-020abdfd4a7a</ProjectId>
      <CorrelationId>Intent.ModuleBuilder.TemplateRegistration.SingleFileNoModel#7633ea57-224c-4f93-a512-32243d21d216</CorrelationId>
      <ApplicationRelativeFilePath>Templates/HasDomainEventInterface/HasDomainEventInterfaceTemplateRegistration.cs</ApplicationRelativeFilePath>
      <ProjectRelativeFilePath>HasDomainEventInterface/HasDomainEventInterfaceTemplateRegistration.cs</ProjectRelativeFilePath>
      <IsIgnored>false</IsIgnored>
    </FileLog>
    <FileLog>
      <ProjectId>e7443c0f-c869-4cc9-bfd3-020abdfd4a7a</ProjectId>
      <ApplicationRelativeFilePath>Templates/TemplateExtensions.cs</ApplicationRelativeFilePath>
      <ProjectRelativeFilePath>TemplateExtensions.cs</ProjectRelativeFilePath>
      <IsIgnored>false</IsIgnored>
    </FileLog>
  </FileLogs>
</outputLog>