<?xml version="1.0" encoding="utf-8"?>
<outputLog>
  <ApplicationId>8d48c61c-c1a1-485f-aab8-03490cc7e82c</ApplicationId>
  <FileLogs>
    <FileLog>
      <CorrelationId>Intent.VisualStudio.Projects.VisualStudioSolution#e3ba1e25-b28a-4968-b5b2-b1cd8803e69f</CorrelationId>
      <OverwriteBehaviour>always</OverwriteBehaviour>
      <ApplicationRelativeFilePath>../../ApiGatewayPoC.sln</ApplicationRelativeFilePath>
      <IsIgnored>false</IsIgnored>
    </FileLog>
    <FileLog>
      <ProjectId>c69cf746-b2b2-4e27-94e2-a8ba490a5ed9</ProjectId>
      <CorrelationId>Intent.ModuleBuilder.Templates.Api.ApiElementModel#c1484b94-bac2-4fa8-86ff-fcdda4cb682c</CorrelationId>
      <OverwriteBehaviour>always</OverwriteBehaviour>
      <ApplicationRelativeFilePath>../../Intent.Modules.ApiGateway/Api/ApiGatewayRouteModel.cs</ApplicationRelativeFilePath>
      <ProjectRelativeFilePath>ApiGatewayRouteModel.cs</ProjectRelativeFilePath>
      <IsIgnored>false</IsIgnored>
    </FileLog>
    <FileLog>
      <ProjectId>c69cf746-b2b2-4e27-94e2-a8ba490a5ed9</ProjectId>
      <CorrelationId>Intent.ModuleBuilder.Templates.Api.ApiElementModelExtensions#c1484b94-bac2-4fa8-86ff-fcdda4cb682c</CorrelationId>
      <OverwriteBehaviour>always</OverwriteBehaviour>
      <ApplicationRelativeFilePath>../../Intent.Modules.ApiGateway/Api/ApiGatewayRouteModelStereotypeExtensions.cs</ApplicationRelativeFilePath>
      <ProjectRelativeFilePath>ApiGatewayRouteModelStereotypeExtensions.cs</ProjectRelativeFilePath>
      <IsIgnored>false</IsIgnored>
    </FileLog>
    <FileLog>
      <ProjectId>c69cf746-b2b2-4e27-94e2-a8ba490a5ed9</ProjectId>
      <CorrelationId>Intent.ModuleBuilder.Templates.Api.ApiElementModelExtensions#65c76b11-a795-4062-a6fa-26f53e84f1bd</CorrelationId>
      <OverwriteBehaviour>always</OverwriteBehaviour>
      <ApplicationRelativeFilePath>../../Intent.Modules.ApiGateway/Api/DownstreamEndModelStereotypeExtensions.cs</ApplicationRelativeFilePath>
      <ProjectRelativeFilePath>DownstreamEndModelStereotypeExtensions.cs</ProjectRelativeFilePath>
      <IsIgnored>false</IsIgnored>
    </FileLog>
    <FileLog>
      <ProjectId>c69cf746-b2b2-4e27-94e2-a8ba490a5ed9</ProjectId>
      <CorrelationId>Intent.ModuleBuilder.Templates.Api.ApiElementExtensionModel#accb7130-addc-4c52-bdb9-c7f06d087c0d</CorrelationId>
      <OverwriteBehaviour>always</OverwriteBehaviour>
      <ApplicationRelativeFilePath>../../Intent.Modules.ApiGateway/Api/FolderExtensoinModel.cs</ApplicationRelativeFilePath>
      <ProjectRelativeFilePath>FolderExtensoinModel.cs</ProjectRelativeFilePath>
      <IsIgnored>false</IsIgnored>
    </FileLog>
    <FileLog>
      <ProjectId>c69cf746-b2b2-4e27-94e2-a8ba490a5ed9</ProjectId>
      <CorrelationId>Intent.ModuleBuilder.Templates.Api.ApiPackageExtensionModel#2508a816-b532-4121-ba8b-c742724377f6</CorrelationId>
      <OverwriteBehaviour>always</OverwriteBehaviour>
      <ApplicationRelativeFilePath>../../Intent.Modules.ApiGateway/Api/PackageExtensionModel.cs</ApplicationRelativeFilePath>
      <ProjectRelativeFilePath>PackageExtensionModel.cs</ProjectRelativeFilePath>
      <IsIgnored>false</IsIgnored>
    </FileLog>
    <FileLog>
      <ProjectId>c69cf746-b2b2-4e27-94e2-a8ba490a5ed9</ProjectId>
      <CorrelationId>Intent.ModuleBuilder.Templates.Api.ApiAssociationModel#7dfffaea-06b8-49f4-af0c-5ace9d611646</CorrelationId>
      <OverwriteBehaviour>always</OverwriteBehaviour>
      <ApplicationRelativeFilePath>../../Intent.Modules.ApiGateway/Api/RouteAssociationModel.cs</ApplicationRelativeFilePath>
      <ProjectRelativeFilePath>RouteAssociationModel.cs</ProjectRelativeFilePath>
      <IsIgnored>false</IsIgnored>
    </FileLog>
    <FileLog>
      <ProjectId>c69cf746-b2b2-4e27-94e2-a8ba490a5ed9</ProjectId>
      <CorrelationId>Intent.ModuleBuilder.Templates.Api.ApiAssociationModelExtensions#7dfffaea-06b8-49f4-af0c-5ace9d611646</CorrelationId>
      <OverwriteBehaviour>always</OverwriteBehaviour>
      <ApplicationRelativeFilePath>../../Intent.Modules.ApiGateway/Api/RouteAssociationModelAssociationExtensions.cs</ApplicationRelativeFilePath>
      <ProjectRelativeFilePath>RouteAssociationModelAssociationExtensions.cs</ProjectRelativeFilePath>
      <IsIgnored>false</IsIgnored>
    </FileLog>
    <FileLog>
      <ProjectId>c7a1efa7-5ebe-4710-b3e3-734d7176a733</ProjectId>
      <CorrelationId>Intent.ModuleBuilder.Templates.Api.ApiMetadataProviderExtensions</CorrelationId>
      <OverwriteBehaviour>always</OverwriteBehaviour>
      <ApplicationRelativeFilePath>../../Intent.Modules.ApiGateway/ApiMetadataProviderExtensions.cs</ApplicationRelativeFilePath>
      <ProjectRelativeFilePath>ApiMetadataProviderExtensions.cs</ProjectRelativeFilePath>
      <IsIgnored>false</IsIgnored>
    </FileLog>
    <FileLog>
      <ProjectId>c7a1efa7-5ebe-4710-b3e3-734d7176a733</ProjectId>
      <CorrelationId>Intent.VisualStudio.Projects.CSharpProject#c7a1efa7-5ebe-4710-b3e3-734d7176a733</CorrelationId>
      <OverwriteBehaviour>always</OverwriteBehaviour>
      <ApplicationRelativeFilePath>../../Intent.Modules.ApiGateway/Intent.Modules.ApiGateway.csproj</ApplicationRelativeFilePath>
      <ProjectRelativeFilePath>Intent.Modules.ApiGateway.csproj</ProjectRelativeFilePath>
      <IsIgnored>false</IsIgnored>
    </FileLog>
    <FileLog>
      <ProjectId>c7a1efa7-5ebe-4710-b3e3-734d7176a733</ProjectId>
      <CorrelationId>Intent.ModuleBuilder.IModSpecFile</CorrelationId>
      <OverwriteBehaviour>always</OverwriteBehaviour>
      <ApplicationRelativeFilePath>../../Intent.Modules.ApiGateway/Intent.Modules.ApiGateway.imodspec</ApplicationRelativeFilePath>
      <ProjectRelativeFilePath>Intent.Modules.ApiGateway.imodspec</ProjectRelativeFilePath>
      <IsIgnored>false</IsIgnored>
    </FileLog>
    <FileLog>
      <ProjectId>f51b1d5c-1de3-49dd-8f00-8c8a51158c62</ProjectId>
      <CorrelationId>Intent.ModuleBuilder.DesignerSettings#47338566-2e23-4a1b-a674-54bd1a5b2455</CorrelationId>
      <OverwriteBehaviour>always</OverwriteBehaviour>
      <ApplicationRelativeFilePath>../../Intent.Modules.ApiGateway/modelers/Api Gateway Settings.designer.settings</ApplicationRelativeFilePath>
      <ProjectRelativeFilePath>Api Gateway Settings.designer.settings</ProjectRelativeFilePath>
      <IsIgnored>false</IsIgnored>
    </FileLog>
  </FileLogs>
</outputLog>