<?xml version="1.0" encoding="utf-8"?>
<outputLog>
  <ApplicationId>b6fc9928-d295-416f-a408-a1730334a2e9</ApplicationId>
  <FileLogs>
    <FileLog>
      <CorrelationId>Intent.VisualStudio.Projects.VisualStudio2015Solution#8cb0d95f-0ce9-4ed4-be42-18d89ef82045</CorrelationId>
      <ApplicationRelativeFilePath>../Intent.Modules.NET.sln</ApplicationRelativeFilePath>
      <IsIgnored>false</IsIgnored>
    </FileLog>
    <FileLog>
      <ProjectId>43fa2234-0d3f-452c-86c2-b30fab304f06</ProjectId>
      <CorrelationId>Intent.ModuleBuilder.Templates.Api.ApiElementModelExtensions#e030c97a-e066-40a7-8188-808c275df3cb</CorrelationId>
      <ApplicationRelativeFilePath>Api/Extensions/OperationModelStereotypeExtensions.cs</ApplicationRelativeFilePath>
      <ProjectRelativeFilePath>OperationModelStereotypeExtensions.cs</ProjectRelativeFilePath>
      <IsIgnored>false</IsIgnored>
    </FileLog>
    <FileLog>
      <ProjectId>22e18d1e-8803-4bf1-bd94-260e6da45e9f</ProjectId>
      <CorrelationId>Intent.ModuleBuilder.IModSpecFile</CorrelationId>
      <ApplicationRelativeFilePath>Intent.Application.Contracts.imodspec</ApplicationRelativeFilePath>
      <ProjectRelativeFilePath>Intent.Application.Contracts.imodspec</ProjectRelativeFilePath>
      <IsIgnored>false</IsIgnored>
    </FileLog>
    <FileLog>
      <ProjectId>22e18d1e-8803-4bf1-bd94-260e6da45e9f</ProjectId>
      <CorrelationId>Intent.VisualStudio.Projects.CoreLibrary.CSProject#22e18d1e-8803-4bf1-bd94-260e6da45e9f</CorrelationId>
      <ApplicationRelativeFilePath>Intent.Modules.Application.Contracts.csproj</ApplicationRelativeFilePath>
      <ProjectRelativeFilePath>Intent.Modules.Application.Contracts.csproj</ProjectRelativeFilePath>
      <IsIgnored>false</IsIgnored>
    </FileLog>
    <FileLog>
      <ProjectId>da124516-6d72-4b18-b065-419ac6b83dd0</ProjectId>
      <CorrelationId>Intent.ModuleBuilder.Templates.TemplateDecoratorContract#3bc9bb9d-48af-4ba6-b94a-4d0ceb64e6c7</CorrelationId>
      <ApplicationRelativeFilePath>Templates/ServiceContract/ServiceContractDecorator.cs</ApplicationRelativeFilePath>
      <ProjectRelativeFilePath>ServiceContract/ServiceContractDecorator.cs</ProjectRelativeFilePath>
      <IsIgnored>false</IsIgnored>
    </FileLog>
    <FileLog>
      <ProjectId>da124516-6d72-4b18-b065-419ac6b83dd0</ProjectId>
      <CorrelationId>Intent.ModuleBuilder.CSharp.Templates.CSharpTemplate.T4Template.PreProcessed#f6981dd6-09ab-429f-9a86-ba62d02f307c</CorrelationId>
      <ApplicationRelativeFilePath>Templates/ServiceContract/ServiceContractTemplate.cs</ApplicationRelativeFilePath>
      <ProjectRelativeFilePath>ServiceContract/ServiceContractTemplate.cs</ProjectRelativeFilePath>
      <IsIgnored>false</IsIgnored>
    </FileLog>
    <FileLog>
      <ProjectId>da124516-6d72-4b18-b065-419ac6b83dd0</ProjectId>
      <CorrelationId>Intent.ModuleBuilder.CSharp.Templates.CSharpTemplate#f6981dd6-09ab-429f-9a86-ba62d02f307c</CorrelationId>
      <ApplicationRelativeFilePath>Templates/ServiceContract/ServiceContractTemplate.tt</ApplicationRelativeFilePath>
      <ProjectRelativeFilePath>ServiceContract/ServiceContractTemplate.tt</ProjectRelativeFilePath>
      <IsIgnored>false</IsIgnored>
    </FileLog>
    <FileLog>
      <ProjectId>da124516-6d72-4b18-b065-419ac6b83dd0</ProjectId>
      <CorrelationId>Intent.ModuleBuilder.CSharp.Templates.CSharpTemplatePartial#f6981dd6-09ab-429f-9a86-ba62d02f307c</CorrelationId>
      <ApplicationRelativeFilePath>Templates/ServiceContract/ServiceContractTemplatePartial.cs</ApplicationRelativeFilePath>
      <ProjectRelativeFilePath>ServiceContract/ServiceContractTemplatePartial.cs</ProjectRelativeFilePath>
      <IsIgnored>false</IsIgnored>
    </FileLog>
    <FileLog>
      <ProjectId>da124516-6d72-4b18-b065-419ac6b83dd0</ProjectId>
      <CorrelationId>Intent.ModuleBuilder.TemplateRegistration.FilePerModel#f6981dd6-09ab-429f-9a86-ba62d02f307c</CorrelationId>
      <ApplicationRelativeFilePath>Templates/ServiceContract/ServiceContractTemplateRegistration.cs</ApplicationRelativeFilePath>
      <ProjectRelativeFilePath>ServiceContract/ServiceContractTemplateRegistration.cs</ProjectRelativeFilePath>
      <IsIgnored>false</IsIgnored>
    </FileLog>
    <FileLog>
      <ProjectId>da124516-6d72-4b18-b065-419ac6b83dd0</ProjectId>
      <CorrelationId>Intent.ModuleBuilder.Templates.TemplateExtensions</CorrelationId>
      <ApplicationRelativeFilePath>Templates/TemplateExtensions.cs</ApplicationRelativeFilePath>
      <ProjectRelativeFilePath>TemplateExtensions.cs</ProjectRelativeFilePath>
      <IsIgnored>false</IsIgnored>
    </FileLog>
  </FileLogs>
</outputLog>