<?xml version="1.0" encoding="utf-8"?>
<outputLog>
  <ApplicationId>659818a0-001b-4e3b-b373-02ff314cedd5</ApplicationId>
  <FileLogs>
    <FileLog>
      <CorrelationId>Intent.VisualStudio.Projects.VisualStudioSolution#83ffed79-8e86-41ef-9e59-f9cd71cd381b</CorrelationId>
      <OverwriteBehaviour>always</OverwriteBehaviour>
      <ApplicationRelativeFilePath>../Intent.Modules.NET.sln</ApplicationRelativeFilePath>
      <IsIgnored>false</IsIgnored>
    </FileLog>
    <FileLog>
      <ProjectId>5b6f71b5-9c8d-498e-bdcc-914072a9f50d</ProjectId>
      <CorrelationId>Intent.ModuleBuilder.Templates.Api.ApiElementModelExtensions#e030c97a-e066-40a7-8188-808c275df3cb</CorrelationId>
      <OverwriteBehaviour>always</OverwriteBehaviour>
      <ApplicationRelativeFilePath>Api/OperationModelStereotypeExtensions.cs</ApplicationRelativeFilePath>
      <ProjectRelativeFilePath>OperationModelStereotypeExtensions.cs</ProjectRelativeFilePath>
      <IsIgnored>false</IsIgnored>
    </FileLog>
    <FileLog>
      <ProjectId>14629e11-96b5-4050-a853-12d4fc016914</ProjectId>
      <CorrelationId>Intent.ModuleBuilder.IModSpecFile</CorrelationId>
      <OverwriteBehaviour>always</OverwriteBehaviour>
      <ApplicationRelativeFilePath>Intent.AspNetCore.IdentityService.imodspec</ApplicationRelativeFilePath>
      <ProjectRelativeFilePath>Intent.AspNetCore.IdentityService.imodspec</ProjectRelativeFilePath>
      <IsIgnored>false</IsIgnored>
    </FileLog>
    <FileLog>
      <ProjectId>14629e11-96b5-4050-a853-12d4fc016914</ProjectId>
      <CorrelationId>Intent.VisualStudio.Projects.CSharpProject#14629e11-96b5-4050-a853-12d4fc016914</CorrelationId>
      <OverwriteBehaviour>always</OverwriteBehaviour>
      <ApplicationRelativeFilePath>Intent.Modules.AspNetCore.IdentityService.csproj</ApplicationRelativeFilePath>
      <ProjectRelativeFilePath>Intent.Modules.AspNetCore.IdentityService.csproj</ProjectRelativeFilePath>
      <IsIgnored>false</IsIgnored>
    </FileLog>
    <FileLog>
      <ProjectId>bae5d08c-79f9-41d1-8fc3-08ae95316922</ProjectId>
      <CorrelationId>Intent.ModuleBuilder.Templates.Migrations.OnInstallMigration#2b56575b-acdd-4a34-854c-3f684d09c8cc</CorrelationId>
      <OverwriteBehaviour>always</OverwriteBehaviour>
      <ApplicationRelativeFilePath>Migrations/OnInstallMigration.cs</ApplicationRelativeFilePath>
      <ProjectRelativeFilePath>OnInstallMigration.cs</ProjectRelativeFilePath>
      <IsIgnored>false</IsIgnored>
    </FileLog>
    <FileLog>
      <ProjectId>14629e11-96b5-4050-a853-12d4fc016914</ProjectId>
      <CorrelationId>Intent.ModuleBuilder.Templates.ReleaseNotes</CorrelationId>
      <OverwriteBehaviour>once-off</OverwriteBehaviour>
      <ApplicationRelativeFilePath>release-notes.md</ApplicationRelativeFilePath>
      <ProjectRelativeFilePath>release-notes.md</ProjectRelativeFilePath>
      <IsIgnored>false</IsIgnored>
    </FileLog>
    <FileLog>
      <ProjectId>08ae7fb3-f50c-4a37-b927-ef54243e84ab</ProjectId>
      <CorrelationId>Intent.ModuleBuilder.CSharp.Templates.CSharpTemplatePartial#97262be4-0c67-4bea-a6e0-fca0ccc2d5d5</CorrelationId>
      <OverwriteBehaviour>always</OverwriteBehaviour>
      <ApplicationRelativeFilePath>Templates/IdentityServiceManager/IdentityServiceManagerTemplatePartial.cs</ApplicationRelativeFilePath>
      <ProjectRelativeFilePath>IdentityServiceManager/IdentityServiceManagerTemplatePartial.cs</ProjectRelativeFilePath>
      <IsIgnored>false</IsIgnored>
    </FileLog>
    <FileLog>
      <ProjectId>08ae7fb3-f50c-4a37-b927-ef54243e84ab</ProjectId>
      <CorrelationId>Intent.ModuleBuilder.TemplateRegistration.SingleFileNoModel#97262be4-0c67-4bea-a6e0-fca0ccc2d5d5</CorrelationId>
      <OverwriteBehaviour>always</OverwriteBehaviour>
      <ApplicationRelativeFilePath>Templates/IdentityServiceManager/IdentityServiceManagerTemplateRegistration.cs</ApplicationRelativeFilePath>
      <ProjectRelativeFilePath>IdentityServiceManager/IdentityServiceManagerTemplateRegistration.cs</ProjectRelativeFilePath>
      <IsIgnored>false</IsIgnored>
    </FileLog>
    <FileLog>
      <ProjectId>08ae7fb3-f50c-4a37-b927-ef54243e84ab</ProjectId>
      <CorrelationId>Intent.ModuleBuilder.CSharp.Templates.CSharpTemplatePartial#be2d916c-1a4a-4c02-ae29-e83d649d3c77</CorrelationId>
      <OverwriteBehaviour>always</OverwriteBehaviour>
      <ApplicationRelativeFilePath>Templates/IdentityServiceManagerInterface/IdentityServiceManagerInterfaceTemplatePartial.cs</ApplicationRelativeFilePath>
      <ProjectRelativeFilePath>IdentityServiceManagerInterface/IdentityServiceManagerInterfaceTemplatePartial.cs</ProjectRelativeFilePath>
      <IsIgnored>false</IsIgnored>
    </FileLog>
    <FileLog>
      <ProjectId>08ae7fb3-f50c-4a37-b927-ef54243e84ab</ProjectId>
      <CorrelationId>Intent.ModuleBuilder.TemplateRegistration.SingleFileNoModel#be2d916c-1a4a-4c02-ae29-e83d649d3c77</CorrelationId>
      <OverwriteBehaviour>always</OverwriteBehaviour>
      <ApplicationRelativeFilePath>Templates/IdentityServiceManagerInterface/IdentityServiceManagerInterfaceTemplateRegistration.cs</ApplicationRelativeFilePath>
      <ProjectRelativeFilePath>IdentityServiceManagerInterface/IdentityServiceManagerInterfaceTemplateRegistration.cs</ProjectRelativeFilePath>
      <IsIgnored>false</IsIgnored>
    </FileLog>
    <FileLog>
      <ProjectId>08ae7fb3-f50c-4a37-b927-ef54243e84ab</ProjectId>
      <CorrelationId>Intent.ModuleBuilder.Templates.TemplateExtensions</CorrelationId>
      <OverwriteBehaviour>always</OverwriteBehaviour>
      <ApplicationRelativeFilePath>Templates/TemplateExtensions.cs</ApplicationRelativeFilePath>
      <ProjectRelativeFilePath>TemplateExtensions.cs</ProjectRelativeFilePath>
      <IsIgnored>false</IsIgnored>
    </FileLog>
  </FileLogs>
</outputLog>