<?xml version="1.0" encoding="utf-8"?>
<outputLog>
  <ApplicationId>902ec392-3140-4eb3-b2f4-3127866b8423</ApplicationId>
  <FileLogs>
    <FileLog>
      <CorrelationId>Intent.VisualStudio.Projects.VisualStudioSolution#321397f1-d383-499d-ba45-a59b6615900c</CorrelationId>
      <OverwriteBehaviour>always</OverwriteBehaviour>
      <ApplicationRelativeFilePath>../Intent.Modules.NET.sln</ApplicationRelativeFilePath>
      <IsIgnored>false</IsIgnored>
    </FileLog>
    <FileLog>
      <ProjectId>18e64221-dacc-4b81-bca2-23668fad1841</ProjectId>
      <CorrelationId>Intent.ModuleBuilder.IModSpecFile</CorrelationId>
      <OverwriteBehaviour>always</OverwriteBehaviour>
      <ApplicationRelativeFilePath>Intent.AmazonS3.ObjectStorage.imodspec</ApplicationRelativeFilePath>
      <ProjectRelativeFilePath>Intent.AmazonS3.ObjectStorage.imodspec</ProjectRelativeFilePath>
      <IsIgnored>false</IsIgnored>
    </FileLog>
    <FileLog>
      <ProjectId>18e64221-dacc-4b81-bca2-23668fad1841</ProjectId>
      <CorrelationId>Intent.VisualStudio.Projects.CSharpProject#18e64221-dacc-4b81-bca2-23668fad1841</CorrelationId>
      <OverwriteBehaviour>always</OverwriteBehaviour>
      <ApplicationRelativeFilePath>Intent.Modules.AmazonS3.ObjectStorage.csproj</ApplicationRelativeFilePath>
      <ProjectRelativeFilePath>Intent.Modules.AmazonS3.ObjectStorage.csproj</ProjectRelativeFilePath>
      <IsIgnored>false</IsIgnored>
    </FileLog>
    <FileLog>
      <ProjectId>18e64221-dacc-4b81-bca2-23668fad1841</ProjectId>
      <CorrelationId>Intent.ModuleBuilder.CSharp.Templates.NugetPackages</CorrelationId>
      <OverwriteBehaviour>always</OverwriteBehaviour>
      <ApplicationRelativeFilePath>NugetPackages.cs</ApplicationRelativeFilePath>
      <ProjectRelativeFilePath>NugetPackages.cs</ProjectRelativeFilePath>
      <IsIgnored>false</IsIgnored>
    </FileLog>
    <FileLog>
      <ProjectId>18e64221-dacc-4b81-bca2-23668fad1841</ProjectId>
      <CorrelationId>Intent.ModuleBuilder.Templates.ReleaseNotes</CorrelationId>
      <OverwriteBehaviour>once-off</OverwriteBehaviour>
      <ApplicationRelativeFilePath>release-notes.md</ApplicationRelativeFilePath>
      <ProjectRelativeFilePath>release-notes.md</ProjectRelativeFilePath>
      <IsIgnored>false</IsIgnored>
    </FileLog>
    <FileLog>
      <ProjectId>a0cb8979-ba14-4915-ab9a-da98d1074e5a</ProjectId>
      <CorrelationId>Intent.ModuleBuilder.CSharp.Templates.CSharpTemplatePartial#062933f4-31b1-4294-8727-a92ac5d1e3f2</CorrelationId>
      <OverwriteBehaviour>always</OverwriteBehaviour>
      <ApplicationRelativeFilePath>Templates/AmazonS3ObjectStorageConfiguration/AmazonS3ObjectStorageConfigurationTemplatePartial.cs</ApplicationRelativeFilePath>
      <ProjectRelativeFilePath>AmazonS3ObjectStorageConfiguration/AmazonS3ObjectStorageConfigurationTemplatePartial.cs</ProjectRelativeFilePath>
      <IsIgnored>false</IsIgnored>
    </FileLog>
    <FileLog>
      <ProjectId>a0cb8979-ba14-4915-ab9a-da98d1074e5a</ProjectId>
      <CorrelationId>Intent.ModuleBuilder.TemplateRegistration.SingleFileNoModel#062933f4-31b1-4294-8727-a92ac5d1e3f2</CorrelationId>
      <OverwriteBehaviour>always</OverwriteBehaviour>
      <ApplicationRelativeFilePath>Templates/AmazonS3ObjectStorageConfiguration/AmazonS3ObjectStorageConfigurationTemplateRegistration.cs</ApplicationRelativeFilePath>
      <ProjectRelativeFilePath>AmazonS3ObjectStorageConfiguration/AmazonS3ObjectStorageConfigurationTemplateRegistration.cs</ProjectRelativeFilePath>
      <IsIgnored>false</IsIgnored>
    </FileLog>
    <FileLog>
      <ProjectId>a0cb8979-ba14-4915-ab9a-da98d1074e5a</ProjectId>
      <CorrelationId>Intent.ModuleBuilder.CSharp.Templates.CSharpTemplate.T4Template.PreProcessed#3840be46-0f22-4787-9419-edf136d89c0e</CorrelationId>
      <OverwriteBehaviour>always</OverwriteBehaviour>
      <ApplicationRelativeFilePath>Templates/AmazonS3ObjectStorageImplementation/AmazonS3ObjectStorageImplementationTemplate.cs</ApplicationRelativeFilePath>
      <ProjectRelativeFilePath>AmazonS3ObjectStorageImplementation/AmazonS3ObjectStorageImplementationTemplate.cs</ProjectRelativeFilePath>
      <IsIgnored>false</IsIgnored>
    </FileLog>
    <FileLog>
      <ProjectId>a0cb8979-ba14-4915-ab9a-da98d1074e5a</ProjectId>
      <CorrelationId>Intent.ModuleBuilder.CSharp.Templates.CSharpT4Template#3840be46-0f22-4787-9419-edf136d89c0e</CorrelationId>
      <OverwriteBehaviour>always</OverwriteBehaviour>
      <ApplicationRelativeFilePath>Templates/AmazonS3ObjectStorageImplementation/AmazonS3ObjectStorageImplementationTemplate.tt</ApplicationRelativeFilePath>
      <ProjectRelativeFilePath>AmazonS3ObjectStorageImplementation/AmazonS3ObjectStorageImplementationTemplate.tt</ProjectRelativeFilePath>
      <IsIgnored>false</IsIgnored>
    </FileLog>
    <FileLog>
      <ProjectId>a0cb8979-ba14-4915-ab9a-da98d1074e5a</ProjectId>
      <CorrelationId>Intent.ModuleBuilder.CSharp.Templates.CSharpTemplatePartial#3840be46-0f22-4787-9419-edf136d89c0e</CorrelationId>
      <OverwriteBehaviour>always</OverwriteBehaviour>
      <ApplicationRelativeFilePath>Templates/AmazonS3ObjectStorageImplementation/AmazonS3ObjectStorageImplementationTemplatePartial.cs</ApplicationRelativeFilePath>
      <ProjectRelativeFilePath>AmazonS3ObjectStorageImplementation/AmazonS3ObjectStorageImplementationTemplatePartial.cs</ProjectRelativeFilePath>
      <IsIgnored>false</IsIgnored>
    </FileLog>
    <FileLog>
      <ProjectId>a0cb8979-ba14-4915-ab9a-da98d1074e5a</ProjectId>
      <CorrelationId>Intent.ModuleBuilder.TemplateRegistration.SingleFileNoModel#3840be46-0f22-4787-9419-edf136d89c0e</CorrelationId>
      <OverwriteBehaviour>always</OverwriteBehaviour>
      <ApplicationRelativeFilePath>Templates/AmazonS3ObjectStorageImplementation/AmazonS3ObjectStorageImplementationTemplateRegistration.cs</ApplicationRelativeFilePath>
      <ProjectRelativeFilePath>AmazonS3ObjectStorageImplementation/AmazonS3ObjectStorageImplementationTemplateRegistration.cs</ProjectRelativeFilePath>
      <IsIgnored>false</IsIgnored>
    </FileLog>
    <FileLog>
      <ProjectId>a0cb8979-ba14-4915-ab9a-da98d1074e5a</ProjectId>
      <CorrelationId>Intent.ModuleBuilder.CSharp.Templates.CSharpTemplate.T4Template.PreProcessed#eb670193-8d86-44b9-a6d3-2590e74c1f52</CorrelationId>
      <OverwriteBehaviour>always</OverwriteBehaviour>
      <ApplicationRelativeFilePath>Templates/ObjectStorageExtensions/ObjectStorageExtensionsTemplate.cs</ApplicationRelativeFilePath>
      <ProjectRelativeFilePath>ObjectStorageExtensions/ObjectStorageExtensionsTemplate.cs</ProjectRelativeFilePath>
      <IsIgnored>false</IsIgnored>
    </FileLog>
    <FileLog>
      <ProjectId>a0cb8979-ba14-4915-ab9a-da98d1074e5a</ProjectId>
      <CorrelationId>Intent.ModuleBuilder.CSharp.Templates.CSharpT4Template#eb670193-8d86-44b9-a6d3-2590e74c1f52</CorrelationId>
      <OverwriteBehaviour>always</OverwriteBehaviour>
      <ApplicationRelativeFilePath>Templates/ObjectStorageExtensions/ObjectStorageExtensionsTemplate.tt</ApplicationRelativeFilePath>
      <ProjectRelativeFilePath>ObjectStorageExtensions/ObjectStorageExtensionsTemplate.tt</ProjectRelativeFilePath>
      <IsIgnored>false</IsIgnored>
    </FileLog>
    <FileLog>
      <ProjectId>a0cb8979-ba14-4915-ab9a-da98d1074e5a</ProjectId>
      <CorrelationId>Intent.ModuleBuilder.CSharp.Templates.CSharpTemplatePartial#eb670193-8d86-44b9-a6d3-2590e74c1f52</CorrelationId>
      <OverwriteBehaviour>always</OverwriteBehaviour>
      <ApplicationRelativeFilePath>Templates/ObjectStorageExtensions/ObjectStorageExtensionsTemplatePartial.cs</ApplicationRelativeFilePath>
      <ProjectRelativeFilePath>ObjectStorageExtensions/ObjectStorageExtensionsTemplatePartial.cs</ProjectRelativeFilePath>
      <IsIgnored>false</IsIgnored>
    </FileLog>
    <FileLog>
      <ProjectId>a0cb8979-ba14-4915-ab9a-da98d1074e5a</ProjectId>
      <CorrelationId>Intent.ModuleBuilder.TemplateRegistration.SingleFileNoModel#eb670193-8d86-44b9-a6d3-2590e74c1f52</CorrelationId>
      <OverwriteBehaviour>always</OverwriteBehaviour>
      <ApplicationRelativeFilePath>Templates/ObjectStorageExtensions/ObjectStorageExtensionsTemplateRegistration.cs</ApplicationRelativeFilePath>
      <ProjectRelativeFilePath>ObjectStorageExtensions/ObjectStorageExtensionsTemplateRegistration.cs</ProjectRelativeFilePath>
      <IsIgnored>false</IsIgnored>
    </FileLog>
    <FileLog>
      <ProjectId>a0cb8979-ba14-4915-ab9a-da98d1074e5a</ProjectId>
      <CorrelationId>Intent.ModuleBuilder.CSharp.Templates.CSharpTemplate.T4Template.PreProcessed#b8d8e86d-ab42-4adc-843e-2ace0cae7b3b</CorrelationId>
      <OverwriteBehaviour>always</OverwriteBehaviour>
      <ApplicationRelativeFilePath>Templates/ObjectStorageInterface/ObjectStorageInterfaceTemplate.cs</ApplicationRelativeFilePath>
      <ProjectRelativeFilePath>ObjectStorageInterface/ObjectStorageInterfaceTemplate.cs</ProjectRelativeFilePath>
      <IsIgnored>false</IsIgnored>
    </FileLog>
    <FileLog>
      <ProjectId>a0cb8979-ba14-4915-ab9a-da98d1074e5a</ProjectId>
      <CorrelationId>Intent.ModuleBuilder.CSharp.Templates.CSharpT4Template#b8d8e86d-ab42-4adc-843e-2ace0cae7b3b</CorrelationId>
      <OverwriteBehaviour>always</OverwriteBehaviour>
      <ApplicationRelativeFilePath>Templates/ObjectStorageInterface/ObjectStorageInterfaceTemplate.tt</ApplicationRelativeFilePath>
      <ProjectRelativeFilePath>ObjectStorageInterface/ObjectStorageInterfaceTemplate.tt</ProjectRelativeFilePath>
      <IsIgnored>false</IsIgnored>
    </FileLog>
    <FileLog>
      <ProjectId>a0cb8979-ba14-4915-ab9a-da98d1074e5a</ProjectId>
      <CorrelationId>Intent.ModuleBuilder.CSharp.Templates.CSharpTemplatePartial#b8d8e86d-ab42-4adc-843e-2ace0cae7b3b</CorrelationId>
      <OverwriteBehaviour>always</OverwriteBehaviour>
      <ApplicationRelativeFilePath>Templates/ObjectStorageInterface/ObjectStorageInterfaceTemplatePartial.cs</ApplicationRelativeFilePath>
      <ProjectRelativeFilePath>ObjectStorageInterface/ObjectStorageInterfaceTemplatePartial.cs</ProjectRelativeFilePath>
      <IsIgnored>false</IsIgnored>
    </FileLog>
    <FileLog>
      <ProjectId>a0cb8979-ba14-4915-ab9a-da98d1074e5a</ProjectId>
      <CorrelationId>Intent.ModuleBuilder.TemplateRegistration.SingleFileNoModel#b8d8e86d-ab42-4adc-843e-2ace0cae7b3b</CorrelationId>
      <OverwriteBehaviour>always</OverwriteBehaviour>
      <ApplicationRelativeFilePath>Templates/ObjectStorageInterface/ObjectStorageInterfaceTemplateRegistration.cs</ApplicationRelativeFilePath>
      <ProjectRelativeFilePath>ObjectStorageInterface/ObjectStorageInterfaceTemplateRegistration.cs</ProjectRelativeFilePath>
      <IsIgnored>false</IsIgnored>
    </FileLog>
    <FileLog>
      <ProjectId>a0cb8979-ba14-4915-ab9a-da98d1074e5a</ProjectId>
      <CorrelationId>Intent.ModuleBuilder.Templates.TemplateExtensions</CorrelationId>
      <OverwriteBehaviour>always</OverwriteBehaviour>
      <ApplicationRelativeFilePath>Templates/TemplateExtensions.cs</ApplicationRelativeFilePath>
      <ProjectRelativeFilePath>TemplateExtensions.cs</ProjectRelativeFilePath>
      <IsIgnored>false</IsIgnored>
    </FileLog>
  </FileLogs>
</outputLog>