<?xml version="1.0" encoding="utf-8"?>
<outputLog>
  <ApplicationId>9221b11f-796f-4bb6-bf71-87adc4d61cfb</ApplicationId>
  <FileLogs>
    <FileLog>
      <ApplicationRelativeFilePath>../Intent.Modules.Net.sln</ApplicationRelativeFilePath>
      <IsIgnored>false</IsIgnored>
    </FileLog>
    <FileLog>
      <ProjectId>0331d7d7-9b7f-4c75-bb88-694f6b85a58c</ProjectId>
      <CorrelationId>Intent.ModuleBuilder.Templates.TemplateDecorator#175a9d52-e90b-49ab-a26c-e4cf5c9a66cf</CorrelationId>
      <ApplicationRelativeFilePath>Decorators/ApplicationStartupDecorator.cs</ApplicationRelativeFilePath>
      <ProjectRelativeFilePath>ApplicationStartupDecorator.cs</ProjectRelativeFilePath>
      <IsIgnored>false</IsIgnored>
    </FileLog>
    <FileLog>
      <ProjectId>0331d7d7-9b7f-4c75-bb88-694f6b85a58c</ProjectId>
      <CorrelationId>Intent.ModuleBuilder.Templates.TemplateDecoratorRegistration#175a9d52-e90b-49ab-a26c-e4cf5c9a66cf</CorrelationId>
      <ApplicationRelativeFilePath>Decorators/ApplicationStartupDecoratorRegistration.cs</ApplicationRelativeFilePath>
      <ProjectRelativeFilePath>ApplicationStartupDecoratorRegistration.cs</ProjectRelativeFilePath>
      <IsIgnored>false</IsIgnored>
    </FileLog>
    <FileLog>
      <ProjectId>1d15d8ba-269b-4a31-8855-602cddaa651b</ProjectId>
      <CorrelationId>Intent.ModuleBuilder.IModeSpecFile</CorrelationId>
      <ApplicationRelativeFilePath>Intent.Application.DependencyInjection.imodspec</ApplicationRelativeFilePath>
      <ProjectRelativeFilePath>Intent.Application.DependencyInjection.imodspec</ProjectRelativeFilePath>
      <IsIgnored>false</IsIgnored>
    </FileLog>
    <FileLog>
      <ProjectId>1d15d8ba-269b-4a31-8855-602cddaa651b</ProjectId>
      <CorrelationId>Intent.VisualStudio.Projects.CoreLibrary.CSProject#1d15d8ba-269b-4a31-8855-602cddaa651b</CorrelationId>
      <ApplicationRelativeFilePath>Intent.Modules.Application.DependencyInjection.csproj</ApplicationRelativeFilePath>
      <ProjectRelativeFilePath>Intent.Modules.Application.DependencyInjection.csproj</ProjectRelativeFilePath>
      <IsIgnored>false</IsIgnored>
    </FileLog>
    <FileLog>
      <ProjectId>1d15d8ba-269b-4a31-8855-602cddaa651b</ProjectId>
      <CorrelationId>Intent.ModuleBuilder.ReadMe</CorrelationId>
      <ApplicationRelativeFilePath>README.txt</ApplicationRelativeFilePath>
      <ProjectRelativeFilePath>README.txt</ProjectRelativeFilePath>
      <IsIgnored>false</IsIgnored>
    </FileLog>
    <FileLog>
      <ProjectId>8a610851-7083-4146-97da-8ccabea5d5ca</ProjectId>
      <CorrelationId>Intent.ModuleBuilder.Templates.TemplateDecoratorContract#617c7ba4-0e1e-452a-ae2a-7cdd53f5f6c9</CorrelationId>
      <ApplicationRelativeFilePath>Templates/DependencyInjection/DependencyInjectionDecorator.cs</ApplicationRelativeFilePath>
      <ProjectRelativeFilePath>DependencyInjection/DependencyInjectionDecorator.cs</ProjectRelativeFilePath>
      <IsIgnored>false</IsIgnored>
    </FileLog>
    <FileLog>
      <ProjectId>8a610851-7083-4146-97da-8ccabea5d5ca</ProjectId>
      <CorrelationId>Intent.ModuleBuilder.CSharp.Templates.CSharpTemplate.T4Template.PreProcessed#56d59778-4f78-442e-8dbd-3803141a8b2b</CorrelationId>
      <ApplicationRelativeFilePath>Templates/DependencyInjection/DependencyInjectionTemplate.cs</ApplicationRelativeFilePath>
      <ProjectRelativeFilePath>DependencyInjection/DependencyInjectionTemplate.cs</ProjectRelativeFilePath>
      <IsIgnored>false</IsIgnored>
    </FileLog>
    <FileLog>
      <ProjectId>8a610851-7083-4146-97da-8ccabea5d5ca</ProjectId>
      <CorrelationId>Intent.ModuleBuilder.CSharp.Templates.CSharpTemplate#56d59778-4f78-442e-8dbd-3803141a8b2b</CorrelationId>
      <ApplicationRelativeFilePath>Templates/DependencyInjection/DependencyInjectionTemplate.tt</ApplicationRelativeFilePath>
      <ProjectRelativeFilePath>DependencyInjection/DependencyInjectionTemplate.tt</ProjectRelativeFilePath>
      <IsIgnored>false</IsIgnored>
    </FileLog>
    <FileLog>
      <ProjectId>8a610851-7083-4146-97da-8ccabea5d5ca</ProjectId>
      <CorrelationId>Intent.ModuleBuilder.CSharp.Templates.CSharpTemplatePartial#56d59778-4f78-442e-8dbd-3803141a8b2b</CorrelationId>
      <ApplicationRelativeFilePath>Templates/DependencyInjection/DependencyInjectionTemplatePartial.cs</ApplicationRelativeFilePath>
      <ProjectRelativeFilePath>DependencyInjection/DependencyInjectionTemplatePartial.cs</ProjectRelativeFilePath>
      <IsIgnored>false</IsIgnored>
    </FileLog>
    <FileLog>
      <ProjectId>8a610851-7083-4146-97da-8ccabea5d5ca</ProjectId>
      <CorrelationId>Intent.ModuleBuilder.TemplateRegistration.SingleFileNoModel#56d59778-4f78-442e-8dbd-3803141a8b2b</CorrelationId>
      <ApplicationRelativeFilePath>Templates/DependencyInjection/DependencyInjectionTemplateRegistration.cs</ApplicationRelativeFilePath>
      <ProjectRelativeFilePath>DependencyInjection/DependencyInjectionTemplateRegistration.cs</ProjectRelativeFilePath>
      <IsIgnored>false</IsIgnored>
    </FileLog>
    <FileLog>
      <ProjectId>8a610851-7083-4146-97da-8ccabea5d5ca</ProjectId>
      <ApplicationRelativeFilePath>Templates/TemplateExtensions.cs</ApplicationRelativeFilePath>
      <ProjectRelativeFilePath>TemplateExtensions.cs</ProjectRelativeFilePath>
      <IsIgnored>false</IsIgnored>
    </FileLog>
  </FileLogs>
</outputLog>