<?xml version="1.0" encoding="utf-8"?>
<outputLog>
  <ApplicationId>2241a76c-3847-48b0-932b-385092a325d2</ApplicationId>
  <FileLogs>
    <FileLog>
      <CorrelationId>Intent.VisualStudio.Projects.VisualStudioSolution#631892e8-0983-4697-baeb-dbfb93d3d54c</CorrelationId>
      <OverwriteBehaviour>always</OverwriteBehaviour>
      <ApplicationRelativeFilePath>../Intent.Modules.NET.sln</ApplicationRelativeFilePath>
      <IsIgnored>false</IsIgnored>
    </FileLog>
    <FileLog>
      <ProjectId>311fa07a-f381-4684-ab35-6ef8c40c44b0</ProjectId>
      <CorrelationId>Intent.ModuleBuilder.Templates.Api.ApiElementExtensionModel#8d8102d5-5c54-485f-857c-5499c0cad0f6</CorrelationId>
      <OverwriteBehaviour>always</OverwriteBehaviour>
      <ApplicationRelativeFilePath>Api/CommandExtensionModel.cs</ApplicationRelativeFilePath>
      <ProjectRelativeFilePath>CommandExtensionModel.cs</ProjectRelativeFilePath>
      <IsIgnored>false</IsIgnored>
    </FileLog>
    <FileLog>
      <ProjectId>311fa07a-f381-4684-ab35-6ef8c40c44b0</ProjectId>
      <CorrelationId>Intent.ModuleBuilder.Templates.Api.ApiElementModelExtensions#ccf14eb6-3a55-4d81-b5b9-d27311c70cb9</CorrelationId>
      <OverwriteBehaviour>always</OverwriteBehaviour>
      <ApplicationRelativeFilePath>Api/CommandModelStereotypeExtensions.cs</ApplicationRelativeFilePath>
      <ProjectRelativeFilePath>CommandModelStereotypeExtensions.cs</ProjectRelativeFilePath>
      <IsIgnored>false</IsIgnored>
    </FileLog>
    <FileLog>
      <ProjectId>311fa07a-f381-4684-ab35-6ef8c40c44b0</ProjectId>
      <CorrelationId>Intent.ModuleBuilder.Templates.Api.ApiElementExtensionModel#d7cb4d5c-350b-4db3-ac7c-8571e9364569</CorrelationId>
      <OverwriteBehaviour>always</OverwriteBehaviour>
      <ApplicationRelativeFilePath>Api/OperationExtensionModel.cs</ApplicationRelativeFilePath>
      <ProjectRelativeFilePath>OperationExtensionModel.cs</ProjectRelativeFilePath>
      <IsIgnored>false</IsIgnored>
    </FileLog>
    <FileLog>
      <ProjectId>311fa07a-f381-4684-ab35-6ef8c40c44b0</ProjectId>
      <CorrelationId>Intent.ModuleBuilder.Templates.Api.ApiElementModelExtensions#aee6811e-b2f6-4562-a8eb-502029f63bc8</CorrelationId>
      <OverwriteBehaviour>always</OverwriteBehaviour>
      <ApplicationRelativeFilePath>Api/OperationModelStereotypeExtensions.cs</ApplicationRelativeFilePath>
      <ProjectRelativeFilePath>OperationModelStereotypeExtensions.cs</ProjectRelativeFilePath>
      <IsIgnored>false</IsIgnored>
    </FileLog>
    <FileLog>
      <ProjectId>311fa07a-f381-4684-ab35-6ef8c40c44b0</ProjectId>
      <CorrelationId>Intent.ModuleBuilder.Templates.Api.ApiElementExtensionModel#ada1b0fc-e598-4370-bf7d-46c6ddb18e4d</CorrelationId>
      <OverwriteBehaviour>always</OverwriteBehaviour>
      <ApplicationRelativeFilePath>Api/QueryExtensionModel.cs</ApplicationRelativeFilePath>
      <ProjectRelativeFilePath>QueryExtensionModel.cs</ProjectRelativeFilePath>
      <IsIgnored>false</IsIgnored>
    </FileLog>
    <FileLog>
      <ProjectId>311fa07a-f381-4684-ab35-6ef8c40c44b0</ProjectId>
      <CorrelationId>Intent.ModuleBuilder.Templates.Api.ApiElementModelExtensions#e71b0662-e29d-4db2-868b-8a12464b25d0</CorrelationId>
      <OverwriteBehaviour>always</OverwriteBehaviour>
      <ApplicationRelativeFilePath>Api/QueryModelStereotypeExtensions.cs</ApplicationRelativeFilePath>
      <ProjectRelativeFilePath>QueryModelStereotypeExtensions.cs</ProjectRelativeFilePath>
      <IsIgnored>false</IsIgnored>
    </FileLog>
    <FileLog>
      <ProjectId>f60b6daa-228a-4361-afe5-da1e873d101c</ProjectId>
      <CorrelationId>Intent.ModuleBuilder.Templates.TemplateDecorator#eeae58c5-52e2-48c8-888e-9981b82a72e8</CorrelationId>
      <OverwriteBehaviour>always</OverwriteBehaviour>
      <ApplicationRelativeFilePath>Decorators/FactoriesForMassTransitConfiguration.cs</ApplicationRelativeFilePath>
      <ProjectRelativeFilePath>FactoriesForMassTransitConfiguration.cs</ProjectRelativeFilePath>
      <IsIgnored>false</IsIgnored>
    </FileLog>
    <FileLog>
      <ProjectId>f60b6daa-228a-4361-afe5-da1e873d101c</ProjectId>
      <CorrelationId>Intent.ModuleBuilder.Templates.TemplateDecoratorRegistration#eeae58c5-52e2-48c8-888e-9981b82a72e8</CorrelationId>
      <OverwriteBehaviour>always</OverwriteBehaviour>
      <ApplicationRelativeFilePath>Decorators/FactoriesForMassTransitConfigurationRegistration.cs</ApplicationRelativeFilePath>
      <ProjectRelativeFilePath>FactoriesForMassTransitConfigurationRegistration.cs</ProjectRelativeFilePath>
      <IsIgnored>false</IsIgnored>
    </FileLog>
    <FileLog>
      <ProjectId>b5a0abb8-fdf9-4b1a-a8b7-9f362738e38d</ProjectId>
      <CorrelationId>Intent.ModuleBuilder.IModSpecFile</CorrelationId>
      <OverwriteBehaviour>always</OverwriteBehaviour>
      <ApplicationRelativeFilePath>Intent.Eventing.MassTransit.RequestResponse.imodspec</ApplicationRelativeFilePath>
      <ProjectRelativeFilePath>Intent.Eventing.MassTransit.RequestResponse.imodspec</ProjectRelativeFilePath>
      <IsIgnored>false</IsIgnored>
    </FileLog>
    <FileLog>
      <ProjectId>b5a0abb8-fdf9-4b1a-a8b7-9f362738e38d</ProjectId>
      <CorrelationId>Intent.VisualStudio.Projects.CSharpProject#b5a0abb8-fdf9-4b1a-a8b7-9f362738e38d</CorrelationId>
      <OverwriteBehaviour>always</OverwriteBehaviour>
      <ApplicationRelativeFilePath>Intent.Modules.Eventing.MassTransit.RequestResponse.csproj</ApplicationRelativeFilePath>
      <ProjectRelativeFilePath>Intent.Modules.Eventing.MassTransit.RequestResponse.csproj</ProjectRelativeFilePath>
      <IsIgnored>false</IsIgnored>
    </FileLog>
    <FileLog>
      <ProjectId>eef0cb86-fe66-484b-8af0-1499fd5ba1b0</ProjectId>
      <CorrelationId>Intent.ModuleBuilder.DesignerSettings#9ca196f5-f72c-4eec-b2bd-30fceb91e158</CorrelationId>
      <OverwriteBehaviour>always</OverwriteBehaviour>
      <ApplicationRelativeFilePath>modelers/MassTransit Service Proxy Settings.designer.settings</ApplicationRelativeFilePath>
      <ProjectRelativeFilePath>MassTransit Service Proxy Settings.designer.settings</ProjectRelativeFilePath>
      <IsIgnored>false</IsIgnored>
    </FileLog>
    <FileLog>
      <ProjectId>eef0cb86-fe66-484b-8af0-1499fd5ba1b0</ProjectId>
      <CorrelationId>Intent.ModuleBuilder.DesignerSettings#18f48485-6e51-421e-8394-975a1d1bb132</CorrelationId>
      <OverwriteBehaviour>always</OverwriteBehaviour>
      <ApplicationRelativeFilePath>modelers/MassTransit Service Settings.designer.settings</ApplicationRelativeFilePath>
      <ProjectRelativeFilePath>MassTransit Service Settings.designer.settings</ProjectRelativeFilePath>
      <IsIgnored>false</IsIgnored>
    </FileLog>
    <FileLog>
      <ProjectId>b5a0abb8-fdf9-4b1a-a8b7-9f362738e38d</ProjectId>
      <CorrelationId>Intent.ModuleBuilder.Templates.ReleaseNotes</CorrelationId>
      <OverwriteBehaviour>once-off</OverwriteBehaviour>
      <ApplicationRelativeFilePath>release-notes.md</ApplicationRelativeFilePath>
      <ProjectRelativeFilePath>release-notes.md</ProjectRelativeFilePath>
      <IsIgnored>false</IsIgnored>
    </FileLog>
    <FileLog>
      <ProjectId>e4a5668b-eb1b-4d84-b70d-bd5542d00c43</ProjectId>
      <CorrelationId>Intent.ModuleBuilder.CSharp.Templates.CSharpTemplatePartial#7d93afbc-b8d2-4384-b1ab-8b0ea5b102f8</CorrelationId>
      <OverwriteBehaviour>always</OverwriteBehaviour>
      <ApplicationRelativeFilePath>Templates/ClientContracts/DtoContract/DtoContractTemplatePartial.cs</ApplicationRelativeFilePath>
      <ProjectRelativeFilePath>ClientContracts/DtoContract/DtoContractTemplatePartial.cs</ProjectRelativeFilePath>
      <IsIgnored>false</IsIgnored>
    </FileLog>
    <FileLog>
      <ProjectId>e4a5668b-eb1b-4d84-b70d-bd5542d00c43</ProjectId>
      <CorrelationId>Intent.ModuleBuilder.TemplateRegistration.FilePerModel#7d93afbc-b8d2-4384-b1ab-8b0ea5b102f8</CorrelationId>
      <OverwriteBehaviour>always</OverwriteBehaviour>
      <ApplicationRelativeFilePath>Templates/ClientContracts/DtoContract/DtoContractTemplateRegistration.cs</ApplicationRelativeFilePath>
      <ProjectRelativeFilePath>ClientContracts/DtoContract/DtoContractTemplateRegistration.cs</ProjectRelativeFilePath>
      <IsIgnored>false</IsIgnored>
    </FileLog>
    <FileLog>
      <ProjectId>e4a5668b-eb1b-4d84-b70d-bd5542d00c43</ProjectId>
      <CorrelationId>Intent.ModuleBuilder.CSharp.Templates.CSharpStringInterpolationTemplate#a7057686-57dc-4bb3-9349-878dc14d0730</CorrelationId>
      <OverwriteBehaviour>always</OverwriteBehaviour>
      <ApplicationRelativeFilePath>Templates/ClientContracts/EnumContract/EnumContractTemplate.cs</ApplicationRelativeFilePath>
      <ProjectRelativeFilePath>ClientContracts/EnumContract/EnumContractTemplate.cs</ProjectRelativeFilePath>
      <IsIgnored>false</IsIgnored>
    </FileLog>
    <FileLog>
      <ProjectId>e4a5668b-eb1b-4d84-b70d-bd5542d00c43</ProjectId>
      <CorrelationId>Intent.ModuleBuilder.CSharp.Templates.CSharpTemplatePartial#a7057686-57dc-4bb3-9349-878dc14d0730</CorrelationId>
      <OverwriteBehaviour>always</OverwriteBehaviour>
      <ApplicationRelativeFilePath>Templates/ClientContracts/EnumContract/EnumContractTemplatePartial.cs</ApplicationRelativeFilePath>
      <ProjectRelativeFilePath>ClientContracts/EnumContract/EnumContractTemplatePartial.cs</ProjectRelativeFilePath>
      <IsIgnored>false</IsIgnored>
    </FileLog>
    <FileLog>
      <ProjectId>e4a5668b-eb1b-4d84-b70d-bd5542d00c43</ProjectId>
      <CorrelationId>Intent.ModuleBuilder.TemplateRegistration.FilePerModel#a7057686-57dc-4bb3-9349-878dc14d0730</CorrelationId>
      <OverwriteBehaviour>always</OverwriteBehaviour>
      <ApplicationRelativeFilePath>Templates/ClientContracts/EnumContract/EnumContractTemplateRegistration.cs</ApplicationRelativeFilePath>
      <ProjectRelativeFilePath>ClientContracts/EnumContract/EnumContractTemplateRegistration.cs</ProjectRelativeFilePath>
      <IsIgnored>false</IsIgnored>
    </FileLog>
    <FileLog>
      <ProjectId>e4a5668b-eb1b-4d84-b70d-bd5542d00c43</ProjectId>
      <CorrelationId>Intent.ModuleBuilder.CSharp.Templates.CSharpTemplatePartial#6ee451d3-4e59-44da-9acc-21fca4dcad16</CorrelationId>
      <OverwriteBehaviour>always</OverwriteBehaviour>
      <ApplicationRelativeFilePath>Templates/ClientContracts/PagedResult/PagedResultTemplatePartial.cs</ApplicationRelativeFilePath>
      <ProjectRelativeFilePath>ClientContracts/PagedResult/PagedResultTemplatePartial.cs</ProjectRelativeFilePath>
      <IsIgnored>false</IsIgnored>
    </FileLog>
    <FileLog>
      <ProjectId>e4a5668b-eb1b-4d84-b70d-bd5542d00c43</ProjectId>
      <CorrelationId>Intent.ModuleBuilder.TemplateRegistration.SingleFileNoModel#6ee451d3-4e59-44da-9acc-21fca4dcad16</CorrelationId>
      <OverwriteBehaviour>always</OverwriteBehaviour>
      <ApplicationRelativeFilePath>Templates/ClientContracts/PagedResult/PagedResultTemplateRegistration.cs</ApplicationRelativeFilePath>
      <ProjectRelativeFilePath>ClientContracts/PagedResult/PagedResultTemplateRegistration.cs</ProjectRelativeFilePath>
      <IsIgnored>false</IsIgnored>
    </FileLog>
    <FileLog>
      <ProjectId>e4a5668b-eb1b-4d84-b70d-bd5542d00c43</ProjectId>
      <CorrelationId>Intent.ModuleBuilder.CSharp.Templates.CSharpTemplatePartial#f5038c52-537f-465f-b10d-2fc0b73da5c3</CorrelationId>
      <OverwriteBehaviour>always</OverwriteBehaviour>
      <ApplicationRelativeFilePath>Templates/ClientContracts/ServiceContract/ServiceContractTemplatePartial.cs</ApplicationRelativeFilePath>
      <ProjectRelativeFilePath>ClientContracts/ServiceContract/ServiceContractTemplatePartial.cs</ProjectRelativeFilePath>
      <IsIgnored>false</IsIgnored>
    </FileLog>
    <FileLog>
      <ProjectId>e4a5668b-eb1b-4d84-b70d-bd5542d00c43</ProjectId>
      <CorrelationId>Intent.ModuleBuilder.TemplateRegistration.FilePerModel#f5038c52-537f-465f-b10d-2fc0b73da5c3</CorrelationId>
      <OverwriteBehaviour>always</OverwriteBehaviour>
      <ApplicationRelativeFilePath>Templates/ClientContracts/ServiceContract/ServiceContractTemplateRegistration.cs</ApplicationRelativeFilePath>
      <ProjectRelativeFilePath>ClientContracts/ServiceContract/ServiceContractTemplateRegistration.cs</ProjectRelativeFilePath>
      <IsIgnored>false</IsIgnored>
    </FileLog>
    <FileLog>
      <ProjectId>e4a5668b-eb1b-4d84-b70d-bd5542d00c43</ProjectId>
      <CorrelationId>Intent.ModuleBuilder.CSharp.Templates.CSharpTemplatePartial#5dd7f7a4-e325-4858-bcf8-d961b8d83332</CorrelationId>
      <OverwriteBehaviour>always</OverwriteBehaviour>
      <ApplicationRelativeFilePath>Templates/ClientImplementations/ServiceRequestClient/ServiceRequestClientTemplatePartial.cs</ApplicationRelativeFilePath>
      <ProjectRelativeFilePath>ClientImplementations/ServiceRequestClient/ServiceRequestClientTemplatePartial.cs</ProjectRelativeFilePath>
      <IsIgnored>false</IsIgnored>
    </FileLog>
    <FileLog>
      <ProjectId>e4a5668b-eb1b-4d84-b70d-bd5542d00c43</ProjectId>
      <CorrelationId>Intent.ModuleBuilder.TemplateRegistration.FilePerModel#5dd7f7a4-e325-4858-bcf8-d961b8d83332</CorrelationId>
      <OverwriteBehaviour>always</OverwriteBehaviour>
      <ApplicationRelativeFilePath>Templates/ClientImplementations/ServiceRequestClient/ServiceRequestClientTemplateRegistration.cs</ApplicationRelativeFilePath>
      <ProjectRelativeFilePath>ClientImplementations/ServiceRequestClient/ServiceRequestClientTemplateRegistration.cs</ProjectRelativeFilePath>
      <IsIgnored>false</IsIgnored>
    </FileLog>
    <FileLog>
      <ProjectId>e4a5668b-eb1b-4d84-b70d-bd5542d00c43</ProjectId>
      <CorrelationId>Intent.ModuleBuilder.CSharp.Templates.CSharpTemplatePartial#b561c047-f0e1-4d8f-bb4c-b642dadc533c</CorrelationId>
      <OverwriteBehaviour>always</OverwriteBehaviour>
      <ApplicationRelativeFilePath>Templates/Consumers/MediatRConsumer/MediatRConsumerTemplatePartial.cs</ApplicationRelativeFilePath>
      <ProjectRelativeFilePath>Consumers/MediatRConsumer/MediatRConsumerTemplatePartial.cs</ProjectRelativeFilePath>
      <IsIgnored>false</IsIgnored>
    </FileLog>
    <FileLog>
      <ProjectId>e4a5668b-eb1b-4d84-b70d-bd5542d00c43</ProjectId>
      <CorrelationId>Intent.ModuleBuilder.TemplateRegistration.SingleFileNoModel#b561c047-f0e1-4d8f-bb4c-b642dadc533c</CorrelationId>
      <OverwriteBehaviour>always</OverwriteBehaviour>
      <ApplicationRelativeFilePath>Templates/Consumers/MediatRConsumer/MediatRConsumerTemplateRegistration.cs</ApplicationRelativeFilePath>
      <ProjectRelativeFilePath>Consumers/MediatRConsumer/MediatRConsumerTemplateRegistration.cs</ProjectRelativeFilePath>
      <IsIgnored>false</IsIgnored>
    </FileLog>
    <FileLog>
      <ProjectId>e4a5668b-eb1b-4d84-b70d-bd5542d00c43</ProjectId>
      <CorrelationId>Intent.ModuleBuilder.CSharp.Templates.CSharpTemplatePartial#97722cb9-d56f-4d9e-8def-b4dd43ac7d90</CorrelationId>
      <OverwriteBehaviour>always</OverwriteBehaviour>
      <ApplicationRelativeFilePath>Templates/RequestResponse/MapperRequestInterface/MapperRequestInterfaceTemplatePartial.cs</ApplicationRelativeFilePath>
      <ProjectRelativeFilePath>RequestResponse/MapperRequestInterface/MapperRequestInterfaceTemplatePartial.cs</ProjectRelativeFilePath>
      <IsIgnored>false</IsIgnored>
    </FileLog>
    <FileLog>
      <ProjectId>e4a5668b-eb1b-4d84-b70d-bd5542d00c43</ProjectId>
      <CorrelationId>Intent.ModuleBuilder.TemplateRegistration.SingleFileNoModel#97722cb9-d56f-4d9e-8def-b4dd43ac7d90</CorrelationId>
      <OverwriteBehaviour>always</OverwriteBehaviour>
      <ApplicationRelativeFilePath>Templates/RequestResponse/MapperRequestInterface/MapperRequestInterfaceTemplateRegistration.cs</ApplicationRelativeFilePath>
      <ProjectRelativeFilePath>RequestResponse/MapperRequestInterface/MapperRequestInterfaceTemplateRegistration.cs</ProjectRelativeFilePath>
      <IsIgnored>false</IsIgnored>
    </FileLog>
    <FileLog>
      <ProjectId>e4a5668b-eb1b-4d84-b70d-bd5542d00c43</ProjectId>
      <CorrelationId>Intent.ModuleBuilder.CSharp.Templates.CSharpTemplatePartial#9c7612f2-0eb7-4e8e-b3f7-3f35abeb231b</CorrelationId>
      <OverwriteBehaviour>always</OverwriteBehaviour>
      <ApplicationRelativeFilePath>Templates/RequestResponse/MapperRequestMessage/MapperRequestMessageTemplatePartial.cs</ApplicationRelativeFilePath>
      <ProjectRelativeFilePath>RequestResponse/MapperRequestMessage/MapperRequestMessageTemplatePartial.cs</ProjectRelativeFilePath>
      <IsIgnored>false</IsIgnored>
    </FileLog>
    <FileLog>
      <ProjectId>e4a5668b-eb1b-4d84-b70d-bd5542d00c43</ProjectId>
      <CorrelationId>Intent.ModuleBuilder.TemplateRegistration.FilePerModel#9c7612f2-0eb7-4e8e-b3f7-3f35abeb231b</CorrelationId>
      <OverwriteBehaviour>always</OverwriteBehaviour>
      <ApplicationRelativeFilePath>Templates/RequestResponse/MapperRequestMessage/MapperRequestMessageTemplateRegistration.cs</ApplicationRelativeFilePath>
      <ProjectRelativeFilePath>RequestResponse/MapperRequestMessage/MapperRequestMessageTemplateRegistration.cs</ProjectRelativeFilePath>
      <IsIgnored>false</IsIgnored>
    </FileLog>
    <FileLog>
      <ProjectId>e4a5668b-eb1b-4d84-b70d-bd5542d00c43</ProjectId>
      <CorrelationId>Intent.ModuleBuilder.CSharp.Templates.CSharpTemplatePartial#866a2fa7-e3bb-41c9-9cf0-6bd43cfc24c3</CorrelationId>
      <OverwriteBehaviour>always</OverwriteBehaviour>
      <ApplicationRelativeFilePath>Templates/RequestResponse/MapperResponseMessage/MapperResponseMessageTemplatePartial.cs</ApplicationRelativeFilePath>
      <ProjectRelativeFilePath>RequestResponse/MapperResponseMessage/MapperResponseMessageTemplatePartial.cs</ProjectRelativeFilePath>
      <IsIgnored>false</IsIgnored>
    </FileLog>
    <FileLog>
      <ProjectId>e4a5668b-eb1b-4d84-b70d-bd5542d00c43</ProjectId>
      <CorrelationId>Intent.ModuleBuilder.TemplateRegistration.FilePerModel#866a2fa7-e3bb-41c9-9cf0-6bd43cfc24c3</CorrelationId>
      <OverwriteBehaviour>always</OverwriteBehaviour>
      <ApplicationRelativeFilePath>Templates/RequestResponse/MapperResponseMessage/MapperResponseMessageTemplateRegistration.cs</ApplicationRelativeFilePath>
      <ProjectRelativeFilePath>RequestResponse/MapperResponseMessage/MapperResponseMessageTemplateRegistration.cs</ProjectRelativeFilePath>
      <IsIgnored>false</IsIgnored>
    </FileLog>
    <FileLog>
      <ProjectId>e4a5668b-eb1b-4d84-b70d-bd5542d00c43</ProjectId>
      <CorrelationId>Intent.ModuleBuilder.CSharp.Templates.CSharpTemplatePartial#5bf44f83-4d5e-4197-a9e2-6c27004390a9</CorrelationId>
      <OverwriteBehaviour>always</OverwriteBehaviour>
      <ApplicationRelativeFilePath>Templates/RequestResponse/RequestCompletedMessage/RequestCompletedMessageTemplatePartial.cs</ApplicationRelativeFilePath>
      <ProjectRelativeFilePath>RequestResponse/RequestCompletedMessage/RequestCompletedMessageTemplatePartial.cs</ProjectRelativeFilePath>
      <IsIgnored>false</IsIgnored>
    </FileLog>
    <FileLog>
      <ProjectId>e4a5668b-eb1b-4d84-b70d-bd5542d00c43</ProjectId>
      <CorrelationId>Intent.ModuleBuilder.TemplateRegistration.SingleFileNoModel#5bf44f83-4d5e-4197-a9e2-6c27004390a9</CorrelationId>
      <OverwriteBehaviour>always</OverwriteBehaviour>
      <ApplicationRelativeFilePath>Templates/RequestResponse/RequestCompletedMessage/RequestCompletedMessageTemplateRegistration.cs</ApplicationRelativeFilePath>
      <ProjectRelativeFilePath>RequestResponse/RequestCompletedMessage/RequestCompletedMessageTemplateRegistration.cs</ProjectRelativeFilePath>
      <IsIgnored>false</IsIgnored>
    </FileLog>
    <FileLog>
      <ProjectId>e4a5668b-eb1b-4d84-b70d-bd5542d00c43</ProjectId>
      <CorrelationId>Intent.ModuleBuilder.CSharp.Templates.CSharpTemplatePartial#6cac01ed-26a2-439e-a0d7-4c88a450b8b9</CorrelationId>
      <OverwriteBehaviour>always</OverwriteBehaviour>
      <ApplicationRelativeFilePath>Templates/RequestResponse/ResponseMappingFactory/ResponseMappingFactoryTemplatePartial.cs</ApplicationRelativeFilePath>
      <ProjectRelativeFilePath>RequestResponse/ResponseMappingFactory/ResponseMappingFactoryTemplatePartial.cs</ProjectRelativeFilePath>
      <IsIgnored>false</IsIgnored>
    </FileLog>
    <FileLog>
      <ProjectId>e4a5668b-eb1b-4d84-b70d-bd5542d00c43</ProjectId>
      <CorrelationId>Intent.ModuleBuilder.TemplateRegistration.SingleFileListModel#6cac01ed-26a2-439e-a0d7-4c88a450b8b9</CorrelationId>
      <OverwriteBehaviour>always</OverwriteBehaviour>
      <ApplicationRelativeFilePath>Templates/RequestResponse/ResponseMappingFactory/ResponseMappingFactoryTemplateRegistration.cs</ApplicationRelativeFilePath>
      <ProjectRelativeFilePath>RequestResponse/ResponseMappingFactory/ResponseMappingFactoryTemplateRegistration.cs</ProjectRelativeFilePath>
      <IsIgnored>false</IsIgnored>
    </FileLog>
    <FileLog>
      <ProjectId>e4a5668b-eb1b-4d84-b70d-bd5542d00c43</ProjectId>
      <CorrelationId>Intent.ModuleBuilder.Templates.TemplateExtensions</CorrelationId>
      <OverwriteBehaviour>always</OverwriteBehaviour>
      <ApplicationRelativeFilePath>Templates/TemplateExtensions.cs</ApplicationRelativeFilePath>
      <ProjectRelativeFilePath>TemplateExtensions.cs</ProjectRelativeFilePath>
      <IsIgnored>false</IsIgnored>
    </FileLog>
  </FileLogs>
</outputLog>