<?xml version="1.0" encoding="utf-8"?>
<outputLog>
  <ApplicationId>e0883b5f-a179-42b4-b3fc-e34086dad042</ApplicationId>
  <FileLogs>
    <FileLog>
      <CorrelationId>Intent.VisualStudio.Projects.VisualStudioSolution#ccee3c74-72d8-4dc6-8452-5185b6ee5a3e</CorrelationId>
      <OverwriteBehaviour>always</OverwriteBehaviour>
      <ApplicationRelativeFilePath>../Intent.Modules.NET.sln</ApplicationRelativeFilePath>
      <IsIgnored>false</IsIgnored>
    </FileLog>
    <FileLog>
      <ProjectId>7647e639-dc1a-475d-b6d5-542e9bea29f8</ProjectId>
      <CorrelationId>Intent.ModuleBuilder.Templates.FactoryExtension#1d2e10d2-3254-4257-85bb-1e3f79708202</CorrelationId>
      <OverwriteBehaviour>always</OverwriteBehaviour>
      <ApplicationRelativeFilePath>FactoryExtensions/TextConstraintFactoryExtension.cs</ApplicationRelativeFilePath>
      <ProjectRelativeFilePath>TextConstraintFactoryExtension.cs</ProjectRelativeFilePath>
      <IsIgnored>false</IsIgnored>
    </FileLog>
    <FileLog>
      <ProjectId>17b57966-0b3e-4677-bfdc-2351e03920e2</ProjectId>
      <CorrelationId>Intent.ModuleBuilder.IModSpecFile</CorrelationId>
      <OverwriteBehaviour>always</OverwriteBehaviour>
      <ApplicationRelativeFilePath>Intent.Entities.Constants.imodspec</ApplicationRelativeFilePath>
      <ProjectRelativeFilePath>Intent.Entities.Constants.imodspec</ProjectRelativeFilePath>
      <IsIgnored>false</IsIgnored>
    </FileLog>
    <FileLog>
      <ProjectId>17b57966-0b3e-4677-bfdc-2351e03920e2</ProjectId>
      <CorrelationId>Intent.VisualStudio.Projects.CSharpProject#17b57966-0b3e-4677-bfdc-2351e03920e2</CorrelationId>
      <OverwriteBehaviour>always</OverwriteBehaviour>
      <ApplicationRelativeFilePath>Intent.Modules.Entities.Constants.csproj</ApplicationRelativeFilePath>
      <ProjectRelativeFilePath>Intent.Modules.Entities.Constants.csproj</ProjectRelativeFilePath>
      <IsIgnored>false</IsIgnored>
    </FileLog>
  </FileLogs>
</outputLog>