<?xml version="1.0" encoding="utf-8"?>
<outputLog>
  <ApplicationId>33b7e4f8-9dd8-4db5-8a97-d9bb549f9ecc</ApplicationId>
  <FileLogs>
    <FileLog>
      <CorrelationId>Intent.VisualStudio.Projects.VisualStudio2015Solution#78075161-6339-4286-984a-4cf583868c5c</CorrelationId>
      <OverwriteBehaviour>always</OverwriteBehaviour>
      <ApplicationRelativeFilePath>../Intent.Modules.NET.sln</ApplicationRelativeFilePath>
      <IsIgnored>false</IsIgnored>
    </FileLog>
    <FileLog>
      <ProjectId>46ad781b-04fc-4d8d-9a46-4dbffe73628d</ProjectId>
      <CorrelationId>Intent.ModuleBuilder.IModSpecFile</CorrelationId>
      <OverwriteBehaviour>always</OverwriteBehaviour>
      <ApplicationRelativeFilePath>Intent.Integration.HttpClient.imodspec</ApplicationRelativeFilePath>
      <ProjectRelativeFilePath>Intent.Integration.HttpClient.imodspec</ProjectRelativeFilePath>
      <IsIgnored>false</IsIgnored>
    </FileLog>
    <FileLog>
      <ProjectId>46ad781b-04fc-4d8d-9a46-4dbffe73628d</ProjectId>
      <CorrelationId>Intent.VisualStudio.Projects.CoreLibrary.CSProject#46ad781b-04fc-4d8d-9a46-4dbffe73628d</CorrelationId>
      <OverwriteBehaviour>always</OverwriteBehaviour>
      <ApplicationRelativeFilePath>Intent.Modules.Integration.HttpClient.csproj</ApplicationRelativeFilePath>
      <ProjectRelativeFilePath>Intent.Modules.Integration.HttpClient.csproj</ProjectRelativeFilePath>
      <IsIgnored>false</IsIgnored>
    </FileLog>
    <FileLog>
      <ProjectId>46ad781b-04fc-4d8d-9a46-4dbffe73628d</ProjectId>
      <CorrelationId>Intent.ModuleBuilder.ReadMe</CorrelationId>
      <OverwriteBehaviour>always</OverwriteBehaviour>
      <ApplicationRelativeFilePath>README.txt</ApplicationRelativeFilePath>
      <ProjectRelativeFilePath>README.txt</ProjectRelativeFilePath>
      <IsIgnored>false</IsIgnored>
    </FileLog>
    <FileLog>
      <ProjectId>eef15ddd-0f48-4ba7-b75d-0b7d383babf3</ProjectId>
      <CorrelationId>Intent.ModuleBuilder.CSharp.Templates.CSharpTemplate.T4Template.PreProcessed#cc5d11e5-be38-40cb-b020-2b748e031a14</CorrelationId>
      <OverwriteBehaviour>always</OverwriteBehaviour>
      <ApplicationRelativeFilePath>Templates/RequestHttpException/RequestHttpExceptionTemplate.cs</ApplicationRelativeFilePath>
      <ProjectRelativeFilePath>RequestHttpException/RequestHttpExceptionTemplate.cs</ProjectRelativeFilePath>
      <IsIgnored>false</IsIgnored>
    </FileLog>
    <FileLog>
      <ProjectId>eef15ddd-0f48-4ba7-b75d-0b7d383babf3</ProjectId>
      <CorrelationId>Intent.ModuleBuilder.CSharp.Templates.CSharpT4Template#cc5d11e5-be38-40cb-b020-2b748e031a14</CorrelationId>
      <OverwriteBehaviour>always</OverwriteBehaviour>
      <ApplicationRelativeFilePath>Templates/RequestHttpException/RequestHttpExceptionTemplate.tt</ApplicationRelativeFilePath>
      <ProjectRelativeFilePath>RequestHttpException/RequestHttpExceptionTemplate.tt</ProjectRelativeFilePath>
      <IsIgnored>false</IsIgnored>
    </FileLog>
    <FileLog>
      <ProjectId>eef15ddd-0f48-4ba7-b75d-0b7d383babf3</ProjectId>
      <CorrelationId>Intent.ModuleBuilder.CSharp.Templates.CSharpTemplatePartial#cc5d11e5-be38-40cb-b020-2b748e031a14</CorrelationId>
      <OverwriteBehaviour>always</OverwriteBehaviour>
      <ApplicationRelativeFilePath>Templates/RequestHttpException/RequestHttpExceptionTemplatePartial.cs</ApplicationRelativeFilePath>
      <ProjectRelativeFilePath>RequestHttpException/RequestHttpExceptionTemplatePartial.cs</ProjectRelativeFilePath>
      <IsIgnored>false</IsIgnored>
    </FileLog>
    <FileLog>
      <ProjectId>eef15ddd-0f48-4ba7-b75d-0b7d383babf3</ProjectId>
      <CorrelationId>Intent.ModuleBuilder.TemplateRegistration.SingleFileNoModel#cc5d11e5-be38-40cb-b020-2b748e031a14</CorrelationId>
      <OverwriteBehaviour>always</OverwriteBehaviour>
      <ApplicationRelativeFilePath>Templates/RequestHttpException/RequestHttpExceptionTemplateRegistration.cs</ApplicationRelativeFilePath>
      <ProjectRelativeFilePath>RequestHttpException/RequestHttpExceptionTemplateRegistration.cs</ProjectRelativeFilePath>
      <IsIgnored>false</IsIgnored>
    </FileLog>
    <FileLog>
      <ProjectId>eef15ddd-0f48-4ba7-b75d-0b7d383babf3</ProjectId>
      <CorrelationId>Intent.ModuleBuilder.CSharp.Templates.CSharpTemplate.T4Template.PreProcessed#e9b86a42-6ac3-412f-96e9-8521215ffe55</CorrelationId>
      <OverwriteBehaviour>always</OverwriteBehaviour>
      <ApplicationRelativeFilePath>Templates/ServiceProxiesConfiguration/ServiceProxiesConfigurationTemplate.cs</ApplicationRelativeFilePath>
      <ProjectRelativeFilePath>ServiceProxiesConfiguration/ServiceProxiesConfigurationTemplate.cs</ProjectRelativeFilePath>
      <IsIgnored>false</IsIgnored>
    </FileLog>
    <FileLog>
      <ProjectId>eef15ddd-0f48-4ba7-b75d-0b7d383babf3</ProjectId>
      <CorrelationId>Intent.ModuleBuilder.CSharp.Templates.CSharpT4Template#e9b86a42-6ac3-412f-96e9-8521215ffe55</CorrelationId>
      <OverwriteBehaviour>always</OverwriteBehaviour>
      <ApplicationRelativeFilePath>Templates/ServiceProxiesConfiguration/ServiceProxiesConfigurationTemplate.tt</ApplicationRelativeFilePath>
      <ProjectRelativeFilePath>ServiceProxiesConfiguration/ServiceProxiesConfigurationTemplate.tt</ProjectRelativeFilePath>
      <IsIgnored>false</IsIgnored>
    </FileLog>
    <FileLog>
      <ProjectId>eef15ddd-0f48-4ba7-b75d-0b7d383babf3</ProjectId>
      <CorrelationId>Intent.ModuleBuilder.CSharp.Templates.CSharpTemplatePartial#e9b86a42-6ac3-412f-96e9-8521215ffe55</CorrelationId>
      <OverwriteBehaviour>always</OverwriteBehaviour>
      <ApplicationRelativeFilePath>Templates/ServiceProxiesConfiguration/ServiceProxiesConfigurationTemplatePartial.cs</ApplicationRelativeFilePath>
      <ProjectRelativeFilePath>ServiceProxiesConfiguration/ServiceProxiesConfigurationTemplatePartial.cs</ProjectRelativeFilePath>
      <IsIgnored>false</IsIgnored>
    </FileLog>
    <FileLog>
      <ProjectId>eef15ddd-0f48-4ba7-b75d-0b7d383babf3</ProjectId>
      <CorrelationId>Intent.ModuleBuilder.TemplateRegistration.SingleFileListModel#e9b86a42-6ac3-412f-96e9-8521215ffe55</CorrelationId>
      <OverwriteBehaviour>always</OverwriteBehaviour>
      <ApplicationRelativeFilePath>Templates/ServiceProxiesConfiguration/ServiceProxiesConfigurationTemplateRegistration.cs</ApplicationRelativeFilePath>
      <ProjectRelativeFilePath>ServiceProxiesConfiguration/ServiceProxiesConfigurationTemplateRegistration.cs</ProjectRelativeFilePath>
      <IsIgnored>false</IsIgnored>
    </FileLog>
    <FileLog>
      <ProjectId>eef15ddd-0f48-4ba7-b75d-0b7d383babf3</ProjectId>
      <CorrelationId>Intent.ModuleBuilder.CSharp.Templates.CSharpTemplate.T4Template.PreProcessed#8d97669a-b03f-4f1c-907f-8dbb94dca221</CorrelationId>
      <OverwriteBehaviour>always</OverwriteBehaviour>
      <ApplicationRelativeFilePath>Templates/ServiceProxyClient/ServiceProxyClientTemplate.cs</ApplicationRelativeFilePath>
      <ProjectRelativeFilePath>ServiceProxyClient/ServiceProxyClientTemplate.cs</ProjectRelativeFilePath>
      <IsIgnored>false</IsIgnored>
    </FileLog>
    <FileLog>
      <ProjectId>eef15ddd-0f48-4ba7-b75d-0b7d383babf3</ProjectId>
      <CorrelationId>Intent.ModuleBuilder.CSharp.Templates.CSharpT4Template#8d97669a-b03f-4f1c-907f-8dbb94dca221</CorrelationId>
      <OverwriteBehaviour>always</OverwriteBehaviour>
      <ApplicationRelativeFilePath>Templates/ServiceProxyClient/ServiceProxyClientTemplate.tt</ApplicationRelativeFilePath>
      <ProjectRelativeFilePath>ServiceProxyClient/ServiceProxyClientTemplate.tt</ProjectRelativeFilePath>
      <IsIgnored>false</IsIgnored>
    </FileLog>
    <FileLog>
      <ProjectId>eef15ddd-0f48-4ba7-b75d-0b7d383babf3</ProjectId>
      <CorrelationId>Intent.ModuleBuilder.CSharp.Templates.CSharpTemplatePartial#8d97669a-b03f-4f1c-907f-8dbb94dca221</CorrelationId>
      <OverwriteBehaviour>always</OverwriteBehaviour>
      <ApplicationRelativeFilePath>Templates/ServiceProxyClient/ServiceProxyClientTemplatePartial.cs</ApplicationRelativeFilePath>
      <ProjectRelativeFilePath>ServiceProxyClient/ServiceProxyClientTemplatePartial.cs</ProjectRelativeFilePath>
      <IsIgnored>false</IsIgnored>
    </FileLog>
    <FileLog>
      <ProjectId>eef15ddd-0f48-4ba7-b75d-0b7d383babf3</ProjectId>
      <CorrelationId>Intent.ModuleBuilder.TemplateRegistration.FilePerModel#8d97669a-b03f-4f1c-907f-8dbb94dca221</CorrelationId>
      <OverwriteBehaviour>always</OverwriteBehaviour>
      <ApplicationRelativeFilePath>Templates/ServiceProxyClient/ServiceProxyClientTemplateRegistration.cs</ApplicationRelativeFilePath>
      <ProjectRelativeFilePath>ServiceProxyClient/ServiceProxyClientTemplateRegistration.cs</ProjectRelativeFilePath>
      <IsIgnored>false</IsIgnored>
    </FileLog>
    <FileLog>
      <ProjectId>eef15ddd-0f48-4ba7-b75d-0b7d383babf3</ProjectId>
      <CorrelationId>Intent.ModuleBuilder.Templates.TemplateExtensions</CorrelationId>
      <OverwriteBehaviour>always</OverwriteBehaviour>
      <ApplicationRelativeFilePath>Templates/TemplateExtensions.cs</ApplicationRelativeFilePath>
      <ProjectRelativeFilePath>TemplateExtensions.cs</ProjectRelativeFilePath>
      <IsIgnored>false</IsIgnored>
    </FileLog>
  </FileLogs>
</outputLog>