<?xml version="1.0" encoding="utf-8"?>
<outputLog>
  <ApplicationId>33b7e4f8-9dd8-4db5-8a97-d9bb549f9ecc</ApplicationId>
  <FileLogs>
    <FileLog>
      <CorrelationId>Intent.VisualStudio.Projects.VisualStudio2015Solution#78075161-6339-4286-984a-4cf583868c5c</CorrelationId>
      <OverwriteBehaviour>always</OverwriteBehaviour>
      <ApplicationRelativeFilePath>../Intent.Modules.NET.sln</ApplicationRelativeFilePath>
      <IsIgnored>false</IsIgnored>
    </FileLog>
    <FileLog>
      <ProjectId>46ad781b-04fc-4d8d-9a46-4dbffe73628d</ProjectId>
      <CorrelationId>Intent.ModuleBuilder.IModSpecFile</CorrelationId>
      <OverwriteBehaviour>always</OverwriteBehaviour>
      <ApplicationRelativeFilePath>Intent.Integration.HttpClients.imodspec</ApplicationRelativeFilePath>
      <ProjectRelativeFilePath>Intent.Integration.HttpClients.imodspec</ProjectRelativeFilePath>
      <IsIgnored>false</IsIgnored>
    </FileLog>
    <FileLog>
      <ProjectId>46ad781b-04fc-4d8d-9a46-4dbffe73628d</ProjectId>
      <CorrelationId>Intent.VisualStudio.Projects.CoreLibrary.CSProject#46ad781b-04fc-4d8d-9a46-4dbffe73628d</CorrelationId>
      <OverwriteBehaviour>always</OverwriteBehaviour>
      <ApplicationRelativeFilePath>Intent.Modules.Integration.HttpClients.csproj</ApplicationRelativeFilePath>
      <ProjectRelativeFilePath>Intent.Modules.Integration.HttpClients.csproj</ProjectRelativeFilePath>
      <IsIgnored>false</IsIgnored>
    </FileLog>
    <FileLog>
      <ProjectId>46ad781b-04fc-4d8d-9a46-4dbffe73628d</ProjectId>
      <CorrelationId>Intent.ModuleBuilder.ReadMe</CorrelationId>
      <OverwriteBehaviour>always</OverwriteBehaviour>
      <ApplicationRelativeFilePath>README.txt</ApplicationRelativeFilePath>
      <ProjectRelativeFilePath>README.txt</ProjectRelativeFilePath>
      <IsIgnored>false</IsIgnored>
    </FileLog>
    <FileLog>
      <ProjectId>eef15ddd-0f48-4ba7-b75d-0b7d383babf3</ProjectId>
      <CorrelationId>Intent.ModuleBuilder.CSharp.Templates.CSharpTemplate.T4Template.PreProcessed#8d97669a-b03f-4f1c-907f-8dbb94dca221</CorrelationId>
      <OverwriteBehaviour>always</OverwriteBehaviour>
      <ApplicationRelativeFilePath>Templates/HttpClient/HttpClientTemplate.cs</ApplicationRelativeFilePath>
      <ProjectRelativeFilePath>HttpClient/HttpClientTemplate.cs</ProjectRelativeFilePath>
      <IsIgnored>false</IsIgnored>
    </FileLog>
    <FileLog>
      <ProjectId>eef15ddd-0f48-4ba7-b75d-0b7d383babf3</ProjectId>
      <CorrelationId>Intent.ModuleBuilder.CSharp.Templates.CSharpT4Template#8d97669a-b03f-4f1c-907f-8dbb94dca221</CorrelationId>
      <OverwriteBehaviour>always</OverwriteBehaviour>
      <ApplicationRelativeFilePath>Templates/HttpClient/HttpClientTemplate.tt</ApplicationRelativeFilePath>
      <ProjectRelativeFilePath>HttpClient/HttpClientTemplate.tt</ProjectRelativeFilePath>
      <IsIgnored>false</IsIgnored>
    </FileLog>
    <FileLog>
      <ProjectId>eef15ddd-0f48-4ba7-b75d-0b7d383babf3</ProjectId>
      <CorrelationId>Intent.ModuleBuilder.CSharp.Templates.CSharpTemplatePartial#8d97669a-b03f-4f1c-907f-8dbb94dca221</CorrelationId>
      <OverwriteBehaviour>always</OverwriteBehaviour>
      <ApplicationRelativeFilePath>Templates/HttpClient/HttpClientTemplatePartial.cs</ApplicationRelativeFilePath>
      <ProjectRelativeFilePath>HttpClient/HttpClientTemplatePartial.cs</ProjectRelativeFilePath>
      <IsIgnored>false</IsIgnored>
    </FileLog>
    <FileLog>
      <ProjectId>eef15ddd-0f48-4ba7-b75d-0b7d383babf3</ProjectId>
      <CorrelationId>Intent.ModuleBuilder.TemplateRegistration.FilePerModel#8d97669a-b03f-4f1c-907f-8dbb94dca221</CorrelationId>
      <OverwriteBehaviour>always</OverwriteBehaviour>
      <ApplicationRelativeFilePath>Templates/HttpClient/HttpClientTemplateRegistration.cs</ApplicationRelativeFilePath>
      <ProjectRelativeFilePath>HttpClient/HttpClientTemplateRegistration.cs</ProjectRelativeFilePath>
      <IsIgnored>false</IsIgnored>
    </FileLog>
    <FileLog>
      <ProjectId>eef15ddd-0f48-4ba7-b75d-0b7d383babf3</ProjectId>
      <CorrelationId>Intent.ModuleBuilder.CSharp.Templates.CSharpTemplate.T4Template.PreProcessed#e9b86a42-6ac3-412f-96e9-8521215ffe55</CorrelationId>
      <OverwriteBehaviour>always</OverwriteBehaviour>
      <ApplicationRelativeFilePath>Templates/HttpClientConfiguration/HttpClientConfigurationTemplate.cs</ApplicationRelativeFilePath>
      <ProjectRelativeFilePath>HttpClientConfiguration/HttpClientConfigurationTemplate.cs</ProjectRelativeFilePath>
      <IsIgnored>false</IsIgnored>
    </FileLog>
    <FileLog>
      <ProjectId>eef15ddd-0f48-4ba7-b75d-0b7d383babf3</ProjectId>
      <CorrelationId>Intent.ModuleBuilder.CSharp.Templates.CSharpT4Template#e9b86a42-6ac3-412f-96e9-8521215ffe55</CorrelationId>
      <OverwriteBehaviour>always</OverwriteBehaviour>
      <ApplicationRelativeFilePath>Templates/HttpClientConfiguration/HttpClientConfigurationTemplate.tt</ApplicationRelativeFilePath>
      <ProjectRelativeFilePath>HttpClientConfiguration/HttpClientConfigurationTemplate.tt</ProjectRelativeFilePath>
      <IsIgnored>false</IsIgnored>
    </FileLog>
    <FileLog>
      <ProjectId>eef15ddd-0f48-4ba7-b75d-0b7d383babf3</ProjectId>
      <CorrelationId>Intent.ModuleBuilder.CSharp.Templates.CSharpTemplatePartial#e9b86a42-6ac3-412f-96e9-8521215ffe55</CorrelationId>
      <OverwriteBehaviour>always</OverwriteBehaviour>
      <ApplicationRelativeFilePath>Templates/HttpClientConfiguration/HttpClientConfigurationTemplatePartial.cs</ApplicationRelativeFilePath>
      <ProjectRelativeFilePath>HttpClientConfiguration/HttpClientConfigurationTemplatePartial.cs</ProjectRelativeFilePath>
      <IsIgnored>false</IsIgnored>
    </FileLog>
    <FileLog>
      <ProjectId>eef15ddd-0f48-4ba7-b75d-0b7d383babf3</ProjectId>
      <CorrelationId>Intent.ModuleBuilder.TemplateRegistration.SingleFileListModel#e9b86a42-6ac3-412f-96e9-8521215ffe55</CorrelationId>
      <OverwriteBehaviour>always</OverwriteBehaviour>
      <ApplicationRelativeFilePath>Templates/HttpClientConfiguration/HttpClientConfigurationTemplateRegistration.cs</ApplicationRelativeFilePath>
      <ProjectRelativeFilePath>HttpClientConfiguration/HttpClientConfigurationTemplateRegistration.cs</ProjectRelativeFilePath>
      <IsIgnored>false</IsIgnored>
    </FileLog>
    <FileLog>
      <ProjectId>eef15ddd-0f48-4ba7-b75d-0b7d383babf3</ProjectId>
      <CorrelationId>Intent.ModuleBuilder.CSharp.Templates.CSharpTemplate.T4Template.PreProcessed#cc5d11e5-be38-40cb-b020-2b748e031a14</CorrelationId>
      <OverwriteBehaviour>always</OverwriteBehaviour>
      <ApplicationRelativeFilePath>Templates/HttpClientRequestException/HttpClientRequestExceptionTemplate.cs</ApplicationRelativeFilePath>
      <ProjectRelativeFilePath>HttpClientRequestException/HttpClientRequestExceptionTemplate.cs</ProjectRelativeFilePath>
      <IsIgnored>false</IsIgnored>
    </FileLog>
    <FileLog>
      <ProjectId>eef15ddd-0f48-4ba7-b75d-0b7d383babf3</ProjectId>
      <CorrelationId>Intent.ModuleBuilder.CSharp.Templates.CSharpT4Template#cc5d11e5-be38-40cb-b020-2b748e031a14</CorrelationId>
      <OverwriteBehaviour>always</OverwriteBehaviour>
      <ApplicationRelativeFilePath>Templates/HttpClientRequestException/HttpClientRequestExceptionTemplate.tt</ApplicationRelativeFilePath>
      <ProjectRelativeFilePath>HttpClientRequestException/HttpClientRequestExceptionTemplate.tt</ProjectRelativeFilePath>
      <IsIgnored>false</IsIgnored>
    </FileLog>
    <FileLog>
      <ProjectId>eef15ddd-0f48-4ba7-b75d-0b7d383babf3</ProjectId>
      <CorrelationId>Intent.ModuleBuilder.CSharp.Templates.CSharpTemplatePartial#cc5d11e5-be38-40cb-b020-2b748e031a14</CorrelationId>
      <OverwriteBehaviour>always</OverwriteBehaviour>
      <ApplicationRelativeFilePath>Templates/HttpClientRequestException/HttpClientRequestExceptionTemplatePartial.cs</ApplicationRelativeFilePath>
      <ProjectRelativeFilePath>HttpClientRequestException/HttpClientRequestExceptionTemplatePartial.cs</ProjectRelativeFilePath>
      <IsIgnored>false</IsIgnored>
    </FileLog>
    <FileLog>
      <ProjectId>eef15ddd-0f48-4ba7-b75d-0b7d383babf3</ProjectId>
      <CorrelationId>Intent.ModuleBuilder.TemplateRegistration.SingleFileNoModel#cc5d11e5-be38-40cb-b020-2b748e031a14</CorrelationId>
      <OverwriteBehaviour>always</OverwriteBehaviour>
      <ApplicationRelativeFilePath>Templates/HttpClientRequestException/HttpClientRequestExceptionTemplateRegistration.cs</ApplicationRelativeFilePath>
      <ProjectRelativeFilePath>HttpClientRequestException/HttpClientRequestExceptionTemplateRegistration.cs</ProjectRelativeFilePath>
      <IsIgnored>false</IsIgnored>
    </FileLog>
    <FileLog>
      <ProjectId>eef15ddd-0f48-4ba7-b75d-0b7d383babf3</ProjectId>
      <CorrelationId>Intent.ModuleBuilder.Templates.TemplateExtensions</CorrelationId>
      <OverwriteBehaviour>always</OverwriteBehaviour>
      <ApplicationRelativeFilePath>Templates/TemplateExtensions.cs</ApplicationRelativeFilePath>
      <ProjectRelativeFilePath>TemplateExtensions.cs</ProjectRelativeFilePath>
      <IsIgnored>false</IsIgnored>
    </FileLog>
  </FileLogs>
</outputLog>