<?xml version="1.0" encoding="utf-8"?>
<outputLog>
  <ApplicationId>dbb291d2-616b-4aa7-b526-f1b2c1a908be</ApplicationId>
  <FileLogs>
    <FileLog>
      <CorrelationId>Intent.VisualStudio.Projects.VisualStudioSolution#d75fc7ba-ddfc-42d0-8e85-8be01f6f9dbd</CorrelationId>
      <OverwriteBehaviour>always</OverwriteBehaviour>
      <ApplicationRelativeFilePath>../Intent.Modules.NET.sln</ApplicationRelativeFilePath>
      <IsIgnored>false</IsIgnored>
    </FileLog>
    <FileLog>
      <ProjectId>4664bee9-8f56-45e5-b33c-874af0c5d39c</ProjectId>
      <CorrelationId>Intent.ModuleBuilder.Templates.FactoryExtension#239f489e-d038-4016-b380-2dd48f3d8f5a</CorrelationId>
      <OverwriteBehaviour>always</OverwriteBehaviour>
      <ApplicationRelativeFilePath>FactoryExtensions/BaseRepositoryExtension.cs</ApplicationRelativeFilePath>
      <ProjectRelativeFilePath>BaseRepositoryExtension.cs</ProjectRelativeFilePath>
      <IsIgnored>false</IsIgnored>
    </FileLog>
    <FileLog>
      <ProjectId>46e706db-ff84-459c-994b-08bc1cf93d64</ProjectId>
      <CorrelationId>Intent.ModuleBuilder.IModSpecFile</CorrelationId>
      <OverwriteBehaviour>always</OverwriteBehaviour>
      <ApplicationRelativeFilePath>Intent.EntityFramework.Application.LinqExtensions.imodspec</ApplicationRelativeFilePath>
      <ProjectRelativeFilePath>Intent.EntityFramework.Application.LinqExtensions.imodspec</ProjectRelativeFilePath>
      <IsIgnored>false</IsIgnored>
    </FileLog>
    <FileLog>
      <ProjectId>46e706db-ff84-459c-994b-08bc1cf93d64</ProjectId>
      <CorrelationId>Intent.VisualStudio.Projects.CSharpProject#46e706db-ff84-459c-994b-08bc1cf93d64</CorrelationId>
      <OverwriteBehaviour>always</OverwriteBehaviour>
      <ApplicationRelativeFilePath>Intent.Modules.EntityFramework.Application.LinqExtensions.csproj</ApplicationRelativeFilePath>
      <ProjectRelativeFilePath>Intent.Modules.EntityFramework.Application.LinqExtensions.csproj</ProjectRelativeFilePath>
      <IsIgnored>false</IsIgnored>
    </FileLog>
    <FileLog>
      <ProjectId>46e706db-ff84-459c-994b-08bc1cf93d64</ProjectId>
      <CorrelationId>Intent.ModuleBuilder.Templates.ReleaseNotes</CorrelationId>
      <OverwriteBehaviour>once-off</OverwriteBehaviour>
      <ApplicationRelativeFilePath>release-notes.md</ApplicationRelativeFilePath>
      <ProjectRelativeFilePath>release-notes.md</ProjectRelativeFilePath>
      <IsIgnored>false</IsIgnored>
    </FileLog>
    <FileLog>
      <ProjectId>19c5f3be-2977-4ca1-a378-41f18b9832c6</ProjectId>
      <CorrelationId>Intent.ModuleBuilder.CSharp.Templates.CSharpTemplatePartial#5a3d99d1-fa2c-4040-98e5-6bbcde516b0f</CorrelationId>
      <OverwriteBehaviour>always</OverwriteBehaviour>
      <ApplicationRelativeFilePath>Templates/QueryableMarkerExtensions/QueryableMarkerExtensionsTemplatePartial.cs</ApplicationRelativeFilePath>
      <ProjectRelativeFilePath>QueryableMarkerExtensions/QueryableMarkerExtensionsTemplatePartial.cs</ProjectRelativeFilePath>
      <IsIgnored>false</IsIgnored>
    </FileLog>
    <FileLog>
      <ProjectId>19c5f3be-2977-4ca1-a378-41f18b9832c6</ProjectId>
      <CorrelationId>Intent.ModuleBuilder.TemplateRegistration.SingleFileNoModel#5a3d99d1-fa2c-4040-98e5-6bbcde516b0f</CorrelationId>
      <OverwriteBehaviour>always</OverwriteBehaviour>
      <ApplicationRelativeFilePath>Templates/QueryableMarkerExtensions/QueryableMarkerExtensionsTemplateRegistration.cs</ApplicationRelativeFilePath>
      <ProjectRelativeFilePath>QueryableMarkerExtensions/QueryableMarkerExtensionsTemplateRegistration.cs</ProjectRelativeFilePath>
      <IsIgnored>false</IsIgnored>
    </FileLog>
    <FileLog>
      <ProjectId>19c5f3be-2977-4ca1-a378-41f18b9832c6</ProjectId>
      <CorrelationId>Intent.ModuleBuilder.CSharp.Templates.CSharpTemplatePartial#3e82566e-14d2-42eb-a25c-8f744676e512</CorrelationId>
      <OverwriteBehaviour>always</OverwriteBehaviour>
      <ApplicationRelativeFilePath>Templates/QueryableMarkerImplementation/QueryableMarkerImplementationTemplatePartial.cs</ApplicationRelativeFilePath>
      <ProjectRelativeFilePath>QueryableMarkerImplementation/QueryableMarkerImplementationTemplatePartial.cs</ProjectRelativeFilePath>
      <IsIgnored>false</IsIgnored>
    </FileLog>
    <FileLog>
      <ProjectId>19c5f3be-2977-4ca1-a378-41f18b9832c6</ProjectId>
      <CorrelationId>Intent.ModuleBuilder.TemplateRegistration.SingleFileNoModel#3e82566e-14d2-42eb-a25c-8f744676e512</CorrelationId>
      <OverwriteBehaviour>always</OverwriteBehaviour>
      <ApplicationRelativeFilePath>Templates/QueryableMarkerImplementation/QueryableMarkerImplementationTemplateRegistration.cs</ApplicationRelativeFilePath>
      <ProjectRelativeFilePath>QueryableMarkerImplementation/QueryableMarkerImplementationTemplateRegistration.cs</ProjectRelativeFilePath>
      <IsIgnored>false</IsIgnored>
    </FileLog>
    <FileLog>
      <ProjectId>19c5f3be-2977-4ca1-a378-41f18b9832c6</ProjectId>
      <CorrelationId>Intent.ModuleBuilder.Templates.TemplateExtensions</CorrelationId>
      <OverwriteBehaviour>always</OverwriteBehaviour>
      <ApplicationRelativeFilePath>Templates/TemplateExtensions.cs</ApplicationRelativeFilePath>
      <ProjectRelativeFilePath>TemplateExtensions.cs</ProjectRelativeFilePath>
      <IsIgnored>false</IsIgnored>
    </FileLog>
  </FileLogs>
</outputLog>