<?xml version="1.0" encoding="utf-8"?>
<outputLog>
  <ApplicationId>d0ba3935-538e-43a2-807d-1f07ed23691d</ApplicationId>
  <FileLogs>
    <FileLog>
      <CorrelationId>Intent.VisualStudio.Projects.VisualStudioSolution#467586ee-7203-48ae-81b5-d5487b85c851</CorrelationId>
      <OverwriteBehaviour>always</OverwriteBehaviour>
      <ApplicationRelativeFilePath>../Intent.Modules.NET.sln</ApplicationRelativeFilePath>
      <IsIgnored>false</IsIgnored>
    </FileLog>
    <FileLog>
      <ProjectId>3480947d-4ccf-40b8-97f1-0aae4dc904f4</ProjectId>
      <CorrelationId>Intent.ModuleBuilder.IModSpecFile</CorrelationId>
      <OverwriteBehaviour>always</OverwriteBehaviour>
      <ApplicationRelativeFilePath>Intent.Aws.Lambda.Functions.imodspec</ApplicationRelativeFilePath>
      <ProjectRelativeFilePath>Intent.Aws.Lambda.Functions.imodspec</ProjectRelativeFilePath>
      <IsIgnored>false</IsIgnored>
    </FileLog>
    <FileLog>
      <ProjectId>3480947d-4ccf-40b8-97f1-0aae4dc904f4</ProjectId>
      <CorrelationId>Intent.VisualStudio.Projects.CSharpProject#3480947d-4ccf-40b8-97f1-0aae4dc904f4</CorrelationId>
      <OverwriteBehaviour>always</OverwriteBehaviour>
      <ApplicationRelativeFilePath>Intent.Modules.Aws.Lambda.Functions.csproj</ApplicationRelativeFilePath>
      <ProjectRelativeFilePath>Intent.Modules.Aws.Lambda.Functions.csproj</ProjectRelativeFilePath>
      <IsIgnored>false</IsIgnored>
    </FileLog>
    <FileLog>
      <ProjectId>3480947d-4ccf-40b8-97f1-0aae4dc904f4</ProjectId>
      <CorrelationId>Intent.ModuleBuilder.CSharp.Templates.NugetPackages</CorrelationId>
      <OverwriteBehaviour>always</OverwriteBehaviour>
      <ApplicationRelativeFilePath>NugetPackages.cs</ApplicationRelativeFilePath>
      <ProjectRelativeFilePath>NugetPackages.cs</ProjectRelativeFilePath>
      <IsIgnored>false</IsIgnored>
    </FileLog>
    <FileLog>
      <ProjectId>3480947d-4ccf-40b8-97f1-0aae4dc904f4</ProjectId>
      <CorrelationId>Intent.ModuleBuilder.Templates.ReleaseNotes</CorrelationId>
      <OverwriteBehaviour>once-off</OverwriteBehaviour>
      <ApplicationRelativeFilePath>release-notes.md</ApplicationRelativeFilePath>
      <ProjectRelativeFilePath>release-notes.md</ProjectRelativeFilePath>
      <IsIgnored>false</IsIgnored>
    </FileLog>
    <FileLog>
      <ProjectId>31c48fca-00ff-4da4-8528-a1337c70ce6b</ProjectId>
      <CorrelationId>Intent.ModuleBuilder.Templates.FileTemplateStringInterpolation#50c45d98-de3f-4be7-b684-c62a0673d64a</CorrelationId>
      <OverwriteBehaviour>always</OverwriteBehaviour>
      <ApplicationRelativeFilePath>Templates/AwsLambdaReadMe/AwsLambdaReadMeTemplate.cs</ApplicationRelativeFilePath>
      <ProjectRelativeFilePath>AwsLambdaReadMe/AwsLambdaReadMeTemplate.cs</ProjectRelativeFilePath>
      <IsIgnored>false</IsIgnored>
    </FileLog>
    <FileLog>
      <ProjectId>31c48fca-00ff-4da4-8528-a1337c70ce6b</ProjectId>
      <CorrelationId>Intent.ModuleBuilder.ProjectItemTemplate.Partial#50c45d98-de3f-4be7-b684-c62a0673d64a</CorrelationId>
      <OverwriteBehaviour>always</OverwriteBehaviour>
      <ApplicationRelativeFilePath>Templates/AwsLambdaReadMe/AwsLambdaReadMeTemplatePartial.cs</ApplicationRelativeFilePath>
      <ProjectRelativeFilePath>AwsLambdaReadMe/AwsLambdaReadMeTemplatePartial.cs</ProjectRelativeFilePath>
      <IsIgnored>false</IsIgnored>
    </FileLog>
    <FileLog>
      <ProjectId>31c48fca-00ff-4da4-8528-a1337c70ce6b</ProjectId>
      <CorrelationId>Intent.ModuleBuilder.TemplateRegistration.SingleFileNoModel#50c45d98-de3f-4be7-b684-c62a0673d64a</CorrelationId>
      <OverwriteBehaviour>always</OverwriteBehaviour>
      <ApplicationRelativeFilePath>Templates/AwsLambdaReadMe/AwsLambdaReadMeTemplateRegistration.cs</ApplicationRelativeFilePath>
      <ProjectRelativeFilePath>AwsLambdaReadMe/AwsLambdaReadMeTemplateRegistration.cs</ProjectRelativeFilePath>
      <IsIgnored>false</IsIgnored>
    </FileLog>
    <FileLog>
      <ProjectId>31c48fca-00ff-4da4-8528-a1337c70ce6b</ProjectId>
      <CorrelationId>Intent.ModuleBuilder.Templates.FileTemplateStringInterpolation#08bcd889-32bf-49bc-81e9-ec6cdd2abbde</CorrelationId>
      <OverwriteBehaviour>always</OverwriteBehaviour>
      <ApplicationRelativeFilePath>Templates/AwsLambdaToolsDefaults/AwsLambdaToolsDefaultsTemplate.cs</ApplicationRelativeFilePath>
      <ProjectRelativeFilePath>AwsLambdaToolsDefaults/AwsLambdaToolsDefaultsTemplate.cs</ProjectRelativeFilePath>
      <IsIgnored>false</IsIgnored>
    </FileLog>
    <FileLog>
      <ProjectId>31c48fca-00ff-4da4-8528-a1337c70ce6b</ProjectId>
      <CorrelationId>Intent.ModuleBuilder.ProjectItemTemplate.Partial#08bcd889-32bf-49bc-81e9-ec6cdd2abbde</CorrelationId>
      <OverwriteBehaviour>always</OverwriteBehaviour>
      <ApplicationRelativeFilePath>Templates/AwsLambdaToolsDefaults/AwsLambdaToolsDefaultsTemplatePartial.cs</ApplicationRelativeFilePath>
      <ProjectRelativeFilePath>AwsLambdaToolsDefaults/AwsLambdaToolsDefaultsTemplatePartial.cs</ProjectRelativeFilePath>
      <IsIgnored>false</IsIgnored>
    </FileLog>
    <FileLog>
      <ProjectId>31c48fca-00ff-4da4-8528-a1337c70ce6b</ProjectId>
      <CorrelationId>Intent.ModuleBuilder.TemplateRegistration.SingleFileNoModel#08bcd889-32bf-49bc-81e9-ec6cdd2abbde</CorrelationId>
      <OverwriteBehaviour>always</OverwriteBehaviour>
      <ApplicationRelativeFilePath>Templates/AwsLambdaToolsDefaults/AwsLambdaToolsDefaultsTemplateRegistration.cs</ApplicationRelativeFilePath>
      <ProjectRelativeFilePath>AwsLambdaToolsDefaults/AwsLambdaToolsDefaultsTemplateRegistration.cs</ProjectRelativeFilePath>
      <IsIgnored>false</IsIgnored>
    </FileLog>
    <FileLog>
      <ProjectId>31c48fca-00ff-4da4-8528-a1337c70ce6b</ProjectId>
      <CorrelationId>Intent.ModuleBuilder.CSharp.Templates.CSharpTemplatePartial#584d9ed3-fe7f-4401-9b95-5de4a4fa672e</CorrelationId>
      <OverwriteBehaviour>always</OverwriteBehaviour>
      <ApplicationRelativeFilePath>Templates/JsonResponse/JsonResponseTemplatePartial.cs</ApplicationRelativeFilePath>
      <ProjectRelativeFilePath>JsonResponse/JsonResponseTemplatePartial.cs</ProjectRelativeFilePath>
      <IsIgnored>false</IsIgnored>
    </FileLog>
    <FileLog>
      <ProjectId>31c48fca-00ff-4da4-8528-a1337c70ce6b</ProjectId>
      <CorrelationId>Intent.ModuleBuilder.TemplateRegistration.SingleFileNoModel#584d9ed3-fe7f-4401-9b95-5de4a4fa672e</CorrelationId>
      <OverwriteBehaviour>always</OverwriteBehaviour>
      <ApplicationRelativeFilePath>Templates/JsonResponse/JsonResponseTemplateRegistration.cs</ApplicationRelativeFilePath>
      <ProjectRelativeFilePath>JsonResponse/JsonResponseTemplateRegistration.cs</ProjectRelativeFilePath>
      <IsIgnored>false</IsIgnored>
    </FileLog>
    <FileLog>
      <ProjectId>31c48fca-00ff-4da4-8528-a1337c70ce6b</ProjectId>
      <CorrelationId>Intent.ModuleBuilder.CSharp.Templates.CSharpTemplatePartial#6ecd7a9c-88ff-482c-a215-ed99f15fa9dc</CorrelationId>
      <OverwriteBehaviour>always</OverwriteBehaviour>
      <ApplicationRelativeFilePath>Templates/LambdaFunctionClass/LambdaFunctionClassTemplatePartial.cs</ApplicationRelativeFilePath>
      <ProjectRelativeFilePath>LambdaFunctionClass/LambdaFunctionClassTemplatePartial.cs</ProjectRelativeFilePath>
      <IsIgnored>false</IsIgnored>
    </FileLog>
    <FileLog>
      <ProjectId>31c48fca-00ff-4da4-8528-a1337c70ce6b</ProjectId>
      <CorrelationId>Intent.ModuleBuilder.TemplateRegistration.FilePerModel#6ecd7a9c-88ff-482c-a215-ed99f15fa9dc</CorrelationId>
      <OverwriteBehaviour>always</OverwriteBehaviour>
      <ApplicationRelativeFilePath>Templates/LambdaFunctionClass/LambdaFunctionClassTemplateRegistration.cs</ApplicationRelativeFilePath>
      <ProjectRelativeFilePath>LambdaFunctionClass/LambdaFunctionClassTemplateRegistration.cs</ProjectRelativeFilePath>
      <IsIgnored>false</IsIgnored>
    </FileLog>
    <FileLog>
      <ProjectId>31c48fca-00ff-4da4-8528-a1337c70ce6b</ProjectId>
      <CorrelationId>Intent.ModuleBuilder.Templates.FileTemplateStringInterpolation#e4853587-0701-42b5-a3ca-d604c459ddc6</CorrelationId>
      <OverwriteBehaviour>always</OverwriteBehaviour>
      <ApplicationRelativeFilePath>Templates/SamConfig/SamConfigTemplate.cs</ApplicationRelativeFilePath>
      <ProjectRelativeFilePath>SamConfig/SamConfigTemplate.cs</ProjectRelativeFilePath>
      <IsIgnored>false</IsIgnored>
    </FileLog>
    <FileLog>
      <ProjectId>31c48fca-00ff-4da4-8528-a1337c70ce6b</ProjectId>
      <CorrelationId>Intent.ModuleBuilder.ProjectItemTemplate.Partial#e4853587-0701-42b5-a3ca-d604c459ddc6</CorrelationId>
      <OverwriteBehaviour>always</OverwriteBehaviour>
      <ApplicationRelativeFilePath>Templates/SamConfig/SamConfigTemplatePartial.cs</ApplicationRelativeFilePath>
      <ProjectRelativeFilePath>SamConfig/SamConfigTemplatePartial.cs</ProjectRelativeFilePath>
      <IsIgnored>false</IsIgnored>
    </FileLog>
    <FileLog>
      <ProjectId>31c48fca-00ff-4da4-8528-a1337c70ce6b</ProjectId>
      <CorrelationId>Intent.ModuleBuilder.TemplateRegistration.SingleFileNoModel#e4853587-0701-42b5-a3ca-d604c459ddc6</CorrelationId>
      <OverwriteBehaviour>always</OverwriteBehaviour>
      <ApplicationRelativeFilePath>Templates/SamConfig/SamConfigTemplateRegistration.cs</ApplicationRelativeFilePath>
      <ProjectRelativeFilePath>SamConfig/SamConfigTemplateRegistration.cs</ProjectRelativeFilePath>
      <IsIgnored>false</IsIgnored>
    </FileLog>
    <FileLog>
      <ProjectId>31c48fca-00ff-4da4-8528-a1337c70ce6b</ProjectId>
      <CorrelationId>Intent.ModuleBuilder.CSharp.Templates.CSharpTemplatePartial#b42ececb-e2c8-4d4d-970c-9d51f1e98736</CorrelationId>
      <OverwriteBehaviour>always</OverwriteBehaviour>
      <ApplicationRelativeFilePath>Templates/Startup/StartupTemplatePartial.cs</ApplicationRelativeFilePath>
      <ProjectRelativeFilePath>Startup/StartupTemplatePartial.cs</ProjectRelativeFilePath>
      <IsIgnored>false</IsIgnored>
    </FileLog>
    <FileLog>
      <ProjectId>31c48fca-00ff-4da4-8528-a1337c70ce6b</ProjectId>
      <CorrelationId>Intent.ModuleBuilder.TemplateRegistration.SingleFileNoModel#b42ececb-e2c8-4d4d-970c-9d51f1e98736</CorrelationId>
      <OverwriteBehaviour>always</OverwriteBehaviour>
      <ApplicationRelativeFilePath>Templates/Startup/StartupTemplateRegistration.cs</ApplicationRelativeFilePath>
      <ProjectRelativeFilePath>Startup/StartupTemplateRegistration.cs</ProjectRelativeFilePath>
      <IsIgnored>false</IsIgnored>
    </FileLog>
    <FileLog>
      <ProjectId>31c48fca-00ff-4da4-8528-a1337c70ce6b</ProjectId>
      <CorrelationId>Intent.ModuleBuilder.Templates.TemplateExtensions</CorrelationId>
      <OverwriteBehaviour>always</OverwriteBehaviour>
      <ApplicationRelativeFilePath>Templates/TemplateExtensions.cs</ApplicationRelativeFilePath>
      <ProjectRelativeFilePath>TemplateExtensions.cs</ProjectRelativeFilePath>
      <IsIgnored>false</IsIgnored>
    </FileLog>
  </FileLogs>
</outputLog>