<?xml version="1.0" encoding="utf-8"?>
<outputLog>
  <ApplicationId>86b08704-7cea-4f57-a181-759963f12268</ApplicationId>
  <FileLogs>
    <FileLog>
      <CorrelationId>Intent.VisualStudio.Projects.VisualStudioSolution#32a9f4fe-aff5-4f67-af3c-f3616383cbd6</CorrelationId>
      <OverwriteBehaviour>always</OverwriteBehaviour>
      <ApplicationRelativeFilePath>../Intent.Modules.NET.sln</ApplicationRelativeFilePath>
      <IsIgnored>false</IsIgnored>
    </FileLog>
    <FileLog>
      <ProjectId>febf9622-2eba-4ab6-ac7f-c05a4d2e9352</ProjectId>
      <CorrelationId>Intent.ModuleBuilder.Templates.Api.ApiElementExtensionModel#f21a829c-366d-4daa-b3ed-ef45bcbca87c</CorrelationId>
      <OverwriteBehaviour>always</OverwriteBehaviour>
      <ApplicationRelativeFilePath>Api/ClassExtensionModel.cs</ApplicationRelativeFilePath>
      <ProjectRelativeFilePath>ClassExtensionModel.cs</ProjectRelativeFilePath>
      <IsIgnored>false</IsIgnored>
    </FileLog>
    <FileLog>
      <ProjectId>febf9622-2eba-4ab6-ac7f-c05a4d2e9352</ProjectId>
      <CorrelationId>Intent.ModuleBuilder.Templates.Api.ApiElementModelExtensions#04e12b51-ed12-42a3-9667-a6aa81bb6d10</CorrelationId>
      <OverwriteBehaviour>always</OverwriteBehaviour>
      <ApplicationRelativeFilePath>Api/ClassModelStereotypeExtensions.cs</ApplicationRelativeFilePath>
      <ProjectRelativeFilePath>ClassModelStereotypeExtensions.cs</ProjectRelativeFilePath>
      <IsIgnored>false</IsIgnored>
    </FileLog>
    <FileLog>
      <ProjectId>febf9622-2eba-4ab6-ac7f-c05a4d2e9352</ProjectId>
      <CorrelationId>Intent.ModuleBuilder.Templates.Api.ApiElementModel#9f58fea3-953a-4d1b-af88-cd75249387a9</CorrelationId>
      <OverwriteBehaviour>always</OverwriteBehaviour>
      <ApplicationRelativeFilePath>Api/DocumentStoreIndexModel.cs</ApplicationRelativeFilePath>
      <ProjectRelativeFilePath>DocumentStoreIndexModel.cs</ProjectRelativeFilePath>
      <IsIgnored>false</IsIgnored>
    </FileLog>
    <FileLog>
      <ProjectId>febf9622-2eba-4ab6-ac7f-c05a4d2e9352</ProjectId>
      <CorrelationId>Intent.ModuleBuilder.Templates.Api.ApiElementModelExtensions#9f58fea3-953a-4d1b-af88-cd75249387a9</CorrelationId>
      <OverwriteBehaviour>always</OverwriteBehaviour>
      <ApplicationRelativeFilePath>Api/DocumentStoreIndexModelStereotypeExtensions.cs</ApplicationRelativeFilePath>
      <ProjectRelativeFilePath>DocumentStoreIndexModelStereotypeExtensions.cs</ProjectRelativeFilePath>
      <IsIgnored>false</IsIgnored>
    </FileLog>
    <FileLog>
      <ProjectId>febf9622-2eba-4ab6-ac7f-c05a4d2e9352</ProjectId>
      <CorrelationId>Intent.ModuleBuilder.Templates.Api.ApiElementModelExtensions#4d95d53a-8855-4f35-aa82-e312643f5c5f</CorrelationId>
      <OverwriteBehaviour>always</OverwriteBehaviour>
      <ApplicationRelativeFilePath>Api/FolderModelStereotypeExtensions.cs</ApplicationRelativeFilePath>
      <ProjectRelativeFilePath>FolderModelStereotypeExtensions.cs</ProjectRelativeFilePath>
      <IsIgnored>false</IsIgnored>
    </FileLog>
    <FileLog>
      <ProjectId>febf9622-2eba-4ab6-ac7f-c05a4d2e9352</ProjectId>
      <CorrelationId>Intent.ModuleBuilder.Templates.Api.ApiElementModel#5d296c19-e71b-46e7-9737-027d47e8f6e8</CorrelationId>
      <OverwriteBehaviour>always</OverwriteBehaviour>
      <ApplicationRelativeFilePath>Api/IndexFieldModel.cs</ApplicationRelativeFilePath>
      <ProjectRelativeFilePath>IndexFieldModel.cs</ProjectRelativeFilePath>
      <IsIgnored>false</IsIgnored>
    </FileLog>
    <FileLog>
      <ProjectId>14017eb6-3bf1-4da5-bd74-c3888f412167</ProjectId>
      <CorrelationId>Intent.ModuleBuilder.Templates.FactoryExtension#f43d22ff-7b87-4ec8-80a3-6016ddb34abc</CorrelationId>
      <OverwriteBehaviour>always</OverwriteBehaviour>
      <ApplicationRelativeFilePath>FactoryExtensions/DependencyInjectionFactoryExtension.cs</ApplicationRelativeFilePath>
      <ProjectRelativeFilePath>DependencyInjectionFactoryExtension.cs</ProjectRelativeFilePath>
      <IsIgnored>false</IsIgnored>
    </FileLog>
    <FileLog>
      <ProjectId>14017eb6-3bf1-4da5-bd74-c3888f412167</ProjectId>
      <CorrelationId>Intent.ModuleBuilder.Templates.FactoryExtension#1c5994f0-a71e-40b9-9dfa-aefca2e8db49</CorrelationId>
      <OverwriteBehaviour>always</OverwriteBehaviour>
      <ApplicationRelativeFilePath>FactoryExtensions/DomainEventsFactoryExtension.cs</ApplicationRelativeFilePath>
      <ProjectRelativeFilePath>DomainEventsFactoryExtension.cs</ProjectRelativeFilePath>
      <IsIgnored>false</IsIgnored>
    </FileLog>
    <FileLog>
      <ProjectId>14017eb6-3bf1-4da5-bd74-c3888f412167</ProjectId>
      <CorrelationId>Intent.ModuleBuilder.Templates.FactoryExtension#302c6a6a-8a6d-4843-91cf-46cc9909f3f4</CorrelationId>
      <OverwriteBehaviour>always</OverwriteBehaviour>
      <ApplicationRelativeFilePath>FactoryExtensions/DtoAutoMapperFactoryExtension.cs</ApplicationRelativeFilePath>
      <ProjectRelativeFilePath>DtoAutoMapperFactoryExtension.cs</ProjectRelativeFilePath>
      <IsIgnored>false</IsIgnored>
    </FileLog>
    <FileLog>
      <ProjectId>14017eb6-3bf1-4da5-bd74-c3888f412167</ProjectId>
      <CorrelationId>Intent.ModuleBuilder.Templates.FactoryExtension#7cf04eba-0746-44e6-8c81-15ae6f5e87da</CorrelationId>
      <OverwriteBehaviour>always</OverwriteBehaviour>
      <ApplicationRelativeFilePath>FactoryExtensions/EntityFactoryExtension.cs</ApplicationRelativeFilePath>
      <ProjectRelativeFilePath>EntityFactoryExtension.cs</ProjectRelativeFilePath>
      <IsIgnored>false</IsIgnored>
    </FileLog>
    <FileLog>
      <ProjectId>e18a801d-8b65-406e-ba1b-4280d754f5d3</ProjectId>
      <CorrelationId>Intent.VisualStudio.Projects.CSharpProject#e18a801d-8b65-406e-ba1b-4280d754f5d3</CorrelationId>
      <OverwriteBehaviour>always</OverwriteBehaviour>
      <ApplicationRelativeFilePath>Intent.Modules.MongoDb.MongoFramework.csproj</ApplicationRelativeFilePath>
      <ProjectRelativeFilePath>Intent.Modules.MongoDb.MongoFramework.csproj</ProjectRelativeFilePath>
      <IsIgnored>false</IsIgnored>
    </FileLog>
    <FileLog>
      <ProjectId>e18a801d-8b65-406e-ba1b-4280d754f5d3</ProjectId>
      <CorrelationId>Intent.ModuleBuilder.IModSpecFile</CorrelationId>
      <OverwriteBehaviour>always</OverwriteBehaviour>
      <ApplicationRelativeFilePath>Intent.MongoDb.MongoFramework.imodspec</ApplicationRelativeFilePath>
      <ProjectRelativeFilePath>Intent.MongoDb.MongoFramework.imodspec</ProjectRelativeFilePath>
      <IsIgnored>true</IsIgnored>
    </FileLog>
    <FileLog>
      <ProjectId>58e570ed-4f72-45e2-b846-db68e90805ef</ProjectId>
      <CorrelationId>Intent.ModuleBuilder.DesignerSettings#db8f21ad-18b3-4a85-9c80-276c5b33ccba</CorrelationId>
      <OverwriteBehaviour>always</OverwriteBehaviour>
      <ApplicationRelativeFilePath>modelers/MongoDb Types.designer.settings</ApplicationRelativeFilePath>
      <ProjectRelativeFilePath>MongoDb Types.designer.settings</ProjectRelativeFilePath>
      <IsIgnored>false</IsIgnored>
    </FileLog>
    <FileLog>
      <ProjectId>e18a801d-8b65-406e-ba1b-4280d754f5d3</ProjectId>
      <CorrelationId>Intent.ModuleBuilder.CSharp.Templates.NugetPackages</CorrelationId>
      <OverwriteBehaviour>always</OverwriteBehaviour>
      <ApplicationRelativeFilePath>NugetPackages.cs</ApplicationRelativeFilePath>
      <ProjectRelativeFilePath>NugetPackages.cs</ProjectRelativeFilePath>
      <IsIgnored>false</IsIgnored>
    </FileLog>
    <FileLog>
      <ProjectId>7774a3e3-9f1c-401f-ac2d-6cef7250a6ad</ProjectId>
      <CorrelationId>Intent.ModuleBuilder.Templates.DocumentationTemplate#28e348e4-dac2-45b9-b57d-d1f92725cd9c</CorrelationId>
      <OverwriteBehaviour>always</OverwriteBehaviour>
      <ApplicationRelativeFilePath>resources/documentation.json</ApplicationRelativeFilePath>
      <ProjectRelativeFilePath>documentation.json</ProjectRelativeFilePath>
      <IsIgnored>false</IsIgnored>
    </FileLog>
    <FileLog>
      <ProjectId>b60ebebe-e01c-47a1-b6f5-a7386c3c3afc</ProjectId>
      <CorrelationId>Intent.ModuleBuilder.Templates.Settings.ModuleSettingsExtensions#45c8da16-507f-4c0c-840f-50f52fc75406</CorrelationId>
      <OverwriteBehaviour>always</OverwriteBehaviour>
      <ApplicationRelativeFilePath>Settings/ModuleSettingsExtensions.cs</ApplicationRelativeFilePath>
      <ProjectRelativeFilePath>ModuleSettingsExtensions.cs</ProjectRelativeFilePath>
      <IsIgnored>false</IsIgnored>
    </FileLog>
    <FileLog>
      <ProjectId>d011efd6-3b32-4d38-9498-8e2ccc2aeab3</ProjectId>
      <CorrelationId>Intent.ModuleBuilder.CSharp.Templates.CSharpTemplatePartial#63e01c93-3b4d-4be3-ae05-acb0dea50b33</CorrelationId>
      <OverwriteBehaviour>always</OverwriteBehaviour>
      <ApplicationRelativeFilePath>Templates/ApplicationMongoDbContext/ApplicationMongoDbContextTemplatePartial.cs</ApplicationRelativeFilePath>
      <ProjectRelativeFilePath>ApplicationMongoDbContext/ApplicationMongoDbContextTemplatePartial.cs</ProjectRelativeFilePath>
      <IsIgnored>false</IsIgnored>
    </FileLog>
    <FileLog>
      <ProjectId>d011efd6-3b32-4d38-9498-8e2ccc2aeab3</ProjectId>
      <CorrelationId>Intent.ModuleBuilder.TemplateRegistration.SingleFileListModel#63e01c93-3b4d-4be3-ae05-acb0dea50b33</CorrelationId>
      <OverwriteBehaviour>always</OverwriteBehaviour>
      <ApplicationRelativeFilePath>Templates/ApplicationMongoDbContext/ApplicationMongoDbContextTemplateRegistration.cs</ApplicationRelativeFilePath>
      <ProjectRelativeFilePath>ApplicationMongoDbContext/ApplicationMongoDbContextTemplateRegistration.cs</ProjectRelativeFilePath>
      <IsIgnored>false</IsIgnored>
    </FileLog>
    <FileLog>
      <ProjectId>d011efd6-3b32-4d38-9498-8e2ccc2aeab3</ProjectId>
      <CorrelationId>Intent.ModuleBuilder.CSharp.Templates.CSharpTemplatePartial#bf747a72-b2c4-490b-8cf0-ff87cf4ae273</CorrelationId>
      <OverwriteBehaviour>always</OverwriteBehaviour>
      <ApplicationRelativeFilePath>Templates/MongoDbMultiTenantConnectionFactory/MongoDbMultiTenantConnectionFactoryTemplatePartial.cs</ApplicationRelativeFilePath>
      <ProjectRelativeFilePath>MongoDbMultiTenantConnectionFactory/MongoDbMultiTenantConnectionFactoryTemplatePartial.cs</ProjectRelativeFilePath>
      <IsIgnored>false</IsIgnored>
    </FileLog>
    <FileLog>
      <ProjectId>d011efd6-3b32-4d38-9498-8e2ccc2aeab3</ProjectId>
      <CorrelationId>Intent.ModuleBuilder.TemplateRegistration.SingleFileNoModel#bf747a72-b2c4-490b-8cf0-ff87cf4ae273</CorrelationId>
      <OverwriteBehaviour>always</OverwriteBehaviour>
      <ApplicationRelativeFilePath>Templates/MongoDbMultiTenantConnectionFactory/MongoDbMultiTenantConnectionFactoryTemplateRegistration.cs</ApplicationRelativeFilePath>
      <ProjectRelativeFilePath>MongoDbMultiTenantConnectionFactory/MongoDbMultiTenantConnectionFactoryTemplateRegistration.cs</ProjectRelativeFilePath>
      <IsIgnored>false</IsIgnored>
    </FileLog>
    <FileLog>
      <ProjectId>d011efd6-3b32-4d38-9498-8e2ccc2aeab3</ProjectId>
      <CorrelationId>Intent.ModuleBuilder.CSharp.Templates.CSharpTemplatePartial#9583dad2-1734-4bf4-9172-2f6361ad8363</CorrelationId>
      <OverwriteBehaviour>always</OverwriteBehaviour>
      <ApplicationRelativeFilePath>Templates/MongoDbUnitOfWorkInterface/MongoDbUnitOfWorkInterfaceTemplatePartial.cs</ApplicationRelativeFilePath>
      <ProjectRelativeFilePath>MongoDbUnitOfWorkInterface/MongoDbUnitOfWorkInterfaceTemplatePartial.cs</ProjectRelativeFilePath>
      <IsIgnored>false</IsIgnored>
    </FileLog>
    <FileLog>
      <ProjectId>d011efd6-3b32-4d38-9498-8e2ccc2aeab3</ProjectId>
      <CorrelationId>Intent.ModuleBuilder.TemplateRegistration.SingleFileNoModel#9583dad2-1734-4bf4-9172-2f6361ad8363</CorrelationId>
      <OverwriteBehaviour>always</OverwriteBehaviour>
      <ApplicationRelativeFilePath>Templates/MongoDbUnitOfWorkInterface/MongoDbUnitOfWorkInterfaceTemplateRegistration.cs</ApplicationRelativeFilePath>
      <ProjectRelativeFilePath>MongoDbUnitOfWorkInterface/MongoDbUnitOfWorkInterfaceTemplateRegistration.cs</ProjectRelativeFilePath>
      <IsIgnored>false</IsIgnored>
    </FileLog>
    <FileLog>
      <ProjectId>d011efd6-3b32-4d38-9498-8e2ccc2aeab3</ProjectId>
      <CorrelationId>Intent.ModuleBuilder.Templates.TemplateExtensions</CorrelationId>
      <OverwriteBehaviour>always</OverwriteBehaviour>
      <ApplicationRelativeFilePath>Templates/TemplateExtensions.cs</ApplicationRelativeFilePath>
      <ProjectRelativeFilePath>TemplateExtensions.cs</ProjectRelativeFilePath>
      <IsIgnored>false</IsIgnored>
    </FileLog>
  </FileLogs>
</outputLog>