<?xml version="1.0" encoding="utf-8"?>
<outputLog>
  <ApplicationId>192dd09b-8264-4324-b49f-45e0c44f5d20</ApplicationId>
  <FileLogs>
    <FileLog>
      <CorrelationId>Intent.VisualStudio.Projects.GitIgnore#d8bbb0f3-d4c4-48fe-86cb-fbc7cf4c7498</CorrelationId>
      <OverwriteBehaviour>overwrite-disabled</OverwriteBehaviour>
      <ApplicationRelativeFilePath>../../ApiGatewayPoC/.gitignore</ApplicationRelativeFilePath>
      <IsIgnored>false</IsIgnored>
    </FileLog>
    <FileLog>
      <ProjectId>a6f1e323-f424-4ef5-ae67-9a9c6161cf7d</ProjectId>
      <CorrelationId>Intent.VisualStudio.Projects.CSharpProject#a6f1e323-f424-4ef5-ae67-9a9c6161cf7d</CorrelationId>
      <OverwriteBehaviour>always</OverwriteBehaviour>
      <ApplicationRelativeFilePath>../../ApiGatewayPoC/ApiGatewayPoC.Api/ApiGatewayPoC.Api.csproj</ApplicationRelativeFilePath>
      <ProjectRelativeFilePath>ApiGatewayPoC.Api.csproj</ProjectRelativeFilePath>
      <IsIgnored>false</IsIgnored>
    </FileLog>
    <FileLog>
      <ProjectId>a6f1e323-f424-4ef5-ae67-9a9c6161cf7d</ProjectId>
      <CorrelationId>Intent.VisualStudio.Projects.CoreWeb.AppSettings-Default#a6f1e323-f424-4ef5-ae67-9a9c6161cf7d</CorrelationId>
      <OverwriteBehaviour>always</OverwriteBehaviour>
      <ApplicationRelativeFilePath>../../ApiGatewayPoC/ApiGatewayPoC.Api/appsettings.json</ApplicationRelativeFilePath>
      <ProjectRelativeFilePath>appsettings.json</ProjectRelativeFilePath>
      <IsIgnored>false</IsIgnored>
    </FileLog>
    <FileLog>
      <ProjectId>1116a2ae-cc94-40b7-b98c-36bd280e88af</ProjectId>
      <CorrelationId>Intent.AspNetCore.Versioning.ApiVersioningConfiguration</CorrelationId>
      <OverwriteBehaviour>always</OverwriteBehaviour>
      <ApplicationRelativeFilePath>../../ApiGatewayPoC/ApiGatewayPoC.Api/Configuration/ApiVersioningConfiguration.cs</ApplicationRelativeFilePath>
      <ProjectRelativeFilePath>ApiVersioningConfiguration.cs</ProjectRelativeFilePath>
      <IsIgnored>false</IsIgnored>
    </FileLog>
    <FileLog>
      <ProjectId>1116a2ae-cc94-40b7-b98c-36bd280e88af</ProjectId>
      <CorrelationId>Intent.AspNetCore.Versioning.ApiVersionSwaggerGenOptions</CorrelationId>
      <OverwriteBehaviour>always</OverwriteBehaviour>
      <ApplicationRelativeFilePath>../../ApiGatewayPoC/ApiGatewayPoC.Api/Configuration/ApiVersionSwaggerGenOptions.cs</ApplicationRelativeFilePath>
      <ProjectRelativeFilePath>ApiVersionSwaggerGenOptions.cs</ProjectRelativeFilePath>
      <IsIgnored>false</IsIgnored>
    </FileLog>
    <FileLog>
      <ProjectId>1116a2ae-cc94-40b7-b98c-36bd280e88af</ProjectId>
      <CorrelationId>Intent.Application.Identity.ApplicationSecurityConfiguration</CorrelationId>
      <OverwriteBehaviour>always</OverwriteBehaviour>
      <ApplicationRelativeFilePath>../../ApiGatewayPoC/ApiGatewayPoC.Api/Configuration/ApplicationSecurityConfiguration.cs</ApplicationRelativeFilePath>
      <ProjectRelativeFilePath>ApplicationSecurityConfiguration.cs</ProjectRelativeFilePath>
      <IsIgnored>false</IsIgnored>
    </FileLog>
    <FileLog>
      <ProjectId>1116a2ae-cc94-40b7-b98c-36bd280e88af</ProjectId>
      <CorrelationId>Intent.AspNetCore.HealthChecks.HealthChecksConfiguration</CorrelationId>
      <OverwriteBehaviour>always</OverwriteBehaviour>
      <ApplicationRelativeFilePath>../../ApiGatewayPoC/ApiGatewayPoC.Api/Configuration/HealthChecksConfiguration.cs</ApplicationRelativeFilePath>
      <ProjectRelativeFilePath>HealthChecksConfiguration.cs</ProjectRelativeFilePath>
      <IsIgnored>false</IsIgnored>
    </FileLog>
    <FileLog>
      <ProjectId>1116a2ae-cc94-40b7-b98c-36bd280e88af</ProjectId>
      <CorrelationId>Intent.AspNetCore.ProblemDetailsConfiguration</CorrelationId>
      <OverwriteBehaviour>always</OverwriteBehaviour>
      <ApplicationRelativeFilePath>../../ApiGatewayPoC/ApiGatewayPoC.Api/Configuration/ProblemDetailsConfiguration.cs</ApplicationRelativeFilePath>
      <ProjectRelativeFilePath>ProblemDetailsConfiguration.cs</ProjectRelativeFilePath>
      <IsIgnored>false</IsIgnored>
    </FileLog>
    <FileLog>
      <ProjectId>1116a2ae-cc94-40b7-b98c-36bd280e88af</ProjectId>
      <CorrelationId>Intent.AspNetCore.Swashbuckle.SwashbuckleConfiguration</CorrelationId>
      <OverwriteBehaviour>always</OverwriteBehaviour>
      <ApplicationRelativeFilePath>../../ApiGatewayPoC/ApiGatewayPoC.Api/Configuration/SwashbuckleConfiguration.cs</ApplicationRelativeFilePath>
      <ProjectRelativeFilePath>SwashbuckleConfiguration.cs</ProjectRelativeFilePath>
      <IsIgnored>false</IsIgnored>
    </FileLog>
    <FileLog>
      <ProjectId>7633c396-88cb-4d96-89cf-c46a5947f065</ProjectId>
      <CorrelationId>Intent.AspNetCore.Swashbuckle.Security.AuthorizeCheckOperationFilter</CorrelationId>
      <OverwriteBehaviour>always</OverwriteBehaviour>
      <ApplicationRelativeFilePath>../../ApiGatewayPoC/ApiGatewayPoC.Api/Filters/AuthorizeCheckOperationFilter.cs</ApplicationRelativeFilePath>
      <ProjectRelativeFilePath>AuthorizeCheckOperationFilter.cs</ProjectRelativeFilePath>
      <IsIgnored>false</IsIgnored>
    </FileLog>
    <FileLog>
      <ProjectId>7633c396-88cb-4d96-89cf-c46a5947f065</ProjectId>
      <CorrelationId>Intent.AspNetCore.Controllers.ExceptionFilter</CorrelationId>
      <OverwriteBehaviour>always</OverwriteBehaviour>
      <ApplicationRelativeFilePath>../../ApiGatewayPoC/ApiGatewayPoC.Api/Filters/ExceptionFilter.cs</ApplicationRelativeFilePath>
      <ProjectRelativeFilePath>ExceptionFilter.cs</ProjectRelativeFilePath>
      <IsIgnored>false</IsIgnored>
    </FileLog>
    <FileLog>
      <ProjectId>7633c396-88cb-4d96-89cf-c46a5947f065</ProjectId>
      <CorrelationId>Intent.AspNetCore.Swashbuckle.TypeSchemaFilter</CorrelationId>
      <OverwriteBehaviour>always</OverwriteBehaviour>
      <ApplicationRelativeFilePath>../../ApiGatewayPoC/ApiGatewayPoC.Api/Filters/TypeSchemaFilter.cs</ApplicationRelativeFilePath>
      <ProjectRelativeFilePath>TypeSchemaFilter.cs</ProjectRelativeFilePath>
      <IsIgnored>false</IsIgnored>
    </FileLog>
    <FileLog>
      <ProjectId>a6f1e323-f424-4ef5-ae67-9a9c6161cf7d</ProjectId>
      <CorrelationId>Intent.AspNetCore.Program</CorrelationId>
      <OverwriteBehaviour>always</OverwriteBehaviour>
      <ApplicationRelativeFilePath>../../ApiGatewayPoC/ApiGatewayPoC.Api/Program.cs</ApplicationRelativeFilePath>
      <ProjectRelativeFilePath>Program.cs</ProjectRelativeFilePath>
      <IsIgnored>false</IsIgnored>
    </FileLog>
    <FileLog>
      <ProjectId>a6f1e323-f424-4ef5-ae67-9a9c6161cf7d</ProjectId>
      <CorrelationId>Intent.VisualStudio.Projects.CoreWeb.LaunchSettings#a6f1e323-f424-4ef5-ae67-9a9c6161cf7d</CorrelationId>
      <OverwriteBehaviour>always</OverwriteBehaviour>
      <ApplicationRelativeFilePath>../../ApiGatewayPoC/ApiGatewayPoC.Api/Properties/launchSettings.json</ApplicationRelativeFilePath>
      <ProjectRelativeFilePath>Properties/launchSettings.json</ProjectRelativeFilePath>
      <IsIgnored>false</IsIgnored>
    </FileLog>
    <FileLog>
      <ProjectId>c1e4dcfb-514c-493c-9449-428894711925</ProjectId>
      <CorrelationId>Intent.Application.Identity.CurrentUserService</CorrelationId>
      <OverwriteBehaviour>always</OverwriteBehaviour>
      <ApplicationRelativeFilePath>../../ApiGatewayPoC/ApiGatewayPoC.Api/Services/CurrentUserService.cs</ApplicationRelativeFilePath>
      <ProjectRelativeFilePath>CurrentUserService.cs</ProjectRelativeFilePath>
      <IsIgnored>false</IsIgnored>
    </FileLog>
    <FileLog>
      <ProjectId>84a988b5-4aee-4aa8-8597-e1219b4936d6</ProjectId>
      <CorrelationId>Intent.VisualStudio.Projects.CSharpProject#84a988b5-4aee-4aa8-8597-e1219b4936d6</CorrelationId>
      <OverwriteBehaviour>always</OverwriteBehaviour>
      <ApplicationRelativeFilePath>../../ApiGatewayPoC/ApiGatewayPoC.Application/ApiGatewayPoC.Application.csproj</ApplicationRelativeFilePath>
      <ProjectRelativeFilePath>ApiGatewayPoC.Application.csproj</ProjectRelativeFilePath>
      <IsIgnored>false</IsIgnored>
    </FileLog>
    <FileLog>
      <ProjectId>4cbe5564-cf85-42f4-9ab1-393d01e35e57</ProjectId>
      <CorrelationId>Intent.Application.MediatR.Behaviours.AuthorizationBehaviour</CorrelationId>
      <OverwriteBehaviour>always</OverwriteBehaviour>
      <ApplicationRelativeFilePath>../../ApiGatewayPoC/ApiGatewayPoC.Application/Common/Behaviours/AuthorizationBehaviour.cs</ApplicationRelativeFilePath>
      <ProjectRelativeFilePath>AuthorizationBehaviour.cs</ProjectRelativeFilePath>
      <IsIgnored>false</IsIgnored>
    </FileLog>
    <FileLog>
      <ProjectId>4cbe5564-cf85-42f4-9ab1-393d01e35e57</ProjectId>
      <CorrelationId>Intent.Application.MediatR.Behaviours.LoggingBehaviour</CorrelationId>
      <OverwriteBehaviour>always</OverwriteBehaviour>
      <ApplicationRelativeFilePath>../../ApiGatewayPoC/ApiGatewayPoC.Application/Common/Behaviours/LoggingBehaviour.cs</ApplicationRelativeFilePath>
      <ProjectRelativeFilePath>LoggingBehaviour.cs</ProjectRelativeFilePath>
      <IsIgnored>false</IsIgnored>
    </FileLog>
    <FileLog>
      <ProjectId>4cbe5564-cf85-42f4-9ab1-393d01e35e57</ProjectId>
      <CorrelationId>Intent.Application.MediatR.Behaviours.PerformanceBehaviour</CorrelationId>
      <OverwriteBehaviour>always</OverwriteBehaviour>
      <ApplicationRelativeFilePath>../../ApiGatewayPoC/ApiGatewayPoC.Application/Common/Behaviours/PerformanceBehaviour.cs</ApplicationRelativeFilePath>
      <ProjectRelativeFilePath>PerformanceBehaviour.cs</ProjectRelativeFilePath>
      <IsIgnored>false</IsIgnored>
    </FileLog>
    <FileLog>
      <ProjectId>4cbe5564-cf85-42f4-9ab1-393d01e35e57</ProjectId>
      <CorrelationId>Intent.Application.MediatR.Behaviours.UnhandledExceptionBehaviour</CorrelationId>
      <OverwriteBehaviour>always</OverwriteBehaviour>
      <ApplicationRelativeFilePath>../../ApiGatewayPoC/ApiGatewayPoC.Application/Common/Behaviours/UnhandledExceptionBehaviour.cs</ApplicationRelativeFilePath>
      <ProjectRelativeFilePath>UnhandledExceptionBehaviour.cs</ProjectRelativeFilePath>
      <IsIgnored>false</IsIgnored>
    </FileLog>
    <FileLog>
      <ProjectId>4cbe5564-cf85-42f4-9ab1-393d01e35e57</ProjectId>
      <CorrelationId>Intent.Application.MediatR.Behaviours.UnitOfWorkBehaviour</CorrelationId>
      <OverwriteBehaviour>always</OverwriteBehaviour>
      <ApplicationRelativeFilePath>../../ApiGatewayPoC/ApiGatewayPoC.Application/Common/Behaviours/UnitOfWorkBehaviour.cs</ApplicationRelativeFilePath>
      <ProjectRelativeFilePath>UnitOfWorkBehaviour.cs</ProjectRelativeFilePath>
      <IsIgnored>false</IsIgnored>
    </FileLog>
    <FileLog>
      <ProjectId>4cbe5564-cf85-42f4-9ab1-393d01e35e57</ProjectId>
      <CorrelationId>Intent.Application.MediatR.FluentValidation.ValidationBehaviour</CorrelationId>
      <OverwriteBehaviour>always</OverwriteBehaviour>
      <ApplicationRelativeFilePath>../../ApiGatewayPoC/ApiGatewayPoC.Application/Common/Behaviours/ValidationBehaviour.cs</ApplicationRelativeFilePath>
      <ProjectRelativeFilePath>ValidationBehaviour.cs</ProjectRelativeFilePath>
      <IsIgnored>false</IsIgnored>
    </FileLog>
    <FileLog>
      <ProjectId>4f6e1c74-1ba7-4ca7-9e09-327d176915ee</ProjectId>
      <CorrelationId>Intent.Application.Identity.ForbiddenAccessException</CorrelationId>
      <OverwriteBehaviour>always</OverwriteBehaviour>
      <ApplicationRelativeFilePath>../../ApiGatewayPoC/ApiGatewayPoC.Application/Common/Exceptions/ForbiddenAccessException.cs</ApplicationRelativeFilePath>
      <ProjectRelativeFilePath>ForbiddenAccessException.cs</ProjectRelativeFilePath>
      <IsIgnored>false</IsIgnored>
    </FileLog>
    <FileLog>
      <ProjectId>72f2fc4a-35b4-40ee-96fe-ba13a1928791</ProjectId>
      <CorrelationId>Intent.Application.MediatR.CommandInterface</CorrelationId>
      <OverwriteBehaviour>always</OverwriteBehaviour>
      <ApplicationRelativeFilePath>../../ApiGatewayPoC/ApiGatewayPoC.Application/Common/Interfaces/ICommand.cs</ApplicationRelativeFilePath>
      <ProjectRelativeFilePath>ICommand.cs</ProjectRelativeFilePath>
      <IsIgnored>false</IsIgnored>
    </FileLog>
    <FileLog>
      <ProjectId>72f2fc4a-35b4-40ee-96fe-ba13a1928791</ProjectId>
      <CorrelationId>Intent.Application.Identity.CurrentUserServiceInterface</CorrelationId>
      <OverwriteBehaviour>always</OverwriteBehaviour>
      <ApplicationRelativeFilePath>../../ApiGatewayPoC/ApiGatewayPoC.Application/Common/Interfaces/ICurrentUserService.cs</ApplicationRelativeFilePath>
      <ProjectRelativeFilePath>ICurrentUserService.cs</ProjectRelativeFilePath>
      <IsIgnored>false</IsIgnored>
    </FileLog>
    <FileLog>
      <ProjectId>72f2fc4a-35b4-40ee-96fe-ba13a1928791</ProjectId>
      <CorrelationId>Intent.DomainEvents.DomainEventServiceInterface</CorrelationId>
      <OverwriteBehaviour>always</OverwriteBehaviour>
      <ApplicationRelativeFilePath>../../ApiGatewayPoC/ApiGatewayPoC.Application/Common/Interfaces/IDomainEventService.cs</ApplicationRelativeFilePath>
      <ProjectRelativeFilePath>IDomainEventService.cs</ProjectRelativeFilePath>
      <IsIgnored>false</IsIgnored>
    </FileLog>
    <FileLog>
      <ProjectId>72f2fc4a-35b4-40ee-96fe-ba13a1928791</ProjectId>
      <CorrelationId>Intent.Application.MediatR.QueryInterface</CorrelationId>
      <OverwriteBehaviour>always</OverwriteBehaviour>
      <ApplicationRelativeFilePath>../../ApiGatewayPoC/ApiGatewayPoC.Application/Common/Interfaces/IQuery.cs</ApplicationRelativeFilePath>
      <ProjectRelativeFilePath>IQuery.cs</ProjectRelativeFilePath>
      <IsIgnored>false</IsIgnored>
    </FileLog>
    <FileLog>
      <ProjectId>7c41fcbe-211f-4a47-8f53-5d2c511951e6</ProjectId>
      <CorrelationId>Intent.Application.AutoMapper.MapFromInterface</CorrelationId>
      <OverwriteBehaviour>always</OverwriteBehaviour>
      <ApplicationRelativeFilePath>../../ApiGatewayPoC/ApiGatewayPoC.Application/Common/Mappings/IMapFrom.cs</ApplicationRelativeFilePath>
      <ProjectRelativeFilePath>IMapFrom.cs</ProjectRelativeFilePath>
      <IsIgnored>false</IsIgnored>
    </FileLog>
    <FileLog>
      <ProjectId>7c41fcbe-211f-4a47-8f53-5d2c511951e6</ProjectId>
      <CorrelationId>Intent.Application.AutoMapper.MappingProfile</CorrelationId>
      <OverwriteBehaviour>always</OverwriteBehaviour>
      <ApplicationRelativeFilePath>../../ApiGatewayPoC/ApiGatewayPoC.Application/Common/Mappings/MappingProfile.cs</ApplicationRelativeFilePath>
      <ProjectRelativeFilePath>MappingProfile.cs</ProjectRelativeFilePath>
      <IsIgnored>false</IsIgnored>
    </FileLog>
    <FileLog>
      <ProjectId>adba51fc-b84b-4b45-bf6f-5ff8edddff85</ProjectId>
      <CorrelationId>Intent.MediatR.DomainEvents.DomainEventNotification</CorrelationId>
      <OverwriteBehaviour>always</OverwriteBehaviour>
      <ApplicationRelativeFilePath>../../ApiGatewayPoC/ApiGatewayPoC.Application/Common/Models/DomainEventNotification.cs</ApplicationRelativeFilePath>
      <ProjectRelativeFilePath>DomainEventNotification.cs</ProjectRelativeFilePath>
      <IsIgnored>false</IsIgnored>
    </FileLog>
    <FileLog>
      <ProjectId>adba51fc-b84b-4b45-bf6f-5ff8edddff85</ProjectId>
      <CorrelationId>Intent.Application.Identity.ResultModel</CorrelationId>
      <OverwriteBehaviour>always</OverwriteBehaviour>
      <ApplicationRelativeFilePath>../../ApiGatewayPoC/ApiGatewayPoC.Application/Common/Models/Result.cs</ApplicationRelativeFilePath>
      <ProjectRelativeFilePath>Result.cs</ProjectRelativeFilePath>
      <IsIgnored>false</IsIgnored>
    </FileLog>
    <FileLog>
      <ProjectId>acb9af92-1b85-437d-88b7-1d09d7ce7bdf</ProjectId>
      <CorrelationId>Intent.EntityFrameworkCore.PagedList</CorrelationId>
      <OverwriteBehaviour>always</OverwriteBehaviour>
      <ApplicationRelativeFilePath>../../ApiGatewayPoC/ApiGatewayPoC.Application/Common/Pagination/PagedList.cs</ApplicationRelativeFilePath>
      <ProjectRelativeFilePath>PagedList.cs</ProjectRelativeFilePath>
      <IsIgnored>false</IsIgnored>
    </FileLog>
    <FileLog>
      <ProjectId>acb9af92-1b85-437d-88b7-1d09d7ce7bdf</ProjectId>
      <CorrelationId>Intent.Application.Dtos.Pagination.PagedResult</CorrelationId>
      <OverwriteBehaviour>always</OverwriteBehaviour>
      <ApplicationRelativeFilePath>../../ApiGatewayPoC/ApiGatewayPoC.Application/Common/Pagination/PagedResult.cs</ApplicationRelativeFilePath>
      <ProjectRelativeFilePath>PagedResult.cs</ProjectRelativeFilePath>
      <IsIgnored>false</IsIgnored>
    </FileLog>
    <FileLog>
      <ProjectId>acb9af92-1b85-437d-88b7-1d09d7ce7bdf</ProjectId>
      <CorrelationId>Intent.Application.Dtos.Pagination.PagedResultMappingExtensions</CorrelationId>
      <OverwriteBehaviour>always</OverwriteBehaviour>
      <ApplicationRelativeFilePath>../../ApiGatewayPoC/ApiGatewayPoC.Application/Common/Pagination/PagedResultMappingExtensions.cs</ApplicationRelativeFilePath>
      <ProjectRelativeFilePath>PagedResultMappingExtensions.cs</ProjectRelativeFilePath>
      <IsIgnored>false</IsIgnored>
    </FileLog>
    <FileLog>
      <ProjectId>59236927-bd02-4235-a5e4-949937fb6ef6</ProjectId>
      <CorrelationId>Intent.Application.Identity.AuthorizeAttribute</CorrelationId>
      <OverwriteBehaviour>always</OverwriteBehaviour>
      <ApplicationRelativeFilePath>../../ApiGatewayPoC/ApiGatewayPoC.Application/Common/Security/AuthorizeAttribute.cs</ApplicationRelativeFilePath>
      <ProjectRelativeFilePath>AuthorizeAttribute.cs</ProjectRelativeFilePath>
      <IsIgnored>false</IsIgnored>
    </FileLog>
    <FileLog>
      <ProjectId>be00a076-45b2-4802-8566-e814cc5d8d42</ProjectId>
      <CorrelationId>Intent.Application.FluentValidation.Dtos.ValidatorProviderInterface</CorrelationId>
      <OverwriteBehaviour>always</OverwriteBehaviour>
      <ApplicationRelativeFilePath>../../ApiGatewayPoC/ApiGatewayPoC.Application/Common/Validation/IValidatorProvider.cs</ApplicationRelativeFilePath>
      <ProjectRelativeFilePath>IValidatorProvider.cs</ProjectRelativeFilePath>
      <IsIgnored>false</IsIgnored>
    </FileLog>
    <FileLog>
      <ProjectId>be00a076-45b2-4802-8566-e814cc5d8d42</ProjectId>
      <CorrelationId>Intent.Application.FluentValidation.Dtos.ValidatorProvider</CorrelationId>
      <OverwriteBehaviour>always</OverwriteBehaviour>
      <ApplicationRelativeFilePath>../../ApiGatewayPoC/ApiGatewayPoC.Application/Common/Validation/ValidatorProvider.cs</ApplicationRelativeFilePath>
      <ProjectRelativeFilePath>ValidatorProvider.cs</ProjectRelativeFilePath>
      <IsIgnored>false</IsIgnored>
    </FileLog>
    <FileLog>
      <ProjectId>84a988b5-4aee-4aa8-8597-e1219b4936d6</ProjectId>
      <CorrelationId>Intent.Application.DependencyInjection.DependencyInjection</CorrelationId>
      <OverwriteBehaviour>always</OverwriteBehaviour>
      <ApplicationRelativeFilePath>../../ApiGatewayPoC/ApiGatewayPoC.Application/DependencyInjection.cs</ApplicationRelativeFilePath>
      <ProjectRelativeFilePath>DependencyInjection.cs</ProjectRelativeFilePath>
      <IsIgnored>false</IsIgnored>
    </FileLog>
    <FileLog>
      <ProjectId>45b62790-96ab-4fcc-a50d-fcf5aed78065</ProjectId>
      <CorrelationId>Intent.VisualStudio.Projects.CSharpProject#45b62790-96ab-4fcc-a50d-fcf5aed78065</CorrelationId>
      <OverwriteBehaviour>always</OverwriteBehaviour>
      <ApplicationRelativeFilePath>../../ApiGatewayPoC/ApiGatewayPoC.Domain/ApiGatewayPoC.Domain.csproj</ApplicationRelativeFilePath>
      <ProjectRelativeFilePath>ApiGatewayPoC.Domain.csproj</ProjectRelativeFilePath>
      <IsIgnored>false</IsIgnored>
    </FileLog>
    <FileLog>
      <ProjectId>dfee0472-7307-4d44-886d-4f77871aa405</ProjectId>
      <CorrelationId>Intent.Entities.CollectionExtensions</CorrelationId>
      <OverwriteBehaviour>always</OverwriteBehaviour>
      <ApplicationRelativeFilePath>../../ApiGatewayPoC/ApiGatewayPoC.Domain/Common/CollectionExtensions.cs</ApplicationRelativeFilePath>
      <ProjectRelativeFilePath>CollectionExtensions.cs</ProjectRelativeFilePath>
      <IsIgnored>false</IsIgnored>
    </FileLog>
    <FileLog>
      <ProjectId>dfee0472-7307-4d44-886d-4f77871aa405</ProjectId>
      <CorrelationId>Intent.DomainEvents.DomainEventBase</CorrelationId>
      <OverwriteBehaviour>always</OverwriteBehaviour>
      <ApplicationRelativeFilePath>../../ApiGatewayPoC/ApiGatewayPoC.Domain/Common/DomainEvent.cs</ApplicationRelativeFilePath>
      <ProjectRelativeFilePath>DomainEvent.cs</ProjectRelativeFilePath>
      <IsIgnored>false</IsIgnored>
    </FileLog>
    <FileLog>
      <ProjectId>d82527e4-1a56-44c3-8aed-10aecf7605ac</ProjectId>
      <CorrelationId>Intent.Entities.NotFoundException</CorrelationId>
      <OverwriteBehaviour>always</OverwriteBehaviour>
      <ApplicationRelativeFilePath>../../ApiGatewayPoC/ApiGatewayPoC.Domain/Common/Exceptions/NotFoundException.cs</ApplicationRelativeFilePath>
      <ProjectRelativeFilePath>NotFoundException.cs</ProjectRelativeFilePath>
      <IsIgnored>false</IsIgnored>
    </FileLog>
    <FileLog>
      <ProjectId>dfee0472-7307-4d44-886d-4f77871aa405</ProjectId>
      <CorrelationId>Intent.DomainEvents.HasDomainEventInterface</CorrelationId>
      <OverwriteBehaviour>always</OverwriteBehaviour>
      <ApplicationRelativeFilePath>../../ApiGatewayPoC/ApiGatewayPoC.Domain/Common/IHasDomainEvent.cs</ApplicationRelativeFilePath>
      <ProjectRelativeFilePath>IHasDomainEvent.cs</ProjectRelativeFilePath>
      <IsIgnored>false</IsIgnored>
    </FileLog>
    <FileLog>
      <ProjectId>97f44bb7-5f52-4769-88f3-01799be77bc3</ProjectId>
      <CorrelationId>Intent.Entities.Repositories.Api.UnitOfWorkInterface</CorrelationId>
      <OverwriteBehaviour>always</OverwriteBehaviour>
      <ApplicationRelativeFilePath>../../ApiGatewayPoC/ApiGatewayPoC.Domain/Common/Interfaces/IUnitOfWork.cs</ApplicationRelativeFilePath>
      <ProjectRelativeFilePath>IUnitOfWork.cs</ProjectRelativeFilePath>
      <IsIgnored>false</IsIgnored>
    </FileLog>
    <FileLog>
      <ProjectId>dfee0472-7307-4d44-886d-4f77871aa405</ProjectId>
      <CorrelationId>Intent.Entities.UpdateHelper</CorrelationId>
      <OverwriteBehaviour>always</OverwriteBehaviour>
      <ApplicationRelativeFilePath>../../ApiGatewayPoC/ApiGatewayPoC.Domain/Common/UpdateHelper.cs</ApplicationRelativeFilePath>
      <ProjectRelativeFilePath>UpdateHelper.cs</ProjectRelativeFilePath>
      <IsIgnored>false</IsIgnored>
    </FileLog>
    <FileLog>
      <ProjectId>ffba2f06-4020-4eb9-b804-398ab9630ea0</ProjectId>
      <CorrelationId>Intent.EntityFrameworkCore.Repositories.EFRepositoryInterface</CorrelationId>
      <OverwriteBehaviour>always</OverwriteBehaviour>
      <ApplicationRelativeFilePath>../../ApiGatewayPoC/ApiGatewayPoC.Domain/Repositories/IEFRepository.cs</ApplicationRelativeFilePath>
      <ProjectRelativeFilePath>IEFRepository.cs</ProjectRelativeFilePath>
      <IsIgnored>false</IsIgnored>
    </FileLog>
    <FileLog>
      <ProjectId>ffba2f06-4020-4eb9-b804-398ab9630ea0</ProjectId>
      <CorrelationId>Intent.Entities.Repositories.Api.PagedListInterface</CorrelationId>
      <OverwriteBehaviour>always</OverwriteBehaviour>
      <ApplicationRelativeFilePath>../../ApiGatewayPoC/ApiGatewayPoC.Domain/Repositories/IPagedList.cs</ApplicationRelativeFilePath>
      <ProjectRelativeFilePath>IPagedList.cs</ProjectRelativeFilePath>
      <IsIgnored>false</IsIgnored>
    </FileLog>
    <FileLog>
      <ProjectId>ffba2f06-4020-4eb9-b804-398ab9630ea0</ProjectId>
      <CorrelationId>Intent.Entities.Repositories.Api.RepositoryInterface</CorrelationId>
      <OverwriteBehaviour>always</OverwriteBehaviour>
      <ApplicationRelativeFilePath>../../ApiGatewayPoC/ApiGatewayPoC.Domain/Repositories/IRepository.cs</ApplicationRelativeFilePath>
      <ProjectRelativeFilePath>IRepository.cs</ProjectRelativeFilePath>
      <IsIgnored>false</IsIgnored>
    </FileLog>
    <FileLog>
      <ProjectId>53e67845-ccf4-447f-bcb3-01a86523d5e0</ProjectId>
      <CorrelationId>Intent.VisualStudio.Projects.CSharpProject#53e67845-ccf4-447f-bcb3-01a86523d5e0</CorrelationId>
      <OverwriteBehaviour>always</OverwriteBehaviour>
      <ApplicationRelativeFilePath>../../ApiGatewayPoC/ApiGatewayPoC.Infrastructure/ApiGatewayPoC.Infrastructure.csproj</ApplicationRelativeFilePath>
      <ProjectRelativeFilePath>ApiGatewayPoC.Infrastructure.csproj</ProjectRelativeFilePath>
      <IsIgnored>false</IsIgnored>
    </FileLog>
    <FileLog>
      <ProjectId>53e67845-ccf4-447f-bcb3-01a86523d5e0</ProjectId>
      <CorrelationId>Intent.Infrastructure.DependencyInjection.DependencyInjection</CorrelationId>
      <OverwriteBehaviour>always</OverwriteBehaviour>
      <ApplicationRelativeFilePath>../../ApiGatewayPoC/ApiGatewayPoC.Infrastructure/DependencyInjection.cs</ApplicationRelativeFilePath>
      <ProjectRelativeFilePath>DependencyInjection.cs</ProjectRelativeFilePath>
      <IsIgnored>false</IsIgnored>
    </FileLog>
    <FileLog>
      <ProjectId>03cac49f-1ffc-4e9f-86d8-07b77337eeb8</ProjectId>
      <CorrelationId>Intent.EntityFrameworkCore.DbContext#DefaultConnection</CorrelationId>
      <OverwriteBehaviour>always</OverwriteBehaviour>
      <ApplicationRelativeFilePath>../../ApiGatewayPoC/ApiGatewayPoC.Infrastructure/Persistence/ApplicationDbContext.cs</ApplicationRelativeFilePath>
      <ProjectRelativeFilePath>ApplicationDbContext.cs</ProjectRelativeFilePath>
      <IsIgnored>false</IsIgnored>
    </FileLog>
    <FileLog>
      <ProjectId>03cac49f-1ffc-4e9f-86d8-07b77337eeb8</ProjectId>
      <CorrelationId>Intent.EntityFrameworkCore.DbMigrationsReadMe</CorrelationId>
      <OverwriteBehaviour>always</OverwriteBehaviour>
      <ApplicationRelativeFilePath>../../ApiGatewayPoC/ApiGatewayPoC.Infrastructure/Persistence/MIGRATION_README.txt</ApplicationRelativeFilePath>
      <ProjectRelativeFilePath>MIGRATION_README.txt</ProjectRelativeFilePath>
      <IsIgnored>false</IsIgnored>
    </FileLog>
    <FileLog>
      <ProjectId>6864b6eb-1de0-4db5-b25b-3e11fb91eaa8</ProjectId>
      <CorrelationId>Intent.EntityFrameworkCore.Repositories.RepositoryBase</CorrelationId>
      <OverwriteBehaviour>always</OverwriteBehaviour>
      <ApplicationRelativeFilePath>../../ApiGatewayPoC/ApiGatewayPoC.Infrastructure/Repositories/RepositoryBase.cs</ApplicationRelativeFilePath>
      <ProjectRelativeFilePath>RepositoryBase.cs</ProjectRelativeFilePath>
      <IsIgnored>false</IsIgnored>
    </FileLog>
    <FileLog>
      <ProjectId>8e73fc59-5740-4a7a-914e-784855b0a760</ProjectId>
      <CorrelationId>Intent.MediatR.DomainEvents.DomainEventService</CorrelationId>
      <OverwriteBehaviour>always</OverwriteBehaviour>
      <ApplicationRelativeFilePath>../../ApiGatewayPoC/ApiGatewayPoC.Infrastructure/Services/DomainEventService.cs</ApplicationRelativeFilePath>
      <ProjectRelativeFilePath>DomainEventService.cs</ProjectRelativeFilePath>
      <IsIgnored>false</IsIgnored>
    </FileLog>
    <FileLog>
      <CorrelationId>Intent.VisualStudio.Projects.VisualStudioSolution#d8bbb0f3-d4c4-48fe-86cb-fbc7cf4c7498</CorrelationId>
      <OverwriteBehaviour>always</OverwriteBehaviour>
      <ApplicationRelativeFilePath>../../ApiGatewayPoC/ApiGatewayPoC.sln</ApplicationRelativeFilePath>
      <IsIgnored>false</IsIgnored>
    </FileLog>
  </FileLogs>
</outputLog>