<?xml version="1.0" encoding="utf-8"?>
<outputLog>
  <ApplicationId>49f8ca01-7618-48d0-8a0b-f1c8af98b36e</ApplicationId>
  <FileLogs>
    <FileLog>
      <CorrelationId>Intent.VisualStudio.Projects.VisualStudio2015Solution#b5905b46-3725-4941-8f14-76997c6e9db2</CorrelationId>
      <OverwriteBehaviour>always</OverwriteBehaviour>
      <ApplicationRelativeFilePath>../Intent.Modules.NET.sln</ApplicationRelativeFilePath>
      <IsIgnored>false</IsIgnored>
    </FileLog>
    <FileLog>
      <ProjectId>ed52dc09-90ea-456f-bfaa-1f30b582deb6</ProjectId>
      <CorrelationId>Intent.ModuleBuilder.IModSpecFile</CorrelationId>
      <OverwriteBehaviour>always</OverwriteBehaviour>
      <ApplicationRelativeFilePath>Ardalis.GuardClauses.imodspec</ApplicationRelativeFilePath>
      <ProjectRelativeFilePath>Ardalis.GuardClauses.imodspec</ProjectRelativeFilePath>
      <IsIgnored>false</IsIgnored>
    </FileLog>
    <FileLog>
      <ProjectId>ed52dc09-90ea-456f-bfaa-1f30b582deb6</ProjectId>
      <CorrelationId>Intent.VisualStudio.Projects.CoreLibrary.CSProject#ed52dc09-90ea-456f-bfaa-1f30b582deb6</CorrelationId>
      <OverwriteBehaviour>always</OverwriteBehaviour>
      <ApplicationRelativeFilePath>Intent.Modules.Ardalis.GuardClauses.Obsolete.csproj</ApplicationRelativeFilePath>
      <ProjectRelativeFilePath>Intent.Modules.Ardalis.GuardClauses.Obsolete.csproj</ProjectRelativeFilePath>
      <IsIgnored>false</IsIgnored>
    </FileLog>
    <FileLog>
      <ProjectId>ed52dc09-90ea-456f-bfaa-1f30b582deb6</ProjectId>
      <CorrelationId>Intent.ModuleBuilder.ReadMe</CorrelationId>
      <OverwriteBehaviour>always</OverwriteBehaviour>
      <ApplicationRelativeFilePath>README.txt</ApplicationRelativeFilePath>
      <ProjectRelativeFilePath>README.txt</ProjectRelativeFilePath>
      <IsIgnored>false</IsIgnored>
    </FileLog>
  </FileLogs>
</outputLog>