<?xml version="1.0" encoding="utf-8"?>
<outputLog>
  <ApplicationId>7e0c3699-1d96-4208-badc-b087aef1f67d</ApplicationId>
  <FileLogs>
    <FileLog>
      <CorrelationId>Intent.VisualStudio.Projects.VisualStudioSolution#7c075d42-bdcd-4741-b65b-319fb2990d86</CorrelationId>
      <OverwriteBehaviour>always</OverwriteBehaviour>
      <ApplicationRelativeFilePath>../Intent.Modules.NET.sln</ApplicationRelativeFilePath>
      <IsIgnored>false</IsIgnored>
    </FileLog>
    <FileLog>
      <ProjectId>ac620c37-6585-4e04-b43e-0baefae34e3c</ProjectId>
      <CorrelationId>Intent.ModuleBuilder.IModSpecFile</CorrelationId>
      <OverwriteBehaviour>always</OverwriteBehaviour>
      <ApplicationRelativeFilePath>Intent.Blazor.JwtAuth.imodspec</ApplicationRelativeFilePath>
      <ProjectRelativeFilePath>Intent.Blazor.JwtAuth.imodspec</ProjectRelativeFilePath>
      <IsIgnored>false</IsIgnored>
    </FileLog>
    <FileLog>
      <ProjectId>ac620c37-6585-4e04-b43e-0baefae34e3c</ProjectId>
      <CorrelationId>Intent.VisualStudio.Projects.CSharpProject#ac620c37-6585-4e04-b43e-0baefae34e3c</CorrelationId>
      <OverwriteBehaviour>always</OverwriteBehaviour>
      <ApplicationRelativeFilePath>Intent.Modules.Blazor.JwtAuth.csproj</ApplicationRelativeFilePath>
      <ProjectRelativeFilePath>Intent.Modules.Blazor.JwtAuth.csproj</ProjectRelativeFilePath>
      <IsIgnored>false</IsIgnored>
    </FileLog>
    <FileLog>
      <ProjectId>0591a180-3f6b-4459-9279-809889421bd9</ProjectId>
      <CorrelationId>Intent.ModuleBuilder.CSharp.Templates.CSharpTemplatePartial#beba700b-07ca-4463-a847-149d120814df</CorrelationId>
      <OverwriteBehaviour>always</OverwriteBehaviour>
      <ApplicationRelativeFilePath>Templates/AccessTokenProvider/AccessTokenProviderTemplatePartial.cs</ApplicationRelativeFilePath>
      <ProjectRelativeFilePath>AccessTokenProvider/AccessTokenProviderTemplatePartial.cs</ProjectRelativeFilePath>
      <IsIgnored>false</IsIgnored>
    </FileLog>
    <FileLog>
      <ProjectId>0591a180-3f6b-4459-9279-809889421bd9</ProjectId>
      <CorrelationId>Intent.ModuleBuilder.TemplateRegistration.SingleFileNoModel#beba700b-07ca-4463-a847-149d120814df</CorrelationId>
      <OverwriteBehaviour>always</OverwriteBehaviour>
      <ApplicationRelativeFilePath>Templates/AccessTokenProvider/AccessTokenProviderTemplateRegistration.cs</ApplicationRelativeFilePath>
      <ProjectRelativeFilePath>AccessTokenProvider/AccessTokenProviderTemplateRegistration.cs</ProjectRelativeFilePath>
      <IsIgnored>false</IsIgnored>
    </FileLog>
    <FileLog>
      <ProjectId>0591a180-3f6b-4459-9279-809889421bd9</ProjectId>
      <CorrelationId>Intent.ModuleBuilder.CSharp.Templates.CSharpTemplatePartial#ea19820c-216b-4fa4-ac61-5a9903165311</CorrelationId>
      <OverwriteBehaviour>always</OverwriteBehaviour>
      <ApplicationRelativeFilePath>Templates/AuthServiceImplementation/AuthServiceImplementationTemplatePartial.cs</ApplicationRelativeFilePath>
      <ProjectRelativeFilePath>AuthServiceImplementation/AuthServiceImplementationTemplatePartial.cs</ProjectRelativeFilePath>
      <IsIgnored>false</IsIgnored>
    </FileLog>
    <FileLog>
      <ProjectId>0591a180-3f6b-4459-9279-809889421bd9</ProjectId>
      <CorrelationId>Intent.ModuleBuilder.TemplateRegistration.SingleFileNoModel#ea19820c-216b-4fa4-ac61-5a9903165311</CorrelationId>
      <OverwriteBehaviour>always</OverwriteBehaviour>
      <ApplicationRelativeFilePath>Templates/AuthServiceImplementation/AuthServiceImplementationTemplateRegistration.cs</ApplicationRelativeFilePath>
      <ProjectRelativeFilePath>AuthServiceImplementation/AuthServiceImplementationTemplateRegistration.cs</ProjectRelativeFilePath>
      <IsIgnored>false</IsIgnored>
    </FileLog>
    <FileLog>
      <ProjectId>0591a180-3f6b-4459-9279-809889421bd9</ProjectId>
      <CorrelationId>Intent.ModuleBuilder.CSharp.Templates.CSharpTemplatePartial#d44b7292-d033-435d-a3e5-58f88ba176b1</CorrelationId>
      <OverwriteBehaviour>always</OverwriteBehaviour>
      <ApplicationRelativeFilePath>Templates/AuthServiceInterface/AuthServiceInterfaceTemplatePartial.cs</ApplicationRelativeFilePath>
      <ProjectRelativeFilePath>AuthServiceInterface/AuthServiceInterfaceTemplatePartial.cs</ProjectRelativeFilePath>
      <IsIgnored>false</IsIgnored>
    </FileLog>
    <FileLog>
      <ProjectId>0591a180-3f6b-4459-9279-809889421bd9</ProjectId>
      <CorrelationId>Intent.ModuleBuilder.TemplateRegistration.SingleFileNoModel#d44b7292-d033-435d-a3e5-58f88ba176b1</CorrelationId>
      <OverwriteBehaviour>always</OverwriteBehaviour>
      <ApplicationRelativeFilePath>Templates/AuthServiceInterface/AuthServiceInterfaceTemplateRegistration.cs</ApplicationRelativeFilePath>
      <ProjectRelativeFilePath>AuthServiceInterface/AuthServiceInterfaceTemplateRegistration.cs</ProjectRelativeFilePath>
      <IsIgnored>false</IsIgnored>
    </FileLog>
    <FileLog>
      <ProjectId>0591a180-3f6b-4459-9279-809889421bd9</ProjectId>
      <CorrelationId>Intent.ModuleBuilder.CSharp.Templates.CSharpTemplatePartial#aff34fb5-021a-4d4a-9ec9-fbbf4c7e3225</CorrelationId>
      <OverwriteBehaviour>always</OverwriteBehaviour>
      <ApplicationRelativeFilePath>Templates/JwtAuthenticationStateProvider/JwtAuthenticationStateProviderTemplatePartial.cs</ApplicationRelativeFilePath>
      <ProjectRelativeFilePath>JwtAuthenticationStateProvider/JwtAuthenticationStateProviderTemplatePartial.cs</ProjectRelativeFilePath>
      <IsIgnored>false</IsIgnored>
    </FileLog>
    <FileLog>
      <ProjectId>0591a180-3f6b-4459-9279-809889421bd9</ProjectId>
      <CorrelationId>Intent.ModuleBuilder.TemplateRegistration.SingleFileNoModel#aff34fb5-021a-4d4a-9ec9-fbbf4c7e3225</CorrelationId>
      <OverwriteBehaviour>always</OverwriteBehaviour>
      <ApplicationRelativeFilePath>Templates/JwtAuthenticationStateProvider/JwtAuthenticationStateProviderTemplateRegistration.cs</ApplicationRelativeFilePath>
      <ProjectRelativeFilePath>JwtAuthenticationStateProvider/JwtAuthenticationStateProviderTemplateRegistration.cs</ProjectRelativeFilePath>
      <IsIgnored>false</IsIgnored>
    </FileLog>
    <FileLog>
      <ProjectId>0591a180-3f6b-4459-9279-809889421bd9</ProjectId>
      <CorrelationId>Intent.ModuleBuilder.Templates.TemplateExtensions</CorrelationId>
      <OverwriteBehaviour>always</OverwriteBehaviour>
      <ApplicationRelativeFilePath>Templates/TemplateExtensions.cs</ApplicationRelativeFilePath>
      <ProjectRelativeFilePath>TemplateExtensions.cs</ProjectRelativeFilePath>
      <IsIgnored>false</IsIgnored>
    </FileLog>
  </FileLogs>
</outputLog>