<?xml version="1.0" encoding="utf-8"?>
<outputLog>
  <ApplicationId>4f469de8-b6e4-469b-8740-3fe74d5d6d1c</ApplicationId>
  <FileLogs>
    <FileLog>
      <CorrelationId>Intent.VisualStudio.Projects.VisualStudioSolution#b77dd4e1-77df-4eed-9fef-480e0655e464</CorrelationId>
      <OverwriteBehaviour>always</OverwriteBehaviour>
      <ApplicationRelativeFilePath>../Intent.Modules.NET.sln</ApplicationRelativeFilePath>
      <IsIgnored>false</IsIgnored>
    </FileLog>
    <FileLog>
      <ProjectId>c2fd4bb5-136b-479b-b362-56b9d61a2320</ProjectId>
      <CorrelationId>Intent.ModuleBuilder.Templates.Api.ApiElementExtensionModel#2ba2cc0f-1ce1-42aa-8cee-f7c622d878ed</CorrelationId>
      <OverwriteBehaviour>always</OverwriteBehaviour>
      <ApplicationRelativeFilePath>Api/CommandExtensionModel.cs</ApplicationRelativeFilePath>
      <ProjectRelativeFilePath>CommandExtensionModel.cs</ProjectRelativeFilePath>
      <IsIgnored>false</IsIgnored>
    </FileLog>
    <FileLog>
      <ProjectId>c2fd4bb5-136b-479b-b362-56b9d61a2320</ProjectId>
      <CorrelationId>Intent.ModuleBuilder.Templates.Api.ApiElementModelExtensions#ccf14eb6-3a55-4d81-b5b9-d27311c70cb9</CorrelationId>
      <OverwriteBehaviour>always</OverwriteBehaviour>
      <ApplicationRelativeFilePath>Api/CommandModelStereotypeExtensions.cs</ApplicationRelativeFilePath>
      <ProjectRelativeFilePath>CommandModelStereotypeExtensions.cs</ProjectRelativeFilePath>
      <IsIgnored>false</IsIgnored>
    </FileLog>
    <FileLog>
      <ProjectId>160c8bdf-ce41-4c1b-b1a4-354e6b7d701e</ProjectId>
      <CorrelationId>Intent.ModuleBuilder.IModSpecFile</CorrelationId>
      <OverwriteBehaviour>always</OverwriteBehaviour>
      <ApplicationRelativeFilePath>Intent.Dapr.AspNetCore.Bindings.Cron.imodspec</ApplicationRelativeFilePath>
      <ProjectRelativeFilePath>Intent.Dapr.AspNetCore.Bindings.Cron.imodspec</ProjectRelativeFilePath>
      <IsIgnored>false</IsIgnored>
    </FileLog>
    <FileLog>
      <ProjectId>160c8bdf-ce41-4c1b-b1a4-354e6b7d701e</ProjectId>
      <CorrelationId>Intent.VisualStudio.Projects.CoreLibrary.CSProject#160c8bdf-ce41-4c1b-b1a4-354e6b7d701e</CorrelationId>
      <OverwriteBehaviour>always</OverwriteBehaviour>
      <ApplicationRelativeFilePath>Intent.Modules.Dapr.AspNetCore.Bindings.Cron.csproj</ApplicationRelativeFilePath>
      <ProjectRelativeFilePath>Intent.Modules.Dapr.AspNetCore.Bindings.Cron.csproj</ProjectRelativeFilePath>
      <IsIgnored>false</IsIgnored>
    </FileLog>
    <FileLog>
      <ProjectId>98f2b1b5-422a-4c62-9e40-847918d5a596</ProjectId>
      <CorrelationId>Intent.ModuleBuilder.DesignerSettings#097700ca-7759-472c-a4dd-e37f8d1f314d</CorrelationId>
      <OverwriteBehaviour>always</OverwriteBehaviour>
      <ApplicationRelativeFilePath>modelers/Services Extensions.designer.settings</ApplicationRelativeFilePath>
      <ProjectRelativeFilePath>Services Extensions.designer.settings</ProjectRelativeFilePath>
      <IsIgnored>false</IsIgnored>
    </FileLog>
    <FileLog>
      <ProjectId>160c8bdf-ce41-4c1b-b1a4-354e6b7d701e</ProjectId>
      <CorrelationId>Intent.ModuleBuilder.Templates.ReleaseNotes</CorrelationId>
      <OverwriteBehaviour>once-off</OverwriteBehaviour>
      <ApplicationRelativeFilePath>release-notes.md</ApplicationRelativeFilePath>
      <ProjectRelativeFilePath>release-notes.md</ProjectRelativeFilePath>
      <IsIgnored>false</IsIgnored>
    </FileLog>
    <FileLog>
      <ProjectId>486806f2-bec2-417c-a335-364d6ec9235b</ProjectId>
      <CorrelationId>Intent.ModuleBuilder.ProjectItemTemplate.T4Template.PreProcessed#977eef3a-790b-4c09-a97a-65a32da539c0</CorrelationId>
      <OverwriteBehaviour>always</OverwriteBehaviour>
      <ApplicationRelativeFilePath>Templates/CronBindingComponent/CronBindingComponentTemplate.cs</ApplicationRelativeFilePath>
      <ProjectRelativeFilePath>CronBindingComponent/CronBindingComponentTemplate.cs</ProjectRelativeFilePath>
      <IsIgnored>false</IsIgnored>
    </FileLog>
    <FileLog>
      <ProjectId>486806f2-bec2-417c-a335-364d6ec9235b</ProjectId>
      <CorrelationId>Intent.ModuleBuilder.Templates.FileTemplateT4#977eef3a-790b-4c09-a97a-65a32da539c0</CorrelationId>
      <OverwriteBehaviour>always</OverwriteBehaviour>
      <ApplicationRelativeFilePath>Templates/CronBindingComponent/CronBindingComponentTemplate.tt</ApplicationRelativeFilePath>
      <ProjectRelativeFilePath>CronBindingComponent/CronBindingComponentTemplate.tt</ProjectRelativeFilePath>
      <IsIgnored>false</IsIgnored>
    </FileLog>
    <FileLog>
      <ProjectId>486806f2-bec2-417c-a335-364d6ec9235b</ProjectId>
      <CorrelationId>Intent.ModuleBuilder.ProjectItemTemplate.Partial#977eef3a-790b-4c09-a97a-65a32da539c0</CorrelationId>
      <OverwriteBehaviour>always</OverwriteBehaviour>
      <ApplicationRelativeFilePath>Templates/CronBindingComponent/CronBindingComponentTemplatePartial.cs</ApplicationRelativeFilePath>
      <ProjectRelativeFilePath>CronBindingComponent/CronBindingComponentTemplatePartial.cs</ProjectRelativeFilePath>
      <IsIgnored>false</IsIgnored>
    </FileLog>
    <FileLog>
      <ProjectId>486806f2-bec2-417c-a335-364d6ec9235b</ProjectId>
      <CorrelationId>Intent.ModuleBuilder.TemplateRegistration.FilePerModel#977eef3a-790b-4c09-a97a-65a32da539c0</CorrelationId>
      <OverwriteBehaviour>always</OverwriteBehaviour>
      <ApplicationRelativeFilePath>Templates/CronBindingComponent/CronBindingComponentTemplateRegistration.cs</ApplicationRelativeFilePath>
      <ProjectRelativeFilePath>CronBindingComponent/CronBindingComponentTemplateRegistration.cs</ProjectRelativeFilePath>
      <IsIgnored>false</IsIgnored>
    </FileLog>
  </FileLogs>
</outputLog>