<?xml version="1.0" encoding="utf-8"?>
<outputLog>
  <ApplicationId>ac11ad1e-604e-4dbc-81dc-9e56ed1abd30</ApplicationId>
  <FileLogs>
    <FileLog>
      <CorrelationId>Intent.VisualStudio.Projects.VisualStudioSolution#381ec2e1-c1c5-4d86-828b-b85b4927cec6</CorrelationId>
      <OverwriteBehaviour>always</OverwriteBehaviour>
      <ApplicationRelativeFilePath>../Intent.Modules.NET.sln</ApplicationRelativeFilePath>
      <IsIgnored>false</IsIgnored>
    </FileLog>
    <FileLog>
      <ProjectId>735672d1-3c6f-489e-9fc8-b52dc2f7ce5c</ProjectId>
      <CorrelationId>Intent.ModuleBuilder.Templates.Api.ApiElementModelExtensions#85fba0e9-9161-4c85-a603-a229ef312beb</CorrelationId>
      <OverwriteBehaviour>always</OverwriteBehaviour>
      <ApplicationRelativeFilePath>Api/EnumModelStereotypeExtensions.cs</ApplicationRelativeFilePath>
      <ProjectRelativeFilePath>EnumModelStereotypeExtensions.cs</ProjectRelativeFilePath>
      <IsIgnored>false</IsIgnored>
    </FileLog>
    <FileLog>
      <ProjectId>735672d1-3c6f-489e-9fc8-b52dc2f7ce5c</ProjectId>
      <CorrelationId>Intent.ModuleBuilder.Templates.Api.ApiElementModelExtensions#e042bb67-a1df-480c-9935-b26210f78591</CorrelationId>
      <OverwriteBehaviour>always</OverwriteBehaviour>
      <ApplicationRelativeFilePath>Api/OperationModelStereotypeExtensions.cs</ApplicationRelativeFilePath>
      <ProjectRelativeFilePath>OperationModelStereotypeExtensions.cs</ProjectRelativeFilePath>
      <IsIgnored>false</IsIgnored>
    </FileLog>
    <FileLog>
      <ProjectId>27fb946f-391f-4a8a-acc8-2746cbc04889</ProjectId>
      <CorrelationId>Intent.ModuleBuilder.IModSpecFile</CorrelationId>
      <OverwriteBehaviour>always</OverwriteBehaviour>
      <ApplicationRelativeFilePath>Intent.Entities.imodspec</ApplicationRelativeFilePath>
      <ProjectRelativeFilePath>Intent.Entities.imodspec</ProjectRelativeFilePath>
      <IsIgnored>false</IsIgnored>
    </FileLog>
    <FileLog>
      <ProjectId>27fb946f-391f-4a8a-acc8-2746cbc04889</ProjectId>
      <CorrelationId>Intent.VisualStudio.Projects.CoreLibrary.CSProject#27fb946f-391f-4a8a-acc8-2746cbc04889</CorrelationId>
      <OverwriteBehaviour>always</OverwriteBehaviour>
      <ApplicationRelativeFilePath>Intent.Modules.Entities.csproj</ApplicationRelativeFilePath>
      <ProjectRelativeFilePath>Intent.Modules.Entities.csproj</ProjectRelativeFilePath>
      <IsIgnored>false</IsIgnored>
    </FileLog>
    <FileLog>
      <ProjectId>157d9add-3412-477c-a4f1-7c6312a3683f</ProjectId>
      <CorrelationId>Intent.ModuleBuilder.Templates.Settings.ModuleSettingsExtensions#dcc00891-d339-4864-a22c-24b3ae9fbc67</CorrelationId>
      <OverwriteBehaviour>always</OverwriteBehaviour>
      <ApplicationRelativeFilePath>Settings/ModuleSettingsExtensions.cs</ApplicationRelativeFilePath>
      <ProjectRelativeFilePath>ModuleSettingsExtensions.cs</ProjectRelativeFilePath>
      <IsIgnored>false</IsIgnored>
    </FileLog>
    <FileLog>
      <ProjectId>2070c3cc-fb67-4828-aa85-834756054e4e</ProjectId>
      <CorrelationId>Intent.ModuleBuilder.CSharp.Templates.CSharpTemplate.T4Template.PreProcessed#49871fba-2c9a-4e92-b322-9da36cdb6cce</CorrelationId>
      <OverwriteBehaviour>always</OverwriteBehaviour>
      <ApplicationRelativeFilePath>Templates/CollectionExtensions/CollectionExtensionsTemplate.cs</ApplicationRelativeFilePath>
      <ProjectRelativeFilePath>CollectionExtensions/CollectionExtensionsTemplate.cs</ProjectRelativeFilePath>
      <IsIgnored>false</IsIgnored>
    </FileLog>
    <FileLog>
      <ProjectId>2070c3cc-fb67-4828-aa85-834756054e4e</ProjectId>
      <CorrelationId>Intent.ModuleBuilder.CSharp.Templates.CSharpT4Template#49871fba-2c9a-4e92-b322-9da36cdb6cce</CorrelationId>
      <OverwriteBehaviour>always</OverwriteBehaviour>
      <ApplicationRelativeFilePath>Templates/CollectionExtensions/CollectionExtensionsTemplate.tt</ApplicationRelativeFilePath>
      <ProjectRelativeFilePath>CollectionExtensions/CollectionExtensionsTemplate.tt</ProjectRelativeFilePath>
      <IsIgnored>false</IsIgnored>
    </FileLog>
    <FileLog>
      <ProjectId>2070c3cc-fb67-4828-aa85-834756054e4e</ProjectId>
      <CorrelationId>Intent.ModuleBuilder.CSharp.Templates.CSharpTemplatePartial#49871fba-2c9a-4e92-b322-9da36cdb6cce</CorrelationId>
      <OverwriteBehaviour>always</OverwriteBehaviour>
      <ApplicationRelativeFilePath>Templates/CollectionExtensions/CollectionExtensionsTemplatePartial.cs</ApplicationRelativeFilePath>
      <ProjectRelativeFilePath>CollectionExtensions/CollectionExtensionsTemplatePartial.cs</ProjectRelativeFilePath>
      <IsIgnored>false</IsIgnored>
    </FileLog>
    <FileLog>
      <ProjectId>2070c3cc-fb67-4828-aa85-834756054e4e</ProjectId>
      <CorrelationId>Intent.ModuleBuilder.TemplateRegistration.SingleFileNoModel#49871fba-2c9a-4e92-b322-9da36cdb6cce</CorrelationId>
      <OverwriteBehaviour>always</OverwriteBehaviour>
      <ApplicationRelativeFilePath>Templates/CollectionExtensions/CollectionExtensionsTemplateRegistration.cs</ApplicationRelativeFilePath>
      <ProjectRelativeFilePath>CollectionExtensions/CollectionExtensionsTemplateRegistration.cs</ProjectRelativeFilePath>
      <IsIgnored>false</IsIgnored>
    </FileLog>
    <FileLog>
      <ProjectId>2070c3cc-fb67-4828-aa85-834756054e4e</ProjectId>
      <CorrelationId>Intent.ModuleBuilder.CSharp.Templates.CSharpTemplate.T4Template.PreProcessed#f5b37691-80dc-4e35-94fa-e40e5df08b88</CorrelationId>
      <OverwriteBehaviour>always</OverwriteBehaviour>
      <ApplicationRelativeFilePath>Templates/CollectionWrapper/CollectionWrapperTemplate.cs</ApplicationRelativeFilePath>
      <ProjectRelativeFilePath>CollectionWrapper/CollectionWrapperTemplate.cs</ProjectRelativeFilePath>
      <IsIgnored>false</IsIgnored>
    </FileLog>
    <FileLog>
      <ProjectId>2070c3cc-fb67-4828-aa85-834756054e4e</ProjectId>
      <CorrelationId>Intent.ModuleBuilder.CSharp.Templates.CSharpT4Template#f5b37691-80dc-4e35-94fa-e40e5df08b88</CorrelationId>
      <OverwriteBehaviour>always</OverwriteBehaviour>
      <ApplicationRelativeFilePath>Templates/CollectionWrapper/CollectionWrapperTemplate.tt</ApplicationRelativeFilePath>
      <ProjectRelativeFilePath>CollectionWrapper/CollectionWrapperTemplate.tt</ProjectRelativeFilePath>
      <IsIgnored>false</IsIgnored>
    </FileLog>
    <FileLog>
      <ProjectId>2070c3cc-fb67-4828-aa85-834756054e4e</ProjectId>
      <CorrelationId>Intent.ModuleBuilder.CSharp.Templates.CSharpTemplatePartial#f5b37691-80dc-4e35-94fa-e40e5df08b88</CorrelationId>
      <OverwriteBehaviour>always</OverwriteBehaviour>
      <ApplicationRelativeFilePath>Templates/CollectionWrapper/CollectionWrapperTemplatePartial.cs</ApplicationRelativeFilePath>
      <ProjectRelativeFilePath>CollectionWrapper/CollectionWrapperTemplatePartial.cs</ProjectRelativeFilePath>
      <IsIgnored>false</IsIgnored>
    </FileLog>
    <FileLog>
      <ProjectId>2070c3cc-fb67-4828-aa85-834756054e4e</ProjectId>
      <CorrelationId>Intent.ModuleBuilder.TemplateRegistration.SingleFileNoModel#f5b37691-80dc-4e35-94fa-e40e5df08b88</CorrelationId>
      <OverwriteBehaviour>always</OverwriteBehaviour>
      <ApplicationRelativeFilePath>Templates/CollectionWrapper/CollectionWrapperTemplateRegistration.cs</ApplicationRelativeFilePath>
      <ProjectRelativeFilePath>CollectionWrapper/CollectionWrapperTemplateRegistration.cs</ProjectRelativeFilePath>
      <IsIgnored>false</IsIgnored>
    </FileLog>
    <FileLog>
      <ProjectId>2070c3cc-fb67-4828-aa85-834756054e4e</ProjectId>
      <CorrelationId>Intent.ModuleBuilder.CSharp.Templates.CSharpTemplatePartial#64d440cd-c1ed-44b4-b4ab-c53d50bf46e9</CorrelationId>
      <OverwriteBehaviour>always</OverwriteBehaviour>
      <ApplicationRelativeFilePath>Templates/DataContract/DataContractTemplatePartial.cs</ApplicationRelativeFilePath>
      <ProjectRelativeFilePath>DataContract/DataContractTemplatePartial.cs</ProjectRelativeFilePath>
      <IsIgnored>false</IsIgnored>
    </FileLog>
    <FileLog>
      <ProjectId>2070c3cc-fb67-4828-aa85-834756054e4e</ProjectId>
      <CorrelationId>Intent.ModuleBuilder.TemplateRegistration.FilePerModel#64d440cd-c1ed-44b4-b4ab-c53d50bf46e9</CorrelationId>
      <OverwriteBehaviour>always</OverwriteBehaviour>
      <ApplicationRelativeFilePath>Templates/DataContract/DataContractTemplateRegistration.cs</ApplicationRelativeFilePath>
      <ProjectRelativeFilePath>DataContract/DataContractTemplateRegistration.cs</ProjectRelativeFilePath>
      <IsIgnored>false</IsIgnored>
    </FileLog>
    <FileLog>
      <ProjectId>2070c3cc-fb67-4828-aa85-834756054e4e</ProjectId>
      <CorrelationId>Intent.ModuleBuilder.CSharp.Templates.CSharpTemplatePartial#3d25a607-58e9-42bd-b578-6fd47f8767e0</CorrelationId>
      <OverwriteBehaviour>always</OverwriteBehaviour>
      <ApplicationRelativeFilePath>Templates/DomainEntity/DomainEntityTemplatePartial.cs</ApplicationRelativeFilePath>
      <ProjectRelativeFilePath>DomainEntity/DomainEntityTemplatePartial.cs</ProjectRelativeFilePath>
      <IsIgnored>false</IsIgnored>
    </FileLog>
    <FileLog>
      <ProjectId>2070c3cc-fb67-4828-aa85-834756054e4e</ProjectId>
      <CorrelationId>Intent.ModuleBuilder.TemplateRegistration.FilePerModel#3d25a607-58e9-42bd-b578-6fd47f8767e0</CorrelationId>
      <OverwriteBehaviour>always</OverwriteBehaviour>
      <ApplicationRelativeFilePath>Templates/DomainEntity/DomainEntityTemplateRegistration.cs</ApplicationRelativeFilePath>
      <ProjectRelativeFilePath>DomainEntity/DomainEntityTemplateRegistration.cs</ProjectRelativeFilePath>
      <IsIgnored>false</IsIgnored>
    </FileLog>
    <FileLog>
      <ProjectId>2070c3cc-fb67-4828-aa85-834756054e4e</ProjectId>
      <CorrelationId>Intent.ModuleBuilder.CSharp.Templates.CSharpTemplatePartial#6e12f99e-c152-4809-98ab-7f9f6c0957e7</CorrelationId>
      <OverwriteBehaviour>always</OverwriteBehaviour>
      <ApplicationRelativeFilePath>Templates/DomainEntityInterface/DomainEntityInterfaceTemplatePartial.cs</ApplicationRelativeFilePath>
      <ProjectRelativeFilePath>DomainEntityInterface/DomainEntityInterfaceTemplatePartial.cs</ProjectRelativeFilePath>
      <IsIgnored>false</IsIgnored>
    </FileLog>
    <FileLog>
      <ProjectId>2070c3cc-fb67-4828-aa85-834756054e4e</ProjectId>
      <CorrelationId>Intent.ModuleBuilder.TemplateRegistration.FilePerModel#6e12f99e-c152-4809-98ab-7f9f6c0957e7</CorrelationId>
      <OverwriteBehaviour>always</OverwriteBehaviour>
      <ApplicationRelativeFilePath>Templates/DomainEntityInterface/DomainEntityInterfaceTemplateRegistration.cs</ApplicationRelativeFilePath>
      <ProjectRelativeFilePath>DomainEntityInterface/DomainEntityInterfaceTemplateRegistration.cs</ProjectRelativeFilePath>
      <IsIgnored>false</IsIgnored>
    </FileLog>
    <FileLog>
      <ProjectId>2070c3cc-fb67-4828-aa85-834756054e4e</ProjectId>
      <CorrelationId>Intent.ModuleBuilder.CSharp.Templates.CSharpTemplatePartial#c1f8508f-96fc-461c-bbdd-bc2d1aabf955</CorrelationId>
      <OverwriteBehaviour>always</OverwriteBehaviour>
      <ApplicationRelativeFilePath>Templates/DomainEntityState/DomainEntityStateTemplatePartial.cs</ApplicationRelativeFilePath>
      <ProjectRelativeFilePath>DomainEntityState/DomainEntityStateTemplatePartial.cs</ProjectRelativeFilePath>
      <IsIgnored>false</IsIgnored>
    </FileLog>
    <FileLog>
      <ProjectId>2070c3cc-fb67-4828-aa85-834756054e4e</ProjectId>
      <CorrelationId>Intent.ModuleBuilder.TemplateRegistration.FilePerModel#c1f8508f-96fc-461c-bbdd-bc2d1aabf955</CorrelationId>
      <OverwriteBehaviour>always</OverwriteBehaviour>
      <ApplicationRelativeFilePath>Templates/DomainEntityState/DomainEntityStateTemplateRegistration.cs</ApplicationRelativeFilePath>
      <ProjectRelativeFilePath>DomainEntityState/DomainEntityStateTemplateRegistration.cs</ProjectRelativeFilePath>
      <IsIgnored>false</IsIgnored>
    </FileLog>
    <FileLog>
      <ProjectId>2070c3cc-fb67-4828-aa85-834756054e4e</ProjectId>
      <CorrelationId>Intent.ModuleBuilder.CSharp.Templates.CSharpStringInterpolationTemplate#4a8d0a0a-d9fd-4d93-b3f6-eff19dd6c732</CorrelationId>
      <OverwriteBehaviour>always</OverwriteBehaviour>
      <ApplicationRelativeFilePath>Templates/DomainEnum/DomainEnumTemplate.cs</ApplicationRelativeFilePath>
      <ProjectRelativeFilePath>DomainEnum/DomainEnumTemplate.cs</ProjectRelativeFilePath>
      <IsIgnored>false</IsIgnored>
    </FileLog>
    <FileLog>
      <ProjectId>2070c3cc-fb67-4828-aa85-834756054e4e</ProjectId>
      <CorrelationId>Intent.ModuleBuilder.CSharp.Templates.CSharpTemplatePartial#4a8d0a0a-d9fd-4d93-b3f6-eff19dd6c732</CorrelationId>
      <OverwriteBehaviour>always</OverwriteBehaviour>
      <ApplicationRelativeFilePath>Templates/DomainEnum/DomainEnumTemplatePartial.cs</ApplicationRelativeFilePath>
      <ProjectRelativeFilePath>DomainEnum/DomainEnumTemplatePartial.cs</ProjectRelativeFilePath>
      <IsIgnored>false</IsIgnored>
    </FileLog>
    <FileLog>
      <ProjectId>2070c3cc-fb67-4828-aa85-834756054e4e</ProjectId>
      <CorrelationId>Intent.ModuleBuilder.TemplateRegistration.FilePerModel#4a8d0a0a-d9fd-4d93-b3f6-eff19dd6c732</CorrelationId>
      <OverwriteBehaviour>always</OverwriteBehaviour>
      <ApplicationRelativeFilePath>Templates/DomainEnum/DomainEnumTemplateRegistration.cs</ApplicationRelativeFilePath>
      <ProjectRelativeFilePath>DomainEnum/DomainEnumTemplateRegistration.cs</ProjectRelativeFilePath>
      <IsIgnored>false</IsIgnored>
    </FileLog>
    <FileLog>
      <ProjectId>2070c3cc-fb67-4828-aa85-834756054e4e</ProjectId>
      <CorrelationId>Intent.ModuleBuilder.CSharp.Templates.CSharpTemplatePartial#f10db7b9-dbed-4b23-8ba0-fab06ddb8115</CorrelationId>
      <OverwriteBehaviour>always</OverwriteBehaviour>
      <ApplicationRelativeFilePath>Templates/NotFoundException/NotFoundExceptionTemplatePartial.cs</ApplicationRelativeFilePath>
      <ProjectRelativeFilePath>NotFoundException/NotFoundExceptionTemplatePartial.cs</ProjectRelativeFilePath>
      <IsIgnored>false</IsIgnored>
    </FileLog>
    <FileLog>
      <ProjectId>2070c3cc-fb67-4828-aa85-834756054e4e</ProjectId>
      <CorrelationId>Intent.ModuleBuilder.TemplateRegistration.SingleFileNoModel#f10db7b9-dbed-4b23-8ba0-fab06ddb8115</CorrelationId>
      <OverwriteBehaviour>always</OverwriteBehaviour>
      <ApplicationRelativeFilePath>Templates/NotFoundException/NotFoundExceptionTemplateRegistration.cs</ApplicationRelativeFilePath>
      <ProjectRelativeFilePath>NotFoundException/NotFoundExceptionTemplateRegistration.cs</ProjectRelativeFilePath>
      <IsIgnored>false</IsIgnored>
    </FileLog>
    <FileLog>
      <ProjectId>2070c3cc-fb67-4828-aa85-834756054e4e</ProjectId>
      <CorrelationId>Intent.ModuleBuilder.Templates.TemplateExtensions</CorrelationId>
      <OverwriteBehaviour>always</OverwriteBehaviour>
      <ApplicationRelativeFilePath>Templates/TemplateExtensions.cs</ApplicationRelativeFilePath>
      <ProjectRelativeFilePath>TemplateExtensions.cs</ProjectRelativeFilePath>
      <IsIgnored>false</IsIgnored>
    </FileLog>
    <FileLog>
      <ProjectId>2070c3cc-fb67-4828-aa85-834756054e4e</ProjectId>
      <CorrelationId>Intent.ModuleBuilder.CSharp.Templates.CSharpTemplate.T4Template.PreProcessed#707c1468-6dcd-4a09-809c-c607a4636ebc</CorrelationId>
      <OverwriteBehaviour>always</OverwriteBehaviour>
      <ApplicationRelativeFilePath>Templates/UpdateHelper/UpdateHelperTemplate.cs</ApplicationRelativeFilePath>
      <ProjectRelativeFilePath>UpdateHelper/UpdateHelperTemplate.cs</ProjectRelativeFilePath>
      <IsIgnored>false</IsIgnored>
    </FileLog>
    <FileLog>
      <ProjectId>2070c3cc-fb67-4828-aa85-834756054e4e</ProjectId>
      <CorrelationId>Intent.ModuleBuilder.CSharp.Templates.CSharpT4Template#707c1468-6dcd-4a09-809c-c607a4636ebc</CorrelationId>
      <OverwriteBehaviour>always</OverwriteBehaviour>
      <ApplicationRelativeFilePath>Templates/UpdateHelper/UpdateHelperTemplate.tt</ApplicationRelativeFilePath>
      <ProjectRelativeFilePath>UpdateHelper/UpdateHelperTemplate.tt</ProjectRelativeFilePath>
      <IsIgnored>false</IsIgnored>
    </FileLog>
    <FileLog>
      <ProjectId>2070c3cc-fb67-4828-aa85-834756054e4e</ProjectId>
      <CorrelationId>Intent.ModuleBuilder.CSharp.Templates.CSharpTemplatePartial#707c1468-6dcd-4a09-809c-c607a4636ebc</CorrelationId>
      <OverwriteBehaviour>always</OverwriteBehaviour>
      <ApplicationRelativeFilePath>Templates/UpdateHelper/UpdateHelperTemplatePartial.cs</ApplicationRelativeFilePath>
      <ProjectRelativeFilePath>UpdateHelper/UpdateHelperTemplatePartial.cs</ProjectRelativeFilePath>
      <IsIgnored>false</IsIgnored>
    </FileLog>
    <FileLog>
      <ProjectId>2070c3cc-fb67-4828-aa85-834756054e4e</ProjectId>
      <CorrelationId>Intent.ModuleBuilder.TemplateRegistration.SingleFileNoModel#707c1468-6dcd-4a09-809c-c607a4636ebc</CorrelationId>
      <OverwriteBehaviour>always</OverwriteBehaviour>
      <ApplicationRelativeFilePath>Templates/UpdateHelper/UpdateHelperTemplateRegistration.cs</ApplicationRelativeFilePath>
      <ProjectRelativeFilePath>UpdateHelper/UpdateHelperTemplateRegistration.cs</ProjectRelativeFilePath>
      <IsIgnored>false</IsIgnored>
    </FileLog>
  </FileLogs>
</outputLog>