<?xml version="1.0" encoding="utf-8"?>
<outputLog>
  <ApplicationId>6d534c85-5115-43f3-83ae-39a819807a2d</ApplicationId>
  <FileLogs>
    <FileLog>
      <CorrelationId>Intent.VisualStudio.Projects.VisualStudioSolution#b74a2b6c-55eb-4437-9773-c8eee789a735</CorrelationId>
      <OverwriteBehaviour>always</OverwriteBehaviour>
      <ApplicationRelativeFilePath>../Intent.Modules.NET.sln</ApplicationRelativeFilePath>
      <IsIgnored>false</IsIgnored>
    </FileLog>
    <FileLog>
      <ProjectId>ddd2ff2f-cd4e-4d5e-8d8a-a62d572541db</ProjectId>
      <CorrelationId>Intent.ModuleBuilder.Templates.StaticContentOutputReadme#6b155e43-5943-4cc7-ace6-d07217de2fcd</CorrelationId>
      <OverwriteBehaviour>once-off</OverwriteBehaviour>
      <ApplicationRelativeFilePath>content/IdentityUiFiles/readme.txt</ApplicationRelativeFilePath>
      <ProjectRelativeFilePath>content/IdentityUiFiles/readme.txt</ProjectRelativeFilePath>
      <IsIgnored>true</IsIgnored>
    </FileLog>
    <FileLog>
      <ProjectId>469b61df-2417-4bb0-bdd0-e2f8e0f59091</ProjectId>
      <CorrelationId>Intent.ModuleBuilder.Templates.FactoryExtension#9a91ca57-cc57-46a4-8021-54eb9309081e</CorrelationId>
      <OverwriteBehaviour>always</OverwriteBehaviour>
      <ApplicationRelativeFilePath>FactoryExtensions/AspNetCoreIdentityUiFactoryExtension.cs</ApplicationRelativeFilePath>
      <ProjectRelativeFilePath>AspNetCoreIdentityUiFactoryExtension.cs</ProjectRelativeFilePath>
      <IsIgnored>false</IsIgnored>
    </FileLog>
    <FileLog>
      <ProjectId>ddd2ff2f-cd4e-4d5e-8d8a-a62d572541db</ProjectId>
      <CorrelationId>Intent.ModuleBuilder.IModSpecFile</CorrelationId>
      <OverwriteBehaviour>always</OverwriteBehaviour>
      <ApplicationRelativeFilePath>Intent.AspNetCore.Identity.UI.imodspec</ApplicationRelativeFilePath>
      <ProjectRelativeFilePath>Intent.AspNetCore.Identity.UI.imodspec</ProjectRelativeFilePath>
      <IsIgnored>false</IsIgnored>
    </FileLog>
    <FileLog>
      <ProjectId>ddd2ff2f-cd4e-4d5e-8d8a-a62d572541db</ProjectId>
      <CorrelationId>Intent.VisualStudio.Projects.CoreLibrary.CSProject#ddd2ff2f-cd4e-4d5e-8d8a-a62d572541db</CorrelationId>
      <OverwriteBehaviour>always</OverwriteBehaviour>
      <ApplicationRelativeFilePath>Intent.Modules.AspNetCore.Identity.UI.csproj</ApplicationRelativeFilePath>
      <ProjectRelativeFilePath>Intent.Modules.AspNetCore.Identity.UI.csproj</ProjectRelativeFilePath>
      <IsIgnored>false</IsIgnored>
    </FileLog>
    <FileLog>
      <ProjectId>1ad7ae46-9e03-49c4-a8f8-d252d3dc5504</ProjectId>
      <CorrelationId>Intent.ModuleBuilder.Templates.StaticContentTemplateRegistration#6b155e43-5943-4cc7-ace6-d07217de2fcd</CorrelationId>
      <OverwriteBehaviour>always</OverwriteBehaviour>
      <ApplicationRelativeFilePath>Templates/StaticContentTemplateRegistrations/IdentityUiFilesStaticContentTemplateRegistration.cs</ApplicationRelativeFilePath>
      <ProjectRelativeFilePath>StaticContentTemplateRegistrations/IdentityUiFilesStaticContentTemplateRegistration.cs</ProjectRelativeFilePath>
      <IsIgnored>false</IsIgnored>
    </FileLog>
  </FileLogs>
</outputLog>