<?xml version="1.0" encoding="utf-8"?>
<outputLog>
  <ApplicationId>3ef324e0-3f39-431c-a2eb-243a7681432c</ApplicationId>
  <FileLogs>
    <FileLog>
      <CorrelationId>Intent.VisualStudio.Projects.VisualStudioSolution#47ae8782-a70b-444e-bb29-25387fe6ea77</CorrelationId>
      <OverwriteBehaviour>always</OverwriteBehaviour>
      <ApplicationRelativeFilePath>../Intent.Modules.NET.sln</ApplicationRelativeFilePath>
      <IsIgnored>false</IsIgnored>
    </FileLog>
    <FileLog>
      <ProjectId>1a4e3f23-7491-4da8-ac3a-55451b3abe23</ProjectId>
      <CorrelationId>Intent.ModuleBuilder.IModSpecFile</CorrelationId>
      <OverwriteBehaviour>always</OverwriteBehaviour>
      <ApplicationRelativeFilePath>Intent.AzureFunctions.AzureEventGrid.imodspec</ApplicationRelativeFilePath>
      <ProjectRelativeFilePath>Intent.AzureFunctions.AzureEventGrid.imodspec</ProjectRelativeFilePath>
      <IsIgnored>false</IsIgnored>
    </FileLog>
    <FileLog>
      <ProjectId>1a4e3f23-7491-4da8-ac3a-55451b3abe23</ProjectId>
      <CorrelationId>Intent.VisualStudio.Projects.CSharpProject#1a4e3f23-7491-4da8-ac3a-55451b3abe23</CorrelationId>
      <OverwriteBehaviour>always</OverwriteBehaviour>
      <ApplicationRelativeFilePath>Intent.Modules.AzureFunctions.AzureEventGrid.csproj</ApplicationRelativeFilePath>
      <ProjectRelativeFilePath>Intent.Modules.AzureFunctions.AzureEventGrid.csproj</ProjectRelativeFilePath>
      <IsIgnored>false</IsIgnored>
    </FileLog>
    <FileLog>
      <ProjectId>1a4e3f23-7491-4da8-ac3a-55451b3abe23</ProjectId>
      <CorrelationId>Intent.ModuleBuilder.CSharp.Templates.NugetPackages</CorrelationId>
      <OverwriteBehaviour>always</OverwriteBehaviour>
      <ApplicationRelativeFilePath>NugetPackages.cs</ApplicationRelativeFilePath>
      <ProjectRelativeFilePath>NugetPackages.cs</ProjectRelativeFilePath>
      <IsIgnored>false</IsIgnored>
    </FileLog>
    <FileLog>
      <ProjectId>1a4e3f23-7491-4da8-ac3a-55451b3abe23</ProjectId>
      <CorrelationId>Intent.ModuleBuilder.Templates.ReleaseNotes</CorrelationId>
      <OverwriteBehaviour>once-off</OverwriteBehaviour>
      <ApplicationRelativeFilePath>release-notes.md</ApplicationRelativeFilePath>
      <ProjectRelativeFilePath>release-notes.md</ProjectRelativeFilePath>
      <IsIgnored>false</IsIgnored>
    </FileLog>
    <FileLog>
      <ProjectId>7fc274d8-0cd5-4e1f-8b36-f667a6ac8838</ProjectId>
      <CorrelationId>Intent.ModuleBuilder.CSharp.Templates.CSharpTemplatePartial#1dddb86a-fed9-445f-8473-a6dee5f2fcd0</CorrelationId>
      <OverwriteBehaviour>always</OverwriteBehaviour>
      <ApplicationRelativeFilePath>Templates/AzureFunctionConsumer/AzureFunctionConsumerTemplatePartial.cs</ApplicationRelativeFilePath>
      <ProjectRelativeFilePath>AzureFunctionConsumer/AzureFunctionConsumerTemplatePartial.cs</ProjectRelativeFilePath>
      <IsIgnored>false</IsIgnored>
    </FileLog>
    <FileLog>
      <ProjectId>7fc274d8-0cd5-4e1f-8b36-f667a6ac8838</ProjectId>
      <CorrelationId>Intent.ModuleBuilder.TemplateRegistration.FilePerModel#1dddb86a-fed9-445f-8473-a6dee5f2fcd0</CorrelationId>
      <OverwriteBehaviour>always</OverwriteBehaviour>
      <ApplicationRelativeFilePath>Templates/AzureFunctionConsumer/AzureFunctionConsumerTemplateRegistration.cs</ApplicationRelativeFilePath>
      <ProjectRelativeFilePath>AzureFunctionConsumer/AzureFunctionConsumerTemplateRegistration.cs</ProjectRelativeFilePath>
      <IsIgnored>false</IsIgnored>
    </FileLog>
    <FileLog>
      <ProjectId>7fc274d8-0cd5-4e1f-8b36-f667a6ac8838</ProjectId>
      <CorrelationId>Intent.ModuleBuilder.Templates.TemplateExtensions</CorrelationId>
      <OverwriteBehaviour>always</OverwriteBehaviour>
      <ApplicationRelativeFilePath>Templates/TemplateExtensions.cs</ApplicationRelativeFilePath>
      <ProjectRelativeFilePath>TemplateExtensions.cs</ProjectRelativeFilePath>
      <IsIgnored>false</IsIgnored>
    </FileLog>
  </FileLogs>
</outputLog>