<?xml version="1.0" encoding="utf-8"?>
<outputLog>
  <ApplicationId>b962a7bd-e86e-4f2d-8286-a4e0e7182611</ApplicationId>
  <FileLogs>
    <FileLog>
      <CorrelationId>Intent.VisualStudio.Projects.VisualStudio2015Solution#eb67f929-a28f-41da-8549-2380fc2589af</CorrelationId>
      <OverwriteBehaviour>always</OverwriteBehaviour>
      <ApplicationRelativeFilePath>../Intent.Modules.Net.sln</ApplicationRelativeFilePath>
      <IsIgnored>false</IsIgnored>
    </FileLog>
    <FileLog>
      <ProjectId>23b4f35f-770d-4f9a-a333-1c12a038b6d4</ProjectId>
      <CorrelationId>Intent.ModuleBuilder.Templates.TemplateDecorator#128d2122-ed2d-459e-b933-c5ce487320f0</CorrelationId>
      <OverwriteBehaviour>always</OverwriteBehaviour>
      <ApplicationRelativeFilePath>Decorators/DataContractDTOAttributeDecorator.cs</ApplicationRelativeFilePath>
      <ProjectRelativeFilePath>DataContractDTOAttributeDecorator.cs</ProjectRelativeFilePath>
      <IsIgnored>false</IsIgnored>
    </FileLog>
    <FileLog>
      <ProjectId>23b4f35f-770d-4f9a-a333-1c12a038b6d4</ProjectId>
      <CorrelationId>Intent.ModuleBuilder.Templates.TemplateDecoratorRegistration#128d2122-ed2d-459e-b933-c5ce487320f0</CorrelationId>
      <OverwriteBehaviour>always</OverwriteBehaviour>
      <ApplicationRelativeFilePath>Decorators/DataContractDTOAttributeDecoratorRegistration.cs</ApplicationRelativeFilePath>
      <ProjectRelativeFilePath>DataContractDTOAttributeDecoratorRegistration.cs</ProjectRelativeFilePath>
      <IsIgnored>false</IsIgnored>
    </FileLog>
    <FileLog>
      <ProjectId>f2270b39-91aa-4126-b3a5-48b2c0cabe0b</ProjectId>
      <CorrelationId>Intent.ModuleBuilder.IModSpecFile</CorrelationId>
      <OverwriteBehaviour>always</OverwriteBehaviour>
      <ApplicationRelativeFilePath>Intent.Application.Dtos.imodspec</ApplicationRelativeFilePath>
      <ProjectRelativeFilePath>Intent.Application.Dtos.imodspec</ProjectRelativeFilePath>
      <IsIgnored>false</IsIgnored>
    </FileLog>
    <FileLog>
      <ProjectId>f2270b39-91aa-4126-b3a5-48b2c0cabe0b</ProjectId>
      <CorrelationId>Intent.VisualStudio.Projects.CoreLibrary.CSProject#f2270b39-91aa-4126-b3a5-48b2c0cabe0b</CorrelationId>
      <OverwriteBehaviour>always</OverwriteBehaviour>
      <ApplicationRelativeFilePath>Intent.Modules.Application.Dtos.csproj</ApplicationRelativeFilePath>
      <ProjectRelativeFilePath>Intent.Modules.Application.Dtos.csproj</ProjectRelativeFilePath>
      <IsIgnored>false</IsIgnored>
    </FileLog>
    <FileLog>
      <ProjectId>f2270b39-91aa-4126-b3a5-48b2c0cabe0b</ProjectId>
      <CorrelationId>Intent.ModuleBuilder.ReadMe</CorrelationId>
      <OverwriteBehaviour>always</OverwriteBehaviour>
      <ApplicationRelativeFilePath>README.txt</ApplicationRelativeFilePath>
      <ProjectRelativeFilePath>README.txt</ProjectRelativeFilePath>
      <IsIgnored>false</IsIgnored>
    </FileLog>
    <FileLog>
      <ProjectId>46c19c5b-e077-4034-8500-9ea314fc27d7</ProjectId>
      <CorrelationId>Intent.ModuleBuilder.CSharp.Templates.CSharpStringInterpolationTemplate#01ec660f-aff6-4b87-b5be-942eccb1799a</CorrelationId>
      <OverwriteBehaviour>always</OverwriteBehaviour>
      <ApplicationRelativeFilePath>Templates/ContractEnumModel/ContractEnumModelTemplate.cs</ApplicationRelativeFilePath>
      <ProjectRelativeFilePath>ContractEnumModel/ContractEnumModelTemplate.cs</ProjectRelativeFilePath>
      <IsIgnored>false</IsIgnored>
    </FileLog>
    <FileLog>
      <ProjectId>46c19c5b-e077-4034-8500-9ea314fc27d7</ProjectId>
      <CorrelationId>Intent.ModuleBuilder.CSharp.Templates.CSharpTemplatePartial#01ec660f-aff6-4b87-b5be-942eccb1799a</CorrelationId>
      <OverwriteBehaviour>always</OverwriteBehaviour>
      <ApplicationRelativeFilePath>Templates/ContractEnumModel/ContractEnumModelTemplatePartial.cs</ApplicationRelativeFilePath>
      <ProjectRelativeFilePath>ContractEnumModel/ContractEnumModelTemplatePartial.cs</ProjectRelativeFilePath>
      <IsIgnored>false</IsIgnored>
    </FileLog>
    <FileLog>
      <ProjectId>46c19c5b-e077-4034-8500-9ea314fc27d7</ProjectId>
      <CorrelationId>Intent.ModuleBuilder.TemplateRegistration.FilePerModel#01ec660f-aff6-4b87-b5be-942eccb1799a</CorrelationId>
      <OverwriteBehaviour>always</OverwriteBehaviour>
      <ApplicationRelativeFilePath>Templates/ContractEnumModel/ContractEnumModelTemplateRegistration.cs</ApplicationRelativeFilePath>
      <ProjectRelativeFilePath>ContractEnumModel/ContractEnumModelTemplateRegistration.cs</ProjectRelativeFilePath>
      <IsIgnored>false</IsIgnored>
    </FileLog>
    <FileLog>
      <ProjectId>46c19c5b-e077-4034-8500-9ea314fc27d7</ProjectId>
      <CorrelationId>Intent.ModuleBuilder.Templates.TemplateDecoratorContract#b0eb283a-13f0-4d72-8000-917fa9550574</CorrelationId>
      <OverwriteBehaviour>always</OverwriteBehaviour>
      <ApplicationRelativeFilePath>Templates/DtoModel/DtoModelDecorator.cs</ApplicationRelativeFilePath>
      <ProjectRelativeFilePath>DtoModel/DtoModelDecorator.cs</ProjectRelativeFilePath>
      <IsIgnored>false</IsIgnored>
    </FileLog>
    <FileLog>
      <ProjectId>46c19c5b-e077-4034-8500-9ea314fc27d7</ProjectId>
      <CorrelationId>Intent.ModuleBuilder.CSharp.Templates.CSharpTemplatePartial#8229e960-3d06-4e61-952e-b08570edca67</CorrelationId>
      <OverwriteBehaviour>always</OverwriteBehaviour>
      <ApplicationRelativeFilePath>Templates/DtoModel/DtoModelTemplatePartial.cs</ApplicationRelativeFilePath>
      <ProjectRelativeFilePath>DtoModel/DtoModelTemplatePartial.cs</ProjectRelativeFilePath>
      <IsIgnored>false</IsIgnored>
    </FileLog>
    <FileLog>
      <ProjectId>46c19c5b-e077-4034-8500-9ea314fc27d7</ProjectId>
      <CorrelationId>Intent.ModuleBuilder.TemplateRegistration.FilePerModel#8229e960-3d06-4e61-952e-b08570edca67</CorrelationId>
      <OverwriteBehaviour>always</OverwriteBehaviour>
      <ApplicationRelativeFilePath>Templates/DtoModel/DtoModelTemplateRegistration.cs</ApplicationRelativeFilePath>
      <ProjectRelativeFilePath>DtoModel/DtoModelTemplateRegistration.cs</ProjectRelativeFilePath>
      <IsIgnored>false</IsIgnored>
    </FileLog>
    <FileLog>
      <ProjectId>46c19c5b-e077-4034-8500-9ea314fc27d7</ProjectId>
      <CorrelationId>Intent.ModuleBuilder.Templates.TemplateExtensions</CorrelationId>
      <OverwriteBehaviour>always</OverwriteBehaviour>
      <ApplicationRelativeFilePath>Templates/TemplateExtensions.cs</ApplicationRelativeFilePath>
      <ProjectRelativeFilePath>TemplateExtensions.cs</ProjectRelativeFilePath>
      <IsIgnored>false</IsIgnored>
    </FileLog>
  </FileLogs>
</outputLog>