<?xml version="1.0" encoding="utf-8"?>
<outputLog>
  <ApplicationId>a415efe1-7ccb-4e9c-bbb1-4381684a918a</ApplicationId>
  <FileLogs>
    <FileLog>
      <CorrelationId>Intent.VisualStudio.Projects.VisualStudioSolution#2696b3ce-1ed4-4358-8d1b-a03bf0bcbc92</CorrelationId>
      <OverwriteBehaviour>always</OverwriteBehaviour>
      <ApplicationRelativeFilePath>../Intent.Modules.NET.sln</ApplicationRelativeFilePath>
      <IsIgnored>false</IsIgnored>
    </FileLog>
    <FileLog>
      <ProjectId>88768c16-35ac-485f-97d0-c5537a783b4d</ProjectId>
      <CorrelationId>Intent.ModuleBuilder.Templates.FactoryExtension#dbefc0f3-69a7-4bbd-81cb-bbc4e788b6ee</CorrelationId>
      <OverwriteBehaviour>always</OverwriteBehaviour>
      <ApplicationRelativeFilePath>FactoryExtensions/RepositoryAdapterFactoryExtension.cs</ApplicationRelativeFilePath>
      <ProjectRelativeFilePath>RepositoryAdapterFactoryExtension.cs</ProjectRelativeFilePath>
      <IsIgnored>false</IsIgnored>
    </FileLog>
    <FileLog>
      <ProjectId>75d9fe6b-ea75-4c88-acc0-e8a112fce7a8</ProjectId>
      <CorrelationId>Intent.ModuleBuilder.IModSpecFile</CorrelationId>
      <OverwriteBehaviour>always</OverwriteBehaviour>
      <ApplicationRelativeFilePath>Intent.EntityFrameworkCore.Repositories.DapperHybrid.imodspec</ApplicationRelativeFilePath>
      <ProjectRelativeFilePath>Intent.EntityFrameworkCore.Repositories.DapperHybrid.imodspec</ProjectRelativeFilePath>
      <IsIgnored>false</IsIgnored>
    </FileLog>
    <FileLog>
      <ProjectId>75d9fe6b-ea75-4c88-acc0-e8a112fce7a8</ProjectId>
      <CorrelationId>Intent.VisualStudio.Projects.CSharpProject#75d9fe6b-ea75-4c88-acc0-e8a112fce7a8</CorrelationId>
      <OverwriteBehaviour>always</OverwriteBehaviour>
      <ApplicationRelativeFilePath>Intent.Modules.EntityFrameworkCore.Repositories.DapperHybrid.csproj</ApplicationRelativeFilePath>
      <ProjectRelativeFilePath>Intent.Modules.EntityFrameworkCore.Repositories.DapperHybrid.csproj</ProjectRelativeFilePath>
      <IsIgnored>false</IsIgnored>
    </FileLog>
    <FileLog>
      <ProjectId>75d9fe6b-ea75-4c88-acc0-e8a112fce7a8</ProjectId>
      <CorrelationId>Intent.ModuleBuilder.CSharp.Templates.NugetPackages</CorrelationId>
      <OverwriteBehaviour>always</OverwriteBehaviour>
      <ApplicationRelativeFilePath>NugetPackages.cs</ApplicationRelativeFilePath>
      <ProjectRelativeFilePath>NugetPackages.cs</ProjectRelativeFilePath>
      <IsIgnored>false</IsIgnored>
    </FileLog>
    <FileLog>
      <ProjectId>75d9fe6b-ea75-4c88-acc0-e8a112fce7a8</ProjectId>
      <CorrelationId>Intent.ModuleBuilder.Templates.ReleaseNotes</CorrelationId>
      <OverwriteBehaviour>once-off</OverwriteBehaviour>
      <ApplicationRelativeFilePath>release-notes.md</ApplicationRelativeFilePath>
      <ProjectRelativeFilePath>release-notes.md</ProjectRelativeFilePath>
      <IsIgnored>false</IsIgnored>
    </FileLog>
  </FileLogs>
</outputLog>