<?xml version="1.0" encoding="utf-8"?>
<outputLog>
  <ApplicationId>1a48b51c-571c-45e5-964a-bd434271a742</ApplicationId>
  <FileLogs>
    <FileLog>
      <CorrelationId>Intent.VisualStudio.Projects.VisualStudio2015Solution#05345d7b-3b4c-4e2d-8fff-07059a542948</CorrelationId>
      <ApplicationRelativeFilePath>../Intent.Modules.NET.sln</ApplicationRelativeFilePath>
      <IsIgnored>false</IsIgnored>
    </FileLog>
    <FileLog>
      <ProjectId>5018db47-435e-4d68-b795-9a1320d0dbd3</ProjectId>
      <CorrelationId>Intent.ModuleBuilder.Templates.TemplateDecorator#2fa00fdd-5ac2-4e62-9caf-4280fd6ca766</CorrelationId>
      <ApplicationRelativeFilePath>Decorators/ContractDispatchDecorator.cs</ApplicationRelativeFilePath>
      <ProjectRelativeFilePath>ContractDispatchDecorator.cs</ProjectRelativeFilePath>
      <IsIgnored>false</IsIgnored>
    </FileLog>
    <FileLog>
      <ProjectId>5018db47-435e-4d68-b795-9a1320d0dbd3</ProjectId>
      <CorrelationId>Intent.ModuleBuilder.Templates.TemplateDecoratorRegistration#2fa00fdd-5ac2-4e62-9caf-4280fd6ca766</CorrelationId>
      <ApplicationRelativeFilePath>Decorators/ContractDispatchDecoratorRegistration.cs</ApplicationRelativeFilePath>
      <ProjectRelativeFilePath>ContractDispatchDecoratorRegistration.cs</ProjectRelativeFilePath>
      <IsIgnored>false</IsIgnored>
    </FileLog>
    <FileLog>
      <ProjectId>c37e7bea-8424-4574-9755-e47d2980e0fc</ProjectId>
      <CorrelationId>Intent.ModuleBuilder.IModSpecFile</CorrelationId>
      <ApplicationRelativeFilePath>Intent.AzureFunctions.Interop.Contracts.imodspec</ApplicationRelativeFilePath>
      <ProjectRelativeFilePath>Intent.AzureFunctions.Interop.Contracts.imodspec</ProjectRelativeFilePath>
      <IsIgnored>false</IsIgnored>
    </FileLog>
    <FileLog>
      <ProjectId>c37e7bea-8424-4574-9755-e47d2980e0fc</ProjectId>
      <CorrelationId>Intent.VisualStudio.Projects.CoreLibrary.CSProject#c37e7bea-8424-4574-9755-e47d2980e0fc</CorrelationId>
      <ApplicationRelativeFilePath>Intent.Modules.AzureFunctions.Interop.Contracts.csproj</ApplicationRelativeFilePath>
      <ProjectRelativeFilePath>Intent.Modules.AzureFunctions.Interop.Contracts.csproj</ProjectRelativeFilePath>
      <IsIgnored>false</IsIgnored>
    </FileLog>
    <FileLog>
      <ProjectId>c37e7bea-8424-4574-9755-e47d2980e0fc</ProjectId>
      <CorrelationId>Intent.ModuleBuilder.ReadMe</CorrelationId>
      <ApplicationRelativeFilePath>README.txt</ApplicationRelativeFilePath>
      <ProjectRelativeFilePath>README.txt</ProjectRelativeFilePath>
      <IsIgnored>false</IsIgnored>
    </FileLog>
  </FileLogs>
</outputLog>