<?xml version="1.0" encoding="utf-8"?>
<outputLog>
  <ApplicationId>237847a3-71e6-4ce0-8df3-cedfa16aeb5f</ApplicationId>
  <FileLogs>
    <FileLog>
      <CorrelationId>Intent.VisualStudio.Projects.VisualStudioSolution#7c567d33-5bc4-4cec-986a-03c1e63841e0</CorrelationId>
      <OverwriteBehaviour>always</OverwriteBehaviour>
      <ApplicationRelativeFilePath>../Intent.Modules.NET.sln</ApplicationRelativeFilePath>
      <IsIgnored>false</IsIgnored>
    </FileLog>
    <FileLog>
      <ProjectId>9a40bc0b-c4a3-4ee1-ab04-723f0d4282fa</ProjectId>
      <CorrelationId>Intent.ModuleBuilder.Templates.FactoryExtension#99e44611-afd4-4287-96a3-dcf0f7f483dc</CorrelationId>
      <OverwriteBehaviour>always</OverwriteBehaviour>
      <ApplicationRelativeFilePath>FactoryExtensions/CrudUnitOfWorkSaveExtension.cs</ApplicationRelativeFilePath>
      <ProjectRelativeFilePath>CrudUnitOfWorkSaveExtension.cs</ProjectRelativeFilePath>
      <IsIgnored>false</IsIgnored>
    </FileLog>
    <FileLog>
      <ProjectId>9a40bc0b-c4a3-4ee1-ab04-723f0d4282fa</ProjectId>
      <CorrelationId>Intent.ModuleBuilder.Templates.FactoryExtension#5f45675e-5247-45ac-b69b-2ea1c9b75669</CorrelationId>
      <OverwriteBehaviour>always</OverwriteBehaviour>
      <ApplicationRelativeFilePath>FactoryExtensions/MassTransitConfigurationExtension.cs</ApplicationRelativeFilePath>
      <ProjectRelativeFilePath>MassTransitConfigurationExtension.cs</ProjectRelativeFilePath>
      <IsIgnored>false</IsIgnored>
    </FileLog>
    <FileLog>
      <ProjectId>9a40bc0b-c4a3-4ee1-ab04-723f0d4282fa</ProjectId>
      <CorrelationId>Intent.ModuleBuilder.Templates.FactoryExtension#d2799fd1-b078-457e-9662-1de436a943d7</CorrelationId>
      <OverwriteBehaviour>always</OverwriteBehaviour>
      <ApplicationRelativeFilePath>FactoryExtensions/TemplateSuppressorExtension.cs</ApplicationRelativeFilePath>
      <ProjectRelativeFilePath>TemplateSuppressorExtension.cs</ProjectRelativeFilePath>
      <IsIgnored>false</IsIgnored>
    </FileLog>
    <FileLog>
      <ProjectId>3c8206ae-11ad-4593-99f8-fbff3693141b</ProjectId>
      <CorrelationId>Intent.ModuleBuilder.IModSpecFile</CorrelationId>
      <OverwriteBehaviour>always</OverwriteBehaviour>
      <ApplicationRelativeFilePath>Intent.ModularMonolith.Module.imodspec</ApplicationRelativeFilePath>
      <ProjectRelativeFilePath>Intent.ModularMonolith.Module.imodspec</ProjectRelativeFilePath>
      <IsIgnored>false</IsIgnored>
    </FileLog>
    <FileLog>
      <ProjectId>3c8206ae-11ad-4593-99f8-fbff3693141b</ProjectId>
      <CorrelationId>Intent.VisualStudio.Projects.CSharpProject#3c8206ae-11ad-4593-99f8-fbff3693141b</CorrelationId>
      <OverwriteBehaviour>always</OverwriteBehaviour>
      <ApplicationRelativeFilePath>Intent.Modules.ModularMonolith.Module.csproj</ApplicationRelativeFilePath>
      <ProjectRelativeFilePath>Intent.Modules.ModularMonolith.Module.csproj</ProjectRelativeFilePath>
      <IsIgnored>false</IsIgnored>
    </FileLog>
    <FileLog>
      <ProjectId>d8958c13-c1a3-45f3-87dd-b690379ca52e</ProjectId>
      <CorrelationId>Intent.ModuleBuilder.Templates.Migrations.OnInstallMigration#9d2b463a-2cb9-416c-864a-4ed88a35e900</CorrelationId>
      <OverwriteBehaviour>always</OverwriteBehaviour>
      <ApplicationRelativeFilePath>Migrations/OnInstallMigration.cs</ApplicationRelativeFilePath>
      <ProjectRelativeFilePath>OnInstallMigration.cs</ProjectRelativeFilePath>
      <IsIgnored>false</IsIgnored>
    </FileLog>
    <FileLog>
      <ProjectId>3c8206ae-11ad-4593-99f8-fbff3693141b</ProjectId>
      <CorrelationId>Intent.ModuleBuilder.Templates.ReleaseNotes</CorrelationId>
      <OverwriteBehaviour>once-off</OverwriteBehaviour>
      <ApplicationRelativeFilePath>release-notes.md</ApplicationRelativeFilePath>
      <ProjectRelativeFilePath>release-notes.md</ProjectRelativeFilePath>
      <IsIgnored>false</IsIgnored>
    </FileLog>
    <FileLog>
      <ProjectId>e31aa215-6491-4f18-bfb3-4225fe9434ab</ProjectId>
      <CorrelationId>Intent.ModuleBuilder.CSharp.Templates.CSharpTemplatePartial#621fcfc5-d2cb-492b-a8e7-e3a28ebcf0c8</CorrelationId>
      <OverwriteBehaviour>always</OverwriteBehaviour>
      <ApplicationRelativeFilePath>Templates/ModuleInstaller/ModuleInstallerTemplatePartial.cs</ApplicationRelativeFilePath>
      <ProjectRelativeFilePath>ModuleInstaller/ModuleInstallerTemplatePartial.cs</ProjectRelativeFilePath>
      <IsIgnored>false</IsIgnored>
    </FileLog>
    <FileLog>
      <ProjectId>e31aa215-6491-4f18-bfb3-4225fe9434ab</ProjectId>
      <CorrelationId>Intent.ModuleBuilder.TemplateRegistration.SingleFileNoModel#621fcfc5-d2cb-492b-a8e7-e3a28ebcf0c8</CorrelationId>
      <OverwriteBehaviour>always</OverwriteBehaviour>
      <ApplicationRelativeFilePath>Templates/ModuleInstaller/ModuleInstallerTemplateRegistration.cs</ApplicationRelativeFilePath>
      <ProjectRelativeFilePath>ModuleInstaller/ModuleInstallerTemplateRegistration.cs</ProjectRelativeFilePath>
      <IsIgnored>false</IsIgnored>
    </FileLog>
    <FileLog>
      <ProjectId>e31aa215-6491-4f18-bfb3-4225fe9434ab</ProjectId>
      <CorrelationId>Intent.ModuleBuilder.Templates.TemplateExtensions</CorrelationId>
      <OverwriteBehaviour>always</OverwriteBehaviour>
      <ApplicationRelativeFilePath>Templates/TemplateExtensions.cs</ApplicationRelativeFilePath>
      <ProjectRelativeFilePath>TemplateExtensions.cs</ProjectRelativeFilePath>
      <IsIgnored>false</IsIgnored>
    </FileLog>
  </FileLogs>
</outputLog>