<?xml version="1.0" encoding="utf-8"?>
<outputLog>
  <ApplicationId>35c4a2b4-99d9-4ac0-bfa2-8aa8d3a00040</ApplicationId>
  <FileLogs>
    <FileLog>
      <CorrelationId>Intent.VisualStudio.Projects.VisualStudioSolution#5530625e-c07e-4edf-862b-55806a6d3bf4</CorrelationId>
      <OverwriteBehaviour>always</OverwriteBehaviour>
      <ApplicationRelativeFilePath>../Intent.Modules.NET.sln</ApplicationRelativeFilePath>
      <IsIgnored>false</IsIgnored>
    </FileLog>
    <FileLog>
      <ProjectId>dab870d2-16e4-46ee-82d9-e78558ed569d</ProjectId>
      <CorrelationId>Intent.ModuleBuilder.Templates.StaticContentOutputReadme#39c87006-657c-4f64-b82c-d9dd57f9670b</CorrelationId>
      <OverwriteBehaviour>once-off</OverwriteBehaviour>
      <ApplicationRelativeFilePath>content/NoSamplePages/readme.txt</ApplicationRelativeFilePath>
      <ProjectRelativeFilePath>content/NoSamplePages/readme.txt</ProjectRelativeFilePath>
      <IsIgnored>false</IsIgnored>
    </FileLog>
    <FileLog>
      <ProjectId>dab870d2-16e4-46ee-82d9-e78558ed569d</ProjectId>
      <CorrelationId>Intent.ModuleBuilder.Templates.StaticContentOutputReadme#0a626c1c-206c-4b4f-b299-a0bbb8ba0eea</CorrelationId>
      <OverwriteBehaviour>once-off</OverwriteBehaviour>
      <ApplicationRelativeFilePath>content/SamplePages/readme.txt</ApplicationRelativeFilePath>
      <ProjectRelativeFilePath>content/SamplePages/readme.txt</ProjectRelativeFilePath>
      <IsIgnored>false</IsIgnored>
    </FileLog>
    <FileLog>
      <ProjectId>9f4a6d78-dacf-479a-94eb-52629753f7f0</ProjectId>
      <CorrelationId>Intent.ModuleBuilder.Templates.FactoryExtension#b649e2a1-96a8-4b1b-ba82-b48cb32f6a66</CorrelationId>
      <OverwriteBehaviour>always</OverwriteBehaviour>
      <ApplicationRelativeFilePath>FactoryExtensions/BlazorAspNetCoreStartupInstaller.cs</ApplicationRelativeFilePath>
      <ProjectRelativeFilePath>BlazorAspNetCoreStartupInstaller.cs</ProjectRelativeFilePath>
      <IsIgnored>false</IsIgnored>
    </FileLog>
    <FileLog>
      <ProjectId>dab870d2-16e4-46ee-82d9-e78558ed569d</ProjectId>
      <CorrelationId>Intent.ModuleBuilder.IModSpecFile</CorrelationId>
      <OverwriteBehaviour>always</OverwriteBehaviour>
      <ApplicationRelativeFilePath>Intent.Blazor.imodspec</ApplicationRelativeFilePath>
      <ProjectRelativeFilePath>Intent.Blazor.imodspec</ProjectRelativeFilePath>
      <IsIgnored>false</IsIgnored>
    </FileLog>
    <FileLog>
      <ProjectId>dab870d2-16e4-46ee-82d9-e78558ed569d</ProjectId>
      <CorrelationId>Intent.VisualStudio.Projects.CSharpProject#dab870d2-16e4-46ee-82d9-e78558ed569d</CorrelationId>
      <OverwriteBehaviour>always</OverwriteBehaviour>
      <ApplicationRelativeFilePath>Intent.Modules.Blazor.csproj</ApplicationRelativeFilePath>
      <ProjectRelativeFilePath>Intent.Modules.Blazor.csproj</ProjectRelativeFilePath>
      <IsIgnored>false</IsIgnored>
    </FileLog>
    <FileLog>
      <ProjectId>61f8de8f-cbf0-44e7-8366-5a53ba2021e0</ProjectId>
      <CorrelationId>Intent.ModuleBuilder.Templates.Migrations.OnVersionMigration#7434e0fc-5aab-4d54-a959-463966cf8156</CorrelationId>
      <OverwriteBehaviour>always</OverwriteBehaviour>
      <ApplicationRelativeFilePath>Migrations/Migration_01_00_01_Alpha_00.cs</ApplicationRelativeFilePath>
      <ProjectRelativeFilePath>Migration_01_00_01_Alpha_00.cs</ProjectRelativeFilePath>
      <IsIgnored>false</IsIgnored>
    </FileLog>
    <FileLog>
      <ProjectId>61f8de8f-cbf0-44e7-8366-5a53ba2021e0</ProjectId>
      <CorrelationId>Intent.ModuleBuilder.Templates.Migrations.OnInstallMigration#d3b25506-e786-4c88-ba24-40ff61b630f8</CorrelationId>
      <OverwriteBehaviour>always</OverwriteBehaviour>
      <ApplicationRelativeFilePath>Migrations/OnInstallMigration.cs</ApplicationRelativeFilePath>
      <ProjectRelativeFilePath>OnInstallMigration.cs</ProjectRelativeFilePath>
      <IsIgnored>false</IsIgnored>
    </FileLog>
    <FileLog>
      <ProjectId>228d3f25-7f3c-447c-975d-aa1ca8a15c3a</ProjectId>
      <CorrelationId>Intent.ModuleBuilder.DesignerSettings#07ebdd16-a83c-401c-95bc-0ec02d4c7daf</CorrelationId>
      <OverwriteBehaviour>always</OverwriteBehaviour>
      <ApplicationRelativeFilePath>modelers/Blazor UI Extensions.designer.settings</ApplicationRelativeFilePath>
      <ProjectRelativeFilePath>Blazor UI Extensions.designer.settings</ProjectRelativeFilePath>
      <IsIgnored>false</IsIgnored>
    </FileLog>
    <FileLog>
      <ProjectId>dab870d2-16e4-46ee-82d9-e78558ed569d</ProjectId>
      <CorrelationId>Intent.ModuleBuilder.CSharp.Templates.NugetPackages</CorrelationId>
      <OverwriteBehaviour>always</OverwriteBehaviour>
      <ApplicationRelativeFilePath>NugetPackages.cs</ApplicationRelativeFilePath>
      <ProjectRelativeFilePath>NugetPackages.cs</ProjectRelativeFilePath>
      <IsIgnored>false</IsIgnored>
    </FileLog>
    <FileLog>
      <ProjectId>dab870d2-16e4-46ee-82d9-e78558ed569d</ProjectId>
      <CorrelationId>Intent.ModuleBuilder.Templates.ReleaseNotes</CorrelationId>
      <OverwriteBehaviour>once-off</OverwriteBehaviour>
      <ApplicationRelativeFilePath>release-notes.md</ApplicationRelativeFilePath>
      <ProjectRelativeFilePath>release-notes.md</ProjectRelativeFilePath>
      <IsIgnored>false</IsIgnored>
    </FileLog>
    <FileLog>
      <ProjectId>22e72f86-cd3d-4ab5-a631-77f437680981</ProjectId>
      <CorrelationId>Intent.ModuleBuilder.Templates.DocumentationTemplate#5e4d4e0f-d769-4be1-b95c-f5d11f59132f</CorrelationId>
      <OverwriteBehaviour>always</OverwriteBehaviour>
      <ApplicationRelativeFilePath>resources/documentation.json</ApplicationRelativeFilePath>
      <ProjectRelativeFilePath>documentation.json</ProjectRelativeFilePath>
      <IsIgnored>false</IsIgnored>
    </FileLog>
    <FileLog>
      <ProjectId>971f3e93-3476-47ae-a9a8-a3812905e1f8</ProjectId>
      <CorrelationId>Intent.ModuleBuilder.Templates.Settings.ModuleSettingsExtensions#3ac5ff1e-5fc9-46a2-95e5-2d9ca579e484</CorrelationId>
      <OverwriteBehaviour>always</OverwriteBehaviour>
      <ApplicationRelativeFilePath>Settings/ModuleSettingsExtensions.cs</ApplicationRelativeFilePath>
      <ProjectRelativeFilePath>ModuleSettingsExtensions.cs</ProjectRelativeFilePath>
      <IsIgnored>true</IsIgnored>
    </FileLog>
    <FileLog>
      <ProjectId>d5442271-71f6-4546-8550-bd40d94eaf89</ProjectId>
      <CorrelationId>Intent.ModuleBuilder.Templates.TemplateExtensions</CorrelationId>
      <OverwriteBehaviour>always</OverwriteBehaviour>
      <ApplicationRelativeFilePath>Templates/TemplateExtensions.cs</ApplicationRelativeFilePath>
      <ProjectRelativeFilePath>TemplateExtensions.cs</ProjectRelativeFilePath>
      <IsIgnored>false</IsIgnored>
    </FileLog>
    <FileLog>
      <ProjectId>d5442271-71f6-4546-8550-bd40d94eaf89</ProjectId>
      <CorrelationId>Intent.ModuleBuilder.CSharp.Templates.RazorTemplatePartial#4a938a9b-e670-43dd-8e6d-f03f0c48d812</CorrelationId>
      <OverwriteBehaviour>always</OverwriteBehaviour>
      <ApplicationRelativeFilePath>Templates/Templates/Client/ClientImportsRazor/ClientImportsRazorTemplatePartial.cs</ApplicationRelativeFilePath>
      <ProjectRelativeFilePath>Templates/Client/ClientImportsRazor/ClientImportsRazorTemplatePartial.cs</ProjectRelativeFilePath>
      <IsIgnored>true</IsIgnored>
    </FileLog>
    <FileLog>
      <ProjectId>d5442271-71f6-4546-8550-bd40d94eaf89</ProjectId>
      <CorrelationId>Intent.ModuleBuilder.TemplateRegistration.SingleFileNoModel#4a938a9b-e670-43dd-8e6d-f03f0c48d812</CorrelationId>
      <OverwriteBehaviour>always</OverwriteBehaviour>
      <ApplicationRelativeFilePath>Templates/Templates/Client/ClientImportsRazor/ClientImportsRazorTemplateRegistration.cs</ApplicationRelativeFilePath>
      <ProjectRelativeFilePath>Templates/Client/ClientImportsRazor/ClientImportsRazorTemplateRegistration.cs</ProjectRelativeFilePath>
      <IsIgnored>false</IsIgnored>
    </FileLog>
    <FileLog>
      <ProjectId>d5442271-71f6-4546-8550-bd40d94eaf89</ProjectId>
      <CorrelationId>Intent.ModuleBuilder.CSharp.Templates.CSharpTemplatePartial#21e2413b-645f-477d-a38b-730820f9191b</CorrelationId>
      <OverwriteBehaviour>always</OverwriteBehaviour>
      <ApplicationRelativeFilePath>Templates/Templates/Client/DependencyInjection/DependencyInjectionTemplatePartial.cs</ApplicationRelativeFilePath>
      <ProjectRelativeFilePath>Templates/Client/DependencyInjection/DependencyInjectionTemplatePartial.cs</ProjectRelativeFilePath>
      <IsIgnored>false</IsIgnored>
    </FileLog>
    <FileLog>
      <ProjectId>d5442271-71f6-4546-8550-bd40d94eaf89</ProjectId>
      <CorrelationId>Intent.ModuleBuilder.TemplateRegistration.SingleFileNoModel#21e2413b-645f-477d-a38b-730820f9191b</CorrelationId>
      <OverwriteBehaviour>always</OverwriteBehaviour>
      <ApplicationRelativeFilePath>Templates/Templates/Client/DependencyInjection/DependencyInjectionTemplateRegistration.cs</ApplicationRelativeFilePath>
      <ProjectRelativeFilePath>Templates/Client/DependencyInjection/DependencyInjectionTemplateRegistration.cs</ProjectRelativeFilePath>
      <IsIgnored>false</IsIgnored>
    </FileLog>
    <FileLog>
      <ProjectId>d5442271-71f6-4546-8550-bd40d94eaf89</ProjectId>
      <CorrelationId>Intent.ModuleBuilder.CSharp.Templates.CSharpTemplatePartial#d3690156-710e-44a8-89ef-a27ade4e2f52</CorrelationId>
      <OverwriteBehaviour>always</OverwriteBehaviour>
      <ApplicationRelativeFilePath>Templates/Templates/Client/ModelDefinition/ModelDefinitionTemplatePartial.cs</ApplicationRelativeFilePath>
      <ProjectRelativeFilePath>Templates/Client/ModelDefinition/ModelDefinitionTemplatePartial.cs</ProjectRelativeFilePath>
      <IsIgnored>false</IsIgnored>
    </FileLog>
    <FileLog>
      <ProjectId>d5442271-71f6-4546-8550-bd40d94eaf89</ProjectId>
      <CorrelationId>Intent.ModuleBuilder.TemplateRegistration.FilePerModel#d3690156-710e-44a8-89ef-a27ade4e2f52</CorrelationId>
      <OverwriteBehaviour>always</OverwriteBehaviour>
      <ApplicationRelativeFilePath>Templates/Templates/Client/ModelDefinition/ModelDefinitionTemplateRegistration.cs</ApplicationRelativeFilePath>
      <ProjectRelativeFilePath>Templates/Client/ModelDefinition/ModelDefinitionTemplateRegistration.cs</ProjectRelativeFilePath>
      <IsIgnored>false</IsIgnored>
    </FileLog>
    <FileLog>
      <ProjectId>d5442271-71f6-4546-8550-bd40d94eaf89</ProjectId>
      <CorrelationId>Intent.ModuleBuilder.CSharp.Templates.CSharpTemplatePartial#1bd5dbd4-1bdd-4133-88b7-ccf452399b4a</CorrelationId>
      <OverwriteBehaviour>always</OverwriteBehaviour>
      <ApplicationRelativeFilePath>Templates/Templates/Client/Program/ProgramTemplatePartial.cs</ApplicationRelativeFilePath>
      <ProjectRelativeFilePath>Templates/Client/Program/ProgramTemplatePartial.cs</ProjectRelativeFilePath>
      <IsIgnored>false</IsIgnored>
    </FileLog>
    <FileLog>
      <ProjectId>d5442271-71f6-4546-8550-bd40d94eaf89</ProjectId>
      <CorrelationId>Intent.ModuleBuilder.TemplateRegistration.SingleFileNoModel#1bd5dbd4-1bdd-4133-88b7-ccf452399b4a</CorrelationId>
      <OverwriteBehaviour>always</OverwriteBehaviour>
      <ApplicationRelativeFilePath>Templates/Templates/Client/Program/ProgramTemplateRegistration.cs</ApplicationRelativeFilePath>
      <ProjectRelativeFilePath>Templates/Client/Program/ProgramTemplateRegistration.cs</ProjectRelativeFilePath>
      <IsIgnored>false</IsIgnored>
    </FileLog>
    <FileLog>
      <ProjectId>d5442271-71f6-4546-8550-bd40d94eaf89</ProjectId>
      <CorrelationId>Intent.ModuleBuilder.CSharp.Templates.RazorTemplatePartial#1132514b-15dd-4dac-b602-462278e1128d</CorrelationId>
      <OverwriteBehaviour>always</OverwriteBehaviour>
      <ApplicationRelativeFilePath>Templates/Templates/Client/RazorComponent/RazorComponentTemplatePartial.cs</ApplicationRelativeFilePath>
      <ProjectRelativeFilePath>Templates/Client/RazorComponent/RazorComponentTemplatePartial.cs</ProjectRelativeFilePath>
      <IsIgnored>true</IsIgnored>
    </FileLog>
    <FileLog>
      <ProjectId>d5442271-71f6-4546-8550-bd40d94eaf89</ProjectId>
      <CorrelationId>Intent.ModuleBuilder.TemplateRegistration.FilePerModel#1132514b-15dd-4dac-b602-462278e1128d</CorrelationId>
      <OverwriteBehaviour>always</OverwriteBehaviour>
      <ApplicationRelativeFilePath>Templates/Templates/Client/RazorComponent/RazorComponentTemplateRegistration.cs</ApplicationRelativeFilePath>
      <ProjectRelativeFilePath>Templates/Client/RazorComponent/RazorComponentTemplateRegistration.cs</ProjectRelativeFilePath>
      <IsIgnored>false</IsIgnored>
    </FileLog>
    <FileLog>
      <ProjectId>d5442271-71f6-4546-8550-bd40d94eaf89</ProjectId>
      <CorrelationId>Intent.ModuleBuilder.CSharp.Templates.CSharpTemplatePartial#7fd439ee-bc05-4db6-a66a-f3b07b024d74</CorrelationId>
      <OverwriteBehaviour>always</OverwriteBehaviour>
      <ApplicationRelativeFilePath>Templates/Templates/Client/RazorComponentCodeBehind/RazorComponentCodeBehindTemplatePartial.cs</ApplicationRelativeFilePath>
      <ProjectRelativeFilePath>Templates/Client/RazorComponentCodeBehind/RazorComponentCodeBehindTemplatePartial.cs</ProjectRelativeFilePath>
      <IsIgnored>false</IsIgnored>
    </FileLog>
    <FileLog>
      <ProjectId>d5442271-71f6-4546-8550-bd40d94eaf89</ProjectId>
      <CorrelationId>Intent.ModuleBuilder.TemplateRegistration.FilePerModel#7fd439ee-bc05-4db6-a66a-f3b07b024d74</CorrelationId>
      <OverwriteBehaviour>always</OverwriteBehaviour>
      <ApplicationRelativeFilePath>Templates/Templates/Client/RazorComponentCodeBehind/RazorComponentCodeBehindTemplateRegistration.cs</ApplicationRelativeFilePath>
      <ProjectRelativeFilePath>Templates/Client/RazorComponentCodeBehind/RazorComponentCodeBehindTemplateRegistration.cs</ProjectRelativeFilePath>
      <IsIgnored>false</IsIgnored>
    </FileLog>
    <FileLog>
      <ProjectId>d5442271-71f6-4546-8550-bd40d94eaf89</ProjectId>
      <CorrelationId>Intent.ModuleBuilder.CSharp.Templates.RazorTemplatePartial#4220376c-a610-4599-b89c-83599b2f49f0</CorrelationId>
      <OverwriteBehaviour>always</OverwriteBehaviour>
      <ApplicationRelativeFilePath>Templates/Templates/Client/RazorLayout/RazorLayoutTemplatePartial.cs</ApplicationRelativeFilePath>
      <ProjectRelativeFilePath>Templates/Client/RazorLayout/RazorLayoutTemplatePartial.cs</ProjectRelativeFilePath>
      <IsIgnored>true</IsIgnored>
    </FileLog>
    <FileLog>
      <ProjectId>d5442271-71f6-4546-8550-bd40d94eaf89</ProjectId>
      <CorrelationId>Intent.ModuleBuilder.TemplateRegistration.FilePerModel#4220376c-a610-4599-b89c-83599b2f49f0</CorrelationId>
      <OverwriteBehaviour>always</OverwriteBehaviour>
      <ApplicationRelativeFilePath>Templates/Templates/Client/RazorLayout/RazorLayoutTemplateRegistration.cs</ApplicationRelativeFilePath>
      <ProjectRelativeFilePath>Templates/Client/RazorLayout/RazorLayoutTemplateRegistration.cs</ProjectRelativeFilePath>
      <IsIgnored>false</IsIgnored>
    </FileLog>
    <FileLog>
      <ProjectId>d5442271-71f6-4546-8550-bd40d94eaf89</ProjectId>
      <CorrelationId>Intent.ModuleBuilder.CSharp.Templates.CSharpTemplatePartial#b08b0ac8-c7ef-4a54-b7fc-1e379e32b449</CorrelationId>
      <OverwriteBehaviour>always</OverwriteBehaviour>
      <ApplicationRelativeFilePath>Templates/Templates/Client/RazorLayoutCodeBehind/RazorLayoutCodeBehindTemplatePartial.cs</ApplicationRelativeFilePath>
      <ProjectRelativeFilePath>Templates/Client/RazorLayoutCodeBehind/RazorLayoutCodeBehindTemplatePartial.cs</ProjectRelativeFilePath>
      <IsIgnored>false</IsIgnored>
    </FileLog>
    <FileLog>
      <ProjectId>d5442271-71f6-4546-8550-bd40d94eaf89</ProjectId>
      <CorrelationId>Intent.ModuleBuilder.TemplateRegistration.FilePerModel#b08b0ac8-c7ef-4a54-b7fc-1e379e32b449</CorrelationId>
      <OverwriteBehaviour>always</OverwriteBehaviour>
      <ApplicationRelativeFilePath>Templates/Templates/Client/RazorLayoutCodeBehind/RazorLayoutCodeBehindTemplateRegistration.cs</ApplicationRelativeFilePath>
      <ProjectRelativeFilePath>Templates/Client/RazorLayoutCodeBehind/RazorLayoutCodeBehindTemplateRegistration.cs</ProjectRelativeFilePath>
      <IsIgnored>false</IsIgnored>
    </FileLog>
    <FileLog>
      <ProjectId>d5442271-71f6-4546-8550-bd40d94eaf89</ProjectId>
      <CorrelationId>Intent.ModuleBuilder.CSharp.Templates.RazorTemplatePartial#92022c0f-33eb-40fd-9d2a-88fb20eefaac</CorrelationId>
      <OverwriteBehaviour>always</OverwriteBehaviour>
      <ApplicationRelativeFilePath>Templates/Templates/Client/RoutesRazor/RoutesRazorTemplatePartial.cs</ApplicationRelativeFilePath>
      <ProjectRelativeFilePath>Templates/Client/RoutesRazor/RoutesRazorTemplatePartial.cs</ProjectRelativeFilePath>
      <IsIgnored>true</IsIgnored>
    </FileLog>
    <FileLog>
      <ProjectId>d5442271-71f6-4546-8550-bd40d94eaf89</ProjectId>
      <CorrelationId>Intent.ModuleBuilder.TemplateRegistration.SingleFileNoModel#92022c0f-33eb-40fd-9d2a-88fb20eefaac</CorrelationId>
      <OverwriteBehaviour>always</OverwriteBehaviour>
      <ApplicationRelativeFilePath>Templates/Templates/Client/RoutesRazor/RoutesRazorTemplateRegistration.cs</ApplicationRelativeFilePath>
      <ProjectRelativeFilePath>Templates/Client/RoutesRazor/RoutesRazorTemplateRegistration.cs</ProjectRelativeFilePath>
      <IsIgnored>false</IsIgnored>
    </FileLog>
    <FileLog>
      <ProjectId>d5442271-71f6-4546-8550-bd40d94eaf89</ProjectId>
      <CorrelationId>Intent.ModuleBuilder.CSharp.Templates.RazorTemplatePartial#b7665695-e7e7-4a21-883a-da6fa2d84710</CorrelationId>
      <OverwriteBehaviour>always</OverwriteBehaviour>
      <ApplicationRelativeFilePath>Templates/Templates/Server/AppRazor/AppRazorTemplatePartial.cs</ApplicationRelativeFilePath>
      <ProjectRelativeFilePath>Templates/Server/AppRazor/AppRazorTemplatePartial.cs</ProjectRelativeFilePath>
      <IsIgnored>true</IsIgnored>
    </FileLog>
    <FileLog>
      <ProjectId>d5442271-71f6-4546-8550-bd40d94eaf89</ProjectId>
      <CorrelationId>Intent.ModuleBuilder.TemplateRegistration.SingleFileNoModel#b7665695-e7e7-4a21-883a-da6fa2d84710</CorrelationId>
      <OverwriteBehaviour>always</OverwriteBehaviour>
      <ApplicationRelativeFilePath>Templates/Templates/Server/AppRazor/AppRazorTemplateRegistration.cs</ApplicationRelativeFilePath>
      <ProjectRelativeFilePath>Templates/Server/AppRazor/AppRazorTemplateRegistration.cs</ProjectRelativeFilePath>
      <IsIgnored>false</IsIgnored>
    </FileLog>
    <FileLog>
      <ProjectId>d5442271-71f6-4546-8550-bd40d94eaf89</ProjectId>
      <CorrelationId>Intent.ModuleBuilder.CSharp.Templates.CSharpTemplatePartial#828e31ec-b76f-49c0-9868-9d4c68fb63d2</CorrelationId>
      <OverwriteBehaviour>always</OverwriteBehaviour>
      <ApplicationRelativeFilePath>Templates/Templates/Server/ScopedExecutor/ScopedExecutorTemplatePartial.cs</ApplicationRelativeFilePath>
      <ProjectRelativeFilePath>Templates/Server/ScopedExecutor/ScopedExecutorTemplatePartial.cs</ProjectRelativeFilePath>
      <IsIgnored>false</IsIgnored>
    </FileLog>
    <FileLog>
      <ProjectId>d5442271-71f6-4546-8550-bd40d94eaf89</ProjectId>
      <CorrelationId>Intent.ModuleBuilder.TemplateRegistration.SingleFileNoModel#828e31ec-b76f-49c0-9868-9d4c68fb63d2</CorrelationId>
      <OverwriteBehaviour>always</OverwriteBehaviour>
      <ApplicationRelativeFilePath>Templates/Templates/Server/ScopedExecutor/ScopedExecutorTemplateRegistration.cs</ApplicationRelativeFilePath>
      <ProjectRelativeFilePath>Templates/Server/ScopedExecutor/ScopedExecutorTemplateRegistration.cs</ProjectRelativeFilePath>
      <IsIgnored>false</IsIgnored>
    </FileLog>
    <FileLog>
      <ProjectId>d5442271-71f6-4546-8550-bd40d94eaf89</ProjectId>
      <CorrelationId>Intent.ModuleBuilder.CSharp.Templates.CSharpTemplatePartial#65e03e1e-140e-44e8-8ffb-fbc628a9571b</CorrelationId>
      <OverwriteBehaviour>always</OverwriteBehaviour>
      <ApplicationRelativeFilePath>Templates/Templates/Server/ScopedExecutorInterface/ScopedExecutorInterfaceTemplatePartial.cs</ApplicationRelativeFilePath>
      <ProjectRelativeFilePath>Templates/Server/ScopedExecutorInterface/ScopedExecutorInterfaceTemplatePartial.cs</ProjectRelativeFilePath>
      <IsIgnored>false</IsIgnored>
    </FileLog>
    <FileLog>
      <ProjectId>d5442271-71f6-4546-8550-bd40d94eaf89</ProjectId>
      <CorrelationId>Intent.ModuleBuilder.TemplateRegistration.SingleFileNoModel#65e03e1e-140e-44e8-8ffb-fbc628a9571b</CorrelationId>
      <OverwriteBehaviour>always</OverwriteBehaviour>
      <ApplicationRelativeFilePath>Templates/Templates/Server/ScopedExecutorInterface/ScopedExecutorInterfaceTemplateRegistration.cs</ApplicationRelativeFilePath>
      <ProjectRelativeFilePath>Templates/Server/ScopedExecutorInterface/ScopedExecutorInterfaceTemplateRegistration.cs</ProjectRelativeFilePath>
      <IsIgnored>false</IsIgnored>
    </FileLog>
    <FileLog>
      <ProjectId>d5442271-71f6-4546-8550-bd40d94eaf89</ProjectId>
      <CorrelationId>Intent.ModuleBuilder.CSharp.Templates.CSharpTemplatePartial#89cd5e16-4c2b-475c-b257-19deb991cd50</CorrelationId>
      <OverwriteBehaviour>always</OverwriteBehaviour>
      <ApplicationRelativeFilePath>Templates/Templates/Server/ScopedMediator/ScopedMediatorTemplatePartial.cs</ApplicationRelativeFilePath>
      <ProjectRelativeFilePath>Templates/Server/ScopedMediator/ScopedMediatorTemplatePartial.cs</ProjectRelativeFilePath>
      <IsIgnored>false</IsIgnored>
    </FileLog>
    <FileLog>
      <ProjectId>d5442271-71f6-4546-8550-bd40d94eaf89</ProjectId>
      <CorrelationId>Intent.ModuleBuilder.TemplateRegistration.SingleFileNoModel#89cd5e16-4c2b-475c-b257-19deb991cd50</CorrelationId>
      <OverwriteBehaviour>always</OverwriteBehaviour>
      <ApplicationRelativeFilePath>Templates/Templates/Server/ScopedMediator/ScopedMediatorTemplateRegistration.cs</ApplicationRelativeFilePath>
      <ProjectRelativeFilePath>Templates/Server/ScopedMediator/ScopedMediatorTemplateRegistration.cs</ProjectRelativeFilePath>
      <IsIgnored>false</IsIgnored>
    </FileLog>
    <FileLog>
      <ProjectId>d5442271-71f6-4546-8550-bd40d94eaf89</ProjectId>
      <CorrelationId>Intent.ModuleBuilder.CSharp.Templates.CSharpTemplatePartial#2d896c99-c250-4d32-8542-016c28146f44</CorrelationId>
      <OverwriteBehaviour>always</OverwriteBehaviour>
      <ApplicationRelativeFilePath>Templates/Templates/Server/ScopedMediatorInterface/ScopedMediatorInterfaceTemplatePartial.cs</ApplicationRelativeFilePath>
      <ProjectRelativeFilePath>Templates/Server/ScopedMediatorInterface/ScopedMediatorInterfaceTemplatePartial.cs</ProjectRelativeFilePath>
      <IsIgnored>false</IsIgnored>
    </FileLog>
    <FileLog>
      <ProjectId>d5442271-71f6-4546-8550-bd40d94eaf89</ProjectId>
      <CorrelationId>Intent.ModuleBuilder.TemplateRegistration.SingleFileNoModel#2d896c99-c250-4d32-8542-016c28146f44</CorrelationId>
      <OverwriteBehaviour>always</OverwriteBehaviour>
      <ApplicationRelativeFilePath>Templates/Templates/Server/ScopedMediatorInterface/ScopedMediatorInterfaceTemplateRegistration.cs</ApplicationRelativeFilePath>
      <ProjectRelativeFilePath>Templates/Server/ScopedMediatorInterface/ScopedMediatorInterfaceTemplateRegistration.cs</ProjectRelativeFilePath>
      <IsIgnored>false</IsIgnored>
    </FileLog>
    <FileLog>
      <ProjectId>d5442271-71f6-4546-8550-bd40d94eaf89</ProjectId>
      <CorrelationId>Intent.ModuleBuilder.CSharp.Templates.RazorTemplatePartial#f4e96c35-f23e-49b2-ae25-151ec6564357</CorrelationId>
      <OverwriteBehaviour>always</OverwriteBehaviour>
      <ApplicationRelativeFilePath>Templates/Templates/Server/ServerImportsRazor/ServerImportsRazorTemplatePartial.cs</ApplicationRelativeFilePath>
      <ProjectRelativeFilePath>Templates/Server/ServerImportsRazor/ServerImportsRazorTemplatePartial.cs</ProjectRelativeFilePath>
      <IsIgnored>true</IsIgnored>
    </FileLog>
    <FileLog>
      <ProjectId>d5442271-71f6-4546-8550-bd40d94eaf89</ProjectId>
      <CorrelationId>Intent.ModuleBuilder.TemplateRegistration.SingleFileNoModel#f4e96c35-f23e-49b2-ae25-151ec6564357</CorrelationId>
      <OverwriteBehaviour>always</OverwriteBehaviour>
      <ApplicationRelativeFilePath>Templates/Templates/Server/ServerImportsRazor/ServerImportsRazorTemplateRegistration.cs</ApplicationRelativeFilePath>
      <ProjectRelativeFilePath>Templates/Server/ServerImportsRazor/ServerImportsRazorTemplateRegistration.cs</ProjectRelativeFilePath>
      <IsIgnored>false</IsIgnored>
    </FileLog>
    <FileLog>
      <ProjectId>d5442271-71f6-4546-8550-bd40d94eaf89</ProjectId>
      <CorrelationId>Intent.ModuleBuilder.Templates.StaticContentTemplateRegistration#39c87006-657c-4f64-b82c-d9dd57f9670b</CorrelationId>
      <OverwriteBehaviour>always</OverwriteBehaviour>
      <ApplicationRelativeFilePath>Templates/Templates/Static/StaticContentTemplateRegistrations/NoSamplePagesStaticContentTemplateRegistration.cs</ApplicationRelativeFilePath>
      <ProjectRelativeFilePath>Templates/Static/StaticContentTemplateRegistrations/NoSamplePagesStaticContentTemplateRegistration.cs</ProjectRelativeFilePath>
      <IsIgnored>false</IsIgnored>
    </FileLog>
    <FileLog>
      <ProjectId>d5442271-71f6-4546-8550-bd40d94eaf89</ProjectId>
      <CorrelationId>Intent.ModuleBuilder.Templates.StaticContentTemplateRegistration#0a626c1c-206c-4b4f-b299-a0bbb8ba0eea</CorrelationId>
      <OverwriteBehaviour>always</OverwriteBehaviour>
      <ApplicationRelativeFilePath>Templates/Templates/Static/StaticContentTemplateRegistrations/SamplePagesStaticContentTemplateRegistration.cs</ApplicationRelativeFilePath>
      <ProjectRelativeFilePath>Templates/Static/StaticContentTemplateRegistrations/SamplePagesStaticContentTemplateRegistration.cs</ProjectRelativeFilePath>
      <IsIgnored>false</IsIgnored>
    </FileLog>
  </FileLogs>
</outputLog>