<?xml version="1.0" encoding="utf-8"?>
<outputLog>
  <ApplicationId>f53d2cd1-2511-40fc-a219-e779127a8ba1</ApplicationId>
  <FileLogs>
    <FileLog>
      <CorrelationId>Intent.VisualStudio.Projects.VisualStudioSolution#f2809eff-da05-4e2b-a64b-71c3fede6ee3</CorrelationId>
      <OverwriteBehaviour>always</OverwriteBehaviour>
      <ApplicationRelativeFilePath>../Intent.Modules.NET.sln</ApplicationRelativeFilePath>
      <IsIgnored>false</IsIgnored>
    </FileLog>
    <FileLog>
      <ProjectId>a32fff36-f3d7-4627-9420-7ee574aeea21</ProjectId>
      <CorrelationId>Intent.ModuleBuilder.IModSpecFile#2a3c5f29-bc04-4414-9724-0261df9930b6</CorrelationId>
      <OverwriteBehaviour>always</OverwriteBehaviour>
      <ApplicationRelativeFilePath>Intent.Application.Dtos.Mapperly.imodspec</ApplicationRelativeFilePath>
      <ProjectRelativeFilePath>Intent.Application.Dtos.Mapperly.imodspec</ProjectRelativeFilePath>
      <IsIgnored>false</IsIgnored>
    </FileLog>
    <FileLog>
      <ProjectId>a32fff36-f3d7-4627-9420-7ee574aeea21</ProjectId>
      <CorrelationId>Intent.VisualStudio.Projects.CSharpProject#a32fff36-f3d7-4627-9420-7ee574aeea21</CorrelationId>
      <OverwriteBehaviour>always</OverwriteBehaviour>
      <ApplicationRelativeFilePath>Intent.Modules.Application.Dtos.Mapperly.csproj</ApplicationRelativeFilePath>
      <ProjectRelativeFilePath>Intent.Modules.Application.Dtos.Mapperly.csproj</ProjectRelativeFilePath>
      <IsIgnored>false</IsIgnored>
    </FileLog>
    <FileLog>
      <ProjectId>a32fff36-f3d7-4627-9420-7ee574aeea21</ProjectId>
      <CorrelationId>Intent.ModuleBuilder.CSharp.Templates.NugetPackages#da97ba38-c3ba-4087-8a41-898b8ca76e13</CorrelationId>
      <OverwriteBehaviour>always</OverwriteBehaviour>
      <ApplicationRelativeFilePath>NugetPackages.cs</ApplicationRelativeFilePath>
      <ProjectRelativeFilePath>NugetPackages.cs</ProjectRelativeFilePath>
      <IsIgnored>false</IsIgnored>
    </FileLog>
    <FileLog>
      <ProjectId>a32fff36-f3d7-4627-9420-7ee574aeea21</ProjectId>
      <CorrelationId>Intent.ModuleBuilder.Templates.ReleaseNotes#6de78f21-1ecb-47f0-b962-dd5149b5f0d7</CorrelationId>
      <OverwriteBehaviour>once-off</OverwriteBehaviour>
      <ApplicationRelativeFilePath>release-notes.md</ApplicationRelativeFilePath>
      <ProjectRelativeFilePath>release-notes.md</ProjectRelativeFilePath>
      <IsIgnored>false</IsIgnored>
    </FileLog>
    <FileLog>
      <ProjectId>5aa2c1e3-e2a7-44ed-8fca-fdb1a648d5c1</ProjectId>
      <CorrelationId>Intent.ModuleBuilder.CSharp.Templates.CSharpTemplatePartial#0a7a0b61-e9ba-4e80-9bcd-cc19c506b416</CorrelationId>
      <OverwriteBehaviour>always</OverwriteBehaviour>
      <ApplicationRelativeFilePath>Templates/DtoMappingProfile/DtoMappingProfileTemplatePartial.cs</ApplicationRelativeFilePath>
      <ProjectRelativeFilePath>DtoMappingProfile/DtoMappingProfileTemplatePartial.cs</ProjectRelativeFilePath>
      <IsIgnored>false</IsIgnored>
    </FileLog>
    <FileLog>
      <ProjectId>5aa2c1e3-e2a7-44ed-8fca-fdb1a648d5c1</ProjectId>
      <CorrelationId>Intent.ModuleBuilder.TemplateRegistration.FilePerModel#0a7a0b61-e9ba-4e80-9bcd-cc19c506b416</CorrelationId>
      <OverwriteBehaviour>always</OverwriteBehaviour>
      <ApplicationRelativeFilePath>Templates/DtoMappingProfile/DtoMappingProfileTemplateRegistration.cs</ApplicationRelativeFilePath>
      <ProjectRelativeFilePath>DtoMappingProfile/DtoMappingProfileTemplateRegistration.cs</ProjectRelativeFilePath>
      <IsIgnored>false</IsIgnored>
    </FileLog>
    <FileLog>
      <ProjectId>5aa2c1e3-e2a7-44ed-8fca-fdb1a648d5c1</ProjectId>
      <CorrelationId>Intent.ModuleBuilder.Templates.TemplateExtensions#2a328c8d-09d1-4ec2-9781-08e569e1bb32</CorrelationId>
      <OverwriteBehaviour>always</OverwriteBehaviour>
      <ApplicationRelativeFilePath>Templates/TemplateExtensions.cs</ApplicationRelativeFilePath>
      <ProjectRelativeFilePath>TemplateExtensions.cs</ProjectRelativeFilePath>
      <IsIgnored>false</IsIgnored>
    </FileLog>
  </FileLogs>
</outputLog>