<?xml version="1.0" encoding="utf-8"?>
<outputLog>
  <ApplicationId>bf507eae-8dae-4ab3-932a-29a6a30f29b8</ApplicationId>
  <FileLogs>
    <FileLog>
      <CorrelationId>Intent.VisualStudio.Projects.VisualStudioSolution#25af97b9-365f-4f8e-9033-f1a3d5c46a07</CorrelationId>
      <OverwriteBehaviour>always</OverwriteBehaviour>
      <ApplicationRelativeFilePath>../Intent.Modules.NET.sln</ApplicationRelativeFilePath>
      <IsIgnored>false</IsIgnored>
    </FileLog>
    <FileLog>
      <ProjectId>36691e88-9b8f-495c-814c-0ff732ccf192</ProjectId>
      <CorrelationId>Intent.ModuleBuilder.Templates.FactoryExtension#db68c782-b2b2-4c77-a9c7-d8da2caf8d68</CorrelationId>
      <OverwriteBehaviour>always</OverwriteBehaviour>
      <ApplicationRelativeFilePath>FactoryExtensions/EventBusInterfaceExtension.cs</ApplicationRelativeFilePath>
      <ProjectRelativeFilePath>EventBusInterfaceExtension.cs</ProjectRelativeFilePath>
      <IsIgnored>false</IsIgnored>
    </FileLog>
    <FileLog>
      <ProjectId>36691e88-9b8f-495c-814c-0ff732ccf192</ProjectId>
      <CorrelationId>Intent.ModuleBuilder.Templates.FactoryExtension#68a235b8-0b3c-4829-ad6d-9e16d3b15230</CorrelationId>
      <OverwriteBehaviour>always</OverwriteBehaviour>
      <ApplicationRelativeFilePath>FactoryExtensions/MassTransitConfigurationExtension.cs</ApplicationRelativeFilePath>
      <ProjectRelativeFilePath>MassTransitConfigurationExtension.cs</ProjectRelativeFilePath>
      <IsIgnored>false</IsIgnored>
    </FileLog>
    <FileLog>
      <ProjectId>36691e88-9b8f-495c-814c-0ff732ccf192</ProjectId>
      <CorrelationId>Intent.ModuleBuilder.Templates.FactoryExtension#0bfa3a7f-5f62-44ae-bb17-ae136fdb117d</CorrelationId>
      <OverwriteBehaviour>always</OverwriteBehaviour>
      <ApplicationRelativeFilePath>FactoryExtensions/MassTransitEventBusExtension.cs</ApplicationRelativeFilePath>
      <ProjectRelativeFilePath>MassTransitEventBusExtension.cs</ProjectRelativeFilePath>
      <IsIgnored>false</IsIgnored>
    </FileLog>
    <FileLog>
      <ProjectId>a857f453-ca82-42c6-bd97-a865ab4cd190</ProjectId>
      <CorrelationId>Intent.ModuleBuilder.IModSpecFile</CorrelationId>
      <OverwriteBehaviour>always</OverwriteBehaviour>
      <ApplicationRelativeFilePath>Intent.Eventing.MassTransit.Scheduling.imodspec</ApplicationRelativeFilePath>
      <ProjectRelativeFilePath>Intent.Eventing.MassTransit.Scheduling.imodspec</ProjectRelativeFilePath>
      <IsIgnored>false</IsIgnored>
    </FileLog>
    <FileLog>
      <ProjectId>a857f453-ca82-42c6-bd97-a865ab4cd190</ProjectId>
      <CorrelationId>Intent.VisualStudio.Projects.CSharpProject#a857f453-ca82-42c6-bd97-a865ab4cd190</CorrelationId>
      <OverwriteBehaviour>always</OverwriteBehaviour>
      <ApplicationRelativeFilePath>Intent.Modules.Eventing.MassTransit.Scheduling.csproj</ApplicationRelativeFilePath>
      <ProjectRelativeFilePath>Intent.Modules.Eventing.MassTransit.Scheduling.csproj</ProjectRelativeFilePath>
      <IsIgnored>false</IsIgnored>
    </FileLog>
    <FileLog>
      <ProjectId>a857f453-ca82-42c6-bd97-a865ab4cd190</ProjectId>
      <CorrelationId>Intent.ModuleBuilder.Templates.ReleaseNotes</CorrelationId>
      <OverwriteBehaviour>once-off</OverwriteBehaviour>
      <ApplicationRelativeFilePath>release-notes.md</ApplicationRelativeFilePath>
      <ProjectRelativeFilePath>release-notes.md</ProjectRelativeFilePath>
      <IsIgnored>false</IsIgnored>
    </FileLog>
    <FileLog>
      <ProjectId>e4c44a18-f1fc-4c1d-a2e9-c069cbdc3c4c</ProjectId>
      <CorrelationId>Intent.ModuleBuilder.Templates.DocumentationTemplate#22d92864-33e0-4050-9981-d6c6290fcb1e</CorrelationId>
      <OverwriteBehaviour>always</OverwriteBehaviour>
      <ApplicationRelativeFilePath>resources/documentation.json</ApplicationRelativeFilePath>
      <ProjectRelativeFilePath>documentation.json</ProjectRelativeFilePath>
      <IsIgnored>false</IsIgnored>
    </FileLog>
  </FileLogs>
</outputLog>