<?xml version="1.0" encoding="utf-8"?>
<outputLog>
  <ApplicationId>6bef04ea-3c71-42f7-8988-7f94165a7fca</ApplicationId>
  <FileLogs>
    <FileLog>
      <CorrelationId>Intent.VisualStudio.Projects.VisualStudioSolution#120bd44b-76ae-4508-9647-83dd64dbcbc5</CorrelationId>
      <OverwriteBehaviour>always</OverwriteBehaviour>
      <ApplicationRelativeFilePath>../Intent.Modules.NET.sln</ApplicationRelativeFilePath>
      <IsIgnored>false</IsIgnored>
    </FileLog>
    <FileLog>
      <ProjectId>558d0e7a-9b9e-4eea-85aa-10c6466425dd</ProjectId>
      <CorrelationId>Intent.ModuleBuilder.IModSpecFile</CorrelationId>
      <OverwriteBehaviour>always</OverwriteBehaviour>
      <ApplicationRelativeFilePath>Intent.FastEndpoints.imodspec</ApplicationRelativeFilePath>
      <ProjectRelativeFilePath>Intent.FastEndpoints.imodspec</ProjectRelativeFilePath>
      <IsIgnored>false</IsIgnored>
    </FileLog>
    <FileLog>
      <ProjectId>558d0e7a-9b9e-4eea-85aa-10c6466425dd</ProjectId>
      <CorrelationId>Intent.VisualStudio.Projects.CSharpProject#558d0e7a-9b9e-4eea-85aa-10c6466425dd</CorrelationId>
      <OverwriteBehaviour>always</OverwriteBehaviour>
      <ApplicationRelativeFilePath>Intent.Modules.FastEndpoints.csproj</ApplicationRelativeFilePath>
      <ProjectRelativeFilePath>Intent.Modules.FastEndpoints.csproj</ProjectRelativeFilePath>
      <IsIgnored>false</IsIgnored>
    </FileLog>
    <FileLog>
      <ProjectId>74eef030-b36b-4044-bd22-61558bd61c67</ProjectId>
      <CorrelationId>Intent.ModuleBuilder.CSharp.Templates.CSharpTemplatePartial#1547a142-247a-49b6-be59-b3aa2b157fdd</CorrelationId>
      <OverwriteBehaviour>always</OverwriteBehaviour>
      <ApplicationRelativeFilePath>Templates/Endpoint/EndpointTemplatePartial.cs</ApplicationRelativeFilePath>
      <ProjectRelativeFilePath>Endpoint/EndpointTemplatePartial.cs</ProjectRelativeFilePath>
      <IsIgnored>false</IsIgnored>
    </FileLog>
    <FileLog>
      <ProjectId>74eef030-b36b-4044-bd22-61558bd61c67</ProjectId>
      <CorrelationId>Intent.ModuleBuilder.TemplateRegistration.FilePerModel#1547a142-247a-49b6-be59-b3aa2b157fdd</CorrelationId>
      <OverwriteBehaviour>always</OverwriteBehaviour>
      <ApplicationRelativeFilePath>Templates/Endpoint/EndpointTemplateRegistration.cs</ApplicationRelativeFilePath>
      <ProjectRelativeFilePath>Endpoint/EndpointTemplateRegistration.cs</ProjectRelativeFilePath>
      <IsIgnored>false</IsIgnored>
    </FileLog>
    <FileLog>
      <ProjectId>74eef030-b36b-4044-bd22-61558bd61c67</ProjectId>
      <CorrelationId>Intent.ModuleBuilder.Templates.TemplateExtensions</CorrelationId>
      <OverwriteBehaviour>always</OverwriteBehaviour>
      <ApplicationRelativeFilePath>Templates/TemplateExtensions.cs</ApplicationRelativeFilePath>
      <ProjectRelativeFilePath>TemplateExtensions.cs</ProjectRelativeFilePath>
      <IsIgnored>false</IsIgnored>
    </FileLog>
  </FileLogs>
</outputLog>