<?xml version="1.0" encoding="utf-8"?>
<outputLog>
  <ApplicationId>d331955b-6e1f-47d1-b7d7-ad53f636f1f0</ApplicationId>
  <FileLogs>
    <FileLog>
      <CorrelationId>Intent.VisualStudio.Projects.VisualStudioSolution#b7ae3cbf-8044-4b1e-bf92-ee89002f3281</CorrelationId>
      <OverwriteBehaviour>always</OverwriteBehaviour>
      <ApplicationRelativeFilePath>../Intent.Modules.NET.sln</ApplicationRelativeFilePath>
      <IsIgnored>false</IsIgnored>
    </FileLog>
    <FileLog>
      <ProjectId>3c4ab33a-698c-444f-a760-0cff2aab0ead</ProjectId>
      <CorrelationId>Intent.ModuleBuilder.Templates.Api.ApiElementModelExtensions#0090fb93-483e-41af-a11d-5ad2dc796adf</CorrelationId>
      <OverwriteBehaviour>always</OverwriteBehaviour>
      <ApplicationRelativeFilePath>Api/AttributeModelStereotypeExtensions.cs</ApplicationRelativeFilePath>
      <ProjectRelativeFilePath>AttributeModelStereotypeExtensions.cs</ProjectRelativeFilePath>
      <IsIgnored>false</IsIgnored>
    </FileLog>
    <FileLog>
      <ProjectId>3c4ab33a-698c-444f-a760-0cff2aab0ead</ProjectId>
      <CorrelationId>Intent.ModuleBuilder.Templates.Api.ApiElementModelExtensions#04e12b51-ed12-42a3-9667-a6aa81bb6d10</CorrelationId>
      <OverwriteBehaviour>always</OverwriteBehaviour>
      <ApplicationRelativeFilePath>Api/ClassModelStereotypeExtensions.cs</ApplicationRelativeFilePath>
      <ProjectRelativeFilePath>ClassModelStereotypeExtensions.cs</ProjectRelativeFilePath>
      <IsIgnored>false</IsIgnored>
    </FileLog>
    <FileLog>
      <ProjectId>3c4ab33a-698c-444f-a760-0cff2aab0ead</ProjectId>
      <CorrelationId>Intent.ModuleBuilder.Templates.Api.ApiElementModelExtensions#1a824508-4623-45d9-accc-f572091ade5a</CorrelationId>
      <OverwriteBehaviour>always</OverwriteBehaviour>
      <ApplicationRelativeFilePath>Api/DomainPackageModelStereotypeExtensions.cs</ApplicationRelativeFilePath>
      <ProjectRelativeFilePath>DomainPackageModelStereotypeExtensions.cs</ProjectRelativeFilePath>
      <IsIgnored>false</IsIgnored>
    </FileLog>
    <FileLog>
      <ProjectId>3c4ab33a-698c-444f-a760-0cff2aab0ead</ProjectId>
      <CorrelationId>Intent.ModuleBuilder.Templates.Api.ApiElementModelExtensions#4d95d53a-8855-4f35-aa82-e312643f5c5f</CorrelationId>
      <OverwriteBehaviour>always</OverwriteBehaviour>
      <ApplicationRelativeFilePath>Api/FolderModelStereotypeExtensions.cs</ApplicationRelativeFilePath>
      <ProjectRelativeFilePath>FolderModelStereotypeExtensions.cs</ProjectRelativeFilePath>
      <IsIgnored>false</IsIgnored>
    </FileLog>
    <FileLog>
      <ProjectId>a94ee9c9-3458-4a99-a920-f9594049b7ce</ProjectId>
      <CorrelationId>Intent.ModuleBuilder.Templates.FactoryExtension#b4c1e60b-dc33-40f6-ac21-6afa69ed883c</CorrelationId>
      <OverwriteBehaviour>always</OverwriteBehaviour>
      <ApplicationRelativeFilePath>FactoryExtensions/DiConfigurationExtension.cs</ApplicationRelativeFilePath>
      <ProjectRelativeFilePath>DiConfigurationExtension.cs</ProjectRelativeFilePath>
      <IsIgnored>false</IsIgnored>
    </FileLog>
    <FileLog>
      <ProjectId>a94ee9c9-3458-4a99-a920-f9594049b7ce</ProjectId>
      <CorrelationId>Intent.ModuleBuilder.Templates.FactoryExtension#d21fc1b9-ded0-494e-b829-b6c04e8cabe3</CorrelationId>
      <OverwriteBehaviour>always</OverwriteBehaviour>
      <ApplicationRelativeFilePath>FactoryExtensions/EnsureParameterlessConstructorsExtension.cs</ApplicationRelativeFilePath>
      <ProjectRelativeFilePath>EnsureParameterlessConstructorsExtension.cs</ProjectRelativeFilePath>
      <IsIgnored>false</IsIgnored>
    </FileLog>
    <FileLog>
      <ProjectId>a94ee9c9-3458-4a99-a920-f9594049b7ce</ProjectId>
      <CorrelationId>Intent.ModuleBuilder.Templates.FactoryExtension#1708b699-fba7-419b-a0ad-c4a7cefb568f</CorrelationId>
      <OverwriteBehaviour>always</OverwriteBehaviour>
      <ApplicationRelativeFilePath>FactoryExtensions/EntityFactoryExtension.cs</ApplicationRelativeFilePath>
      <ProjectRelativeFilePath>EntityFactoryExtension.cs</ProjectRelativeFilePath>
      <IsIgnored>false</IsIgnored>
    </FileLog>
    <FileLog>
      <ProjectId>e515e56c-436e-40d9-b8da-9fbb3f2d5545</ProjectId>
      <CorrelationId>Intent.ModuleBuilder.IModSpecFile</CorrelationId>
      <OverwriteBehaviour>always</OverwriteBehaviour>
      <ApplicationRelativeFilePath>Intent.Aws.DynamoDB.imodspec</ApplicationRelativeFilePath>
      <ProjectRelativeFilePath>Intent.Aws.DynamoDB.imodspec</ProjectRelativeFilePath>
      <IsIgnored>false</IsIgnored>
    </FileLog>
    <FileLog>
      <ProjectId>e515e56c-436e-40d9-b8da-9fbb3f2d5545</ProjectId>
      <CorrelationId>Intent.VisualStudio.Projects.CSharpProject#e515e56c-436e-40d9-b8da-9fbb3f2d5545</CorrelationId>
      <OverwriteBehaviour>always</OverwriteBehaviour>
      <ApplicationRelativeFilePath>Intent.Modules.Aws.DynamoDB.csproj</ApplicationRelativeFilePath>
      <ProjectRelativeFilePath>Intent.Modules.Aws.DynamoDB.csproj</ProjectRelativeFilePath>
      <IsIgnored>false</IsIgnored>
    </FileLog>
    <FileLog>
      <ProjectId>e515e56c-436e-40d9-b8da-9fbb3f2d5545</ProjectId>
      <CorrelationId>Intent.ModuleBuilder.CSharp.Templates.NugetPackages</CorrelationId>
      <OverwriteBehaviour>always</OverwriteBehaviour>
      <ApplicationRelativeFilePath>NugetPackages.cs</ApplicationRelativeFilePath>
      <ProjectRelativeFilePath>NugetPackages.cs</ProjectRelativeFilePath>
      <IsIgnored>false</IsIgnored>
    </FileLog>
    <FileLog>
      <ProjectId>e515e56c-436e-40d9-b8da-9fbb3f2d5545</ProjectId>
      <CorrelationId>Intent.ModuleBuilder.Templates.ReleaseNotes</CorrelationId>
      <OverwriteBehaviour>once-off</OverwriteBehaviour>
      <ApplicationRelativeFilePath>release-notes.md</ApplicationRelativeFilePath>
      <ProjectRelativeFilePath>release-notes.md</ProjectRelativeFilePath>
      <IsIgnored>false</IsIgnored>
    </FileLog>
    <FileLog>
      <ProjectId>270a419a-873e-45c2-ab96-21395504a2fc</ProjectId>
      <CorrelationId>Intent.ModuleBuilder.Templates.DocumentationTemplate#429c9094-e588-479d-9d3d-0e00c6476b21</CorrelationId>
      <OverwriteBehaviour>always</OverwriteBehaviour>
      <ApplicationRelativeFilePath>resources/documentation.json</ApplicationRelativeFilePath>
      <ProjectRelativeFilePath>documentation.json</ProjectRelativeFilePath>
      <IsIgnored>false</IsIgnored>
    </FileLog>
    <FileLog>
      <ProjectId>58ea145c-fc50-44d8-b573-20328171e24a</ProjectId>
      <CorrelationId>Intent.ModuleBuilder.Templates.Settings.ModuleSettingsExtensions#519202d6-a4a4-48f5-8fde-70ff3bfd63ba</CorrelationId>
      <OverwriteBehaviour>always</OverwriteBehaviour>
      <ApplicationRelativeFilePath>Settings/ModuleSettingsExtensions.cs</ApplicationRelativeFilePath>
      <ProjectRelativeFilePath>ModuleSettingsExtensions.cs</ProjectRelativeFilePath>
      <IsIgnored>false</IsIgnored>
    </FileLog>
    <FileLog>
      <ProjectId>26dd9cb1-78d9-499a-851b-77ffa415d07c</ProjectId>
      <CorrelationId>Intent.ModuleBuilder.CSharp.Templates.CSharpTemplatePartial#9037cc75-09ff-4977-8a64-efcaa5c8f5ab</CorrelationId>
      <OverwriteBehaviour>always</OverwriteBehaviour>
      <ApplicationRelativeFilePath>Templates/DynamoDBDocument/DynamoDBDocumentTemplatePartial.cs</ApplicationRelativeFilePath>
      <ProjectRelativeFilePath>DynamoDBDocument/DynamoDBDocumentTemplatePartial.cs</ProjectRelativeFilePath>
      <IsIgnored>false</IsIgnored>
    </FileLog>
    <FileLog>
      <ProjectId>26dd9cb1-78d9-499a-851b-77ffa415d07c</ProjectId>
      <CorrelationId>Intent.ModuleBuilder.TemplateRegistration.FilePerModel#9037cc75-09ff-4977-8a64-efcaa5c8f5ab</CorrelationId>
      <OverwriteBehaviour>always</OverwriteBehaviour>
      <ApplicationRelativeFilePath>Templates/DynamoDBDocument/DynamoDBDocumentTemplateRegistration.cs</ApplicationRelativeFilePath>
      <ProjectRelativeFilePath>DynamoDBDocument/DynamoDBDocumentTemplateRegistration.cs</ProjectRelativeFilePath>
      <IsIgnored>false</IsIgnored>
    </FileLog>
    <FileLog>
      <ProjectId>26dd9cb1-78d9-499a-851b-77ffa415d07c</ProjectId>
      <CorrelationId>Intent.ModuleBuilder.CSharp.Templates.CSharpTemplatePartial#e6ab6ff2-f53e-4c9a-a4d5-8b744197b50e</CorrelationId>
      <OverwriteBehaviour>always</OverwriteBehaviour>
      <ApplicationRelativeFilePath>Templates/DynamoDBDocumentOfTInterface/DynamoDBDocumentOfTInterfaceTemplatePartial.cs</ApplicationRelativeFilePath>
      <ProjectRelativeFilePath>DynamoDBDocumentOfTInterface/DynamoDBDocumentOfTInterfaceTemplatePartial.cs</ProjectRelativeFilePath>
      <IsIgnored>false</IsIgnored>
    </FileLog>
    <FileLog>
      <ProjectId>26dd9cb1-78d9-499a-851b-77ffa415d07c</ProjectId>
      <CorrelationId>Intent.ModuleBuilder.TemplateRegistration.SingleFileNoModel#e6ab6ff2-f53e-4c9a-a4d5-8b744197b50e</CorrelationId>
      <OverwriteBehaviour>always</OverwriteBehaviour>
      <ApplicationRelativeFilePath>Templates/DynamoDBDocumentOfTInterface/DynamoDBDocumentOfTInterfaceTemplateRegistration.cs</ApplicationRelativeFilePath>
      <ProjectRelativeFilePath>DynamoDBDocumentOfTInterface/DynamoDBDocumentOfTInterfaceTemplateRegistration.cs</ProjectRelativeFilePath>
      <IsIgnored>false</IsIgnored>
    </FileLog>
    <FileLog>
      <ProjectId>26dd9cb1-78d9-499a-851b-77ffa415d07c</ProjectId>
      <CorrelationId>Intent.ModuleBuilder.CSharp.Templates.CSharpTemplatePartial#425e96f3-3008-4ffa-bcab-60ff39222f7c</CorrelationId>
      <OverwriteBehaviour>always</OverwriteBehaviour>
      <ApplicationRelativeFilePath>Templates/DynamoDBRepository/DynamoDBRepositoryTemplatePartial.cs</ApplicationRelativeFilePath>
      <ProjectRelativeFilePath>DynamoDBRepository/DynamoDBRepositoryTemplatePartial.cs</ProjectRelativeFilePath>
      <IsIgnored>false</IsIgnored>
    </FileLog>
    <FileLog>
      <ProjectId>26dd9cb1-78d9-499a-851b-77ffa415d07c</ProjectId>
      <CorrelationId>Intent.ModuleBuilder.TemplateRegistration.FilePerModel#425e96f3-3008-4ffa-bcab-60ff39222f7c</CorrelationId>
      <OverwriteBehaviour>always</OverwriteBehaviour>
      <ApplicationRelativeFilePath>Templates/DynamoDBRepository/DynamoDBRepositoryTemplateRegistration.cs</ApplicationRelativeFilePath>
      <ProjectRelativeFilePath>DynamoDBRepository/DynamoDBRepositoryTemplateRegistration.cs</ProjectRelativeFilePath>
      <IsIgnored>false</IsIgnored>
    </FileLog>
    <FileLog>
      <ProjectId>26dd9cb1-78d9-499a-851b-77ffa415d07c</ProjectId>
      <CorrelationId>Intent.ModuleBuilder.CSharp.Templates.CSharpTemplatePartial#e9f0a1f4-e587-43cb-a91c-1d6347ee8372</CorrelationId>
      <OverwriteBehaviour>always</OverwriteBehaviour>
      <ApplicationRelativeFilePath>Templates/DynamoDBRepositoryBase/DynamoDBRepositoryBaseTemplatePartial.cs</ApplicationRelativeFilePath>
      <ProjectRelativeFilePath>DynamoDBRepositoryBase/DynamoDBRepositoryBaseTemplatePartial.cs</ProjectRelativeFilePath>
      <IsIgnored>false</IsIgnored>
    </FileLog>
    <FileLog>
      <ProjectId>26dd9cb1-78d9-499a-851b-77ffa415d07c</ProjectId>
      <CorrelationId>Intent.ModuleBuilder.TemplateRegistration.SingleFileListModel#e9f0a1f4-e587-43cb-a91c-1d6347ee8372</CorrelationId>
      <OverwriteBehaviour>always</OverwriteBehaviour>
      <ApplicationRelativeFilePath>Templates/DynamoDBRepositoryBase/DynamoDBRepositoryBaseTemplateRegistration.cs</ApplicationRelativeFilePath>
      <ProjectRelativeFilePath>DynamoDBRepositoryBase/DynamoDBRepositoryBaseTemplateRegistration.cs</ProjectRelativeFilePath>
      <IsIgnored>false</IsIgnored>
    </FileLog>
    <FileLog>
      <ProjectId>26dd9cb1-78d9-499a-851b-77ffa415d07c</ProjectId>
      <CorrelationId>Intent.ModuleBuilder.CSharp.Templates.CSharpTemplatePartial#e29826b7-a256-426e-9869-53a7693825dc</CorrelationId>
      <OverwriteBehaviour>always</OverwriteBehaviour>
      <ApplicationRelativeFilePath>Templates/DynamoDBRepositoryInterface/DynamoDBRepositoryInterfaceTemplatePartial.cs</ApplicationRelativeFilePath>
      <ProjectRelativeFilePath>DynamoDBRepositoryInterface/DynamoDBRepositoryInterfaceTemplatePartial.cs</ProjectRelativeFilePath>
      <IsIgnored>false</IsIgnored>
    </FileLog>
    <FileLog>
      <ProjectId>26dd9cb1-78d9-499a-851b-77ffa415d07c</ProjectId>
      <CorrelationId>Intent.ModuleBuilder.TemplateRegistration.SingleFileListModel#e29826b7-a256-426e-9869-53a7693825dc</CorrelationId>
      <OverwriteBehaviour>always</OverwriteBehaviour>
      <ApplicationRelativeFilePath>Templates/DynamoDBRepositoryInterface/DynamoDBRepositoryInterfaceTemplateRegistration.cs</ApplicationRelativeFilePath>
      <ProjectRelativeFilePath>DynamoDBRepositoryInterface/DynamoDBRepositoryInterfaceTemplateRegistration.cs</ProjectRelativeFilePath>
      <IsIgnored>false</IsIgnored>
    </FileLog>
    <FileLog>
      <ProjectId>26dd9cb1-78d9-499a-851b-77ffa415d07c</ProjectId>
      <CorrelationId>Intent.ModuleBuilder.CSharp.Templates.CSharpTemplatePartial#2377c357-e036-4d81-ba7b-c0f15e563486</CorrelationId>
      <OverwriteBehaviour>always</OverwriteBehaviour>
      <ApplicationRelativeFilePath>Templates/DynamoDBTableInitializer/DynamoDBTableInitializerTemplatePartial.cs</ApplicationRelativeFilePath>
      <ProjectRelativeFilePath>DynamoDBTableInitializer/DynamoDBTableInitializerTemplatePartial.cs</ProjectRelativeFilePath>
      <IsIgnored>false</IsIgnored>
    </FileLog>
    <FileLog>
      <ProjectId>26dd9cb1-78d9-499a-851b-77ffa415d07c</ProjectId>
      <CorrelationId>Intent.ModuleBuilder.TemplateRegistration.SingleFileNoModel#2377c357-e036-4d81-ba7b-c0f15e563486</CorrelationId>
      <OverwriteBehaviour>always</OverwriteBehaviour>
      <ApplicationRelativeFilePath>Templates/DynamoDBTableInitializer/DynamoDBTableInitializerTemplateRegistration.cs</ApplicationRelativeFilePath>
      <ProjectRelativeFilePath>DynamoDBTableInitializer/DynamoDBTableInitializerTemplateRegistration.cs</ProjectRelativeFilePath>
      <IsIgnored>false</IsIgnored>
    </FileLog>
    <FileLog>
      <ProjectId>26dd9cb1-78d9-499a-851b-77ffa415d07c</ProjectId>
      <CorrelationId>Intent.ModuleBuilder.CSharp.Templates.CSharpTemplatePartial#d4e4eae8-b8b3-4714-be94-3be33e25f17b</CorrelationId>
      <OverwriteBehaviour>always</OverwriteBehaviour>
      <ApplicationRelativeFilePath>Templates/DynamoDBUnitOfWork/DynamoDBUnitOfWorkTemplatePartial.cs</ApplicationRelativeFilePath>
      <ProjectRelativeFilePath>DynamoDBUnitOfWork/DynamoDBUnitOfWorkTemplatePartial.cs</ProjectRelativeFilePath>
      <IsIgnored>false</IsIgnored>
    </FileLog>
    <FileLog>
      <ProjectId>26dd9cb1-78d9-499a-851b-77ffa415d07c</ProjectId>
      <CorrelationId>Intent.ModuleBuilder.TemplateRegistration.SingleFileNoModel#d4e4eae8-b8b3-4714-be94-3be33e25f17b</CorrelationId>
      <OverwriteBehaviour>always</OverwriteBehaviour>
      <ApplicationRelativeFilePath>Templates/DynamoDBUnitOfWork/DynamoDBUnitOfWorkTemplateRegistration.cs</ApplicationRelativeFilePath>
      <ProjectRelativeFilePath>DynamoDBUnitOfWork/DynamoDBUnitOfWorkTemplateRegistration.cs</ProjectRelativeFilePath>
      <IsIgnored>false</IsIgnored>
    </FileLog>
    <FileLog>
      <ProjectId>26dd9cb1-78d9-499a-851b-77ffa415d07c</ProjectId>
      <CorrelationId>Intent.ModuleBuilder.CSharp.Templates.CSharpTemplatePartial#4c09aa22-d5fc-423f-bbce-989432eef36d</CorrelationId>
      <OverwriteBehaviour>always</OverwriteBehaviour>
      <ApplicationRelativeFilePath>Templates/DynamoDBUnitOfWorkInterface/DynamoDBUnitOfWorkInterfaceTemplatePartial.cs</ApplicationRelativeFilePath>
      <ProjectRelativeFilePath>DynamoDBUnitOfWorkInterface/DynamoDBUnitOfWorkInterfaceTemplatePartial.cs</ProjectRelativeFilePath>
      <IsIgnored>false</IsIgnored>
    </FileLog>
    <FileLog>
      <ProjectId>26dd9cb1-78d9-499a-851b-77ffa415d07c</ProjectId>
      <CorrelationId>Intent.ModuleBuilder.TemplateRegistration.SingleFileNoModel#4c09aa22-d5fc-423f-bbce-989432eef36d</CorrelationId>
      <OverwriteBehaviour>always</OverwriteBehaviour>
      <ApplicationRelativeFilePath>Templates/DynamoDBUnitOfWorkInterface/DynamoDBUnitOfWorkInterfaceTemplateRegistration.cs</ApplicationRelativeFilePath>
      <ProjectRelativeFilePath>DynamoDBUnitOfWorkInterface/DynamoDBUnitOfWorkInterfaceTemplateRegistration.cs</ProjectRelativeFilePath>
      <IsIgnored>false</IsIgnored>
    </FileLog>
    <FileLog>
      <ProjectId>26dd9cb1-78d9-499a-851b-77ffa415d07c</ProjectId>
      <CorrelationId>Intent.ModuleBuilder.CSharp.Templates.CSharpTemplatePartial#b5c47292-b29a-4856-b70a-728b6151178b</CorrelationId>
      <OverwriteBehaviour>always</OverwriteBehaviour>
      <ApplicationRelativeFilePath>Templates/DynamoDBValueObjectDocument/DynamoDBValueObjectDocumentTemplatePartial.cs</ApplicationRelativeFilePath>
      <ProjectRelativeFilePath>DynamoDBValueObjectDocument/DynamoDBValueObjectDocumentTemplatePartial.cs</ProjectRelativeFilePath>
      <IsIgnored>false</IsIgnored>
    </FileLog>
    <FileLog>
      <ProjectId>26dd9cb1-78d9-499a-851b-77ffa415d07c</ProjectId>
      <CorrelationId>Intent.ModuleBuilder.TemplateRegistration.FilePerModel#b5c47292-b29a-4856-b70a-728b6151178b</CorrelationId>
      <OverwriteBehaviour>always</OverwriteBehaviour>
      <ApplicationRelativeFilePath>Templates/DynamoDBValueObjectDocument/DynamoDBValueObjectDocumentTemplateRegistration.cs</ApplicationRelativeFilePath>
      <ProjectRelativeFilePath>DynamoDBValueObjectDocument/DynamoDBValueObjectDocumentTemplateRegistration.cs</ProjectRelativeFilePath>
      <IsIgnored>false</IsIgnored>
    </FileLog>
    <FileLog>
      <ProjectId>26dd9cb1-78d9-499a-851b-77ffa415d07c</ProjectId>
      <CorrelationId>Intent.ModuleBuilder.CSharp.Templates.CSharpTemplatePartial#26b549a4-34c4-4296-bae2-5276b54d887c</CorrelationId>
      <OverwriteBehaviour>always</OverwriteBehaviour>
      <ApplicationRelativeFilePath>Templates/EnumAsStringConverter/EnumAsStringConverterTemplatePartial.cs</ApplicationRelativeFilePath>
      <ProjectRelativeFilePath>EnumAsStringConverter/EnumAsStringConverterTemplatePartial.cs</ProjectRelativeFilePath>
      <IsIgnored>false</IsIgnored>
    </FileLog>
    <FileLog>
      <ProjectId>26dd9cb1-78d9-499a-851b-77ffa415d07c</ProjectId>
      <CorrelationId>Intent.ModuleBuilder.TemplateRegistration.SingleFileNoModel#26b549a4-34c4-4296-bae2-5276b54d887c</CorrelationId>
      <OverwriteBehaviour>always</OverwriteBehaviour>
      <ApplicationRelativeFilePath>Templates/EnumAsStringConverter/EnumAsStringConverterTemplateRegistration.cs</ApplicationRelativeFilePath>
      <ProjectRelativeFilePath>EnumAsStringConverter/EnumAsStringConverterTemplateRegistration.cs</ProjectRelativeFilePath>
      <IsIgnored>false</IsIgnored>
    </FileLog>
    <FileLog>
      <ProjectId>26dd9cb1-78d9-499a-851b-77ffa415d07c</ProjectId>
      <CorrelationId>Intent.ModuleBuilder.CSharp.Templates.CSharpTemplatePartial#1f1c450f-5d3e-41c7-9166-660e53e5ccdf</CorrelationId>
      <OverwriteBehaviour>always</OverwriteBehaviour>
      <ApplicationRelativeFilePath>Templates/ReflectionHelper/ReflectionHelperTemplatePartial.cs</ApplicationRelativeFilePath>
      <ProjectRelativeFilePath>ReflectionHelper/ReflectionHelperTemplatePartial.cs</ProjectRelativeFilePath>
      <IsIgnored>false</IsIgnored>
    </FileLog>
    <FileLog>
      <ProjectId>26dd9cb1-78d9-499a-851b-77ffa415d07c</ProjectId>
      <CorrelationId>Intent.ModuleBuilder.TemplateRegistration.SingleFileNoModel#1f1c450f-5d3e-41c7-9166-660e53e5ccdf</CorrelationId>
      <OverwriteBehaviour>always</OverwriteBehaviour>
      <ApplicationRelativeFilePath>Templates/ReflectionHelper/ReflectionHelperTemplateRegistration.cs</ApplicationRelativeFilePath>
      <ProjectRelativeFilePath>ReflectionHelper/ReflectionHelperTemplateRegistration.cs</ProjectRelativeFilePath>
      <IsIgnored>false</IsIgnored>
    </FileLog>
    <FileLog>
      <ProjectId>26dd9cb1-78d9-499a-851b-77ffa415d07c</ProjectId>
      <CorrelationId>Intent.ModuleBuilder.Templates.TemplateExtensions</CorrelationId>
      <OverwriteBehaviour>always</OverwriteBehaviour>
      <ApplicationRelativeFilePath>Templates/TemplateExtensions.cs</ApplicationRelativeFilePath>
      <ProjectRelativeFilePath>TemplateExtensions.cs</ProjectRelativeFilePath>
      <IsIgnored>false</IsIgnored>
    </FileLog>
  </FileLogs>
</outputLog>