<?xml version="1.0" encoding="utf-8"?>
<outputLog>
  <ApplicationId>aa397c5c-7cbc-421d-8671-596b0a2cd970</ApplicationId>
  <FileLogs>
    <FileLog>
      <CorrelationId>Intent.VisualStudio.Projects.VisualStudio2015Solution#1cf5b41c-6631-4bd8-bc73-4b9537d7c8ae</CorrelationId>
      <OverwriteBehaviour>always</OverwriteBehaviour>
      <ApplicationRelativeFilePath>../Intent.Modules.NET.sln</ApplicationRelativeFilePath>
      <IsIgnored>false</IsIgnored>
    </FileLog>
    <FileLog>
      <ProjectId>e4cee586-384a-4b39-a49e-d8e2f83f8e70</ProjectId>
      <CorrelationId>Intent.ModuleBuilder.IModSpecFile</CorrelationId>
      <OverwriteBehaviour>always</OverwriteBehaviour>
      <ApplicationRelativeFilePath>Intent.EntityFrameworkCore.BasicAuditing.imodspec</ApplicationRelativeFilePath>
      <ProjectRelativeFilePath>Intent.EntityFrameworkCore.BasicAuditing.imodspec</ProjectRelativeFilePath>
      <IsIgnored>false</IsIgnored>
    </FileLog>
    <FileLog>
      <ProjectId>e4cee586-384a-4b39-a49e-d8e2f83f8e70</ProjectId>
      <CorrelationId>Intent.VisualStudio.Projects.CoreLibrary.CSProject#e4cee586-384a-4b39-a49e-d8e2f83f8e70</CorrelationId>
      <OverwriteBehaviour>always</OverwriteBehaviour>
      <ApplicationRelativeFilePath>Intent.Modules.EntityFrameworkCore.BasicAuditing.csproj</ApplicationRelativeFilePath>
      <ProjectRelativeFilePath>Intent.Modules.EntityFrameworkCore.BasicAuditing.csproj</ProjectRelativeFilePath>
      <IsIgnored>false</IsIgnored>
    </FileLog>
    <FileLog>
      <ProjectId>e4cee586-384a-4b39-a49e-d8e2f83f8e70</ProjectId>
      <CorrelationId>Intent.ModuleBuilder.ReadMe</CorrelationId>
      <OverwriteBehaviour>always</OverwriteBehaviour>
      <ApplicationRelativeFilePath>README.txt</ApplicationRelativeFilePath>
      <ProjectRelativeFilePath>README.txt</ProjectRelativeFilePath>
      <IsIgnored>false</IsIgnored>
    </FileLog>
  </FileLogs>
</outputLog>