<?xml version="1.0" encoding="utf-8"?>
<outputLog>
  <ApplicationId>a4d94df0-a3d7-4f52-aed0-b0d693ffa062</ApplicationId>
  <FileLogs>
    <FileLog>
      <CorrelationId>Intent.VisualStudio.Projects.VisualStudioSolution#f7c7a271-b5d9-4acd-a25e-a5e9524f2d71</CorrelationId>
      <OverwriteBehaviour>always</OverwriteBehaviour>
      <ApplicationRelativeFilePath>../Intent.Modules.NET.sln</ApplicationRelativeFilePath>
      <IsIgnored>false</IsIgnored>
    </FileLog>
    <FileLog>
      <ProjectId>493a19fe-fa60-4ba6-9b00-ba1cfbbb6162</ProjectId>
      <CorrelationId>Intent.ModuleBuilder.Templates.FactoryExtension#dd13c4cd-f06b-472d-8f79-56965d4ebaaf</CorrelationId>
      <OverwriteBehaviour>always</OverwriteBehaviour>
      <ApplicationRelativeFilePath>FactoryExtensions/AngularStartupConfigurationExtension.cs</ApplicationRelativeFilePath>
      <ProjectRelativeFilePath>AngularStartupConfigurationExtension.cs</ProjectRelativeFilePath>
      <IsIgnored>false</IsIgnored>
    </FileLog>
    <FileLog>
      <ProjectId>7327b9f1-fa34-47c3-bbb2-db4cbba27a7c</ProjectId>
      <CorrelationId>Intent.ModuleBuilder.IModSpecFile</CorrelationId>
      <OverwriteBehaviour>always</OverwriteBehaviour>
      <ApplicationRelativeFilePath>Intent.AspNetCore.Interop.Angular.imodspec</ApplicationRelativeFilePath>
      <ProjectRelativeFilePath>Intent.AspNetCore.Interop.Angular.imodspec</ProjectRelativeFilePath>
      <IsIgnored>false</IsIgnored>
    </FileLog>
    <FileLog>
      <ProjectId>7327b9f1-fa34-47c3-bbb2-db4cbba27a7c</ProjectId>
      <CorrelationId>Intent.VisualStudio.Projects.CSharpProject#7327b9f1-fa34-47c3-bbb2-db4cbba27a7c</CorrelationId>
      <OverwriteBehaviour>always</OverwriteBehaviour>
      <ApplicationRelativeFilePath>Intent.Modules.AspNetCore.Interop.Angular.csproj</ApplicationRelativeFilePath>
      <ProjectRelativeFilePath>Intent.Modules.AspNetCore.Interop.Angular.csproj</ProjectRelativeFilePath>
      <IsIgnored>false</IsIgnored>
    </FileLog>
  </FileLogs>
</outputLog>