<?xml version="1.0" encoding="utf-8"?>
<outputLog>
  <ApplicationId>1e7ac3a3-3019-4017-a525-bac8f838b1ed</ApplicationId>
  <FileLogs>
    <FileLog>
      <CorrelationId>Intent.VisualStudio.Projects.VisualStudio2015Solution#36c421ee-a140-4e1d-89e2-52b82cca475b</CorrelationId>
      <OverwriteBehaviour>always</OverwriteBehaviour>
      <ApplicationRelativeFilePath>../Intent.Modules.Net.sln</ApplicationRelativeFilePath>
      <IsIgnored>false</IsIgnored>
    </FileLog>
    <FileLog>
      <ProjectId>c559c0b9-1afe-4af4-9b45-34efa59a989a</ProjectId>
      <CorrelationId>Intent.ModuleBuilder.Templates.TemplateDecorator#2e837e0e-09a3-49d3-beb3-96e7ac8acca1</CorrelationId>
      <OverwriteBehaviour>always</OverwriteBehaviour>
      <ApplicationRelativeFilePath>Decorators/AutoMapperDtoDecorator.cs</ApplicationRelativeFilePath>
      <ProjectRelativeFilePath>AutoMapperDtoDecorator.cs</ProjectRelativeFilePath>
      <IsIgnored>false</IsIgnored>
    </FileLog>
    <FileLog>
      <ProjectId>c559c0b9-1afe-4af4-9b45-34efa59a989a</ProjectId>
      <CorrelationId>Intent.ModuleBuilder.Templates.TemplateDecoratorRegistration#2e837e0e-09a3-49d3-beb3-96e7ac8acca1</CorrelationId>
      <OverwriteBehaviour>always</OverwriteBehaviour>
      <ApplicationRelativeFilePath>Decorators/AutoMapperDtoDecoratorRegistration.cs</ApplicationRelativeFilePath>
      <ProjectRelativeFilePath>AutoMapperDtoDecoratorRegistration.cs</ProjectRelativeFilePath>
      <IsIgnored>false</IsIgnored>
    </FileLog>
    <FileLog>
      <ProjectId>2339fb67-49da-48cc-b264-dbe6c20d1e4a</ProjectId>
      <CorrelationId>Intent.ModuleBuilder.Templates.FactoryExtension#26e93d7b-2b58-435d-8401-c67cfe06c30a</CorrelationId>
      <OverwriteBehaviour>always</OverwriteBehaviour>
      <ApplicationRelativeFilePath>FactoryExtentions/AutoMapperDtoFactoryExtension.cs</ApplicationRelativeFilePath>
      <ProjectRelativeFilePath>AutoMapperDtoFactoryExtension.cs</ProjectRelativeFilePath>
      <IsIgnored>false</IsIgnored>
    </FileLog>
    <FileLog>
      <ProjectId>9e1b7e0f-7918-41d9-8c52-0a020a279cab</ProjectId>
      <CorrelationId>Intent.ModuleBuilder.IModSpecFile</CorrelationId>
      <OverwriteBehaviour>always</OverwriteBehaviour>
      <ApplicationRelativeFilePath>Intent.Application.Dtos.AutoMapper.imodspec</ApplicationRelativeFilePath>
      <ProjectRelativeFilePath>Intent.Application.Dtos.AutoMapper.imodspec</ProjectRelativeFilePath>
      <IsIgnored>false</IsIgnored>
    </FileLog>
    <FileLog>
      <ProjectId>9e1b7e0f-7918-41d9-8c52-0a020a279cab</ProjectId>
      <CorrelationId>Intent.VisualStudio.Projects.CoreLibrary.CSProject#9e1b7e0f-7918-41d9-8c52-0a020a279cab</CorrelationId>
      <OverwriteBehaviour>once-off</OverwriteBehaviour>
      <ApplicationRelativeFilePath>Intent.Modules.Application.Dtos.AutoMapper.csproj</ApplicationRelativeFilePath>
      <ProjectRelativeFilePath>Intent.Modules.Application.Dtos.AutoMapper.csproj</ProjectRelativeFilePath>
      <IsIgnored>false</IsIgnored>
    </FileLog>
    <FileLog>
      <ProjectId>9e1b7e0f-7918-41d9-8c52-0a020a279cab</ProjectId>
      <CorrelationId>Intent.ModuleBuilder.ReadMe</CorrelationId>
      <OverwriteBehaviour>always</OverwriteBehaviour>
      <ApplicationRelativeFilePath>README.txt</ApplicationRelativeFilePath>
      <ProjectRelativeFilePath>README.txt</ProjectRelativeFilePath>
      <IsIgnored>false</IsIgnored>
    </FileLog>
    <FileLog>
      <ProjectId>4d085217-0ea3-4fd7-bddf-15e5e631a712</ProjectId>
      <CorrelationId>Intent.ModuleBuilder.CSharp.Templates.CSharpTemplate.T4Template.PreProcessed#ae21031c-9ce7-4769-922f-b595fe6fb665</CorrelationId>
      <OverwriteBehaviour>always</OverwriteBehaviour>
      <ApplicationRelativeFilePath>Templates/MappingExtensions/MappingExtensionsTemplate.cs</ApplicationRelativeFilePath>
      <ProjectRelativeFilePath>MappingExtensions/MappingExtensionsTemplate.cs</ProjectRelativeFilePath>
      <IsIgnored>false</IsIgnored>
    </FileLog>
    <FileLog>
      <ProjectId>4d085217-0ea3-4fd7-bddf-15e5e631a712</ProjectId>
      <CorrelationId>Intent.ModuleBuilder.CSharp.Templates.CSharpT4Template#ae21031c-9ce7-4769-922f-b595fe6fb665</CorrelationId>
      <OverwriteBehaviour>always</OverwriteBehaviour>
      <ApplicationRelativeFilePath>Templates/MappingExtensions/MappingExtensionsTemplate.tt</ApplicationRelativeFilePath>
      <ProjectRelativeFilePath>MappingExtensions/MappingExtensionsTemplate.tt</ProjectRelativeFilePath>
      <IsIgnored>false</IsIgnored>
    </FileLog>
    <FileLog>
      <ProjectId>4d085217-0ea3-4fd7-bddf-15e5e631a712</ProjectId>
      <CorrelationId>Intent.ModuleBuilder.CSharp.Templates.CSharpTemplatePartial#ae21031c-9ce7-4769-922f-b595fe6fb665</CorrelationId>
      <OverwriteBehaviour>always</OverwriteBehaviour>
      <ApplicationRelativeFilePath>Templates/MappingExtensions/MappingExtensionsTemplatePartial.cs</ApplicationRelativeFilePath>
      <ProjectRelativeFilePath>MappingExtensions/MappingExtensionsTemplatePartial.cs</ProjectRelativeFilePath>
      <IsIgnored>false</IsIgnored>
    </FileLog>
    <FileLog>
      <ProjectId>4d085217-0ea3-4fd7-bddf-15e5e631a712</ProjectId>
      <CorrelationId>Intent.ModuleBuilder.TemplateRegistration.FilePerModel#ae21031c-9ce7-4769-922f-b595fe6fb665</CorrelationId>
      <OverwriteBehaviour>always</OverwriteBehaviour>
      <ApplicationRelativeFilePath>Templates/MappingExtensions/MappingExtensionsTemplateRegistration.cs</ApplicationRelativeFilePath>
      <ProjectRelativeFilePath>MappingExtensions/MappingExtensionsTemplateRegistration.cs</ProjectRelativeFilePath>
      <IsIgnored>false</IsIgnored>
    </FileLog>
    <FileLog>
      <ProjectId>4d085217-0ea3-4fd7-bddf-15e5e631a712</ProjectId>
      <CorrelationId>Intent.ModuleBuilder.Templates.TemplateExtensions</CorrelationId>
      <OverwriteBehaviour>always</OverwriteBehaviour>
      <ApplicationRelativeFilePath>Templates/TemplateExtensions.cs</ApplicationRelativeFilePath>
      <ProjectRelativeFilePath>TemplateExtensions.cs</ProjectRelativeFilePath>
      <IsIgnored>false</IsIgnored>
    </FileLog>
  </FileLogs>
</outputLog>