<?xml version="1.0" encoding="utf-8"?>
<outputLog>
  <ApplicationId>2f121661-1f9c-49c5-832a-121798b17b84</ApplicationId>
  <FileLogs>
    <FileLog>
      <CorrelationId>Intent.VisualStudio.Projects.VisualStudioSolution#4fecac07-b610-4d0c-b17b-be56e2c3c400</CorrelationId>
      <OverwriteBehaviour>always</OverwriteBehaviour>
      <ApplicationRelativeFilePath>../Intent.Modules.NET.sln</ApplicationRelativeFilePath>
      <IsIgnored>false</IsIgnored>
    </FileLog>
    <FileLog>
      <ProjectId>dcddae39-35b7-4aaa-b121-6cb87ea53f67</ProjectId>
      <CorrelationId>Intent.ModuleBuilder.Templates.FactoryExtension#dc90cc72-2170-4cc5-b685-43317caacfd6</CorrelationId>
      <OverwriteBehaviour>always</OverwriteBehaviour>
      <ApplicationRelativeFilePath>FactoryExtentions/DependencyInjectionFactoryExtension.cs</ApplicationRelativeFilePath>
      <ProjectRelativeFilePath>DependencyInjectionFactoryExtension.cs</ProjectRelativeFilePath>
      <IsIgnored>false</IsIgnored>
    </FileLog>
    <FileLog>
      <ProjectId>b2aea0f3-0359-476b-aa06-0f02a493ea43</ProjectId>
      <CorrelationId>Intent.ModuleBuilder.IModSpecFile</CorrelationId>
      <OverwriteBehaviour>always</OverwriteBehaviour>
      <ApplicationRelativeFilePath>Intent.Application.DependencyInjection.MediatR.imodspec</ApplicationRelativeFilePath>
      <ProjectRelativeFilePath>Intent.Application.DependencyInjection.MediatR.imodspec</ProjectRelativeFilePath>
      <IsIgnored>false</IsIgnored>
    </FileLog>
    <FileLog>
      <ProjectId>b2aea0f3-0359-476b-aa06-0f02a493ea43</ProjectId>
      <CorrelationId>Intent.VisualStudio.Projects.CSharpProject#b2aea0f3-0359-476b-aa06-0f02a493ea43</CorrelationId>
      <OverwriteBehaviour>always</OverwriteBehaviour>
      <ApplicationRelativeFilePath>Intent.Modules.Application.DependencyInjection.MediatR.csproj</ApplicationRelativeFilePath>
      <ProjectRelativeFilePath>Intent.Modules.Application.DependencyInjection.MediatR.csproj</ProjectRelativeFilePath>
      <IsIgnored>false</IsIgnored>
    </FileLog>
    <FileLog>
      <ProjectId>b2aea0f3-0359-476b-aa06-0f02a493ea43</ProjectId>
      <CorrelationId>Intent.ModuleBuilder.CSharp.Templates.NugetPackages</CorrelationId>
      <OverwriteBehaviour>always</OverwriteBehaviour>
      <ApplicationRelativeFilePath>NugetPackages.cs</ApplicationRelativeFilePath>
      <ProjectRelativeFilePath>NugetPackages.cs</ProjectRelativeFilePath>
      <IsIgnored>false</IsIgnored>
    </FileLog>
  </FileLogs>
</outputLog>