<?xml version="1.0" encoding="utf-8"?>
<outputLog>
  <ApplicationId>9ae3f429-8cd5-4090-8a8b-f5dec3f95704</ApplicationId>
  <FileLogs>
    <FileLog>
      <CorrelationId>Intent.VisualStudio.Projects.VisualStudio2015Solution#9ed04714-a175-4ef3-b4ba-21d6a04caa5b</CorrelationId>
      <ApplicationRelativeFilePath>../Intent.Modules.NET.sln</ApplicationRelativeFilePath>
      <IsIgnored>false</IsIgnored>
    </FileLog>
    <FileLog>
      <ProjectId>686b4ffe-4efa-4078-a854-a82578df6d4c</ProjectId>
      <CorrelationId>Intent.ModuleBuilder.Templates.TemplateDecorator#401d8239-0522-4225-8301-319c81358a4b</CorrelationId>
      <ApplicationRelativeFilePath>Decorators/InteropSwashbuckleAppSettingsDecorator.cs</ApplicationRelativeFilePath>
      <ProjectRelativeFilePath>InteropSwashbuckleAppSettingsDecorator.cs</ProjectRelativeFilePath>
      <IsIgnored>false</IsIgnored>
    </FileLog>
    <FileLog>
      <ProjectId>686b4ffe-4efa-4078-a854-a82578df6d4c</ProjectId>
      <CorrelationId>Intent.ModuleBuilder.Templates.TemplateDecoratorRegistration#401d8239-0522-4225-8301-319c81358a4b</CorrelationId>
      <ApplicationRelativeFilePath>Decorators/InteropSwashbuckleAppSettingsDecoratorRegistration.cs</ApplicationRelativeFilePath>
      <ProjectRelativeFilePath>InteropSwashbuckleAppSettingsDecoratorRegistration.cs</ProjectRelativeFilePath>
      <IsIgnored>false</IsIgnored>
    </FileLog>
    <FileLog>
      <ProjectId>7cebad54-ba71-407c-b781-6d265dd4ba7b</ProjectId>
      <CorrelationId>Intent.ModuleBuilder.IModSpecFile</CorrelationId>
      <ApplicationRelativeFilePath>Intent.IdentityServer4.UI.Interop.Swashbuckle.JWT.imodspec</ApplicationRelativeFilePath>
      <ProjectRelativeFilePath>Intent.IdentityServer4.UI.Interop.Swashbuckle.JWT.imodspec</ProjectRelativeFilePath>
      <IsIgnored>false</IsIgnored>
    </FileLog>
    <FileLog>
      <ProjectId>7cebad54-ba71-407c-b781-6d265dd4ba7b</ProjectId>
      <CorrelationId>Intent.VisualStudio.Projects.CoreLibrary.CSProject#7cebad54-ba71-407c-b781-6d265dd4ba7b</CorrelationId>
      <ApplicationRelativeFilePath>Intent.Modules.IdentityServer4.UI.Interop.Swashbuckle.JWT.csproj</ApplicationRelativeFilePath>
      <ProjectRelativeFilePath>Intent.Modules.IdentityServer4.UI.Interop.Swashbuckle.JWT.csproj</ProjectRelativeFilePath>
      <IsIgnored>false</IsIgnored>
    </FileLog>
    <FileLog>
      <ProjectId>7cebad54-ba71-407c-b781-6d265dd4ba7b</ProjectId>
      <CorrelationId>Intent.ModuleBuilder.ReadMe</CorrelationId>
      <ApplicationRelativeFilePath>README.txt</ApplicationRelativeFilePath>
      <ProjectRelativeFilePath>README.txt</ProjectRelativeFilePath>
      <IsIgnored>false</IsIgnored>
    </FileLog>
  </FileLogs>
</outputLog>