<?xml version="1.0" encoding="utf-8"?>
<outputLog>
  <ApplicationId>84a6ab17-88dd-407b-9c9b-a45464b66a12</ApplicationId>
  <FileLogs>
    <FileLog>
      <CorrelationId>Intent.VisualStudio.Projects.VisualStudioSolution#7f2aecb9-82ea-4c22-8551-a3344f1f6c39</CorrelationId>
      <OverwriteBehaviour>always</OverwriteBehaviour>
      <ApplicationRelativeFilePath>../Intent.Modules.NET.sln</ApplicationRelativeFilePath>
      <IsIgnored>false</IsIgnored>
    </FileLog>
    <FileLog>
      <ProjectId>2a360b32-9c5c-40f6-8036-c6210ab9ab98</ProjectId>
      <CorrelationId>Intent.ModuleBuilder.Templates.FactoryExtension#e4ebe5e3-cefd-439a-9b30-3388686d3c7b</CorrelationId>
      <OverwriteBehaviour>always</OverwriteBehaviour>
      <ApplicationRelativeFilePath>FactoryExtensions/ApplicationSecurityConfigurationFactoryExtension.cs</ApplicationRelativeFilePath>
      <ProjectRelativeFilePath>ApplicationSecurityConfigurationFactoryExtension.cs</ProjectRelativeFilePath>
      <IsIgnored>false</IsIgnored>
    </FileLog>
    <FileLog>
      <ProjectId>2a360b32-9c5c-40f6-8036-c6210ab9ab98</ProjectId>
      <CorrelationId>Intent.ModuleBuilder.Templates.FactoryExtension#1d143727-3490-4c5b-a355-df5b70789bb6</CorrelationId>
      <OverwriteBehaviour>always</OverwriteBehaviour>
      <ApplicationRelativeFilePath>FactoryExtensions/CurrentUserServiceFactoryExtension.cs</ApplicationRelativeFilePath>
      <ProjectRelativeFilePath>CurrentUserServiceFactoryExtension.cs</ProjectRelativeFilePath>
      <IsIgnored>false</IsIgnored>
    </FileLog>
    <FileLog>
      <ProjectId>42b7116a-b465-4223-975b-97a52111f859</ProjectId>
      <CorrelationId>Intent.VisualStudio.Projects.CSharpProject#42b7116a-b465-4223-975b-97a52111f859</CorrelationId>
      <OverwriteBehaviour>always</OverwriteBehaviour>
      <ApplicationRelativeFilePath>Intent.Modules.Security.MSAL.csproj</ApplicationRelativeFilePath>
      <ProjectRelativeFilePath>Intent.Modules.Security.MSAL.csproj</ProjectRelativeFilePath>
      <IsIgnored>false</IsIgnored>
    </FileLog>
    <FileLog>
      <ProjectId>42b7116a-b465-4223-975b-97a52111f859</ProjectId>
      <CorrelationId>Intent.ModuleBuilder.IModSpecFile</CorrelationId>
      <OverwriteBehaviour>always</OverwriteBehaviour>
      <ApplicationRelativeFilePath>Intent.Security.MSAL.imodspec</ApplicationRelativeFilePath>
      <ProjectRelativeFilePath>Intent.Security.MSAL.imodspec</ProjectRelativeFilePath>
      <IsIgnored>false</IsIgnored>
    </FileLog>
    <FileLog>
      <ProjectId>42b7116a-b465-4223-975b-97a52111f859</ProjectId>
      <CorrelationId>Intent.ModuleBuilder.CSharp.Templates.NugetPackages</CorrelationId>
      <OverwriteBehaviour>always</OverwriteBehaviour>
      <ApplicationRelativeFilePath>NugetPackages.cs</ApplicationRelativeFilePath>
      <ProjectRelativeFilePath>NugetPackages.cs</ProjectRelativeFilePath>
      <IsIgnored>false</IsIgnored>
    </FileLog>
    <FileLog>
      <ProjectId>42b7116a-b465-4223-975b-97a52111f859</ProjectId>
      <CorrelationId>Intent.ModuleBuilder.Templates.ReleaseNotes</CorrelationId>
      <OverwriteBehaviour>once-off</OverwriteBehaviour>
      <ApplicationRelativeFilePath>release-notes.md</ApplicationRelativeFilePath>
      <ProjectRelativeFilePath>release-notes.md</ProjectRelativeFilePath>
      <IsIgnored>false</IsIgnored>
    </FileLog>
    <FileLog>
      <ProjectId>4c21fa2d-812d-4e55-8d8a-1008e1260e0a</ProjectId>
      <CorrelationId>Intent.ModuleBuilder.Templates.DocumentationTemplate#30a32647-391a-4938-b19a-9d25ddbfa190</CorrelationId>
      <OverwriteBehaviour>always</OverwriteBehaviour>
      <ApplicationRelativeFilePath>resources/documentation.json</ApplicationRelativeFilePath>
      <ProjectRelativeFilePath>documentation.json</ProjectRelativeFilePath>
      <IsIgnored>false</IsIgnored>
    </FileLog>
  </FileLogs>
</outputLog>