<?xml version="1.0" encoding="utf-8"?>
<outputLog>
  <ApplicationId>411531a2-eb34-4b48-b722-ffd07f1ede61</ApplicationId>
  <FileLogs>
    <FileLog>
      <CorrelationId>Intent.VisualStudio.Projects.VisualStudio2015Solution#c5b5e5f7-383a-460e-9697-20ca04132eb7</CorrelationId>
      <OverwriteBehaviour>always</OverwriteBehaviour>
      <ApplicationRelativeFilePath>../Intent.Modules.NET.sln</ApplicationRelativeFilePath>
      <IsIgnored>false</IsIgnored>
    </FileLog>
    <FileLog>
      <ProjectId>e0a80250-cf98-4c0c-bfbc-76e47b5e93f5</ProjectId>
      <CorrelationId>Intent.ModuleBuilder.Templates.Api.ApiElementModelExtensions#e030c97a-e066-40a7-8188-808c275df3cb</CorrelationId>
      <OverwriteBehaviour>always</OverwriteBehaviour>
      <ApplicationRelativeFilePath>Api/OperationModelStereotypeExtensions.cs</ApplicationRelativeFilePath>
      <ProjectRelativeFilePath>OperationModelStereotypeExtensions.cs</ProjectRelativeFilePath>
      <IsIgnored>false</IsIgnored>
    </FileLog>
    <FileLog>
      <ProjectId>e0a80250-cf98-4c0c-bfbc-76e47b5e93f5</ProjectId>
      <CorrelationId>Intent.ModuleBuilder.Templates.Api.ApiElementModelExtensions#00208d20-469d-41cb-8501-768fd5eb796b</CorrelationId>
      <OverwriteBehaviour>always</OverwriteBehaviour>
      <ApplicationRelativeFilePath>Api/ParameterModelStereotypeExtensions.cs</ApplicationRelativeFilePath>
      <ProjectRelativeFilePath>ParameterModelStereotypeExtensions.cs</ProjectRelativeFilePath>
      <IsIgnored>false</IsIgnored>
    </FileLog>
    <FileLog>
      <ProjectId>b39c8ad2-7cb0-46da-ac57-ef88c268a200</ProjectId>
      <CorrelationId>Intent.ModuleBuilder.Templates.TemplateDecorator#83078c9f-7cfa-4edf-b7f3-566f71f8f6a7</CorrelationId>
      <OverwriteBehaviour>always</OverwriteBehaviour>
      <ApplicationRelativeFilePath>Decorators/ReturnTypes/AzureFunctionClassResourceLocationDecorator.cs</ApplicationRelativeFilePath>
      <ProjectRelativeFilePath>ReturnTypes/AzureFunctionClassResourceLocationDecorator.cs</ProjectRelativeFilePath>
      <IsIgnored>false</IsIgnored>
    </FileLog>
    <FileLog>
      <ProjectId>b39c8ad2-7cb0-46da-ac57-ef88c268a200</ProjectId>
      <CorrelationId>Intent.ModuleBuilder.Templates.TemplateDecoratorRegistration#83078c9f-7cfa-4edf-b7f3-566f71f8f6a7</CorrelationId>
      <OverwriteBehaviour>always</OverwriteBehaviour>
      <ApplicationRelativeFilePath>Decorators/ReturnTypes/AzureFunctionClassResourceLocationDecoratorRegistration.cs</ApplicationRelativeFilePath>
      <ProjectRelativeFilePath>ReturnTypes/AzureFunctionClassResourceLocationDecoratorRegistration.cs</ProjectRelativeFilePath>
      <IsIgnored>false</IsIgnored>
    </FileLog>
    <FileLog>
      <ProjectId>82458406-7d23-41f5-81a0-2083c0b7668d</ProjectId>
      <CorrelationId>Intent.ModuleBuilder.IModSpecFile</CorrelationId>
      <OverwriteBehaviour>always</OverwriteBehaviour>
      <ApplicationRelativeFilePath>Intent.AzureFunctions.imodspec</ApplicationRelativeFilePath>
      <ProjectRelativeFilePath>Intent.AzureFunctions.imodspec</ProjectRelativeFilePath>
      <IsIgnored>false</IsIgnored>
    </FileLog>
    <FileLog>
      <ProjectId>82458406-7d23-41f5-81a0-2083c0b7668d</ProjectId>
      <CorrelationId>Intent.VisualStudio.Projects.CoreLibrary.CSProject#82458406-7d23-41f5-81a0-2083c0b7668d</CorrelationId>
      <OverwriteBehaviour>once-off</OverwriteBehaviour>
      <ApplicationRelativeFilePath>Intent.Modules.AzureFunctions.csproj</ApplicationRelativeFilePath>
      <ProjectRelativeFilePath>Intent.Modules.AzureFunctions.csproj</ProjectRelativeFilePath>
      <IsIgnored>false</IsIgnored>
    </FileLog>
    <FileLog>
      <ProjectId>82458406-7d23-41f5-81a0-2083c0b7668d</ProjectId>
      <CorrelationId>Intent.ModuleBuilder.ReadMe</CorrelationId>
      <OverwriteBehaviour>always</OverwriteBehaviour>
      <ApplicationRelativeFilePath>README.txt</ApplicationRelativeFilePath>
      <ProjectRelativeFilePath>README.txt</ProjectRelativeFilePath>
      <IsIgnored>false</IsIgnored>
    </FileLog>
    <FileLog>
      <ProjectId>51504bed-31ac-460a-a37f-35f377951a6d</ProjectId>
      <CorrelationId>Intent.ModuleBuilder.Templates.TemplateDecoratorContract#0a702535-5bc6-45fb-8f1a-07aebd4c8426</CorrelationId>
      <OverwriteBehaviour>always</OverwriteBehaviour>
      <ApplicationRelativeFilePath>Templates/AzureFunctionClass/AzureFunctionClassDecorator.cs</ApplicationRelativeFilePath>
      <ProjectRelativeFilePath>AzureFunctionClass/AzureFunctionClassDecorator.cs</ProjectRelativeFilePath>
      <IsIgnored>false</IsIgnored>
    </FileLog>
    <FileLog>
      <ProjectId>51504bed-31ac-460a-a37f-35f377951a6d</ProjectId>
      <CorrelationId>Intent.ModuleBuilder.CSharp.Templates.CSharpTemplate.T4Template.PreProcessed#2cb4bd85-684b-4c2a-a6f0-fe47ca2cdee6</CorrelationId>
      <OverwriteBehaviour>always</OverwriteBehaviour>
      <ApplicationRelativeFilePath>Templates/AzureFunctionClass/AzureFunctionClassTemplate.cs</ApplicationRelativeFilePath>
      <ProjectRelativeFilePath>AzureFunctionClass/AzureFunctionClassTemplate.cs</ProjectRelativeFilePath>
      <IsIgnored>false</IsIgnored>
    </FileLog>
    <FileLog>
      <ProjectId>51504bed-31ac-460a-a37f-35f377951a6d</ProjectId>
      <CorrelationId>Intent.ModuleBuilder.CSharp.Templates.CSharpTemplate#2cb4bd85-684b-4c2a-a6f0-fe47ca2cdee6</CorrelationId>
      <OverwriteBehaviour>always</OverwriteBehaviour>
      <ApplicationRelativeFilePath>Templates/AzureFunctionClass/AzureFunctionClassTemplate.tt</ApplicationRelativeFilePath>
      <ProjectRelativeFilePath>AzureFunctionClass/AzureFunctionClassTemplate.tt</ProjectRelativeFilePath>
      <IsIgnored>false</IsIgnored>
    </FileLog>
    <FileLog>
      <ProjectId>51504bed-31ac-460a-a37f-35f377951a6d</ProjectId>
      <CorrelationId>Intent.ModuleBuilder.CSharp.Templates.CSharpTemplatePartial#2cb4bd85-684b-4c2a-a6f0-fe47ca2cdee6</CorrelationId>
      <OverwriteBehaviour>always</OverwriteBehaviour>
      <ApplicationRelativeFilePath>Templates/AzureFunctionClass/AzureFunctionClassTemplatePartial.cs</ApplicationRelativeFilePath>
      <ProjectRelativeFilePath>AzureFunctionClass/AzureFunctionClassTemplatePartial.cs</ProjectRelativeFilePath>
      <IsIgnored>false</IsIgnored>
    </FileLog>
    <FileLog>
      <ProjectId>51504bed-31ac-460a-a37f-35f377951a6d</ProjectId>
      <CorrelationId>Intent.ModuleBuilder.TemplateRegistration.Custom#2cb4bd85-684b-4c2a-a6f0-fe47ca2cdee6</CorrelationId>
      <OverwriteBehaviour>always</OverwriteBehaviour>
      <ApplicationRelativeFilePath>Templates/AzureFunctionClass/AzureFunctionClassTemplateRegistration.cs</ApplicationRelativeFilePath>
      <ProjectRelativeFilePath>AzureFunctionClass/AzureFunctionClassTemplateRegistration.cs</ProjectRelativeFilePath>
      <IsIgnored>false</IsIgnored>
    </FileLog>
    <FileLog>
      <ProjectId>51504bed-31ac-460a-a37f-35f377951a6d</ProjectId>
      <CorrelationId>Intent.ModuleBuilder.CSharp.Templates.CSharpTemplate.T4Template.PreProcessed#dd8ccc08-d1be-4269-a60f-aef7d9e8325c</CorrelationId>
      <OverwriteBehaviour>always</OverwriteBehaviour>
      <ApplicationRelativeFilePath>Templates/AzureFunctionClassHelper/AzureFunctionClassHelperTemplate.cs</ApplicationRelativeFilePath>
      <ProjectRelativeFilePath>AzureFunctionClassHelper/AzureFunctionClassHelperTemplate.cs</ProjectRelativeFilePath>
      <IsIgnored>false</IsIgnored>
    </FileLog>
    <FileLog>
      <ProjectId>51504bed-31ac-460a-a37f-35f377951a6d</ProjectId>
      <CorrelationId>Intent.ModuleBuilder.CSharp.Templates.CSharpTemplate#dd8ccc08-d1be-4269-a60f-aef7d9e8325c</CorrelationId>
      <OverwriteBehaviour>always</OverwriteBehaviour>
      <ApplicationRelativeFilePath>Templates/AzureFunctionClassHelper/AzureFunctionClassHelperTemplate.tt</ApplicationRelativeFilePath>
      <ProjectRelativeFilePath>AzureFunctionClassHelper/AzureFunctionClassHelperTemplate.tt</ProjectRelativeFilePath>
      <IsIgnored>false</IsIgnored>
    </FileLog>
    <FileLog>
      <ProjectId>51504bed-31ac-460a-a37f-35f377951a6d</ProjectId>
      <CorrelationId>Intent.ModuleBuilder.CSharp.Templates.CSharpTemplatePartial#dd8ccc08-d1be-4269-a60f-aef7d9e8325c</CorrelationId>
      <OverwriteBehaviour>always</OverwriteBehaviour>
      <ApplicationRelativeFilePath>Templates/AzureFunctionClassHelper/AzureFunctionClassHelperTemplatePartial.cs</ApplicationRelativeFilePath>
      <ProjectRelativeFilePath>AzureFunctionClassHelper/AzureFunctionClassHelperTemplatePartial.cs</ProjectRelativeFilePath>
      <IsIgnored>false</IsIgnored>
    </FileLog>
    <FileLog>
      <ProjectId>51504bed-31ac-460a-a37f-35f377951a6d</ProjectId>
      <CorrelationId>Intent.ModuleBuilder.TemplateRegistration.SingleFileNoModel#dd8ccc08-d1be-4269-a60f-aef7d9e8325c</CorrelationId>
      <OverwriteBehaviour>always</OverwriteBehaviour>
      <ApplicationRelativeFilePath>Templates/AzureFunctionClassHelper/AzureFunctionClassHelperTemplateRegistration.cs</ApplicationRelativeFilePath>
      <ProjectRelativeFilePath>AzureFunctionClassHelper/AzureFunctionClassHelperTemplateRegistration.cs</ProjectRelativeFilePath>
      <IsIgnored>false</IsIgnored>
    </FileLog>
    <FileLog>
      <ProjectId>51504bed-31ac-460a-a37f-35f377951a6d</ProjectId>
      <CorrelationId>Intent.ModuleBuilder.CSharp.Templates.CSharpTemplate.T4Template.PreProcessed#a8bb8b25-bd0b-4ebb-b78e-f6c328430707</CorrelationId>
      <OverwriteBehaviour>always</OverwriteBehaviour>
      <ApplicationRelativeFilePath>Templates/ReturnTypes/ResourceLocationClass/ResourceLocationClassTemplate.cs</ApplicationRelativeFilePath>
      <ProjectRelativeFilePath>ReturnTypes/ResourceLocationClass/ResourceLocationClassTemplate.cs</ProjectRelativeFilePath>
      <IsIgnored>false</IsIgnored>
    </FileLog>
    <FileLog>
      <ProjectId>51504bed-31ac-460a-a37f-35f377951a6d</ProjectId>
      <CorrelationId>Intent.ModuleBuilder.CSharp.Templates.CSharpTemplate#a8bb8b25-bd0b-4ebb-b78e-f6c328430707</CorrelationId>
      <OverwriteBehaviour>always</OverwriteBehaviour>
      <ApplicationRelativeFilePath>Templates/ReturnTypes/ResourceLocationClass/ResourceLocationClassTemplate.tt</ApplicationRelativeFilePath>
      <ProjectRelativeFilePath>ReturnTypes/ResourceLocationClass/ResourceLocationClassTemplate.tt</ProjectRelativeFilePath>
      <IsIgnored>false</IsIgnored>
    </FileLog>
    <FileLog>
      <ProjectId>51504bed-31ac-460a-a37f-35f377951a6d</ProjectId>
      <CorrelationId>Intent.ModuleBuilder.CSharp.Templates.CSharpTemplatePartial#a8bb8b25-bd0b-4ebb-b78e-f6c328430707</CorrelationId>
      <OverwriteBehaviour>always</OverwriteBehaviour>
      <ApplicationRelativeFilePath>Templates/ReturnTypes/ResourceLocationClass/ResourceLocationClassTemplatePartial.cs</ApplicationRelativeFilePath>
      <ProjectRelativeFilePath>ReturnTypes/ResourceLocationClass/ResourceLocationClassTemplatePartial.cs</ProjectRelativeFilePath>
      <IsIgnored>false</IsIgnored>
    </FileLog>
    <FileLog>
      <ProjectId>51504bed-31ac-460a-a37f-35f377951a6d</ProjectId>
      <CorrelationId>Intent.ModuleBuilder.TemplateRegistration.SingleFileNoModel#a8bb8b25-bd0b-4ebb-b78e-f6c328430707</CorrelationId>
      <OverwriteBehaviour>always</OverwriteBehaviour>
      <ApplicationRelativeFilePath>Templates/ReturnTypes/ResourceLocationClass/ResourceLocationClassTemplateRegistration.cs</ApplicationRelativeFilePath>
      <ProjectRelativeFilePath>ReturnTypes/ResourceLocationClass/ResourceLocationClassTemplateRegistration.cs</ProjectRelativeFilePath>
      <IsIgnored>false</IsIgnored>
    </FileLog>
    <FileLog>
      <ProjectId>51504bed-31ac-460a-a37f-35f377951a6d</ProjectId>
      <CorrelationId>Intent.ModuleBuilder.CSharp.Templates.CSharpTemplate.T4Template.PreProcessed#4cc2b906-6a28-4d05-9721-548e8a541abd</CorrelationId>
      <OverwriteBehaviour>always</OverwriteBehaviour>
      <ApplicationRelativeFilePath>Templates/Startup/StartupTemplate.cs</ApplicationRelativeFilePath>
      <ProjectRelativeFilePath>Startup/StartupTemplate.cs</ProjectRelativeFilePath>
      <IsIgnored>false</IsIgnored>
    </FileLog>
    <FileLog>
      <ProjectId>51504bed-31ac-460a-a37f-35f377951a6d</ProjectId>
      <CorrelationId>Intent.ModuleBuilder.CSharp.Templates.CSharpTemplate#4cc2b906-6a28-4d05-9721-548e8a541abd</CorrelationId>
      <OverwriteBehaviour>always</OverwriteBehaviour>
      <ApplicationRelativeFilePath>Templates/Startup/StartupTemplate.tt</ApplicationRelativeFilePath>
      <ProjectRelativeFilePath>Startup/StartupTemplate.tt</ProjectRelativeFilePath>
      <IsIgnored>false</IsIgnored>
    </FileLog>
    <FileLog>
      <ProjectId>51504bed-31ac-460a-a37f-35f377951a6d</ProjectId>
      <CorrelationId>Intent.ModuleBuilder.CSharp.Templates.CSharpTemplatePartial#4cc2b906-6a28-4d05-9721-548e8a541abd</CorrelationId>
      <OverwriteBehaviour>always</OverwriteBehaviour>
      <ApplicationRelativeFilePath>Templates/Startup/StartupTemplatePartial.cs</ApplicationRelativeFilePath>
      <ProjectRelativeFilePath>Startup/StartupTemplatePartial.cs</ProjectRelativeFilePath>
      <IsIgnored>false</IsIgnored>
    </FileLog>
    <FileLog>
      <ProjectId>51504bed-31ac-460a-a37f-35f377951a6d</ProjectId>
      <CorrelationId>Intent.ModuleBuilder.TemplateRegistration.SingleFileNoModel#4cc2b906-6a28-4d05-9721-548e8a541abd</CorrelationId>
      <OverwriteBehaviour>always</OverwriteBehaviour>
      <ApplicationRelativeFilePath>Templates/Startup/StartupTemplateRegistration.cs</ApplicationRelativeFilePath>
      <ProjectRelativeFilePath>Startup/StartupTemplateRegistration.cs</ProjectRelativeFilePath>
      <IsIgnored>false</IsIgnored>
    </FileLog>
    <FileLog>
      <ProjectId>51504bed-31ac-460a-a37f-35f377951a6d</ProjectId>
      <CorrelationId>Intent.ModuleBuilder.Templates.TemplateExtensions</CorrelationId>
      <OverwriteBehaviour>always</OverwriteBehaviour>
      <ApplicationRelativeFilePath>Templates/TemplateExtensions.cs</ApplicationRelativeFilePath>
      <ProjectRelativeFilePath>TemplateExtensions.cs</ProjectRelativeFilePath>
      <IsIgnored>false</IsIgnored>
    </FileLog>
  </FileLogs>
</outputLog>