<?xml version="1.0" encoding="utf-8"?>
<outputLog>
  <ApplicationId>83a8c9e9-94ea-4cd1-8bf3-98b4a7d7678f</ApplicationId>
  <FileLogs>
    <FileLog>
      <CorrelationId>Intent.VisualStudio.Projects.VisualStudio2015Solution#4360a40f-4ac0-4f4c-af8c-01d8cab85717</CorrelationId>
      <OverwriteBehaviour>always</OverwriteBehaviour>
      <ApplicationRelativeFilePath>../Intent.Modules.NET.sln</ApplicationRelativeFilePath>
      <IsIgnored>false</IsIgnored>
    </FileLog>
    <FileLog>
      <ProjectId>924f46ea-2452-4c05-9be5-ad6f27bbec6e</ProjectId>
      <CorrelationId>Intent.ModuleBuilder.Templates.Api.ApiElementExtensionModel#68f2a45c-b2b1-459c-b3e4-4c7f7d04716c</CorrelationId>
      <OverwriteBehaviour>always</OverwriteBehaviour>
      <ApplicationRelativeFilePath>Api/MessageExtensionModel.cs</ApplicationRelativeFilePath>
      <ProjectRelativeFilePath>MessageExtensionModel.cs</ProjectRelativeFilePath>
      <IsIgnored>false</IsIgnored>
    </FileLog>
    <FileLog>
      <ProjectId>a909117d-dbbb-4eb2-a740-54cef5a419e6</ProjectId>
      <CorrelationId>Intent.ModuleBuilder.IModSpecFile</CorrelationId>
      <OverwriteBehaviour>always</OverwriteBehaviour>
      <ApplicationRelativeFilePath>Intent.Eventing.Contracts.EntityMapping.imodspec</ApplicationRelativeFilePath>
      <ProjectRelativeFilePath>Intent.Eventing.Contracts.EntityMapping.imodspec</ProjectRelativeFilePath>
      <IsIgnored>false</IsIgnored>
    </FileLog>
    <FileLog>
      <ProjectId>a909117d-dbbb-4eb2-a740-54cef5a419e6</ProjectId>
      <CorrelationId>Intent.VisualStudio.Projects.CoreLibrary.CSProject#a909117d-dbbb-4eb2-a740-54cef5a419e6</CorrelationId>
      <OverwriteBehaviour>always</OverwriteBehaviour>
      <ApplicationRelativeFilePath>Intent.Modules.Eventing.Contracts.EntityMapping.csproj</ApplicationRelativeFilePath>
      <ProjectRelativeFilePath>Intent.Modules.Eventing.Contracts.EntityMapping.csproj</ProjectRelativeFilePath>
      <IsIgnored>false</IsIgnored>
    </FileLog>
    <FileLog>
      <ProjectId>43357567-3853-463b-b7cc-8b715c9055c8</ProjectId>
      <CorrelationId>Intent.ModuleBuilder.DesignerSettings#3f86c2b0-ef44-47b6-9e82-a6fc6453d5c9</CorrelationId>
      <OverwriteBehaviour>always</OverwriteBehaviour>
      <ApplicationRelativeFilePath>modelers/Eventing Designer Settings.designer.settings</ApplicationRelativeFilePath>
      <ProjectRelativeFilePath>Eventing Designer Settings.designer.settings</ProjectRelativeFilePath>
      <IsIgnored>false</IsIgnored>
    </FileLog>
    <FileLog>
      <ProjectId>a909117d-dbbb-4eb2-a740-54cef5a419e6</ProjectId>
      <CorrelationId>Intent.ModuleBuilder.ReadMe</CorrelationId>
      <OverwriteBehaviour>always</OverwriteBehaviour>
      <ApplicationRelativeFilePath>README.txt</ApplicationRelativeFilePath>
      <ProjectRelativeFilePath>README.txt</ProjectRelativeFilePath>
      <IsIgnored>false</IsIgnored>
    </FileLog>
    <FileLog>
      <ProjectId>0e5af90d-fcaf-42ee-9b83-0654ba2bf2b5</ProjectId>
      <CorrelationId>Intent.ModuleBuilder.CSharp.Templates.CSharpTemplatePartial#ade78973-74d7-4dd9-8cd8-4e9f6c4c4444</CorrelationId>
      <OverwriteBehaviour>always</OverwriteBehaviour>
      <ApplicationRelativeFilePath>Templates/MessageExtensions/MessageExtensionsTemplatePartial.cs</ApplicationRelativeFilePath>
      <ProjectRelativeFilePath>MessageExtensions/MessageExtensionsTemplatePartial.cs</ProjectRelativeFilePath>
      <IsIgnored>false</IsIgnored>
    </FileLog>
    <FileLog>
      <ProjectId>0e5af90d-fcaf-42ee-9b83-0654ba2bf2b5</ProjectId>
      <CorrelationId>Intent.ModuleBuilder.TemplateRegistration.FilePerModel#ade78973-74d7-4dd9-8cd8-4e9f6c4c4444</CorrelationId>
      <OverwriteBehaviour>always</OverwriteBehaviour>
      <ApplicationRelativeFilePath>Templates/MessageExtensions/MessageExtensionsTemplateRegistration.cs</ApplicationRelativeFilePath>
      <ProjectRelativeFilePath>MessageExtensions/MessageExtensionsTemplateRegistration.cs</ProjectRelativeFilePath>
      <IsIgnored>false</IsIgnored>
    </FileLog>
    <FileLog>
      <ProjectId>0e5af90d-fcaf-42ee-9b83-0654ba2bf2b5</ProjectId>
      <CorrelationId>Intent.ModuleBuilder.Templates.TemplateExtensions</CorrelationId>
      <OverwriteBehaviour>always</OverwriteBehaviour>
      <ApplicationRelativeFilePath>Templates/TemplateExtensions.cs</ApplicationRelativeFilePath>
      <ProjectRelativeFilePath>TemplateExtensions.cs</ProjectRelativeFilePath>
      <IsIgnored>false</IsIgnored>
    </FileLog>
  </FileLogs>
</outputLog>