<?xml version="1.0" encoding="utf-8"?>
<outputLog>
  <ApplicationId>03e0114e-4f03-474f-a16e-57fa1d247007</ApplicationId>
  <FileLogs>
    <FileLog>
      <CorrelationId>Intent.VisualStudio.Projects.VisualStudio2015Solution#e6bdb9be-e564-44a6-9693-50a116c493b0</CorrelationId>
      <OverwriteBehaviour>always</OverwriteBehaviour>
      <ApplicationRelativeFilePath>../Intent.Modules.NET.sln</ApplicationRelativeFilePath>
      <IsIgnored>false</IsIgnored>
    </FileLog>
    <FileLog>
      <ProjectId>a46d4c9d-f9d5-40dc-8aaa-4de8f68bcd5f</ProjectId>
      <CorrelationId>Intent.ModuleBuilder.Templates.FactoryExtension#c6524b03-7bf4-4601-83e5-4c021ff882cc</CorrelationId>
      <OverwriteBehaviour>always</OverwriteBehaviour>
      <ApplicationRelativeFilePath>FactoryExtensions/MediatRControllerInstaller.cs</ApplicationRelativeFilePath>
      <ProjectRelativeFilePath>MediatRControllerInstaller.cs</ProjectRelativeFilePath>
      <IsIgnored>false</IsIgnored>
    </FileLog>
    <FileLog>
      <ProjectId>482c7ea6-b975-4cea-a0a0-7d915685568e</ProjectId>
      <CorrelationId>Intent.ModuleBuilder.IModSpecFile</CorrelationId>
      <OverwriteBehaviour>always</OverwriteBehaviour>
      <ApplicationRelativeFilePath>Intent.AspNetCore.Controllers.Dispatch.MediatR.imodspec</ApplicationRelativeFilePath>
      <ProjectRelativeFilePath>Intent.AspNetCore.Controllers.Dispatch.MediatR.imodspec</ProjectRelativeFilePath>
      <IsIgnored>false</IsIgnored>
    </FileLog>
    <FileLog>
      <ProjectId>482c7ea6-b975-4cea-a0a0-7d915685568e</ProjectId>
      <CorrelationId>Intent.VisualStudio.Projects.CoreLibrary.CSProject#482c7ea6-b975-4cea-a0a0-7d915685568e</CorrelationId>
      <OverwriteBehaviour>always</OverwriteBehaviour>
      <ApplicationRelativeFilePath>Intent.Modules.AspNetCore.Controllers.Dispatch.MediatR.csproj</ApplicationRelativeFilePath>
      <ProjectRelativeFilePath>Intent.Modules.AspNetCore.Controllers.Dispatch.MediatR.csproj</ProjectRelativeFilePath>
      <IsIgnored>true</IsIgnored>
    </FileLog>
    <FileLog>
      <ProjectId>f89aad67-cc7a-4b1f-ae46-a6796661475a</ProjectId>
      <CorrelationId>Intent.ModuleBuilder.DesignerSettings#6b40d709-b7a2-492e-83b8-c935e79c1b6e</CorrelationId>
      <OverwriteBehaviour>always</OverwriteBehaviour>
      <ApplicationRelativeFilePath>modelers/Http CQRS Extensions.designer.settings</ApplicationRelativeFilePath>
      <ProjectRelativeFilePath>Http CQRS Extensions.designer.settings</ProjectRelativeFilePath>
      <IsIgnored>false</IsIgnored>
    </FileLog>
    <FileLog>
      <ProjectId>482c7ea6-b975-4cea-a0a0-7d915685568e</ProjectId>
      <CorrelationId>Intent.ModuleBuilder.ReadMe</CorrelationId>
      <OverwriteBehaviour>always</OverwriteBehaviour>
      <ApplicationRelativeFilePath>README.txt</ApplicationRelativeFilePath>
      <ProjectRelativeFilePath>README.txt</ProjectRelativeFilePath>
      <IsIgnored>false</IsIgnored>
    </FileLog>
  </FileLogs>
</outputLog>