<?xml version="1.0" encoding="utf-8"?>
<outputLog>
  <ApplicationId>cece4e6c-f47b-4af0-8f8f-9581465e9792</ApplicationId>
  <FileLogs>
    <FileLog>
      <CorrelationId>Intent.VisualStudio.Projects.VisualStudioSolution#67bbd2be-4fe1-4309-a20b-8a9ad4720cd1</CorrelationId>
      <OverwriteBehaviour>always</OverwriteBehaviour>
      <ApplicationRelativeFilePath>../Intent.Modules.NET.sln</ApplicationRelativeFilePath>
      <IsIgnored>false</IsIgnored>
    </FileLog>
    <FileLog>
      <ProjectId>4c521b48-b619-4ce1-b177-f18cb4391bc8</ProjectId>
      <CorrelationId>Intent.ModuleBuilder.Templates.FactoryExtension#c728fd6f-1d65-4d54-96b7-b1d7c45ea647</CorrelationId>
      <OverwriteBehaviour>always</OverwriteBehaviour>
      <ApplicationRelativeFilePath>FactoryExtensions/EFRepositoryExtension.cs</ApplicationRelativeFilePath>
      <ProjectRelativeFilePath>EFRepositoryExtension.cs</ProjectRelativeFilePath>
      <IsIgnored>false</IsIgnored>
    </FileLog>
    <FileLog>
      <ProjectId>07e0ac96-6376-4f9b-bffc-6fe478595bd6</ProjectId>
      <CorrelationId>Intent.ModuleBuilder.IModSpecFile</CorrelationId>
      <OverwriteBehaviour>always</OverwriteBehaviour>
      <ApplicationRelativeFilePath>Intent.Application.AutoMapper.imodspec</ApplicationRelativeFilePath>
      <ProjectRelativeFilePath>Intent.Application.AutoMapper.imodspec</ProjectRelativeFilePath>
      <IsIgnored>false</IsIgnored>
    </FileLog>
    <FileLog>
      <ProjectId>07e0ac96-6376-4f9b-bffc-6fe478595bd6</ProjectId>
      <CorrelationId>Intent.VisualStudio.Projects.CSharpProject#07e0ac96-6376-4f9b-bffc-6fe478595bd6</CorrelationId>
      <OverwriteBehaviour>always</OverwriteBehaviour>
      <ApplicationRelativeFilePath>Intent.Modules.Application.AutoMapper.csproj</ApplicationRelativeFilePath>
      <ProjectRelativeFilePath>Intent.Modules.Application.AutoMapper.csproj</ProjectRelativeFilePath>
      <IsIgnored>false</IsIgnored>
    </FileLog>
    <FileLog>
      <ProjectId>c24e1c06-366a-4479-807c-a73b5041e8ec</ProjectId>
      <CorrelationId>Intent.ModuleBuilder.Templates.Migrations.OnInstallMigration#22ee42e7-e3e8-4d81-b1f9-1a63c224a7d6</CorrelationId>
      <OverwriteBehaviour>always</OverwriteBehaviour>
      <ApplicationRelativeFilePath>Migrations/OnInstallMigration.cs</ApplicationRelativeFilePath>
      <ProjectRelativeFilePath>OnInstallMigration.cs</ProjectRelativeFilePath>
      <IsIgnored>false</IsIgnored>
    </FileLog>
    <FileLog>
      <ProjectId>07e0ac96-6376-4f9b-bffc-6fe478595bd6</ProjectId>
      <CorrelationId>Intent.ModuleBuilder.CSharp.Templates.NugetPackages</CorrelationId>
      <OverwriteBehaviour>always</OverwriteBehaviour>
      <ApplicationRelativeFilePath>NugetPackages.cs</ApplicationRelativeFilePath>
      <ProjectRelativeFilePath>NugetPackages.cs</ProjectRelativeFilePath>
      <IsIgnored>false</IsIgnored>
    </FileLog>
    <FileLog>
      <ProjectId>2501f591-1403-4c3e-91b8-349fa0dc7ab3</ProjectId>
      <CorrelationId>Intent.ModuleBuilder.Templates.Settings.ModuleSettingsExtensions#bbd2c56f-b591-4434-ac25-2b08337570c3</CorrelationId>
      <OverwriteBehaviour>always</OverwriteBehaviour>
      <ApplicationRelativeFilePath>Settings/ModuleSettingsExtensions.cs</ApplicationRelativeFilePath>
      <ProjectRelativeFilePath>ModuleSettingsExtensions.cs</ProjectRelativeFilePath>
      <IsIgnored>false</IsIgnored>
    </FileLog>
    <FileLog>
      <ProjectId>8e21baaa-7956-4cc2-a081-579048cf9b78</ProjectId>
      <CorrelationId>Intent.ModuleBuilder.CSharp.Templates.CSharpTemplatePartial#b377226a-7824-4941-a648-cf7f14dbe267</CorrelationId>
      <OverwriteBehaviour>always</OverwriteBehaviour>
      <ApplicationRelativeFilePath>Templates/MapFromInterface/MapFromInterfaceTemplatePartial.cs</ApplicationRelativeFilePath>
      <ProjectRelativeFilePath>MapFromInterface/MapFromInterfaceTemplatePartial.cs</ProjectRelativeFilePath>
      <IsIgnored>false</IsIgnored>
    </FileLog>
    <FileLog>
      <ProjectId>8e21baaa-7956-4cc2-a081-579048cf9b78</ProjectId>
      <CorrelationId>Intent.ModuleBuilder.TemplateRegistration.SingleFileNoModel#b377226a-7824-4941-a648-cf7f14dbe267</CorrelationId>
      <OverwriteBehaviour>always</OverwriteBehaviour>
      <ApplicationRelativeFilePath>Templates/MapFromInterface/MapFromInterfaceTemplateRegistration.cs</ApplicationRelativeFilePath>
      <ProjectRelativeFilePath>MapFromInterface/MapFromInterfaceTemplateRegistration.cs</ProjectRelativeFilePath>
      <IsIgnored>false</IsIgnored>
    </FileLog>
    <FileLog>
      <ProjectId>8e21baaa-7956-4cc2-a081-579048cf9b78</ProjectId>
      <CorrelationId>Intent.ModuleBuilder.CSharp.Templates.CSharpTemplatePartial#a4bcb24d-d6b7-4955-9997-efb5a0d99aee</CorrelationId>
      <OverwriteBehaviour>always</OverwriteBehaviour>
      <ApplicationRelativeFilePath>Templates/MappingProfile/MappingProfileTemplatePartial.cs</ApplicationRelativeFilePath>
      <ProjectRelativeFilePath>MappingProfile/MappingProfileTemplatePartial.cs</ProjectRelativeFilePath>
      <IsIgnored>false</IsIgnored>
    </FileLog>
    <FileLog>
      <ProjectId>8e21baaa-7956-4cc2-a081-579048cf9b78</ProjectId>
      <CorrelationId>Intent.ModuleBuilder.TemplateRegistration.SingleFileNoModel#a4bcb24d-d6b7-4955-9997-efb5a0d99aee</CorrelationId>
      <OverwriteBehaviour>always</OverwriteBehaviour>
      <ApplicationRelativeFilePath>Templates/MappingProfile/MappingProfileTemplateRegistration.cs</ApplicationRelativeFilePath>
      <ProjectRelativeFilePath>MappingProfile/MappingProfileTemplateRegistration.cs</ProjectRelativeFilePath>
      <IsIgnored>false</IsIgnored>
    </FileLog>
    <FileLog>
      <ProjectId>8e21baaa-7956-4cc2-a081-579048cf9b78</ProjectId>
      <CorrelationId>Intent.ModuleBuilder.Templates.TemplateExtensions</CorrelationId>
      <OverwriteBehaviour>always</OverwriteBehaviour>
      <ApplicationRelativeFilePath>Templates/TemplateExtensions.cs</ApplicationRelativeFilePath>
      <ProjectRelativeFilePath>TemplateExtensions.cs</ProjectRelativeFilePath>
      <IsIgnored>true</IsIgnored>
    </FileLog>
  </FileLogs>
</outputLog>