<?xml version="1.0" encoding="utf-8"?>
<outputLog>
  <ApplicationId>f51fb36a-8aba-46a5-8c18-b9f9c8c496da</ApplicationId>
  <FileLogs>
    <FileLog>
      <CorrelationId>Intent.VisualStudio.Projects.VisualStudio2015Solution#a13cf1c6-d208-41bc-bee9-4744a637ae71</CorrelationId>
      <OverwriteBehaviour>always</OverwriteBehaviour>
      <ApplicationRelativeFilePath>../Intent.Modules.NET.sln</ApplicationRelativeFilePath>
      <IsIgnored>false</IsIgnored>
    </FileLog>
    <FileLog>
      <ProjectId>717fa29d-7c74-4ddf-9b6c-0f201d435b6a</ProjectId>
      <CorrelationId>Intent.ModuleBuilder.Templates.Api.ApiElementExtensionModel#8371ee14-a615-4fb9-ac3f-089be5ff9e26</CorrelationId>
      <OverwriteBehaviour>always</OverwriteBehaviour>
      <ApplicationRelativeFilePath>Api/FolderServiceProxyExtensionsModel.cs</ApplicationRelativeFilePath>
      <ProjectRelativeFilePath>FolderServiceProxyExtensionsModel.cs</ProjectRelativeFilePath>
      <IsIgnored>false</IsIgnored>
    </FileLog>
    <FileLog>
      <ProjectId>717fa29d-7c74-4ddf-9b6c-0f201d435b6a</ProjectId>
      <CorrelationId>Intent.ModuleBuilder.Templates.Api.ApiPackageExtensionModel#9c72073e-8988-4ff4-8126-a54f7bfda121</CorrelationId>
      <OverwriteBehaviour>always</OverwriteBehaviour>
      <ApplicationRelativeFilePath>Api/PackageServiceProxyExtensionsModel.cs</ApplicationRelativeFilePath>
      <ProjectRelativeFilePath>PackageServiceProxyExtensionsModel.cs</ProjectRelativeFilePath>
      <IsIgnored>false</IsIgnored>
    </FileLog>
    <FileLog>
      <ProjectId>717fa29d-7c74-4ddf-9b6c-0f201d435b6a</ProjectId>
      <CorrelationId>Intent.ModuleBuilder.Templates.Api.ApiElementExtensionModel#ed353532-9d48-485a-a381-2e952cf26d38</CorrelationId>
      <OverwriteBehaviour>always</OverwriteBehaviour>
      <ApplicationRelativeFilePath>Api/ServiceProxyExtensionsModel.cs</ApplicationRelativeFilePath>
      <ProjectRelativeFilePath>ServiceProxyExtensionsModel.cs</ProjectRelativeFilePath>
      <IsIgnored>false</IsIgnored>
    </FileLog>
    <FileLog>
      <ProjectId>cf3d5129-6c5f-4d97-8bd3-b6f0c5f2d29c</ProjectId>
      <CorrelationId>Intent.ModuleBuilder.IModSpecFile</CorrelationId>
      <OverwriteBehaviour>always</OverwriteBehaviour>
      <ApplicationRelativeFilePath>Intent.Blazor.HttpClients.imodspec</ApplicationRelativeFilePath>
      <ProjectRelativeFilePath>Intent.Blazor.HttpClients.imodspec</ProjectRelativeFilePath>
      <IsIgnored>false</IsIgnored>
    </FileLog>
    <FileLog>
      <ProjectId>cf3d5129-6c5f-4d97-8bd3-b6f0c5f2d29c</ProjectId>
      <CorrelationId>Intent.VisualStudio.Projects.CoreLibrary.CSProject#cf3d5129-6c5f-4d97-8bd3-b6f0c5f2d29c</CorrelationId>
      <OverwriteBehaviour>always</OverwriteBehaviour>
      <ApplicationRelativeFilePath>Intent.Modules.Blazor.HttpClients.csproj</ApplicationRelativeFilePath>
      <ProjectRelativeFilePath>Intent.Modules.Blazor.HttpClients.csproj</ProjectRelativeFilePath>
      <IsIgnored>false</IsIgnored>
    </FileLog>
    <FileLog>
      <ProjectId>9bbc9ccd-c6da-4cce-8e53-488f7ad86d62</ProjectId>
      <CorrelationId>Intent.ModuleBuilder.DesignerSettings#22e606c7-0ac5-45cc-9f31-a3026070a6ce</CorrelationId>
      <OverwriteBehaviour>always</OverwriteBehaviour>
      <ApplicationRelativeFilePath>modelers/Service Proxies Extension.designer.settings</ApplicationRelativeFilePath>
      <ProjectRelativeFilePath>Service Proxies Extension.designer.settings</ProjectRelativeFilePath>
      <IsIgnored>false</IsIgnored>
    </FileLog>
    <FileLog>
      <ProjectId>cf3d5129-6c5f-4d97-8bd3-b6f0c5f2d29c</ProjectId>
      <CorrelationId>Intent.ModuleBuilder.ReadMe</CorrelationId>
      <OverwriteBehaviour>always</OverwriteBehaviour>
      <ApplicationRelativeFilePath>README.txt</ApplicationRelativeFilePath>
      <ProjectRelativeFilePath>README.txt</ProjectRelativeFilePath>
      <IsIgnored>false</IsIgnored>
    </FileLog>
    <FileLog>
      <ProjectId>9e885a20-358a-4f12-85e8-65c50e7d2fe2</ProjectId>
      <CorrelationId>Intent.ModuleBuilder.CSharp.Templates.CSharpTemplatePartial#1914f670-b1fc-49c1-9821-3bd4038d128c</CorrelationId>
      <OverwriteBehaviour>always</OverwriteBehaviour>
      <ApplicationRelativeFilePath>Templates/DtoContract/DtoContractTemplatePartial.cs</ApplicationRelativeFilePath>
      <ProjectRelativeFilePath>DtoContract/DtoContractTemplatePartial.cs</ProjectRelativeFilePath>
      <IsIgnored>false</IsIgnored>
    </FileLog>
    <FileLog>
      <ProjectId>9e885a20-358a-4f12-85e8-65c50e7d2fe2</ProjectId>
      <CorrelationId>Intent.ModuleBuilder.TemplateRegistration.FilePerModel#1914f670-b1fc-49c1-9821-3bd4038d128c</CorrelationId>
      <OverwriteBehaviour>always</OverwriteBehaviour>
      <ApplicationRelativeFilePath>Templates/DtoContract/DtoContractTemplateRegistration.cs</ApplicationRelativeFilePath>
      <ProjectRelativeFilePath>DtoContract/DtoContractTemplateRegistration.cs</ProjectRelativeFilePath>
      <IsIgnored>false</IsIgnored>
    </FileLog>
    <FileLog>
      <ProjectId>9e885a20-358a-4f12-85e8-65c50e7d2fe2</ProjectId>
      <CorrelationId>Intent.ModuleBuilder.CSharp.Templates.CSharpStringInterpolationTemplate#6f19a4b1-651f-40da-b24a-a76b96228864</CorrelationId>
      <OverwriteBehaviour>always</OverwriteBehaviour>
      <ApplicationRelativeFilePath>Templates/EnumContract/EnumContractTemplate.cs</ApplicationRelativeFilePath>
      <ProjectRelativeFilePath>EnumContract/EnumContractTemplate.cs</ProjectRelativeFilePath>
      <IsIgnored>false</IsIgnored>
    </FileLog>
    <FileLog>
      <ProjectId>9e885a20-358a-4f12-85e8-65c50e7d2fe2</ProjectId>
      <CorrelationId>Intent.ModuleBuilder.CSharp.Templates.CSharpTemplatePartial#6f19a4b1-651f-40da-b24a-a76b96228864</CorrelationId>
      <OverwriteBehaviour>always</OverwriteBehaviour>
      <ApplicationRelativeFilePath>Templates/EnumContract/EnumContractTemplatePartial.cs</ApplicationRelativeFilePath>
      <ProjectRelativeFilePath>EnumContract/EnumContractTemplatePartial.cs</ProjectRelativeFilePath>
      <IsIgnored>false</IsIgnored>
    </FileLog>
    <FileLog>
      <ProjectId>9e885a20-358a-4f12-85e8-65c50e7d2fe2</ProjectId>
      <CorrelationId>Intent.ModuleBuilder.TemplateRegistration.FilePerModel#6f19a4b1-651f-40da-b24a-a76b96228864</CorrelationId>
      <OverwriteBehaviour>always</OverwriteBehaviour>
      <ApplicationRelativeFilePath>Templates/EnumContract/EnumContractTemplateRegistration.cs</ApplicationRelativeFilePath>
      <ProjectRelativeFilePath>EnumContract/EnumContractTemplateRegistration.cs</ProjectRelativeFilePath>
      <IsIgnored>false</IsIgnored>
    </FileLog>
    <FileLog>
      <ProjectId>9e885a20-358a-4f12-85e8-65c50e7d2fe2</ProjectId>
      <CorrelationId>Intent.ModuleBuilder.CSharp.Templates.CSharpTemplatePartial#f9eac68b-92fa-42be-b77f-d86812e42d83</CorrelationId>
      <OverwriteBehaviour>always</OverwriteBehaviour>
      <ApplicationRelativeFilePath>Templates/HttpClient/HttpClientTemplatePartial.cs</ApplicationRelativeFilePath>
      <ProjectRelativeFilePath>HttpClient/HttpClientTemplatePartial.cs</ProjectRelativeFilePath>
      <IsIgnored>false</IsIgnored>
    </FileLog>
    <FileLog>
      <ProjectId>9e885a20-358a-4f12-85e8-65c50e7d2fe2</ProjectId>
      <CorrelationId>Intent.ModuleBuilder.TemplateRegistration.FilePerModel#f9eac68b-92fa-42be-b77f-d86812e42d83</CorrelationId>
      <OverwriteBehaviour>always</OverwriteBehaviour>
      <ApplicationRelativeFilePath>Templates/HttpClient/HttpClientTemplateRegistration.cs</ApplicationRelativeFilePath>
      <ProjectRelativeFilePath>HttpClient/HttpClientTemplateRegistration.cs</ProjectRelativeFilePath>
      <IsIgnored>false</IsIgnored>
    </FileLog>
    <FileLog>
      <ProjectId>9e885a20-358a-4f12-85e8-65c50e7d2fe2</ProjectId>
      <CorrelationId>Intent.ModuleBuilder.CSharp.Templates.CSharpTemplate.T4Template.PreProcessed#dc09e8b0-3fa3-48f5-9c9a-12378dce269e</CorrelationId>
      <OverwriteBehaviour>always</OverwriteBehaviour>
      <ApplicationRelativeFilePath>Templates/HttpClientConfiguration/HttpClientConfigurationTemplate.cs</ApplicationRelativeFilePath>
      <ProjectRelativeFilePath>HttpClientConfiguration/HttpClientConfigurationTemplate.cs</ProjectRelativeFilePath>
      <IsIgnored>false</IsIgnored>
    </FileLog>
    <FileLog>
      <ProjectId>9e885a20-358a-4f12-85e8-65c50e7d2fe2</ProjectId>
      <CorrelationId>Intent.ModuleBuilder.CSharp.Templates.CSharpT4Template#dc09e8b0-3fa3-48f5-9c9a-12378dce269e</CorrelationId>
      <OverwriteBehaviour>always</OverwriteBehaviour>
      <ApplicationRelativeFilePath>Templates/HttpClientConfiguration/HttpClientConfigurationTemplate.tt</ApplicationRelativeFilePath>
      <ProjectRelativeFilePath>HttpClientConfiguration/HttpClientConfigurationTemplate.tt</ProjectRelativeFilePath>
      <IsIgnored>false</IsIgnored>
    </FileLog>
    <FileLog>
      <ProjectId>9e885a20-358a-4f12-85e8-65c50e7d2fe2</ProjectId>
      <CorrelationId>Intent.ModuleBuilder.CSharp.Templates.CSharpTemplatePartial#dc09e8b0-3fa3-48f5-9c9a-12378dce269e</CorrelationId>
      <OverwriteBehaviour>always</OverwriteBehaviour>
      <ApplicationRelativeFilePath>Templates/HttpClientConfiguration/HttpClientConfigurationTemplatePartial.cs</ApplicationRelativeFilePath>
      <ProjectRelativeFilePath>HttpClientConfiguration/HttpClientConfigurationTemplatePartial.cs</ProjectRelativeFilePath>
      <IsIgnored>false</IsIgnored>
    </FileLog>
    <FileLog>
      <ProjectId>9e885a20-358a-4f12-85e8-65c50e7d2fe2</ProjectId>
      <CorrelationId>Intent.ModuleBuilder.TemplateRegistration.SingleFileListModel#dc09e8b0-3fa3-48f5-9c9a-12378dce269e</CorrelationId>
      <OverwriteBehaviour>always</OverwriteBehaviour>
      <ApplicationRelativeFilePath>Templates/HttpClientConfiguration/HttpClientConfigurationTemplateRegistration.cs</ApplicationRelativeFilePath>
      <ProjectRelativeFilePath>HttpClientConfiguration/HttpClientConfigurationTemplateRegistration.cs</ProjectRelativeFilePath>
      <IsIgnored>false</IsIgnored>
    </FileLog>
    <FileLog>
      <ProjectId>9e885a20-358a-4f12-85e8-65c50e7d2fe2</ProjectId>
      <CorrelationId>Intent.ModuleBuilder.CSharp.Templates.CSharpTemplatePartial#3986d9ae-05f9-4329-98b6-c8a0e67f7c4b</CorrelationId>
      <OverwriteBehaviour>always</OverwriteBehaviour>
      <ApplicationRelativeFilePath>Templates/HttpClientRequestException/HttpClientRequestExceptionTemplatePartial.cs</ApplicationRelativeFilePath>
      <ProjectRelativeFilePath>HttpClientRequestException/HttpClientRequestExceptionTemplatePartial.cs</ProjectRelativeFilePath>
      <IsIgnored>false</IsIgnored>
    </FileLog>
    <FileLog>
      <ProjectId>9e885a20-358a-4f12-85e8-65c50e7d2fe2</ProjectId>
      <CorrelationId>Intent.ModuleBuilder.TemplateRegistration.SingleFileNoModel#3986d9ae-05f9-4329-98b6-c8a0e67f7c4b</CorrelationId>
      <OverwriteBehaviour>always</OverwriteBehaviour>
      <ApplicationRelativeFilePath>Templates/HttpClientRequestException/HttpClientRequestExceptionTemplateRegistration.cs</ApplicationRelativeFilePath>
      <ProjectRelativeFilePath>HttpClientRequestException/HttpClientRequestExceptionTemplateRegistration.cs</ProjectRelativeFilePath>
      <IsIgnored>false</IsIgnored>
    </FileLog>
    <FileLog>
      <ProjectId>9e885a20-358a-4f12-85e8-65c50e7d2fe2</ProjectId>
      <CorrelationId>Intent.ModuleBuilder.CSharp.Templates.CSharpTemplatePartial#026e4511-da6e-495a-91b8-5fc30e46db22</CorrelationId>
      <OverwriteBehaviour>always</OverwriteBehaviour>
      <ApplicationRelativeFilePath>Templates/JsonResponse/JsonResponseTemplatePartial.cs</ApplicationRelativeFilePath>
      <ProjectRelativeFilePath>JsonResponse/JsonResponseTemplatePartial.cs</ProjectRelativeFilePath>
      <IsIgnored>false</IsIgnored>
    </FileLog>
    <FileLog>
      <ProjectId>9e885a20-358a-4f12-85e8-65c50e7d2fe2</ProjectId>
      <CorrelationId>Intent.ModuleBuilder.TemplateRegistration.SingleFileNoModel#026e4511-da6e-495a-91b8-5fc30e46db22</CorrelationId>
      <OverwriteBehaviour>always</OverwriteBehaviour>
      <ApplicationRelativeFilePath>Templates/JsonResponse/JsonResponseTemplateRegistration.cs</ApplicationRelativeFilePath>
      <ProjectRelativeFilePath>JsonResponse/JsonResponseTemplateRegistration.cs</ProjectRelativeFilePath>
      <IsIgnored>false</IsIgnored>
    </FileLog>
    <FileLog>
      <ProjectId>9e885a20-358a-4f12-85e8-65c50e7d2fe2</ProjectId>
      <CorrelationId>Intent.ModuleBuilder.CSharp.Templates.CSharpTemplatePartial#25beaf48-777a-4ccd-bd1c-7c64df00b41d</CorrelationId>
      <OverwriteBehaviour>always</OverwriteBehaviour>
      <ApplicationRelativeFilePath>Templates/ServiceContract/ServiceContractTemplatePartial.cs</ApplicationRelativeFilePath>
      <ProjectRelativeFilePath>ServiceContract/ServiceContractTemplatePartial.cs</ProjectRelativeFilePath>
      <IsIgnored>false</IsIgnored>
    </FileLog>
    <FileLog>
      <ProjectId>9e885a20-358a-4f12-85e8-65c50e7d2fe2</ProjectId>
      <CorrelationId>Intent.ModuleBuilder.TemplateRegistration.FilePerModel#25beaf48-777a-4ccd-bd1c-7c64df00b41d</CorrelationId>
      <OverwriteBehaviour>always</OverwriteBehaviour>
      <ApplicationRelativeFilePath>Templates/ServiceContract/ServiceContractTemplateRegistration.cs</ApplicationRelativeFilePath>
      <ProjectRelativeFilePath>ServiceContract/ServiceContractTemplateRegistration.cs</ProjectRelativeFilePath>
      <IsIgnored>false</IsIgnored>
    </FileLog>
    <FileLog>
      <ProjectId>9e885a20-358a-4f12-85e8-65c50e7d2fe2</ProjectId>
      <CorrelationId>Intent.ModuleBuilder.Templates.TemplateExtensions</CorrelationId>
      <OverwriteBehaviour>always</OverwriteBehaviour>
      <ApplicationRelativeFilePath>Templates/TemplateExtensions.cs</ApplicationRelativeFilePath>
      <ProjectRelativeFilePath>TemplateExtensions.cs</ProjectRelativeFilePath>
      <IsIgnored>false</IsIgnored>
    </FileLog>
  </FileLogs>
</outputLog>