<?xml version="1.0" encoding="utf-8"?>
<outputLog>
  <ApplicationId>04bdf667-67c6-44b6-abd6-11cc0d134e4a</ApplicationId>
  <FileLogs>
    <FileLog>
      <CorrelationId>Intent.VisualStudio.Projects.VisualStudioSolution#eea64480-14c2-4ca7-8666-aac7a2d6ced1</CorrelationId>
      <OverwriteBehaviour>always</OverwriteBehaviour>
      <ApplicationRelativeFilePath>../Intent.Modules.NET.sln</ApplicationRelativeFilePath>
      <IsIgnored>false</IsIgnored>
    </FileLog>
    <FileLog>
      <ProjectId>7fd68940-2b43-492d-bfb0-e37982918d79</ProjectId>
      <CorrelationId>Intent.ModuleBuilder.IModSpecFile</CorrelationId>
      <OverwriteBehaviour>always</OverwriteBehaviour>
      <ApplicationRelativeFilePath>Intent.Blazor.Components.Core.imodspec</ApplicationRelativeFilePath>
      <ProjectRelativeFilePath>Intent.Blazor.Components.Core.imodspec</ProjectRelativeFilePath>
      <IsIgnored>false</IsIgnored>
    </FileLog>
    <FileLog>
      <ProjectId>7fd68940-2b43-492d-bfb0-e37982918d79</ProjectId>
      <CorrelationId>Intent.VisualStudio.Projects.CSharpProject#7fd68940-2b43-492d-bfb0-e37982918d79</CorrelationId>
      <OverwriteBehaviour>always</OverwriteBehaviour>
      <ApplicationRelativeFilePath>Intent.Modules.Blazor.Components.Core.csproj</ApplicationRelativeFilePath>
      <ProjectRelativeFilePath>Intent.Modules.Blazor.Components.Core.csproj</ProjectRelativeFilePath>
      <IsIgnored>false</IsIgnored>
    </FileLog>
    <FileLog>
      <ProjectId>3d836e70-ed10-4e4c-9667-0cdb3e1321ab</ProjectId>
      <CorrelationId>Intent.ModuleBuilder.Templates.FileTemplateStringInterpolation#7f9ebfb0-13fc-4f33-9dae-a76b003d5d3e</CorrelationId>
      <OverwriteBehaviour>always</OverwriteBehaviour>
      <ApplicationRelativeFilePath>Templates/RazorComponent/RazorComponentTemplate.cs</ApplicationRelativeFilePath>
      <ProjectRelativeFilePath>RazorComponent/RazorComponentTemplate.cs</ProjectRelativeFilePath>
      <IsIgnored>true</IsIgnored>
    </FileLog>
    <FileLog>
      <ProjectId>3d836e70-ed10-4e4c-9667-0cdb3e1321ab</ProjectId>
      <CorrelationId>Intent.ModuleBuilder.ProjectItemTemplate.Partial#7f9ebfb0-13fc-4f33-9dae-a76b003d5d3e</CorrelationId>
      <OverwriteBehaviour>always</OverwriteBehaviour>
      <ApplicationRelativeFilePath>Templates/RazorComponent/RazorComponentTemplatePartial.cs</ApplicationRelativeFilePath>
      <ProjectRelativeFilePath>RazorComponent/RazorComponentTemplatePartial.cs</ProjectRelativeFilePath>
      <IsIgnored>true</IsIgnored>
    </FileLog>
    <FileLog>
      <ProjectId>3d836e70-ed10-4e4c-9667-0cdb3e1321ab</ProjectId>
      <CorrelationId>Intent.ModuleBuilder.TemplateRegistration.FilePerModel#7f9ebfb0-13fc-4f33-9dae-a76b003d5d3e</CorrelationId>
      <OverwriteBehaviour>always</OverwriteBehaviour>
      <ApplicationRelativeFilePath>Templates/RazorComponent/RazorComponentTemplateRegistration.cs</ApplicationRelativeFilePath>
      <ProjectRelativeFilePath>RazorComponent/RazorComponentTemplateRegistration.cs</ProjectRelativeFilePath>
      <IsIgnored>false</IsIgnored>
    </FileLog>
  </FileLogs>
</outputLog>