<?xml version="1.0" encoding="utf-8"?>
<outputLog>
  <ApplicationId>4e255eb0-077f-43e9-a3ff-0fcdfb027119</ApplicationId>
  <FileLogs>
    <FileLog>
      <CorrelationId>Intent.VisualStudio.Projects.VisualStudioSolution#5ac020a3-a9b8-4986-bd9c-7e53f1b41c36</CorrelationId>
      <OverwriteBehaviour>always</OverwriteBehaviour>
      <ApplicationRelativeFilePath>../Intent.Modules.NET.sln</ApplicationRelativeFilePath>
      <IsIgnored>false</IsIgnored>
    </FileLog>
    <FileLog>
      <ProjectId>91e6227b-e7b3-41cb-918a-72775204e1b2</ProjectId>
      <CorrelationId>Intent.ModuleBuilder.Templates.FactoryExtension#2d76791c-4815-45d3-bae7-e02335209228</CorrelationId>
      <OverwriteBehaviour>always</OverwriteBehaviour>
      <ApplicationRelativeFilePath>FactoryExtensions/MetadataLoaderExtension.cs</ApplicationRelativeFilePath>
      <ProjectRelativeFilePath>MetadataLoaderExtension.cs</ProjectRelativeFilePath>
      <IsIgnored>false</IsIgnored>
    </FileLog>
    <FileLog>
      <ProjectId>76452c1d-da77-4b8e-a5c2-b8b3a1a315ba</ProjectId>
      <CorrelationId>Intent.ModuleBuilder.IModSpecFile</CorrelationId>
      <OverwriteBehaviour>always</OverwriteBehaviour>
      <ApplicationRelativeFilePath>Intent.IaC.Terraform.imodspec</ApplicationRelativeFilePath>
      <ProjectRelativeFilePath>Intent.IaC.Terraform.imodspec</ProjectRelativeFilePath>
      <IsIgnored>false</IsIgnored>
    </FileLog>
    <FileLog>
      <ProjectId>76452c1d-da77-4b8e-a5c2-b8b3a1a315ba</ProjectId>
      <CorrelationId>Intent.VisualStudio.Projects.CSharpProject#76452c1d-da77-4b8e-a5c2-b8b3a1a315ba</CorrelationId>
      <OverwriteBehaviour>always</OverwriteBehaviour>
      <ApplicationRelativeFilePath>Intent.Modules.IaC.Terraform.csproj</ApplicationRelativeFilePath>
      <ProjectRelativeFilePath>Intent.Modules.IaC.Terraform.csproj</ProjectRelativeFilePath>
      <IsIgnored>false</IsIgnored>
    </FileLog>
    <FileLog>
      <ProjectId>76452c1d-da77-4b8e-a5c2-b8b3a1a315ba</ProjectId>
      <CorrelationId>Intent.ModuleBuilder.Templates.ReleaseNotes</CorrelationId>
      <OverwriteBehaviour>once-off</OverwriteBehaviour>
      <ApplicationRelativeFilePath>release-notes.md</ApplicationRelativeFilePath>
      <ProjectRelativeFilePath>release-notes.md</ProjectRelativeFilePath>
      <IsIgnored>false</IsIgnored>
    </FileLog>
    <FileLog>
      <ProjectId>35d59cfd-0fe9-4747-9c51-05dcd919cc12</ProjectId>
      <CorrelationId>Intent.ModuleBuilder.ProjectItemTemplate.Partial#e285dfdd-34ff-4b2c-a69e-7374051cd1e2</CorrelationId>
      <OverwriteBehaviour>always</OverwriteBehaviour>
      <ApplicationRelativeFilePath>Templates/Applications/AzureEventGridResourcesTf/AzureEventGridResourcesTfTemplatePartial.cs</ApplicationRelativeFilePath>
      <ProjectRelativeFilePath>Applications/AzureEventGridResourcesTf/AzureEventGridResourcesTfTemplatePartial.cs</ProjectRelativeFilePath>
      <IsIgnored>false</IsIgnored>
    </FileLog>
    <FileLog>
      <ProjectId>35d59cfd-0fe9-4747-9c51-05dcd919cc12</ProjectId>
      <CorrelationId>Intent.ModuleBuilder.TemplateRegistration.SingleFileNoModel#e285dfdd-34ff-4b2c-a69e-7374051cd1e2</CorrelationId>
      <OverwriteBehaviour>always</OverwriteBehaviour>
      <ApplicationRelativeFilePath>Templates/Applications/AzureEventGridResourcesTf/AzureEventGridResourcesTfTemplateRegistration.cs</ApplicationRelativeFilePath>
      <ProjectRelativeFilePath>Applications/AzureEventGridResourcesTf/AzureEventGridResourcesTfTemplateRegistration.cs</ProjectRelativeFilePath>
      <IsIgnored>false</IsIgnored>
    </FileLog>
    <FileLog>
      <ProjectId>35d59cfd-0fe9-4747-9c51-05dcd919cc12</ProjectId>
      <CorrelationId>Intent.ModuleBuilder.ProjectItemTemplate.Partial#7b2b5228-48da-4289-a5d0-fa7bb1cf95e9</CorrelationId>
      <OverwriteBehaviour>always</OverwriteBehaviour>
      <ApplicationRelativeFilePath>Templates/Applications/AzureFunctionAppTf/AzureFunctionAppTfTemplatePartial.cs</ApplicationRelativeFilePath>
      <ProjectRelativeFilePath>Applications/AzureFunctionAppTf/AzureFunctionAppTfTemplatePartial.cs</ProjectRelativeFilePath>
      <IsIgnored>false</IsIgnored>
    </FileLog>
    <FileLog>
      <ProjectId>35d59cfd-0fe9-4747-9c51-05dcd919cc12</ProjectId>
      <CorrelationId>Intent.ModuleBuilder.TemplateRegistration.Custom#7b2b5228-48da-4289-a5d0-fa7bb1cf95e9</CorrelationId>
      <OverwriteBehaviour>always</OverwriteBehaviour>
      <ApplicationRelativeFilePath>Templates/Applications/AzureFunctionAppTf/AzureFunctionAppTfTemplateRegistration.cs</ApplicationRelativeFilePath>
      <ProjectRelativeFilePath>Applications/AzureFunctionAppTf/AzureFunctionAppTfTemplateRegistration.cs</ProjectRelativeFilePath>
      <IsIgnored>false</IsIgnored>
    </FileLog>
    <FileLog>
      <ProjectId>35d59cfd-0fe9-4747-9c51-05dcd919cc12</ProjectId>
      <CorrelationId>Intent.ModuleBuilder.ProjectItemTemplate.Partial#ff58621f-ee16-4ee2-b91e-43289c85906d</CorrelationId>
      <OverwriteBehaviour>always</OverwriteBehaviour>
      <ApplicationRelativeFilePath>Templates/Applications/AzureMainTf/AzureMainTfTemplatePartial.cs</ApplicationRelativeFilePath>
      <ProjectRelativeFilePath>Applications/AzureMainTf/AzureMainTfTemplatePartial.cs</ProjectRelativeFilePath>
      <IsIgnored>false</IsIgnored>
    </FileLog>
    <FileLog>
      <ProjectId>35d59cfd-0fe9-4747-9c51-05dcd919cc12</ProjectId>
      <CorrelationId>Intent.ModuleBuilder.TemplateRegistration.SingleFileNoModel#ff58621f-ee16-4ee2-b91e-43289c85906d</CorrelationId>
      <OverwriteBehaviour>always</OverwriteBehaviour>
      <ApplicationRelativeFilePath>Templates/Applications/AzureMainTf/AzureMainTfTemplateRegistration.cs</ApplicationRelativeFilePath>
      <ProjectRelativeFilePath>Applications/AzureMainTf/AzureMainTfTemplateRegistration.cs</ProjectRelativeFilePath>
      <IsIgnored>false</IsIgnored>
    </FileLog>
    <FileLog>
      <ProjectId>35d59cfd-0fe9-4747-9c51-05dcd919cc12</ProjectId>
      <CorrelationId>Intent.ModuleBuilder.ProjectItemTemplate.Partial#c8b8221e-293c-4a95-8dba-cb6fa61990cc</CorrelationId>
      <OverwriteBehaviour>always</OverwriteBehaviour>
      <ApplicationRelativeFilePath>Templates/Applications/AzureServiceBusResourcesTf/AzureServiceBusResourcesTfTemplatePartial.cs</ApplicationRelativeFilePath>
      <ProjectRelativeFilePath>Applications/AzureServiceBusResourcesTf/AzureServiceBusResourcesTfTemplatePartial.cs</ProjectRelativeFilePath>
      <IsIgnored>false</IsIgnored>
    </FileLog>
    <FileLog>
      <ProjectId>35d59cfd-0fe9-4747-9c51-05dcd919cc12</ProjectId>
      <CorrelationId>Intent.ModuleBuilder.TemplateRegistration.SingleFileNoModel#c8b8221e-293c-4a95-8dba-cb6fa61990cc</CorrelationId>
      <OverwriteBehaviour>always</OverwriteBehaviour>
      <ApplicationRelativeFilePath>Templates/Applications/AzureServiceBusResourcesTf/AzureServiceBusResourcesTfTemplateRegistration.cs</ApplicationRelativeFilePath>
      <ProjectRelativeFilePath>Applications/AzureServiceBusResourcesTf/AzureServiceBusResourcesTfTemplateRegistration.cs</ProjectRelativeFilePath>
      <IsIgnored>false</IsIgnored>
    </FileLog>
    <FileLog>
      <ProjectId>35d59cfd-0fe9-4747-9c51-05dcd919cc12</ProjectId>
      <CorrelationId>Intent.ModuleBuilder.ProjectItemTemplate.Partial#4877aace-a09b-4fdc-b495-26308c0d44db</CorrelationId>
      <OverwriteBehaviour>always</OverwriteBehaviour>
      <ApplicationRelativeFilePath>Templates/Subscriptions/AzureEventGridTf/AzureEventGridTfTemplatePartial.cs</ApplicationRelativeFilePath>
      <ProjectRelativeFilePath>Subscriptions/AzureEventGridTf/AzureEventGridTfTemplatePartial.cs</ProjectRelativeFilePath>
      <IsIgnored>false</IsIgnored>
    </FileLog>
    <FileLog>
      <ProjectId>35d59cfd-0fe9-4747-9c51-05dcd919cc12</ProjectId>
      <CorrelationId>Intent.ModuleBuilder.TemplateRegistration.Custom#4877aace-a09b-4fdc-b495-26308c0d44db</CorrelationId>
      <OverwriteBehaviour>always</OverwriteBehaviour>
      <ApplicationRelativeFilePath>Templates/Subscriptions/AzureEventGridTf/AzureEventGridTfTemplateRegistration.cs</ApplicationRelativeFilePath>
      <ProjectRelativeFilePath>Subscriptions/AzureEventGridTf/AzureEventGridTfTemplateRegistration.cs</ProjectRelativeFilePath>
      <IsIgnored>false</IsIgnored>
    </FileLog>
    <FileLog>
      <ProjectId>35d59cfd-0fe9-4747-9c51-05dcd919cc12</ProjectId>
      <CorrelationId>Intent.ModuleBuilder.ProjectItemTemplate.Partial#2c864c3b-b1c7-40ac-83af-150a3cf9fb95</CorrelationId>
      <OverwriteBehaviour>always</OverwriteBehaviour>
      <ApplicationRelativeFilePath>Templates/Subscriptions/AzureMainTf/AzureMainTfTemplatePartial.cs</ApplicationRelativeFilePath>
      <ProjectRelativeFilePath>Subscriptions/AzureMainTf/AzureMainTfTemplatePartial.cs</ProjectRelativeFilePath>
      <IsIgnored>false</IsIgnored>
    </FileLog>
    <FileLog>
      <ProjectId>35d59cfd-0fe9-4747-9c51-05dcd919cc12</ProjectId>
      <CorrelationId>Intent.ModuleBuilder.TemplateRegistration.SingleFileNoModel#2c864c3b-b1c7-40ac-83af-150a3cf9fb95</CorrelationId>
      <OverwriteBehaviour>always</OverwriteBehaviour>
      <ApplicationRelativeFilePath>Templates/Subscriptions/AzureMainTf/AzureMainTfTemplateRegistration.cs</ApplicationRelativeFilePath>
      <ProjectRelativeFilePath>Subscriptions/AzureMainTf/AzureMainTfTemplateRegistration.cs</ProjectRelativeFilePath>
      <IsIgnored>false</IsIgnored>
    </FileLog>
  </FileLogs>
</outputLog>