<?xml version="1.0" encoding="utf-8"?>
<outputLog>
  <ApplicationId>a9b4b39d-2b2e-4212-89c9-e639f7219900</ApplicationId>
  <FileLogs>
    <FileLog>
      <ProjectId>36026c75-488f-47ee-91e0-3eaadf3710ba</ProjectId>
      <CorrelationId>Intent.ModuleBuilder.Templates.FactoryExtension#481d4ab4-8b86-45fb-b1d3-b9cf9f2d5459</CorrelationId>
      <OverwriteBehaviour>always</OverwriteBehaviour>
      <ApplicationRelativeFilePath>../../Intent.Modules.AzureFunctions.Dispatch.MediatR/FactoryExtensions/AzureFunctionsMediatRDispatchInstaller.cs</ApplicationRelativeFilePath>
      <ProjectRelativeFilePath>AzureFunctionsMediatRDispatchInstaller.cs</ProjectRelativeFilePath>
      <IsIgnored>false</IsIgnored>
    </FileLog>
    <FileLog>
      <ProjectId>f906b59c-4dfe-4f6e-8366-e3254c358e62</ProjectId>
      <CorrelationId>Intent.ModuleBuilder.IModSpecFile</CorrelationId>
      <OverwriteBehaviour>always</OverwriteBehaviour>
      <ApplicationRelativeFilePath>../../Intent.Modules.AzureFunctions.Dispatch.MediatR/Intent.AzureFunctions.Dispatch.MediatR.imodspec</ApplicationRelativeFilePath>
      <ProjectRelativeFilePath>Intent.AzureFunctions.Dispatch.MediatR.imodspec</ProjectRelativeFilePath>
      <IsIgnored>false</IsIgnored>
    </FileLog>
    <FileLog>
      <ProjectId>f906b59c-4dfe-4f6e-8366-e3254c358e62</ProjectId>
      <CorrelationId>Intent.VisualStudio.Projects.CoreLibrary.CSProject#f906b59c-4dfe-4f6e-8366-e3254c358e62</CorrelationId>
      <OverwriteBehaviour>always</OverwriteBehaviour>
      <ApplicationRelativeFilePath>../../Intent.Modules.AzureFunctions.Dispatch.MediatR/Intent.Modules.AzureFunctions.Dispatch.MediatR.csproj</ApplicationRelativeFilePath>
      <ProjectRelativeFilePath>Intent.Modules.AzureFunctions.Dispatch.MediatR.csproj</ProjectRelativeFilePath>
      <IsIgnored>false</IsIgnored>
    </FileLog>
    <FileLog>
      <ProjectId>f906b59c-4dfe-4f6e-8366-e3254c358e62</ProjectId>
      <CorrelationId>Intent.ModuleBuilder.ReadMe</CorrelationId>
      <OverwriteBehaviour>always</OverwriteBehaviour>
      <ApplicationRelativeFilePath>../../Intent.Modules.AzureFunctions.Dispatch.MediatR/README.txt</ApplicationRelativeFilePath>
      <ProjectRelativeFilePath>README.txt</ProjectRelativeFilePath>
      <IsIgnored>false</IsIgnored>
    </FileLog>
    <FileLog>
      <CorrelationId>Intent.VisualStudio.Projects.VisualStudio2015Solution#3ef86b46-3e35-473f-8e73-306fe57af8b5</CorrelationId>
      <OverwriteBehaviour>always</OverwriteBehaviour>
      <ApplicationRelativeFilePath>../../Intent.Modules.NET.sln</ApplicationRelativeFilePath>
      <IsIgnored>false</IsIgnored>
    </FileLog>
  </FileLogs>
</outputLog>