<?xml version="1.0" encoding="utf-8"?>
<outputLog>
  <ApplicationId>78c253bf-6722-4fe4-bdbf-4c5b1621e503</ApplicationId>
  <FileLogs>
    <FileLog>
      <CorrelationId>Intent.VisualStudio.Projects.VisualStudio2015Solution#4685f5d1-f6a9-4abb-b5f9-77f4f39f2418</CorrelationId>
      <OverwriteBehaviour>always</OverwriteBehaviour>
      <ApplicationRelativeFilePath>../Intent.Modules.NET.sln</ApplicationRelativeFilePath>
      <IsIgnored>false</IsIgnored>
    </FileLog>
    <FileLog>
      <ProjectId>4a68c2e3-e099-4a1f-b58b-1235a1d0de0d</ProjectId>
      <CorrelationId>Intent.ModuleBuilder.Templates.Api.ApiElementExtensionModel#41a92724-86f2-42e0-99bb-c962b93b6205</CorrelationId>
      <OverwriteBehaviour>always</OverwriteBehaviour>
      <ApplicationRelativeFilePath>Api/OperationExtensionModel.cs</ApplicationRelativeFilePath>
      <ProjectRelativeFilePath>OperationExtensionModel.cs</ProjectRelativeFilePath>
      <IsIgnored>false</IsIgnored>
    </FileLog>
    <FileLog>
      <ProjectId>4a68c2e3-e099-4a1f-b58b-1235a1d0de0d</ProjectId>
      <CorrelationId>Intent.ModuleBuilder.Templates.Api.ApiElementExtensionModel#0d448bde-26da-4fac-b114-b843db7620fc</CorrelationId>
      <OverwriteBehaviour>always</OverwriteBehaviour>
      <ApplicationRelativeFilePath>Api/ServiceExtensionModel.cs</ApplicationRelativeFilePath>
      <ProjectRelativeFilePath>ServiceExtensionModel.cs</ProjectRelativeFilePath>
      <IsIgnored>false</IsIgnored>
    </FileLog>
    <FileLog>
      <ProjectId>68bf8509-7086-4a6d-9070-431029df885b</ProjectId>
      <CorrelationId>Intent.ModuleBuilder.Templates.FactoryExtension#a8b4e010-c671-4ec3-991a-1af06278768c</CorrelationId>
      <OverwriteBehaviour>always</OverwriteBehaviour>
      <ApplicationRelativeFilePath>FactoryExtensions/ServiceContractControllerInstaller.cs</ApplicationRelativeFilePath>
      <ProjectRelativeFilePath>ServiceContractControllerInstaller.cs</ProjectRelativeFilePath>
      <IsIgnored>false</IsIgnored>
    </FileLog>
    <FileLog>
      <ProjectId>99e1b9d5-0149-4ce6-90a9-de13b21590cf</ProjectId>
      <CorrelationId>Intent.ModuleBuilder.IModSpecFile</CorrelationId>
      <OverwriteBehaviour>always</OverwriteBehaviour>
      <ApplicationRelativeFilePath>Intent.AspNetCore.Controllers.Dispatch.ServiceContract.imodspec</ApplicationRelativeFilePath>
      <ProjectRelativeFilePath>Intent.AspNetCore.Controllers.Dispatch.ServiceContract.imodspec</ProjectRelativeFilePath>
      <IsIgnored>false</IsIgnored>
    </FileLog>
    <FileLog>
      <ProjectId>99e1b9d5-0149-4ce6-90a9-de13b21590cf</ProjectId>
      <CorrelationId>Intent.VisualStudio.Projects.CoreLibrary.CSProject#99e1b9d5-0149-4ce6-90a9-de13b21590cf</CorrelationId>
      <OverwriteBehaviour>always</OverwriteBehaviour>
      <ApplicationRelativeFilePath>Intent.Modules.AspNetCore.Controllers.Dispatch.ServiceContract.csproj</ApplicationRelativeFilePath>
      <ProjectRelativeFilePath>Intent.Modules.AspNetCore.Controllers.Dispatch.ServiceContract.csproj</ProjectRelativeFilePath>
      <IsIgnored>false</IsIgnored>
    </FileLog>
    <FileLog>
      <ProjectId>4cacee9b-e412-4d91-aa83-4185973f358b</ProjectId>
      <CorrelationId>Intent.ModuleBuilder.DesignerSettings#04e6856c-aba0-4a86-ba9c-f27a724383d7</CorrelationId>
      <OverwriteBehaviour>always</OverwriteBehaviour>
      <ApplicationRelativeFilePath>modelers/Http CQRS Extensions.designer.settings</ApplicationRelativeFilePath>
      <ProjectRelativeFilePath>Http CQRS Extensions.designer.settings</ProjectRelativeFilePath>
      <IsIgnored>false</IsIgnored>
    </FileLog>
    <FileLog>
      <ProjectId>99e1b9d5-0149-4ce6-90a9-de13b21590cf</ProjectId>
      <CorrelationId>Intent.ModuleBuilder.ReadMe</CorrelationId>
      <OverwriteBehaviour>always</OverwriteBehaviour>
      <ApplicationRelativeFilePath>README.txt</ApplicationRelativeFilePath>
      <ProjectRelativeFilePath>README.txt</ProjectRelativeFilePath>
      <IsIgnored>false</IsIgnored>
    </FileLog>
  </FileLogs>
</outputLog>