<?xml version="1.0" encoding="utf-8"?>
<outputLog>
  <ApplicationId>ad79943a-b771-42b0-9563-9e01f7ea2dbc</ApplicationId>
  <FileLogs>
    <FileLog>
      <ProjectId>341f2475-429b-48fd-aaaa-3748947e6633</ProjectId>
      <CorrelationId>Intent.ModuleBuilder.Templates.Api.ApiElementModel#FFD54A85-9362-48AC-B646-C93AB9AC63D2</CorrelationId>
      <ApplicationRelativeFilePath>Api/ASPNETCoreWebApplicationModel.cs</ApplicationRelativeFilePath>
      <ProjectRelativeFilePath>ASPNETCoreWebApplicationModel.cs</ProjectRelativeFilePath>
      <IsIgnored>false</IsIgnored>
    </FileLog>
    <FileLog>
      <ProjectId>341f2475-429b-48fd-aaaa-3748947e6633</ProjectId>
      <CorrelationId>Intent.ModuleBuilder.Templates.Api.ApiElementModel#8AF747CF-58F0-449C-8B95-46080FEFC8C0</CorrelationId>
      <ApplicationRelativeFilePath>Api/ASPNETWebApplicationNETFrameworkModel.cs</ApplicationRelativeFilePath>
      <ProjectRelativeFilePath>ASPNETWebApplicationNETFrameworkModel.cs</ProjectRelativeFilePath>
      <IsIgnored>false</IsIgnored>
    </FileLog>
    <FileLog>
      <ProjectId>341f2475-429b-48fd-aaaa-3748947e6633</ProjectId>
      <CorrelationId>Intent.ModuleBuilder.Templates.Api.ApiElementModel#73e51385-5e20-4e2c-aa0b-6eb2dc8de52e</CorrelationId>
      <ApplicationRelativeFilePath>Api/AzureFunctionsProjectModel.cs</ApplicationRelativeFilePath>
      <ProjectRelativeFilePath>AzureFunctionsProjectModel.cs</ProjectRelativeFilePath>
      <IsIgnored>false</IsIgnored>
    </FileLog>
    <FileLog>
      <ProjectId>341f2475-429b-48fd-aaaa-3748947e6633</ProjectId>
      <CorrelationId>Intent.ModuleBuilder.Templates.Api.ApiElementModel#52B49DB5-3EA9-4095-B1A7-DF1AC22D7DAE</CorrelationId>
      <ApplicationRelativeFilePath>Api/ClassLibraryNETCoreModel.cs</ApplicationRelativeFilePath>
      <ProjectRelativeFilePath>ClassLibraryNETCoreModel.cs</ProjectRelativeFilePath>
      <IsIgnored>false</IsIgnored>
    </FileLog>
    <FileLog>
      <ProjectId>341f2475-429b-48fd-aaaa-3748947e6633</ProjectId>
      <CorrelationId>Intent.ModuleBuilder.Templates.Api.ApiElementModel#0FEBBF41-7C8E-4F98-85A5-F8B5236CFD7D</CorrelationId>
      <ApplicationRelativeFilePath>Api/ClassLibraryNETFrameworkModel.cs</ApplicationRelativeFilePath>
      <ProjectRelativeFilePath>ClassLibraryNETFrameworkModel.cs</ProjectRelativeFilePath>
      <IsIgnored>false</IsIgnored>
    </FileLog>
    <FileLog>
      <ProjectId>341f2475-429b-48fd-aaaa-3748947e6633</ProjectId>
      <CorrelationId>Intent.ModuleBuilder.Templates.Api.ApiElementModel#27b265c8-e185-4c33-9908-8d23d5e945d1</CorrelationId>
      <ApplicationRelativeFilePath>Api/ConsoleAppNETCoreModel.cs</ApplicationRelativeFilePath>
      <ProjectRelativeFilePath>ConsoleAppNETCoreModel.cs</ProjectRelativeFilePath>
      <IsIgnored>false</IsIgnored>
    </FileLog>
    <FileLog>
      <ProjectId>341f2475-429b-48fd-aaaa-3748947e6633</ProjectId>
      <CorrelationId>Intent.ModuleBuilder.Templates.Api.ApiElementModel#673AAE96-C9B1-4B7E-9A52-ADE5F9218CFC</CorrelationId>
      <ApplicationRelativeFilePath>Api/ConsoleAppNETFrameworkModel.cs</ApplicationRelativeFilePath>
      <ProjectRelativeFilePath>ConsoleAppNETFrameworkModel.cs</ProjectRelativeFilePath>
      <IsIgnored>false</IsIgnored>
    </FileLog>
    <FileLog>
      <ProjectId>5e94c359-e6e5-4b58-a1fc-151de9c10934</ProjectId>
      <CorrelationId>Intent.ModuleBuilder.Templates.Api.ApiElementModelExtensions#FFD54A85-9362-48AC-B646-C93AB9AC63D2</CorrelationId>
      <ApplicationRelativeFilePath>Api/Extensions/ASPNETCoreWebApplicationModelStereotypeExtensions.cs</ApplicationRelativeFilePath>
      <ProjectRelativeFilePath>ASPNETCoreWebApplicationModelStereotypeExtensions.cs</ProjectRelativeFilePath>
      <IsIgnored>false</IsIgnored>
    </FileLog>
    <FileLog>
      <ProjectId>5e94c359-e6e5-4b58-a1fc-151de9c10934</ProjectId>
      <CorrelationId>Intent.ModuleBuilder.Templates.Api.ApiElementModelExtensions#8AF747CF-58F0-449C-8B95-46080FEFC8C0</CorrelationId>
      <ApplicationRelativeFilePath>Api/Extensions/ASPNETWebApplicationNETFrameworkModelStereotypeExtensions.cs</ApplicationRelativeFilePath>
      <ProjectRelativeFilePath>ASPNETWebApplicationNETFrameworkModelStereotypeExtensions.cs</ProjectRelativeFilePath>
      <IsIgnored>false</IsIgnored>
    </FileLog>
    <FileLog>
      <ProjectId>5e94c359-e6e5-4b58-a1fc-151de9c10934</ProjectId>
      <CorrelationId>Intent.ModuleBuilder.Templates.Api.ApiElementModelExtensions#73e51385-5e20-4e2c-aa0b-6eb2dc8de52e</CorrelationId>
      <ApplicationRelativeFilePath>Api/Extensions/AzureFunctionsProjectModelStereotypeExtensions.cs</ApplicationRelativeFilePath>
      <ProjectRelativeFilePath>AzureFunctionsProjectModelStereotypeExtensions.cs</ProjectRelativeFilePath>
      <IsIgnored>false</IsIgnored>
    </FileLog>
    <FileLog>
      <ProjectId>5e94c359-e6e5-4b58-a1fc-151de9c10934</ProjectId>
      <CorrelationId>Intent.ModuleBuilder.Templates.Api.ApiElementModelExtensions#52B49DB5-3EA9-4095-B1A7-DF1AC22D7DAE</CorrelationId>
      <ApplicationRelativeFilePath>Api/Extensions/ClassLibraryNETCoreModelStereotypeExtensions.cs</ApplicationRelativeFilePath>
      <ProjectRelativeFilePath>ClassLibraryNETCoreModelStereotypeExtensions.cs</ProjectRelativeFilePath>
      <IsIgnored>false</IsIgnored>
    </FileLog>
    <FileLog>
      <ProjectId>5e94c359-e6e5-4b58-a1fc-151de9c10934</ProjectId>
      <CorrelationId>Intent.ModuleBuilder.Templates.Api.ApiElementModelExtensions#0FEBBF41-7C8E-4F98-85A5-F8B5236CFD7D</CorrelationId>
      <ApplicationRelativeFilePath>Api/Extensions/ClassLibraryNETFrameworkModelStereotypeExtensions.cs</ApplicationRelativeFilePath>
      <ProjectRelativeFilePath>ClassLibraryNETFrameworkModelStereotypeExtensions.cs</ProjectRelativeFilePath>
      <IsIgnored>false</IsIgnored>
    </FileLog>
    <FileLog>
      <ProjectId>5e94c359-e6e5-4b58-a1fc-151de9c10934</ProjectId>
      <CorrelationId>Intent.ModuleBuilder.Templates.Api.ApiElementModelExtensions#27b265c8-e185-4c33-9908-8d23d5e945d1</CorrelationId>
      <ApplicationRelativeFilePath>Api/Extensions/ConsoleAppNETCoreModelStereotypeExtensions.cs</ApplicationRelativeFilePath>
      <ProjectRelativeFilePath>ConsoleAppNETCoreModelStereotypeExtensions.cs</ProjectRelativeFilePath>
      <IsIgnored>false</IsIgnored>
    </FileLog>
    <FileLog>
      <ProjectId>5e94c359-e6e5-4b58-a1fc-151de9c10934</ProjectId>
      <CorrelationId>Intent.ModuleBuilder.Templates.Api.ApiElementModelExtensions#673AAE96-C9B1-4B7E-9A52-ADE5F9218CFC</CorrelationId>
      <ApplicationRelativeFilePath>Api/Extensions/ConsoleAppNETFrameworkModelStereotypeExtensions.cs</ApplicationRelativeFilePath>
      <ProjectRelativeFilePath>ConsoleAppNETFrameworkModelStereotypeExtensions.cs</ProjectRelativeFilePath>
      <IsIgnored>false</IsIgnored>
    </FileLog>
    <FileLog>
      <ProjectId>5e94c359-e6e5-4b58-a1fc-151de9c10934</ProjectId>
      <CorrelationId>Intent.ModuleBuilder.Templates.Api.ApiElementModelExtensions#3407a825-1331-4f3f-89a4-901903ed97ce</CorrelationId>
      <ApplicationRelativeFilePath>Api/Extensions/FolderModelStereotypeExtensions.cs</ApplicationRelativeFilePath>
      <ProjectRelativeFilePath>FolderModelStereotypeExtensions.cs</ProjectRelativeFilePath>
      <IsIgnored>false</IsIgnored>
    </FileLog>
    <FileLog>
      <ProjectId>5e94c359-e6e5-4b58-a1fc-151de9c10934</ProjectId>
      <CorrelationId>Intent.ModuleBuilder.Templates.Api.ApiElementModelExtensions#6453c4bd-78b8-4589-a223-9f57a348a1a1</CorrelationId>
      <ApplicationRelativeFilePath>Api/Extensions/NETFrameworkVersionModelStereotypeExtensions.cs</ApplicationRelativeFilePath>
      <ProjectRelativeFilePath>NETFrameworkVersionModelStereotypeExtensions.cs</ProjectRelativeFilePath>
      <IsIgnored>false</IsIgnored>
    </FileLog>
    <FileLog>
      <ProjectId>5e94c359-e6e5-4b58-a1fc-151de9c10934</ProjectId>
      <CorrelationId>Intent.ModuleBuilder.Templates.Api.ApiElementModelExtensions#3CDFF513-03D8-4BAB-9435-160108A086A3</CorrelationId>
      <ApplicationRelativeFilePath>Api/Extensions/WCFServiceApplicationModelStereotypeExtensions.cs</ApplicationRelativeFilePath>
      <ProjectRelativeFilePath>WCFServiceApplicationModelStereotypeExtensions.cs</ProjectRelativeFilePath>
      <IsIgnored>false</IsIgnored>
    </FileLog>
    <FileLog>
      <ProjectId>341f2475-429b-48fd-aaaa-3748947e6633</ProjectId>
      <CorrelationId>Intent.ModuleBuilder.Templates.Api.ApiElementModel#3407a825-1331-4f3f-89a4-901903ed97ce</CorrelationId>
      <ApplicationRelativeFilePath>Api/FolderModel.cs</ApplicationRelativeFilePath>
      <ProjectRelativeFilePath>FolderModel.cs</ProjectRelativeFilePath>
      <IsIgnored>false</IsIgnored>
    </FileLog>
    <FileLog>
      <ProjectId>341f2475-429b-48fd-aaaa-3748947e6633</ProjectId>
      <CorrelationId>Intent.ModuleBuilder.Templates.Api.ApiElementModel#65fb2757-ce97-41a8-9c53-b03d53c2c03f</CorrelationId>
      <ApplicationRelativeFilePath>Api/NETCoreVersionModel.cs</ApplicationRelativeFilePath>
      <ProjectRelativeFilePath>NETCoreVersionModel.cs</ProjectRelativeFilePath>
      <IsIgnored>false</IsIgnored>
    </FileLog>
    <FileLog>
      <ProjectId>341f2475-429b-48fd-aaaa-3748947e6633</ProjectId>
      <CorrelationId>Intent.ModuleBuilder.Templates.Api.ApiElementModel#6453c4bd-78b8-4589-a223-9f57a348a1a1</CorrelationId>
      <ApplicationRelativeFilePath>Api/NETFrameworkVersionModel.cs</ApplicationRelativeFilePath>
      <ProjectRelativeFilePath>NETFrameworkVersionModel.cs</ProjectRelativeFilePath>
      <IsIgnored>false</IsIgnored>
    </FileLog>
    <FileLog>
      <ProjectId>341f2475-429b-48fd-aaaa-3748947e6633</ProjectId>
      <CorrelationId>Intent.ModuleBuilder.Templates.Api.ApiElementModel#025e933b-b602-4b6d-95ab-0ec36ae940da</CorrelationId>
      <ApplicationRelativeFilePath>Api/RoleModel.cs</ApplicationRelativeFilePath>
      <ProjectRelativeFilePath>RoleModel.cs</ProjectRelativeFilePath>
      <IsIgnored>false</IsIgnored>
    </FileLog>
    <FileLog>
      <ProjectId>341f2475-429b-48fd-aaaa-3748947e6633</ProjectId>
      <CorrelationId>Intent.ModuleBuilder.Templates.Api.ApiElementModel#0dc2b846-c968-49eb-99b7-8776919313a8</CorrelationId>
      <ApplicationRelativeFilePath>Api/SolutionFolderModel.cs</ApplicationRelativeFilePath>
      <ProjectRelativeFilePath>SolutionFolderModel.cs</ProjectRelativeFilePath>
      <IsIgnored>false</IsIgnored>
    </FileLog>
    <FileLog>
      <ProjectId>341f2475-429b-48fd-aaaa-3748947e6633</ProjectId>
      <CorrelationId>Intent.ModuleBuilder.Templates.Api.ApiElementModel#00D1A9C2-B5F0-4AF3-8072-F6C62B433612</CorrelationId>
      <ApplicationRelativeFilePath>Api/SQLServerDatabaseProjectModel.cs</ApplicationRelativeFilePath>
      <ProjectRelativeFilePath>SQLServerDatabaseProjectModel.cs</ProjectRelativeFilePath>
      <IsIgnored>false</IsIgnored>
    </FileLog>
    <FileLog>
      <ProjectId>341f2475-429b-48fd-aaaa-3748947e6633</ProjectId>
      <CorrelationId>Intent.ModuleBuilder.Templates.Api.ApiElementModel#d421c322-7a51-4094-89fa-e5d8a0a97b27</CorrelationId>
      <ApplicationRelativeFilePath>Api/TemplateOutputModel.cs</ApplicationRelativeFilePath>
      <ProjectRelativeFilePath>TemplateOutputModel.cs</ProjectRelativeFilePath>
      <IsIgnored>false</IsIgnored>
    </FileLog>
    <FileLog>
      <ProjectId>341f2475-429b-48fd-aaaa-3748947e6633</ProjectId>
      <CorrelationId>Intent.ModuleBuilder.Templates.Api.ApiPackageModel#07e7b690-a59d-4b72-8440-4308a121d32c</CorrelationId>
      <ApplicationRelativeFilePath>Api/VisualStudioSolutionModel.cs</ApplicationRelativeFilePath>
      <ProjectRelativeFilePath>VisualStudioSolutionModel.cs</ProjectRelativeFilePath>
      <IsIgnored>false</IsIgnored>
    </FileLog>
    <FileLog>
      <ProjectId>341f2475-429b-48fd-aaaa-3748947e6633</ProjectId>
      <CorrelationId>Intent.ModuleBuilder.Templates.Api.ApiElementModel#3CDFF513-03D8-4BAB-9435-160108A086A3</CorrelationId>
      <ApplicationRelativeFilePath>Api/WCFServiceApplicationModel.cs</ApplicationRelativeFilePath>
      <ProjectRelativeFilePath>WCFServiceApplicationModel.cs</ProjectRelativeFilePath>
      <IsIgnored>false</IsIgnored>
    </FileLog>
    <FileLog>
      <ProjectId>3ff20de1-253f-4f42-82ca-55a1345f9042</ProjectId>
      <ApplicationRelativeFilePath>ApiMetadataDesignerExtensions.cs</ApplicationRelativeFilePath>
      <ProjectRelativeFilePath>ApiMetadataDesignerExtensions.cs</ProjectRelativeFilePath>
      <IsIgnored>false</IsIgnored>
    </FileLog>
    <FileLog>
      <ProjectId>3ff20de1-253f-4f42-82ca-55a1345f9042</ProjectId>
      <ApplicationRelativeFilePath>ApiMetadataPackageExtensions.cs</ApplicationRelativeFilePath>
      <ProjectRelativeFilePath>ApiMetadataPackageExtensions.cs</ProjectRelativeFilePath>
      <IsIgnored>false</IsIgnored>
    </FileLog>
    <FileLog>
      <ProjectId>3ff20de1-253f-4f42-82ca-55a1345f9042</ProjectId>
      <ApplicationRelativeFilePath>ApiMetadataProviderExtensions.cs</ApplicationRelativeFilePath>
      <ProjectRelativeFilePath>ApiMetadataProviderExtensions.cs</ProjectRelativeFilePath>
      <IsIgnored>false</IsIgnored>
    </FileLog>
    <FileLog>
      <ProjectId>3ff20de1-253f-4f42-82ca-55a1345f9042</ProjectId>
      <CorrelationId>Intent.VisualStudio.Projects.CoreLibrary.CSProject#3ff20de1-253f-4f42-82ca-55a1345f9042</CorrelationId>
      <ApplicationRelativeFilePath>Intent.Modules.VisualStudio.Projects.csproj</ApplicationRelativeFilePath>
      <ProjectRelativeFilePath>Intent.Modules.VisualStudio.Projects.csproj</ProjectRelativeFilePath>
      <IsIgnored>false</IsIgnored>
    </FileLog>
    <FileLog>
      <ProjectId>3ff20de1-253f-4f42-82ca-55a1345f9042</ProjectId>
      <CorrelationId>Intent.ModuleBuilder.IModeSpecFile</CorrelationId>
      <ApplicationRelativeFilePath>Intent.VisualStudio.Projects.imodspec</ApplicationRelativeFilePath>
      <ProjectRelativeFilePath>Intent.VisualStudio.Projects.imodspec</ProjectRelativeFilePath>
      <IsIgnored>false</IsIgnored>
    </FileLog>
    <FileLog>
      <ProjectId>016ab4c9-c75c-49ce-bd58-e13fd43fe847</ProjectId>
      <CorrelationId>Intent.ModuleBuilder.DesignerSettings#2ef69545-61ca-42b7-89bd-4ae3d5970280</CorrelationId>
      <ApplicationRelativeFilePath>modelers/Visual Studio Types.designer.settings</ApplicationRelativeFilePath>
      <ProjectRelativeFilePath>Visual Studio Types.designer.settings</ProjectRelativeFilePath>
      <IsIgnored>false</IsIgnored>
    </FileLog>
    <FileLog>
      <ProjectId>016ab4c9-c75c-49ce-bd58-e13fd43fe847</ProjectId>
      <CorrelationId>Intent.ModuleBuilder.DesignerConfig#0701433c-36c0-4569-b1f4-9204986b587d</CorrelationId>
      <ApplicationRelativeFilePath>modelers/Visual Studio.designer.config</ApplicationRelativeFilePath>
      <ProjectRelativeFilePath>Visual Studio.designer.config</ProjectRelativeFilePath>
      <IsIgnored>false</IsIgnored>
    </FileLog>
    <FileLog>
      <ProjectId>3e71bfb0-2184-4de3-b523-7d2cb6dae9a7</ProjectId>
      <CorrelationId>Intent.ModuleBuilder.ProjectItemTemplate.T4Template.PreProcessed#e305389f-befa-46ce-96d3-1f50fe7199ea</CorrelationId>
      <ApplicationRelativeFilePath>Templates/AzureFunctions/HostJson/HostJsonTemplate.cs</ApplicationRelativeFilePath>
      <ProjectRelativeFilePath>AzureFunctions/HostJson/HostJsonTemplate.cs</ProjectRelativeFilePath>
      <IsIgnored>false</IsIgnored>
    </FileLog>
    <FileLog>
      <ProjectId>3e71bfb0-2184-4de3-b523-7d2cb6dae9a7</ProjectId>
      <CorrelationId>Intent.ModuleBuilder.ProjectItemTemplate.T4Template#e305389f-befa-46ce-96d3-1f50fe7199ea</CorrelationId>
      <ApplicationRelativeFilePath>Templates/AzureFunctions/HostJson/HostJsonTemplate.tt</ApplicationRelativeFilePath>
      <ProjectRelativeFilePath>AzureFunctions/HostJson/HostJsonTemplate.tt</ProjectRelativeFilePath>
      <IsIgnored>false</IsIgnored>
    </FileLog>
    <FileLog>
      <ProjectId>3e71bfb0-2184-4de3-b523-7d2cb6dae9a7</ProjectId>
      <CorrelationId>Intent.ModuleBuilder.ProjectItemTemplate.Partial#e305389f-befa-46ce-96d3-1f50fe7199ea</CorrelationId>
      <ApplicationRelativeFilePath>Templates/AzureFunctions/HostJson/HostJsonTemplatePartial.cs</ApplicationRelativeFilePath>
      <ProjectRelativeFilePath>AzureFunctions/HostJson/HostJsonTemplatePartial.cs</ProjectRelativeFilePath>
      <IsIgnored>false</IsIgnored>
    </FileLog>
    <FileLog>
      <ProjectId>3e71bfb0-2184-4de3-b523-7d2cb6dae9a7</ProjectId>
      <CorrelationId>Intent.ModuleBuilder.TemplateRegistration.SingleFileNoModel#e305389f-befa-46ce-96d3-1f50fe7199ea</CorrelationId>
      <ApplicationRelativeFilePath>Templates/AzureFunctions/HostJson/HostJsonTemplateRegistration.cs</ApplicationRelativeFilePath>
      <ProjectRelativeFilePath>AzureFunctions/HostJson/HostJsonTemplateRegistration.cs</ProjectRelativeFilePath>
      <IsIgnored>false</IsIgnored>
    </FileLog>
    <FileLog>
      <ProjectId>3e71bfb0-2184-4de3-b523-7d2cb6dae9a7</ProjectId>
      <CorrelationId>Intent.ModuleBuilder.Templates.TemplateDecoratorContract#e2ec6205-819b-4c6c-8bbd-b15dd573c525</CorrelationId>
      <ApplicationRelativeFilePath>Templates/CoreWeb/AppSettings/AppSettingsDecorator.cs</ApplicationRelativeFilePath>
      <ProjectRelativeFilePath>CoreWeb/AppSettings/AppSettingsDecorator.cs</ProjectRelativeFilePath>
      <IsIgnored>false</IsIgnored>
    </FileLog>
    <FileLog>
      <ProjectId>3e71bfb0-2184-4de3-b523-7d2cb6dae9a7</ProjectId>
      <CorrelationId>Intent.ModuleBuilder.ProjectItemTemplate.T4Template.PreProcessed#cc3f8b62-c026-49c9-bef2-52cdd44f0ebd</CorrelationId>
      <ApplicationRelativeFilePath>Templates/CoreWeb/AppSettings/AppSettingsTemplate.cs</ApplicationRelativeFilePath>
      <ProjectRelativeFilePath>CoreWeb/AppSettings/AppSettingsTemplate.cs</ProjectRelativeFilePath>
      <IsIgnored>false</IsIgnored>
    </FileLog>
    <FileLog>
      <ProjectId>3e71bfb0-2184-4de3-b523-7d2cb6dae9a7</ProjectId>
      <CorrelationId>Intent.ModuleBuilder.ProjectItemTemplate.T4Template#cc3f8b62-c026-49c9-bef2-52cdd44f0ebd</CorrelationId>
      <ApplicationRelativeFilePath>Templates/CoreWeb/AppSettings/AppSettingsTemplate.tt</ApplicationRelativeFilePath>
      <ProjectRelativeFilePath>CoreWeb/AppSettings/AppSettingsTemplate.tt</ProjectRelativeFilePath>
      <IsIgnored>false</IsIgnored>
    </FileLog>
    <FileLog>
      <ProjectId>3e71bfb0-2184-4de3-b523-7d2cb6dae9a7</ProjectId>
      <CorrelationId>Intent.ModuleBuilder.ProjectItemTemplate.Partial#cc3f8b62-c026-49c9-bef2-52cdd44f0ebd</CorrelationId>
      <ApplicationRelativeFilePath>Templates/CoreWeb/AppSettings/AppSettingsTemplatePartial.cs</ApplicationRelativeFilePath>
      <ProjectRelativeFilePath>CoreWeb/AppSettings/AppSettingsTemplatePartial.cs</ProjectRelativeFilePath>
      <IsIgnored>false</IsIgnored>
    </FileLog>
    <FileLog>
      <ProjectId>3e71bfb0-2184-4de3-b523-7d2cb6dae9a7</ProjectId>
      <CorrelationId>Intent.ModuleBuilder.TemplateRegistration.Custom#cc3f8b62-c026-49c9-bef2-52cdd44f0ebd</CorrelationId>
      <ApplicationRelativeFilePath>Templates/CoreWeb/AppSettings/AppSettingsTemplateRegistration.cs</ApplicationRelativeFilePath>
      <ProjectRelativeFilePath>CoreWeb/AppSettings/AppSettingsTemplateRegistration.cs</ProjectRelativeFilePath>
      <IsIgnored>false</IsIgnored>
    </FileLog>
    <FileLog>
      <ProjectId>3e71bfb0-2184-4de3-b523-7d2cb6dae9a7</ProjectId>
      <CorrelationId>Intent.ModuleBuilder.ProjectItemTemplate.T4Template.PreProcessed#90bf72bb-3741-4c8e-8954-2a9a65d37740</CorrelationId>
      <ApplicationRelativeFilePath>Templates/SqlServerDatabase/SqlProject/SqlProjectTemplate.cs</ApplicationRelativeFilePath>
      <ProjectRelativeFilePath>SqlServerDatabase/SqlProject/SqlProjectTemplate.cs</ProjectRelativeFilePath>
      <IsIgnored>false</IsIgnored>
    </FileLog>
    <FileLog>
      <ProjectId>3e71bfb0-2184-4de3-b523-7d2cb6dae9a7</ProjectId>
      <CorrelationId>Intent.ModuleBuilder.ProjectItemTemplate.T4Template#90bf72bb-3741-4c8e-8954-2a9a65d37740</CorrelationId>
      <ApplicationRelativeFilePath>Templates/SqlServerDatabase/SqlProject/SqlProjectTemplate.tt</ApplicationRelativeFilePath>
      <ProjectRelativeFilePath>SqlServerDatabase/SqlProject/SqlProjectTemplate.tt</ProjectRelativeFilePath>
      <IsIgnored>false</IsIgnored>
    </FileLog>
    <FileLog>
      <ProjectId>3e71bfb0-2184-4de3-b523-7d2cb6dae9a7</ProjectId>
      <CorrelationId>Intent.ModuleBuilder.ProjectItemTemplate.Partial#90bf72bb-3741-4c8e-8954-2a9a65d37740</CorrelationId>
      <ApplicationRelativeFilePath>Templates/SqlServerDatabase/SqlProject/SqlProjectTemplatePartial.cs</ApplicationRelativeFilePath>
      <ProjectRelativeFilePath>SqlServerDatabase/SqlProject/SqlProjectTemplatePartial.cs</ProjectRelativeFilePath>
      <IsIgnored>false</IsIgnored>
    </FileLog>
    <FileLog>
      <ProjectId>3e71bfb0-2184-4de3-b523-7d2cb6dae9a7</ProjectId>
      <CorrelationId>Intent.ModuleBuilder.TemplateRegistration.Custom#90bf72bb-3741-4c8e-8954-2a9a65d37740</CorrelationId>
      <ApplicationRelativeFilePath>Templates/SqlServerDatabase/SqlProject/SqlProjectTemplateRegistration.cs</ApplicationRelativeFilePath>
      <ProjectRelativeFilePath>SqlServerDatabase/SqlProject/SqlProjectTemplateRegistration.cs</ProjectRelativeFilePath>
      <IsIgnored>false</IsIgnored>
    </FileLog>
  </FileLogs>
</outputLog>