<?xml version="1.0" encoding="utf-8"?>
<outputLog>
  <ApplicationId>2722a484-e1a2-4346-8da4-2937c7df3071</ApplicationId>
  <FileLogs>
    <FileLog>
      <ApplicationRelativeFilePath>../Intent.Modules.NET.sln</ApplicationRelativeFilePath>
      <IsIgnored>false</IsIgnored>
    </FileLog>
    <FileLog>
      <ProjectId>6da39ce1-ee1b-4fc0-9424-7e5a23272419</ProjectId>
      <CorrelationId>Intent.ModuleBuilder.Templates.TemplateDecorator#e45547aa-aaf9-40a3-8709-d4e627b9a43e</CorrelationId>
      <ApplicationRelativeFilePath>Decorators/RolesAuthorizationDecorator.cs</ApplicationRelativeFilePath>
      <ProjectRelativeFilePath>RolesAuthorizationDecorator.cs</ProjectRelativeFilePath>
      <IsIgnored>false</IsIgnored>
    </FileLog>
    <FileLog>
      <ProjectId>6da39ce1-ee1b-4fc0-9424-7e5a23272419</ProjectId>
      <CorrelationId>Intent.ModuleBuilder.Templates.TemplateDecoratorRegistration#e45547aa-aaf9-40a3-8709-d4e627b9a43e</CorrelationId>
      <ApplicationRelativeFilePath>Decorators/RolesAuthorizationDecoratorRegistration.cs</ApplicationRelativeFilePath>
      <ProjectRelativeFilePath>RolesAuthorizationDecoratorRegistration.cs</ProjectRelativeFilePath>
      <IsIgnored>false</IsIgnored>
    </FileLog>
    <FileLog>
      <ProjectId>863dedbb-b0a4-467e-96ea-f1ee97d7bd10</ProjectId>
      <CorrelationId>Intent.ModuleBuilder.IModeSpecFile</CorrelationId>
      <ApplicationRelativeFilePath>Intent.AspNetCore.Controllers.imodspec</ApplicationRelativeFilePath>
      <ProjectRelativeFilePath>Intent.AspNetCore.Controllers.imodspec</ProjectRelativeFilePath>
      <IsIgnored>false</IsIgnored>
    </FileLog>
    <FileLog>
      <ProjectId>863dedbb-b0a4-467e-96ea-f1ee97d7bd10</ProjectId>
      <CorrelationId>Intent.VisualStudio.Projects.CoreLibrary.CSProject#863dedbb-b0a4-467e-96ea-f1ee97d7bd10</CorrelationId>
      <ApplicationRelativeFilePath>Intent.Modules.AspNetCore.Controllers.csproj</ApplicationRelativeFilePath>
      <ProjectRelativeFilePath>Intent.Modules.AspNetCore.Controllers.csproj</ProjectRelativeFilePath>
      <IsIgnored>false</IsIgnored>
    </FileLog>
    <FileLog>
      <ProjectId>863dedbb-b0a4-467e-96ea-f1ee97d7bd10</ProjectId>
      <CorrelationId>Intent.ModuleBuilder.ReadMe</CorrelationId>
      <ApplicationRelativeFilePath>README.txt</ApplicationRelativeFilePath>
      <ProjectRelativeFilePath>README.txt</ProjectRelativeFilePath>
      <IsIgnored>false</IsIgnored>
    </FileLog>
    <FileLog>
      <ProjectId>81e4223c-4744-4227-b3c9-e4bcb9fead7b</ProjectId>
      <CorrelationId>Intent.ModuleBuilder.Templates.TemplateDecoratorContract#2ba2dbf4-0d2b-4add-8b83-ec9bef1db826</CorrelationId>
      <ApplicationRelativeFilePath>Templates/Controller/ControllerDecorator.cs</ApplicationRelativeFilePath>
      <ProjectRelativeFilePath>Controller/ControllerDecorator.cs</ProjectRelativeFilePath>
      <IsIgnored>false</IsIgnored>
    </FileLog>
    <FileLog>
      <ProjectId>81e4223c-4744-4227-b3c9-e4bcb9fead7b</ProjectId>
      <CorrelationId>Intent.ModuleBuilder.CSharp.Templates.CSharpTemplate.T4Template.PreProcessed#e6d82b9e-3868-4b1b-8f55-12f2ce2c0dd8</CorrelationId>
      <ApplicationRelativeFilePath>Templates/Controller/ControllerTemplate.cs</ApplicationRelativeFilePath>
      <ProjectRelativeFilePath>Controller/ControllerTemplate.cs</ProjectRelativeFilePath>
      <IsIgnored>false</IsIgnored>
    </FileLog>
    <FileLog>
      <ProjectId>81e4223c-4744-4227-b3c9-e4bcb9fead7b</ProjectId>
      <CorrelationId>Intent.ModuleBuilder.CSharp.Templates.CSharpTemplate#e6d82b9e-3868-4b1b-8f55-12f2ce2c0dd8</CorrelationId>
      <ApplicationRelativeFilePath>Templates/Controller/ControllerTemplate.tt</ApplicationRelativeFilePath>
      <ProjectRelativeFilePath>Controller/ControllerTemplate.tt</ProjectRelativeFilePath>
      <IsIgnored>false</IsIgnored>
    </FileLog>
    <FileLog>
      <ProjectId>81e4223c-4744-4227-b3c9-e4bcb9fead7b</ProjectId>
      <CorrelationId>Intent.ModuleBuilder.CSharp.Templates.CSharpTemplatePartial#e6d82b9e-3868-4b1b-8f55-12f2ce2c0dd8</CorrelationId>
      <ApplicationRelativeFilePath>Templates/Controller/ControllerTemplatePartial.cs</ApplicationRelativeFilePath>
      <ProjectRelativeFilePath>Controller/ControllerTemplatePartial.cs</ProjectRelativeFilePath>
      <IsIgnored>false</IsIgnored>
    </FileLog>
    <FileLog>
      <ProjectId>81e4223c-4744-4227-b3c9-e4bcb9fead7b</ProjectId>
      <CorrelationId>Intent.ModuleBuilder.TemplateRegistration.FilePerModel#e6d82b9e-3868-4b1b-8f55-12f2ce2c0dd8</CorrelationId>
      <ApplicationRelativeFilePath>Templates/Controller/ControllerTemplateRegistration.cs</ApplicationRelativeFilePath>
      <ProjectRelativeFilePath>Controller/ControllerTemplateRegistration.cs</ProjectRelativeFilePath>
      <IsIgnored>false</IsIgnored>
    </FileLog>
    <FileLog>
      <ProjectId>81e4223c-4744-4227-b3c9-e4bcb9fead7b</ProjectId>
      <ApplicationRelativeFilePath>Templates/TemplateExtensions.cs</ApplicationRelativeFilePath>
      <ProjectRelativeFilePath>TemplateExtensions.cs</ProjectRelativeFilePath>
      <IsIgnored>false</IsIgnored>
    </FileLog>
  </FileLogs>
</outputLog>