<?xml version="1.0" encoding="utf-8"?>
<outputLog>
  <ApplicationId>244e1544-6d4b-490b-afe0-8865bd737121</ApplicationId>
  <FileLogs>
    <FileLog>
      <CorrelationId>Intent.VisualStudio.Projects.VisualStudioSolution#09035fb7-31a6-4e1c-8223-5fd52f1fd8d4</CorrelationId>
      <OverwriteBehaviour>always</OverwriteBehaviour>
      <ApplicationRelativeFilePath>../Intent.Modules.NET.sln</ApplicationRelativeFilePath>
      <IsIgnored>false</IsIgnored>
    </FileLog>
    <FileLog>
      <ProjectId>293e2001-0f7b-4514-9a83-40140a2b45a2</ProjectId>
      <CorrelationId>Intent.ModuleBuilder.Templates.FactoryExtension#5d6830aa-cfbb-4127-adfa-dccfb1207fe5</CorrelationId>
      <OverwriteBehaviour>always</OverwriteBehaviour>
      <ApplicationRelativeFilePath>FactoryExtensions/ApplicationServiceInteractionInstaller.cs</ApplicationRelativeFilePath>
      <ProjectRelativeFilePath>ApplicationServiceInteractionInstaller.cs</ProjectRelativeFilePath>
      <IsIgnored>false</IsIgnored>
    </FileLog>
    <FileLog>
      <ProjectId>293e2001-0f7b-4514-9a83-40140a2b45a2</ProjectId>
      <CorrelationId>Intent.ModuleBuilder.Templates.FactoryExtension#65223bff-9096-4187-b6bb-dbf0aae2fae5</CorrelationId>
      <OverwriteBehaviour>always</OverwriteBehaviour>
      <ApplicationRelativeFilePath>FactoryExtensions/InteractionEventBusPublisherInstaller.cs</ApplicationRelativeFilePath>
      <ProjectRelativeFilePath>InteractionEventBusPublisherInstaller.cs</ProjectRelativeFilePath>
      <IsIgnored>false</IsIgnored>
    </FileLog>
    <FileLog>
      <ProjectId>9814251b-ad1b-4598-8ed6-d825633d77d9</ProjectId>
      <CorrelationId>Intent.ModuleBuilder.IModSpecFile</CorrelationId>
      <OverwriteBehaviour>always</OverwriteBehaviour>
      <ApplicationRelativeFilePath>Intent.Eventing.Contracts.imodspec</ApplicationRelativeFilePath>
      <ProjectRelativeFilePath>Intent.Eventing.Contracts.imodspec</ProjectRelativeFilePath>
      <IsIgnored>false</IsIgnored>
    </FileLog>
    <FileLog>
      <ProjectId>9814251b-ad1b-4598-8ed6-d825633d77d9</ProjectId>
      <CorrelationId>Intent.VisualStudio.Projects.CoreLibrary.CSProject#9814251b-ad1b-4598-8ed6-d825633d77d9</CorrelationId>
      <OverwriteBehaviour>always</OverwriteBehaviour>
      <ApplicationRelativeFilePath>Intent.Modules.Eventing.Contracts.csproj</ApplicationRelativeFilePath>
      <ProjectRelativeFilePath>Intent.Modules.Eventing.Contracts.csproj</ProjectRelativeFilePath>
      <IsIgnored>false</IsIgnored>
    </FileLog>
    <FileLog>
      <ProjectId>b3523dcd-a2ea-447b-9e1e-68fd5651a010</ProjectId>
      <CorrelationId>Intent.ModuleBuilder.CSharp.Templates.CSharpTemplatePartial#c05c51e0-a3d4-4a0b-8c66-2855263c672f</CorrelationId>
      <OverwriteBehaviour>always</OverwriteBehaviour>
      <ApplicationRelativeFilePath>Templates/EventBusInterface/EventBusInterfaceTemplatePartial.cs</ApplicationRelativeFilePath>
      <ProjectRelativeFilePath>EventBusInterface/EventBusInterfaceTemplatePartial.cs</ProjectRelativeFilePath>
      <IsIgnored>false</IsIgnored>
    </FileLog>
    <FileLog>
      <ProjectId>b3523dcd-a2ea-447b-9e1e-68fd5651a010</ProjectId>
      <CorrelationId>Intent.ModuleBuilder.TemplateRegistration.SingleFileNoModel#c05c51e0-a3d4-4a0b-8c66-2855263c672f</CorrelationId>
      <OverwriteBehaviour>always</OverwriteBehaviour>
      <ApplicationRelativeFilePath>Templates/EventBusInterface/EventBusInterfaceTemplateRegistration.cs</ApplicationRelativeFilePath>
      <ProjectRelativeFilePath>EventBusInterface/EventBusInterfaceTemplateRegistration.cs</ProjectRelativeFilePath>
      <IsIgnored>false</IsIgnored>
    </FileLog>
    <FileLog>
      <ProjectId>b3523dcd-a2ea-447b-9e1e-68fd5651a010</ProjectId>
      <CorrelationId>Intent.ModuleBuilder.CSharp.Templates.CSharpTemplatePartial#550e70be-6702-44f9-84c1-841a195b7b36</CorrelationId>
      <OverwriteBehaviour>always</OverwriteBehaviour>
      <ApplicationRelativeFilePath>Templates/IntegrationCommand/IntegrationCommandTemplatePartial.cs</ApplicationRelativeFilePath>
      <ProjectRelativeFilePath>IntegrationCommand/IntegrationCommandTemplatePartial.cs</ProjectRelativeFilePath>
      <IsIgnored>false</IsIgnored>
    </FileLog>
    <FileLog>
      <ProjectId>b3523dcd-a2ea-447b-9e1e-68fd5651a010</ProjectId>
      <CorrelationId>Intent.ModuleBuilder.TemplateRegistration.FilePerModel#550e70be-6702-44f9-84c1-841a195b7b36</CorrelationId>
      <OverwriteBehaviour>always</OverwriteBehaviour>
      <ApplicationRelativeFilePath>Templates/IntegrationCommand/IntegrationCommandTemplateRegistration.cs</ApplicationRelativeFilePath>
      <ProjectRelativeFilePath>IntegrationCommand/IntegrationCommandTemplateRegistration.cs</ProjectRelativeFilePath>
      <IsIgnored>false</IsIgnored>
    </FileLog>
    <FileLog>
      <ProjectId>b3523dcd-a2ea-447b-9e1e-68fd5651a010</ProjectId>
      <CorrelationId>Intent.ModuleBuilder.CSharp.Templates.CSharpTemplatePartial#dbd1b803-bd6e-4336-89ef-2901e3e70331</CorrelationId>
      <OverwriteBehaviour>always</OverwriteBehaviour>
      <ApplicationRelativeFilePath>Templates/IntegrationEventDto/IntegrationEventDtoTemplatePartial.cs</ApplicationRelativeFilePath>
      <ProjectRelativeFilePath>IntegrationEventDto/IntegrationEventDtoTemplatePartial.cs</ProjectRelativeFilePath>
      <IsIgnored>false</IsIgnored>
    </FileLog>
    <FileLog>
      <ProjectId>b3523dcd-a2ea-447b-9e1e-68fd5651a010</ProjectId>
      <CorrelationId>Intent.ModuleBuilder.TemplateRegistration.FilePerModel#dbd1b803-bd6e-4336-89ef-2901e3e70331</CorrelationId>
      <OverwriteBehaviour>always</OverwriteBehaviour>
      <ApplicationRelativeFilePath>Templates/IntegrationEventDto/IntegrationEventDtoTemplateRegistration.cs</ApplicationRelativeFilePath>
      <ProjectRelativeFilePath>IntegrationEventDto/IntegrationEventDtoTemplateRegistration.cs</ProjectRelativeFilePath>
      <IsIgnored>false</IsIgnored>
    </FileLog>
    <FileLog>
      <ProjectId>b3523dcd-a2ea-447b-9e1e-68fd5651a010</ProjectId>
      <CorrelationId>Intent.ModuleBuilder.CSharp.Templates.CSharpStringInterpolationTemplate#fba9737c-17d5-4d00-8d1d-14c0b1ad32a0</CorrelationId>
      <OverwriteBehaviour>always</OverwriteBehaviour>
      <ApplicationRelativeFilePath>Templates/IntegrationEventEnum/IntegrationEventEnumTemplate.cs</ApplicationRelativeFilePath>
      <ProjectRelativeFilePath>IntegrationEventEnum/IntegrationEventEnumTemplate.cs</ProjectRelativeFilePath>
      <IsIgnored>false</IsIgnored>
    </FileLog>
    <FileLog>
      <ProjectId>b3523dcd-a2ea-447b-9e1e-68fd5651a010</ProjectId>
      <CorrelationId>Intent.ModuleBuilder.CSharp.Templates.CSharpTemplatePartial#fba9737c-17d5-4d00-8d1d-14c0b1ad32a0</CorrelationId>
      <OverwriteBehaviour>always</OverwriteBehaviour>
      <ApplicationRelativeFilePath>Templates/IntegrationEventEnum/IntegrationEventEnumTemplatePartial.cs</ApplicationRelativeFilePath>
      <ProjectRelativeFilePath>IntegrationEventEnum/IntegrationEventEnumTemplatePartial.cs</ProjectRelativeFilePath>
      <IsIgnored>false</IsIgnored>
    </FileLog>
    <FileLog>
      <ProjectId>b3523dcd-a2ea-447b-9e1e-68fd5651a010</ProjectId>
      <CorrelationId>Intent.ModuleBuilder.TemplateRegistration.FilePerModel#fba9737c-17d5-4d00-8d1d-14c0b1ad32a0</CorrelationId>
      <OverwriteBehaviour>always</OverwriteBehaviour>
      <ApplicationRelativeFilePath>Templates/IntegrationEventEnum/IntegrationEventEnumTemplateRegistration.cs</ApplicationRelativeFilePath>
      <ProjectRelativeFilePath>IntegrationEventEnum/IntegrationEventEnumTemplateRegistration.cs</ProjectRelativeFilePath>
      <IsIgnored>false</IsIgnored>
    </FileLog>
    <FileLog>
      <ProjectId>b3523dcd-a2ea-447b-9e1e-68fd5651a010</ProjectId>
      <CorrelationId>Intent.ModuleBuilder.CSharp.Templates.CSharpTemplatePartial#bb18f0ef-9468-4367-8400-b9b76fe520ba</CorrelationId>
      <OverwriteBehaviour>always</OverwriteBehaviour>
      <ApplicationRelativeFilePath>Templates/IntegrationEventHandlerInterface/IntegrationEventHandlerInterfaceTemplatePartial.cs</ApplicationRelativeFilePath>
      <ProjectRelativeFilePath>IntegrationEventHandlerInterface/IntegrationEventHandlerInterfaceTemplatePartial.cs</ProjectRelativeFilePath>
      <IsIgnored>false</IsIgnored>
    </FileLog>
    <FileLog>
      <ProjectId>b3523dcd-a2ea-447b-9e1e-68fd5651a010</ProjectId>
      <CorrelationId>Intent.ModuleBuilder.TemplateRegistration.SingleFileNoModel#bb18f0ef-9468-4367-8400-b9b76fe520ba</CorrelationId>
      <OverwriteBehaviour>always</OverwriteBehaviour>
      <ApplicationRelativeFilePath>Templates/IntegrationEventHandlerInterface/IntegrationEventHandlerInterfaceTemplateRegistration.cs</ApplicationRelativeFilePath>
      <ProjectRelativeFilePath>IntegrationEventHandlerInterface/IntegrationEventHandlerInterfaceTemplateRegistration.cs</ProjectRelativeFilePath>
      <IsIgnored>false</IsIgnored>
    </FileLog>
    <FileLog>
      <ProjectId>b3523dcd-a2ea-447b-9e1e-68fd5651a010</ProjectId>
      <CorrelationId>Intent.ModuleBuilder.CSharp.Templates.CSharpTemplatePartial#daa7500d-9c30-44e3-a59f-d189721a292e</CorrelationId>
      <OverwriteBehaviour>always</OverwriteBehaviour>
      <ApplicationRelativeFilePath>Templates/IntegrationEventMessage/IntegrationEventMessageTemplatePartial.cs</ApplicationRelativeFilePath>
      <ProjectRelativeFilePath>IntegrationEventMessage/IntegrationEventMessageTemplatePartial.cs</ProjectRelativeFilePath>
      <IsIgnored>false</IsIgnored>
    </FileLog>
    <FileLog>
      <ProjectId>b3523dcd-a2ea-447b-9e1e-68fd5651a010</ProjectId>
      <CorrelationId>Intent.ModuleBuilder.TemplateRegistration.FilePerModel#daa7500d-9c30-44e3-a59f-d189721a292e</CorrelationId>
      <OverwriteBehaviour>always</OverwriteBehaviour>
      <ApplicationRelativeFilePath>Templates/IntegrationEventMessage/IntegrationEventMessageTemplateRegistration.cs</ApplicationRelativeFilePath>
      <ProjectRelativeFilePath>IntegrationEventMessage/IntegrationEventMessageTemplateRegistration.cs</ProjectRelativeFilePath>
      <IsIgnored>false</IsIgnored>
    </FileLog>
    <FileLog>
      <ProjectId>b3523dcd-a2ea-447b-9e1e-68fd5651a010</ProjectId>
      <CorrelationId>Intent.ModuleBuilder.Templates.TemplateExtensions</CorrelationId>
      <OverwriteBehaviour>always</OverwriteBehaviour>
      <ApplicationRelativeFilePath>Templates/TemplateExtensions.cs</ApplicationRelativeFilePath>
      <ProjectRelativeFilePath>TemplateExtensions.cs</ProjectRelativeFilePath>
      <IsIgnored>true</IsIgnored>
    </FileLog>
  </FileLogs>
</outputLog>