<?xml version="1.0" encoding="utf-8"?>
<outputLog>
  <ApplicationId>4d6278e1-4897-4c4f-9fb5-1db5a30c3ead</ApplicationId>
  <FileLogs>
    <FileLog>
      <CorrelationId>Intent.VisualStudio.Projects.VisualStudioSolution#735c6dc3-a94e-4d40-8a52-80759b7e3bcf</CorrelationId>
      <OverwriteBehaviour>always</OverwriteBehaviour>
      <ApplicationRelativeFilePath>../Intent.Modules.NET.sln</ApplicationRelativeFilePath>
      <IsIgnored>false</IsIgnored>
    </FileLog>
    <FileLog>
      <ProjectId>b796acbc-54bd-4355-bb06-7a417fb61169</ProjectId>
      <CorrelationId>Intent.ModuleBuilder.Templates.Api.ApiElementModelExtensions#04e12b51-ed12-42a3-9667-a6aa81bb6d10</CorrelationId>
      <OverwriteBehaviour>always</OverwriteBehaviour>
      <ApplicationRelativeFilePath>Api/ClassModelStereotypeExtensions.cs</ApplicationRelativeFilePath>
      <ProjectRelativeFilePath>ClassModelStereotypeExtensions.cs</ProjectRelativeFilePath>
      <IsIgnored>false</IsIgnored>
    </FileLog>
    <FileLog>
      <ProjectId>ad861d95-683e-461f-93ce-501309e2a358</ProjectId>
      <CorrelationId>Intent.ModuleBuilder.Templates.FactoryExtension#b2cd1fcc-1ce4-422a-81f0-6cd62ca01f13</CorrelationId>
      <OverwriteBehaviour>always</OverwriteBehaviour>
      <ApplicationRelativeFilePath>FactoryExtensions/EfConfigurationExtension.cs</ApplicationRelativeFilePath>
      <ProjectRelativeFilePath>EfConfigurationExtension.cs</ProjectRelativeFilePath>
      <IsIgnored>false</IsIgnored>
    </FileLog>
    <FileLog>
      <ProjectId>ad861d95-683e-461f-93ce-501309e2a358</ProjectId>
      <CorrelationId>Intent.ModuleBuilder.Templates.FactoryExtension#70398b18-dff4-4016-a556-b39a0cf95d58</CorrelationId>
      <OverwriteBehaviour>always</OverwriteBehaviour>
      <ApplicationRelativeFilePath>FactoryExtensions/RepositoryFactoryExtension.cs</ApplicationRelativeFilePath>
      <ProjectRelativeFilePath>RepositoryFactoryExtension.cs</ProjectRelativeFilePath>
      <IsIgnored>false</IsIgnored>
    </FileLog>
    <FileLog>
      <ProjectId>9fba18db-714d-46c4-b79c-3ac436375c26</ProjectId>
      <CorrelationId>Intent.ModuleBuilder.IModSpecFile</CorrelationId>
      <OverwriteBehaviour>always</OverwriteBehaviour>
      <ApplicationRelativeFilePath>Intent.EntityFrameworkCore.TemporalTables.imodspec</ApplicationRelativeFilePath>
      <ProjectRelativeFilePath>Intent.EntityFrameworkCore.TemporalTables.imodspec</ProjectRelativeFilePath>
      <IsIgnored>false</IsIgnored>
    </FileLog>
    <FileLog>
      <ProjectId>9fba18db-714d-46c4-b79c-3ac436375c26</ProjectId>
      <CorrelationId>Intent.VisualStudio.Projects.CSharpProject#9fba18db-714d-46c4-b79c-3ac436375c26</CorrelationId>
      <OverwriteBehaviour>always</OverwriteBehaviour>
      <ApplicationRelativeFilePath>Intent.Modules.EntityFrameworkCore.TemporalTables.csproj</ApplicationRelativeFilePath>
      <ProjectRelativeFilePath>Intent.Modules.EntityFrameworkCore.TemporalTables.csproj</ProjectRelativeFilePath>
      <IsIgnored>false</IsIgnored>
    </FileLog>
    <FileLog>
      <ProjectId>9fba18db-714d-46c4-b79c-3ac436375c26</ProjectId>
      <CorrelationId>Intent.ModuleBuilder.Templates.ReleaseNotes</CorrelationId>
      <OverwriteBehaviour>once-off</OverwriteBehaviour>
      <ApplicationRelativeFilePath>release-notes.md</ApplicationRelativeFilePath>
      <ProjectRelativeFilePath>release-notes.md</ProjectRelativeFilePath>
      <IsIgnored>false</IsIgnored>
    </FileLog>
    <FileLog>
      <ProjectId>590be5b2-13d3-47da-a5cb-e6cc2c9d462e</ProjectId>
      <CorrelationId>Intent.ModuleBuilder.Templates.DocumentationTemplate#f256d84c-63e8-4b45-8576-5f1fc7e591d1</CorrelationId>
      <OverwriteBehaviour>always</OverwriteBehaviour>
      <ApplicationRelativeFilePath>resources/documentation.json</ApplicationRelativeFilePath>
      <ProjectRelativeFilePath>documentation.json</ProjectRelativeFilePath>
      <IsIgnored>false</IsIgnored>
    </FileLog>
    <FileLog>
      <ProjectId>873a3523-c869-4764-a45e-f3aa8c3312c5</ProjectId>
      <CorrelationId>Intent.ModuleBuilder.Templates.TemplateExtensions</CorrelationId>
      <OverwriteBehaviour>always</OverwriteBehaviour>
      <ApplicationRelativeFilePath>Templates/TemplateExtensions.cs</ApplicationRelativeFilePath>
      <ProjectRelativeFilePath>TemplateExtensions.cs</ProjectRelativeFilePath>
      <IsIgnored>false</IsIgnored>
    </FileLog>
    <FileLog>
      <ProjectId>873a3523-c869-4764-a45e-f3aa8c3312c5</ProjectId>
      <CorrelationId>Intent.ModuleBuilder.CSharp.Templates.CSharpTemplatePartial#354e283d-f3a4-4d8d-9b7b-840b2c6cc517</CorrelationId>
      <OverwriteBehaviour>always</OverwriteBehaviour>
      <ApplicationRelativeFilePath>Templates/TemporalHistory/TemporalHistoryTemplatePartial.cs</ApplicationRelativeFilePath>
      <ProjectRelativeFilePath>TemporalHistory/TemporalHistoryTemplatePartial.cs</ProjectRelativeFilePath>
      <IsIgnored>false</IsIgnored>
    </FileLog>
    <FileLog>
      <ProjectId>873a3523-c869-4764-a45e-f3aa8c3312c5</ProjectId>
      <CorrelationId>Intent.ModuleBuilder.TemplateRegistration.SingleFileNoModel#354e283d-f3a4-4d8d-9b7b-840b2c6cc517</CorrelationId>
      <OverwriteBehaviour>always</OverwriteBehaviour>
      <ApplicationRelativeFilePath>Templates/TemporalHistory/TemporalHistoryTemplateRegistration.cs</ApplicationRelativeFilePath>
      <ProjectRelativeFilePath>TemporalHistory/TemporalHistoryTemplateRegistration.cs</ProjectRelativeFilePath>
      <IsIgnored>false</IsIgnored>
    </FileLog>
  </FileLogs>
</outputLog>