<?xml version="1.0" encoding="utf-8"?>
<outputLog>
  <ApplicationId>e3a56af9-4953-4fde-a283-50674146b91e</ApplicationId>
  <FileLogs>
    <FileLog>
      <CorrelationId>Intent.VisualStudio.Projects.VisualStudioSolution#c7d63772-5802-40a6-bc1b-cae31b8faec2</CorrelationId>
      <OverwriteBehaviour>always</OverwriteBehaviour>
      <ApplicationRelativeFilePath>../Intent.Modules.NET.sln</ApplicationRelativeFilePath>
      <IsIgnored>false</IsIgnored>
    </FileLog>
    <FileLog>
      <ProjectId>030a37f9-7a93-4b1c-bb9c-b7d411b9aad0</ProjectId>
      <CorrelationId>Intent.ModuleBuilder.Templates.Api.ApiElementExtensionModel#04a16b10-1a83-4e5a-aad8-ca86b9638847</CorrelationId>
      <OverwriteBehaviour>always</OverwriteBehaviour>
      <ApplicationRelativeFilePath>Api/CommandExtensionModel.cs</ApplicationRelativeFilePath>
      <ProjectRelativeFilePath>CommandExtensionModel.cs</ProjectRelativeFilePath>
      <IsIgnored>false</IsIgnored>
    </FileLog>
    <FileLog>
      <ProjectId>030a37f9-7a93-4b1c-bb9c-b7d411b9aad0</ProjectId>
      <CorrelationId>Intent.ModuleBuilder.Templates.Api.ApiElementExtensionModel#a24ddeaf-6f56-4242-8db2-52ad718b8045</CorrelationId>
      <OverwriteBehaviour>always</OverwriteBehaviour>
      <ApplicationRelativeFilePath>Api/DTOFieldExtensionModel.cs</ApplicationRelativeFilePath>
      <ProjectRelativeFilePath>DTOFieldExtensionModel.cs</ProjectRelativeFilePath>
      <IsIgnored>false</IsIgnored>
    </FileLog>
    <FileLog>
      <ProjectId>030a37f9-7a93-4b1c-bb9c-b7d411b9aad0</ProjectId>
      <CorrelationId>Intent.ModuleBuilder.Templates.Api.ApiElementExtensionModel#3e83b75d-9dff-4393-85fb-80801d1b6e22</CorrelationId>
      <OverwriteBehaviour>always</OverwriteBehaviour>
      <ApplicationRelativeFilePath>Api/QueryExtensionModel.cs</ApplicationRelativeFilePath>
      <ProjectRelativeFilePath>QueryExtensionModel.cs</ProjectRelativeFilePath>
      <IsIgnored>false</IsIgnored>
    </FileLog>
    <FileLog>
      <ProjectId>22c128eb-bd36-42ea-ac33-d0de655e876b</ProjectId>
      <CorrelationId>Intent.ModuleBuilder.Templates.FactoryExtension#94f747a2-b83b-4cb4-aa98-d4a354bccbde</CorrelationId>
      <OverwriteBehaviour>always</OverwriteBehaviour>
      <ApplicationRelativeFilePath>FactoryExtensions/CqrsHandlerCrudExtension.cs</ApplicationRelativeFilePath>
      <ProjectRelativeFilePath>CqrsHandlerCrudExtension.cs</ProjectRelativeFilePath>
      <IsIgnored>false</IsIgnored>
    </FileLog>
    <FileLog>
      <ProjectId>22c128eb-bd36-42ea-ac33-d0de655e876b</ProjectId>
      <CorrelationId>Intent.ModuleBuilder.Templates.FactoryExtension#6c06fe9e-d240-49c9-b664-cca3bbabad1a</CorrelationId>
      <OverwriteBehaviour>always</OverwriteBehaviour>
      <ApplicationRelativeFilePath>FactoryExtensions/MongoDbRepositoryUpdateExtension.cs</ApplicationRelativeFilePath>
      <ProjectRelativeFilePath>MongoDbRepositoryUpdateExtension.cs</ProjectRelativeFilePath>
      <IsIgnored>false</IsIgnored>
    </FileLog>
    <FileLog>
      <ProjectId>39a37e72-bc23-41c6-8a6e-ae7700d0a46d</ProjectId>
      <CorrelationId>Intent.ModuleBuilder.IModSpecFile</CorrelationId>
      <OverwriteBehaviour>always</OverwriteBehaviour>
      <ApplicationRelativeFilePath>Intent.Application.MediatR.CRUD.imodspec</ApplicationRelativeFilePath>
      <ProjectRelativeFilePath>Intent.Application.MediatR.CRUD.imodspec</ProjectRelativeFilePath>
      <IsIgnored>false</IsIgnored>
    </FileLog>
    <FileLog>
      <ProjectId>39a37e72-bc23-41c6-8a6e-ae7700d0a46d</ProjectId>
      <CorrelationId>Intent.VisualStudio.Projects.CSharpProject#39a37e72-bc23-41c6-8a6e-ae7700d0a46d</CorrelationId>
      <OverwriteBehaviour>always</OverwriteBehaviour>
      <ApplicationRelativeFilePath>Intent.Modules.Application.MediatR.CRUD.csproj</ApplicationRelativeFilePath>
      <ProjectRelativeFilePath>Intent.Modules.Application.MediatR.CRUD.csproj</ProjectRelativeFilePath>
      <IsIgnored>false</IsIgnored>
    </FileLog>
    <FileLog>
      <ProjectId>76922bdc-3562-407e-baa4-e77437a5e6d7</ProjectId>
      <CorrelationId>Intent.ModuleBuilder.DesignerSettings#46410048-55e6-4cc9-8ee0-dcd0e24a8ee2</CorrelationId>
      <OverwriteBehaviour>always</OverwriteBehaviour>
      <ApplicationRelativeFilePath>modelers/MediatR CRUD Extensions.designer.settings</ApplicationRelativeFilePath>
      <ProjectRelativeFilePath>MediatR CRUD Extensions.designer.settings</ProjectRelativeFilePath>
      <IsIgnored>false</IsIgnored>
    </FileLog>
  </FileLogs>
</outputLog>