<?xml version="1.0" encoding="utf-8"?>
<outputLog>
  <ApplicationId>d7160580-fd34-48ed-89c5-a7ddb1224f69</ApplicationId>
  <FileLogs>
    <FileLog>
      <CorrelationId>Intent.VisualStudio.Projects.VisualStudioSolution#a6e0f46c-d6ad-4cc5-a1fe-5478606716f4</CorrelationId>
      <OverwriteBehaviour>always</OverwriteBehaviour>
      <ApplicationRelativeFilePath>../Intent.Modules.NET.sln</ApplicationRelativeFilePath>
      <IsIgnored>false</IsIgnored>
    </FileLog>
    <FileLog>
      <ProjectId>5ef0efe0-9f7f-4567-b227-b59d760ca1b1</ProjectId>
      <CorrelationId>Intent.ModuleBuilder.Templates.Api.ApiElementModelExtensions#cbe970af-5bad-4d92-a3ed-a24b9fdaa23e</CorrelationId>
      <OverwriteBehaviour>always</OverwriteBehaviour>
      <ApplicationRelativeFilePath>Api/MessageModelStereotypeExtensions.cs</ApplicationRelativeFilePath>
      <ProjectRelativeFilePath>MessageModelStereotypeExtensions.cs</ProjectRelativeFilePath>
      <IsIgnored>false</IsIgnored>
    </FileLog>
    <FileLog>
      <ProjectId>96691ef8-4f20-4068-bced-92460c90ee07</ProjectId>
      <CorrelationId>Intent.ModuleBuilder.IModSpecFile</CorrelationId>
      <OverwriteBehaviour>always</OverwriteBehaviour>
      <ApplicationRelativeFilePath>Intent.Eventing.AzureEventGrid.imodspec</ApplicationRelativeFilePath>
      <ProjectRelativeFilePath>Intent.Eventing.AzureEventGrid.imodspec</ProjectRelativeFilePath>
      <IsIgnored>false</IsIgnored>
    </FileLog>
    <FileLog>
      <ProjectId>96691ef8-4f20-4068-bced-92460c90ee07</ProjectId>
      <CorrelationId>Intent.VisualStudio.Projects.CSharpProject#96691ef8-4f20-4068-bced-92460c90ee07</CorrelationId>
      <OverwriteBehaviour>always</OverwriteBehaviour>
      <ApplicationRelativeFilePath>Intent.Modules.Eventing.AzureEventGrid.csproj</ApplicationRelativeFilePath>
      <ProjectRelativeFilePath>Intent.Modules.Eventing.AzureEventGrid.csproj</ProjectRelativeFilePath>
      <IsIgnored>false</IsIgnored>
    </FileLog>
    <FileLog>
      <ProjectId>d40b4c30-d92d-472e-a2da-42d2acce0922</ProjectId>
      <CorrelationId>Intent.ModuleBuilder.DesignerSettings#7e39f655-35a0-45a4-9c00-e92bef2f9196</CorrelationId>
      <OverwriteBehaviour>always</OverwriteBehaviour>
      <ApplicationRelativeFilePath>modelers/Azure Event Grid Settings.designer.settings</ApplicationRelativeFilePath>
      <ProjectRelativeFilePath>Azure Event Grid Settings.designer.settings</ProjectRelativeFilePath>
      <IsIgnored>false</IsIgnored>
    </FileLog>
    <FileLog>
      <ProjectId>96691ef8-4f20-4068-bced-92460c90ee07</ProjectId>
      <CorrelationId>Intent.ModuleBuilder.CSharp.Templates.NugetPackages</CorrelationId>
      <OverwriteBehaviour>always</OverwriteBehaviour>
      <ApplicationRelativeFilePath>NugetPackages.cs</ApplicationRelativeFilePath>
      <ProjectRelativeFilePath>NugetPackages.cs</ProjectRelativeFilePath>
      <IsIgnored>false</IsIgnored>
    </FileLog>
    <FileLog>
      <ProjectId>96691ef8-4f20-4068-bced-92460c90ee07</ProjectId>
      <CorrelationId>Intent.ModuleBuilder.Templates.ReleaseNotes</CorrelationId>
      <OverwriteBehaviour>once-off</OverwriteBehaviour>
      <ApplicationRelativeFilePath>release-notes.md</ApplicationRelativeFilePath>
      <ProjectRelativeFilePath>release-notes.md</ProjectRelativeFilePath>
      <IsIgnored>false</IsIgnored>
    </FileLog>
    <FileLog>
      <ProjectId>da3b1f2f-1d14-4e8e-9413-92ebc211fcca</ProjectId>
      <CorrelationId>Intent.ModuleBuilder.CSharp.Templates.CSharpTemplatePartial#260bfe0c-80fa-4805-bac7-097480a12ce7</CorrelationId>
      <OverwriteBehaviour>always</OverwriteBehaviour>
      <ApplicationRelativeFilePath>Templates/AzureEventGridConfiguration/AzureEventGridConfigurationTemplatePartial.cs</ApplicationRelativeFilePath>
      <ProjectRelativeFilePath>AzureEventGridConfiguration/AzureEventGridConfigurationTemplatePartial.cs</ProjectRelativeFilePath>
      <IsIgnored>false</IsIgnored>
    </FileLog>
    <FileLog>
      <ProjectId>da3b1f2f-1d14-4e8e-9413-92ebc211fcca</ProjectId>
      <CorrelationId>Intent.ModuleBuilder.TemplateRegistration.SingleFileNoModel#260bfe0c-80fa-4805-bac7-097480a12ce7</CorrelationId>
      <OverwriteBehaviour>always</OverwriteBehaviour>
      <ApplicationRelativeFilePath>Templates/AzureEventGridConfiguration/AzureEventGridConfigurationTemplateRegistration.cs</ApplicationRelativeFilePath>
      <ProjectRelativeFilePath>AzureEventGridConfiguration/AzureEventGridConfigurationTemplateRegistration.cs</ProjectRelativeFilePath>
      <IsIgnored>false</IsIgnored>
    </FileLog>
    <FileLog>
      <ProjectId>da3b1f2f-1d14-4e8e-9413-92ebc211fcca</ProjectId>
      <CorrelationId>Intent.ModuleBuilder.CSharp.Templates.CSharpTemplatePartial#764494e1-c037-4eb3-b825-207b611be042</CorrelationId>
      <OverwriteBehaviour>always</OverwriteBehaviour>
      <ApplicationRelativeFilePath>Templates/AzureEventGridEventBus/AzureEventGridEventBusTemplatePartial.cs</ApplicationRelativeFilePath>
      <ProjectRelativeFilePath>AzureEventGridEventBus/AzureEventGridEventBusTemplatePartial.cs</ProjectRelativeFilePath>
      <IsIgnored>false</IsIgnored>
    </FileLog>
    <FileLog>
      <ProjectId>da3b1f2f-1d14-4e8e-9413-92ebc211fcca</ProjectId>
      <CorrelationId>Intent.ModuleBuilder.TemplateRegistration.SingleFileNoModel#764494e1-c037-4eb3-b825-207b611be042</CorrelationId>
      <OverwriteBehaviour>always</OverwriteBehaviour>
      <ApplicationRelativeFilePath>Templates/AzureEventGridEventBus/AzureEventGridEventBusTemplateRegistration.cs</ApplicationRelativeFilePath>
      <ProjectRelativeFilePath>AzureEventGridEventBus/AzureEventGridEventBusTemplateRegistration.cs</ProjectRelativeFilePath>
      <IsIgnored>false</IsIgnored>
    </FileLog>
    <FileLog>
      <ProjectId>da3b1f2f-1d14-4e8e-9413-92ebc211fcca</ProjectId>
      <CorrelationId>Intent.ModuleBuilder.CSharp.Templates.CSharpTemplatePartial#d6e3ea49-b3b6-44f5-9b53-653298264a80</CorrelationId>
      <OverwriteBehaviour>always</OverwriteBehaviour>
      <ApplicationRelativeFilePath>Templates/AzureEventGridMessageDispatcher/AzureEventGridMessageDispatcherTemplatePartial.cs</ApplicationRelativeFilePath>
      <ProjectRelativeFilePath>AzureEventGridMessageDispatcher/AzureEventGridMessageDispatcherTemplatePartial.cs</ProjectRelativeFilePath>
      <IsIgnored>false</IsIgnored>
    </FileLog>
    <FileLog>
      <ProjectId>da3b1f2f-1d14-4e8e-9413-92ebc211fcca</ProjectId>
      <CorrelationId>Intent.ModuleBuilder.TemplateRegistration.SingleFileNoModel#d6e3ea49-b3b6-44f5-9b53-653298264a80</CorrelationId>
      <OverwriteBehaviour>always</OverwriteBehaviour>
      <ApplicationRelativeFilePath>Templates/AzureEventGridMessageDispatcher/AzureEventGridMessageDispatcherTemplateRegistration.cs</ApplicationRelativeFilePath>
      <ProjectRelativeFilePath>AzureEventGridMessageDispatcher/AzureEventGridMessageDispatcherTemplateRegistration.cs</ProjectRelativeFilePath>
      <IsIgnored>false</IsIgnored>
    </FileLog>
    <FileLog>
      <ProjectId>da3b1f2f-1d14-4e8e-9413-92ebc211fcca</ProjectId>
      <CorrelationId>Intent.ModuleBuilder.CSharp.Templates.CSharpTemplatePartial#da1bf7aa-8213-4c05-99af-3ba6492bad1d</CorrelationId>
      <OverwriteBehaviour>always</OverwriteBehaviour>
      <ApplicationRelativeFilePath>Templates/AzureEventGridMessageDispatcherInterface/AzureEventGridMessageDispatcherInterfaceTemplatePartial.cs</ApplicationRelativeFilePath>
      <ProjectRelativeFilePath>AzureEventGridMessageDispatcherInterface/AzureEventGridMessageDispatcherInterfaceTemplatePartial.cs</ProjectRelativeFilePath>
      <IsIgnored>false</IsIgnored>
    </FileLog>
    <FileLog>
      <ProjectId>da3b1f2f-1d14-4e8e-9413-92ebc211fcca</ProjectId>
      <CorrelationId>Intent.ModuleBuilder.TemplateRegistration.SingleFileNoModel#da1bf7aa-8213-4c05-99af-3ba6492bad1d</CorrelationId>
      <OverwriteBehaviour>always</OverwriteBehaviour>
      <ApplicationRelativeFilePath>Templates/AzureEventGridMessageDispatcherInterface/AzureEventGridMessageDispatcherInterfaceTemplateRegistration.cs</ApplicationRelativeFilePath>
      <ProjectRelativeFilePath>AzureEventGridMessageDispatcherInterface/AzureEventGridMessageDispatcherInterfaceTemplateRegistration.cs</ProjectRelativeFilePath>
      <IsIgnored>false</IsIgnored>
    </FileLog>
    <FileLog>
      <ProjectId>da3b1f2f-1d14-4e8e-9413-92ebc211fcca</ProjectId>
      <CorrelationId>Intent.ModuleBuilder.CSharp.Templates.CSharpTemplatePartial#f2148016-efbc-439d-8687-89b32fdc1366</CorrelationId>
      <OverwriteBehaviour>always</OverwriteBehaviour>
      <ApplicationRelativeFilePath>Templates/IntegrationEventHandler/IntegrationEventHandlerTemplatePartial.cs</ApplicationRelativeFilePath>
      <ProjectRelativeFilePath>IntegrationEventHandler/IntegrationEventHandlerTemplatePartial.cs</ProjectRelativeFilePath>
      <IsIgnored>false</IsIgnored>
    </FileLog>
    <FileLog>
      <ProjectId>da3b1f2f-1d14-4e8e-9413-92ebc211fcca</ProjectId>
      <CorrelationId>Intent.ModuleBuilder.TemplateRegistration.FilePerModel#f2148016-efbc-439d-8687-89b32fdc1366</CorrelationId>
      <OverwriteBehaviour>always</OverwriteBehaviour>
      <ApplicationRelativeFilePath>Templates/IntegrationEventHandler/IntegrationEventHandlerTemplateRegistration.cs</ApplicationRelativeFilePath>
      <ProjectRelativeFilePath>IntegrationEventHandler/IntegrationEventHandlerTemplateRegistration.cs</ProjectRelativeFilePath>
      <IsIgnored>false</IsIgnored>
    </FileLog>
    <FileLog>
      <ProjectId>da3b1f2f-1d14-4e8e-9413-92ebc211fcca</ProjectId>
      <CorrelationId>Intent.ModuleBuilder.CSharp.Templates.CSharpStringInterpolationTemplate#f1e5de5c-31b6-41e8-bc7e-33fcd4b385b1</CorrelationId>
      <OverwriteBehaviour>always</OverwriteBehaviour>
      <ApplicationRelativeFilePath>Templates/PublisherOptions/PublisherOptionsTemplate.cs</ApplicationRelativeFilePath>
      <ProjectRelativeFilePath>PublisherOptions/PublisherOptionsTemplate.cs</ProjectRelativeFilePath>
      <IsIgnored>false</IsIgnored>
    </FileLog>
    <FileLog>
      <ProjectId>da3b1f2f-1d14-4e8e-9413-92ebc211fcca</ProjectId>
      <CorrelationId>Intent.ModuleBuilder.CSharp.Templates.CSharpTemplatePartial#f1e5de5c-31b6-41e8-bc7e-33fcd4b385b1</CorrelationId>
      <OverwriteBehaviour>always</OverwriteBehaviour>
      <ApplicationRelativeFilePath>Templates/PublisherOptions/PublisherOptionsTemplatePartial.cs</ApplicationRelativeFilePath>
      <ProjectRelativeFilePath>PublisherOptions/PublisherOptionsTemplatePartial.cs</ProjectRelativeFilePath>
      <IsIgnored>false</IsIgnored>
    </FileLog>
    <FileLog>
      <ProjectId>da3b1f2f-1d14-4e8e-9413-92ebc211fcca</ProjectId>
      <CorrelationId>Intent.ModuleBuilder.TemplateRegistration.SingleFileNoModel#f1e5de5c-31b6-41e8-bc7e-33fcd4b385b1</CorrelationId>
      <OverwriteBehaviour>always</OverwriteBehaviour>
      <ApplicationRelativeFilePath>Templates/PublisherOptions/PublisherOptionsTemplateRegistration.cs</ApplicationRelativeFilePath>
      <ProjectRelativeFilePath>PublisherOptions/PublisherOptionsTemplateRegistration.cs</ProjectRelativeFilePath>
      <IsIgnored>false</IsIgnored>
    </FileLog>
    <FileLog>
      <ProjectId>da3b1f2f-1d14-4e8e-9413-92ebc211fcca</ProjectId>
      <CorrelationId>Intent.ModuleBuilder.CSharp.Templates.CSharpStringInterpolationTemplate#b5f73553-e070-4d25-adf4-1d9746dcd300</CorrelationId>
      <OverwriteBehaviour>always</OverwriteBehaviour>
      <ApplicationRelativeFilePath>Templates/SubscriptionOptions/SubscriptionOptionsTemplate.cs</ApplicationRelativeFilePath>
      <ProjectRelativeFilePath>SubscriptionOptions/SubscriptionOptionsTemplate.cs</ProjectRelativeFilePath>
      <IsIgnored>false</IsIgnored>
    </FileLog>
    <FileLog>
      <ProjectId>da3b1f2f-1d14-4e8e-9413-92ebc211fcca</ProjectId>
      <CorrelationId>Intent.ModuleBuilder.CSharp.Templates.CSharpTemplatePartial#b5f73553-e070-4d25-adf4-1d9746dcd300</CorrelationId>
      <OverwriteBehaviour>always</OverwriteBehaviour>
      <ApplicationRelativeFilePath>Templates/SubscriptionOptions/SubscriptionOptionsTemplatePartial.cs</ApplicationRelativeFilePath>
      <ProjectRelativeFilePath>SubscriptionOptions/SubscriptionOptionsTemplatePartial.cs</ProjectRelativeFilePath>
      <IsIgnored>false</IsIgnored>
    </FileLog>
    <FileLog>
      <ProjectId>da3b1f2f-1d14-4e8e-9413-92ebc211fcca</ProjectId>
      <CorrelationId>Intent.ModuleBuilder.TemplateRegistration.SingleFileNoModel#b5f73553-e070-4d25-adf4-1d9746dcd300</CorrelationId>
      <OverwriteBehaviour>always</OverwriteBehaviour>
      <ApplicationRelativeFilePath>Templates/SubscriptionOptions/SubscriptionOptionsTemplateRegistration.cs</ApplicationRelativeFilePath>
      <ProjectRelativeFilePath>SubscriptionOptions/SubscriptionOptionsTemplateRegistration.cs</ProjectRelativeFilePath>
      <IsIgnored>false</IsIgnored>
    </FileLog>
    <FileLog>
      <ProjectId>da3b1f2f-1d14-4e8e-9413-92ebc211fcca</ProjectId>
      <CorrelationId>Intent.ModuleBuilder.Templates.TemplateExtensions</CorrelationId>
      <OverwriteBehaviour>always</OverwriteBehaviour>
      <ApplicationRelativeFilePath>Templates/TemplateExtensions.cs</ApplicationRelativeFilePath>
      <ProjectRelativeFilePath>TemplateExtensions.cs</ProjectRelativeFilePath>
      <IsIgnored>false</IsIgnored>
    </FileLog>
  </FileLogs>
</outputLog>