<?xml version="1.0" encoding="utf-8"?>
<outputLog>
  <ApplicationId>f305457e-36af-497b-94e8-8fe242cf83b6</ApplicationId>
  <FileLogs>
    <FileLog>
      <CorrelationId>Intent.VisualStudio.Projects.VisualStudioSolution#ea0ae4e4-62e9-408d-9712-5ac60c9703fc</CorrelationId>
      <OverwriteBehaviour>always</OverwriteBehaviour>
      <ApplicationRelativeFilePath>../Intent.Modules.NET.sln</ApplicationRelativeFilePath>
      <IsIgnored>false</IsIgnored>
    </FileLog>
    <FileLog>
      <ProjectId>be6ef12f-ef79-4937-8c3d-4c54eecc4488</ProjectId>
      <CorrelationId>Intent.ModuleBuilder.IModSpecFile</CorrelationId>
      <OverwriteBehaviour>always</OverwriteBehaviour>
      <ApplicationRelativeFilePath>Intent.EntityFrameworkCore.SoftDelete.imodspec</ApplicationRelativeFilePath>
      <ProjectRelativeFilePath>Intent.EntityFrameworkCore.SoftDelete.imodspec</ProjectRelativeFilePath>
      <IsIgnored>false</IsIgnored>
    </FileLog>
    <FileLog>
      <ProjectId>be6ef12f-ef79-4937-8c3d-4c54eecc4488</ProjectId>
      <CorrelationId>Intent.VisualStudio.Projects.CSharpProject#be6ef12f-ef79-4937-8c3d-4c54eecc4488</CorrelationId>
      <OverwriteBehaviour>always</OverwriteBehaviour>
      <ApplicationRelativeFilePath>Intent.Modules.EntityFrameworkCore.SoftDelete.csproj</ApplicationRelativeFilePath>
      <ProjectRelativeFilePath>Intent.Modules.EntityFrameworkCore.SoftDelete.csproj</ProjectRelativeFilePath>
      <IsIgnored>false</IsIgnored>
    </FileLog>
    <FileLog>
      <ProjectId>b5a3c208-62a1-4c86-b98d-876dc4842edc</ProjectId>
      <CorrelationId>Intent.ModuleBuilder.Templates.Migrations.OnVersionMigration#20b0b7b4-4093-4f72-81b1-96d701202d37</CorrelationId>
      <OverwriteBehaviour>always</OverwriteBehaviour>
      <ApplicationRelativeFilePath>Migrations/Migration_01_00_04_Pre_01.cs</ApplicationRelativeFilePath>
      <ProjectRelativeFilePath>Migration_01_00_04_Pre_01.cs</ProjectRelativeFilePath>
      <IsIgnored>false</IsIgnored>
    </FileLog>
    <FileLog>
      <ProjectId>be6ef12f-ef79-4937-8c3d-4c54eecc4488</ProjectId>
      <CorrelationId>Intent.ModuleBuilder.Templates.ReleaseNotes</CorrelationId>
      <OverwriteBehaviour>once-off</OverwriteBehaviour>
      <ApplicationRelativeFilePath>release-notes.md</ApplicationRelativeFilePath>
      <ProjectRelativeFilePath>release-notes.md</ProjectRelativeFilePath>
      <IsIgnored>false</IsIgnored>
    </FileLog>
  </FileLogs>
</outputLog>