<?xml version="1.0" encoding="utf-8"?>
<outputLog>
  <ApplicationId>8467c2d6-6442-4d8b-9ebe-353556099f59</ApplicationId>
  <FileLogs>
    <FileLog>
      <ApplicationRelativeFilePath>../Intent.Modules.NET.sln</ApplicationRelativeFilePath>
      <IsIgnored>false</IsIgnored>
    </FileLog>
    <FileLog>
      <ProjectId>dc25b026-1726-4c90-bf24-672de80e1879</ProjectId>
      <CorrelationId>Intent.ModuleBuilder.Templates.TemplateDecorator#b50fb7b1-4cfd-4f18-a37c-3c3f65f12e4c</CorrelationId>
      <ApplicationRelativeFilePath>Decorators/CorsStartupDecorator.cs</ApplicationRelativeFilePath>
      <ProjectRelativeFilePath>CorsStartupDecorator.cs</ProjectRelativeFilePath>
      <IsIgnored>false</IsIgnored>
    </FileLog>
    <FileLog>
      <ProjectId>dc25b026-1726-4c90-bf24-672de80e1879</ProjectId>
      <CorrelationId>Intent.ModuleBuilder.Templates.TemplateDecoratorRegistration#b50fb7b1-4cfd-4f18-a37c-3c3f65f12e4c</CorrelationId>
      <ApplicationRelativeFilePath>Decorators/CorsStartupDecoratorRegistration.cs</ApplicationRelativeFilePath>
      <ProjectRelativeFilePath>CorsStartupDecoratorRegistration.cs</ProjectRelativeFilePath>
      <IsIgnored>false</IsIgnored>
    </FileLog>
    <FileLog>
      <ProjectId>3d3183a9-5f38-4f01-a525-46d1c4afd2c9</ProjectId>
      <CorrelationId>Intent.VisualStudio.Projects.CoreLibrary.CSProject#3d3183a9-5f38-4f01-a525-46d1c4afd2c9</CorrelationId>
      <ApplicationRelativeFilePath>Intent.Modules.AspNetCore.Cors.csproj</ApplicationRelativeFilePath>
      <ProjectRelativeFilePath>Intent.Modules.AspNetCore.Cors.csproj</ProjectRelativeFilePath>
      <IsIgnored>false</IsIgnored>
    </FileLog>
    <FileLog>
      <ProjectId>3d3183a9-5f38-4f01-a525-46d1c4afd2c9</ProjectId>
      <CorrelationId>Intent.ModuleBuilder.IModeSpecFile</CorrelationId>
      <ApplicationRelativeFilePath>Intent.Modules.AspNetCore.Cors.imodspec</ApplicationRelativeFilePath>
      <ProjectRelativeFilePath>Intent.Modules.AspNetCore.Cors.imodspec</ProjectRelativeFilePath>
      <IsIgnored>false</IsIgnored>
    </FileLog>
    <FileLog>
      <ProjectId>3d3183a9-5f38-4f01-a525-46d1c4afd2c9</ProjectId>
      <CorrelationId>Intent.ModuleBuilder.ReadMe</CorrelationId>
      <ApplicationRelativeFilePath>README.txt</ApplicationRelativeFilePath>
      <ProjectRelativeFilePath>README.txt</ProjectRelativeFilePath>
      <IsIgnored>false</IsIgnored>
    </FileLog>
    <FileLog>
      <ProjectId>c7a6d34f-fb92-4aec-b70e-1a686c7b9ae3</ProjectId>
      <CorrelationId>Intent.ModuleBuilder.CSharp.Templates.CSharpTemplate.T4Template.PreProcessed#09bba66a-1579-42ad-9c66-6fc35faa6cee</CorrelationId>
      <ApplicationRelativeFilePath>Templates/CorsConfiguration/CorsConfigurationTemplate.cs</ApplicationRelativeFilePath>
      <ProjectRelativeFilePath>CorsConfiguration/CorsConfigurationTemplate.cs</ProjectRelativeFilePath>
      <IsIgnored>false</IsIgnored>
    </FileLog>
    <FileLog>
      <ProjectId>c7a6d34f-fb92-4aec-b70e-1a686c7b9ae3</ProjectId>
      <CorrelationId>Intent.ModuleBuilder.CSharp.Templates.CSharpTemplate#09bba66a-1579-42ad-9c66-6fc35faa6cee</CorrelationId>
      <ApplicationRelativeFilePath>Templates/CorsConfiguration/CorsConfigurationTemplate.tt</ApplicationRelativeFilePath>
      <ProjectRelativeFilePath>CorsConfiguration/CorsConfigurationTemplate.tt</ProjectRelativeFilePath>
      <IsIgnored>false</IsIgnored>
    </FileLog>
    <FileLog>
      <ProjectId>c7a6d34f-fb92-4aec-b70e-1a686c7b9ae3</ProjectId>
      <CorrelationId>Intent.ModuleBuilder.CSharp.Templates.CSharpTemplatePartial#09bba66a-1579-42ad-9c66-6fc35faa6cee</CorrelationId>
      <ApplicationRelativeFilePath>Templates/CorsConfiguration/CorsConfigurationTemplatePartial.cs</ApplicationRelativeFilePath>
      <ProjectRelativeFilePath>CorsConfiguration/CorsConfigurationTemplatePartial.cs</ProjectRelativeFilePath>
      <IsIgnored>false</IsIgnored>
    </FileLog>
    <FileLog>
      <ProjectId>c7a6d34f-fb92-4aec-b70e-1a686c7b9ae3</ProjectId>
      <CorrelationId>Intent.ModuleBuilder.TemplateRegistration.SingleFileNoModel#09bba66a-1579-42ad-9c66-6fc35faa6cee</CorrelationId>
      <ApplicationRelativeFilePath>Templates/CorsConfiguration/CorsConfigurationTemplateRegistration.cs</ApplicationRelativeFilePath>
      <ProjectRelativeFilePath>CorsConfiguration/CorsConfigurationTemplateRegistration.cs</ProjectRelativeFilePath>
      <IsIgnored>false</IsIgnored>
    </FileLog>
    <FileLog>
      <ProjectId>c7a6d34f-fb92-4aec-b70e-1a686c7b9ae3</ProjectId>
      <ApplicationRelativeFilePath>Templates/TemplateExtensions.cs</ApplicationRelativeFilePath>
      <ProjectRelativeFilePath>TemplateExtensions.cs</ProjectRelativeFilePath>
      <IsIgnored>false</IsIgnored>
    </FileLog>
  </FileLogs>
</outputLog>