<?xml version="1.0" encoding="utf-8"?>
<outputLog>
  <ApplicationId>e0fa5012-1b29-4159-8860-6b2b5e4fc0d5</ApplicationId>
  <FileLogs>
    <FileLog>
      <CorrelationId>Intent.VisualStudio.Projects.VisualStudioSolution#a146b003-fc17-4c75-9596-c333caccd441</CorrelationId>
      <OverwriteBehaviour>always</OverwriteBehaviour>
      <ApplicationRelativeFilePath>../Intent.Modules.NET.sln</ApplicationRelativeFilePath>
      <IsIgnored>false</IsIgnored>
    </FileLog>
    <FileLog>
      <ProjectId>5e0c3960-c670-4088-9f9f-ccd46205d2bf</ProjectId>
      <CorrelationId>Intent.ModuleBuilder.IModSpecFile</CorrelationId>
      <OverwriteBehaviour>always</OverwriteBehaviour>
      <ApplicationRelativeFilePath>Intent.IaC.Bicep.imodspec</ApplicationRelativeFilePath>
      <ProjectRelativeFilePath>Intent.IaC.Bicep.imodspec</ProjectRelativeFilePath>
      <IsIgnored>false</IsIgnored>
    </FileLog>
    <FileLog>
      <ProjectId>5e0c3960-c670-4088-9f9f-ccd46205d2bf</ProjectId>
      <CorrelationId>Intent.VisualStudio.Projects.CSharpProject#5e0c3960-c670-4088-9f9f-ccd46205d2bf</CorrelationId>
      <OverwriteBehaviour>always</OverwriteBehaviour>
      <ApplicationRelativeFilePath>Intent.Modules.IaC.Bicep.csproj</ApplicationRelativeFilePath>
      <ProjectRelativeFilePath>Intent.Modules.IaC.Bicep.csproj</ProjectRelativeFilePath>
      <IsIgnored>false</IsIgnored>
    </FileLog>
    <FileLog>
      <ProjectId>5e0c3960-c670-4088-9f9f-ccd46205d2bf</ProjectId>
      <CorrelationId>Intent.ModuleBuilder.Templates.ReleaseNotes</CorrelationId>
      <OverwriteBehaviour>once-off</OverwriteBehaviour>
      <ApplicationRelativeFilePath>release-notes.md</ApplicationRelativeFilePath>
      <ProjectRelativeFilePath>release-notes.md</ProjectRelativeFilePath>
      <IsIgnored>false</IsIgnored>
    </FileLog>
    <FileLog>
      <ProjectId>9b0711b0-2f24-4bba-b0c5-4ca5ad8e5a64</ProjectId>
      <CorrelationId>Intent.ModuleBuilder.ProjectItemTemplate.Partial#94994b94-bfff-48b3-a387-66f583e68b3e</CorrelationId>
      <OverwriteBehaviour>always</OverwriteBehaviour>
      <ApplicationRelativeFilePath>Templates/AzureFunctionsAppBicep/AzureFunctionsAppBicepTemplatePartial.cs</ApplicationRelativeFilePath>
      <ProjectRelativeFilePath>AzureFunctionsAppBicep/AzureFunctionsAppBicepTemplatePartial.cs</ProjectRelativeFilePath>
      <IsIgnored>false</IsIgnored>
    </FileLog>
    <FileLog>
      <ProjectId>9b0711b0-2f24-4bba-b0c5-4ca5ad8e5a64</ProjectId>
      <CorrelationId>Intent.ModuleBuilder.TemplateRegistration.SingleFileNoModel#94994b94-bfff-48b3-a387-66f583e68b3e</CorrelationId>
      <OverwriteBehaviour>always</OverwriteBehaviour>
      <ApplicationRelativeFilePath>Templates/AzureFunctionsAppBicep/AzureFunctionsAppBicepTemplateRegistration.cs</ApplicationRelativeFilePath>
      <ProjectRelativeFilePath>AzureFunctionsAppBicep/AzureFunctionsAppBicepTemplateRegistration.cs</ProjectRelativeFilePath>
      <IsIgnored>false</IsIgnored>
    </FileLog>
  </FileLogs>
</outputLog>