<?xml version="1.0" encoding="utf-8"?>
<outputLog>
  <ApplicationId>87eedb0d-b34c-492e-8645-7a9e56dd4b94</ApplicationId>
  <FileLogs>
    <FileLog>
      <CorrelationId>Intent.VisualStudio.Projects.VisualStudioSolution#694b0c4e-4b5f-4e75-a282-a23244a4c0bb</CorrelationId>
      <OverwriteBehaviour>always</OverwriteBehaviour>
      <ApplicationRelativeFilePath>../Intent.Modules.NET.sln</ApplicationRelativeFilePath>
      <IsIgnored>false</IsIgnored>
    </FileLog>
    <FileLog>
      <ProjectId>af0625a5-c174-4b5f-998d-67ba3b8190e6</ProjectId>
      <CorrelationId>Intent.ModuleBuilder.Templates.Api.ApiElementModelExtensions#04e12b51-ed12-42a3-9667-a6aa81bb6d10</CorrelationId>
      <OverwriteBehaviour>always</OverwriteBehaviour>
      <ApplicationRelativeFilePath>Api/ClassModelStereotypeExtensions.cs</ApplicationRelativeFilePath>
      <ProjectRelativeFilePath>ClassModelStereotypeExtensions.cs</ProjectRelativeFilePath>
      <IsIgnored>false</IsIgnored>
    </FileLog>
    <FileLog>
      <ProjectId>7cd0df3f-6322-4e55-9fa3-a5f4231e6884</ProjectId>
      <CorrelationId>Intent.ModuleBuilder.Templates.FactoryExtension#62295e99-8640-4d09-ba60-cc93bfbfafe4</CorrelationId>
      <OverwriteBehaviour>always</OverwriteBehaviour>
      <ApplicationRelativeFilePath>FactoryExtensions/CosmosDbExtension.cs</ApplicationRelativeFilePath>
      <ProjectRelativeFilePath>CosmosDbExtension.cs</ProjectRelativeFilePath>
      <IsIgnored>false</IsIgnored>
    </FileLog>
    <FileLog>
      <ProjectId>7cd0df3f-6322-4e55-9fa3-a5f4231e6884</ProjectId>
      <CorrelationId>Intent.ModuleBuilder.Templates.FactoryExtension#c04bdfac-6396-493f-b326-ad025fcd47e0</CorrelationId>
      <OverwriteBehaviour>always</OverwriteBehaviour>
      <ApplicationRelativeFilePath>FactoryExtensions/EfCoreExtension.cs</ApplicationRelativeFilePath>
      <ProjectRelativeFilePath>EfCoreExtension.cs</ProjectRelativeFilePath>
      <IsIgnored>false</IsIgnored>
    </FileLog>
    <FileLog>
      <ProjectId>ded84d15-0d51-44ab-a00d-fbdb739730a7</ProjectId>
      <CorrelationId>Intent.ModuleBuilder.IModSpecFile</CorrelationId>
      <OverwriteBehaviour>always</OverwriteBehaviour>
      <ApplicationRelativeFilePath>Intent.Entities.SoftDelete.imodspec</ApplicationRelativeFilePath>
      <ProjectRelativeFilePath>Intent.Entities.SoftDelete.imodspec</ProjectRelativeFilePath>
      <IsIgnored>false</IsIgnored>
    </FileLog>
    <FileLog>
      <ProjectId>ded84d15-0d51-44ab-a00d-fbdb739730a7</ProjectId>
      <CorrelationId>Intent.VisualStudio.Projects.CSharpProject#ded84d15-0d51-44ab-a00d-fbdb739730a7</CorrelationId>
      <OverwriteBehaviour>always</OverwriteBehaviour>
      <ApplicationRelativeFilePath>Intent.Modules.Entities.SoftDelete.csproj</ApplicationRelativeFilePath>
      <ProjectRelativeFilePath>Intent.Modules.Entities.SoftDelete.csproj</ProjectRelativeFilePath>
      <IsIgnored>false</IsIgnored>
    </FileLog>
    <FileLog>
      <ProjectId>8c96ef6d-309d-4e3f-b751-626e128385d6</ProjectId>
      <CorrelationId>Intent.ModuleBuilder.DesignerSettings#04aadad9-1b68-4001-9662-a62c500ca754</CorrelationId>
      <OverwriteBehaviour>always</OverwriteBehaviour>
      <ApplicationRelativeFilePath>modelers/Soft Delete Settings.designer.settings</ApplicationRelativeFilePath>
      <ProjectRelativeFilePath>Soft Delete Settings.designer.settings</ProjectRelativeFilePath>
      <IsIgnored>false</IsIgnored>
    </FileLog>
    <FileLog>
      <ProjectId>4347d7e6-5990-493f-bc37-f1d4c1f4ef77</ProjectId>
      <CorrelationId>Intent.ModuleBuilder.CSharp.Templates.CSharpTemplatePartial#101e6e54-4d63-4561-982d-59e6ad7bc425</CorrelationId>
      <OverwriteBehaviour>always</OverwriteBehaviour>
      <ApplicationRelativeFilePath>Templates/SoftDeleteInterface/SoftDeleteInterfaceTemplatePartial.cs</ApplicationRelativeFilePath>
      <ProjectRelativeFilePath>SoftDeleteInterface/SoftDeleteInterfaceTemplatePartial.cs</ProjectRelativeFilePath>
      <IsIgnored>false</IsIgnored>
    </FileLog>
    <FileLog>
      <ProjectId>4347d7e6-5990-493f-bc37-f1d4c1f4ef77</ProjectId>
      <CorrelationId>Intent.ModuleBuilder.TemplateRegistration.SingleFileNoModel#101e6e54-4d63-4561-982d-59e6ad7bc425</CorrelationId>
      <OverwriteBehaviour>always</OverwriteBehaviour>
      <ApplicationRelativeFilePath>Templates/SoftDeleteInterface/SoftDeleteInterfaceTemplateRegistration.cs</ApplicationRelativeFilePath>
      <ProjectRelativeFilePath>SoftDeleteInterface/SoftDeleteInterfaceTemplateRegistration.cs</ProjectRelativeFilePath>
      <IsIgnored>false</IsIgnored>
    </FileLog>
    <FileLog>
      <ProjectId>4347d7e6-5990-493f-bc37-f1d4c1f4ef77</ProjectId>
      <CorrelationId>Intent.ModuleBuilder.Templates.TemplateExtensions</CorrelationId>
      <OverwriteBehaviour>always</OverwriteBehaviour>
      <ApplicationRelativeFilePath>Templates/TemplateExtensions.cs</ApplicationRelativeFilePath>
      <ProjectRelativeFilePath>TemplateExtensions.cs</ProjectRelativeFilePath>
      <IsIgnored>false</IsIgnored>
    </FileLog>
  </FileLogs>
</outputLog>