<?xml version="1.0" encoding="utf-8"?>
<outputLog>
  <ApplicationId>203823b3-aea0-442c-ae76-cb4f46b5eea7</ApplicationId>
  <FileLogs>
    <FileLog>
      <CorrelationId>Intent.VisualStudio.Projects.VisualStudioSolution#218a1623-df75-43e9-b62b-5acf8877c941</CorrelationId>
      <OverwriteBehaviour>always</OverwriteBehaviour>
      <ApplicationRelativeFilePath>../Intent.Modules.NET.sln</ApplicationRelativeFilePath>
      <IsIgnored>false</IsIgnored>
    </FileLog>
    <FileLog>
      <ProjectId>7d03c1c7-93aa-48cc-b3ca-6c5e9c7e7729</ProjectId>
      <CorrelationId>Intent.ModuleBuilder.Templates.FactoryExtension#4c40f16b-0b72-4521-b579-3d2e9c284a1d</CorrelationId>
      <OverwriteBehaviour>always</OverwriteBehaviour>
      <ApplicationRelativeFilePath>FactoryExtensions/GuardClausesFactoryExtension.cs</ApplicationRelativeFilePath>
      <ProjectRelativeFilePath>GuardClausesFactoryExtension.cs</ProjectRelativeFilePath>
      <IsIgnored>false</IsIgnored>
    </FileLog>
    <FileLog>
      <ProjectId>539bca88-6fa4-4db0-93b1-b037d20e253f</ProjectId>
      <CorrelationId>Intent.ModuleBuilder.IModSpecFile</CorrelationId>
      <OverwriteBehaviour>always</OverwriteBehaviour>
      <ApplicationRelativeFilePath>Intent.Ardalis.GuardClauses.imodspec</ApplicationRelativeFilePath>
      <ProjectRelativeFilePath>Intent.Ardalis.GuardClauses.imodspec</ProjectRelativeFilePath>
      <IsIgnored>false</IsIgnored>
    </FileLog>
    <FileLog>
      <ProjectId>539bca88-6fa4-4db0-93b1-b037d20e253f</ProjectId>
      <CorrelationId>Intent.VisualStudio.Projects.CSharpProject#539bca88-6fa4-4db0-93b1-b037d20e253f</CorrelationId>
      <OverwriteBehaviour>always</OverwriteBehaviour>
      <ApplicationRelativeFilePath>Intent.Modules.Ardalis.GuardClauses.csproj</ApplicationRelativeFilePath>
      <ProjectRelativeFilePath>Intent.Modules.Ardalis.GuardClauses.csproj</ProjectRelativeFilePath>
      <IsIgnored>false</IsIgnored>
    </FileLog>
    <FileLog>
      <ProjectId>539bca88-6fa4-4db0-93b1-b037d20e253f</ProjectId>
      <CorrelationId>Intent.ModuleBuilder.CSharp.Templates.NugetPackages</CorrelationId>
      <OverwriteBehaviour>always</OverwriteBehaviour>
      <ApplicationRelativeFilePath>NugetPackages.cs</ApplicationRelativeFilePath>
      <ProjectRelativeFilePath>NugetPackages.cs</ProjectRelativeFilePath>
      <IsIgnored>false</IsIgnored>
    </FileLog>
    <FileLog>
      <ProjectId>539bca88-6fa4-4db0-93b1-b037d20e253f</ProjectId>
      <CorrelationId>Intent.ModuleBuilder.Templates.ReleaseNotes</CorrelationId>
      <OverwriteBehaviour>once-off</OverwriteBehaviour>
      <ApplicationRelativeFilePath>release-notes.md</ApplicationRelativeFilePath>
      <ProjectRelativeFilePath>release-notes.md</ProjectRelativeFilePath>
      <IsIgnored>false</IsIgnored>
    </FileLog>
  </FileLogs>
</outputLog>