<?xml version="1.0" encoding="utf-8"?>
<outputLog>
  <ApplicationId>f01416fb-0074-479b-b452-c195fbd07016</ApplicationId>
  <FileLogs>
    <FileLog>
      <CorrelationId>Intent.VisualStudio.Projects.VisualStudioSolution#8391c145-3d02-4576-bc0c-ae38fc47f767</CorrelationId>
      <OverwriteBehaviour>always</OverwriteBehaviour>
      <ApplicationRelativeFilePath>../Intent.Modules.NET.sln</ApplicationRelativeFilePath>
      <IsIgnored>false</IsIgnored>
    </FileLog>
    <FileLog>
      <ProjectId>a0df4c1e-6aba-4566-951d-2875055bd4f0</ProjectId>
      <CorrelationId>Intent.ModuleBuilder.IModSpecFile</CorrelationId>
      <OverwriteBehaviour>always</OverwriteBehaviour>
      <ApplicationRelativeFilePath>Intent.HotChocolate.GraphQL.AzureFunctions.imodspec</ApplicationRelativeFilePath>
      <ProjectRelativeFilePath>Intent.HotChocolate.GraphQL.AzureFunctions.imodspec</ProjectRelativeFilePath>
      <IsIgnored>false</IsIgnored>
    </FileLog>
    <FileLog>
      <ProjectId>a0df4c1e-6aba-4566-951d-2875055bd4f0</ProjectId>
      <CorrelationId>Intent.VisualStudio.Projects.CoreLibrary.CSProject#a0df4c1e-6aba-4566-951d-2875055bd4f0</CorrelationId>
      <OverwriteBehaviour>always</OverwriteBehaviour>
      <ApplicationRelativeFilePath>Intent.Modules.HotChocolate.GraphQL.AzureFunctions.csproj</ApplicationRelativeFilePath>
      <ProjectRelativeFilePath>Intent.Modules.HotChocolate.GraphQL.AzureFunctions.csproj</ProjectRelativeFilePath>
      <IsIgnored>false</IsIgnored>
    </FileLog>
    <FileLog>
      <ProjectId>a0df4c1e-6aba-4566-951d-2875055bd4f0</ProjectId>
      <CorrelationId>Intent.ModuleBuilder.CSharp.Templates.NugetPackages</CorrelationId>
      <OverwriteBehaviour>always</OverwriteBehaviour>
      <ApplicationRelativeFilePath>NugetPackages.cs</ApplicationRelativeFilePath>
      <ProjectRelativeFilePath>NugetPackages.cs</ProjectRelativeFilePath>
      <IsIgnored>false</IsIgnored>
    </FileLog>
    <FileLog>
      <ProjectId>765b074d-9c86-4d68-9e22-1a2e48dfaa77</ProjectId>
      <CorrelationId>Intent.ModuleBuilder.CSharp.Templates.CSharpTemplatePartial#652186aa-a71c-41b4-95f5-b234f31db9e9</CorrelationId>
      <OverwriteBehaviour>always</OverwriteBehaviour>
      <ApplicationRelativeFilePath>Templates/GraphQLConfig/GraphQLConfigTemplatePartial.cs</ApplicationRelativeFilePath>
      <ProjectRelativeFilePath>GraphQLConfig/GraphQLConfigTemplatePartial.cs</ProjectRelativeFilePath>
      <IsIgnored>false</IsIgnored>
    </FileLog>
    <FileLog>
      <ProjectId>765b074d-9c86-4d68-9e22-1a2e48dfaa77</ProjectId>
      <CorrelationId>Intent.ModuleBuilder.TemplateRegistration.SingleFileNoModel#652186aa-a71c-41b4-95f5-b234f31db9e9</CorrelationId>
      <OverwriteBehaviour>always</OverwriteBehaviour>
      <ApplicationRelativeFilePath>Templates/GraphQLConfig/GraphQLConfigTemplateRegistration.cs</ApplicationRelativeFilePath>
      <ProjectRelativeFilePath>GraphQLConfig/GraphQLConfigTemplateRegistration.cs</ProjectRelativeFilePath>
      <IsIgnored>false</IsIgnored>
    </FileLog>
    <FileLog>
      <ProjectId>765b074d-9c86-4d68-9e22-1a2e48dfaa77</ProjectId>
      <CorrelationId>Intent.ModuleBuilder.CSharp.Templates.CSharpTemplatePartial#dd0fb400-7da3-4b3e-b765-5e8b8179fa39</CorrelationId>
      <OverwriteBehaviour>always</OverwriteBehaviour>
      <ApplicationRelativeFilePath>Templates/GraphQLFunction/GraphQLFunctionTemplatePartial.cs</ApplicationRelativeFilePath>
      <ProjectRelativeFilePath>GraphQLFunction/GraphQLFunctionTemplatePartial.cs</ProjectRelativeFilePath>
      <IsIgnored>false</IsIgnored>
    </FileLog>
    <FileLog>
      <ProjectId>765b074d-9c86-4d68-9e22-1a2e48dfaa77</ProjectId>
      <CorrelationId>Intent.ModuleBuilder.TemplateRegistration.SingleFileNoModel#dd0fb400-7da3-4b3e-b765-5e8b8179fa39</CorrelationId>
      <OverwriteBehaviour>always</OverwriteBehaviour>
      <ApplicationRelativeFilePath>Templates/GraphQLFunction/GraphQLFunctionTemplateRegistration.cs</ApplicationRelativeFilePath>
      <ProjectRelativeFilePath>GraphQLFunction/GraphQLFunctionTemplateRegistration.cs</ProjectRelativeFilePath>
      <IsIgnored>false</IsIgnored>
    </FileLog>
    <FileLog>
      <ProjectId>765b074d-9c86-4d68-9e22-1a2e48dfaa77</ProjectId>
      <CorrelationId>Intent.ModuleBuilder.Templates.TemplateExtensions</CorrelationId>
      <OverwriteBehaviour>always</OverwriteBehaviour>
      <ApplicationRelativeFilePath>Templates/TemplateExtensions.cs</ApplicationRelativeFilePath>
      <ProjectRelativeFilePath>TemplateExtensions.cs</ProjectRelativeFilePath>
      <IsIgnored>false</IsIgnored>
    </FileLog>
  </FileLogs>
</outputLog>