<?xml version="1.0" encoding="utf-8"?>
<outputLog>
  <ApplicationId>6c374adc-05a4-4f95-875d-35de36a52689</ApplicationId>
  <FileLogs>
    <FileLog>
      <CorrelationId>Intent.VisualStudio.Projects.VisualStudio2015Solution#bd2d5394-12b1-4c5c-9dc4-1d45052aeb8f</CorrelationId>
      <OverwriteBehaviour>always</OverwriteBehaviour>
      <ApplicationRelativeFilePath>../Intent.Modules.NET.sln</ApplicationRelativeFilePath>
      <IsIgnored>false</IsIgnored>
    </FileLog>
    <FileLog>
      <ProjectId>09c2dee1-c9c4-4798-bcfd-dcc9836e6823</ProjectId>
      <CorrelationId>Intent.ModuleBuilder.IModSpecFile</CorrelationId>
      <OverwriteBehaviour>always</OverwriteBehaviour>
      <ApplicationRelativeFilePath>AspNetCore.Swashbuckle.Security.imodspec</ApplicationRelativeFilePath>
      <ProjectRelativeFilePath>AspNetCore.Swashbuckle.Security.imodspec</ProjectRelativeFilePath>
      <IsIgnored>false</IsIgnored>
    </FileLog>
    <FileLog>
      <ProjectId>dcc90bef-5fd3-44ea-ace9-d506a024d760</ProjectId>
      <CorrelationId>Intent.ModuleBuilder.Templates.FactoryExtension#7abf3721-796c-49ff-97a6-4a08605a1c9a</CorrelationId>
      <OverwriteBehaviour>always</OverwriteBehaviour>
      <ApplicationRelativeFilePath>FactoryExtensions/SecurityConfigurationFactoryExtension.cs</ApplicationRelativeFilePath>
      <ProjectRelativeFilePath>SecurityConfigurationFactoryExtension.cs</ProjectRelativeFilePath>
      <IsIgnored>false</IsIgnored>
    </FileLog>
    <FileLog>
      <ProjectId>09c2dee1-c9c4-4798-bcfd-dcc9836e6823</ProjectId>
      <CorrelationId>Intent.VisualStudio.Projects.CoreLibrary.CSProject#09c2dee1-c9c4-4798-bcfd-dcc9836e6823</CorrelationId>
      <OverwriteBehaviour>always</OverwriteBehaviour>
      <ApplicationRelativeFilePath>Intent.Modules.AspNetCore.Swashbuckle.Security.csproj</ApplicationRelativeFilePath>
      <ProjectRelativeFilePath>Intent.Modules.AspNetCore.Swashbuckle.Security.csproj</ProjectRelativeFilePath>
      <IsIgnored>false</IsIgnored>
    </FileLog>
    <FileLog>
      <ProjectId>09c2dee1-c9c4-4798-bcfd-dcc9836e6823</ProjectId>
      <CorrelationId>Intent.ModuleBuilder.ReadMe</CorrelationId>
      <OverwriteBehaviour>always</OverwriteBehaviour>
      <ApplicationRelativeFilePath>README.txt</ApplicationRelativeFilePath>
      <ProjectRelativeFilePath>README.txt</ProjectRelativeFilePath>
      <IsIgnored>false</IsIgnored>
    </FileLog>
  </FileLogs>
</outputLog>