<?xml version="1.0" encoding="utf-8"?>
<outputLog>
  <ApplicationId>2a8e70fe-52da-4f2c-b142-d857072cfa86</ApplicationId>
  <FileLogs>
    <FileLog>
      <CorrelationId>Intent.VisualStudio.Projects.VisualStudio2015Solution#5637d6fc-735f-4a5f-abdd-0b99bd35cc92</CorrelationId>
      <OverwriteBehaviour>always</OverwriteBehaviour>
      <ApplicationRelativeFilePath>../Intent.Modules.NET.sln</ApplicationRelativeFilePath>
      <IsIgnored>false</IsIgnored>
    </FileLog>
    <FileLog>
      <ProjectId>cb8297ef-b38d-4123-9766-9830de846643</ProjectId>
      <CorrelationId>Intent.ModuleBuilder.Templates.FactoryExtension#65a28881-3d38-46e8-83dd-2e69e60ffff0</CorrelationId>
      <OverwriteBehaviour>always</OverwriteBehaviour>
      <ApplicationRelativeFilePath>FactoryExtensions/CosmosRepoFactoryExtension.cs</ApplicationRelativeFilePath>
      <ProjectRelativeFilePath>CosmosRepoFactoryExtension.cs</ProjectRelativeFilePath>
      <IsIgnored>false</IsIgnored>
    </FileLog>
    <FileLog>
      <ProjectId>cb8297ef-b38d-4123-9766-9830de846643</ProjectId>
      <CorrelationId>Intent.ModuleBuilder.Templates.FactoryExtension#6dbad6b7-e298-4176-bdba-e2970f5e1dc2</CorrelationId>
      <OverwriteBehaviour>always</OverwriteBehaviour>
      <ApplicationRelativeFilePath>FactoryExtensions/PagedListFactoryExtension.cs</ApplicationRelativeFilePath>
      <ProjectRelativeFilePath>PagedListFactoryExtension.cs</ProjectRelativeFilePath>
      <IsIgnored>false</IsIgnored>
    </FileLog>
    <FileLog>
      <ProjectId>bf01f56c-fc9f-424a-8bf5-38ca6f65e2bc</ProjectId>
      <CorrelationId>Intent.ModuleBuilder.IModSpecFile</CorrelationId>
      <OverwriteBehaviour>always</OverwriteBehaviour>
      <ApplicationRelativeFilePath>Intent.CosmosDb.Repositories.imodspec</ApplicationRelativeFilePath>
      <ProjectRelativeFilePath>Intent.CosmosDb.Repositories.imodspec</ProjectRelativeFilePath>
      <IsIgnored>false</IsIgnored>
    </FileLog>
    <FileLog>
      <ProjectId>bf01f56c-fc9f-424a-8bf5-38ca6f65e2bc</ProjectId>
      <CorrelationId>Intent.VisualStudio.Projects.CoreLibrary.CSProject#bf01f56c-fc9f-424a-8bf5-38ca6f65e2bc</CorrelationId>
      <OverwriteBehaviour>always</OverwriteBehaviour>
      <ApplicationRelativeFilePath>Intent.Modules.CosmosDb.Repositories.csproj</ApplicationRelativeFilePath>
      <ProjectRelativeFilePath>Intent.Modules.CosmosDb.Repositories.csproj</ProjectRelativeFilePath>
      <IsIgnored>false</IsIgnored>
    </FileLog>
    <FileLog>
      <ProjectId>bf01f56c-fc9f-424a-8bf5-38ca6f65e2bc</ProjectId>
      <CorrelationId>Intent.ModuleBuilder.ReadMe</CorrelationId>
      <OverwriteBehaviour>always</OverwriteBehaviour>
      <ApplicationRelativeFilePath>README.txt</ApplicationRelativeFilePath>
      <ProjectRelativeFilePath>README.txt</ProjectRelativeFilePath>
      <IsIgnored>false</IsIgnored>
    </FileLog>
    <FileLog>
      <ProjectId>33548b5e-bc3e-42b4-9747-0f480df6128f</ProjectId>
      <CorrelationId>Intent.ModuleBuilder.CSharp.Templates.CSharpTemplatePartial#78babbf0-6214-4f6b-a1a5-d3382afe42a3</CorrelationId>
      <OverwriteBehaviour>always</OverwriteBehaviour>
      <ApplicationRelativeFilePath>Templates/CosmosRepositoryBase/CosmosRepositoryBaseTemplatePartial.cs</ApplicationRelativeFilePath>
      <ProjectRelativeFilePath>CosmosRepositoryBase/CosmosRepositoryBaseTemplatePartial.cs</ProjectRelativeFilePath>
      <IsIgnored>false</IsIgnored>
    </FileLog>
    <FileLog>
      <ProjectId>33548b5e-bc3e-42b4-9747-0f480df6128f</ProjectId>
      <CorrelationId>Intent.ModuleBuilder.TemplateRegistration.SingleFileNoModel#78babbf0-6214-4f6b-a1a5-d3382afe42a3</CorrelationId>
      <OverwriteBehaviour>always</OverwriteBehaviour>
      <ApplicationRelativeFilePath>Templates/CosmosRepositoryBase/CosmosRepositoryBaseTemplateRegistration.cs</ApplicationRelativeFilePath>
      <ProjectRelativeFilePath>CosmosRepositoryBase/CosmosRepositoryBaseTemplateRegistration.cs</ProjectRelativeFilePath>
      <IsIgnored>false</IsIgnored>
    </FileLog>
    <FileLog>
      <ProjectId>33548b5e-bc3e-42b4-9747-0f480df6128f</ProjectId>
      <CorrelationId>Intent.ModuleBuilder.CSharp.Templates.CSharpTemplatePartial#e8b00b82-2337-49a6-aeab-96e85201732a</CorrelationId>
      <OverwriteBehaviour>always</OverwriteBehaviour>
      <ApplicationRelativeFilePath>Templates/PagedList/PagedListTemplatePartial.cs</ApplicationRelativeFilePath>
      <ProjectRelativeFilePath>PagedList/PagedListTemplatePartial.cs</ProjectRelativeFilePath>
      <IsIgnored>false</IsIgnored>
    </FileLog>
    <FileLog>
      <ProjectId>33548b5e-bc3e-42b4-9747-0f480df6128f</ProjectId>
      <CorrelationId>Intent.ModuleBuilder.TemplateRegistration.Custom#e8b00b82-2337-49a6-aeab-96e85201732a</CorrelationId>
      <OverwriteBehaviour>always</OverwriteBehaviour>
      <ApplicationRelativeFilePath>Templates/PagedList/PagedListTemplateRegistration.cs</ApplicationRelativeFilePath>
      <ProjectRelativeFilePath>PagedList/PagedListTemplateRegistration.cs</ProjectRelativeFilePath>
      <IsIgnored>false</IsIgnored>
    </FileLog>
    <FileLog>
      <ProjectId>33548b5e-bc3e-42b4-9747-0f480df6128f</ProjectId>
      <CorrelationId>Intent.ModuleBuilder.CSharp.Templates.CSharpTemplatePartial#6e39f618-35c1-42e0-b3db-191b71f8c50c</CorrelationId>
      <OverwriteBehaviour>always</OverwriteBehaviour>
      <ApplicationRelativeFilePath>Templates/Repository/RepositoryTemplatePartial.cs</ApplicationRelativeFilePath>
      <ProjectRelativeFilePath>Repository/RepositoryTemplatePartial.cs</ProjectRelativeFilePath>
      <IsIgnored>false</IsIgnored>
    </FileLog>
    <FileLog>
      <ProjectId>33548b5e-bc3e-42b4-9747-0f480df6128f</ProjectId>
      <CorrelationId>Intent.ModuleBuilder.TemplateRegistration.FilePerModel#6e39f618-35c1-42e0-b3db-191b71f8c50c</CorrelationId>
      <OverwriteBehaviour>always</OverwriteBehaviour>
      <ApplicationRelativeFilePath>Templates/Repository/RepositoryTemplateRegistration.cs</ApplicationRelativeFilePath>
      <ProjectRelativeFilePath>Repository/RepositoryTemplateRegistration.cs</ProjectRelativeFilePath>
      <IsIgnored>false</IsIgnored>
    </FileLog>
    <FileLog>
      <ProjectId>33548b5e-bc3e-42b4-9747-0f480df6128f</ProjectId>
      <CorrelationId>Intent.ModuleBuilder.Templates.TemplateExtensions</CorrelationId>
      <OverwriteBehaviour>always</OverwriteBehaviour>
      <ApplicationRelativeFilePath>Templates/TemplateExtensions.cs</ApplicationRelativeFilePath>
      <ProjectRelativeFilePath>TemplateExtensions.cs</ProjectRelativeFilePath>
      <IsIgnored>false</IsIgnored>
    </FileLog>
  </FileLogs>
</outputLog>