<?xml version="1.0" encoding="utf-8"?>
<outputLog>
  <ApplicationId>3f08d954-b821-4c2d-871f-ac109217513a</ApplicationId>
  <FileLogs>
    <FileLog>
      <CorrelationId>Intent.VisualStudio.Projects.VisualStudioSolution#7d654d13-8f02-4c25-b621-bb084e1201a4</CorrelationId>
      <OverwriteBehaviour>always</OverwriteBehaviour>
      <ApplicationRelativeFilePath>../Intent.Modules.NET.sln</ApplicationRelativeFilePath>
      <IsIgnored>false</IsIgnored>
    </FileLog>
    <FileLog>
      <ProjectId>24706897-5aa1-4842-b13a-bcb948b0ffd0</ProjectId>
      <CorrelationId>Intent.ModuleBuilder.Templates.StaticContentOutputReadme#b1dde391-adec-41d2-a5c8-e4d2bb58db7c</CorrelationId>
      <OverwriteBehaviour>once-off</OverwriteBehaviour>
      <ApplicationRelativeFilePath>content/Components/Account/Pages/readme.txt</ApplicationRelativeFilePath>
      <ProjectRelativeFilePath>content/Components/Account/Pages/readme.txt</ProjectRelativeFilePath>
      <IsIgnored>true</IsIgnored>
    </FileLog>
    <FileLog>
      <ProjectId>24706897-5aa1-4842-b13a-bcb948b0ffd0</ProjectId>
      <CorrelationId>Intent.ModuleBuilder.Templates.StaticContentOutputReadme#1145f97b-3ae3-4bc4-8759-87905618b27f</CorrelationId>
      <OverwriteBehaviour>once-off</OverwriteBehaviour>
      <ApplicationRelativeFilePath>content/Components/Account/Shared/readme.txt</ApplicationRelativeFilePath>
      <ProjectRelativeFilePath>content/Components/Account/Shared/readme.txt</ProjectRelativeFilePath>
      <IsIgnored>true</IsIgnored>
    </FileLog>
    <FileLog>
      <ProjectId>24706897-5aa1-4842-b13a-bcb948b0ffd0</ProjectId>
      <CorrelationId>Intent.ModuleBuilder.Templates.StaticContentOutputReadme#bac0ff15-dd32-4618-b598-a0c72013e3de</CorrelationId>
      <OverwriteBehaviour>once-off</OverwriteBehaviour>
      <ApplicationRelativeFilePath>content/wwwroot/readme.txt</ApplicationRelativeFilePath>
      <ProjectRelativeFilePath>content/wwwroot/readme.txt</ProjectRelativeFilePath>
      <IsIgnored>true</IsIgnored>
    </FileLog>
    <FileLog>
      <ProjectId>f76e6d80-9503-42da-9856-e43c5b163bd7</ProjectId>
      <CorrelationId>Intent.ModuleBuilder.Templates.FactoryExtension#22649449-21b2-4068-8ec0-a8ab4e3fd8dd</CorrelationId>
      <OverwriteBehaviour>always</OverwriteBehaviour>
      <ApplicationRelativeFilePath>FactoryExtensions/ChangeRenderMode.cs</ApplicationRelativeFilePath>
      <ProjectRelativeFilePath>ChangeRenderMode.cs</ProjectRelativeFilePath>
      <IsIgnored>false</IsIgnored>
    </FileLog>
    <FileLog>
      <ProjectId>f76e6d80-9503-42da-9856-e43c5b163bd7</ProjectId>
      <CorrelationId>Intent.ModuleBuilder.Templates.FactoryExtension#472bc746-3023-4cf6-97d7-5f25394e6c38</CorrelationId>
      <OverwriteBehaviour>always</OverwriteBehaviour>
      <ApplicationRelativeFilePath>FactoryExtensions/ClientAddAuthentication.cs</ApplicationRelativeFilePath>
      <ProjectRelativeFilePath>ClientAddAuthentication.cs</ProjectRelativeFilePath>
      <IsIgnored>false</IsIgnored>
    </FileLog>
    <FileLog>
      <ProjectId>f76e6d80-9503-42da-9856-e43c5b163bd7</ProjectId>
      <CorrelationId>Intent.ModuleBuilder.Templates.FactoryExtension#c38e0867-e297-48c6-bdd8-8d3d2cbb41e5</CorrelationId>
      <OverwriteBehaviour>always</OverwriteBehaviour>
      <ApplicationRelativeFilePath>FactoryExtensions/CurrentUserServiceImplementation.cs</ApplicationRelativeFilePath>
      <ProjectRelativeFilePath>CurrentUserServiceImplementation.cs</ProjectRelativeFilePath>
      <IsIgnored>false</IsIgnored>
    </FileLog>
    <FileLog>
      <ProjectId>f76e6d80-9503-42da-9856-e43c5b163bd7</ProjectId>
      <CorrelationId>Intent.ModuleBuilder.Templates.FactoryExtension#de4442b6-372c-43eb-a5c0-b4b3679b9c6a</CorrelationId>
      <OverwriteBehaviour>always</OverwriteBehaviour>
      <ApplicationRelativeFilePath>FactoryExtensions/ServerAddAuthentication.cs</ApplicationRelativeFilePath>
      <ProjectRelativeFilePath>ServerAddAuthentication.cs</ProjectRelativeFilePath>
      <IsIgnored>false</IsIgnored>
    </FileLog>
    <FileLog>
      <ProjectId>24706897-5aa1-4842-b13a-bcb948b0ffd0</ProjectId>
      <CorrelationId>Intent.ModuleBuilder.IModSpecFile</CorrelationId>
      <OverwriteBehaviour>always</OverwriteBehaviour>
      <ApplicationRelativeFilePath>Intent.Blazor.Authentication.imodspec</ApplicationRelativeFilePath>
      <ProjectRelativeFilePath>Intent.Blazor.Authentication.imodspec</ProjectRelativeFilePath>
      <IsIgnored>false</IsIgnored>
    </FileLog>
    <FileLog>
      <ProjectId>24706897-5aa1-4842-b13a-bcb948b0ffd0</ProjectId>
      <CorrelationId>Intent.VisualStudio.Projects.CSharpProject#24706897-5aa1-4842-b13a-bcb948b0ffd0</CorrelationId>
      <OverwriteBehaviour>always</OverwriteBehaviour>
      <ApplicationRelativeFilePath>Intent.Modules.Blazor.Authentication.csproj</ApplicationRelativeFilePath>
      <ProjectRelativeFilePath>Intent.Modules.Blazor.Authentication.csproj</ProjectRelativeFilePath>
      <IsIgnored>false</IsIgnored>
    </FileLog>
    <FileLog>
      <ProjectId>24706897-5aa1-4842-b13a-bcb948b0ffd0</ProjectId>
      <CorrelationId>Intent.ModuleBuilder.CSharp.Templates.NugetPackages</CorrelationId>
      <OverwriteBehaviour>always</OverwriteBehaviour>
      <ApplicationRelativeFilePath>NugetPackages.cs</ApplicationRelativeFilePath>
      <ProjectRelativeFilePath>NugetPackages.cs</ProjectRelativeFilePath>
      <IsIgnored>false</IsIgnored>
    </FileLog>
    <FileLog>
      <ProjectId>24706897-5aa1-4842-b13a-bcb948b0ffd0</ProjectId>
      <CorrelationId>Intent.ModuleBuilder.Templates.ReleaseNotes</CorrelationId>
      <OverwriteBehaviour>once-off</OverwriteBehaviour>
      <ApplicationRelativeFilePath>release-notes.md</ApplicationRelativeFilePath>
      <ProjectRelativeFilePath>release-notes.md</ProjectRelativeFilePath>
      <IsIgnored>false</IsIgnored>
    </FileLog>
    <FileLog>
      <ProjectId>5b51fe2f-4fa3-47a7-8bb2-634ad7b119e5</ProjectId>
      <CorrelationId>Intent.ModuleBuilder.Templates.DocumentationTemplate#98aabe13-136e-4db3-8d88-4d00fe8ba02c</CorrelationId>
      <OverwriteBehaviour>always</OverwriteBehaviour>
      <ApplicationRelativeFilePath>resources/documentation.json</ApplicationRelativeFilePath>
      <ProjectRelativeFilePath>documentation.json</ProjectRelativeFilePath>
      <IsIgnored>false</IsIgnored>
    </FileLog>
    <FileLog>
      <ProjectId>255e0d88-3ed1-4f00-8a91-b92a2302556b</ProjectId>
      <CorrelationId>Intent.ModuleBuilder.Templates.Settings.ModuleSettingsExtensions#b9d38f7c-7a8d-4007-b33d-7f386ccf119a</CorrelationId>
      <OverwriteBehaviour>always</OverwriteBehaviour>
      <ApplicationRelativeFilePath>Settings/ModuleSettingsExtensions.cs</ApplicationRelativeFilePath>
      <ProjectRelativeFilePath>ModuleSettingsExtensions.cs</ProjectRelativeFilePath>
      <IsIgnored>false</IsIgnored>
    </FileLog>
    <FileLog>
      <ProjectId>90f36029-b4b8-4117-bacd-1c4851022c9f</ProjectId>
      <CorrelationId>Intent.ModuleBuilder.Templates.TemplateExtensions</CorrelationId>
      <OverwriteBehaviour>always</OverwriteBehaviour>
      <ApplicationRelativeFilePath>Templates/TemplateExtensions.cs</ApplicationRelativeFilePath>
      <ProjectRelativeFilePath>TemplateExtensions.cs</ProjectRelativeFilePath>
      <IsIgnored>false</IsIgnored>
    </FileLog>
    <FileLog>
      <ProjectId>90f36029-b4b8-4117-bacd-1c4851022c9f</ProjectId>
      <CorrelationId>Intent.ModuleBuilder.CSharp.Templates.CSharpTemplatePartial#9bef92a3-6542-4902-b83d-a79109013108</CorrelationId>
      <OverwriteBehaviour>always</OverwriteBehaviour>
      <ApplicationRelativeFilePath>Templates/Templates/Client/PersistentAuthenticationStateProvider/PersistentAuthenticationStateProviderTemplatePartial.cs</ApplicationRelativeFilePath>
      <ProjectRelativeFilePath>Templates/Client/PersistentAuthenticationStateProvider/PersistentAuthenticationStateProviderTemplatePartial.cs</ProjectRelativeFilePath>
      <IsIgnored>false</IsIgnored>
    </FileLog>
    <FileLog>
      <ProjectId>90f36029-b4b8-4117-bacd-1c4851022c9f</ProjectId>
      <CorrelationId>Intent.ModuleBuilder.TemplateRegistration.SingleFileNoModel#9bef92a3-6542-4902-b83d-a79109013108</CorrelationId>
      <OverwriteBehaviour>always</OverwriteBehaviour>
      <ApplicationRelativeFilePath>Templates/Templates/Client/PersistentAuthenticationStateProvider/PersistentAuthenticationStateProviderTemplateRegistration.cs</ApplicationRelativeFilePath>
      <ProjectRelativeFilePath>Templates/Client/PersistentAuthenticationStateProvider/PersistentAuthenticationStateProviderTemplateRegistration.cs</ProjectRelativeFilePath>
      <IsIgnored>false</IsIgnored>
    </FileLog>
    <FileLog>
      <ProjectId>90f36029-b4b8-4117-bacd-1c4851022c9f</ProjectId>
      <CorrelationId>Intent.ModuleBuilder.CSharp.Templates.RazorTemplatePartial#70b935ea-010d-4827-9156-14efdc2aafc4</CorrelationId>
      <OverwriteBehaviour>always</OverwriteBehaviour>
      <ApplicationRelativeFilePath>Templates/Templates/Client/RedirectToLogin/RedirectToLoginTemplatePartial.cs</ApplicationRelativeFilePath>
      <ProjectRelativeFilePath>Templates/Client/RedirectToLogin/RedirectToLoginTemplatePartial.cs</ProjectRelativeFilePath>
      <IsIgnored>false</IsIgnored>
    </FileLog>
    <FileLog>
      <ProjectId>90f36029-b4b8-4117-bacd-1c4851022c9f</ProjectId>
      <CorrelationId>Intent.ModuleBuilder.TemplateRegistration.SingleFileNoModel#70b935ea-010d-4827-9156-14efdc2aafc4</CorrelationId>
      <OverwriteBehaviour>always</OverwriteBehaviour>
      <ApplicationRelativeFilePath>Templates/Templates/Client/RedirectToLogin/RedirectToLoginTemplateRegistration.cs</ApplicationRelativeFilePath>
      <ProjectRelativeFilePath>Templates/Client/RedirectToLogin/RedirectToLoginTemplateRegistration.cs</ProjectRelativeFilePath>
      <IsIgnored>false</IsIgnored>
    </FileLog>
    <FileLog>
      <ProjectId>90f36029-b4b8-4117-bacd-1c4851022c9f</ProjectId>
      <CorrelationId>Intent.ModuleBuilder.CSharp.Templates.CSharpTemplatePartial#15e7db1d-a0ec-49ce-b5f3-5f6d000f10de</CorrelationId>
      <OverwriteBehaviour>always</OverwriteBehaviour>
      <ApplicationRelativeFilePath>Templates/Templates/Client/ServerAuthorizationMessageHandler/ServerAuthorizationMessageHandlerTemplatePartial.cs</ApplicationRelativeFilePath>
      <ProjectRelativeFilePath>Templates/Client/ServerAuthorizationMessageHandler/ServerAuthorizationMessageHandlerTemplatePartial.cs</ProjectRelativeFilePath>
      <IsIgnored>false</IsIgnored>
    </FileLog>
    <FileLog>
      <ProjectId>90f36029-b4b8-4117-bacd-1c4851022c9f</ProjectId>
      <CorrelationId>Intent.ModuleBuilder.TemplateRegistration.SingleFileNoModel#15e7db1d-a0ec-49ce-b5f3-5f6d000f10de</CorrelationId>
      <OverwriteBehaviour>always</OverwriteBehaviour>
      <ApplicationRelativeFilePath>Templates/Templates/Client/ServerAuthorizationMessageHandler/ServerAuthorizationMessageHandlerTemplateRegistration.cs</ApplicationRelativeFilePath>
      <ProjectRelativeFilePath>Templates/Client/ServerAuthorizationMessageHandler/ServerAuthorizationMessageHandlerTemplateRegistration.cs</ProjectRelativeFilePath>
      <IsIgnored>false</IsIgnored>
    </FileLog>
    <FileLog>
      <ProjectId>90f36029-b4b8-4117-bacd-1c4851022c9f</ProjectId>
      <CorrelationId>Intent.ModuleBuilder.CSharp.Templates.CSharpTemplatePartial#826f81c4-31a0-4ff7-8d4a-c125c55e4702</CorrelationId>
      <OverwriteBehaviour>always</OverwriteBehaviour>
      <ApplicationRelativeFilePath>Templates/Templates/Client/UserInfo/UserInfoTemplatePartial.cs</ApplicationRelativeFilePath>
      <ProjectRelativeFilePath>Templates/Client/UserInfo/UserInfoTemplatePartial.cs</ProjectRelativeFilePath>
      <IsIgnored>false</IsIgnored>
    </FileLog>
    <FileLog>
      <ProjectId>90f36029-b4b8-4117-bacd-1c4851022c9f</ProjectId>
      <CorrelationId>Intent.ModuleBuilder.TemplateRegistration.SingleFileNoModel#826f81c4-31a0-4ff7-8d4a-c125c55e4702</CorrelationId>
      <OverwriteBehaviour>always</OverwriteBehaviour>
      <ApplicationRelativeFilePath>Templates/Templates/Client/UserInfo/UserInfoTemplateRegistration.cs</ApplicationRelativeFilePath>
      <ProjectRelativeFilePath>Templates/Client/UserInfo/UserInfoTemplateRegistration.cs</ProjectRelativeFilePath>
      <IsIgnored>false</IsIgnored>
    </FileLog>
    <FileLog>
      <ProjectId>90f36029-b4b8-4117-bacd-1c4851022c9f</ProjectId>
      <CorrelationId>Intent.ModuleBuilder.CSharp.Templates.RazorTemplatePartial#9bf51ee3-9b8a-4021-a947-c4eb8e516a6d</CorrelationId>
      <OverwriteBehaviour>always</OverwriteBehaviour>
      <ApplicationRelativeFilePath>Templates/Templates/Server/AccountLayout/AccountLayoutTemplatePartial.cs</ApplicationRelativeFilePath>
      <ProjectRelativeFilePath>Templates/Server/AccountLayout/AccountLayoutTemplatePartial.cs</ProjectRelativeFilePath>
      <IsIgnored>false</IsIgnored>
    </FileLog>
    <FileLog>
      <ProjectId>90f36029-b4b8-4117-bacd-1c4851022c9f</ProjectId>
      <CorrelationId>Intent.ModuleBuilder.TemplateRegistration.SingleFileNoModel#9bf51ee3-9b8a-4021-a947-c4eb8e516a6d</CorrelationId>
      <OverwriteBehaviour>always</OverwriteBehaviour>
      <ApplicationRelativeFilePath>Templates/Templates/Server/AccountLayout/AccountLayoutTemplateRegistration.cs</ApplicationRelativeFilePath>
      <ProjectRelativeFilePath>Templates/Server/AccountLayout/AccountLayoutTemplateRegistration.cs</ProjectRelativeFilePath>
      <IsIgnored>false</IsIgnored>
    </FileLog>
    <FileLog>
      <ProjectId>90f36029-b4b8-4117-bacd-1c4851022c9f</ProjectId>
      <CorrelationId>Intent.ModuleBuilder.CSharp.Templates.CSharpTemplatePartial#efae6982-1671-4329-bc0f-405e20afe380</CorrelationId>
      <OverwriteBehaviour>always</OverwriteBehaviour>
      <ApplicationRelativeFilePath>Templates/Templates/Server/ApplicationDbContext/ApplicationDbContextTemplatePartial.cs</ApplicationRelativeFilePath>
      <ProjectRelativeFilePath>Templates/Server/ApplicationDbContext/ApplicationDbContextTemplatePartial.cs</ProjectRelativeFilePath>
      <IsIgnored>false</IsIgnored>
    </FileLog>
    <FileLog>
      <ProjectId>90f36029-b4b8-4117-bacd-1c4851022c9f</ProjectId>
      <CorrelationId>Intent.ModuleBuilder.TemplateRegistration.SingleFileNoModel#efae6982-1671-4329-bc0f-405e20afe380</CorrelationId>
      <OverwriteBehaviour>always</OverwriteBehaviour>
      <ApplicationRelativeFilePath>Templates/Templates/Server/ApplicationDbContext/ApplicationDbContextTemplateRegistration.cs</ApplicationRelativeFilePath>
      <ProjectRelativeFilePath>Templates/Server/ApplicationDbContext/ApplicationDbContextTemplateRegistration.cs</ProjectRelativeFilePath>
      <IsIgnored>false</IsIgnored>
    </FileLog>
    <FileLog>
      <ProjectId>90f36029-b4b8-4117-bacd-1c4851022c9f</ProjectId>
      <CorrelationId>Intent.ModuleBuilder.CSharp.Templates.CSharpTemplatePartial#6e72feea-1e43-48b9-a34a-3628a8c8feb9</CorrelationId>
      <OverwriteBehaviour>always</OverwriteBehaviour>
      <ApplicationRelativeFilePath>Templates/Templates/Server/ApplicationUser/ApplicationUserTemplatePartial.cs</ApplicationRelativeFilePath>
      <ProjectRelativeFilePath>Templates/Server/ApplicationUser/ApplicationUserTemplatePartial.cs</ProjectRelativeFilePath>
      <IsIgnored>false</IsIgnored>
    </FileLog>
    <FileLog>
      <ProjectId>90f36029-b4b8-4117-bacd-1c4851022c9f</ProjectId>
      <CorrelationId>Intent.ModuleBuilder.TemplateRegistration.SingleFileNoModel#6e72feea-1e43-48b9-a34a-3628a8c8feb9</CorrelationId>
      <OverwriteBehaviour>always</OverwriteBehaviour>
      <ApplicationRelativeFilePath>Templates/Templates/Server/ApplicationUser/ApplicationUserTemplateRegistration.cs</ApplicationRelativeFilePath>
      <ProjectRelativeFilePath>Templates/Server/ApplicationUser/ApplicationUserTemplateRegistration.cs</ProjectRelativeFilePath>
      <IsIgnored>false</IsIgnored>
    </FileLog>
    <FileLog>
      <ProjectId>90f36029-b4b8-4117-bacd-1c4851022c9f</ProjectId>
      <CorrelationId>Intent.ModuleBuilder.CSharp.Templates.CSharpTemplatePartial#8839263e-bd06-4bbd-8e72-0b599222e22c</CorrelationId>
      <OverwriteBehaviour>always</OverwriteBehaviour>
      <ApplicationRelativeFilePath>Templates/Templates/Server/AspNetCoreIdentityAuthServiceConcrete/AspNetCoreIdentityAuthServiceConcreteTemplatePartial.cs</ApplicationRelativeFilePath>
      <ProjectRelativeFilePath>Templates/Server/AspNetCoreIdentityAuthServiceConcrete/AspNetCoreIdentityAuthServiceConcreteTemplatePartial.cs</ProjectRelativeFilePath>
      <IsIgnored>false</IsIgnored>
    </FileLog>
    <FileLog>
      <ProjectId>90f36029-b4b8-4117-bacd-1c4851022c9f</ProjectId>
      <CorrelationId>Intent.ModuleBuilder.TemplateRegistration.SingleFileNoModel#8839263e-bd06-4bbd-8e72-0b599222e22c</CorrelationId>
      <OverwriteBehaviour>always</OverwriteBehaviour>
      <ApplicationRelativeFilePath>Templates/Templates/Server/AspNetCoreIdentityAuthServiceConcrete/AspNetCoreIdentityAuthServiceConcreteTemplateRegistration.cs</ApplicationRelativeFilePath>
      <ProjectRelativeFilePath>Templates/Server/AspNetCoreIdentityAuthServiceConcrete/AspNetCoreIdentityAuthServiceConcreteTemplateRegistration.cs</ProjectRelativeFilePath>
      <IsIgnored>false</IsIgnored>
    </FileLog>
    <FileLog>
      <ProjectId>90f36029-b4b8-4117-bacd-1c4851022c9f</ProjectId>
      <CorrelationId>Intent.ModuleBuilder.CSharp.Templates.CSharpTemplatePartial#ee57170a-dd75-4cc7-b462-7fe8bbaa643b</CorrelationId>
      <OverwriteBehaviour>always</OverwriteBehaviour>
      <ApplicationRelativeFilePath>Templates/Templates/Server/AuthServiceInterface/AuthServiceInterfaceTemplatePartial.cs</ApplicationRelativeFilePath>
      <ProjectRelativeFilePath>Templates/Server/AuthServiceInterface/AuthServiceInterfaceTemplatePartial.cs</ProjectRelativeFilePath>
      <IsIgnored>false</IsIgnored>
    </FileLog>
    <FileLog>
      <ProjectId>90f36029-b4b8-4117-bacd-1c4851022c9f</ProjectId>
      <CorrelationId>Intent.ModuleBuilder.TemplateRegistration.SingleFileNoModel#ee57170a-dd75-4cc7-b462-7fe8bbaa643b</CorrelationId>
      <OverwriteBehaviour>always</OverwriteBehaviour>
      <ApplicationRelativeFilePath>Templates/Templates/Server/AuthServiceInterface/AuthServiceInterfaceTemplateRegistration.cs</ApplicationRelativeFilePath>
      <ProjectRelativeFilePath>Templates/Server/AuthServiceInterface/AuthServiceInterfaceTemplateRegistration.cs</ProjectRelativeFilePath>
      <IsIgnored>false</IsIgnored>
    </FileLog>
    <FileLog>
      <ProjectId>90f36029-b4b8-4117-bacd-1c4851022c9f</ProjectId>
      <CorrelationId>Intent.ModuleBuilder.CSharp.Templates.RazorTemplatePartial#f022b54a-c3c2-415a-a560-b676f2b4b4ee</CorrelationId>
      <OverwriteBehaviour>always</OverwriteBehaviour>
      <ApplicationRelativeFilePath>Templates/Templates/Server/ConfirmEmail/ConfirmEmailTemplatePartial.cs</ApplicationRelativeFilePath>
      <ProjectRelativeFilePath>Templates/Server/ConfirmEmail/ConfirmEmailTemplatePartial.cs</ProjectRelativeFilePath>
      <IsIgnored>false</IsIgnored>
    </FileLog>
    <FileLog>
      <ProjectId>90f36029-b4b8-4117-bacd-1c4851022c9f</ProjectId>
      <CorrelationId>Intent.ModuleBuilder.TemplateRegistration.SingleFileNoModel#f022b54a-c3c2-415a-a560-b676f2b4b4ee</CorrelationId>
      <OverwriteBehaviour>always</OverwriteBehaviour>
      <ApplicationRelativeFilePath>Templates/Templates/Server/ConfirmEmail/ConfirmEmailTemplateRegistration.cs</ApplicationRelativeFilePath>
      <ProjectRelativeFilePath>Templates/Server/ConfirmEmail/ConfirmEmailTemplateRegistration.cs</ProjectRelativeFilePath>
      <IsIgnored>false</IsIgnored>
    </FileLog>
    <FileLog>
      <ProjectId>90f36029-b4b8-4117-bacd-1c4851022c9f</ProjectId>
      <CorrelationId>Intent.ModuleBuilder.CSharp.Templates.RazorTemplatePartial#fcc16ec8-8672-4444-bafe-4e5c2a68bcd9</CorrelationId>
      <OverwriteBehaviour>always</OverwriteBehaviour>
      <ApplicationRelativeFilePath>Templates/Templates/Server/ForgotPassword/ForgotPasswordTemplatePartial.cs</ApplicationRelativeFilePath>
      <ProjectRelativeFilePath>Templates/Server/ForgotPassword/ForgotPasswordTemplatePartial.cs</ProjectRelativeFilePath>
      <IsIgnored>false</IsIgnored>
    </FileLog>
    <FileLog>
      <ProjectId>90f36029-b4b8-4117-bacd-1c4851022c9f</ProjectId>
      <CorrelationId>Intent.ModuleBuilder.TemplateRegistration.SingleFileNoModel#fcc16ec8-8672-4444-bafe-4e5c2a68bcd9</CorrelationId>
      <OverwriteBehaviour>always</OverwriteBehaviour>
      <ApplicationRelativeFilePath>Templates/Templates/Server/ForgotPassword/ForgotPasswordTemplateRegistration.cs</ApplicationRelativeFilePath>
      <ProjectRelativeFilePath>Templates/Server/ForgotPassword/ForgotPasswordTemplateRegistration.cs</ProjectRelativeFilePath>
      <IsIgnored>false</IsIgnored>
    </FileLog>
    <FileLog>
      <ProjectId>90f36029-b4b8-4117-bacd-1c4851022c9f</ProjectId>
      <CorrelationId>Intent.ModuleBuilder.CSharp.Templates.CSharpTemplatePartial#0a57e8a9-374b-4028-8d86-e4c84d8120ae</CorrelationId>
      <OverwriteBehaviour>always</OverwriteBehaviour>
      <ApplicationRelativeFilePath>Templates/Templates/Server/IdentityComponentsEndpointRouteBuilderExtensions/IdentityComponentsEndpointRouteBuilderExtensionsTemplatePartial.cs</ApplicationRelativeFilePath>
      <ProjectRelativeFilePath>Templates/Server/IdentityComponentsEndpointRouteBuilderExtensions/IdentityComponentsEndpointRouteBuilderExtensionsTemplatePartial.cs</ProjectRelativeFilePath>
      <IsIgnored>false</IsIgnored>
    </FileLog>
    <FileLog>
      <ProjectId>90f36029-b4b8-4117-bacd-1c4851022c9f</ProjectId>
      <CorrelationId>Intent.ModuleBuilder.TemplateRegistration.SingleFileNoModel#0a57e8a9-374b-4028-8d86-e4c84d8120ae</CorrelationId>
      <OverwriteBehaviour>always</OverwriteBehaviour>
      <ApplicationRelativeFilePath>Templates/Templates/Server/IdentityComponentsEndpointRouteBuilderExtensions/IdentityComponentsEndpointRouteBuilderExtensionsTemplateRegistration.cs</ApplicationRelativeFilePath>
      <ProjectRelativeFilePath>Templates/Server/IdentityComponentsEndpointRouteBuilderExtensions/IdentityComponentsEndpointRouteBuilderExtensionsTemplateRegistration.cs</ProjectRelativeFilePath>
      <IsIgnored>false</IsIgnored>
    </FileLog>
    <FileLog>
      <ProjectId>90f36029-b4b8-4117-bacd-1c4851022c9f</ProjectId>
      <CorrelationId>Intent.ModuleBuilder.CSharp.Templates.CSharpTemplatePartial#59e4a953-f9a6-4a8f-bae0-dabd0975831f</CorrelationId>
      <OverwriteBehaviour>always</OverwriteBehaviour>
      <ApplicationRelativeFilePath>Templates/Templates/Server/IdentityNoOpEmailSender/IdentityNoOpEmailSenderTemplatePartial.cs</ApplicationRelativeFilePath>
      <ProjectRelativeFilePath>Templates/Server/IdentityNoOpEmailSender/IdentityNoOpEmailSenderTemplatePartial.cs</ProjectRelativeFilePath>
      <IsIgnored>false</IsIgnored>
    </FileLog>
    <FileLog>
      <ProjectId>90f36029-b4b8-4117-bacd-1c4851022c9f</ProjectId>
      <CorrelationId>Intent.ModuleBuilder.TemplateRegistration.SingleFileNoModel#59e4a953-f9a6-4a8f-bae0-dabd0975831f</CorrelationId>
      <OverwriteBehaviour>always</OverwriteBehaviour>
      <ApplicationRelativeFilePath>Templates/Templates/Server/IdentityNoOpEmailSender/IdentityNoOpEmailSenderTemplateRegistration.cs</ApplicationRelativeFilePath>
      <ProjectRelativeFilePath>Templates/Server/IdentityNoOpEmailSender/IdentityNoOpEmailSenderTemplateRegistration.cs</ProjectRelativeFilePath>
      <IsIgnored>false</IsIgnored>
    </FileLog>
    <FileLog>
      <ProjectId>90f36029-b4b8-4117-bacd-1c4851022c9f</ProjectId>
      <CorrelationId>Intent.ModuleBuilder.CSharp.Templates.CSharpTemplatePartial#a7e13c69-d60a-4292-b0cd-834f491c875b</CorrelationId>
      <OverwriteBehaviour>always</OverwriteBehaviour>
      <ApplicationRelativeFilePath>Templates/Templates/Server/IdentityRedirectManager/IdentityRedirectManagerTemplatePartial.cs</ApplicationRelativeFilePath>
      <ProjectRelativeFilePath>Templates/Server/IdentityRedirectManager/IdentityRedirectManagerTemplatePartial.cs</ProjectRelativeFilePath>
      <IsIgnored>false</IsIgnored>
    </FileLog>
    <FileLog>
      <ProjectId>90f36029-b4b8-4117-bacd-1c4851022c9f</ProjectId>
      <CorrelationId>Intent.ModuleBuilder.TemplateRegistration.SingleFileNoModel#a7e13c69-d60a-4292-b0cd-834f491c875b</CorrelationId>
      <OverwriteBehaviour>always</OverwriteBehaviour>
      <ApplicationRelativeFilePath>Templates/Templates/Server/IdentityRedirectManager/IdentityRedirectManagerTemplateRegistration.cs</ApplicationRelativeFilePath>
      <ProjectRelativeFilePath>Templates/Server/IdentityRedirectManager/IdentityRedirectManagerTemplateRegistration.cs</ProjectRelativeFilePath>
      <IsIgnored>false</IsIgnored>
    </FileLog>
    <FileLog>
      <ProjectId>90f36029-b4b8-4117-bacd-1c4851022c9f</ProjectId>
      <CorrelationId>Intent.ModuleBuilder.CSharp.Templates.CSharpTemplatePartial#ed2ce2d4-f3dd-4ee7-94c6-0edbb258db3b</CorrelationId>
      <OverwriteBehaviour>always</OverwriteBehaviour>
      <ApplicationRelativeFilePath>Templates/Templates/Server/IdentityRevalidatingAuthenticationStateProvider/IdentityRevalidatingAuthenticationStateProviderTemplatePartial.cs</ApplicationRelativeFilePath>
      <ProjectRelativeFilePath>Templates/Server/IdentityRevalidatingAuthenticationStateProvider/IdentityRevalidatingAuthenticationStateProviderTemplatePartial.cs</ProjectRelativeFilePath>
      <IsIgnored>false</IsIgnored>
    </FileLog>
    <FileLog>
      <ProjectId>90f36029-b4b8-4117-bacd-1c4851022c9f</ProjectId>
      <CorrelationId>Intent.ModuleBuilder.TemplateRegistration.SingleFileNoModel#ed2ce2d4-f3dd-4ee7-94c6-0edbb258db3b</CorrelationId>
      <OverwriteBehaviour>always</OverwriteBehaviour>
      <ApplicationRelativeFilePath>Templates/Templates/Server/IdentityRevalidatingAuthenticationStateProvider/IdentityRevalidatingAuthenticationStateProviderTemplateRegistration.cs</ApplicationRelativeFilePath>
      <ProjectRelativeFilePath>Templates/Server/IdentityRevalidatingAuthenticationStateProvider/IdentityRevalidatingAuthenticationStateProviderTemplateRegistration.cs</ProjectRelativeFilePath>
      <IsIgnored>false</IsIgnored>
    </FileLog>
    <FileLog>
      <ProjectId>90f36029-b4b8-4117-bacd-1c4851022c9f</ProjectId>
      <CorrelationId>Intent.ModuleBuilder.CSharp.Templates.CSharpTemplatePartial#3e9cb448-cb4e-47d2-b4e0-d1973b83ab91</CorrelationId>
      <OverwriteBehaviour>always</OverwriteBehaviour>
      <ApplicationRelativeFilePath>Templates/Templates/Server/IdentityUserAccessor/IdentityUserAccessorTemplatePartial.cs</ApplicationRelativeFilePath>
      <ProjectRelativeFilePath>Templates/Server/IdentityUserAccessor/IdentityUserAccessorTemplatePartial.cs</ProjectRelativeFilePath>
      <IsIgnored>false</IsIgnored>
    </FileLog>
    <FileLog>
      <ProjectId>90f36029-b4b8-4117-bacd-1c4851022c9f</ProjectId>
      <CorrelationId>Intent.ModuleBuilder.TemplateRegistration.SingleFileNoModel#3e9cb448-cb4e-47d2-b4e0-d1973b83ab91</CorrelationId>
      <OverwriteBehaviour>always</OverwriteBehaviour>
      <ApplicationRelativeFilePath>Templates/Templates/Server/IdentityUserAccessor/IdentityUserAccessorTemplateRegistration.cs</ApplicationRelativeFilePath>
      <ProjectRelativeFilePath>Templates/Server/IdentityUserAccessor/IdentityUserAccessorTemplateRegistration.cs</ProjectRelativeFilePath>
      <IsIgnored>false</IsIgnored>
    </FileLog>
    <FileLog>
      <ProjectId>90f36029-b4b8-4117-bacd-1c4851022c9f</ProjectId>
      <CorrelationId>Intent.ModuleBuilder.CSharp.Templates.CSharpTemplatePartial#5d7bee39-8fba-4450-9d55-1ab14041340b</CorrelationId>
      <OverwriteBehaviour>always</OverwriteBehaviour>
      <ApplicationRelativeFilePath>Templates/Templates/Server/JwtAuthServiceConcrete/JwtAuthServiceConcreteTemplatePartial.cs</ApplicationRelativeFilePath>
      <ProjectRelativeFilePath>Templates/Server/JwtAuthServiceConcrete/JwtAuthServiceConcreteTemplatePartial.cs</ProjectRelativeFilePath>
      <IsIgnored>false</IsIgnored>
    </FileLog>
    <FileLog>
      <ProjectId>90f36029-b4b8-4117-bacd-1c4851022c9f</ProjectId>
      <CorrelationId>Intent.ModuleBuilder.TemplateRegistration.SingleFileNoModel#5d7bee39-8fba-4450-9d55-1ab14041340b</CorrelationId>
      <OverwriteBehaviour>always</OverwriteBehaviour>
      <ApplicationRelativeFilePath>Templates/Templates/Server/JwtAuthServiceConcrete/JwtAuthServiceConcreteTemplateRegistration.cs</ApplicationRelativeFilePath>
      <ProjectRelativeFilePath>Templates/Server/JwtAuthServiceConcrete/JwtAuthServiceConcreteTemplateRegistration.cs</ProjectRelativeFilePath>
      <IsIgnored>false</IsIgnored>
    </FileLog>
    <FileLog>
      <ProjectId>90f36029-b4b8-4117-bacd-1c4851022c9f</ProjectId>
      <CorrelationId>Intent.ModuleBuilder.CSharp.Templates.RazorTemplatePartial#ae09df64-808b-40e1-82af-7bca830d0617</CorrelationId>
      <OverwriteBehaviour>always</OverwriteBehaviour>
      <ApplicationRelativeFilePath>Templates/Templates/Server/Login/LoginTemplatePartial.cs</ApplicationRelativeFilePath>
      <ProjectRelativeFilePath>Templates/Server/Login/LoginTemplatePartial.cs</ProjectRelativeFilePath>
      <IsIgnored>false</IsIgnored>
    </FileLog>
    <FileLog>
      <ProjectId>90f36029-b4b8-4117-bacd-1c4851022c9f</ProjectId>
      <CorrelationId>Intent.ModuleBuilder.TemplateRegistration.SingleFileNoModel#ae09df64-808b-40e1-82af-7bca830d0617</CorrelationId>
      <OverwriteBehaviour>always</OverwriteBehaviour>
      <ApplicationRelativeFilePath>Templates/Templates/Server/Login/LoginTemplateRegistration.cs</ApplicationRelativeFilePath>
      <ProjectRelativeFilePath>Templates/Server/Login/LoginTemplateRegistration.cs</ProjectRelativeFilePath>
      <IsIgnored>false</IsIgnored>
    </FileLog>
    <FileLog>
      <ProjectId>90f36029-b4b8-4117-bacd-1c4851022c9f</ProjectId>
      <CorrelationId>Intent.ModuleBuilder.CSharp.Templates.CSharpTemplatePartial#614d58ce-5ba0-47d2-af7a-74fbb37a5857</CorrelationId>
      <OverwriteBehaviour>always</OverwriteBehaviour>
      <ApplicationRelativeFilePath>Templates/Templates/Server/OidcAuthenticationOptions/OidcAuthenticationOptionsTemplatePartial.cs</ApplicationRelativeFilePath>
      <ProjectRelativeFilePath>Templates/Server/OidcAuthenticationOptions/OidcAuthenticationOptionsTemplatePartial.cs</ProjectRelativeFilePath>
      <IsIgnored>false</IsIgnored>
    </FileLog>
    <FileLog>
      <ProjectId>90f36029-b4b8-4117-bacd-1c4851022c9f</ProjectId>
      <CorrelationId>Intent.ModuleBuilder.TemplateRegistration.SingleFileNoModel#614d58ce-5ba0-47d2-af7a-74fbb37a5857</CorrelationId>
      <OverwriteBehaviour>always</OverwriteBehaviour>
      <ApplicationRelativeFilePath>Templates/Templates/Server/OidcAuthenticationOptions/OidcAuthenticationOptionsTemplateRegistration.cs</ApplicationRelativeFilePath>
      <ProjectRelativeFilePath>Templates/Server/OidcAuthenticationOptions/OidcAuthenticationOptionsTemplateRegistration.cs</ProjectRelativeFilePath>
      <IsIgnored>false</IsIgnored>
    </FileLog>
    <FileLog>
      <ProjectId>90f36029-b4b8-4117-bacd-1c4851022c9f</ProjectId>
      <CorrelationId>Intent.ModuleBuilder.CSharp.Templates.CSharpTemplatePartial#7be3c1f1-74cf-4775-bd5d-bc737260fac0</CorrelationId>
      <OverwriteBehaviour>always</OverwriteBehaviour>
      <ApplicationRelativeFilePath>Templates/Templates/Server/OidcAuthServiceConcrete/OidcAuthServiceConcreteTemplatePartial.cs</ApplicationRelativeFilePath>
      <ProjectRelativeFilePath>Templates/Server/OidcAuthServiceConcrete/OidcAuthServiceConcreteTemplatePartial.cs</ProjectRelativeFilePath>
      <IsIgnored>false</IsIgnored>
    </FileLog>
    <FileLog>
      <ProjectId>90f36029-b4b8-4117-bacd-1c4851022c9f</ProjectId>
      <CorrelationId>Intent.ModuleBuilder.TemplateRegistration.SingleFileNoModel#7be3c1f1-74cf-4775-bd5d-bc737260fac0</CorrelationId>
      <OverwriteBehaviour>always</OverwriteBehaviour>
      <ApplicationRelativeFilePath>Templates/Templates/Server/OidcAuthServiceConcrete/OidcAuthServiceConcreteTemplateRegistration.cs</ApplicationRelativeFilePath>
      <ProjectRelativeFilePath>Templates/Server/OidcAuthServiceConcrete/OidcAuthServiceConcreteTemplateRegistration.cs</ProjectRelativeFilePath>
      <IsIgnored>false</IsIgnored>
    </FileLog>
    <FileLog>
      <ProjectId>90f36029-b4b8-4117-bacd-1c4851022c9f</ProjectId>
      <CorrelationId>Intent.ModuleBuilder.CSharp.Templates.CSharpTemplatePartial#b1347657-8b7c-482c-8b55-8f3895209b18</CorrelationId>
      <OverwriteBehaviour>always</OverwriteBehaviour>
      <ApplicationRelativeFilePath>Templates/Templates/Server/PersistingRevalidatingAuthenticationStateProvider/PersistingRevalidatingAuthenticationStateProviderTemplatePartial.cs</ApplicationRelativeFilePath>
      <ProjectRelativeFilePath>Templates/Server/PersistingRevalidatingAuthenticationStateProvider/PersistingRevalidatingAuthenticationStateProviderTemplatePartial.cs</ProjectRelativeFilePath>
      <IsIgnored>false</IsIgnored>
    </FileLog>
    <FileLog>
      <ProjectId>90f36029-b4b8-4117-bacd-1c4851022c9f</ProjectId>
      <CorrelationId>Intent.ModuleBuilder.TemplateRegistration.SingleFileNoModel#b1347657-8b7c-482c-8b55-8f3895209b18</CorrelationId>
      <OverwriteBehaviour>always</OverwriteBehaviour>
      <ApplicationRelativeFilePath>Templates/Templates/Server/PersistingRevalidatingAuthenticationStateProvider/PersistingRevalidatingAuthenticationStateProviderTemplateRegistration.cs</ApplicationRelativeFilePath>
      <ProjectRelativeFilePath>Templates/Server/PersistingRevalidatingAuthenticationStateProvider/PersistingRevalidatingAuthenticationStateProviderTemplateRegistration.cs</ProjectRelativeFilePath>
      <IsIgnored>false</IsIgnored>
    </FileLog>
    <FileLog>
      <ProjectId>90f36029-b4b8-4117-bacd-1c4851022c9f</ProjectId>
      <CorrelationId>Intent.ModuleBuilder.CSharp.Templates.CSharpTemplatePartial#f441f791-15a7-49fe-a2de-a1697efc9f86</CorrelationId>
      <OverwriteBehaviour>always</OverwriteBehaviour>
      <ApplicationRelativeFilePath>Templates/Templates/Server/PersistingServerAuthenticationStateProvider/PersistingServerAuthenticationStateProviderTemplatePartial.cs</ApplicationRelativeFilePath>
      <ProjectRelativeFilePath>Templates/Server/PersistingServerAuthenticationStateProvider/PersistingServerAuthenticationStateProviderTemplatePartial.cs</ProjectRelativeFilePath>
      <IsIgnored>false</IsIgnored>
    </FileLog>
    <FileLog>
      <ProjectId>90f36029-b4b8-4117-bacd-1c4851022c9f</ProjectId>
      <CorrelationId>Intent.ModuleBuilder.TemplateRegistration.SingleFileNoModel#f441f791-15a7-49fe-a2de-a1697efc9f86</CorrelationId>
      <OverwriteBehaviour>always</OverwriteBehaviour>
      <ApplicationRelativeFilePath>Templates/Templates/Server/PersistingServerAuthenticationStateProvider/PersistingServerAuthenticationStateProviderTemplateRegistration.cs</ApplicationRelativeFilePath>
      <ProjectRelativeFilePath>Templates/Server/PersistingServerAuthenticationStateProvider/PersistingServerAuthenticationStateProviderTemplateRegistration.cs</ProjectRelativeFilePath>
      <IsIgnored>false</IsIgnored>
    </FileLog>
    <FileLog>
      <ProjectId>90f36029-b4b8-4117-bacd-1c4851022c9f</ProjectId>
      <CorrelationId>Intent.ModuleBuilder.CSharp.Templates.RazorTemplatePartial#6a23c915-898c-42a3-ba29-a96355b33842</CorrelationId>
      <OverwriteBehaviour>always</OverwriteBehaviour>
      <ApplicationRelativeFilePath>Templates/Templates/Server/Register/RegisterTemplatePartial.cs</ApplicationRelativeFilePath>
      <ProjectRelativeFilePath>Templates/Server/Register/RegisterTemplatePartial.cs</ProjectRelativeFilePath>
      <IsIgnored>false</IsIgnored>
    </FileLog>
    <FileLog>
      <ProjectId>90f36029-b4b8-4117-bacd-1c4851022c9f</ProjectId>
      <CorrelationId>Intent.ModuleBuilder.TemplateRegistration.SingleFileNoModel#6a23c915-898c-42a3-ba29-a96355b33842</CorrelationId>
      <OverwriteBehaviour>always</OverwriteBehaviour>
      <ApplicationRelativeFilePath>Templates/Templates/Server/Register/RegisterTemplateRegistration.cs</ApplicationRelativeFilePath>
      <ProjectRelativeFilePath>Templates/Server/Register/RegisterTemplateRegistration.cs</ProjectRelativeFilePath>
      <IsIgnored>false</IsIgnored>
    </FileLog>
    <FileLog>
      <ProjectId>90f36029-b4b8-4117-bacd-1c4851022c9f</ProjectId>
      <CorrelationId>Intent.ModuleBuilder.CSharp.Templates.RazorTemplatePartial#39a81dac-c114-4a0d-9b90-e7c85ea0a26d</CorrelationId>
      <OverwriteBehaviour>always</OverwriteBehaviour>
      <ApplicationRelativeFilePath>Templates/Templates/Server/ResendEmailConfirmation/ResendEmailConfirmationTemplatePartial.cs</ApplicationRelativeFilePath>
      <ProjectRelativeFilePath>Templates/Server/ResendEmailConfirmation/ResendEmailConfirmationTemplatePartial.cs</ProjectRelativeFilePath>
      <IsIgnored>false</IsIgnored>
    </FileLog>
    <FileLog>
      <ProjectId>90f36029-b4b8-4117-bacd-1c4851022c9f</ProjectId>
      <CorrelationId>Intent.ModuleBuilder.TemplateRegistration.SingleFileNoModel#39a81dac-c114-4a0d-9b90-e7c85ea0a26d</CorrelationId>
      <OverwriteBehaviour>always</OverwriteBehaviour>
      <ApplicationRelativeFilePath>Templates/Templates/Server/ResendEmailConfirmation/ResendEmailConfirmationTemplateRegistration.cs</ApplicationRelativeFilePath>
      <ProjectRelativeFilePath>Templates/Server/ResendEmailConfirmation/ResendEmailConfirmationTemplateRegistration.cs</ProjectRelativeFilePath>
      <IsIgnored>false</IsIgnored>
    </FileLog>
    <FileLog>
      <ProjectId>90f36029-b4b8-4117-bacd-1c4851022c9f</ProjectId>
      <CorrelationId>Intent.ModuleBuilder.CSharp.Templates.RazorTemplatePartial#229bc344-bc8a-4807-b2d2-98ad02c3c14b</CorrelationId>
      <OverwriteBehaviour>always</OverwriteBehaviour>
      <ApplicationRelativeFilePath>Templates/Templates/Server/ResetPassword/ResetPasswordTemplatePartial.cs</ApplicationRelativeFilePath>
      <ProjectRelativeFilePath>Templates/Server/ResetPassword/ResetPasswordTemplatePartial.cs</ProjectRelativeFilePath>
      <IsIgnored>false</IsIgnored>
    </FileLog>
    <FileLog>
      <ProjectId>90f36029-b4b8-4117-bacd-1c4851022c9f</ProjectId>
      <CorrelationId>Intent.ModuleBuilder.TemplateRegistration.SingleFileNoModel#229bc344-bc8a-4807-b2d2-98ad02c3c14b</CorrelationId>
      <OverwriteBehaviour>always</OverwriteBehaviour>
      <ApplicationRelativeFilePath>Templates/Templates/Server/ResetPassword/ResetPasswordTemplateRegistration.cs</ApplicationRelativeFilePath>
      <ProjectRelativeFilePath>Templates/Server/ResetPassword/ResetPasswordTemplateRegistration.cs</ProjectRelativeFilePath>
      <IsIgnored>false</IsIgnored>
    </FileLog>
    <FileLog>
      <ProjectId>90f36029-b4b8-4117-bacd-1c4851022c9f</ProjectId>
      <CorrelationId>Intent.ModuleBuilder.CSharp.Templates.CSharpTemplatePartial#71383371-74d6-4655-9df0-484b7354d4c0</CorrelationId>
      <OverwriteBehaviour>always</OverwriteBehaviour>
      <ApplicationRelativeFilePath>Templates/Templates/Server/SetUserContextInterface/SetUserContextInterfaceTemplatePartial.cs</ApplicationRelativeFilePath>
      <ProjectRelativeFilePath>Templates/Server/SetUserContextInterface/SetUserContextInterfaceTemplatePartial.cs</ProjectRelativeFilePath>
      <IsIgnored>false</IsIgnored>
    </FileLog>
    <FileLog>
      <ProjectId>90f36029-b4b8-4117-bacd-1c4851022c9f</ProjectId>
      <CorrelationId>Intent.ModuleBuilder.TemplateRegistration.SingleFileNoModel#71383371-74d6-4655-9df0-484b7354d4c0</CorrelationId>
      <OverwriteBehaviour>always</OverwriteBehaviour>
      <ApplicationRelativeFilePath>Templates/Templates/Server/SetUserContextInterface/SetUserContextInterfaceTemplateRegistration.cs</ApplicationRelativeFilePath>
      <ProjectRelativeFilePath>Templates/Server/SetUserContextInterface/SetUserContextInterfaceTemplateRegistration.cs</ProjectRelativeFilePath>
      <IsIgnored>false</IsIgnored>
    </FileLog>
    <FileLog>
      <ProjectId>90f36029-b4b8-4117-bacd-1c4851022c9f</ProjectId>
      <CorrelationId>Intent.ModuleBuilder.Templates.StaticContentTemplateRegistration#b1dde391-adec-41d2-a5c8-e4d2bb58db7c</CorrelationId>
      <OverwriteBehaviour>always</OverwriteBehaviour>
      <ApplicationRelativeFilePath>Templates/Templates/Server/StaticContentTemplateRegistrations/AccountFolderPagesFolderFilesStaticContentTemplateRegistration.cs</ApplicationRelativeFilePath>
      <ProjectRelativeFilePath>Templates/Server/StaticContentTemplateRegistrations/AccountFolderPagesFolderFilesStaticContentTemplateRegistration.cs</ProjectRelativeFilePath>
      <IsIgnored>false</IsIgnored>
    </FileLog>
    <FileLog>
      <ProjectId>90f36029-b4b8-4117-bacd-1c4851022c9f</ProjectId>
      <CorrelationId>Intent.ModuleBuilder.Templates.StaticContentTemplateRegistration#1145f97b-3ae3-4bc4-8759-87905618b27f</CorrelationId>
      <OverwriteBehaviour>always</OverwriteBehaviour>
      <ApplicationRelativeFilePath>Templates/Templates/Server/StaticContentTemplateRegistrations/AccountFolderSharedFolderFilesStaticContentTemplateRegistration.cs</ApplicationRelativeFilePath>
      <ProjectRelativeFilePath>Templates/Server/StaticContentTemplateRegistrations/AccountFolderSharedFolderFilesStaticContentTemplateRegistration.cs</ProjectRelativeFilePath>
      <IsIgnored>false</IsIgnored>
    </FileLog>
    <FileLog>
      <ProjectId>90f36029-b4b8-4117-bacd-1c4851022c9f</ProjectId>
      <CorrelationId>Intent.ModuleBuilder.Templates.StaticContentTemplateRegistration#bac0ff15-dd32-4618-b598-a0c72013e3de</CorrelationId>
      <OverwriteBehaviour>always</OverwriteBehaviour>
      <ApplicationRelativeFilePath>Templates/Templates/Server/StaticContentTemplateRegistrations/WwwRootCssFilesStaticContentTemplateRegistration.cs</ApplicationRelativeFilePath>
      <ProjectRelativeFilePath>Templates/Server/StaticContentTemplateRegistrations/WwwRootCssFilesStaticContentTemplateRegistration.cs</ProjectRelativeFilePath>
      <IsIgnored>false</IsIgnored>
    </FileLog>
  </FileLogs>
</outputLog>