<?xml version="1.0" encoding="utf-8"?>
<outputLog>
  <ApplicationId>a1f8e42e-7c08-47c7-be64-6bcf3bd0bc85</ApplicationId>
  <FileLogs>
    <FileLog>
      <ProjectId>765f5842-f630-4ab1-8e0c-2ee3899e4881</ProjectId>
      <CorrelationId>Intent.ModuleBuilder.Templates.Api.ApiElementExtensionModel#c803c8b3-0e82-4072-bc5f-ca2b157809a9</CorrelationId>
      <OverwriteBehaviour>always</OverwriteBehaviour>
      <ApplicationRelativeFilePath>../../Intent.Modules.MongoDb.DomainEvents/Api/MongoDBDiagramExtensionModel.cs</ApplicationRelativeFilePath>
      <ProjectRelativeFilePath>MongoDBDiagramExtensionModel.cs</ProjectRelativeFilePath>
      <IsIgnored>false</IsIgnored>
    </FileLog>
    <FileLog>
      <ProjectId>765f5842-f630-4ab1-8e0c-2ee3899e4881</ProjectId>
      <CorrelationId>Intent.ModuleBuilder.Templates.Api.ApiPackageExtensionModel#7e22359c-9e55-4098-922a-e2c8cac14f50</CorrelationId>
      <OverwriteBehaviour>always</OverwriteBehaviour>
      <ApplicationRelativeFilePath>../../Intent.Modules.MongoDb.DomainEvents/Api/MongoDBDomainPackageExtensionModel.cs</ApplicationRelativeFilePath>
      <ProjectRelativeFilePath>MongoDBDomainPackageExtensionModel.cs</ProjectRelativeFilePath>
      <IsIgnored>false</IsIgnored>
    </FileLog>
    <FileLog>
      <ProjectId>111c457d-de8a-4c13-9e32-ceb539a380ef</ProjectId>
      <CorrelationId>Intent.VisualStudio.Projects.CoreLibrary.CSProject#111c457d-de8a-4c13-9e32-ceb539a380ef</CorrelationId>
      <OverwriteBehaviour>always</OverwriteBehaviour>
      <ApplicationRelativeFilePath>../../Intent.Modules.MongoDb.DomainEvents/Intent.Modules.MongoDb.DomainEvents.csproj</ApplicationRelativeFilePath>
      <ProjectRelativeFilePath>Intent.Modules.MongoDb.DomainEvents.csproj</ProjectRelativeFilePath>
      <IsIgnored>false</IsIgnored>
    </FileLog>
    <FileLog>
      <ProjectId>111c457d-de8a-4c13-9e32-ceb539a380ef</ProjectId>
      <CorrelationId>Intent.ModuleBuilder.IModSpecFile</CorrelationId>
      <OverwriteBehaviour>always</OverwriteBehaviour>
      <ApplicationRelativeFilePath>../../Intent.Modules.MongoDb.DomainEvents/Intent.MongoDb.DomainEvents.imodspec</ApplicationRelativeFilePath>
      <ProjectRelativeFilePath>Intent.MongoDb.DomainEvents.imodspec</ProjectRelativeFilePath>
      <IsIgnored>false</IsIgnored>
    </FileLog>
    <FileLog>
      <ProjectId>23b8abea-809b-4aa9-9e36-77535af78da2</ProjectId>
      <CorrelationId>Intent.ModuleBuilder.DesignerSettings#ad50fcba-9166-4ec6-964f-db57dd276687</CorrelationId>
      <OverwriteBehaviour>always</OverwriteBehaviour>
      <ApplicationRelativeFilePath>../../Intent.Modules.MongoDb.DomainEvents/modelers/Mongo DB Domain Events Settings.designer.settings</ApplicationRelativeFilePath>
      <ProjectRelativeFilePath>Mongo DB Domain Events Settings.designer.settings</ProjectRelativeFilePath>
      <IsIgnored>false</IsIgnored>
    </FileLog>
    <FileLog>
      <ProjectId>111c457d-de8a-4c13-9e32-ceb539a380ef</ProjectId>
      <CorrelationId>Intent.ModuleBuilder.ReadMe</CorrelationId>
      <OverwriteBehaviour>always</OverwriteBehaviour>
      <ApplicationRelativeFilePath>../../Intent.Modules.MongoDb.DomainEvents/README.txt</ApplicationRelativeFilePath>
      <ProjectRelativeFilePath>README.txt</ProjectRelativeFilePath>
      <IsIgnored>false</IsIgnored>
    </FileLog>
    <FileLog>
      <CorrelationId>Intent.VisualStudio.Projects.VisualStudio2015Solution#66d72f0d-045e-4485-b82d-6c0d985aed6c</CorrelationId>
      <OverwriteBehaviour>always</OverwriteBehaviour>
      <ApplicationRelativeFilePath>../../Intent.Modules.NET.sln</ApplicationRelativeFilePath>
      <IsIgnored>false</IsIgnored>
    </FileLog>
  </FileLogs>
</outputLog>