<?xml version="1.0" encoding="utf-8"?>
<outputLog>
  <ApplicationId>0caf7d78-4503-409b-80fd-83da44a6b855</ApplicationId>
  <FileLogs>
    <FileLog>
      <CorrelationId>Intent.VisualStudio.Projects.VisualStudio2015Solution#474136ca-9279-4944-a79d-5675d0b2df57</CorrelationId>
      <OverwriteBehaviour>always</OverwriteBehaviour>
      <ApplicationRelativeFilePath>../Intent.Modules.NET.sln</ApplicationRelativeFilePath>
      <IsIgnored>false</IsIgnored>
    </FileLog>
    <FileLog>
      <ProjectId>b730f5b5-0924-41a7-b41a-849b7e119b37</ProjectId>
      <CorrelationId>Intent.ModuleBuilder.IModSpecFile</CorrelationId>
      <OverwriteBehaviour>always</OverwriteBehaviour>
      <ApplicationRelativeFilePath>Intent.Eventing.MassTransit.MediatR.imodspec</ApplicationRelativeFilePath>
      <ProjectRelativeFilePath>Intent.Eventing.MassTransit.MediatR.imodspec</ProjectRelativeFilePath>
      <IsIgnored>false</IsIgnored>
    </FileLog>
    <FileLog>
      <ProjectId>b730f5b5-0924-41a7-b41a-849b7e119b37</ProjectId>
      <CorrelationId>Intent.VisualStudio.Projects.CoreLibrary.CSProject#b730f5b5-0924-41a7-b41a-849b7e119b37</CorrelationId>
      <OverwriteBehaviour>once-off</OverwriteBehaviour>
      <ApplicationRelativeFilePath>Intent.Modules.Eventing.MassTransit.MediatR.csproj</ApplicationRelativeFilePath>
      <ProjectRelativeFilePath>Intent.Modules.Eventing.MassTransit.MediatR.csproj</ProjectRelativeFilePath>
      <IsIgnored>false</IsIgnored>
    </FileLog>
    <FileLog>
      <ProjectId>b730f5b5-0924-41a7-b41a-849b7e119b37</ProjectId>
      <CorrelationId>Intent.ModuleBuilder.ReadMe</CorrelationId>
      <OverwriteBehaviour>always</OverwriteBehaviour>
      <ApplicationRelativeFilePath>README.txt</ApplicationRelativeFilePath>
      <ProjectRelativeFilePath>README.txt</ProjectRelativeFilePath>
      <IsIgnored>false</IsIgnored>
    </FileLog>
    <FileLog>
      <ProjectId>3f6c11fd-9c68-4ee2-86d2-4b6283458fb7</ProjectId>
      <CorrelationId>Intent.ModuleBuilder.CSharp.Templates.CSharpTemplate.T4Template.PreProcessed#554c64d3-1a12-4b9f-a856-51e92a97bb5e</CorrelationId>
      <OverwriteBehaviour>always</OverwriteBehaviour>
      <ApplicationRelativeFilePath>Templates/MessageBusPublishBehaviour/MessageBusPublishBehaviourTemplate.cs</ApplicationRelativeFilePath>
      <ProjectRelativeFilePath>MessageBusPublishBehaviour/MessageBusPublishBehaviourTemplate.cs</ProjectRelativeFilePath>
      <IsIgnored>false</IsIgnored>
    </FileLog>
    <FileLog>
      <ProjectId>3f6c11fd-9c68-4ee2-86d2-4b6283458fb7</ProjectId>
      <CorrelationId>Intent.ModuleBuilder.CSharp.Templates.CSharpT4Template#554c64d3-1a12-4b9f-a856-51e92a97bb5e</CorrelationId>
      <OverwriteBehaviour>always</OverwriteBehaviour>
      <ApplicationRelativeFilePath>Templates/MessageBusPublishBehaviour/MessageBusPublishBehaviourTemplate.tt</ApplicationRelativeFilePath>
      <ProjectRelativeFilePath>MessageBusPublishBehaviour/MessageBusPublishBehaviourTemplate.tt</ProjectRelativeFilePath>
      <IsIgnored>false</IsIgnored>
    </FileLog>
    <FileLog>
      <ProjectId>3f6c11fd-9c68-4ee2-86d2-4b6283458fb7</ProjectId>
      <CorrelationId>Intent.ModuleBuilder.CSharp.Templates.CSharpTemplatePartial#554c64d3-1a12-4b9f-a856-51e92a97bb5e</CorrelationId>
      <OverwriteBehaviour>always</OverwriteBehaviour>
      <ApplicationRelativeFilePath>Templates/MessageBusPublishBehaviour/MessageBusPublishBehaviourTemplatePartial.cs</ApplicationRelativeFilePath>
      <ProjectRelativeFilePath>MessageBusPublishBehaviour/MessageBusPublishBehaviourTemplatePartial.cs</ProjectRelativeFilePath>
      <IsIgnored>false</IsIgnored>
    </FileLog>
    <FileLog>
      <ProjectId>3f6c11fd-9c68-4ee2-86d2-4b6283458fb7</ProjectId>
      <CorrelationId>Intent.ModuleBuilder.TemplateRegistration.SingleFileNoModel#554c64d3-1a12-4b9f-a856-51e92a97bb5e</CorrelationId>
      <OverwriteBehaviour>always</OverwriteBehaviour>
      <ApplicationRelativeFilePath>Templates/MessageBusPublishBehaviour/MessageBusPublishBehaviourTemplateRegistration.cs</ApplicationRelativeFilePath>
      <ProjectRelativeFilePath>MessageBusPublishBehaviour/MessageBusPublishBehaviourTemplateRegistration.cs</ProjectRelativeFilePath>
      <IsIgnored>false</IsIgnored>
    </FileLog>
    <FileLog>
      <ProjectId>3f6c11fd-9c68-4ee2-86d2-4b6283458fb7</ProjectId>
      <CorrelationId>Intent.ModuleBuilder.Templates.TemplateExtensions</CorrelationId>
      <OverwriteBehaviour>always</OverwriteBehaviour>
      <ApplicationRelativeFilePath>Templates/TemplateExtensions.cs</ApplicationRelativeFilePath>
      <ProjectRelativeFilePath>TemplateExtensions.cs</ProjectRelativeFilePath>
      <IsIgnored>false</IsIgnored>
    </FileLog>
  </FileLogs>
</outputLog>