<?xml version="1.0" encoding="utf-8"?>
<outputLog>
  <ApplicationId>deb3087b-75e6-4a1c-ad46-3cd55936d9bc</ApplicationId>
  <FileLogs>
    <FileLog>
      <CorrelationId>Intent.VisualStudio.Projects.VisualStudio2015Solution#6c1e9423-e86a-4bf6-a0f1-bbb0a7768fe4</CorrelationId>
      <OverwriteBehaviour>always</OverwriteBehaviour>
      <ApplicationRelativeFilePath>../Intent.Modules.NET.sln</ApplicationRelativeFilePath>
      <IsIgnored>false</IsIgnored>
    </FileLog>
    <FileLog>
      <ProjectId>f073c20b-316c-4bed-885c-a95bceaf549d</ProjectId>
      <CorrelationId>Intent.ModuleBuilder.IModSpecFile</CorrelationId>
      <OverwriteBehaviour>always</OverwriteBehaviour>
      <ApplicationRelativeFilePath>Ardalis.Repositories.imodspec</ApplicationRelativeFilePath>
      <ProjectRelativeFilePath>Ardalis.Repositories.imodspec</ProjectRelativeFilePath>
      <IsIgnored>false</IsIgnored>
    </FileLog>
    <FileLog>
      <ProjectId>f073c20b-316c-4bed-885c-a95bceaf549d</ProjectId>
      <CorrelationId>Intent.VisualStudio.Projects.CoreLibrary.CSProject#f073c20b-316c-4bed-885c-a95bceaf549d</CorrelationId>
      <OverwriteBehaviour>always</OverwriteBehaviour>
      <ApplicationRelativeFilePath>Intent.Modules.Ardalis.Repositories.Obsolete.csproj</ApplicationRelativeFilePath>
      <ProjectRelativeFilePath>Intent.Modules.Ardalis.Repositories.Obsolete.csproj</ProjectRelativeFilePath>
      <IsIgnored>false</IsIgnored>
    </FileLog>
    <FileLog>
      <ProjectId>f073c20b-316c-4bed-885c-a95bceaf549d</ProjectId>
      <CorrelationId>Intent.ModuleBuilder.ReadMe</CorrelationId>
      <OverwriteBehaviour>always</OverwriteBehaviour>
      <ApplicationRelativeFilePath>README.txt</ApplicationRelativeFilePath>
      <ProjectRelativeFilePath>README.txt</ProjectRelativeFilePath>
      <IsIgnored>false</IsIgnored>
    </FileLog>
  </FileLogs>
</outputLog>