<?xml version="1.0" encoding="utf-8"?>
<outputLog>
  <ApplicationId>5a945e2d-088e-4340-8f0b-02cf71457ab7</ApplicationId>
  <FileLogs>
    <FileLog>
      <CorrelationId>Intent.VisualStudio.Projects.VisualStudio2015Solution#0c40b0d2-7da1-499f-b8a1-cb25be50179f</CorrelationId>
      <OverwriteBehaviour>always</OverwriteBehaviour>
      <ApplicationRelativeFilePath>../Intent.Modules.NET.sln</ApplicationRelativeFilePath>
      <IsIgnored>false</IsIgnored>
    </FileLog>
    <FileLog>
      <ProjectId>59d1ce34-4811-4229-8116-62be614bf8c3</ProjectId>
      <CorrelationId>Intent.ModuleBuilder.IModSpecFile</CorrelationId>
      <OverwriteBehaviour>always</OverwriteBehaviour>
      <ApplicationRelativeFilePath>Intent.Eventing.MassTransit.OutboxPersistence.imodspec</ApplicationRelativeFilePath>
      <ProjectRelativeFilePath>Intent.Eventing.MassTransit.OutboxPersistence.imodspec</ProjectRelativeFilePath>
      <IsIgnored>false</IsIgnored>
    </FileLog>
    <FileLog>
      <ProjectId>59d1ce34-4811-4229-8116-62be614bf8c3</ProjectId>
      <CorrelationId>Intent.VisualStudio.Projects.CoreLibrary.CSProject#59d1ce34-4811-4229-8116-62be614bf8c3</CorrelationId>
      <OverwriteBehaviour>once-off</OverwriteBehaviour>
      <ApplicationRelativeFilePath>Intent.Modules.Eventing.MassTransit.OutboxPersistence.csproj</ApplicationRelativeFilePath>
      <ProjectRelativeFilePath>Intent.Modules.Eventing.MassTransit.OutboxPersistence.csproj</ProjectRelativeFilePath>
      <IsIgnored>false</IsIgnored>
    </FileLog>
    <FileLog>
      <ProjectId>59d1ce34-4811-4229-8116-62be614bf8c3</ProjectId>
      <CorrelationId>Intent.ModuleBuilder.ReadMe</CorrelationId>
      <OverwriteBehaviour>always</OverwriteBehaviour>
      <ApplicationRelativeFilePath>README.txt</ApplicationRelativeFilePath>
      <ProjectRelativeFilePath>README.txt</ProjectRelativeFilePath>
      <IsIgnored>false</IsIgnored>
    </FileLog>
  </FileLogs>
</outputLog>