<?xml version="1.0" encoding="utf-8"?>
<outputLog>
  <ApplicationId>95c39cbb-fdbb-46ee-806b-2392da2438bd</ApplicationId>
  <FileLogs>
    <FileLog>
      <CorrelationId>Intent.VisualStudio.Projects.VisualStudio2015Solution#78b93fa2-4a87-49bf-8d3f-8527deb7f90f</CorrelationId>
      <ApplicationRelativeFilePath>../Intent.Modules.NET.sln</ApplicationRelativeFilePath>
      <IsIgnored>false</IsIgnored>
    </FileLog>
    <FileLog>
      <ProjectId>c61839e6-1add-422e-8e22-7d280b166bc1</ProjectId>
      <CorrelationId>Intent.ModuleBuilder.Templates.TemplateDecorator#2fa4d18b-3b4a-4b8e-9d6d-31ba739f74ed</CorrelationId>
      <ApplicationRelativeFilePath>Decorators/EntityFrameworkCoreRepositoryDecorator.cs</ApplicationRelativeFilePath>
      <ProjectRelativeFilePath>EntityFrameworkCoreRepositoryDecorator.cs</ProjectRelativeFilePath>
      <IsIgnored>false</IsIgnored>
    </FileLog>
    <FileLog>
      <ProjectId>c61839e6-1add-422e-8e22-7d280b166bc1</ProjectId>
      <CorrelationId>Intent.ModuleBuilder.Templates.TemplateDecoratorRegistration#2fa4d18b-3b4a-4b8e-9d6d-31ba739f74ed</CorrelationId>
      <ApplicationRelativeFilePath>Decorators/EntityFrameworkCoreRepositoryDecoratorRegistration.cs</ApplicationRelativeFilePath>
      <ProjectRelativeFilePath>EntityFrameworkCoreRepositoryDecoratorRegistration.cs</ProjectRelativeFilePath>
      <IsIgnored>false</IsIgnored>
    </FileLog>
    <FileLog>
      <ProjectId>5dd354ae-1260-4a29-a506-037941ec04ae</ProjectId>
      <CorrelationId>Intent.ModuleBuilder.IModSpecFile</CorrelationId>
      <ApplicationRelativeFilePath>Intent.EntityFrameworkCore.Repositories.imodspec</ApplicationRelativeFilePath>
      <ProjectRelativeFilePath>Intent.EntityFrameworkCore.Repositories.imodspec</ProjectRelativeFilePath>
      <IsIgnored>false</IsIgnored>
    </FileLog>
    <FileLog>
      <ProjectId>5dd354ae-1260-4a29-a506-037941ec04ae</ProjectId>
      <CorrelationId>Intent.VisualStudio.Projects.CoreLibrary.CSProject#5dd354ae-1260-4a29-a506-037941ec04ae</CorrelationId>
      <ApplicationRelativeFilePath>Intent.Modules.EntityFrameworkCore.Repositories.csproj</ApplicationRelativeFilePath>
      <ProjectRelativeFilePath>Intent.Modules.EntityFrameworkCore.Repositories.csproj</ProjectRelativeFilePath>
      <IsIgnored>false</IsIgnored>
    </FileLog>
    <FileLog>
      <ProjectId>5dd354ae-1260-4a29-a506-037941ec04ae</ProjectId>
      <CorrelationId>Intent.ModuleBuilder.ReadMe</CorrelationId>
      <ApplicationRelativeFilePath>README.txt</ApplicationRelativeFilePath>
      <ProjectRelativeFilePath>README.txt</ProjectRelativeFilePath>
      <IsIgnored>false</IsIgnored>
    </FileLog>
    <FileLog>
      <ProjectId>d1adde7e-cf09-420d-814c-ae0f202fde68</ProjectId>
      <CorrelationId>Intent.ModuleBuilder.CSharp.Templates.CSharpTemplate.T4Template.PreProcessed#09506297-8b03-44b4-9f6b-09c0cdeaa5ef</CorrelationId>
      <ApplicationRelativeFilePath>Templates/PagedList/PagedListTemplate.cs</ApplicationRelativeFilePath>
      <ProjectRelativeFilePath>PagedList/PagedListTemplate.cs</ProjectRelativeFilePath>
      <IsIgnored>false</IsIgnored>
    </FileLog>
    <FileLog>
      <ProjectId>d1adde7e-cf09-420d-814c-ae0f202fde68</ProjectId>
      <CorrelationId>Intent.ModuleBuilder.CSharp.Templates.CSharpTemplate#09506297-8b03-44b4-9f6b-09c0cdeaa5ef</CorrelationId>
      <ApplicationRelativeFilePath>Templates/PagedList/PagedListTemplate.tt</ApplicationRelativeFilePath>
      <ProjectRelativeFilePath>PagedList/PagedListTemplate.tt</ProjectRelativeFilePath>
      <IsIgnored>false</IsIgnored>
    </FileLog>
    <FileLog>
      <ProjectId>d1adde7e-cf09-420d-814c-ae0f202fde68</ProjectId>
      <CorrelationId>Intent.ModuleBuilder.CSharp.Templates.CSharpTemplatePartial#09506297-8b03-44b4-9f6b-09c0cdeaa5ef</CorrelationId>
      <ApplicationRelativeFilePath>Templates/PagedList/PagedListTemplatePartial.cs</ApplicationRelativeFilePath>
      <ProjectRelativeFilePath>PagedList/PagedListTemplatePartial.cs</ProjectRelativeFilePath>
      <IsIgnored>false</IsIgnored>
    </FileLog>
    <FileLog>
      <ProjectId>d1adde7e-cf09-420d-814c-ae0f202fde68</ProjectId>
      <CorrelationId>Intent.ModuleBuilder.TemplateRegistration.SingleFileNoModel#09506297-8b03-44b4-9f6b-09c0cdeaa5ef</CorrelationId>
      <ApplicationRelativeFilePath>Templates/PagedList/PagedListTemplateRegistration.cs</ApplicationRelativeFilePath>
      <ProjectRelativeFilePath>PagedList/PagedListTemplateRegistration.cs</ProjectRelativeFilePath>
      <IsIgnored>false</IsIgnored>
    </FileLog>
    <FileLog>
      <ProjectId>d1adde7e-cf09-420d-814c-ae0f202fde68</ProjectId>
      <CorrelationId>Intent.ModuleBuilder.CSharp.Templates.CSharpTemplate.T4Template.PreProcessed#a78eb6c0-6400-436f-87d7-1b9cf35effa9</CorrelationId>
      <ApplicationRelativeFilePath>Templates/Repository/RepositoryTemplate.cs</ApplicationRelativeFilePath>
      <ProjectRelativeFilePath>Repository/RepositoryTemplate.cs</ProjectRelativeFilePath>
      <IsIgnored>false</IsIgnored>
    </FileLog>
    <FileLog>
      <ProjectId>d1adde7e-cf09-420d-814c-ae0f202fde68</ProjectId>
      <CorrelationId>Intent.ModuleBuilder.CSharp.Templates.CSharpTemplate#a78eb6c0-6400-436f-87d7-1b9cf35effa9</CorrelationId>
      <ApplicationRelativeFilePath>Templates/Repository/RepositoryTemplate.tt</ApplicationRelativeFilePath>
      <ProjectRelativeFilePath>Repository/RepositoryTemplate.tt</ProjectRelativeFilePath>
      <IsIgnored>false</IsIgnored>
    </FileLog>
    <FileLog>
      <ProjectId>d1adde7e-cf09-420d-814c-ae0f202fde68</ProjectId>
      <CorrelationId>Intent.ModuleBuilder.CSharp.Templates.CSharpTemplatePartial#a78eb6c0-6400-436f-87d7-1b9cf35effa9</CorrelationId>
      <ApplicationRelativeFilePath>Templates/Repository/RepositoryTemplatePartial.cs</ApplicationRelativeFilePath>
      <ProjectRelativeFilePath>Repository/RepositoryTemplatePartial.cs</ProjectRelativeFilePath>
      <IsIgnored>false</IsIgnored>
    </FileLog>
    <FileLog>
      <ProjectId>d1adde7e-cf09-420d-814c-ae0f202fde68</ProjectId>
      <CorrelationId>Intent.ModuleBuilder.TemplateRegistration.FilePerModel#a78eb6c0-6400-436f-87d7-1b9cf35effa9</CorrelationId>
      <ApplicationRelativeFilePath>Templates/Repository/RepositoryTemplateRegistration.cs</ApplicationRelativeFilePath>
      <ProjectRelativeFilePath>Repository/RepositoryTemplateRegistration.cs</ProjectRelativeFilePath>
      <IsIgnored>false</IsIgnored>
    </FileLog>
    <FileLog>
      <ProjectId>d1adde7e-cf09-420d-814c-ae0f202fde68</ProjectId>
      <CorrelationId>Intent.ModuleBuilder.CSharp.Templates.CSharpTemplate.T4Template.PreProcessed#2a48f0f3-d711-4fb4-8e94-b4c0696ba706</CorrelationId>
      <ApplicationRelativeFilePath>Templates/RepositoryBase/RepositoryBaseTemplate.cs</ApplicationRelativeFilePath>
      <ProjectRelativeFilePath>RepositoryBase/RepositoryBaseTemplate.cs</ProjectRelativeFilePath>
      <IsIgnored>false</IsIgnored>
    </FileLog>
    <FileLog>
      <ProjectId>d1adde7e-cf09-420d-814c-ae0f202fde68</ProjectId>
      <CorrelationId>Intent.ModuleBuilder.CSharp.Templates.CSharpTemplate#2a48f0f3-d711-4fb4-8e94-b4c0696ba706</CorrelationId>
      <ApplicationRelativeFilePath>Templates/RepositoryBase/RepositoryBaseTemplate.tt</ApplicationRelativeFilePath>
      <ProjectRelativeFilePath>RepositoryBase/RepositoryBaseTemplate.tt</ProjectRelativeFilePath>
      <IsIgnored>false</IsIgnored>
    </FileLog>
    <FileLog>
      <ProjectId>d1adde7e-cf09-420d-814c-ae0f202fde68</ProjectId>
      <CorrelationId>Intent.ModuleBuilder.CSharp.Templates.CSharpTemplatePartial#2a48f0f3-d711-4fb4-8e94-b4c0696ba706</CorrelationId>
      <ApplicationRelativeFilePath>Templates/RepositoryBase/RepositoryBaseTemplatePartial.cs</ApplicationRelativeFilePath>
      <ProjectRelativeFilePath>RepositoryBase/RepositoryBaseTemplatePartial.cs</ProjectRelativeFilePath>
      <IsIgnored>false</IsIgnored>
    </FileLog>
    <FileLog>
      <ProjectId>d1adde7e-cf09-420d-814c-ae0f202fde68</ProjectId>
      <CorrelationId>Intent.ModuleBuilder.TemplateRegistration.SingleFileNoModel#2a48f0f3-d711-4fb4-8e94-b4c0696ba706</CorrelationId>
      <ApplicationRelativeFilePath>Templates/RepositoryBase/RepositoryBaseTemplateRegistration.cs</ApplicationRelativeFilePath>
      <ProjectRelativeFilePath>RepositoryBase/RepositoryBaseTemplateRegistration.cs</ProjectRelativeFilePath>
      <IsIgnored>false</IsIgnored>
    </FileLog>
    <FileLog>
      <ProjectId>d1adde7e-cf09-420d-814c-ae0f202fde68</ProjectId>
      <CorrelationId>Intent.ModuleBuilder.Templates.TemplateExtensions</CorrelationId>
      <ApplicationRelativeFilePath>Templates/TemplateExtensions.cs</ApplicationRelativeFilePath>
      <ProjectRelativeFilePath>TemplateExtensions.cs</ProjectRelativeFilePath>
      <IsIgnored>false</IsIgnored>
    </FileLog>
  </FileLogs>
</outputLog>