<?xml version="1.0" encoding="utf-8"?>
<outputLog>
  <ApplicationId>eb99bda8-0fd4-49fa-b38b-b011140a2206</ApplicationId>
  <FileLogs>
    <FileLog>
      <CorrelationId>Intent.VisualStudio.Projects.VisualStudio2015Solution#4be273e9-cf57-4c71-80a3-711d6cf1f8f5</CorrelationId>
      <OverwriteBehaviour>always</OverwriteBehaviour>
      <ApplicationRelativeFilePath>../Intent.Modules.NET.sln</ApplicationRelativeFilePath>
      <IsIgnored>false</IsIgnored>
    </FileLog>
    <FileLog>
      <ProjectId>5a9c2ccf-b71e-44a6-a6bc-1fd6b486059f</ProjectId>
      <CorrelationId>Intent.ModuleBuilder.Templates.Api.ApiElementExtensionModel#2fb9345d-4038-4457-a2d5-2287e7661792</CorrelationId>
      <OverwriteBehaviour>always</OverwriteBehaviour>
      <ApplicationRelativeFilePath>Api/AttributeExtensionModel.cs</ApplicationRelativeFilePath>
      <ProjectRelativeFilePath>AttributeExtensionModel.cs</ProjectRelativeFilePath>
      <IsIgnored>false</IsIgnored>
    </FileLog>
    <FileLog>
      <ProjectId>5a9c2ccf-b71e-44a6-a6bc-1fd6b486059f</ProjectId>
      <CorrelationId>Intent.ModuleBuilder.Templates.Api.ApiElementExtensionModel#984a206d-ce63-419b-ac66-356136d65c0f</CorrelationId>
      <OverwriteBehaviour>always</OverwriteBehaviour>
      <ApplicationRelativeFilePath>Api/ClassExtensionModel.cs</ApplicationRelativeFilePath>
      <ProjectRelativeFilePath>ClassExtensionModel.cs</ProjectRelativeFilePath>
      <IsIgnored>false</IsIgnored>
    </FileLog>
    <FileLog>
      <ProjectId>5a9c2ccf-b71e-44a6-a6bc-1fd6b486059f</ProjectId>
      <CorrelationId>Intent.ModuleBuilder.Templates.Api.ApiElementModel#ab2d8076-f373-4144-8475-dfb0490a3bd0</CorrelationId>
      <OverwriteBehaviour>always</OverwriteBehaviour>
      <ApplicationRelativeFilePath>Api/CosmosDBDiagramModel.cs</ApplicationRelativeFilePath>
      <ProjectRelativeFilePath>CosmosDBDiagramModel.cs</ProjectRelativeFilePath>
      <IsIgnored>false</IsIgnored>
    </FileLog>
    <FileLog>
      <ProjectId>5a9c2ccf-b71e-44a6-a6bc-1fd6b486059f</ProjectId>
      <CorrelationId>Intent.ModuleBuilder.Templates.Api.ApiPackageModel#65a81352-87cc-49c1-bc1b-de4da18b825c</CorrelationId>
      <OverwriteBehaviour>always</OverwriteBehaviour>
      <ApplicationRelativeFilePath>Api/CosmosDbDomainPackageModel.cs</ApplicationRelativeFilePath>
      <ProjectRelativeFilePath>CosmosDbDomainPackageModel.cs</ProjectRelativeFilePath>
      <IsIgnored>false</IsIgnored>
    </FileLog>
    <FileLog>
      <ProjectId>a189c125-4c35-4410-b839-278991ce59d1</ProjectId>
      <CorrelationId>Intent.ModuleBuilder.Templates.Api.ApiMetadataPackageExtensions</CorrelationId>
      <OverwriteBehaviour>always</OverwriteBehaviour>
      <ApplicationRelativeFilePath>ApiMetadataPackageExtensions.cs</ApplicationRelativeFilePath>
      <ProjectRelativeFilePath>ApiMetadataPackageExtensions.cs</ProjectRelativeFilePath>
      <IsIgnored>false</IsIgnored>
    </FileLog>
    <FileLog>
      <ProjectId>a189c125-4c35-4410-b839-278991ce59d1</ProjectId>
      <CorrelationId>Intent.ModuleBuilder.Templates.Api.ApiMetadataProviderExtensions</CorrelationId>
      <OverwriteBehaviour>always</OverwriteBehaviour>
      <ApplicationRelativeFilePath>ApiMetadataProviderExtensions.cs</ApplicationRelativeFilePath>
      <ProjectRelativeFilePath>ApiMetadataProviderExtensions.cs</ProjectRelativeFilePath>
      <IsIgnored>false</IsIgnored>
    </FileLog>
    <FileLog>
      <ProjectId>57cc933c-af8a-4d15-b1bd-eecd770e5324</ProjectId>
      <CorrelationId>Intent.ModuleBuilder.Templates.FactoryExtension#d9b9b16c-50cd-4c7e-a2e0-a92a3446befc</CorrelationId>
      <OverwriteBehaviour>always</OverwriteBehaviour>
      <ApplicationRelativeFilePath>FactoryExtensions/DependencyInjectionFactoryExtension.cs</ApplicationRelativeFilePath>
      <ProjectRelativeFilePath>DependencyInjectionFactoryExtension.cs</ProjectRelativeFilePath>
      <IsIgnored>false</IsIgnored>
    </FileLog>
    <FileLog>
      <ProjectId>57cc933c-af8a-4d15-b1bd-eecd770e5324</ProjectId>
      <CorrelationId>Intent.ModuleBuilder.Templates.FactoryExtension#fbce7f40-2eba-4a2a-90f8-8edde9ba6b07</CorrelationId>
      <OverwriteBehaviour>always</OverwriteBehaviour>
      <ApplicationRelativeFilePath>FactoryExtensions/EntityFactoryExtension.cs</ApplicationRelativeFilePath>
      <ProjectRelativeFilePath>EntityFactoryExtension.cs</ProjectRelativeFilePath>
      <IsIgnored>false</IsIgnored>
    </FileLog>
    <FileLog>
      <ProjectId>57cc933c-af8a-4d15-b1bd-eecd770e5324</ProjectId>
      <CorrelationId>Intent.ModuleBuilder.Templates.FactoryExtension#5c398472-f84b-48a1-8cb1-20a55d15804a</CorrelationId>
      <OverwriteBehaviour>always</OverwriteBehaviour>
      <ApplicationRelativeFilePath>FactoryExtensions/UnitOfWorkIntegrationFactoryExtension.cs</ApplicationRelativeFilePath>
      <ProjectRelativeFilePath>UnitOfWorkIntegrationFactoryExtension.cs</ProjectRelativeFilePath>
      <IsIgnored>false</IsIgnored>
    </FileLog>
    <FileLog>
      <ProjectId>a189c125-4c35-4410-b839-278991ce59d1</ProjectId>
      <CorrelationId>Intent.ModuleBuilder.IModSpecFile</CorrelationId>
      <OverwriteBehaviour>always</OverwriteBehaviour>
      <ApplicationRelativeFilePath>Intent.CosmosDb.imodspec</ApplicationRelativeFilePath>
      <ProjectRelativeFilePath>Intent.CosmosDb.imodspec</ProjectRelativeFilePath>
      <IsIgnored>false</IsIgnored>
    </FileLog>
    <FileLog>
      <ProjectId>a189c125-4c35-4410-b839-278991ce59d1</ProjectId>
      <CorrelationId>Intent.VisualStudio.Projects.CoreLibrary.CSProject#a189c125-4c35-4410-b839-278991ce59d1</CorrelationId>
      <OverwriteBehaviour>always</OverwriteBehaviour>
      <ApplicationRelativeFilePath>Intent.Modules.CosmosDb.csproj</ApplicationRelativeFilePath>
      <ProjectRelativeFilePath>Intent.Modules.CosmosDb.csproj</ProjectRelativeFilePath>
      <IsIgnored>false</IsIgnored>
    </FileLog>
    <FileLog>
      <ProjectId>b42cb104-9697-4b78-873e-ca5602b25497</ProjectId>
      <CorrelationId>Intent.ModuleBuilder.DesignerSettings#232b1576-74b7-45e1-bc24-2ddc42529d5d</CorrelationId>
      <OverwriteBehaviour>always</OverwriteBehaviour>
      <ApplicationRelativeFilePath>modelers/CosmosDb Settings.designer.settings</ApplicationRelativeFilePath>
      <ProjectRelativeFilePath>CosmosDb Settings.designer.settings</ProjectRelativeFilePath>
      <IsIgnored>false</IsIgnored>
    </FileLog>
    <FileLog>
      <ProjectId>a189c125-4c35-4410-b839-278991ce59d1</ProjectId>
      <CorrelationId>Intent.ModuleBuilder.ReadMe</CorrelationId>
      <OverwriteBehaviour>always</OverwriteBehaviour>
      <ApplicationRelativeFilePath>README.txt</ApplicationRelativeFilePath>
      <ProjectRelativeFilePath>README.txt</ProjectRelativeFilePath>
      <IsIgnored>false</IsIgnored>
    </FileLog>
    <FileLog>
      <ProjectId>e0fcc11c-af8d-4e2d-a3ba-7786b8cdc634</ProjectId>
      <CorrelationId>Intent.ModuleBuilder.CSharp.Templates.CSharpTemplatePartial#06cc8b50-827a-4336-97f6-cebf3bac43a8</CorrelationId>
      <OverwriteBehaviour>always</OverwriteBehaviour>
      <ApplicationRelativeFilePath>Templates/ApplicationCosmosDbContext/ApplicationCosmosDbContextTemplatePartial.cs</ApplicationRelativeFilePath>
      <ProjectRelativeFilePath>ApplicationCosmosDbContext/ApplicationCosmosDbContextTemplatePartial.cs</ProjectRelativeFilePath>
      <IsIgnored>false</IsIgnored>
    </FileLog>
    <FileLog>
      <ProjectId>e0fcc11c-af8d-4e2d-a3ba-7786b8cdc634</ProjectId>
      <CorrelationId>Intent.ModuleBuilder.TemplateRegistration.SingleFileNoModel#06cc8b50-827a-4336-97f6-cebf3bac43a8</CorrelationId>
      <OverwriteBehaviour>always</OverwriteBehaviour>
      <ApplicationRelativeFilePath>Templates/ApplicationCosmosDbContext/ApplicationCosmosDbContextTemplateRegistration.cs</ApplicationRelativeFilePath>
      <ProjectRelativeFilePath>ApplicationCosmosDbContext/ApplicationCosmosDbContextTemplateRegistration.cs</ProjectRelativeFilePath>
      <IsIgnored>false</IsIgnored>
    </FileLog>
    <FileLog>
      <ProjectId>e0fcc11c-af8d-4e2d-a3ba-7786b8cdc634</ProjectId>
      <CorrelationId>Intent.ModuleBuilder.CSharp.Templates.CSharpTemplatePartial#97a9caeb-8167-47f9-a31d-0e8f8c99d5c8</CorrelationId>
      <OverwriteBehaviour>always</OverwriteBehaviour>
      <ApplicationRelativeFilePath>Templates/CosmosDbUnitOfWorkInterface/CosmosDbUnitOfWorkInterfaceTemplatePartial.cs</ApplicationRelativeFilePath>
      <ProjectRelativeFilePath>CosmosDbUnitOfWorkInterface/CosmosDbUnitOfWorkInterfaceTemplatePartial.cs</ProjectRelativeFilePath>
      <IsIgnored>false</IsIgnored>
    </FileLog>
    <FileLog>
      <ProjectId>e0fcc11c-af8d-4e2d-a3ba-7786b8cdc634</ProjectId>
      <CorrelationId>Intent.ModuleBuilder.TemplateRegistration.SingleFileNoModel#97a9caeb-8167-47f9-a31d-0e8f8c99d5c8</CorrelationId>
      <OverwriteBehaviour>always</OverwriteBehaviour>
      <ApplicationRelativeFilePath>Templates/CosmosDbUnitOfWorkInterface/CosmosDbUnitOfWorkInterfaceTemplateRegistration.cs</ApplicationRelativeFilePath>
      <ProjectRelativeFilePath>CosmosDbUnitOfWorkInterface/CosmosDbUnitOfWorkInterfaceTemplateRegistration.cs</ProjectRelativeFilePath>
      <IsIgnored>false</IsIgnored>
    </FileLog>
    <FileLog>
      <ProjectId>e0fcc11c-af8d-4e2d-a3ba-7786b8cdc634</ProjectId>
      <CorrelationId>Intent.ModuleBuilder.CSharp.Templates.CSharpTemplatePartial#6dfc5b92-bbbc-4a2b-8441-75ffbb49e718</CorrelationId>
      <OverwriteBehaviour>always</OverwriteBehaviour>
      <ApplicationRelativeFilePath>Templates/Integration/UnitOfWorkBehaviour/UnitOfWorkBehaviourTemplatePartial.cs</ApplicationRelativeFilePath>
      <ProjectRelativeFilePath>Integration/UnitOfWorkBehaviour/UnitOfWorkBehaviourTemplatePartial.cs</ProjectRelativeFilePath>
      <IsIgnored>false</IsIgnored>
    </FileLog>
    <FileLog>
      <ProjectId>e0fcc11c-af8d-4e2d-a3ba-7786b8cdc634</ProjectId>
      <CorrelationId>Intent.ModuleBuilder.TemplateRegistration.Custom#6dfc5b92-bbbc-4a2b-8441-75ffbb49e718</CorrelationId>
      <OverwriteBehaviour>always</OverwriteBehaviour>
      <ApplicationRelativeFilePath>Templates/Integration/UnitOfWorkBehaviour/UnitOfWorkBehaviourTemplateRegistration.cs</ApplicationRelativeFilePath>
      <ProjectRelativeFilePath>Integration/UnitOfWorkBehaviour/UnitOfWorkBehaviourTemplateRegistration.cs</ProjectRelativeFilePath>
      <IsIgnored>false</IsIgnored>
    </FileLog>
    <FileLog>
      <ProjectId>e0fcc11c-af8d-4e2d-a3ba-7786b8cdc634</ProjectId>
      <CorrelationId>Intent.ModuleBuilder.Templates.TemplateExtensions</CorrelationId>
      <OverwriteBehaviour>always</OverwriteBehaviour>
      <ApplicationRelativeFilePath>Templates/TemplateExtensions.cs</ApplicationRelativeFilePath>
      <ProjectRelativeFilePath>TemplateExtensions.cs</ProjectRelativeFilePath>
      <IsIgnored>false</IsIgnored>
    </FileLog>
  </FileLogs>
</outputLog>