<?xml version="1.0" encoding="utf-8"?>
<outputLog>
  <ApplicationId>8f7ee5f1-6a37-4f38-b129-6c5d6898c355</ApplicationId>
  <FileLogs>
    <FileLog>
      <CorrelationId>Intent.VisualStudio.Projects.VisualStudio2015Solution#9c0c86bf-e925-4574-bc6b-f89d266acfe5</CorrelationId>
      <OverwriteBehaviour>always</OverwriteBehaviour>
      <ApplicationRelativeFilePath>../Intent.Modules.NET.sln</ApplicationRelativeFilePath>
      <IsIgnored>false</IsIgnored>
    </FileLog>
    <FileLog>
      <ProjectId>3baed312-a9f5-4fe9-ab66-81977a898f8f</ProjectId>
      <CorrelationId>Intent.ModuleBuilder.Templates.Api.ApiElementModelExtensions#04e12b51-ed12-42a3-9667-a6aa81bb6d10</CorrelationId>
      <OverwriteBehaviour>always</OverwriteBehaviour>
      <ApplicationRelativeFilePath>Api/ClassModelStereotypeExtensions.cs</ApplicationRelativeFilePath>
      <ProjectRelativeFilePath>ClassModelStereotypeExtensions.cs</ProjectRelativeFilePath>
      <IsIgnored>false</IsIgnored>
    </FileLog>
    <FileLog>
      <ProjectId>3baed312-a9f5-4fe9-ab66-81977a898f8f</ProjectId>
      <CorrelationId>Intent.ModuleBuilder.Templates.Api.ApiElementModelExtensions#1a824508-4623-45d9-accc-f572091ade5a</CorrelationId>
      <OverwriteBehaviour>always</OverwriteBehaviour>
      <ApplicationRelativeFilePath>Api/DomainPackageModelStereotypeExtensions.cs</ApplicationRelativeFilePath>
      <ProjectRelativeFilePath>DomainPackageModelStereotypeExtensions.cs</ProjectRelativeFilePath>
      <IsIgnored>false</IsIgnored>
    </FileLog>
    <FileLog>
      <ProjectId>3baed312-a9f5-4fe9-ab66-81977a898f8f</ProjectId>
      <CorrelationId>Intent.ModuleBuilder.Templates.Api.ApiElementModelExtensions#4d95d53a-8855-4f35-aa82-e312643f5c5f</CorrelationId>
      <OverwriteBehaviour>always</OverwriteBehaviour>
      <ApplicationRelativeFilePath>Api/FolderModelStereotypeExtensions.cs</ApplicationRelativeFilePath>
      <ProjectRelativeFilePath>FolderModelStereotypeExtensions.cs</ProjectRelativeFilePath>
      <IsIgnored>false</IsIgnored>
    </FileLog>
    <FileLog>
      <ProjectId>b47e67c9-fe2e-48f8-b9ac-fbb3c4d889dd</ProjectId>
      <CorrelationId>Intent.ModuleBuilder.Templates.FactoryExtension#5632e697-26b1-4a38-9e12-6ce3d768d878</CorrelationId>
      <OverwriteBehaviour>always</OverwriteBehaviour>
      <ApplicationRelativeFilePath>FactoryExtensions/EntityFactoryExtension.cs</ApplicationRelativeFilePath>
      <ProjectRelativeFilePath>EntityFactoryExtension.cs</ProjectRelativeFilePath>
      <IsIgnored>false</IsIgnored>
    </FileLog>
    <FileLog>
      <ProjectId>b47e67c9-fe2e-48f8-b9ac-fbb3c4d889dd</ProjectId>
      <CorrelationId>Intent.ModuleBuilder.Templates.FactoryExtension#cc56c90e-b5fe-4fb3-8cfc-cb5b02526727</CorrelationId>
      <OverwriteBehaviour>always</OverwriteBehaviour>
      <ApplicationRelativeFilePath>FactoryExtensions/MultiTenancyFactoryExtension.cs</ApplicationRelativeFilePath>
      <ProjectRelativeFilePath>MultiTenancyFactoryExtension.cs</ProjectRelativeFilePath>
      <IsIgnored>false</IsIgnored>
    </FileLog>
    <FileLog>
      <ProjectId>a25be506-f63a-4638-8a59-4069fc088824</ProjectId>
      <CorrelationId>Intent.ModuleBuilder.IModSpecFile</CorrelationId>
      <OverwriteBehaviour>always</OverwriteBehaviour>
      <ApplicationRelativeFilePath>Intent.CosmosDB.imodspec</ApplicationRelativeFilePath>
      <ProjectRelativeFilePath>Intent.CosmosDB.imodspec</ProjectRelativeFilePath>
      <IsIgnored>false</IsIgnored>
    </FileLog>
    <FileLog>
      <ProjectId>a25be506-f63a-4638-8a59-4069fc088824</ProjectId>
      <CorrelationId>Intent.VisualStudio.Projects.CoreLibrary.CSProject#a25be506-f63a-4638-8a59-4069fc088824</CorrelationId>
      <OverwriteBehaviour>always</OverwriteBehaviour>
      <ApplicationRelativeFilePath>Intent.Modules.CosmosDB.csproj</ApplicationRelativeFilePath>
      <ProjectRelativeFilePath>Intent.Modules.CosmosDB.csproj</ProjectRelativeFilePath>
      <IsIgnored>false</IsIgnored>
    </FileLog>
    <FileLog>
      <ProjectId>a25be506-f63a-4638-8a59-4069fc088824</ProjectId>
      <CorrelationId>Intent.ModuleBuilder.ReadMe</CorrelationId>
      <OverwriteBehaviour>always</OverwriteBehaviour>
      <ApplicationRelativeFilePath>README.txt</ApplicationRelativeFilePath>
      <ProjectRelativeFilePath>README.txt</ProjectRelativeFilePath>
      <IsIgnored>false</IsIgnored>
    </FileLog>
    <FileLog>
      <ProjectId>c99d833a-084c-4105-a6fd-a931949e4a9e</ProjectId>
      <CorrelationId>Intent.ModuleBuilder.CSharp.Templates.CSharpTemplatePartial#2e654e28-f7a3-466f-bf5c-d966de5ad7ea</CorrelationId>
      <OverwriteBehaviour>always</OverwriteBehaviour>
      <ApplicationRelativeFilePath>Templates/CosmosDBDocument/CosmosDBDocumentTemplatePartial.cs</ApplicationRelativeFilePath>
      <ProjectRelativeFilePath>CosmosDBDocument/CosmosDBDocumentTemplatePartial.cs</ProjectRelativeFilePath>
      <IsIgnored>false</IsIgnored>
    </FileLog>
    <FileLog>
      <ProjectId>c99d833a-084c-4105-a6fd-a931949e4a9e</ProjectId>
      <CorrelationId>Intent.ModuleBuilder.TemplateRegistration.FilePerModel#2e654e28-f7a3-466f-bf5c-d966de5ad7ea</CorrelationId>
      <OverwriteBehaviour>always</OverwriteBehaviour>
      <ApplicationRelativeFilePath>Templates/CosmosDBDocument/CosmosDBDocumentTemplateRegistration.cs</ApplicationRelativeFilePath>
      <ProjectRelativeFilePath>CosmosDBDocument/CosmosDBDocumentTemplateRegistration.cs</ProjectRelativeFilePath>
      <IsIgnored>false</IsIgnored>
    </FileLog>
    <FileLog>
      <ProjectId>c99d833a-084c-4105-a6fd-a931949e4a9e</ProjectId>
      <CorrelationId>Intent.ModuleBuilder.CSharp.Templates.CSharpTemplatePartial#8a31d7fd-e4d1-4bf3-8916-2bd9209f2228</CorrelationId>
      <OverwriteBehaviour>always</OverwriteBehaviour>
      <ApplicationRelativeFilePath>Templates/CosmosDBDocumentInterface/CosmosDBDocumentInterfaceTemplatePartial.cs</ApplicationRelativeFilePath>
      <ProjectRelativeFilePath>CosmosDBDocumentInterface/CosmosDBDocumentInterfaceTemplatePartial.cs</ProjectRelativeFilePath>
      <IsIgnored>false</IsIgnored>
    </FileLog>
    <FileLog>
      <ProjectId>c99d833a-084c-4105-a6fd-a931949e4a9e</ProjectId>
      <CorrelationId>Intent.ModuleBuilder.TemplateRegistration.SingleFileNoModel#8a31d7fd-e4d1-4bf3-8916-2bd9209f2228</CorrelationId>
      <OverwriteBehaviour>always</OverwriteBehaviour>
      <ApplicationRelativeFilePath>Templates/CosmosDBDocumentInterface/CosmosDBDocumentInterfaceTemplateRegistration.cs</ApplicationRelativeFilePath>
      <ProjectRelativeFilePath>CosmosDBDocumentInterface/CosmosDBDocumentInterfaceTemplateRegistration.cs</ProjectRelativeFilePath>
      <IsIgnored>false</IsIgnored>
    </FileLog>
    <FileLog>
      <ProjectId>c99d833a-084c-4105-a6fd-a931949e4a9e</ProjectId>
      <CorrelationId>Intent.ModuleBuilder.CSharp.Templates.CSharpTemplatePartial#f266346d-4cca-4e9c-8fbf-c3c8d6e78495</CorrelationId>
      <OverwriteBehaviour>always</OverwriteBehaviour>
      <ApplicationRelativeFilePath>Templates/CosmosDBDocumentTypeExtensionMethods/CosmosDBDocumentTypeExtensionMethodsTemplatePartial.cs</ApplicationRelativeFilePath>
      <ProjectRelativeFilePath>CosmosDBDocumentTypeExtensionMethods/CosmosDBDocumentTypeExtensionMethodsTemplatePartial.cs</ProjectRelativeFilePath>
      <IsIgnored>false</IsIgnored>
    </FileLog>
    <FileLog>
      <ProjectId>c99d833a-084c-4105-a6fd-a931949e4a9e</ProjectId>
      <CorrelationId>Intent.ModuleBuilder.TemplateRegistration.SingleFileNoModel#f266346d-4cca-4e9c-8fbf-c3c8d6e78495</CorrelationId>
      <OverwriteBehaviour>always</OverwriteBehaviour>
      <ApplicationRelativeFilePath>Templates/CosmosDBDocumentTypeExtensionMethods/CosmosDBDocumentTypeExtensionMethodsTemplateRegistration.cs</ApplicationRelativeFilePath>
      <ProjectRelativeFilePath>CosmosDBDocumentTypeExtensionMethods/CosmosDBDocumentTypeExtensionMethodsTemplateRegistration.cs</ProjectRelativeFilePath>
      <IsIgnored>false</IsIgnored>
    </FileLog>
    <FileLog>
      <ProjectId>c99d833a-084c-4105-a6fd-a931949e4a9e</ProjectId>
      <CorrelationId>Intent.ModuleBuilder.CSharp.Templates.CSharpTemplatePartial#f6ce433e-4f92-4909-895e-3ea3fff71d00</CorrelationId>
      <OverwriteBehaviour>always</OverwriteBehaviour>
      <ApplicationRelativeFilePath>Templates/CosmosDBRepository/CosmosDBRepositoryTemplatePartial.cs</ApplicationRelativeFilePath>
      <ProjectRelativeFilePath>CosmosDBRepository/CosmosDBRepositoryTemplatePartial.cs</ProjectRelativeFilePath>
      <IsIgnored>false</IsIgnored>
    </FileLog>
    <FileLog>
      <ProjectId>c99d833a-084c-4105-a6fd-a931949e4a9e</ProjectId>
      <CorrelationId>Intent.ModuleBuilder.TemplateRegistration.FilePerModel#f6ce433e-4f92-4909-895e-3ea3fff71d00</CorrelationId>
      <OverwriteBehaviour>always</OverwriteBehaviour>
      <ApplicationRelativeFilePath>Templates/CosmosDBRepository/CosmosDBRepositoryTemplateRegistration.cs</ApplicationRelativeFilePath>
      <ProjectRelativeFilePath>CosmosDBRepository/CosmosDBRepositoryTemplateRegistration.cs</ProjectRelativeFilePath>
      <IsIgnored>false</IsIgnored>
    </FileLog>
    <FileLog>
      <ProjectId>c99d833a-084c-4105-a6fd-a931949e4a9e</ProjectId>
      <CorrelationId>Intent.ModuleBuilder.CSharp.Templates.CSharpTemplatePartial#4f68c077-6b96-4d4e-83fe-cd0189386e3a</CorrelationId>
      <OverwriteBehaviour>always</OverwriteBehaviour>
      <ApplicationRelativeFilePath>Templates/CosmosDBRepositoryBase/CosmosDBRepositoryBaseTemplatePartial.cs</ApplicationRelativeFilePath>
      <ProjectRelativeFilePath>CosmosDBRepositoryBase/CosmosDBRepositoryBaseTemplatePartial.cs</ProjectRelativeFilePath>
      <IsIgnored>false</IsIgnored>
    </FileLog>
    <FileLog>
      <ProjectId>c99d833a-084c-4105-a6fd-a931949e4a9e</ProjectId>
      <CorrelationId>Intent.ModuleBuilder.TemplateRegistration.SingleFileListModel#4f68c077-6b96-4d4e-83fe-cd0189386e3a</CorrelationId>
      <OverwriteBehaviour>always</OverwriteBehaviour>
      <ApplicationRelativeFilePath>Templates/CosmosDBRepositoryBase/CosmosDBRepositoryBaseTemplateRegistration.cs</ApplicationRelativeFilePath>
      <ProjectRelativeFilePath>CosmosDBRepositoryBase/CosmosDBRepositoryBaseTemplateRegistration.cs</ProjectRelativeFilePath>
      <IsIgnored>false</IsIgnored>
    </FileLog>
    <FileLog>
      <ProjectId>c99d833a-084c-4105-a6fd-a931949e4a9e</ProjectId>
      <CorrelationId>Intent.ModuleBuilder.CSharp.Templates.CSharpTemplatePartial#ce6f70d9-83c1-4ee7-b5f7-f24b22f4044b</CorrelationId>
      <OverwriteBehaviour>always</OverwriteBehaviour>
      <ApplicationRelativeFilePath>Templates/CosmosDBRepositoryInterface/CosmosDBRepositoryInterfaceTemplatePartial.cs</ApplicationRelativeFilePath>
      <ProjectRelativeFilePath>CosmosDBRepositoryInterface/CosmosDBRepositoryInterfaceTemplatePartial.cs</ProjectRelativeFilePath>
      <IsIgnored>false</IsIgnored>
    </FileLog>
    <FileLog>
      <ProjectId>c99d833a-084c-4105-a6fd-a931949e4a9e</ProjectId>
      <CorrelationId>Intent.ModuleBuilder.TemplateRegistration.SingleFileListModel#ce6f70d9-83c1-4ee7-b5f7-f24b22f4044b</CorrelationId>
      <OverwriteBehaviour>always</OverwriteBehaviour>
      <ApplicationRelativeFilePath>Templates/CosmosDBRepositoryInterface/CosmosDBRepositoryInterfaceTemplateRegistration.cs</ApplicationRelativeFilePath>
      <ProjectRelativeFilePath>CosmosDBRepositoryInterface/CosmosDBRepositoryInterfaceTemplateRegistration.cs</ProjectRelativeFilePath>
      <IsIgnored>false</IsIgnored>
    </FileLog>
    <FileLog>
      <ProjectId>c99d833a-084c-4105-a6fd-a931949e4a9e</ProjectId>
      <CorrelationId>Intent.ModuleBuilder.CSharp.Templates.CSharpTemplatePartial#944e5245-a6f5-4915-a50d-ed3dc1f3b2a0</CorrelationId>
      <OverwriteBehaviour>always</OverwriteBehaviour>
      <ApplicationRelativeFilePath>Templates/CosmosDBUnitOfWork/CosmosDBUnitOfWorkTemplatePartial.cs</ApplicationRelativeFilePath>
      <ProjectRelativeFilePath>CosmosDBUnitOfWork/CosmosDBUnitOfWorkTemplatePartial.cs</ProjectRelativeFilePath>
      <IsIgnored>false</IsIgnored>
    </FileLog>
    <FileLog>
      <ProjectId>c99d833a-084c-4105-a6fd-a931949e4a9e</ProjectId>
      <CorrelationId>Intent.ModuleBuilder.TemplateRegistration.SingleFileNoModel#944e5245-a6f5-4915-a50d-ed3dc1f3b2a0</CorrelationId>
      <OverwriteBehaviour>always</OverwriteBehaviour>
      <ApplicationRelativeFilePath>Templates/CosmosDBUnitOfWork/CosmosDBUnitOfWorkTemplateRegistration.cs</ApplicationRelativeFilePath>
      <ProjectRelativeFilePath>CosmosDBUnitOfWork/CosmosDBUnitOfWorkTemplateRegistration.cs</ProjectRelativeFilePath>
      <IsIgnored>false</IsIgnored>
    </FileLog>
    <FileLog>
      <ProjectId>c99d833a-084c-4105-a6fd-a931949e4a9e</ProjectId>
      <CorrelationId>Intent.ModuleBuilder.CSharp.Templates.CSharpTemplatePartial#b34a84ca-8dbd-40f2-8636-3a4979fb564d</CorrelationId>
      <OverwriteBehaviour>always</OverwriteBehaviour>
      <ApplicationRelativeFilePath>Templates/CosmosDBUnitOfWorkBehaviour/CosmosDBUnitOfWorkBehaviourTemplatePartial.cs</ApplicationRelativeFilePath>
      <ProjectRelativeFilePath>CosmosDBUnitOfWorkBehaviour/CosmosDBUnitOfWorkBehaviourTemplatePartial.cs</ProjectRelativeFilePath>
      <IsIgnored>false</IsIgnored>
    </FileLog>
    <FileLog>
      <ProjectId>c99d833a-084c-4105-a6fd-a931949e4a9e</ProjectId>
      <CorrelationId>Intent.ModuleBuilder.TemplateRegistration.SingleFileNoModel#b34a84ca-8dbd-40f2-8636-3a4979fb564d</CorrelationId>
      <OverwriteBehaviour>always</OverwriteBehaviour>
      <ApplicationRelativeFilePath>Templates/CosmosDBUnitOfWorkBehaviour/CosmosDBUnitOfWorkBehaviourTemplateRegistration.cs</ApplicationRelativeFilePath>
      <ProjectRelativeFilePath>CosmosDBUnitOfWorkBehaviour/CosmosDBUnitOfWorkBehaviourTemplateRegistration.cs</ProjectRelativeFilePath>
      <IsIgnored>false</IsIgnored>
    </FileLog>
    <FileLog>
      <ProjectId>c99d833a-084c-4105-a6fd-a931949e4a9e</ProjectId>
      <CorrelationId>Intent.ModuleBuilder.CSharp.Templates.CSharpTemplatePartial#0bc3183f-439f-4acc-a574-160bf21702ab</CorrelationId>
      <OverwriteBehaviour>always</OverwriteBehaviour>
      <ApplicationRelativeFilePath>Templates/CosmosDBUnitOfWorkInterface/CosmosDBUnitOfWorkInterfaceTemplatePartial.cs</ApplicationRelativeFilePath>
      <ProjectRelativeFilePath>CosmosDBUnitOfWorkInterface/CosmosDBUnitOfWorkInterfaceTemplatePartial.cs</ProjectRelativeFilePath>
      <IsIgnored>false</IsIgnored>
    </FileLog>
    <FileLog>
      <ProjectId>c99d833a-084c-4105-a6fd-a931949e4a9e</ProjectId>
      <CorrelationId>Intent.ModuleBuilder.TemplateRegistration.SingleFileNoModel#0bc3183f-439f-4acc-a574-160bf21702ab</CorrelationId>
      <OverwriteBehaviour>always</OverwriteBehaviour>
      <ApplicationRelativeFilePath>Templates/CosmosDBUnitOfWorkInterface/CosmosDBUnitOfWorkInterfaceTemplateRegistration.cs</ApplicationRelativeFilePath>
      <ProjectRelativeFilePath>CosmosDBUnitOfWorkInterface/CosmosDBUnitOfWorkInterfaceTemplateRegistration.cs</ProjectRelativeFilePath>
      <IsIgnored>false</IsIgnored>
    </FileLog>
    <FileLog>
      <ProjectId>c99d833a-084c-4105-a6fd-a931949e4a9e</ProjectId>
      <CorrelationId>Intent.ModuleBuilder.CSharp.Templates.CSharpTemplatePartial#3d6e7abd-cc1f-4a55-b04f-e9b7355bd390</CorrelationId>
      <OverwriteBehaviour>always</OverwriteBehaviour>
      <ApplicationRelativeFilePath>Templates/CosmosPagedList/CosmosPagedListTemplatePartial.cs</ApplicationRelativeFilePath>
      <ProjectRelativeFilePath>CosmosPagedList/CosmosPagedListTemplatePartial.cs</ProjectRelativeFilePath>
      <IsIgnored>false</IsIgnored>
    </FileLog>
    <FileLog>
      <ProjectId>c99d833a-084c-4105-a6fd-a931949e4a9e</ProjectId>
      <CorrelationId>Intent.ModuleBuilder.TemplateRegistration.SingleFileNoModel#3d6e7abd-cc1f-4a55-b04f-e9b7355bd390</CorrelationId>
      <OverwriteBehaviour>always</OverwriteBehaviour>
      <ApplicationRelativeFilePath>Templates/CosmosPagedList/CosmosPagedListTemplateRegistration.cs</ApplicationRelativeFilePath>
      <ProjectRelativeFilePath>CosmosPagedList/CosmosPagedListTemplateRegistration.cs</ProjectRelativeFilePath>
      <IsIgnored>false</IsIgnored>
    </FileLog>
    <FileLog>
      <ProjectId>c99d833a-084c-4105-a6fd-a931949e4a9e</ProjectId>
      <CorrelationId>Intent.ModuleBuilder.Templates.TemplateExtensions</CorrelationId>
      <OverwriteBehaviour>always</OverwriteBehaviour>
      <ApplicationRelativeFilePath>Templates/TemplateExtensions.cs</ApplicationRelativeFilePath>
      <ProjectRelativeFilePath>TemplateExtensions.cs</ProjectRelativeFilePath>
      <IsIgnored>false</IsIgnored>
    </FileLog>
  </FileLogs>
</outputLog>