<?xml version="1.0" encoding="utf-8"?>
<outputLog>
  <ApplicationId>0e64d2ec-20ae-488a-8d4c-0b34354032d5</ApplicationId>
  <FileLogs>
    <FileLog>
      <CorrelationId>Intent.VisualStudio.Projects.VisualStudioSolution#9f53482a-be9a-45d1-982e-162a93ececef</CorrelationId>
      <OverwriteBehaviour>always</OverwriteBehaviour>
      <ApplicationRelativeFilePath>../Intent.Modules.NET.sln</ApplicationRelativeFilePath>
      <IsIgnored>false</IsIgnored>
    </FileLog>
    <FileLog>
      <ProjectId>d2c20998-fb57-4c68-b78b-6faf943c99a3</ProjectId>
      <CorrelationId>Intent.ModuleBuilder.IModSpecFile</CorrelationId>
      <OverwriteBehaviour>always</OverwriteBehaviour>
      <ApplicationRelativeFilePath>Intent.Azure.BlobStorage.imodspec</ApplicationRelativeFilePath>
      <ProjectRelativeFilePath>Intent.Azure.BlobStorage.imodspec</ProjectRelativeFilePath>
      <IsIgnored>false</IsIgnored>
    </FileLog>
    <FileLog>
      <ProjectId>d2c20998-fb57-4c68-b78b-6faf943c99a3</ProjectId>
      <CorrelationId>Intent.VisualStudio.Projects.CoreLibrary.CSProject#d2c20998-fb57-4c68-b78b-6faf943c99a3</CorrelationId>
      <OverwriteBehaviour>always</OverwriteBehaviour>
      <ApplicationRelativeFilePath>Intent.Modules.Azure.BlobStorage.csproj</ApplicationRelativeFilePath>
      <ProjectRelativeFilePath>Intent.Modules.Azure.BlobStorage.csproj</ProjectRelativeFilePath>
      <IsIgnored>false</IsIgnored>
    </FileLog>
    <FileLog>
      <ProjectId>d2c20998-fb57-4c68-b78b-6faf943c99a3</ProjectId>
      <CorrelationId>Intent.ModuleBuilder.CSharp.Templates.NugetPackages</CorrelationId>
      <OverwriteBehaviour>always</OverwriteBehaviour>
      <ApplicationRelativeFilePath>NugetPackages.cs</ApplicationRelativeFilePath>
      <ProjectRelativeFilePath>NugetPackages.cs</ProjectRelativeFilePath>
      <IsIgnored>false</IsIgnored>
    </FileLog>
    <FileLog>
      <ProjectId>d2c20998-fb57-4c68-b78b-6faf943c99a3</ProjectId>
      <CorrelationId>Intent.ModuleBuilder.Templates.ReleaseNotes</CorrelationId>
      <OverwriteBehaviour>once-off</OverwriteBehaviour>
      <ApplicationRelativeFilePath>release-notes.md</ApplicationRelativeFilePath>
      <ProjectRelativeFilePath>release-notes.md</ProjectRelativeFilePath>
      <IsIgnored>false</IsIgnored>
    </FileLog>
    <FileLog>
      <ProjectId>fcdfb9eb-60f5-4369-9a24-6a20e49e70d8</ProjectId>
      <CorrelationId>Intent.ModuleBuilder.CSharp.Templates.CSharpTemplate.T4Template.PreProcessed#6c3788bc-6eb0-445b-b622-22c78db244a6</CorrelationId>
      <OverwriteBehaviour>always</OverwriteBehaviour>
      <ApplicationRelativeFilePath>Templates/AzureBlobStorageImplementation/AzureBlobStorageImplementationTemplate.cs</ApplicationRelativeFilePath>
      <ProjectRelativeFilePath>AzureBlobStorageImplementation/AzureBlobStorageImplementationTemplate.cs</ProjectRelativeFilePath>
      <IsIgnored>false</IsIgnored>
    </FileLog>
    <FileLog>
      <ProjectId>fcdfb9eb-60f5-4369-9a24-6a20e49e70d8</ProjectId>
      <CorrelationId>Intent.ModuleBuilder.CSharp.Templates.CSharpT4Template#6c3788bc-6eb0-445b-b622-22c78db244a6</CorrelationId>
      <OverwriteBehaviour>always</OverwriteBehaviour>
      <ApplicationRelativeFilePath>Templates/AzureBlobStorageImplementation/AzureBlobStorageImplementationTemplate.tt</ApplicationRelativeFilePath>
      <ProjectRelativeFilePath>AzureBlobStorageImplementation/AzureBlobStorageImplementationTemplate.tt</ProjectRelativeFilePath>
      <IsIgnored>false</IsIgnored>
    </FileLog>
    <FileLog>
      <ProjectId>fcdfb9eb-60f5-4369-9a24-6a20e49e70d8</ProjectId>
      <CorrelationId>Intent.ModuleBuilder.CSharp.Templates.CSharpTemplatePartial#6c3788bc-6eb0-445b-b622-22c78db244a6</CorrelationId>
      <OverwriteBehaviour>always</OverwriteBehaviour>
      <ApplicationRelativeFilePath>Templates/AzureBlobStorageImplementation/AzureBlobStorageImplementationTemplatePartial.cs</ApplicationRelativeFilePath>
      <ProjectRelativeFilePath>AzureBlobStorageImplementation/AzureBlobStorageImplementationTemplatePartial.cs</ProjectRelativeFilePath>
      <IsIgnored>false</IsIgnored>
    </FileLog>
    <FileLog>
      <ProjectId>fcdfb9eb-60f5-4369-9a24-6a20e49e70d8</ProjectId>
      <CorrelationId>Intent.ModuleBuilder.TemplateRegistration.SingleFileNoModel#6c3788bc-6eb0-445b-b622-22c78db244a6</CorrelationId>
      <OverwriteBehaviour>always</OverwriteBehaviour>
      <ApplicationRelativeFilePath>Templates/AzureBlobStorageImplementation/AzureBlobStorageImplementationTemplateRegistration.cs</ApplicationRelativeFilePath>
      <ProjectRelativeFilePath>AzureBlobStorageImplementation/AzureBlobStorageImplementationTemplateRegistration.cs</ProjectRelativeFilePath>
      <IsIgnored>false</IsIgnored>
    </FileLog>
    <FileLog>
      <ProjectId>fcdfb9eb-60f5-4369-9a24-6a20e49e70d8</ProjectId>
      <CorrelationId>Intent.ModuleBuilder.CSharp.Templates.CSharpTemplate.T4Template.PreProcessed#3d635267-c9c2-442a-b74a-74ae676250e4</CorrelationId>
      <OverwriteBehaviour>always</OverwriteBehaviour>
      <ApplicationRelativeFilePath>Templates/BlobStorageExtensions/BlobStorageExtensionsTemplate.cs</ApplicationRelativeFilePath>
      <ProjectRelativeFilePath>BlobStorageExtensions/BlobStorageExtensionsTemplate.cs</ProjectRelativeFilePath>
      <IsIgnored>false</IsIgnored>
    </FileLog>
    <FileLog>
      <ProjectId>fcdfb9eb-60f5-4369-9a24-6a20e49e70d8</ProjectId>
      <CorrelationId>Intent.ModuleBuilder.CSharp.Templates.CSharpT4Template#3d635267-c9c2-442a-b74a-74ae676250e4</CorrelationId>
      <OverwriteBehaviour>always</OverwriteBehaviour>
      <ApplicationRelativeFilePath>Templates/BlobStorageExtensions/BlobStorageExtensionsTemplate.tt</ApplicationRelativeFilePath>
      <ProjectRelativeFilePath>BlobStorageExtensions/BlobStorageExtensionsTemplate.tt</ProjectRelativeFilePath>
      <IsIgnored>false</IsIgnored>
    </FileLog>
    <FileLog>
      <ProjectId>fcdfb9eb-60f5-4369-9a24-6a20e49e70d8</ProjectId>
      <CorrelationId>Intent.ModuleBuilder.CSharp.Templates.CSharpTemplatePartial#3d635267-c9c2-442a-b74a-74ae676250e4</CorrelationId>
      <OverwriteBehaviour>always</OverwriteBehaviour>
      <ApplicationRelativeFilePath>Templates/BlobStorageExtensions/BlobStorageExtensionsTemplatePartial.cs</ApplicationRelativeFilePath>
      <ProjectRelativeFilePath>BlobStorageExtensions/BlobStorageExtensionsTemplatePartial.cs</ProjectRelativeFilePath>
      <IsIgnored>false</IsIgnored>
    </FileLog>
    <FileLog>
      <ProjectId>fcdfb9eb-60f5-4369-9a24-6a20e49e70d8</ProjectId>
      <CorrelationId>Intent.ModuleBuilder.TemplateRegistration.SingleFileNoModel#3d635267-c9c2-442a-b74a-74ae676250e4</CorrelationId>
      <OverwriteBehaviour>always</OverwriteBehaviour>
      <ApplicationRelativeFilePath>Templates/BlobStorageExtensions/BlobStorageExtensionsTemplateRegistration.cs</ApplicationRelativeFilePath>
      <ProjectRelativeFilePath>BlobStorageExtensions/BlobStorageExtensionsTemplateRegistration.cs</ProjectRelativeFilePath>
      <IsIgnored>false</IsIgnored>
    </FileLog>
    <FileLog>
      <ProjectId>fcdfb9eb-60f5-4369-9a24-6a20e49e70d8</ProjectId>
      <CorrelationId>Intent.ModuleBuilder.CSharp.Templates.CSharpTemplate.T4Template.PreProcessed#5c95b2ae-4289-47be-92c3-41dd2ab00e86</CorrelationId>
      <OverwriteBehaviour>always</OverwriteBehaviour>
      <ApplicationRelativeFilePath>Templates/BlobStorageInterface/BlobStorageInterfaceTemplate.cs</ApplicationRelativeFilePath>
      <ProjectRelativeFilePath>BlobStorageInterface/BlobStorageInterfaceTemplate.cs</ProjectRelativeFilePath>
      <IsIgnored>false</IsIgnored>
    </FileLog>
    <FileLog>
      <ProjectId>fcdfb9eb-60f5-4369-9a24-6a20e49e70d8</ProjectId>
      <CorrelationId>Intent.ModuleBuilder.CSharp.Templates.CSharpT4Template#5c95b2ae-4289-47be-92c3-41dd2ab00e86</CorrelationId>
      <OverwriteBehaviour>always</OverwriteBehaviour>
      <ApplicationRelativeFilePath>Templates/BlobStorageInterface/BlobStorageInterfaceTemplate.tt</ApplicationRelativeFilePath>
      <ProjectRelativeFilePath>BlobStorageInterface/BlobStorageInterfaceTemplate.tt</ProjectRelativeFilePath>
      <IsIgnored>false</IsIgnored>
    </FileLog>
    <FileLog>
      <ProjectId>fcdfb9eb-60f5-4369-9a24-6a20e49e70d8</ProjectId>
      <CorrelationId>Intent.ModuleBuilder.CSharp.Templates.CSharpTemplatePartial#5c95b2ae-4289-47be-92c3-41dd2ab00e86</CorrelationId>
      <OverwriteBehaviour>always</OverwriteBehaviour>
      <ApplicationRelativeFilePath>Templates/BlobStorageInterface/BlobStorageInterfaceTemplatePartial.cs</ApplicationRelativeFilePath>
      <ProjectRelativeFilePath>BlobStorageInterface/BlobStorageInterfaceTemplatePartial.cs</ProjectRelativeFilePath>
      <IsIgnored>false</IsIgnored>
    </FileLog>
    <FileLog>
      <ProjectId>fcdfb9eb-60f5-4369-9a24-6a20e49e70d8</ProjectId>
      <CorrelationId>Intent.ModuleBuilder.TemplateRegistration.SingleFileNoModel#5c95b2ae-4289-47be-92c3-41dd2ab00e86</CorrelationId>
      <OverwriteBehaviour>always</OverwriteBehaviour>
      <ApplicationRelativeFilePath>Templates/BlobStorageInterface/BlobStorageInterfaceTemplateRegistration.cs</ApplicationRelativeFilePath>
      <ProjectRelativeFilePath>BlobStorageInterface/BlobStorageInterfaceTemplateRegistration.cs</ProjectRelativeFilePath>
      <IsIgnored>false</IsIgnored>
    </FileLog>
    <FileLog>
      <ProjectId>fcdfb9eb-60f5-4369-9a24-6a20e49e70d8</ProjectId>
      <CorrelationId>Intent.ModuleBuilder.Templates.TemplateExtensions</CorrelationId>
      <OverwriteBehaviour>always</OverwriteBehaviour>
      <ApplicationRelativeFilePath>Templates/TemplateExtensions.cs</ApplicationRelativeFilePath>
      <ProjectRelativeFilePath>TemplateExtensions.cs</ProjectRelativeFilePath>
      <IsIgnored>false</IsIgnored>
    </FileLog>
  </FileLogs>
</outputLog>