<?xml version="1.0" encoding="utf-8"?>
<outputLog>
  <ApplicationId>096f70cb-2bbb-43ca-b4e5-f10023eda191</ApplicationId>
  <FileLogs>
    <FileLog>
      <CorrelationId>Intent.VisualStudio.Projects.VisualStudioSolution#2f37335d-fc05-4713-81fc-81d4f7990b34</CorrelationId>
      <OverwriteBehaviour>always</OverwriteBehaviour>
      <ApplicationRelativeFilePath>../Intent.Modules.NET.sln</ApplicationRelativeFilePath>
      <IsIgnored>false</IsIgnored>
    </FileLog>
    <FileLog>
      <ProjectId>83ba2fdc-febb-41ee-897c-a9ce41270757</ProjectId>
      <CorrelationId>Intent.ModuleBuilder.Templates.FactoryExtension#dd865815-86ca-458d-ad7a-e14a4d16a1fa</CorrelationId>
      <OverwriteBehaviour>always</OverwriteBehaviour>
      <ApplicationRelativeFilePath>FactoryExtensions/MongoRepoFactoryExtension.cs</ApplicationRelativeFilePath>
      <ProjectRelativeFilePath>MongoRepoFactoryExtension.cs</ProjectRelativeFilePath>
      <IsIgnored>false</IsIgnored>
    </FileLog>
    <FileLog>
      <ProjectId>83ba2fdc-febb-41ee-897c-a9ce41270757</ProjectId>
      <CorrelationId>Intent.ModuleBuilder.Templates.FactoryExtension#d2636e48-0aa6-4833-9877-8a22c06e64cd</CorrelationId>
      <OverwriteBehaviour>always</OverwriteBehaviour>
      <ApplicationRelativeFilePath>FactoryExtensions/PagedListFactoryExtension.cs</ApplicationRelativeFilePath>
      <ProjectRelativeFilePath>PagedListFactoryExtension.cs</ProjectRelativeFilePath>
      <IsIgnored>false</IsIgnored>
    </FileLog>
    <FileLog>
      <ProjectId>74ca1abe-d04c-4092-9c24-ffe9552ae60c</ProjectId>
      <CorrelationId>Intent.VisualStudio.Projects.CSharpProject#74ca1abe-d04c-4092-9c24-ffe9552ae60c</CorrelationId>
      <OverwriteBehaviour>always</OverwriteBehaviour>
      <ApplicationRelativeFilePath>Intent.Modules.MongoDb.MongoFramework.Repositories.csproj</ApplicationRelativeFilePath>
      <ProjectRelativeFilePath>Intent.Modules.MongoDb.MongoFramework.Repositories.csproj</ProjectRelativeFilePath>
      <IsIgnored>false</IsIgnored>
    </FileLog>
    <FileLog>
      <ProjectId>74ca1abe-d04c-4092-9c24-ffe9552ae60c</ProjectId>
      <CorrelationId>Intent.ModuleBuilder.IModSpecFile</CorrelationId>
      <OverwriteBehaviour>always</OverwriteBehaviour>
      <ApplicationRelativeFilePath>Intent.MongoDb.MongoFramework.Repositories.imodspec</ApplicationRelativeFilePath>
      <ProjectRelativeFilePath>Intent.MongoDb.MongoFramework.Repositories.imodspec</ProjectRelativeFilePath>
      <IsIgnored>true</IsIgnored>
    </FileLog>
    <FileLog>
      <ProjectId>ed9beb84-7d7c-465a-b776-051aafc37f99</ProjectId>
      <CorrelationId>Intent.ModuleBuilder.CSharp.Templates.CSharpTemplatePartial#b87c40c2-09be-4e16-86e2-d3b5a5b20faf</CorrelationId>
      <OverwriteBehaviour>always</OverwriteBehaviour>
      <ApplicationRelativeFilePath>Templates/MongoRepositoryBase/MongoRepositoryBaseTemplatePartial.cs</ApplicationRelativeFilePath>
      <ProjectRelativeFilePath>MongoRepositoryBase/MongoRepositoryBaseTemplatePartial.cs</ProjectRelativeFilePath>
      <IsIgnored>false</IsIgnored>
    </FileLog>
    <FileLog>
      <ProjectId>ed9beb84-7d7c-465a-b776-051aafc37f99</ProjectId>
      <CorrelationId>Intent.ModuleBuilder.TemplateRegistration.SingleFileNoModel#b87c40c2-09be-4e16-86e2-d3b5a5b20faf</CorrelationId>
      <OverwriteBehaviour>always</OverwriteBehaviour>
      <ApplicationRelativeFilePath>Templates/MongoRepositoryBase/MongoRepositoryBaseTemplateRegistration.cs</ApplicationRelativeFilePath>
      <ProjectRelativeFilePath>MongoRepositoryBase/MongoRepositoryBaseTemplateRegistration.cs</ProjectRelativeFilePath>
      <IsIgnored>false</IsIgnored>
    </FileLog>
    <FileLog>
      <ProjectId>ed9beb84-7d7c-465a-b776-051aafc37f99</ProjectId>
      <CorrelationId>Intent.ModuleBuilder.CSharp.Templates.CSharpTemplatePartial#54b44d6c-8cb8-4026-b300-68836dcc64d1</CorrelationId>
      <OverwriteBehaviour>always</OverwriteBehaviour>
      <ApplicationRelativeFilePath>Templates/MongoRepositoryInterface/MongoRepositoryInterfaceTemplatePartial.cs</ApplicationRelativeFilePath>
      <ProjectRelativeFilePath>MongoRepositoryInterface/MongoRepositoryInterfaceTemplatePartial.cs</ProjectRelativeFilePath>
      <IsIgnored>false</IsIgnored>
    </FileLog>
    <FileLog>
      <ProjectId>ed9beb84-7d7c-465a-b776-051aafc37f99</ProjectId>
      <CorrelationId>Intent.ModuleBuilder.TemplateRegistration.SingleFileNoModel#54b44d6c-8cb8-4026-b300-68836dcc64d1</CorrelationId>
      <OverwriteBehaviour>always</OverwriteBehaviour>
      <ApplicationRelativeFilePath>Templates/MongoRepositoryInterface/MongoRepositoryInterfaceTemplateRegistration.cs</ApplicationRelativeFilePath>
      <ProjectRelativeFilePath>MongoRepositoryInterface/MongoRepositoryInterfaceTemplateRegistration.cs</ProjectRelativeFilePath>
      <IsIgnored>false</IsIgnored>
    </FileLog>
    <FileLog>
      <ProjectId>ed9beb84-7d7c-465a-b776-051aafc37f99</ProjectId>
      <CorrelationId>Intent.ModuleBuilder.CSharp.Templates.CSharpTemplatePartial#92371428-7d9d-4a2f-869e-306408ffc44a</CorrelationId>
      <OverwriteBehaviour>always</OverwriteBehaviour>
      <ApplicationRelativeFilePath>Templates/PagedList/PagedListTemplatePartial.cs</ApplicationRelativeFilePath>
      <ProjectRelativeFilePath>PagedList/PagedListTemplatePartial.cs</ProjectRelativeFilePath>
      <IsIgnored>false</IsIgnored>
    </FileLog>
    <FileLog>
      <ProjectId>ed9beb84-7d7c-465a-b776-051aafc37f99</ProjectId>
      <CorrelationId>Intent.ModuleBuilder.TemplateRegistration.Custom#92371428-7d9d-4a2f-869e-306408ffc44a</CorrelationId>
      <OverwriteBehaviour>always</OverwriteBehaviour>
      <ApplicationRelativeFilePath>Templates/PagedList/PagedListTemplateRegistration.cs</ApplicationRelativeFilePath>
      <ProjectRelativeFilePath>PagedList/PagedListTemplateRegistration.cs</ProjectRelativeFilePath>
      <IsIgnored>false</IsIgnored>
    </FileLog>
    <FileLog>
      <ProjectId>ed9beb84-7d7c-465a-b776-051aafc37f99</ProjectId>
      <CorrelationId>Intent.ModuleBuilder.CSharp.Templates.CSharpTemplatePartial#8b575ed4-6f2c-4b75-81c0-d19ea72b50cf</CorrelationId>
      <OverwriteBehaviour>always</OverwriteBehaviour>
      <ApplicationRelativeFilePath>Templates/Repository/RepositoryTemplatePartial.cs</ApplicationRelativeFilePath>
      <ProjectRelativeFilePath>Repository/RepositoryTemplatePartial.cs</ProjectRelativeFilePath>
      <IsIgnored>false</IsIgnored>
    </FileLog>
    <FileLog>
      <ProjectId>ed9beb84-7d7c-465a-b776-051aafc37f99</ProjectId>
      <CorrelationId>Intent.ModuleBuilder.TemplateRegistration.FilePerModel#8b575ed4-6f2c-4b75-81c0-d19ea72b50cf</CorrelationId>
      <OverwriteBehaviour>always</OverwriteBehaviour>
      <ApplicationRelativeFilePath>Templates/Repository/RepositoryTemplateRegistration.cs</ApplicationRelativeFilePath>
      <ProjectRelativeFilePath>Repository/RepositoryTemplateRegistration.cs</ProjectRelativeFilePath>
      <IsIgnored>false</IsIgnored>
    </FileLog>
    <FileLog>
      <ProjectId>ed9beb84-7d7c-465a-b776-051aafc37f99</ProjectId>
      <CorrelationId>Intent.ModuleBuilder.Templates.TemplateExtensions</CorrelationId>
      <OverwriteBehaviour>always</OverwriteBehaviour>
      <ApplicationRelativeFilePath>Templates/TemplateExtensions.cs</ApplicationRelativeFilePath>
      <ProjectRelativeFilePath>TemplateExtensions.cs</ProjectRelativeFilePath>
      <IsIgnored>true</IsIgnored>
    </FileLog>
  </FileLogs>
</outputLog>