<?xml version="1.0" encoding="utf-8"?>
<outputLog>
  <ApplicationId>75510471-3b29-4bac-8253-6eae740fdc30</ApplicationId>
  <FileLogs>
    <FileLog>
      <CorrelationId>Intent.VisualStudio.Projects.VisualStudioSolution#c798ed0d-82b4-4059-9faa-75ec4e4f229b</CorrelationId>
      <OverwriteBehaviour>always</OverwriteBehaviour>
      <ApplicationRelativeFilePath>../Intent.Modules.NET.sln</ApplicationRelativeFilePath>
      <IsIgnored>false</IsIgnored>
    </FileLog>
    <FileLog>
      <ProjectId>25d2fc52-9d52-44f9-961c-27948bff71e5</ProjectId>
      <CorrelationId>Intent.ModuleBuilder.Templates.FactoryExtension#c279ea27-3318-415c-a0c9-353713cb5977</CorrelationId>
      <OverwriteBehaviour>always</OverwriteBehaviour>
      <ApplicationRelativeFilePath>FactoryExtensions/RegistrationsFactoryExtension.cs</ApplicationRelativeFilePath>
      <ProjectRelativeFilePath>RegistrationsFactoryExtension.cs</ProjectRelativeFilePath>
      <IsIgnored>false</IsIgnored>
    </FileLog>
    <FileLog>
      <ProjectId>00bcef41-099a-4a9b-8557-5399f39d2dfc</ProjectId>
      <CorrelationId>Intent.ModuleBuilder.IModSpecFile</CorrelationId>
      <OverwriteBehaviour>always</OverwriteBehaviour>
      <ApplicationRelativeFilePath>Intent.Dapr.AspNetCore.Configuration.imodspec</ApplicationRelativeFilePath>
      <ProjectRelativeFilePath>Intent.Dapr.AspNetCore.Configuration.imodspec</ProjectRelativeFilePath>
      <IsIgnored>false</IsIgnored>
    </FileLog>
    <FileLog>
      <ProjectId>00bcef41-099a-4a9b-8557-5399f39d2dfc</ProjectId>
      <CorrelationId>Intent.VisualStudio.Projects.CoreLibrary.CSProject#00bcef41-099a-4a9b-8557-5399f39d2dfc</CorrelationId>
      <OverwriteBehaviour>always</OverwriteBehaviour>
      <ApplicationRelativeFilePath>Intent.Modules.Dapr.AspNetCore.Configuration.csproj</ApplicationRelativeFilePath>
      <ProjectRelativeFilePath>Intent.Modules.Dapr.AspNetCore.Configuration.csproj</ProjectRelativeFilePath>
      <IsIgnored>false</IsIgnored>
    </FileLog>
    <FileLog>
      <ProjectId>7402f353-d2bd-46d6-a243-0c1806ae36c5</ProjectId>
      <CorrelationId>Intent.ModuleBuilder.CSharp.Templates.CSharpTemplatePartial#c5417e99-f080-4477-8950-d47ea09b8078</CorrelationId>
      <OverwriteBehaviour>always</OverwriteBehaviour>
      <ApplicationRelativeFilePath>Templates/DaprConfigurationConfiguration/DaprConfigurationConfigurationTemplatePartial.cs</ApplicationRelativeFilePath>
      <ProjectRelativeFilePath>DaprConfigurationConfiguration/DaprConfigurationConfigurationTemplatePartial.cs</ProjectRelativeFilePath>
      <IsIgnored>false</IsIgnored>
    </FileLog>
    <FileLog>
      <ProjectId>7402f353-d2bd-46d6-a243-0c1806ae36c5</ProjectId>
      <CorrelationId>Intent.ModuleBuilder.TemplateRegistration.SingleFileNoModel#c5417e99-f080-4477-8950-d47ea09b8078</CorrelationId>
      <OverwriteBehaviour>always</OverwriteBehaviour>
      <ApplicationRelativeFilePath>Templates/DaprConfigurationConfiguration/DaprConfigurationConfigurationTemplateRegistration.cs</ApplicationRelativeFilePath>
      <ProjectRelativeFilePath>DaprConfigurationConfiguration/DaprConfigurationConfigurationTemplateRegistration.cs</ProjectRelativeFilePath>
      <IsIgnored>false</IsIgnored>
    </FileLog>
    <FileLog>
      <ProjectId>7402f353-d2bd-46d6-a243-0c1806ae36c5</ProjectId>
      <CorrelationId>Intent.ModuleBuilder.Templates.FileTemplateStringInterpolation#d263349a-49a2-45f4-b51a-3beb8d004353</CorrelationId>
      <OverwriteBehaviour>always</OverwriteBehaviour>
      <ApplicationRelativeFilePath>Templates/DefaultLocalConfigurationStore/DefaultLocalConfigurationStoreTemplate.cs</ApplicationRelativeFilePath>
      <ProjectRelativeFilePath>DefaultLocalConfigurationStore/DefaultLocalConfigurationStoreTemplate.cs</ProjectRelativeFilePath>
      <IsIgnored>false</IsIgnored>
    </FileLog>
    <FileLog>
      <ProjectId>7402f353-d2bd-46d6-a243-0c1806ae36c5</ProjectId>
      <CorrelationId>Intent.ModuleBuilder.ProjectItemTemplate.Partial#d263349a-49a2-45f4-b51a-3beb8d004353</CorrelationId>
      <OverwriteBehaviour>always</OverwriteBehaviour>
      <ApplicationRelativeFilePath>Templates/DefaultLocalConfigurationStore/DefaultLocalConfigurationStoreTemplatePartial.cs</ApplicationRelativeFilePath>
      <ProjectRelativeFilePath>DefaultLocalConfigurationStore/DefaultLocalConfigurationStoreTemplatePartial.cs</ProjectRelativeFilePath>
      <IsIgnored>false</IsIgnored>
    </FileLog>
    <FileLog>
      <ProjectId>7402f353-d2bd-46d6-a243-0c1806ae36c5</ProjectId>
      <CorrelationId>Intent.ModuleBuilder.TemplateRegistration.SingleFileNoModel#d263349a-49a2-45f4-b51a-3beb8d004353</CorrelationId>
      <OverwriteBehaviour>always</OverwriteBehaviour>
      <ApplicationRelativeFilePath>Templates/DefaultLocalConfigurationStore/DefaultLocalConfigurationStoreTemplateRegistration.cs</ApplicationRelativeFilePath>
      <ProjectRelativeFilePath>DefaultLocalConfigurationStore/DefaultLocalConfigurationStoreTemplateRegistration.cs</ProjectRelativeFilePath>
      <IsIgnored>false</IsIgnored>
    </FileLog>
    <FileLog>
      <ProjectId>7402f353-d2bd-46d6-a243-0c1806ae36c5</ProjectId>
      <CorrelationId>Intent.ModuleBuilder.Templates.TemplateExtensions</CorrelationId>
      <OverwriteBehaviour>always</OverwriteBehaviour>
      <ApplicationRelativeFilePath>Templates/TemplateExtensions.cs</ApplicationRelativeFilePath>
      <ProjectRelativeFilePath>TemplateExtensions.cs</ProjectRelativeFilePath>
      <IsIgnored>false</IsIgnored>
    </FileLog>
  </FileLogs>
</outputLog>