<?xml version="1.0" encoding="utf-8"?>
<outputLog>
  <ApplicationId>989555da-0ffa-4ade-bacf-69f9cd261300</ApplicationId>
  <FileLogs>
    <FileLog>
      <CorrelationId>Intent.VisualStudio.Projects.VisualStudioSolution#e81d54f0-ff24-4498-a785-6e62b510302a</CorrelationId>
      <OverwriteBehaviour>always</OverwriteBehaviour>
      <ApplicationRelativeFilePath>../Intent.Modules.NET.sln</ApplicationRelativeFilePath>
      <IsIgnored>false</IsIgnored>
    </FileLog>
    <FileLog>
      <ProjectId>35cd9749-ca61-45b2-a111-c9e47cc49465</ProjectId>
      <CorrelationId>Intent.ModuleBuilder.IModSpecFile</CorrelationId>
      <OverwriteBehaviour>always</OverwriteBehaviour>
      <ApplicationRelativeFilePath>Intent.Application.DependencyInjection.AutoMapper.imodspec</ApplicationRelativeFilePath>
      <ProjectRelativeFilePath>Intent.Application.DependencyInjection.AutoMapper.imodspec</ProjectRelativeFilePath>
      <IsIgnored>false</IsIgnored>
    </FileLog>
    <FileLog>
      <ProjectId>35cd9749-ca61-45b2-a111-c9e47cc49465</ProjectId>
      <CorrelationId>Intent.VisualStudio.Projects.CSharpProject#35cd9749-ca61-45b2-a111-c9e47cc49465</CorrelationId>
      <OverwriteBehaviour>always</OverwriteBehaviour>
      <ApplicationRelativeFilePath>Intent.Modules.Application.DependencyInjection.AutoMapper.csproj</ApplicationRelativeFilePath>
      <ProjectRelativeFilePath>Intent.Modules.Application.DependencyInjection.AutoMapper.csproj</ProjectRelativeFilePath>
      <IsIgnored>false</IsIgnored>
    </FileLog>
  </FileLogs>
</outputLog>