<?xml version="1.0" encoding="utf-8"?>
<outputLog>
  <ApplicationId>cf054ca4-89ca-4c22-8bbe-3f15409ae0ec</ApplicationId>
  <FileLogs>
    <FileLog>
      <CorrelationId>Intent.VisualStudio.Projects.VisualStudioSolution#2abb7d45-6d56-4c7e-9d2f-bf32071b778e</CorrelationId>
      <OverwriteBehaviour>always</OverwriteBehaviour>
      <ApplicationRelativeFilePath>../Intent.Modules.NET.sln</ApplicationRelativeFilePath>
      <IsIgnored>false</IsIgnored>
    </FileLog>
    <FileLog>
      <ProjectId>0d04f578-7419-4575-b963-45826518d490</ProjectId>
      <CorrelationId>Intent.ModuleBuilder.Templates.TemplateDecorator#4d920a6b-8adf-4ea1-a9f4-2131f8316ce3</CorrelationId>
      <OverwriteBehaviour>always</OverwriteBehaviour>
      <ApplicationRelativeFilePath>Decorators/ConfigurationSettingsSerilogLoggingDecorator.cs</ApplicationRelativeFilePath>
      <ProjectRelativeFilePath>ConfigurationSettingsSerilogLoggingDecorator.cs</ProjectRelativeFilePath>
      <IsIgnored>false</IsIgnored>
    </FileLog>
    <FileLog>
      <ProjectId>0d04f578-7419-4575-b963-45826518d490</ProjectId>
      <CorrelationId>Intent.ModuleBuilder.Templates.TemplateDecoratorRegistration#4d920a6b-8adf-4ea1-a9f4-2131f8316ce3</CorrelationId>
      <OverwriteBehaviour>always</OverwriteBehaviour>
      <ApplicationRelativeFilePath>Decorators/ConfigurationSettingsSerilogLoggingDecoratorRegistration.cs</ApplicationRelativeFilePath>
      <ProjectRelativeFilePath>ConfigurationSettingsSerilogLoggingDecoratorRegistration.cs</ProjectRelativeFilePath>
      <IsIgnored>false</IsIgnored>
    </FileLog>
    <FileLog>
      <ProjectId>7cf5049d-1549-480c-90ac-113ee11925ae</ProjectId>
      <CorrelationId>Intent.ModuleBuilder.Templates.FactoryExtension#8b105b15-9d7b-425c-b739-1b4e40c2b9a9</CorrelationId>
      <OverwriteBehaviour>always</OverwriteBehaviour>
      <ApplicationRelativeFilePath>FactoryExtensions/SerilogStartupConfigurationExtension.cs</ApplicationRelativeFilePath>
      <ProjectRelativeFilePath>SerilogStartupConfigurationExtension.cs</ProjectRelativeFilePath>
      <IsIgnored>false</IsIgnored>
    </FileLog>
    <FileLog>
      <ProjectId>b9b91c28-0de7-4437-8b8a-6d6c401f401b</ProjectId>
      <CorrelationId>Intent.VisualStudio.Projects.CSharpProject#b9b91c28-0de7-4437-8b8a-6d6c401f401b</CorrelationId>
      <OverwriteBehaviour>always</OverwriteBehaviour>
      <ApplicationRelativeFilePath>Intent.Modules.AspNetCore.Logging.Serilog.csproj</ApplicationRelativeFilePath>
      <ProjectRelativeFilePath>Intent.Modules.AspNetCore.Logging.Serilog.csproj</ProjectRelativeFilePath>
      <IsIgnored>false</IsIgnored>
    </FileLog>
    <FileLog>
      <ProjectId>b9b91c28-0de7-4437-8b8a-6d6c401f401b</ProjectId>
      <CorrelationId>Intent.ModuleBuilder.IModSpecFile</CorrelationId>
      <OverwriteBehaviour>always</OverwriteBehaviour>
      <ApplicationRelativeFilePath>Intent.Modules.AspNetCore.Logging.Serilog.imodspec</ApplicationRelativeFilePath>
      <ProjectRelativeFilePath>Intent.Modules.AspNetCore.Logging.Serilog.imodspec</ProjectRelativeFilePath>
      <IsIgnored>false</IsIgnored>
    </FileLog>
    <FileLog>
      <ProjectId>b9b91c28-0de7-4437-8b8a-6d6c401f401b</ProjectId>
      <CorrelationId>Intent.ModuleBuilder.CSharp.Templates.NugetPackages</CorrelationId>
      <OverwriteBehaviour>always</OverwriteBehaviour>
      <ApplicationRelativeFilePath>NugetPackages.cs</ApplicationRelativeFilePath>
      <ProjectRelativeFilePath>NugetPackages.cs</ProjectRelativeFilePath>
      <IsIgnored>false</IsIgnored>
    </FileLog>
    <FileLog>
      <ProjectId>e39cd535-56ad-4bef-bb57-a5bc3b4cf506</ProjectId>
      <CorrelationId>Intent.ModuleBuilder.Templates.Settings.ModuleSettingsExtensions#8b0c1ac1-fec4-498c-8f04-76519c498003</CorrelationId>
      <OverwriteBehaviour>always</OverwriteBehaviour>
      <ApplicationRelativeFilePath>Settings/ModuleSettingsExtensions.cs</ApplicationRelativeFilePath>
      <ProjectRelativeFilePath>ModuleSettingsExtensions.cs</ProjectRelativeFilePath>
      <IsIgnored>false</IsIgnored>
    </FileLog>
    <FileLog>
      <ProjectId>6ce00c3b-28f5-42c7-92d8-46f7eedbd349</ProjectId>
      <CorrelationId>Intent.ModuleBuilder.CSharp.Templates.CSharpStringInterpolationTemplate#e8af86f2-6027-4c55-a3b5-d6277101612b</CorrelationId>
      <OverwriteBehaviour>always</OverwriteBehaviour>
      <ApplicationRelativeFilePath>Templates/BoundedLoggingDestructuringPolicy/BoundedLoggingDestructuringPolicyTemplate.cs</ApplicationRelativeFilePath>
      <ProjectRelativeFilePath>BoundedLoggingDestructuringPolicy/BoundedLoggingDestructuringPolicyTemplate.cs</ProjectRelativeFilePath>
      <IsIgnored>false</IsIgnored>
    </FileLog>
    <FileLog>
      <ProjectId>6ce00c3b-28f5-42c7-92d8-46f7eedbd349</ProjectId>
      <CorrelationId>Intent.ModuleBuilder.CSharp.Templates.CSharpTemplatePartial#e8af86f2-6027-4c55-a3b5-d6277101612b</CorrelationId>
      <OverwriteBehaviour>always</OverwriteBehaviour>
      <ApplicationRelativeFilePath>Templates/BoundedLoggingDestructuringPolicy/BoundedLoggingDestructuringPolicyTemplatePartial.cs</ApplicationRelativeFilePath>
      <ProjectRelativeFilePath>BoundedLoggingDestructuringPolicy/BoundedLoggingDestructuringPolicyTemplatePartial.cs</ProjectRelativeFilePath>
      <IsIgnored>false</IsIgnored>
    </FileLog>
    <FileLog>
      <ProjectId>6ce00c3b-28f5-42c7-92d8-46f7eedbd349</ProjectId>
      <CorrelationId>Intent.ModuleBuilder.TemplateRegistration.SingleFileNoModel#e8af86f2-6027-4c55-a3b5-d6277101612b</CorrelationId>
      <OverwriteBehaviour>always</OverwriteBehaviour>
      <ApplicationRelativeFilePath>Templates/BoundedLoggingDestructuringPolicy/BoundedLoggingDestructuringPolicyTemplateRegistration.cs</ApplicationRelativeFilePath>
      <ProjectRelativeFilePath>BoundedLoggingDestructuringPolicy/BoundedLoggingDestructuringPolicyTemplateRegistration.cs</ProjectRelativeFilePath>
      <IsIgnored>false</IsIgnored>
    </FileLog>
    <FileLog>
      <ProjectId>6ce00c3b-28f5-42c7-92d8-46f7eedbd349</ProjectId>
      <CorrelationId>Intent.ModuleBuilder.Templates.TemplateExtensions</CorrelationId>
      <OverwriteBehaviour>always</OverwriteBehaviour>
      <ApplicationRelativeFilePath>Templates/TemplateExtensions.cs</ApplicationRelativeFilePath>
      <ProjectRelativeFilePath>TemplateExtensions.cs</ProjectRelativeFilePath>
      <IsIgnored>false</IsIgnored>
    </FileLog>
  </FileLogs>
</outputLog>