<?xml version="1.0" encoding="utf-8"?>
<outputLog>
  <ApplicationId>b989913b-9bcd-478b-9134-e53553efd5f8</ApplicationId>
  <FileLogs>
    <FileLog>
      <CorrelationId>Intent.VisualStudio.Projects.VisualStudioSolution#391b81be-0ee8-469f-835b-f3c5b2abfa6d</CorrelationId>
      <OverwriteBehaviour>always</OverwriteBehaviour>
      <ApplicationRelativeFilePath>../Intent.Modules.NET.sln</ApplicationRelativeFilePath>
      <IsIgnored>false</IsIgnored>
    </FileLog>
    <FileLog>
      <ProjectId>bb6301fb-7541-46b2-854d-8f95bea37d24</ProjectId>
      <CorrelationId>Intent.ModuleBuilder.Templates.FactoryExtension#ef7c0f8f-14aa-4c0f-b0ea-3c1e876f4f8b</CorrelationId>
      <OverwriteBehaviour>always</OverwriteBehaviour>
      <ApplicationRelativeFilePath>FactoryExtensions/EFOutboxPatternConfiguratorExtension.cs</ApplicationRelativeFilePath>
      <ProjectRelativeFilePath>EFOutboxPatternConfiguratorExtension.cs</ProjectRelativeFilePath>
      <IsIgnored>false</IsIgnored>
    </FileLog>
    <FileLog>
      <ProjectId>bb6301fb-7541-46b2-854d-8f95bea37d24</ProjectId>
      <CorrelationId>Intent.ModuleBuilder.Templates.FactoryExtension#14b10fc4-f039-4a85-a6b6-d802f9e3e692</CorrelationId>
      <OverwriteBehaviour>always</OverwriteBehaviour>
      <ApplicationRelativeFilePath>FactoryExtensions/OutboxTableSpecificationExtension.cs</ApplicationRelativeFilePath>
      <ProjectRelativeFilePath>OutboxTableSpecificationExtension.cs</ProjectRelativeFilePath>
      <IsIgnored>false</IsIgnored>
    </FileLog>
    <FileLog>
      <ProjectId>12009bd1-f48d-4939-a294-57d1f0a54eef</ProjectId>
      <CorrelationId>Intent.ModuleBuilder.IModSpecFile</CorrelationId>
      <OverwriteBehaviour>always</OverwriteBehaviour>
      <ApplicationRelativeFilePath>Intent.Eventing.MassTransit.EntityFrameworkCore.imodspec</ApplicationRelativeFilePath>
      <ProjectRelativeFilePath>Intent.Eventing.MassTransit.EntityFrameworkCore.imodspec</ProjectRelativeFilePath>
      <IsIgnored>false</IsIgnored>
    </FileLog>
    <FileLog>
      <ProjectId>12009bd1-f48d-4939-a294-57d1f0a54eef</ProjectId>
      <CorrelationId>Intent.VisualStudio.Projects.CSharpProject#12009bd1-f48d-4939-a294-57d1f0a54eef</CorrelationId>
      <OverwriteBehaviour>always</OverwriteBehaviour>
      <ApplicationRelativeFilePath>Intent.Modules.Eventing.MassTransit.EntityFrameworkCore.csproj</ApplicationRelativeFilePath>
      <ProjectRelativeFilePath>Intent.Modules.Eventing.MassTransit.EntityFrameworkCore.csproj</ProjectRelativeFilePath>
      <IsIgnored>false</IsIgnored>
    </FileLog>
    <FileLog>
      <ProjectId>86232689-e696-42ce-b547-aa271cd11dea</ProjectId>
      <CorrelationId>Intent.ModuleBuilder.Templates.DocumentationTemplate#067bbd59-1028-40fd-a5a5-d3e428fe2eca</CorrelationId>
      <OverwriteBehaviour>always</OverwriteBehaviour>
      <ApplicationRelativeFilePath>resources/documentation.json</ApplicationRelativeFilePath>
      <ProjectRelativeFilePath>documentation.json</ProjectRelativeFilePath>
      <IsIgnored>false</IsIgnored>
    </FileLog>
  </FileLogs>
</outputLog>