<?xml version="1.0" encoding="utf-8"?>
<outputLog>
  <ApplicationId>9a327e3d-35a8-4c79-a32c-2ca8ab599e25</ApplicationId>
  <FileLogs>
    <FileLog>
      <CorrelationId>Intent.VisualStudio.Projects.VisualStudio2015Solution#5d4f8997-23db-4098-a905-5dd1ce6615ec</CorrelationId>
      <ApplicationRelativeFilePath>../Intent.Modules.NET.sln</ApplicationRelativeFilePath>
      <IsIgnored>false</IsIgnored>
    </FileLog>
    <FileLog>
      <ProjectId>dca5136f-8295-4d33-a04b-5c4be0f2d68e</ProjectId>
      <CorrelationId>Intent.ModuleBuilder.Templates.TemplateDecorator#02c9e515-9bea-4d09-a4ee-104006a6133d</CorrelationId>
      <ApplicationRelativeFilePath>Decorators/AspNetIdentityUserDecorator.cs</ApplicationRelativeFilePath>
      <ProjectRelativeFilePath>AspNetIdentityUserDecorator.cs</ProjectRelativeFilePath>
      <IsIgnored>false</IsIgnored>
    </FileLog>
    <FileLog>
      <ProjectId>dca5136f-8295-4d33-a04b-5c4be0f2d68e</ProjectId>
      <CorrelationId>Intent.ModuleBuilder.Templates.TemplateDecoratorRegistration#02c9e515-9bea-4d09-a4ee-104006a6133d</CorrelationId>
      <ApplicationRelativeFilePath>Decorators/AspNetIdentityUserDecoratorRegistration.cs</ApplicationRelativeFilePath>
      <ProjectRelativeFilePath>AspNetIdentityUserDecoratorRegistration.cs</ProjectRelativeFilePath>
      <IsIgnored>false</IsIgnored>
    </FileLog>
    <FileLog>
      <ProjectId>dca5136f-8295-4d33-a04b-5c4be0f2d68e</ProjectId>
      <CorrelationId>Intent.ModuleBuilder.Templates.TemplateDecorator#589e9d0d-5459-4b1b-b435-a8ece676b1ff</CorrelationId>
      <ApplicationRelativeFilePath>Decorators/IdentityDbContextDecorator.cs</ApplicationRelativeFilePath>
      <ProjectRelativeFilePath>IdentityDbContextDecorator.cs</ProjectRelativeFilePath>
      <IsIgnored>false</IsIgnored>
    </FileLog>
    <FileLog>
      <ProjectId>dca5136f-8295-4d33-a04b-5c4be0f2d68e</ProjectId>
      <CorrelationId>Intent.ModuleBuilder.Templates.TemplateDecoratorRegistration#589e9d0d-5459-4b1b-b435-a8ece676b1ff</CorrelationId>
      <ApplicationRelativeFilePath>Decorators/IdentityDbContextDecoratorRegistration.cs</ApplicationRelativeFilePath>
      <ProjectRelativeFilePath>IdentityDbContextDecoratorRegistration.cs</ProjectRelativeFilePath>
      <IsIgnored>false</IsIgnored>
    </FileLog>
    <FileLog>
      <ProjectId>dca5136f-8295-4d33-a04b-5c4be0f2d68e</ProjectId>
      <CorrelationId>Intent.ModuleBuilder.Templates.TemplateDecorator#6e4ab589-36f5-42ff-b02f-814441137fc8</CorrelationId>
      <ApplicationRelativeFilePath>Decorators/IdentityUserDecorator.cs</ApplicationRelativeFilePath>
      <ProjectRelativeFilePath>IdentityUserDecorator.cs</ProjectRelativeFilePath>
      <IsIgnored>false</IsIgnored>
    </FileLog>
    <FileLog>
      <ProjectId>dca5136f-8295-4d33-a04b-5c4be0f2d68e</ProjectId>
      <CorrelationId>Intent.ModuleBuilder.Templates.TemplateDecoratorRegistration#6e4ab589-36f5-42ff-b02f-814441137fc8</CorrelationId>
      <ApplicationRelativeFilePath>Decorators/IdentityUserDecoratorRegistration.cs</ApplicationRelativeFilePath>
      <ProjectRelativeFilePath>IdentityUserDecoratorRegistration.cs</ProjectRelativeFilePath>
      <IsIgnored>false</IsIgnored>
    </FileLog>
    <FileLog>
      <ProjectId>dca5136f-8295-4d33-a04b-5c4be0f2d68e</ProjectId>
      <CorrelationId>Intent.ModuleBuilder.Templates.TemplateDecorator#3f299ed0-f171-4588-af30-77371a8d7437</CorrelationId>
      <ApplicationRelativeFilePath>Decorators/PrepopulatedUsersConfigurationDecorator.cs</ApplicationRelativeFilePath>
      <ProjectRelativeFilePath>PrepopulatedUsersConfigurationDecorator.cs</ProjectRelativeFilePath>
      <IsIgnored>false</IsIgnored>
    </FileLog>
    <FileLog>
      <ProjectId>dca5136f-8295-4d33-a04b-5c4be0f2d68e</ProjectId>
      <CorrelationId>Intent.ModuleBuilder.Templates.TemplateDecoratorRegistration#3f299ed0-f171-4588-af30-77371a8d7437</CorrelationId>
      <ApplicationRelativeFilePath>Decorators/PrepopulatedUsersConfigurationDecoratorRegistration.cs</ApplicationRelativeFilePath>
      <ProjectRelativeFilePath>PrepopulatedUsersConfigurationDecoratorRegistration.cs</ProjectRelativeFilePath>
      <IsIgnored>false</IsIgnored>
    </FileLog>
    <FileLog>
      <ProjectId>ef2b4d6c-38f2-4376-8ade-d209767821c6</ProjectId>
      <CorrelationId>Intent.ModuleBuilder.IModSpecFile</CorrelationId>
      <ApplicationRelativeFilePath>Intent.IdentityServer4.Identity.EFCore.imodspec</ApplicationRelativeFilePath>
      <ProjectRelativeFilePath>Intent.IdentityServer4.Identity.EFCore.imodspec</ProjectRelativeFilePath>
      <IsIgnored>false</IsIgnored>
    </FileLog>
    <FileLog>
      <ProjectId>ef2b4d6c-38f2-4376-8ade-d209767821c6</ProjectId>
      <CorrelationId>Intent.VisualStudio.Projects.CoreLibrary.CSProject#ef2b4d6c-38f2-4376-8ade-d209767821c6</CorrelationId>
      <ApplicationRelativeFilePath>Intent.Modules.IdentityServer4.Identity.EFCore.csproj</ApplicationRelativeFilePath>
      <ProjectRelativeFilePath>Intent.Modules.IdentityServer4.Identity.EFCore.csproj</ProjectRelativeFilePath>
      <IsIgnored>false</IsIgnored>
    </FileLog>
    <FileLog>
      <ProjectId>ef2b4d6c-38f2-4376-8ade-d209767821c6</ProjectId>
      <CorrelationId>Intent.ModuleBuilder.ReadMe</CorrelationId>
      <ApplicationRelativeFilePath>README.txt</ApplicationRelativeFilePath>
      <ProjectRelativeFilePath>README.txt</ProjectRelativeFilePath>
      <IsIgnored>false</IsIgnored>
    </FileLog>
  </FileLogs>
</outputLog>