<?xml version="1.0" encoding="utf-8"?>
<outputLog>
  <ApplicationId>8c05ab5b-e166-4c12-8c8c-5c230905057a</ApplicationId>
  <FileLogs>
    <FileLog>
      <CorrelationId>Intent.VisualStudio.Projects.VisualStudio2015Solution#bcce5b02-db20-4e46-ad4d-112a36fb2f34</CorrelationId>
      <OverwriteBehaviour>always</OverwriteBehaviour>
      <ApplicationRelativeFilePath>../Intent.Modules.NET.sln</ApplicationRelativeFilePath>
      <IsIgnored>false</IsIgnored>
    </FileLog>
    <FileLog>
      <ProjectId>7b285d4f-92ca-4fcd-81d1-dd793eb0e36d</ProjectId>
      <CorrelationId>Intent.ModuleBuilder.Templates.FactoryExtension#1c617d6b-f121-4cb3-a91e-c87968c0a47d</CorrelationId>
      <OverwriteBehaviour>always</OverwriteBehaviour>
      <ApplicationRelativeFilePath>FactoryExtensions/DefaultOutboxPatternConfigurator.cs</ApplicationRelativeFilePath>
      <ProjectRelativeFilePath>DefaultOutboxPatternConfigurator.cs</ProjectRelativeFilePath>
      <IsIgnored>false</IsIgnored>
    </FileLog>
    <FileLog>
      <ProjectId>a5014cab-e575-4d90-afd3-ba92d8e3bec5</ProjectId>
      <CorrelationId>Intent.ModuleBuilder.IModSpecFile</CorrelationId>
      <OverwriteBehaviour>always</OverwriteBehaviour>
      <ApplicationRelativeFilePath>Intent.Eventing.MassTransit.imodspec</ApplicationRelativeFilePath>
      <ProjectRelativeFilePath>Intent.Eventing.MassTransit.imodspec</ProjectRelativeFilePath>
      <IsIgnored>false</IsIgnored>
    </FileLog>
    <FileLog>
      <ProjectId>a5014cab-e575-4d90-afd3-ba92d8e3bec5</ProjectId>
      <CorrelationId>Intent.VisualStudio.Projects.CoreLibrary.CSProject#a5014cab-e575-4d90-afd3-ba92d8e3bec5</CorrelationId>
      <OverwriteBehaviour>once-off</OverwriteBehaviour>
      <ApplicationRelativeFilePath>Intent.Modules.Eventing.MassTransit.csproj</ApplicationRelativeFilePath>
      <ProjectRelativeFilePath>Intent.Modules.Eventing.MassTransit.csproj</ProjectRelativeFilePath>
      <IsIgnored>false</IsIgnored>
    </FileLog>
    <FileLog>
      <ProjectId>a5014cab-e575-4d90-afd3-ba92d8e3bec5</ProjectId>
      <CorrelationId>Intent.ModuleBuilder.ReadMe</CorrelationId>
      <OverwriteBehaviour>always</OverwriteBehaviour>
      <ApplicationRelativeFilePath>README.txt</ApplicationRelativeFilePath>
      <ProjectRelativeFilePath>README.txt</ProjectRelativeFilePath>
      <IsIgnored>false</IsIgnored>
    </FileLog>
    <FileLog>
      <ProjectId>939c915d-b634-40e8-bd0b-2be78965dd2b</ProjectId>
      <CorrelationId>Intent.ModuleBuilder.Templates.Settings.ModuleSettingsExtensions#6502ee82-f515-4007-9635-bade3eb88e72</CorrelationId>
      <OverwriteBehaviour>always</OverwriteBehaviour>
      <ApplicationRelativeFilePath>Settings/ModuleSettingsExtensions.cs</ApplicationRelativeFilePath>
      <ProjectRelativeFilePath>ModuleSettingsExtensions.cs</ProjectRelativeFilePath>
      <IsIgnored>false</IsIgnored>
    </FileLog>
    <FileLog>
      <ProjectId>208aeec8-be2b-41b1-a1fb-0a5462467a1b</ProjectId>
      <CorrelationId>Intent.ModuleBuilder.CSharp.Templates.CSharpTemplate.T4Template.PreProcessed#2edf3b4c-5e7d-4bdd-9573-d88922ef9d37</CorrelationId>
      <OverwriteBehaviour>always</OverwriteBehaviour>
      <ApplicationRelativeFilePath>Templates/EventBusInterface/EventBusInterfaceTemplate.cs</ApplicationRelativeFilePath>
      <ProjectRelativeFilePath>EventBusInterface/EventBusInterfaceTemplate.cs</ProjectRelativeFilePath>
      <IsIgnored>false</IsIgnored>
    </FileLog>
    <FileLog>
      <ProjectId>208aeec8-be2b-41b1-a1fb-0a5462467a1b</ProjectId>
      <CorrelationId>Intent.ModuleBuilder.CSharp.Templates.CSharpT4Template#2edf3b4c-5e7d-4bdd-9573-d88922ef9d37</CorrelationId>
      <OverwriteBehaviour>always</OverwriteBehaviour>
      <ApplicationRelativeFilePath>Templates/EventBusInterface/EventBusInterfaceTemplate.tt</ApplicationRelativeFilePath>
      <ProjectRelativeFilePath>EventBusInterface/EventBusInterfaceTemplate.tt</ProjectRelativeFilePath>
      <IsIgnored>false</IsIgnored>
    </FileLog>
    <FileLog>
      <ProjectId>208aeec8-be2b-41b1-a1fb-0a5462467a1b</ProjectId>
      <CorrelationId>Intent.ModuleBuilder.CSharp.Templates.CSharpTemplatePartial#2edf3b4c-5e7d-4bdd-9573-d88922ef9d37</CorrelationId>
      <OverwriteBehaviour>always</OverwriteBehaviour>
      <ApplicationRelativeFilePath>Templates/EventBusInterface/EventBusInterfaceTemplatePartial.cs</ApplicationRelativeFilePath>
      <ProjectRelativeFilePath>EventBusInterface/EventBusInterfaceTemplatePartial.cs</ProjectRelativeFilePath>
      <IsIgnored>false</IsIgnored>
    </FileLog>
    <FileLog>
      <ProjectId>208aeec8-be2b-41b1-a1fb-0a5462467a1b</ProjectId>
      <CorrelationId>Intent.ModuleBuilder.TemplateRegistration.SingleFileNoModel#2edf3b4c-5e7d-4bdd-9573-d88922ef9d37</CorrelationId>
      <OverwriteBehaviour>always</OverwriteBehaviour>
      <ApplicationRelativeFilePath>Templates/EventBusInterface/EventBusInterfaceTemplateRegistration.cs</ApplicationRelativeFilePath>
      <ProjectRelativeFilePath>EventBusInterface/EventBusInterfaceTemplateRegistration.cs</ProjectRelativeFilePath>
      <IsIgnored>false</IsIgnored>
    </FileLog>
    <FileLog>
      <ProjectId>208aeec8-be2b-41b1-a1fb-0a5462467a1b</ProjectId>
      <CorrelationId>Intent.ModuleBuilder.CSharp.Templates.CSharpTemplate.T4Template.PreProcessed#8ca87db6-869c-4f8a-8990-f797d96c4aca</CorrelationId>
      <OverwriteBehaviour>always</OverwriteBehaviour>
      <ApplicationRelativeFilePath>Templates/IntegrationEventHandlerImplementation/IntegrationEventHandlerImplementationTemplate.cs</ApplicationRelativeFilePath>
      <ProjectRelativeFilePath>IntegrationEventHandlerImplementation/IntegrationEventHandlerImplementationTemplate.cs</ProjectRelativeFilePath>
      <IsIgnored>false</IsIgnored>
    </FileLog>
    <FileLog>
      <ProjectId>208aeec8-be2b-41b1-a1fb-0a5462467a1b</ProjectId>
      <CorrelationId>Intent.ModuleBuilder.CSharp.Templates.CSharpT4Template#8ca87db6-869c-4f8a-8990-f797d96c4aca</CorrelationId>
      <OverwriteBehaviour>always</OverwriteBehaviour>
      <ApplicationRelativeFilePath>Templates/IntegrationEventHandlerImplementation/IntegrationEventHandlerImplementationTemplate.tt</ApplicationRelativeFilePath>
      <ProjectRelativeFilePath>IntegrationEventHandlerImplementation/IntegrationEventHandlerImplementationTemplate.tt</ProjectRelativeFilePath>
      <IsIgnored>false</IsIgnored>
    </FileLog>
    <FileLog>
      <ProjectId>208aeec8-be2b-41b1-a1fb-0a5462467a1b</ProjectId>
      <CorrelationId>Intent.ModuleBuilder.CSharp.Templates.CSharpTemplatePartial#8ca87db6-869c-4f8a-8990-f797d96c4aca</CorrelationId>
      <OverwriteBehaviour>always</OverwriteBehaviour>
      <ApplicationRelativeFilePath>Templates/IntegrationEventHandlerImplementation/IntegrationEventHandlerImplementationTemplatePartial.cs</ApplicationRelativeFilePath>
      <ProjectRelativeFilePath>IntegrationEventHandlerImplementation/IntegrationEventHandlerImplementationTemplatePartial.cs</ProjectRelativeFilePath>
      <IsIgnored>false</IsIgnored>
    </FileLog>
    <FileLog>
      <ProjectId>208aeec8-be2b-41b1-a1fb-0a5462467a1b</ProjectId>
      <CorrelationId>Intent.ModuleBuilder.TemplateRegistration.FilePerModel#8ca87db6-869c-4f8a-8990-f797d96c4aca</CorrelationId>
      <OverwriteBehaviour>always</OverwriteBehaviour>
      <ApplicationRelativeFilePath>Templates/IntegrationEventHandlerImplementation/IntegrationEventHandlerImplementationTemplateRegistration.cs</ApplicationRelativeFilePath>
      <ProjectRelativeFilePath>IntegrationEventHandlerImplementation/IntegrationEventHandlerImplementationTemplateRegistration.cs</ProjectRelativeFilePath>
      <IsIgnored>false</IsIgnored>
    </FileLog>
    <FileLog>
      <ProjectId>208aeec8-be2b-41b1-a1fb-0a5462467a1b</ProjectId>
      <CorrelationId>Intent.ModuleBuilder.CSharp.Templates.CSharpTemplate.T4Template.PreProcessed#f9b3467a-b1eb-41f0-bc1b-209c086b3801</CorrelationId>
      <OverwriteBehaviour>always</OverwriteBehaviour>
      <ApplicationRelativeFilePath>Templates/IntegrationEventHandlerInterface/IntegrationEventHandlerInterfaceTemplate.cs</ApplicationRelativeFilePath>
      <ProjectRelativeFilePath>IntegrationEventHandlerInterface/IntegrationEventHandlerInterfaceTemplate.cs</ProjectRelativeFilePath>
      <IsIgnored>false</IsIgnored>
    </FileLog>
    <FileLog>
      <ProjectId>208aeec8-be2b-41b1-a1fb-0a5462467a1b</ProjectId>
      <CorrelationId>Intent.ModuleBuilder.CSharp.Templates.CSharpT4Template#f9b3467a-b1eb-41f0-bc1b-209c086b3801</CorrelationId>
      <OverwriteBehaviour>always</OverwriteBehaviour>
      <ApplicationRelativeFilePath>Templates/IntegrationEventHandlerInterface/IntegrationEventHandlerInterfaceTemplate.tt</ApplicationRelativeFilePath>
      <ProjectRelativeFilePath>IntegrationEventHandlerInterface/IntegrationEventHandlerInterfaceTemplate.tt</ProjectRelativeFilePath>
      <IsIgnored>false</IsIgnored>
    </FileLog>
    <FileLog>
      <ProjectId>208aeec8-be2b-41b1-a1fb-0a5462467a1b</ProjectId>
      <CorrelationId>Intent.ModuleBuilder.CSharp.Templates.CSharpTemplatePartial#f9b3467a-b1eb-41f0-bc1b-209c086b3801</CorrelationId>
      <OverwriteBehaviour>always</OverwriteBehaviour>
      <ApplicationRelativeFilePath>Templates/IntegrationEventHandlerInterface/IntegrationEventHandlerInterfaceTemplatePartial.cs</ApplicationRelativeFilePath>
      <ProjectRelativeFilePath>IntegrationEventHandlerInterface/IntegrationEventHandlerInterfaceTemplatePartial.cs</ProjectRelativeFilePath>
      <IsIgnored>false</IsIgnored>
    </FileLog>
    <FileLog>
      <ProjectId>208aeec8-be2b-41b1-a1fb-0a5462467a1b</ProjectId>
      <CorrelationId>Intent.ModuleBuilder.TemplateRegistration.SingleFileNoModel#f9b3467a-b1eb-41f0-bc1b-209c086b3801</CorrelationId>
      <OverwriteBehaviour>always</OverwriteBehaviour>
      <ApplicationRelativeFilePath>Templates/IntegrationEventHandlerInterface/IntegrationEventHandlerInterfaceTemplateRegistration.cs</ApplicationRelativeFilePath>
      <ProjectRelativeFilePath>IntegrationEventHandlerInterface/IntegrationEventHandlerInterfaceTemplateRegistration.cs</ProjectRelativeFilePath>
      <IsIgnored>false</IsIgnored>
    </FileLog>
    <FileLog>
      <ProjectId>208aeec8-be2b-41b1-a1fb-0a5462467a1b</ProjectId>
      <CorrelationId>Intent.ModuleBuilder.CSharp.Templates.CSharpTemplate.T4Template.PreProcessed#6e6cd535-3b09-4bcb-8ee5-83a6f8ba9a73</CorrelationId>
      <OverwriteBehaviour>always</OverwriteBehaviour>
      <ApplicationRelativeFilePath>Templates/IntegrationEventMessage/IntegrationEventMessageTemplate.cs</ApplicationRelativeFilePath>
      <ProjectRelativeFilePath>IntegrationEventMessage/IntegrationEventMessageTemplate.cs</ProjectRelativeFilePath>
      <IsIgnored>false</IsIgnored>
    </FileLog>
    <FileLog>
      <ProjectId>208aeec8-be2b-41b1-a1fb-0a5462467a1b</ProjectId>
      <CorrelationId>Intent.ModuleBuilder.CSharp.Templates.CSharpT4Template#6e6cd535-3b09-4bcb-8ee5-83a6f8ba9a73</CorrelationId>
      <OverwriteBehaviour>always</OverwriteBehaviour>
      <ApplicationRelativeFilePath>Templates/IntegrationEventMessage/IntegrationEventMessageTemplate.tt</ApplicationRelativeFilePath>
      <ProjectRelativeFilePath>IntegrationEventMessage/IntegrationEventMessageTemplate.tt</ProjectRelativeFilePath>
      <IsIgnored>false</IsIgnored>
    </FileLog>
    <FileLog>
      <ProjectId>208aeec8-be2b-41b1-a1fb-0a5462467a1b</ProjectId>
      <CorrelationId>Intent.ModuleBuilder.CSharp.Templates.CSharpTemplatePartial#6e6cd535-3b09-4bcb-8ee5-83a6f8ba9a73</CorrelationId>
      <OverwriteBehaviour>always</OverwriteBehaviour>
      <ApplicationRelativeFilePath>Templates/IntegrationEventMessage/IntegrationEventMessageTemplatePartial.cs</ApplicationRelativeFilePath>
      <ProjectRelativeFilePath>IntegrationEventMessage/IntegrationEventMessageTemplatePartial.cs</ProjectRelativeFilePath>
      <IsIgnored>false</IsIgnored>
    </FileLog>
    <FileLog>
      <ProjectId>208aeec8-be2b-41b1-a1fb-0a5462467a1b</ProjectId>
      <CorrelationId>Intent.ModuleBuilder.TemplateRegistration.FilePerModel#6e6cd535-3b09-4bcb-8ee5-83a6f8ba9a73</CorrelationId>
      <OverwriteBehaviour>always</OverwriteBehaviour>
      <ApplicationRelativeFilePath>Templates/IntegrationEventMessage/IntegrationEventMessageTemplateRegistration.cs</ApplicationRelativeFilePath>
      <ProjectRelativeFilePath>IntegrationEventMessage/IntegrationEventMessageTemplateRegistration.cs</ProjectRelativeFilePath>
      <IsIgnored>false</IsIgnored>
    </FileLog>
    <FileLog>
      <ProjectId>208aeec8-be2b-41b1-a1fb-0a5462467a1b</ProjectId>
      <CorrelationId>Intent.ModuleBuilder.CSharp.Templates.CSharpTemplate.T4Template.PreProcessed#96d30d6d-4c0b-470f-9586-2cd3f0984dd1</CorrelationId>
      <OverwriteBehaviour>always</OverwriteBehaviour>
      <ApplicationRelativeFilePath>Templates/MassTransitConfiguration/MassTransitConfigurationTemplate.cs</ApplicationRelativeFilePath>
      <ProjectRelativeFilePath>MassTransitConfiguration/MassTransitConfigurationTemplate.cs</ProjectRelativeFilePath>
      <IsIgnored>false</IsIgnored>
    </FileLog>
    <FileLog>
      <ProjectId>208aeec8-be2b-41b1-a1fb-0a5462467a1b</ProjectId>
      <CorrelationId>Intent.ModuleBuilder.CSharp.Templates.CSharpT4Template#96d30d6d-4c0b-470f-9586-2cd3f0984dd1</CorrelationId>
      <OverwriteBehaviour>always</OverwriteBehaviour>
      <ApplicationRelativeFilePath>Templates/MassTransitConfiguration/MassTransitConfigurationTemplate.tt</ApplicationRelativeFilePath>
      <ProjectRelativeFilePath>MassTransitConfiguration/MassTransitConfigurationTemplate.tt</ProjectRelativeFilePath>
      <IsIgnored>false</IsIgnored>
    </FileLog>
    <FileLog>
      <ProjectId>208aeec8-be2b-41b1-a1fb-0a5462467a1b</ProjectId>
      <CorrelationId>Intent.ModuleBuilder.CSharp.Templates.CSharpTemplatePartial#96d30d6d-4c0b-470f-9586-2cd3f0984dd1</CorrelationId>
      <OverwriteBehaviour>always</OverwriteBehaviour>
      <ApplicationRelativeFilePath>Templates/MassTransitConfiguration/MassTransitConfigurationTemplatePartial.cs</ApplicationRelativeFilePath>
      <ProjectRelativeFilePath>MassTransitConfiguration/MassTransitConfigurationTemplatePartial.cs</ProjectRelativeFilePath>
      <IsIgnored>false</IsIgnored>
    </FileLog>
    <FileLog>
      <ProjectId>208aeec8-be2b-41b1-a1fb-0a5462467a1b</ProjectId>
      <CorrelationId>Intent.ModuleBuilder.TemplateRegistration.SingleFileNoModel#96d30d6d-4c0b-470f-9586-2cd3f0984dd1</CorrelationId>
      <OverwriteBehaviour>always</OverwriteBehaviour>
      <ApplicationRelativeFilePath>Templates/MassTransitConfiguration/MassTransitConfigurationTemplateRegistration.cs</ApplicationRelativeFilePath>
      <ProjectRelativeFilePath>MassTransitConfiguration/MassTransitConfigurationTemplateRegistration.cs</ProjectRelativeFilePath>
      <IsIgnored>false</IsIgnored>
    </FileLog>
    <FileLog>
      <ProjectId>208aeec8-be2b-41b1-a1fb-0a5462467a1b</ProjectId>
      <CorrelationId>Intent.ModuleBuilder.CSharp.Templates.CSharpTemplate.T4Template.PreProcessed#014ed2f0-99fc-422f-b070-67a01953c8a3</CorrelationId>
      <OverwriteBehaviour>always</OverwriteBehaviour>
      <ApplicationRelativeFilePath>Templates/MassTransitEventBus/MassTransitEventBusTemplate.cs</ApplicationRelativeFilePath>
      <ProjectRelativeFilePath>MassTransitEventBus/MassTransitEventBusTemplate.cs</ProjectRelativeFilePath>
      <IsIgnored>false</IsIgnored>
    </FileLog>
    <FileLog>
      <ProjectId>208aeec8-be2b-41b1-a1fb-0a5462467a1b</ProjectId>
      <CorrelationId>Intent.ModuleBuilder.CSharp.Templates.CSharpT4Template#014ed2f0-99fc-422f-b070-67a01953c8a3</CorrelationId>
      <OverwriteBehaviour>always</OverwriteBehaviour>
      <ApplicationRelativeFilePath>Templates/MassTransitEventBus/MassTransitEventBusTemplate.tt</ApplicationRelativeFilePath>
      <ProjectRelativeFilePath>MassTransitEventBus/MassTransitEventBusTemplate.tt</ProjectRelativeFilePath>
      <IsIgnored>false</IsIgnored>
    </FileLog>
    <FileLog>
      <ProjectId>208aeec8-be2b-41b1-a1fb-0a5462467a1b</ProjectId>
      <CorrelationId>Intent.ModuleBuilder.CSharp.Templates.CSharpTemplatePartial#014ed2f0-99fc-422f-b070-67a01953c8a3</CorrelationId>
      <OverwriteBehaviour>always</OverwriteBehaviour>
      <ApplicationRelativeFilePath>Templates/MassTransitEventBus/MassTransitEventBusTemplatePartial.cs</ApplicationRelativeFilePath>
      <ProjectRelativeFilePath>MassTransitEventBus/MassTransitEventBusTemplatePartial.cs</ProjectRelativeFilePath>
      <IsIgnored>false</IsIgnored>
    </FileLog>
    <FileLog>
      <ProjectId>208aeec8-be2b-41b1-a1fb-0a5462467a1b</ProjectId>
      <CorrelationId>Intent.ModuleBuilder.TemplateRegistration.SingleFileNoModel#014ed2f0-99fc-422f-b070-67a01953c8a3</CorrelationId>
      <OverwriteBehaviour>always</OverwriteBehaviour>
      <ApplicationRelativeFilePath>Templates/MassTransitEventBus/MassTransitEventBusTemplateRegistration.cs</ApplicationRelativeFilePath>
      <ProjectRelativeFilePath>MassTransitEventBus/MassTransitEventBusTemplateRegistration.cs</ProjectRelativeFilePath>
      <IsIgnored>false</IsIgnored>
    </FileLog>
    <FileLog>
      <ProjectId>208aeec8-be2b-41b1-a1fb-0a5462467a1b</ProjectId>
      <CorrelationId>Intent.ModuleBuilder.Templates.TemplateExtensions</CorrelationId>
      <OverwriteBehaviour>always</OverwriteBehaviour>
      <ApplicationRelativeFilePath>Templates/TemplateExtensions.cs</ApplicationRelativeFilePath>
      <ProjectRelativeFilePath>TemplateExtensions.cs</ProjectRelativeFilePath>
      <IsIgnored>false</IsIgnored>
    </FileLog>
    <FileLog>
      <ProjectId>208aeec8-be2b-41b1-a1fb-0a5462467a1b</ProjectId>
      <CorrelationId>Intent.ModuleBuilder.Templates.TemplateDecoratorContract#dcbc9d8c-3261-4c3b-b6c6-f3da2dc7632c</CorrelationId>
      <OverwriteBehaviour>always</OverwriteBehaviour>
      <ApplicationRelativeFilePath>Templates/WrapperConsumer/ConsumerDecorator.cs</ApplicationRelativeFilePath>
      <ProjectRelativeFilePath>WrapperConsumer/ConsumerDecorator.cs</ProjectRelativeFilePath>
      <IsIgnored>false</IsIgnored>
    </FileLog>
    <FileLog>
      <ProjectId>208aeec8-be2b-41b1-a1fb-0a5462467a1b</ProjectId>
      <CorrelationId>Intent.ModuleBuilder.CSharp.Templates.CSharpTemplate.T4Template.PreProcessed#44bdbb4b-004d-410f-87e7-f4b39206879f</CorrelationId>
      <OverwriteBehaviour>always</OverwriteBehaviour>
      <ApplicationRelativeFilePath>Templates/WrapperConsumer/WrapperConsumerTemplate.cs</ApplicationRelativeFilePath>
      <ProjectRelativeFilePath>WrapperConsumer/WrapperConsumerTemplate.cs</ProjectRelativeFilePath>
      <IsIgnored>false</IsIgnored>
    </FileLog>
    <FileLog>
      <ProjectId>208aeec8-be2b-41b1-a1fb-0a5462467a1b</ProjectId>
      <CorrelationId>Intent.ModuleBuilder.CSharp.Templates.CSharpT4Template#44bdbb4b-004d-410f-87e7-f4b39206879f</CorrelationId>
      <OverwriteBehaviour>always</OverwriteBehaviour>
      <ApplicationRelativeFilePath>Templates/WrapperConsumer/WrapperConsumerTemplate.tt</ApplicationRelativeFilePath>
      <ProjectRelativeFilePath>WrapperConsumer/WrapperConsumerTemplate.tt</ProjectRelativeFilePath>
      <IsIgnored>false</IsIgnored>
    </FileLog>
    <FileLog>
      <ProjectId>208aeec8-be2b-41b1-a1fb-0a5462467a1b</ProjectId>
      <CorrelationId>Intent.ModuleBuilder.CSharp.Templates.CSharpTemplatePartial#44bdbb4b-004d-410f-87e7-f4b39206879f</CorrelationId>
      <OverwriteBehaviour>always</OverwriteBehaviour>
      <ApplicationRelativeFilePath>Templates/WrapperConsumer/WrapperConsumerTemplatePartial.cs</ApplicationRelativeFilePath>
      <ProjectRelativeFilePath>WrapperConsumer/WrapperConsumerTemplatePartial.cs</ProjectRelativeFilePath>
      <IsIgnored>false</IsIgnored>
    </FileLog>
    <FileLog>
      <ProjectId>208aeec8-be2b-41b1-a1fb-0a5462467a1b</ProjectId>
      <CorrelationId>Intent.ModuleBuilder.TemplateRegistration.SingleFileNoModel#44bdbb4b-004d-410f-87e7-f4b39206879f</CorrelationId>
      <OverwriteBehaviour>always</OverwriteBehaviour>
      <ApplicationRelativeFilePath>Templates/WrapperConsumer/WrapperConsumerTemplateRegistration.cs</ApplicationRelativeFilePath>
      <ProjectRelativeFilePath>WrapperConsumer/WrapperConsumerTemplateRegistration.cs</ProjectRelativeFilePath>
      <IsIgnored>false</IsIgnored>
    </FileLog>
  </FileLogs>
</outputLog>