<?xml version="1.0" encoding="utf-8"?>
<outputLog>
  <ApplicationId>326c7757-54e3-4911-b25f-e7b66fb33c34</ApplicationId>
  <FileLogs>
    <FileLog>
      <CorrelationId>Intent.VisualStudio.Projects.GitIgnore#3e7c1b86-e3c7-4988-bf3a-ebbfbf586b85</CorrelationId>
      <OverwriteBehaviour>overwrite-disabled</OverwriteBehaviour>
      <ApplicationRelativeFilePath>../../Intent.AspNetCoreCleanArchitecture.Sample/.gitignore</ApplicationRelativeFilePath>
      <IsIgnored>false</IsIgnored>
    </FileLog>
    <FileLog>
      <ProjectId>8c53bdfa-8baf-439c-8782-ea71d589d669</ProjectId>
      <CorrelationId>Intent.VisualStudio.Projects.CoreWeb.AppSettings-Default#8c53bdfa-8baf-439c-8782-ea71d589d669</CorrelationId>
      <OverwriteBehaviour>always</OverwriteBehaviour>
      <ApplicationRelativeFilePath>../../Intent.AspNetCoreCleanArchitecture.Sample/AspNetCoreCleanArchitecture.Sample.Api/appsettings.json</ApplicationRelativeFilePath>
      <ProjectRelativeFilePath>appsettings.json</ProjectRelativeFilePath>
      <IsIgnored>false</IsIgnored>
    </FileLog>
    <FileLog>
      <ProjectId>8c53bdfa-8baf-439c-8782-ea71d589d669</ProjectId>
      <CorrelationId>Intent.VisualStudio.Projects.CSharpProject#8c53bdfa-8baf-439c-8782-ea71d589d669</CorrelationId>
      <OverwriteBehaviour>always</OverwriteBehaviour>
      <ApplicationRelativeFilePath>../../Intent.AspNetCoreCleanArchitecture.Sample/AspNetCoreCleanArchitecture.Sample.Api/AspNetCoreCleanArchitecture.Sample.Api.csproj</ApplicationRelativeFilePath>
      <ProjectRelativeFilePath>AspNetCoreCleanArchitecture.Sample.Api.csproj</ProjectRelativeFilePath>
      <IsIgnored>false</IsIgnored>
    </FileLog>
    <FileLog>
      <ProjectId>22312b45-39d9-4db5-83f2-f69dc560402e</ProjectId>
      <CorrelationId>Intent.AspNetCore.Versioning.ApiVersioningConfiguration</CorrelationId>
      <OverwriteBehaviour>always</OverwriteBehaviour>
      <ApplicationRelativeFilePath>../../Intent.AspNetCoreCleanArchitecture.Sample/AspNetCoreCleanArchitecture.Sample.Api/Configuration/ApiVersioningConfiguration.cs</ApplicationRelativeFilePath>
      <ProjectRelativeFilePath>ApiVersioningConfiguration.cs</ProjectRelativeFilePath>
      <IsIgnored>false</IsIgnored>
    </FileLog>
    <FileLog>
      <ProjectId>22312b45-39d9-4db5-83f2-f69dc560402e</ProjectId>
      <CorrelationId>Intent.AspNetCore.Versioning.ApiVersionSwaggerGenOptions</CorrelationId>
      <OverwriteBehaviour>always</OverwriteBehaviour>
      <ApplicationRelativeFilePath>../../Intent.AspNetCoreCleanArchitecture.Sample/AspNetCoreCleanArchitecture.Sample.Api/Configuration/ApiVersionSwaggerGenOptions.cs</ApplicationRelativeFilePath>
      <ProjectRelativeFilePath>ApiVersionSwaggerGenOptions.cs</ProjectRelativeFilePath>
      <IsIgnored>false</IsIgnored>
    </FileLog>
    <FileLog>
      <ProjectId>22312b45-39d9-4db5-83f2-f69dc560402e</ProjectId>
      <CorrelationId>Intent.Application.Identity.ApplicationSecurityConfiguration</CorrelationId>
      <OverwriteBehaviour>always</OverwriteBehaviour>
      <ApplicationRelativeFilePath>../../Intent.AspNetCoreCleanArchitecture.Sample/AspNetCoreCleanArchitecture.Sample.Api/Configuration/ApplicationSecurityConfiguration.cs</ApplicationRelativeFilePath>
      <ProjectRelativeFilePath>ApplicationSecurityConfiguration.cs</ProjectRelativeFilePath>
      <IsIgnored>false</IsIgnored>
    </FileLog>
    <FileLog>
      <ProjectId>22312b45-39d9-4db5-83f2-f69dc560402e</ProjectId>
      <CorrelationId>Intent.AspNetCore.HealthChecks.HealthChecksConfiguration</CorrelationId>
      <OverwriteBehaviour>always</OverwriteBehaviour>
      <ApplicationRelativeFilePath>../../Intent.AspNetCoreCleanArchitecture.Sample/AspNetCoreCleanArchitecture.Sample.Api/Configuration/HealthChecksConfiguration.cs</ApplicationRelativeFilePath>
      <ProjectRelativeFilePath>HealthChecksConfiguration.cs</ProjectRelativeFilePath>
      <IsIgnored>false</IsIgnored>
    </FileLog>
    <FileLog>
      <ProjectId>22312b45-39d9-4db5-83f2-f69dc560402e</ProjectId>
      <CorrelationId>Intent.AspNetCore.ProblemDetailsConfiguration</CorrelationId>
      <OverwriteBehaviour>always</OverwriteBehaviour>
      <ApplicationRelativeFilePath>../../Intent.AspNetCoreCleanArchitecture.Sample/AspNetCoreCleanArchitecture.Sample.Api/Configuration/ProblemDetailsConfiguration.cs</ApplicationRelativeFilePath>
      <ProjectRelativeFilePath>ProblemDetailsConfiguration.cs</ProjectRelativeFilePath>
      <IsIgnored>false</IsIgnored>
    </FileLog>
    <FileLog>
      <ProjectId>22312b45-39d9-4db5-83f2-f69dc560402e</ProjectId>
      <CorrelationId>Intent.AspNetCore.Swashbuckle.SwashbuckleConfiguration</CorrelationId>
      <OverwriteBehaviour>always</OverwriteBehaviour>
      <ApplicationRelativeFilePath>../../Intent.AspNetCoreCleanArchitecture.Sample/AspNetCoreCleanArchitecture.Sample.Api/Configuration/SwashbuckleConfiguration.cs</ApplicationRelativeFilePath>
      <ProjectRelativeFilePath>SwashbuckleConfiguration.cs</ProjectRelativeFilePath>
      <IsIgnored>false</IsIgnored>
    </FileLog>
    <FileLog>
      <ProjectId>4e5638d2-767b-42d0-9bb8-14b03f0ab5e3</ProjectId>
      <CorrelationId>Intent.AspNetCore.Controllers.Controller#f9a8813e-b3ba-490d-9e33-f1a38eb49f32</CorrelationId>
      <OverwriteBehaviour>always</OverwriteBehaviour>
      <ApplicationRelativeFilePath>../../Intent.AspNetCoreCleanArchitecture.Sample/AspNetCoreCleanArchitecture.Sample.Api/Controllers/BuyersController.cs</ApplicationRelativeFilePath>
      <ProjectRelativeFilePath>BuyersController.cs</ProjectRelativeFilePath>
      <IsIgnored>false</IsIgnored>
    </FileLog>
    <FileLog>
      <ProjectId>4e5638d2-767b-42d0-9bb8-14b03f0ab5e3</ProjectId>
      <CorrelationId>Intent.AspNetCore.Controllers.Controller#845cbf2a-3145-44b2-a730-92f0d035f085</CorrelationId>
      <OverwriteBehaviour>always</OverwriteBehaviour>
      <ApplicationRelativeFilePath>../../Intent.AspNetCoreCleanArchitecture.Sample/AspNetCoreCleanArchitecture.Sample.Api/Controllers/OrdersController.cs</ApplicationRelativeFilePath>
      <ProjectRelativeFilePath>OrdersController.cs</ProjectRelativeFilePath>
      <IsIgnored>false</IsIgnored>
    </FileLog>
    <FileLog>
      <ProjectId>4e5638d2-767b-42d0-9bb8-14b03f0ab5e3</ProjectId>
      <CorrelationId>Intent.AspNetCore.Controllers.Controller#cf89dfaa-d9fc-4d5b-8766-585d9a643205</CorrelationId>
      <OverwriteBehaviour>always</OverwriteBehaviour>
      <ApplicationRelativeFilePath>../../Intent.AspNetCoreCleanArchitecture.Sample/AspNetCoreCleanArchitecture.Sample.Api/Controllers/ProductsController.cs</ApplicationRelativeFilePath>
      <ProjectRelativeFilePath>ProductsController.cs</ProjectRelativeFilePath>
      <IsIgnored>false</IsIgnored>
    </FileLog>
    <FileLog>
      <ProjectId>efa1cd16-856e-4245-bfb4-49848dc99700</ProjectId>
      <CorrelationId>Intent.AspNetCore.Controllers.JsonResponse</CorrelationId>
      <OverwriteBehaviour>always</OverwriteBehaviour>
      <ApplicationRelativeFilePath>../../Intent.AspNetCoreCleanArchitecture.Sample/AspNetCoreCleanArchitecture.Sample.Api/Controllers/ResponseTypes/JsonResponse.cs</ApplicationRelativeFilePath>
      <ProjectRelativeFilePath>JsonResponse.cs</ProjectRelativeFilePath>
      <IsIgnored>false</IsIgnored>
    </FileLog>
    <FileLog>
      <ProjectId>80e6e519-a8f3-4ac6-93e4-82213c676a8a</ProjectId>
      <CorrelationId>Intent.AspNetCore.Swashbuckle.Security.AuthorizeCheckOperationFilter</CorrelationId>
      <OverwriteBehaviour>always</OverwriteBehaviour>
      <ApplicationRelativeFilePath>../../Intent.AspNetCoreCleanArchitecture.Sample/AspNetCoreCleanArchitecture.Sample.Api/Filters/AuthorizeCheckOperationFilter.cs</ApplicationRelativeFilePath>
      <ProjectRelativeFilePath>AuthorizeCheckOperationFilter.cs</ProjectRelativeFilePath>
      <IsIgnored>false</IsIgnored>
    </FileLog>
    <FileLog>
      <ProjectId>80e6e519-a8f3-4ac6-93e4-82213c676a8a</ProjectId>
      <CorrelationId>Intent.AspNetCore.Controllers.ExceptionFilter</CorrelationId>
      <OverwriteBehaviour>always</OverwriteBehaviour>
      <ApplicationRelativeFilePath>../../Intent.AspNetCoreCleanArchitecture.Sample/AspNetCoreCleanArchitecture.Sample.Api/Filters/ExceptionFilter.cs</ApplicationRelativeFilePath>
      <ProjectRelativeFilePath>ExceptionFilter.cs</ProjectRelativeFilePath>
      <IsIgnored>false</IsIgnored>
    </FileLog>
    <FileLog>
      <ProjectId>80e6e519-a8f3-4ac6-93e4-82213c676a8a</ProjectId>
      <CorrelationId>Intent.AspNetCore.Swashbuckle.TypeSchemaFilter</CorrelationId>
      <OverwriteBehaviour>always</OverwriteBehaviour>
      <ApplicationRelativeFilePath>../../Intent.AspNetCoreCleanArchitecture.Sample/AspNetCoreCleanArchitecture.Sample.Api/Filters/TypeSchemaFilter.cs</ApplicationRelativeFilePath>
      <ProjectRelativeFilePath>TypeSchemaFilter.cs</ProjectRelativeFilePath>
      <IsIgnored>false</IsIgnored>
    </FileLog>
    <FileLog>
      <ProjectId>2af81018-21a8-4bf0-9a37-04f68214e375</ProjectId>
      <CorrelationId>Intent.Modules.AspNetCore.Logging.Serilog.BoundedLoggingDestructuringPolicyTemplate</CorrelationId>
      <OverwriteBehaviour>always</OverwriteBehaviour>
      <ApplicationRelativeFilePath>../../Intent.AspNetCoreCleanArchitecture.Sample/AspNetCoreCleanArchitecture.Sample.Api/Logging/BoundedLoggingDestructuringPolicy.cs</ApplicationRelativeFilePath>
      <ProjectRelativeFilePath>BoundedLoggingDestructuringPolicy.cs</ProjectRelativeFilePath>
      <IsIgnored>false</IsIgnored>
    </FileLog>
    <FileLog>
      <ProjectId>8c53bdfa-8baf-439c-8782-ea71d589d669</ProjectId>
      <CorrelationId>Intent.AspNetCore.Program</CorrelationId>
      <OverwriteBehaviour>always</OverwriteBehaviour>
      <ApplicationRelativeFilePath>../../Intent.AspNetCoreCleanArchitecture.Sample/AspNetCoreCleanArchitecture.Sample.Api/Program.cs</ApplicationRelativeFilePath>
      <ProjectRelativeFilePath>Program.cs</ProjectRelativeFilePath>
      <IsIgnored>false</IsIgnored>
    </FileLog>
    <FileLog>
      <ProjectId>8c53bdfa-8baf-439c-8782-ea71d589d669</ProjectId>
      <CorrelationId>Intent.VisualStudio.Projects.CoreWeb.LaunchSettings#8c53bdfa-8baf-439c-8782-ea71d589d669</CorrelationId>
      <OverwriteBehaviour>always</OverwriteBehaviour>
      <ApplicationRelativeFilePath>../../Intent.AspNetCoreCleanArchitecture.Sample/AspNetCoreCleanArchitecture.Sample.Api/Properties/launchSettings.json</ApplicationRelativeFilePath>
      <ProjectRelativeFilePath>Properties/launchSettings.json</ProjectRelativeFilePath>
      <IsIgnored>false</IsIgnored>
    </FileLog>
    <FileLog>
      <ProjectId>66fd1c16-ef7f-4e79-929a-735cfa00d63a</ProjectId>
      <CorrelationId>Intent.Application.Identity.CurrentUserService</CorrelationId>
      <OverwriteBehaviour>always</OverwriteBehaviour>
      <ApplicationRelativeFilePath>../../Intent.AspNetCoreCleanArchitecture.Sample/AspNetCoreCleanArchitecture.Sample.Api/Services/CurrentUserService.cs</ApplicationRelativeFilePath>
      <ProjectRelativeFilePath>CurrentUserService.cs</ProjectRelativeFilePath>
      <IsIgnored>false</IsIgnored>
    </FileLog>
    <FileLog>
      <ProjectId>15b62e6b-8865-4cdb-96c9-ec3bc7aaeece</ProjectId>
      <CorrelationId>Intent.VisualStudio.Projects.CSharpProject#15b62e6b-8865-4cdb-96c9-ec3bc7aaeece</CorrelationId>
      <OverwriteBehaviour>always</OverwriteBehaviour>
      <ApplicationRelativeFilePath>../../Intent.AspNetCoreCleanArchitecture.Sample/AspNetCoreCleanArchitecture.Sample.Application/AspNetCoreCleanArchitecture.Sample.Application.csproj</ApplicationRelativeFilePath>
      <ProjectRelativeFilePath>AspNetCoreCleanArchitecture.Sample.Application.csproj</ProjectRelativeFilePath>
      <IsIgnored>false</IsIgnored>
    </FileLog>
    <FileLog>
      <ProjectId>15b62e6b-8865-4cdb-96c9-ec3bc7aaeece</ProjectId>
      <CorrelationId>Intent.Application.MediatR.CommandModels#41f9544b-4acb-450b-a408-070dde06514e</CorrelationId>
      <OverwriteBehaviour>always</OverwriteBehaviour>
      <ApplicationRelativeFilePath>../../Intent.AspNetCoreCleanArchitecture.Sample/AspNetCoreCleanArchitecture.Sample.Application/Buyers/ActivateBuyer/ActivateBuyerCommand.cs</ApplicationRelativeFilePath>
      <ProjectRelativeFilePath>Buyers/ActivateBuyer/ActivateBuyerCommand.cs</ProjectRelativeFilePath>
      <IsIgnored>false</IsIgnored>
    </FileLog>
    <FileLog>
      <ProjectId>15b62e6b-8865-4cdb-96c9-ec3bc7aaeece</ProjectId>
      <CorrelationId>Intent.Application.MediatR.CommandHandler#41f9544b-4acb-450b-a408-070dde06514e</CorrelationId>
      <OverwriteBehaviour>always</OverwriteBehaviour>
      <ApplicationRelativeFilePath>../../Intent.AspNetCoreCleanArchitecture.Sample/AspNetCoreCleanArchitecture.Sample.Application/Buyers/ActivateBuyer/ActivateBuyerCommandHandler.cs</ApplicationRelativeFilePath>
      <ProjectRelativeFilePath>Buyers/ActivateBuyer/ActivateBuyerCommandHandler.cs</ProjectRelativeFilePath>
      <IsIgnored>false</IsIgnored>
    </FileLog>
    <FileLog>
      <ProjectId>15b62e6b-8865-4cdb-96c9-ec3bc7aaeece</ProjectId>
      <CorrelationId>Intent.Application.MediatR.FluentValidation.CommandValidator#41f9544b-4acb-450b-a408-070dde06514e</CorrelationId>
      <OverwriteBehaviour>always</OverwriteBehaviour>
      <ApplicationRelativeFilePath>../../Intent.AspNetCoreCleanArchitecture.Sample/AspNetCoreCleanArchitecture.Sample.Application/Buyers/ActivateBuyer/ActivateBuyerCommandValidator.cs</ApplicationRelativeFilePath>
      <ProjectRelativeFilePath>Buyers/ActivateBuyer/ActivateBuyerCommandValidator.cs</ProjectRelativeFilePath>
      <IsIgnored>false</IsIgnored>
    </FileLog>
    <FileLog>
      <ProjectId>15b62e6b-8865-4cdb-96c9-ec3bc7aaeece</ProjectId>
      <CorrelationId>Intent.Application.Dtos.DtoModel#820d0c17-1271-41bb-b662-954d8ffc2fbb</CorrelationId>
      <OverwriteBehaviour>always</OverwriteBehaviour>
      <ApplicationRelativeFilePath>../../Intent.AspNetCoreCleanArchitecture.Sample/AspNetCoreCleanArchitecture.Sample.Application/Buyers/BuyerDto.cs</ApplicationRelativeFilePath>
      <ProjectRelativeFilePath>Buyers/BuyerDto.cs</ProjectRelativeFilePath>
      <IsIgnored>false</IsIgnored>
    </FileLog>
    <FileLog>
      <ProjectId>15b62e6b-8865-4cdb-96c9-ec3bc7aaeece</ProjectId>
      <CorrelationId>Intent.Application.Dtos.DtoModel#180a3c7d-6f89-4284-af9e-e6e13ecb1fa2</CorrelationId>
      <OverwriteBehaviour>always</OverwriteBehaviour>
      <ApplicationRelativeFilePath>../../Intent.AspNetCoreCleanArchitecture.Sample/AspNetCoreCleanArchitecture.Sample.Application/Buyers/BuyerStatisticsDto.cs</ApplicationRelativeFilePath>
      <ProjectRelativeFilePath>Buyers/BuyerStatisticsDto.cs</ProjectRelativeFilePath>
      <IsIgnored>false</IsIgnored>
    </FileLog>
    <FileLog>
      <ProjectId>15b62e6b-8865-4cdb-96c9-ec3bc7aaeece</ProjectId>
      <CorrelationId>Intent.Application.MediatR.CommandModels#4bcdeeef-a9ea-44d0-8e55-6e9d2237effb</CorrelationId>
      <OverwriteBehaviour>always</OverwriteBehaviour>
      <ApplicationRelativeFilePath>../../Intent.AspNetCoreCleanArchitecture.Sample/AspNetCoreCleanArchitecture.Sample.Application/Buyers/CreateBuyer/CreateBuyerCommand.cs</ApplicationRelativeFilePath>
      <ProjectRelativeFilePath>Buyers/CreateBuyer/CreateBuyerCommand.cs</ProjectRelativeFilePath>
      <IsIgnored>false</IsIgnored>
    </FileLog>
    <FileLog>
      <ProjectId>15b62e6b-8865-4cdb-96c9-ec3bc7aaeece</ProjectId>
      <CorrelationId>Intent.Application.MediatR.CommandHandler#4bcdeeef-a9ea-44d0-8e55-6e9d2237effb</CorrelationId>
      <OverwriteBehaviour>always</OverwriteBehaviour>
      <ApplicationRelativeFilePath>../../Intent.AspNetCoreCleanArchitecture.Sample/AspNetCoreCleanArchitecture.Sample.Application/Buyers/CreateBuyer/CreateBuyerCommandHandler.cs</ApplicationRelativeFilePath>
      <ProjectRelativeFilePath>Buyers/CreateBuyer/CreateBuyerCommandHandler.cs</ProjectRelativeFilePath>
      <IsIgnored>false</IsIgnored>
    </FileLog>
    <FileLog>
      <ProjectId>15b62e6b-8865-4cdb-96c9-ec3bc7aaeece</ProjectId>
      <CorrelationId>Intent.Application.MediatR.FluentValidation.CommandValidator#4bcdeeef-a9ea-44d0-8e55-6e9d2237effb</CorrelationId>
      <OverwriteBehaviour>always</OverwriteBehaviour>
      <ApplicationRelativeFilePath>../../Intent.AspNetCoreCleanArchitecture.Sample/AspNetCoreCleanArchitecture.Sample.Application/Buyers/CreateBuyer/CreateBuyerCommandValidator.cs</ApplicationRelativeFilePath>
      <ProjectRelativeFilePath>Buyers/CreateBuyer/CreateBuyerCommandValidator.cs</ProjectRelativeFilePath>
      <IsIgnored>false</IsIgnored>
    </FileLog>
    <FileLog>
      <ProjectId>15b62e6b-8865-4cdb-96c9-ec3bc7aaeece</ProjectId>
      <CorrelationId>Intent.Application.Dtos.DtoModel#3072d8f8-0bb0-442c-a4e9-194e437bf8c3</CorrelationId>
      <OverwriteBehaviour>always</OverwriteBehaviour>
      <ApplicationRelativeFilePath>../../Intent.AspNetCoreCleanArchitecture.Sample/AspNetCoreCleanArchitecture.Sample.Application/Buyers/CreateBuyerAddressDto.cs</ApplicationRelativeFilePath>
      <ProjectRelativeFilePath>Buyers/CreateBuyerAddressDto.cs</ProjectRelativeFilePath>
      <IsIgnored>false</IsIgnored>
    </FileLog>
    <FileLog>
      <ProjectId>15b62e6b-8865-4cdb-96c9-ec3bc7aaeece</ProjectId>
      <CorrelationId>Intent.Application.FluentValidation.Dtos.DTOValidator#3072d8f8-0bb0-442c-a4e9-194e437bf8c3</CorrelationId>
      <OverwriteBehaviour>always</OverwriteBehaviour>
      <ApplicationRelativeFilePath>../../Intent.AspNetCoreCleanArchitecture.Sample/AspNetCoreCleanArchitecture.Sample.Application/Buyers/CreateBuyerAddressDtoValidator.cs</ApplicationRelativeFilePath>
      <ProjectRelativeFilePath>Buyers/CreateBuyerAddressDtoValidator.cs</ProjectRelativeFilePath>
      <IsIgnored>false</IsIgnored>
    </FileLog>
    <FileLog>
      <ProjectId>15b62e6b-8865-4cdb-96c9-ec3bc7aaeece</ProjectId>
      <CorrelationId>Intent.Application.MediatR.CommandModels#50a87e3b-23a7-4d8a-8098-73af52c67907</CorrelationId>
      <OverwriteBehaviour>always</OverwriteBehaviour>
      <ApplicationRelativeFilePath>../../Intent.AspNetCoreCleanArchitecture.Sample/AspNetCoreCleanArchitecture.Sample.Application/Buyers/DeleteBuyer/DeleteBuyerCommand.cs</ApplicationRelativeFilePath>
      <ProjectRelativeFilePath>Buyers/DeleteBuyer/DeleteBuyerCommand.cs</ProjectRelativeFilePath>
      <IsIgnored>false</IsIgnored>
    </FileLog>
    <FileLog>
      <ProjectId>15b62e6b-8865-4cdb-96c9-ec3bc7aaeece</ProjectId>
      <CorrelationId>Intent.Application.MediatR.CommandHandler#50a87e3b-23a7-4d8a-8098-73af52c67907</CorrelationId>
      <OverwriteBehaviour>always</OverwriteBehaviour>
      <ApplicationRelativeFilePath>../../Intent.AspNetCoreCleanArchitecture.Sample/AspNetCoreCleanArchitecture.Sample.Application/Buyers/DeleteBuyer/DeleteBuyerCommandHandler.cs</ApplicationRelativeFilePath>
      <ProjectRelativeFilePath>Buyers/DeleteBuyer/DeleteBuyerCommandHandler.cs</ProjectRelativeFilePath>
      <IsIgnored>false</IsIgnored>
    </FileLog>
    <FileLog>
      <ProjectId>15b62e6b-8865-4cdb-96c9-ec3bc7aaeece</ProjectId>
      <CorrelationId>Intent.Application.MediatR.FluentValidation.CommandValidator#50a87e3b-23a7-4d8a-8098-73af52c67907</CorrelationId>
      <OverwriteBehaviour>always</OverwriteBehaviour>
      <ApplicationRelativeFilePath>../../Intent.AspNetCoreCleanArchitecture.Sample/AspNetCoreCleanArchitecture.Sample.Application/Buyers/DeleteBuyer/DeleteBuyerCommandValidator.cs</ApplicationRelativeFilePath>
      <ProjectRelativeFilePath>Buyers/DeleteBuyer/DeleteBuyerCommandValidator.cs</ProjectRelativeFilePath>
      <IsIgnored>false</IsIgnored>
    </FileLog>
    <FileLog>
      <ProjectId>15b62e6b-8865-4cdb-96c9-ec3bc7aaeece</ProjectId>
      <CorrelationId>Intent.Application.MediatR.QueryModels#49fc6023-8722-469e-ab29-3850df1c2c3b</CorrelationId>
      <OverwriteBehaviour>always</OverwriteBehaviour>
      <ApplicationRelativeFilePath>../../Intent.AspNetCoreCleanArchitecture.Sample/AspNetCoreCleanArchitecture.Sample.Application/Buyers/GetBuyerById/GetBuyerByIdQuery.cs</ApplicationRelativeFilePath>
      <ProjectRelativeFilePath>Buyers/GetBuyerById/GetBuyerByIdQuery.cs</ProjectRelativeFilePath>
      <IsIgnored>false</IsIgnored>
    </FileLog>
    <FileLog>
      <ProjectId>15b62e6b-8865-4cdb-96c9-ec3bc7aaeece</ProjectId>
      <CorrelationId>Intent.Application.MediatR.QueryHandler#49fc6023-8722-469e-ab29-3850df1c2c3b</CorrelationId>
      <OverwriteBehaviour>always</OverwriteBehaviour>
      <ApplicationRelativeFilePath>../../Intent.AspNetCoreCleanArchitecture.Sample/AspNetCoreCleanArchitecture.Sample.Application/Buyers/GetBuyerById/GetBuyerByIdQueryHandler.cs</ApplicationRelativeFilePath>
      <ProjectRelativeFilePath>Buyers/GetBuyerById/GetBuyerByIdQueryHandler.cs</ProjectRelativeFilePath>
      <IsIgnored>false</IsIgnored>
    </FileLog>
    <FileLog>
      <ProjectId>15b62e6b-8865-4cdb-96c9-ec3bc7aaeece</ProjectId>
      <CorrelationId>Intent.Application.MediatR.FluentValidation.QueryValidator#49fc6023-8722-469e-ab29-3850df1c2c3b</CorrelationId>
      <OverwriteBehaviour>always</OverwriteBehaviour>
      <ApplicationRelativeFilePath>../../Intent.AspNetCoreCleanArchitecture.Sample/AspNetCoreCleanArchitecture.Sample.Application/Buyers/GetBuyerById/GetBuyerByIdQueryValidator.cs</ApplicationRelativeFilePath>
      <ProjectRelativeFilePath>Buyers/GetBuyerById/GetBuyerByIdQueryValidator.cs</ProjectRelativeFilePath>
      <IsIgnored>false</IsIgnored>
    </FileLog>
    <FileLog>
      <ProjectId>15b62e6b-8865-4cdb-96c9-ec3bc7aaeece</ProjectId>
      <CorrelationId>Intent.Application.MediatR.QueryModels#00cb3db6-170f-4c7c-b1b9-9cbd3bee3be3</CorrelationId>
      <OverwriteBehaviour>always</OverwriteBehaviour>
      <ApplicationRelativeFilePath>../../Intent.AspNetCoreCleanArchitecture.Sample/AspNetCoreCleanArchitecture.Sample.Application/Buyers/GetBuyers/GetBuyersQuery.cs</ApplicationRelativeFilePath>
      <ProjectRelativeFilePath>Buyers/GetBuyers/GetBuyersQuery.cs</ProjectRelativeFilePath>
      <IsIgnored>false</IsIgnored>
    </FileLog>
    <FileLog>
      <ProjectId>15b62e6b-8865-4cdb-96c9-ec3bc7aaeece</ProjectId>
      <CorrelationId>Intent.Application.MediatR.QueryHandler#00cb3db6-170f-4c7c-b1b9-9cbd3bee3be3</CorrelationId>
      <OverwriteBehaviour>always</OverwriteBehaviour>
      <ApplicationRelativeFilePath>../../Intent.AspNetCoreCleanArchitecture.Sample/AspNetCoreCleanArchitecture.Sample.Application/Buyers/GetBuyers/GetBuyersQueryHandler.cs</ApplicationRelativeFilePath>
      <ProjectRelativeFilePath>Buyers/GetBuyers/GetBuyersQueryHandler.cs</ProjectRelativeFilePath>
      <IsIgnored>false</IsIgnored>
    </FileLog>
    <FileLog>
      <ProjectId>15b62e6b-8865-4cdb-96c9-ec3bc7aaeece</ProjectId>
      <CorrelationId>Intent.Application.MediatR.FluentValidation.QueryValidator#00cb3db6-170f-4c7c-b1b9-9cbd3bee3be3</CorrelationId>
      <OverwriteBehaviour>always</OverwriteBehaviour>
      <ApplicationRelativeFilePath>../../Intent.AspNetCoreCleanArchitecture.Sample/AspNetCoreCleanArchitecture.Sample.Application/Buyers/GetBuyers/GetBuyersQueryValidator.cs</ApplicationRelativeFilePath>
      <ProjectRelativeFilePath>Buyers/GetBuyers/GetBuyersQueryValidator.cs</ProjectRelativeFilePath>
      <IsIgnored>false</IsIgnored>
    </FileLog>
    <FileLog>
      <ProjectId>15b62e6b-8865-4cdb-96c9-ec3bc7aaeece</ProjectId>
      <CorrelationId>Intent.Application.MediatR.QueryModels#5bb3fbbd-512b-41a0-949b-ac03f7ab5e85</CorrelationId>
      <OverwriteBehaviour>always</OverwriteBehaviour>
      <ApplicationRelativeFilePath>../../Intent.AspNetCoreCleanArchitecture.Sample/AspNetCoreCleanArchitecture.Sample.Application/Buyers/GetBuyerStatistics/GetBuyerStatisticsQuery.cs</ApplicationRelativeFilePath>
      <ProjectRelativeFilePath>Buyers/GetBuyerStatistics/GetBuyerStatisticsQuery.cs</ProjectRelativeFilePath>
      <IsIgnored>false</IsIgnored>
    </FileLog>
    <FileLog>
      <ProjectId>15b62e6b-8865-4cdb-96c9-ec3bc7aaeece</ProjectId>
      <CorrelationId>Intent.Application.MediatR.QueryHandler#5bb3fbbd-512b-41a0-949b-ac03f7ab5e85</CorrelationId>
      <OverwriteBehaviour>always</OverwriteBehaviour>
      <ApplicationRelativeFilePath>../../Intent.AspNetCoreCleanArchitecture.Sample/AspNetCoreCleanArchitecture.Sample.Application/Buyers/GetBuyerStatistics/GetBuyerStatisticsQueryHandler.cs</ApplicationRelativeFilePath>
      <ProjectRelativeFilePath>Buyers/GetBuyerStatistics/GetBuyerStatisticsQueryHandler.cs</ProjectRelativeFilePath>
      <IsIgnored>false</IsIgnored>
    </FileLog>
    <FileLog>
      <ProjectId>15b62e6b-8865-4cdb-96c9-ec3bc7aaeece</ProjectId>
      <CorrelationId>Intent.Application.MediatR.FluentValidation.QueryValidator#5bb3fbbd-512b-41a0-949b-ac03f7ab5e85</CorrelationId>
      <OverwriteBehaviour>always</OverwriteBehaviour>
      <ApplicationRelativeFilePath>../../Intent.AspNetCoreCleanArchitecture.Sample/AspNetCoreCleanArchitecture.Sample.Application/Buyers/GetBuyerStatistics/GetBuyerStatisticsQueryValidator.cs</ApplicationRelativeFilePath>
      <ProjectRelativeFilePath>Buyers/GetBuyerStatistics/GetBuyerStatisticsQueryValidator.cs</ProjectRelativeFilePath>
      <IsIgnored>false</IsIgnored>
    </FileLog>
    <FileLog>
      <ProjectId>15b62e6b-8865-4cdb-96c9-ec3bc7aaeece</ProjectId>
      <CorrelationId>Intent.Application.MediatR.CommandModels#d3c46a01-5aba-42bc-8694-930f4dee10f5</CorrelationId>
      <OverwriteBehaviour>always</OverwriteBehaviour>
      <ApplicationRelativeFilePath>../../Intent.AspNetCoreCleanArchitecture.Sample/AspNetCoreCleanArchitecture.Sample.Application/Buyers/UpdateBuyer/UpdateBuyerCommand.cs</ApplicationRelativeFilePath>
      <ProjectRelativeFilePath>Buyers/UpdateBuyer/UpdateBuyerCommand.cs</ProjectRelativeFilePath>
      <IsIgnored>false</IsIgnored>
    </FileLog>
    <FileLog>
      <ProjectId>15b62e6b-8865-4cdb-96c9-ec3bc7aaeece</ProjectId>
      <CorrelationId>Intent.Application.MediatR.CommandHandler#d3c46a01-5aba-42bc-8694-930f4dee10f5</CorrelationId>
      <OverwriteBehaviour>always</OverwriteBehaviour>
      <ApplicationRelativeFilePath>../../Intent.AspNetCoreCleanArchitecture.Sample/AspNetCoreCleanArchitecture.Sample.Application/Buyers/UpdateBuyer/UpdateBuyerCommandHandler.cs</ApplicationRelativeFilePath>
      <ProjectRelativeFilePath>Buyers/UpdateBuyer/UpdateBuyerCommandHandler.cs</ProjectRelativeFilePath>
      <IsIgnored>false</IsIgnored>
    </FileLog>
    <FileLog>
      <ProjectId>15b62e6b-8865-4cdb-96c9-ec3bc7aaeece</ProjectId>
      <CorrelationId>Intent.Application.MediatR.FluentValidation.CommandValidator#d3c46a01-5aba-42bc-8694-930f4dee10f5</CorrelationId>
      <OverwriteBehaviour>always</OverwriteBehaviour>
      <ApplicationRelativeFilePath>../../Intent.AspNetCoreCleanArchitecture.Sample/AspNetCoreCleanArchitecture.Sample.Application/Buyers/UpdateBuyer/UpdateBuyerCommandValidator.cs</ApplicationRelativeFilePath>
      <ProjectRelativeFilePath>Buyers/UpdateBuyer/UpdateBuyerCommandValidator.cs</ProjectRelativeFilePath>
      <IsIgnored>false</IsIgnored>
    </FileLog>
    <FileLog>
      <ProjectId>15b62e6b-8865-4cdb-96c9-ec3bc7aaeece</ProjectId>
      <CorrelationId>Intent.Application.Dtos.DtoModel#78e6eeaf-055b-45db-99db-9d0afb57ec1b</CorrelationId>
      <OverwriteBehaviour>always</OverwriteBehaviour>
      <ApplicationRelativeFilePath>../../Intent.AspNetCoreCleanArchitecture.Sample/AspNetCoreCleanArchitecture.Sample.Application/Buyers/UpdateBuyerAddressDto.cs</ApplicationRelativeFilePath>
      <ProjectRelativeFilePath>Buyers/UpdateBuyerAddressDto.cs</ProjectRelativeFilePath>
      <IsIgnored>false</IsIgnored>
    </FileLog>
    <FileLog>
      <ProjectId>15b62e6b-8865-4cdb-96c9-ec3bc7aaeece</ProjectId>
      <CorrelationId>Intent.Application.FluentValidation.Dtos.DTOValidator#78e6eeaf-055b-45db-99db-9d0afb57ec1b</CorrelationId>
      <OverwriteBehaviour>always</OverwriteBehaviour>
      <ApplicationRelativeFilePath>../../Intent.AspNetCoreCleanArchitecture.Sample/AspNetCoreCleanArchitecture.Sample.Application/Buyers/UpdateBuyerAddressDtoValidator.cs</ApplicationRelativeFilePath>
      <ProjectRelativeFilePath>Buyers/UpdateBuyerAddressDtoValidator.cs</ProjectRelativeFilePath>
      <IsIgnored>false</IsIgnored>
    </FileLog>
    <FileLog>
      <ProjectId>95cd5fe9-db22-4dc0-9c2b-9b18b20b9700</ProjectId>
      <CorrelationId>Intent.Application.MediatR.Behaviours.AuthorizationBehaviour</CorrelationId>
      <OverwriteBehaviour>always</OverwriteBehaviour>
      <ApplicationRelativeFilePath>../../Intent.AspNetCoreCleanArchitecture.Sample/AspNetCoreCleanArchitecture.Sample.Application/Common/Behaviours/AuthorizationBehaviour.cs</ApplicationRelativeFilePath>
      <ProjectRelativeFilePath>AuthorizationBehaviour.cs</ProjectRelativeFilePath>
      <IsIgnored>false</IsIgnored>
    </FileLog>
    <FileLog>
      <ProjectId>95cd5fe9-db22-4dc0-9c2b-9b18b20b9700</ProjectId>
      <CorrelationId>Intent.Application.MediatR.Behaviours.LoggingBehaviour</CorrelationId>
      <OverwriteBehaviour>always</OverwriteBehaviour>
      <ApplicationRelativeFilePath>../../Intent.AspNetCoreCleanArchitecture.Sample/AspNetCoreCleanArchitecture.Sample.Application/Common/Behaviours/LoggingBehaviour.cs</ApplicationRelativeFilePath>
      <ProjectRelativeFilePath>LoggingBehaviour.cs</ProjectRelativeFilePath>
      <IsIgnored>false</IsIgnored>
    </FileLog>
    <FileLog>
      <ProjectId>95cd5fe9-db22-4dc0-9c2b-9b18b20b9700</ProjectId>
      <CorrelationId>Intent.Application.MediatR.Behaviours.PerformanceBehaviour</CorrelationId>
      <OverwriteBehaviour>always</OverwriteBehaviour>
      <ApplicationRelativeFilePath>../../Intent.AspNetCoreCleanArchitecture.Sample/AspNetCoreCleanArchitecture.Sample.Application/Common/Behaviours/PerformanceBehaviour.cs</ApplicationRelativeFilePath>
      <ProjectRelativeFilePath>PerformanceBehaviour.cs</ProjectRelativeFilePath>
      <IsIgnored>false</IsIgnored>
    </FileLog>
    <FileLog>
      <ProjectId>95cd5fe9-db22-4dc0-9c2b-9b18b20b9700</ProjectId>
      <CorrelationId>Intent.Application.MediatR.Behaviours.UnhandledExceptionBehaviour</CorrelationId>
      <OverwriteBehaviour>always</OverwriteBehaviour>
      <ApplicationRelativeFilePath>../../Intent.AspNetCoreCleanArchitecture.Sample/AspNetCoreCleanArchitecture.Sample.Application/Common/Behaviours/UnhandledExceptionBehaviour.cs</ApplicationRelativeFilePath>
      <ProjectRelativeFilePath>UnhandledExceptionBehaviour.cs</ProjectRelativeFilePath>
      <IsIgnored>false</IsIgnored>
    </FileLog>
    <FileLog>
      <ProjectId>95cd5fe9-db22-4dc0-9c2b-9b18b20b9700</ProjectId>
      <CorrelationId>Intent.Application.MediatR.Behaviours.UnitOfWorkBehaviour</CorrelationId>
      <OverwriteBehaviour>always</OverwriteBehaviour>
      <ApplicationRelativeFilePath>../../Intent.AspNetCoreCleanArchitecture.Sample/AspNetCoreCleanArchitecture.Sample.Application/Common/Behaviours/UnitOfWorkBehaviour.cs</ApplicationRelativeFilePath>
      <ProjectRelativeFilePath>UnitOfWorkBehaviour.cs</ProjectRelativeFilePath>
      <IsIgnored>false</IsIgnored>
    </FileLog>
    <FileLog>
      <ProjectId>95cd5fe9-db22-4dc0-9c2b-9b18b20b9700</ProjectId>
      <CorrelationId>Intent.Application.MediatR.FluentValidation.ValidationBehaviour</CorrelationId>
      <OverwriteBehaviour>always</OverwriteBehaviour>
      <ApplicationRelativeFilePath>../../Intent.AspNetCoreCleanArchitecture.Sample/AspNetCoreCleanArchitecture.Sample.Application/Common/Behaviours/ValidationBehaviour.cs</ApplicationRelativeFilePath>
      <ProjectRelativeFilePath>ValidationBehaviour.cs</ProjectRelativeFilePath>
      <IsIgnored>false</IsIgnored>
    </FileLog>
    <FileLog>
      <ProjectId>8d08a57f-a20a-44dc-8213-e6c9dbae415f</ProjectId>
      <CorrelationId>Intent.Application.Identity.ForbiddenAccessException</CorrelationId>
      <OverwriteBehaviour>always</OverwriteBehaviour>
      <ApplicationRelativeFilePath>../../Intent.AspNetCoreCleanArchitecture.Sample/AspNetCoreCleanArchitecture.Sample.Application/Common/Exceptions/ForbiddenAccessException.cs</ApplicationRelativeFilePath>
      <ProjectRelativeFilePath>ForbiddenAccessException.cs</ProjectRelativeFilePath>
      <IsIgnored>false</IsIgnored>
    </FileLog>
    <FileLog>
      <ProjectId>18227e72-6055-4f89-9b63-1102f7b751b0</ProjectId>
      <CorrelationId>Intent.Application.MediatR.CommandInterface</CorrelationId>
      <OverwriteBehaviour>always</OverwriteBehaviour>
      <ApplicationRelativeFilePath>../../Intent.AspNetCoreCleanArchitecture.Sample/AspNetCoreCleanArchitecture.Sample.Application/Common/Interfaces/ICommand.cs</ApplicationRelativeFilePath>
      <ProjectRelativeFilePath>ICommand.cs</ProjectRelativeFilePath>
      <IsIgnored>false</IsIgnored>
    </FileLog>
    <FileLog>
      <ProjectId>18227e72-6055-4f89-9b63-1102f7b751b0</ProjectId>
      <CorrelationId>Intent.Application.Identity.CurrentUserServiceInterface</CorrelationId>
      <OverwriteBehaviour>always</OverwriteBehaviour>
      <ApplicationRelativeFilePath>../../Intent.AspNetCoreCleanArchitecture.Sample/AspNetCoreCleanArchitecture.Sample.Application/Common/Interfaces/ICurrentUserService.cs</ApplicationRelativeFilePath>
      <ProjectRelativeFilePath>ICurrentUserService.cs</ProjectRelativeFilePath>
      <IsIgnored>false</IsIgnored>
    </FileLog>
    <FileLog>
      <ProjectId>18227e72-6055-4f89-9b63-1102f7b751b0</ProjectId>
      <CorrelationId>Intent.DomainEvents.DomainEventServiceInterface</CorrelationId>
      <OverwriteBehaviour>always</OverwriteBehaviour>
      <ApplicationRelativeFilePath>../../Intent.AspNetCoreCleanArchitecture.Sample/AspNetCoreCleanArchitecture.Sample.Application/Common/Interfaces/IDomainEventService.cs</ApplicationRelativeFilePath>
      <ProjectRelativeFilePath>IDomainEventService.cs</ProjectRelativeFilePath>
      <IsIgnored>false</IsIgnored>
    </FileLog>
    <FileLog>
      <ProjectId>18227e72-6055-4f89-9b63-1102f7b751b0</ProjectId>
      <CorrelationId>Intent.Application.MediatR.QueryInterface</CorrelationId>
      <OverwriteBehaviour>always</OverwriteBehaviour>
      <ApplicationRelativeFilePath>../../Intent.AspNetCoreCleanArchitecture.Sample/AspNetCoreCleanArchitecture.Sample.Application/Common/Interfaces/IQuery.cs</ApplicationRelativeFilePath>
      <ProjectRelativeFilePath>IQuery.cs</ProjectRelativeFilePath>
      <IsIgnored>false</IsIgnored>
    </FileLog>
    <FileLog>
      <ProjectId>e6183380-fad0-42ed-859e-c41bf5e4847b</ProjectId>
      <CorrelationId>Intent.MediatR.DomainEvents.DomainEventNotification</CorrelationId>
      <OverwriteBehaviour>always</OverwriteBehaviour>
      <ApplicationRelativeFilePath>../../Intent.AspNetCoreCleanArchitecture.Sample/AspNetCoreCleanArchitecture.Sample.Application/Common/Models/DomainEventNotification.cs</ApplicationRelativeFilePath>
      <ProjectRelativeFilePath>DomainEventNotification.cs</ProjectRelativeFilePath>
      <IsIgnored>false</IsIgnored>
    </FileLog>
    <FileLog>
      <ProjectId>e6183380-fad0-42ed-859e-c41bf5e4847b</ProjectId>
      <CorrelationId>Intent.Application.Identity.ResultModel</CorrelationId>
      <OverwriteBehaviour>always</OverwriteBehaviour>
      <ApplicationRelativeFilePath>../../Intent.AspNetCoreCleanArchitecture.Sample/AspNetCoreCleanArchitecture.Sample.Application/Common/Models/Result.cs</ApplicationRelativeFilePath>
      <ProjectRelativeFilePath>Result.cs</ProjectRelativeFilePath>
      <IsIgnored>false</IsIgnored>
    </FileLog>
    <FileLog>
      <ProjectId>b2d47bea-59ed-45a9-b6b0-0888bc9543e4</ProjectId>
      <CorrelationId>Intent.EntityFrameworkCore.PagedList</CorrelationId>
      <OverwriteBehaviour>always</OverwriteBehaviour>
      <ApplicationRelativeFilePath>../../Intent.AspNetCoreCleanArchitecture.Sample/AspNetCoreCleanArchitecture.Sample.Application/Common/Pagination/PagedList.cs</ApplicationRelativeFilePath>
      <ProjectRelativeFilePath>PagedList.cs</ProjectRelativeFilePath>
      <IsIgnored>false</IsIgnored>
    </FileLog>
    <FileLog>
      <ProjectId>b2d47bea-59ed-45a9-b6b0-0888bc9543e4</ProjectId>
      <CorrelationId>Intent.Application.Dtos.Pagination.PagedResult</CorrelationId>
      <OverwriteBehaviour>always</OverwriteBehaviour>
      <ApplicationRelativeFilePath>../../Intent.AspNetCoreCleanArchitecture.Sample/AspNetCoreCleanArchitecture.Sample.Application/Common/Pagination/PagedResult.cs</ApplicationRelativeFilePath>
      <ProjectRelativeFilePath>PagedResult.cs</ProjectRelativeFilePath>
      <IsIgnored>false</IsIgnored>
    </FileLog>
    <FileLog>
      <ProjectId>b2d47bea-59ed-45a9-b6b0-0888bc9543e4</ProjectId>
      <CorrelationId>Intent.Application.Dtos.Pagination.PagedResultMappingExtensions</CorrelationId>
      <OverwriteBehaviour>always</OverwriteBehaviour>
      <ApplicationRelativeFilePath>../../Intent.AspNetCoreCleanArchitecture.Sample/AspNetCoreCleanArchitecture.Sample.Application/Common/Pagination/PagedResultMappingExtensions.cs</ApplicationRelativeFilePath>
      <ProjectRelativeFilePath>PagedResultMappingExtensions.cs</ProjectRelativeFilePath>
      <IsIgnored>false</IsIgnored>
    </FileLog>
    <FileLog>
      <ProjectId>106e3e4a-d0ab-4e10-8a1e-8394fc18b365</ProjectId>
      <CorrelationId>Intent.Application.Identity.AuthorizeAttribute</CorrelationId>
      <OverwriteBehaviour>always</OverwriteBehaviour>
      <ApplicationRelativeFilePath>../../Intent.AspNetCoreCleanArchitecture.Sample/AspNetCoreCleanArchitecture.Sample.Application/Common/Security/AuthorizeAttribute.cs</ApplicationRelativeFilePath>
      <ProjectRelativeFilePath>AuthorizeAttribute.cs</ProjectRelativeFilePath>
      <IsIgnored>false</IsIgnored>
    </FileLog>
    <FileLog>
      <ProjectId>425ab6b7-45ce-4d07-a350-6b9ebee33214</ProjectId>
      <CorrelationId>Intent.Application.FluentValidation.Dtos.ValidationServiceInterface</CorrelationId>
      <OverwriteBehaviour>always</OverwriteBehaviour>
      <ApplicationRelativeFilePath>../../Intent.AspNetCoreCleanArchitecture.Sample/AspNetCoreCleanArchitecture.Sample.Application/Common/Validation/IValidationService.cs</ApplicationRelativeFilePath>
      <ProjectRelativeFilePath>IValidationService.cs</ProjectRelativeFilePath>
      <IsIgnored>false</IsIgnored>
    </FileLog>
    <FileLog>
      <ProjectId>425ab6b7-45ce-4d07-a350-6b9ebee33214</ProjectId>
      <CorrelationId>Intent.Application.FluentValidation.Dtos.ValidatorProviderInterface</CorrelationId>
      <OverwriteBehaviour>always</OverwriteBehaviour>
      <ApplicationRelativeFilePath>../../Intent.AspNetCoreCleanArchitecture.Sample/AspNetCoreCleanArchitecture.Sample.Application/Common/Validation/IValidatorProvider.cs</ApplicationRelativeFilePath>
      <ProjectRelativeFilePath>IValidatorProvider.cs</ProjectRelativeFilePath>
      <IsIgnored>false</IsIgnored>
    </FileLog>
    <FileLog>
      <ProjectId>425ab6b7-45ce-4d07-a350-6b9ebee33214</ProjectId>
      <CorrelationId>Intent.Application.FluentValidation.Dtos.ValidationService</CorrelationId>
      <OverwriteBehaviour>always</OverwriteBehaviour>
      <ApplicationRelativeFilePath>../../Intent.AspNetCoreCleanArchitecture.Sample/AspNetCoreCleanArchitecture.Sample.Application/Common/Validation/ValidationService.cs</ApplicationRelativeFilePath>
      <ProjectRelativeFilePath>ValidationService.cs</ProjectRelativeFilePath>
      <IsIgnored>false</IsIgnored>
    </FileLog>
    <FileLog>
      <ProjectId>425ab6b7-45ce-4d07-a350-6b9ebee33214</ProjectId>
      <CorrelationId>Intent.Application.FluentValidation.Dtos.ValidatorProvider</CorrelationId>
      <OverwriteBehaviour>always</OverwriteBehaviour>
      <ApplicationRelativeFilePath>../../Intent.AspNetCoreCleanArchitecture.Sample/AspNetCoreCleanArchitecture.Sample.Application/Common/Validation/ValidatorProvider.cs</ApplicationRelativeFilePath>
      <ProjectRelativeFilePath>ValidatorProvider.cs</ProjectRelativeFilePath>
      <IsIgnored>false</IsIgnored>
    </FileLog>
    <FileLog>
      <ProjectId>15b62e6b-8865-4cdb-96c9-ec3bc7aaeece</ProjectId>
      <CorrelationId>Intent.Application.DependencyInjection.DependencyInjection</CorrelationId>
      <OverwriteBehaviour>always</OverwriteBehaviour>
      <ApplicationRelativeFilePath>../../Intent.AspNetCoreCleanArchitecture.Sample/AspNetCoreCleanArchitecture.Sample.Application/DependencyInjection.cs</ApplicationRelativeFilePath>
      <ProjectRelativeFilePath>DependencyInjection.cs</ProjectRelativeFilePath>
      <IsIgnored>false</IsIgnored>
    </FileLog>
    <FileLog>
      <ProjectId>ec57bb6b-aab4-4bda-9c73-4c1cde9fd564</ProjectId>
      <CorrelationId>Intent.Application.ServiceImplementations.ServiceImplementation#cf89dfaa-d9fc-4d5b-8766-585d9a643205</CorrelationId>
      <OverwriteBehaviour>always</OverwriteBehaviour>
      <ApplicationRelativeFilePath>../../Intent.AspNetCoreCleanArchitecture.Sample/AspNetCoreCleanArchitecture.Sample.Application/Implementation/ProductsService.cs</ApplicationRelativeFilePath>
      <ProjectRelativeFilePath>ProductsService.cs</ProjectRelativeFilePath>
      <IsIgnored>false</IsIgnored>
    </FileLog>
    <FileLog>
      <ProjectId>3ac84657-a6ca-4553-8b7d-7cb693be09c0</ProjectId>
      <CorrelationId>Intent.Application.Contracts.ServiceContract#cf89dfaa-d9fc-4d5b-8766-585d9a643205</CorrelationId>
      <OverwriteBehaviour>always</OverwriteBehaviour>
      <ApplicationRelativeFilePath>../../Intent.AspNetCoreCleanArchitecture.Sample/AspNetCoreCleanArchitecture.Sample.Application/Interfaces/IProductsService.cs</ApplicationRelativeFilePath>
      <ProjectRelativeFilePath>IProductsService.cs</ProjectRelativeFilePath>
      <IsIgnored>false</IsIgnored>
    </FileLog>
    <FileLog>
      <ProjectId>b08b091a-15f2-4dd8-9dbf-487ae872c46a</ProjectId>
      <CorrelationId>Intent.Application.Dtos.AutoMapper.DtoMappingProfile#820d0c17-1271-41bb-b662-954d8ffc2fbb</CorrelationId>
      <OverwriteBehaviour>always</OverwriteBehaviour>
      <ApplicationRelativeFilePath>../../Intent.AspNetCoreCleanArchitecture.Sample/AspNetCoreCleanArchitecture.Sample.Application/Mappings/Buyers/BuyerDtoProfile.cs</ApplicationRelativeFilePath>
      <ProjectRelativeFilePath>Buyers/BuyerDtoProfile.cs</ProjectRelativeFilePath>
      <IsIgnored>false</IsIgnored>
    </FileLog>
    <FileLog>
      <ProjectId>b08b091a-15f2-4dd8-9dbf-487ae872c46a</ProjectId>
      <CorrelationId>Intent.Application.Dtos.AutoMapper.DtoMappingProfile#14cb5c93-c295-4404-aa8c-ee7649fe3c9f</CorrelationId>
      <OverwriteBehaviour>always</OverwriteBehaviour>
      <ApplicationRelativeFilePath>../../Intent.AspNetCoreCleanArchitecture.Sample/AspNetCoreCleanArchitecture.Sample.Application/Mappings/Orders/OrderDtoProfile.cs</ApplicationRelativeFilePath>
      <ProjectRelativeFilePath>Orders/OrderDtoProfile.cs</ProjectRelativeFilePath>
      <IsIgnored>false</IsIgnored>
    </FileLog>
    <FileLog>
      <ProjectId>b08b091a-15f2-4dd8-9dbf-487ae872c46a</ProjectId>
      <CorrelationId>Intent.Application.Dtos.AutoMapper.DtoMappingProfile#32d2cd27-6edc-47be-89ae-7bfef84565f9</CorrelationId>
      <OverwriteBehaviour>always</OverwriteBehaviour>
      <ApplicationRelativeFilePath>../../Intent.AspNetCoreCleanArchitecture.Sample/AspNetCoreCleanArchitecture.Sample.Application/Mappings/Orders/OrderOrderOrderLineDtoProfile.cs</ApplicationRelativeFilePath>
      <ProjectRelativeFilePath>Orders/OrderOrderOrderLineDtoProfile.cs</ProjectRelativeFilePath>
      <IsIgnored>false</IsIgnored>
    </FileLog>
    <FileLog>
      <ProjectId>b08b091a-15f2-4dd8-9dbf-487ae872c46a</ProjectId>
      <CorrelationId>Intent.Application.Dtos.AutoMapper.DtoMappingProfile#7e5be5cd-4422-478e-944a-ca1c87282979</CorrelationId>
      <OverwriteBehaviour>always</OverwriteBehaviour>
      <ApplicationRelativeFilePath>../../Intent.AspNetCoreCleanArchitecture.Sample/AspNetCoreCleanArchitecture.Sample.Application/Mappings/Products/ProductDtoProfile.cs</ApplicationRelativeFilePath>
      <ProjectRelativeFilePath>Products/ProductDtoProfile.cs</ProjectRelativeFilePath>
      <IsIgnored>false</IsIgnored>
    </FileLog>
    <FileLog>
      <ProjectId>15b62e6b-8865-4cdb-96c9-ec3bc7aaeece</ProjectId>
      <CorrelationId>Intent.Application.MediatR.CommandModels#d16f2df0-ab15-4f39-8abf-22fbe0c1cc52</CorrelationId>
      <OverwriteBehaviour>always</OverwriteBehaviour>
      <ApplicationRelativeFilePath>../../Intent.AspNetCoreCleanArchitecture.Sample/AspNetCoreCleanArchitecture.Sample.Application/Orders/CreateOrder/CreateOrderCommand.cs</ApplicationRelativeFilePath>
      <ProjectRelativeFilePath>Orders/CreateOrder/CreateOrderCommand.cs</ProjectRelativeFilePath>
      <IsIgnored>false</IsIgnored>
    </FileLog>
    <FileLog>
      <ProjectId>15b62e6b-8865-4cdb-96c9-ec3bc7aaeece</ProjectId>
      <CorrelationId>Intent.Application.MediatR.CommandHandler#d16f2df0-ab15-4f39-8abf-22fbe0c1cc52</CorrelationId>
      <OverwriteBehaviour>always</OverwriteBehaviour>
      <ApplicationRelativeFilePath>../../Intent.AspNetCoreCleanArchitecture.Sample/AspNetCoreCleanArchitecture.Sample.Application/Orders/CreateOrder/CreateOrderCommandHandler.cs</ApplicationRelativeFilePath>
      <ProjectRelativeFilePath>Orders/CreateOrder/CreateOrderCommandHandler.cs</ProjectRelativeFilePath>
      <IsIgnored>false</IsIgnored>
    </FileLog>
    <FileLog>
      <ProjectId>15b62e6b-8865-4cdb-96c9-ec3bc7aaeece</ProjectId>
      <CorrelationId>Intent.Application.MediatR.FluentValidation.CommandValidator#d16f2df0-ab15-4f39-8abf-22fbe0c1cc52</CorrelationId>
      <OverwriteBehaviour>always</OverwriteBehaviour>
      <ApplicationRelativeFilePath>../../Intent.AspNetCoreCleanArchitecture.Sample/AspNetCoreCleanArchitecture.Sample.Application/Orders/CreateOrder/CreateOrderCommandValidator.cs</ApplicationRelativeFilePath>
      <ProjectRelativeFilePath>Orders/CreateOrder/CreateOrderCommandValidator.cs</ProjectRelativeFilePath>
      <IsIgnored>false</IsIgnored>
    </FileLog>
    <FileLog>
      <ProjectId>15b62e6b-8865-4cdb-96c9-ec3bc7aaeece</ProjectId>
      <CorrelationId>Intent.Application.Dtos.DtoModel#99d962ab-6fe3-46a7-ac16-83eeed20adc7</CorrelationId>
      <OverwriteBehaviour>always</OverwriteBehaviour>
      <ApplicationRelativeFilePath>../../Intent.AspNetCoreCleanArchitecture.Sample/AspNetCoreCleanArchitecture.Sample.Application/Orders/CreateOrderCommandOrderLinesDto.cs</ApplicationRelativeFilePath>
      <ProjectRelativeFilePath>Orders/CreateOrderCommandOrderLinesDto.cs</ProjectRelativeFilePath>
      <IsIgnored>false</IsIgnored>
    </FileLog>
    <FileLog>
      <ProjectId>15b62e6b-8865-4cdb-96c9-ec3bc7aaeece</ProjectId>
      <CorrelationId>Intent.Application.MediatR.CommandModels#b8529b13-3c1a-4a0e-8999-4a31a4fc7362</CorrelationId>
      <OverwriteBehaviour>always</OverwriteBehaviour>
      <ApplicationRelativeFilePath>../../Intent.AspNetCoreCleanArchitecture.Sample/AspNetCoreCleanArchitecture.Sample.Application/Orders/DeleteOrder/DeleteOrderCommand.cs</ApplicationRelativeFilePath>
      <ProjectRelativeFilePath>Orders/DeleteOrder/DeleteOrderCommand.cs</ProjectRelativeFilePath>
      <IsIgnored>false</IsIgnored>
    </FileLog>
    <FileLog>
      <ProjectId>15b62e6b-8865-4cdb-96c9-ec3bc7aaeece</ProjectId>
      <CorrelationId>Intent.Application.MediatR.CommandHandler#b8529b13-3c1a-4a0e-8999-4a31a4fc7362</CorrelationId>
      <OverwriteBehaviour>always</OverwriteBehaviour>
      <ApplicationRelativeFilePath>../../Intent.AspNetCoreCleanArchitecture.Sample/AspNetCoreCleanArchitecture.Sample.Application/Orders/DeleteOrder/DeleteOrderCommandHandler.cs</ApplicationRelativeFilePath>
      <ProjectRelativeFilePath>Orders/DeleteOrder/DeleteOrderCommandHandler.cs</ProjectRelativeFilePath>
      <IsIgnored>false</IsIgnored>
    </FileLog>
    <FileLog>
      <ProjectId>15b62e6b-8865-4cdb-96c9-ec3bc7aaeece</ProjectId>
      <CorrelationId>Intent.Application.MediatR.FluentValidation.CommandValidator#b8529b13-3c1a-4a0e-8999-4a31a4fc7362</CorrelationId>
      <OverwriteBehaviour>always</OverwriteBehaviour>
      <ApplicationRelativeFilePath>../../Intent.AspNetCoreCleanArchitecture.Sample/AspNetCoreCleanArchitecture.Sample.Application/Orders/DeleteOrder/DeleteOrderCommandValidator.cs</ApplicationRelativeFilePath>
      <ProjectRelativeFilePath>Orders/DeleteOrder/DeleteOrderCommandValidator.cs</ProjectRelativeFilePath>
      <IsIgnored>false</IsIgnored>
    </FileLog>
    <FileLog>
      <ProjectId>15b62e6b-8865-4cdb-96c9-ec3bc7aaeece</ProjectId>
      <CorrelationId>Intent.Application.MediatR.QueryModels#39ca380b-8d9c-4125-81b6-6bb6bdb1a0f6</CorrelationId>
      <OverwriteBehaviour>always</OverwriteBehaviour>
      <ApplicationRelativeFilePath>../../Intent.AspNetCoreCleanArchitecture.Sample/AspNetCoreCleanArchitecture.Sample.Application/Orders/GetOrderById/GetOrderByIdQuery.cs</ApplicationRelativeFilePath>
      <ProjectRelativeFilePath>Orders/GetOrderById/GetOrderByIdQuery.cs</ProjectRelativeFilePath>
      <IsIgnored>false</IsIgnored>
    </FileLog>
    <FileLog>
      <ProjectId>15b62e6b-8865-4cdb-96c9-ec3bc7aaeece</ProjectId>
      <CorrelationId>Intent.Application.MediatR.QueryHandler#39ca380b-8d9c-4125-81b6-6bb6bdb1a0f6</CorrelationId>
      <OverwriteBehaviour>always</OverwriteBehaviour>
      <ApplicationRelativeFilePath>../../Intent.AspNetCoreCleanArchitecture.Sample/AspNetCoreCleanArchitecture.Sample.Application/Orders/GetOrderById/GetOrderByIdQueryHandler.cs</ApplicationRelativeFilePath>
      <ProjectRelativeFilePath>Orders/GetOrderById/GetOrderByIdQueryHandler.cs</ProjectRelativeFilePath>
      <IsIgnored>false</IsIgnored>
    </FileLog>
    <FileLog>
      <ProjectId>15b62e6b-8865-4cdb-96c9-ec3bc7aaeece</ProjectId>
      <CorrelationId>Intent.Application.MediatR.FluentValidation.QueryValidator#39ca380b-8d9c-4125-81b6-6bb6bdb1a0f6</CorrelationId>
      <OverwriteBehaviour>always</OverwriteBehaviour>
      <ApplicationRelativeFilePath>../../Intent.AspNetCoreCleanArchitecture.Sample/AspNetCoreCleanArchitecture.Sample.Application/Orders/GetOrderById/GetOrderByIdQueryValidator.cs</ApplicationRelativeFilePath>
      <ProjectRelativeFilePath>Orders/GetOrderById/GetOrderByIdQueryValidator.cs</ProjectRelativeFilePath>
      <IsIgnored>false</IsIgnored>
    </FileLog>
    <FileLog>
      <ProjectId>15b62e6b-8865-4cdb-96c9-ec3bc7aaeece</ProjectId>
      <CorrelationId>Intent.Application.MediatR.QueryModels#63c491d6-616d-4585-9703-2b05a9b9217d</CorrelationId>
      <OverwriteBehaviour>always</OverwriteBehaviour>
      <ApplicationRelativeFilePath>../../Intent.AspNetCoreCleanArchitecture.Sample/AspNetCoreCleanArchitecture.Sample.Application/Orders/GetOrders/GetOrdersQuery.cs</ApplicationRelativeFilePath>
      <ProjectRelativeFilePath>Orders/GetOrders/GetOrdersQuery.cs</ProjectRelativeFilePath>
      <IsIgnored>false</IsIgnored>
    </FileLog>
    <FileLog>
      <ProjectId>15b62e6b-8865-4cdb-96c9-ec3bc7aaeece</ProjectId>
      <CorrelationId>Intent.Application.MediatR.QueryHandler#63c491d6-616d-4585-9703-2b05a9b9217d</CorrelationId>
      <OverwriteBehaviour>always</OverwriteBehaviour>
      <ApplicationRelativeFilePath>../../Intent.AspNetCoreCleanArchitecture.Sample/AspNetCoreCleanArchitecture.Sample.Application/Orders/GetOrders/GetOrdersQueryHandler.cs</ApplicationRelativeFilePath>
      <ProjectRelativeFilePath>Orders/GetOrders/GetOrdersQueryHandler.cs</ProjectRelativeFilePath>
      <IsIgnored>false</IsIgnored>
    </FileLog>
    <FileLog>
      <ProjectId>15b62e6b-8865-4cdb-96c9-ec3bc7aaeece</ProjectId>
      <CorrelationId>Intent.Application.MediatR.FluentValidation.QueryValidator#63c491d6-616d-4585-9703-2b05a9b9217d</CorrelationId>
      <OverwriteBehaviour>always</OverwriteBehaviour>
      <ApplicationRelativeFilePath>../../Intent.AspNetCoreCleanArchitecture.Sample/AspNetCoreCleanArchitecture.Sample.Application/Orders/GetOrders/GetOrdersQueryValidator.cs</ApplicationRelativeFilePath>
      <ProjectRelativeFilePath>Orders/GetOrders/GetOrdersQueryValidator.cs</ProjectRelativeFilePath>
      <IsIgnored>false</IsIgnored>
    </FileLog>
    <FileLog>
      <ProjectId>15b62e6b-8865-4cdb-96c9-ec3bc7aaeece</ProjectId>
      <CorrelationId>Intent.Application.Dtos.DtoModel#14cb5c93-c295-4404-aa8c-ee7649fe3c9f</CorrelationId>
      <OverwriteBehaviour>always</OverwriteBehaviour>
      <ApplicationRelativeFilePath>../../Intent.AspNetCoreCleanArchitecture.Sample/AspNetCoreCleanArchitecture.Sample.Application/Orders/OrderDto.cs</ApplicationRelativeFilePath>
      <ProjectRelativeFilePath>Orders/OrderDto.cs</ProjectRelativeFilePath>
      <IsIgnored>false</IsIgnored>
    </FileLog>
    <FileLog>
      <ProjectId>15b62e6b-8865-4cdb-96c9-ec3bc7aaeece</ProjectId>
      <CorrelationId>Intent.Application.Dtos.DtoModel#32d2cd27-6edc-47be-89ae-7bfef84565f9</CorrelationId>
      <OverwriteBehaviour>always</OverwriteBehaviour>
      <ApplicationRelativeFilePath>../../Intent.AspNetCoreCleanArchitecture.Sample/AspNetCoreCleanArchitecture.Sample.Application/Orders/OrderOrderOrderLineDto.cs</ApplicationRelativeFilePath>
      <ProjectRelativeFilePath>Orders/OrderOrderOrderLineDto.cs</ProjectRelativeFilePath>
      <IsIgnored>false</IsIgnored>
    </FileLog>
    <FileLog>
      <ProjectId>15b62e6b-8865-4cdb-96c9-ec3bc7aaeece</ProjectId>
      <CorrelationId>Intent.Application.MediatR.CommandModels#1a37c1b1-f9d9-4409-b5de-e9d08cc25524</CorrelationId>
      <OverwriteBehaviour>always</OverwriteBehaviour>
      <ApplicationRelativeFilePath>../../Intent.AspNetCoreCleanArchitecture.Sample/AspNetCoreCleanArchitecture.Sample.Application/Orders/UpdateOrder/UpdateOrderCommand.cs</ApplicationRelativeFilePath>
      <ProjectRelativeFilePath>Orders/UpdateOrder/UpdateOrderCommand.cs</ProjectRelativeFilePath>
      <IsIgnored>false</IsIgnored>
    </FileLog>
    <FileLog>
      <ProjectId>15b62e6b-8865-4cdb-96c9-ec3bc7aaeece</ProjectId>
      <CorrelationId>Intent.Application.MediatR.CommandHandler#1a37c1b1-f9d9-4409-b5de-e9d08cc25524</CorrelationId>
      <OverwriteBehaviour>always</OverwriteBehaviour>
      <ApplicationRelativeFilePath>../../Intent.AspNetCoreCleanArchitecture.Sample/AspNetCoreCleanArchitecture.Sample.Application/Orders/UpdateOrder/UpdateOrderCommandHandler.cs</ApplicationRelativeFilePath>
      <ProjectRelativeFilePath>Orders/UpdateOrder/UpdateOrderCommandHandler.cs</ProjectRelativeFilePath>
      <IsIgnored>false</IsIgnored>
    </FileLog>
    <FileLog>
      <ProjectId>15b62e6b-8865-4cdb-96c9-ec3bc7aaeece</ProjectId>
      <CorrelationId>Intent.Application.MediatR.FluentValidation.CommandValidator#1a37c1b1-f9d9-4409-b5de-e9d08cc25524</CorrelationId>
      <OverwriteBehaviour>always</OverwriteBehaviour>
      <ApplicationRelativeFilePath>../../Intent.AspNetCoreCleanArchitecture.Sample/AspNetCoreCleanArchitecture.Sample.Application/Orders/UpdateOrder/UpdateOrderCommandValidator.cs</ApplicationRelativeFilePath>
      <ProjectRelativeFilePath>Orders/UpdateOrder/UpdateOrderCommandValidator.cs</ProjectRelativeFilePath>
      <IsIgnored>false</IsIgnored>
    </FileLog>
    <FileLog>
      <ProjectId>15b62e6b-8865-4cdb-96c9-ec3bc7aaeece</ProjectId>
      <CorrelationId>Intent.Application.Dtos.DtoModel#2e611db9-97d2-4577-b9a1-c49c7958b456</CorrelationId>
      <OverwriteBehaviour>always</OverwriteBehaviour>
      <ApplicationRelativeFilePath>../../Intent.AspNetCoreCleanArchitecture.Sample/AspNetCoreCleanArchitecture.Sample.Application/Orders/UpdateOrderCommandOrderLinesDto.cs</ApplicationRelativeFilePath>
      <ProjectRelativeFilePath>Orders/UpdateOrderCommandOrderLinesDto.cs</ProjectRelativeFilePath>
      <IsIgnored>false</IsIgnored>
    </FileLog>
    <FileLog>
      <ProjectId>15b62e6b-8865-4cdb-96c9-ec3bc7aaeece</ProjectId>
      <CorrelationId>Intent.Application.Dtos.DtoModel#d29da30d-c988-43dd-8c32-5fc196e6c4ba</CorrelationId>
      <OverwriteBehaviour>always</OverwriteBehaviour>
      <ApplicationRelativeFilePath>../../Intent.AspNetCoreCleanArchitecture.Sample/AspNetCoreCleanArchitecture.Sample.Application/Products/ProductCreateDto.cs</ApplicationRelativeFilePath>
      <ProjectRelativeFilePath>Products/ProductCreateDto.cs</ProjectRelativeFilePath>
      <IsIgnored>false</IsIgnored>
    </FileLog>
    <FileLog>
      <ProjectId>15b62e6b-8865-4cdb-96c9-ec3bc7aaeece</ProjectId>
      <CorrelationId>Intent.Application.FluentValidation.Dtos.DTOValidator#d29da30d-c988-43dd-8c32-5fc196e6c4ba</CorrelationId>
      <OverwriteBehaviour>always</OverwriteBehaviour>
      <ApplicationRelativeFilePath>../../Intent.AspNetCoreCleanArchitecture.Sample/AspNetCoreCleanArchitecture.Sample.Application/Products/ProductCreateDtoValidator.cs</ApplicationRelativeFilePath>
      <ProjectRelativeFilePath>Products/ProductCreateDtoValidator.cs</ProjectRelativeFilePath>
      <IsIgnored>false</IsIgnored>
    </FileLog>
    <FileLog>
      <ProjectId>15b62e6b-8865-4cdb-96c9-ec3bc7aaeece</ProjectId>
      <CorrelationId>Intent.Application.Dtos.DtoModel#7e5be5cd-4422-478e-944a-ca1c87282979</CorrelationId>
      <OverwriteBehaviour>always</OverwriteBehaviour>
      <ApplicationRelativeFilePath>../../Intent.AspNetCoreCleanArchitecture.Sample/AspNetCoreCleanArchitecture.Sample.Application/Products/ProductDto.cs</ApplicationRelativeFilePath>
      <ProjectRelativeFilePath>Products/ProductDto.cs</ProjectRelativeFilePath>
      <IsIgnored>false</IsIgnored>
    </FileLog>
    <FileLog>
      <ProjectId>15b62e6b-8865-4cdb-96c9-ec3bc7aaeece</ProjectId>
      <CorrelationId>Intent.Application.Dtos.DtoModel#24e411a6-51ba-48b1-be06-2af819941ab5</CorrelationId>
      <OverwriteBehaviour>always</OverwriteBehaviour>
      <ApplicationRelativeFilePath>../../Intent.AspNetCoreCleanArchitecture.Sample/AspNetCoreCleanArchitecture.Sample.Application/Products/ProductUpdateDto.cs</ApplicationRelativeFilePath>
      <ProjectRelativeFilePath>Products/ProductUpdateDto.cs</ProjectRelativeFilePath>
      <IsIgnored>false</IsIgnored>
    </FileLog>
    <FileLog>
      <ProjectId>15b62e6b-8865-4cdb-96c9-ec3bc7aaeece</ProjectId>
      <CorrelationId>Intent.Application.FluentValidation.Dtos.DTOValidator#24e411a6-51ba-48b1-be06-2af819941ab5</CorrelationId>
      <OverwriteBehaviour>always</OverwriteBehaviour>
      <ApplicationRelativeFilePath>../../Intent.AspNetCoreCleanArchitecture.Sample/AspNetCoreCleanArchitecture.Sample.Application/Products/ProductUpdateDtoValidator.cs</ApplicationRelativeFilePath>
      <ProjectRelativeFilePath>Products/ProductUpdateDtoValidator.cs</ProjectRelativeFilePath>
      <IsIgnored>false</IsIgnored>
    </FileLog>
    <FileLog>
      <ProjectId>e6a22837-d228-4ae8-90e2-f521416ffd2f</ProjectId>
      <CorrelationId>Intent.ValueObjects.ValueObject#e48f57b8-e9bf-4f34-ad73-073c27d47ff8</CorrelationId>
      <OverwriteBehaviour>always</OverwriteBehaviour>
      <ApplicationRelativeFilePath>../../Intent.AspNetCoreCleanArchitecture.Sample/AspNetCoreCleanArchitecture.Sample.Domain/Address.cs</ApplicationRelativeFilePath>
      <ProjectRelativeFilePath>Address.cs</ProjectRelativeFilePath>
      <IsIgnored>false</IsIgnored>
    </FileLog>
    <FileLog>
      <ProjectId>e6a22837-d228-4ae8-90e2-f521416ffd2f</ProjectId>
      <CorrelationId>Intent.VisualStudio.Projects.CSharpProject#e6a22837-d228-4ae8-90e2-f521416ffd2f</CorrelationId>
      <OverwriteBehaviour>always</OverwriteBehaviour>
      <ApplicationRelativeFilePath>../../Intent.AspNetCoreCleanArchitecture.Sample/AspNetCoreCleanArchitecture.Sample.Domain/AspNetCoreCleanArchitecture.Sample.Domain.csproj</ApplicationRelativeFilePath>
      <ProjectRelativeFilePath>AspNetCoreCleanArchitecture.Sample.Domain.csproj</ProjectRelativeFilePath>
      <IsIgnored>false</IsIgnored>
    </FileLog>
    <FileLog>
      <ProjectId>ca16c111-4ca6-46d4-8145-47ef81233a97</ProjectId>
      <CorrelationId>Intent.Entities.CollectionExtensions</CorrelationId>
      <OverwriteBehaviour>always</OverwriteBehaviour>
      <ApplicationRelativeFilePath>../../Intent.AspNetCoreCleanArchitecture.Sample/AspNetCoreCleanArchitecture.Sample.Domain/Common/CollectionExtensions.cs</ApplicationRelativeFilePath>
      <ProjectRelativeFilePath>CollectionExtensions.cs</ProjectRelativeFilePath>
      <IsIgnored>false</IsIgnored>
    </FileLog>
    <FileLog>
      <ProjectId>ca16c111-4ca6-46d4-8145-47ef81233a97</ProjectId>
      <CorrelationId>Intent.DomainEvents.DomainEventBase</CorrelationId>
      <OverwriteBehaviour>always</OverwriteBehaviour>
      <ApplicationRelativeFilePath>../../Intent.AspNetCoreCleanArchitecture.Sample/AspNetCoreCleanArchitecture.Sample.Domain/Common/DomainEvent.cs</ApplicationRelativeFilePath>
      <ProjectRelativeFilePath>DomainEvent.cs</ProjectRelativeFilePath>
      <IsIgnored>false</IsIgnored>
    </FileLog>
    <FileLog>
      <ProjectId>54028280-0e78-4da8-ac10-7400055aa191</ProjectId>
      <CorrelationId>Intent.Entities.NotFoundException</CorrelationId>
      <OverwriteBehaviour>always</OverwriteBehaviour>
      <ApplicationRelativeFilePath>../../Intent.AspNetCoreCleanArchitecture.Sample/AspNetCoreCleanArchitecture.Sample.Domain/Common/Exceptions/NotFoundException.cs</ApplicationRelativeFilePath>
      <ProjectRelativeFilePath>NotFoundException.cs</ProjectRelativeFilePath>
      <IsIgnored>false</IsIgnored>
    </FileLog>
    <FileLog>
      <ProjectId>ca16c111-4ca6-46d4-8145-47ef81233a97</ProjectId>
      <CorrelationId>Intent.DomainEvents.HasDomainEventInterface</CorrelationId>
      <OverwriteBehaviour>always</OverwriteBehaviour>
      <ApplicationRelativeFilePath>../../Intent.AspNetCoreCleanArchitecture.Sample/AspNetCoreCleanArchitecture.Sample.Domain/Common/IHasDomainEvent.cs</ApplicationRelativeFilePath>
      <ProjectRelativeFilePath>IHasDomainEvent.cs</ProjectRelativeFilePath>
      <IsIgnored>false</IsIgnored>
    </FileLog>
    <FileLog>
      <ProjectId>fe428873-5616-4d9c-a6e3-aa48d63a753a</ProjectId>
      <CorrelationId>Intent.Entities.Repositories.Api.UnitOfWorkInterface</CorrelationId>
      <OverwriteBehaviour>always</OverwriteBehaviour>
      <ApplicationRelativeFilePath>../../Intent.AspNetCoreCleanArchitecture.Sample/AspNetCoreCleanArchitecture.Sample.Domain/Common/Interfaces/IUnitOfWork.cs</ApplicationRelativeFilePath>
      <ProjectRelativeFilePath>IUnitOfWork.cs</ProjectRelativeFilePath>
      <IsIgnored>false</IsIgnored>
    </FileLog>
    <FileLog>
      <ProjectId>ca16c111-4ca6-46d4-8145-47ef81233a97</ProjectId>
      <CorrelationId>Intent.Entities.UpdateHelper</CorrelationId>
      <OverwriteBehaviour>always</OverwriteBehaviour>
      <ApplicationRelativeFilePath>../../Intent.AspNetCoreCleanArchitecture.Sample/AspNetCoreCleanArchitecture.Sample.Domain/Common/UpdateHelper.cs</ApplicationRelativeFilePath>
      <ProjectRelativeFilePath>UpdateHelper.cs</ProjectRelativeFilePath>
      <IsIgnored>false</IsIgnored>
    </FileLog>
    <FileLog>
      <ProjectId>f2de748e-c29a-4a51-84e1-3246d2926dc7</ProjectId>
      <CorrelationId>Intent.Entities.DomainEntity#8415a47a-3494-4686-b2fa-f93e0b622028</CorrelationId>
      <OverwriteBehaviour>always</OverwriteBehaviour>
      <ApplicationRelativeFilePath>../../Intent.AspNetCoreCleanArchitecture.Sample/AspNetCoreCleanArchitecture.Sample.Domain/Entities/Buyer.cs</ApplicationRelativeFilePath>
      <ProjectRelativeFilePath>Buyer.cs</ProjectRelativeFilePath>
      <IsIgnored>false</IsIgnored>
    </FileLog>
    <FileLog>
      <ProjectId>f2de748e-c29a-4a51-84e1-3246d2926dc7</ProjectId>
      <CorrelationId>Intent.Entities.DomainEntity#5503145d-1237-433f-9aff-1161f0277280</CorrelationId>
      <OverwriteBehaviour>always</OverwriteBehaviour>
      <ApplicationRelativeFilePath>../../Intent.AspNetCoreCleanArchitecture.Sample/AspNetCoreCleanArchitecture.Sample.Domain/Entities/Order.cs</ApplicationRelativeFilePath>
      <ProjectRelativeFilePath>Order.cs</ProjectRelativeFilePath>
      <IsIgnored>false</IsIgnored>
    </FileLog>
    <FileLog>
      <ProjectId>f2de748e-c29a-4a51-84e1-3246d2926dc7</ProjectId>
      <CorrelationId>Intent.Entities.DomainEntity#b3c41f98-b44a-42c4-88b7-19d123934cbc</CorrelationId>
      <OverwriteBehaviour>always</OverwriteBehaviour>
      <ApplicationRelativeFilePath>../../Intent.AspNetCoreCleanArchitecture.Sample/AspNetCoreCleanArchitecture.Sample.Domain/Entities/OrderLine.cs</ApplicationRelativeFilePath>
      <ProjectRelativeFilePath>OrderLine.cs</ProjectRelativeFilePath>
      <IsIgnored>false</IsIgnored>
    </FileLog>
    <FileLog>
      <ProjectId>f2de748e-c29a-4a51-84e1-3246d2926dc7</ProjectId>
      <CorrelationId>Intent.Entities.DomainEntity#579b29ea-5587-4770-a011-5613281c7a37</CorrelationId>
      <OverwriteBehaviour>always</OverwriteBehaviour>
      <ApplicationRelativeFilePath>../../Intent.AspNetCoreCleanArchitecture.Sample/AspNetCoreCleanArchitecture.Sample.Domain/Entities/Product.cs</ApplicationRelativeFilePath>
      <ProjectRelativeFilePath>Product.cs</ProjectRelativeFilePath>
      <IsIgnored>false</IsIgnored>
    </FileLog>
    <FileLog>
      <ProjectId>adadffda-61c3-4a48-ace5-3316ab5e3dcb</ProjectId>
      <CorrelationId>Intent.Entities.Repositories.Api.EntityRepositoryInterface#8415a47a-3494-4686-b2fa-f93e0b622028</CorrelationId>
      <OverwriteBehaviour>always</OverwriteBehaviour>
      <ApplicationRelativeFilePath>../../Intent.AspNetCoreCleanArchitecture.Sample/AspNetCoreCleanArchitecture.Sample.Domain/Repositories/IBuyerRepository.cs</ApplicationRelativeFilePath>
      <ProjectRelativeFilePath>IBuyerRepository.cs</ProjectRelativeFilePath>
      <IsIgnored>false</IsIgnored>
    </FileLog>
    <FileLog>
      <ProjectId>adadffda-61c3-4a48-ace5-3316ab5e3dcb</ProjectId>
      <CorrelationId>Intent.EntityFrameworkCore.Repositories.EFRepositoryInterface</CorrelationId>
      <OverwriteBehaviour>always</OverwriteBehaviour>
      <ApplicationRelativeFilePath>../../Intent.AspNetCoreCleanArchitecture.Sample/AspNetCoreCleanArchitecture.Sample.Domain/Repositories/IEFRepository.cs</ApplicationRelativeFilePath>
      <ProjectRelativeFilePath>IEFRepository.cs</ProjectRelativeFilePath>
      <IsIgnored>false</IsIgnored>
    </FileLog>
    <FileLog>
      <ProjectId>adadffda-61c3-4a48-ace5-3316ab5e3dcb</ProjectId>
      <CorrelationId>Intent.Entities.Repositories.Api.EntityRepositoryInterface#5503145d-1237-433f-9aff-1161f0277280</CorrelationId>
      <OverwriteBehaviour>always</OverwriteBehaviour>
      <ApplicationRelativeFilePath>../../Intent.AspNetCoreCleanArchitecture.Sample/AspNetCoreCleanArchitecture.Sample.Domain/Repositories/IOrderRepository.cs</ApplicationRelativeFilePath>
      <ProjectRelativeFilePath>IOrderRepository.cs</ProjectRelativeFilePath>
      <IsIgnored>false</IsIgnored>
    </FileLog>
    <FileLog>
      <ProjectId>adadffda-61c3-4a48-ace5-3316ab5e3dcb</ProjectId>
      <CorrelationId>Intent.Entities.Repositories.Api.PagedListInterface</CorrelationId>
      <OverwriteBehaviour>always</OverwriteBehaviour>
      <ApplicationRelativeFilePath>../../Intent.AspNetCoreCleanArchitecture.Sample/AspNetCoreCleanArchitecture.Sample.Domain/Repositories/IPagedList.cs</ApplicationRelativeFilePath>
      <ProjectRelativeFilePath>IPagedList.cs</ProjectRelativeFilePath>
      <IsIgnored>false</IsIgnored>
    </FileLog>
    <FileLog>
      <ProjectId>adadffda-61c3-4a48-ace5-3316ab5e3dcb</ProjectId>
      <CorrelationId>Intent.Entities.Repositories.Api.EntityRepositoryInterface#579b29ea-5587-4770-a011-5613281c7a37</CorrelationId>
      <OverwriteBehaviour>always</OverwriteBehaviour>
      <ApplicationRelativeFilePath>../../Intent.AspNetCoreCleanArchitecture.Sample/AspNetCoreCleanArchitecture.Sample.Domain/Repositories/IProductRepository.cs</ApplicationRelativeFilePath>
      <ProjectRelativeFilePath>IProductRepository.cs</ProjectRelativeFilePath>
      <IsIgnored>false</IsIgnored>
    </FileLog>
    <FileLog>
      <ProjectId>adadffda-61c3-4a48-ace5-3316ab5e3dcb</ProjectId>
      <CorrelationId>Intent.Entities.Repositories.Api.RepositoryInterface</CorrelationId>
      <OverwriteBehaviour>always</OverwriteBehaviour>
      <ApplicationRelativeFilePath>../../Intent.AspNetCoreCleanArchitecture.Sample/AspNetCoreCleanArchitecture.Sample.Domain/Repositories/IRepository.cs</ApplicationRelativeFilePath>
      <ProjectRelativeFilePath>IRepository.cs</ProjectRelativeFilePath>
      <IsIgnored>false</IsIgnored>
    </FileLog>
    <FileLog>
      <ProjectId>e6a22837-d228-4ae8-90e2-f521416ffd2f</ProjectId>
      <CorrelationId>Intent.ValueObjects.ValueObjectBase</CorrelationId>
      <OverwriteBehaviour>always</OverwriteBehaviour>
      <ApplicationRelativeFilePath>../../Intent.AspNetCoreCleanArchitecture.Sample/AspNetCoreCleanArchitecture.Sample.Domain/ValueObject.cs</ApplicationRelativeFilePath>
      <ProjectRelativeFilePath>ValueObject.cs</ProjectRelativeFilePath>
      <IsIgnored>false</IsIgnored>
    </FileLog>
    <FileLog>
      <ProjectId>d979da9d-3bdf-4bf1-9399-f0150a200fbb</ProjectId>
      <CorrelationId>Intent.VisualStudio.Projects.CSharpProject#d979da9d-3bdf-4bf1-9399-f0150a200fbb</CorrelationId>
      <OverwriteBehaviour>always</OverwriteBehaviour>
      <ApplicationRelativeFilePath>../../Intent.AspNetCoreCleanArchitecture.Sample/AspNetCoreCleanArchitecture.Sample.Infrastructure/AspNetCoreCleanArchitecture.Sample.Infrastructure.csproj</ApplicationRelativeFilePath>
      <ProjectRelativeFilePath>AspNetCoreCleanArchitecture.Sample.Infrastructure.csproj</ProjectRelativeFilePath>
      <IsIgnored>false</IsIgnored>
    </FileLog>
    <FileLog>
      <ProjectId>d979da9d-3bdf-4bf1-9399-f0150a200fbb</ProjectId>
      <CorrelationId>Intent.Infrastructure.DependencyInjection.DependencyInjection</CorrelationId>
      <OverwriteBehaviour>always</OverwriteBehaviour>
      <ApplicationRelativeFilePath>../../Intent.AspNetCoreCleanArchitecture.Sample/AspNetCoreCleanArchitecture.Sample.Infrastructure/DependencyInjection.cs</ApplicationRelativeFilePath>
      <ProjectRelativeFilePath>DependencyInjection.cs</ProjectRelativeFilePath>
      <IsIgnored>false</IsIgnored>
    </FileLog>
    <FileLog>
      <ProjectId>35d224e5-58cb-4a87-bcfd-451c1f434322</ProjectId>
      <CorrelationId>Intent.EntityFrameworkCore.DbContext#DefaultConnection</CorrelationId>
      <OverwriteBehaviour>always</OverwriteBehaviour>
      <ApplicationRelativeFilePath>../../Intent.AspNetCoreCleanArchitecture.Sample/AspNetCoreCleanArchitecture.Sample.Infrastructure/Persistence/ApplicationDbContext.cs</ApplicationRelativeFilePath>
      <ProjectRelativeFilePath>ApplicationDbContext.cs</ProjectRelativeFilePath>
      <IsIgnored>false</IsIgnored>
    </FileLog>
    <FileLog>
      <ProjectId>f68bbecb-da5c-4491-b861-41b20d868b9d</ProjectId>
      <CorrelationId>Intent.EntityFrameworkCore.EntityTypeConfiguration#8415a47a-3494-4686-b2fa-f93e0b622028</CorrelationId>
      <OverwriteBehaviour>always</OverwriteBehaviour>
      <ApplicationRelativeFilePath>../../Intent.AspNetCoreCleanArchitecture.Sample/AspNetCoreCleanArchitecture.Sample.Infrastructure/Persistence/Configurations/BuyerConfiguration.cs</ApplicationRelativeFilePath>
      <ProjectRelativeFilePath>BuyerConfiguration.cs</ProjectRelativeFilePath>
      <IsIgnored>false</IsIgnored>
    </FileLog>
    <FileLog>
      <ProjectId>f68bbecb-da5c-4491-b861-41b20d868b9d</ProjectId>
      <CorrelationId>Intent.EntityFrameworkCore.EntityTypeConfiguration#5503145d-1237-433f-9aff-1161f0277280</CorrelationId>
      <OverwriteBehaviour>always</OverwriteBehaviour>
      <ApplicationRelativeFilePath>../../Intent.AspNetCoreCleanArchitecture.Sample/AspNetCoreCleanArchitecture.Sample.Infrastructure/Persistence/Configurations/OrderConfiguration.cs</ApplicationRelativeFilePath>
      <ProjectRelativeFilePath>OrderConfiguration.cs</ProjectRelativeFilePath>
      <IsIgnored>false</IsIgnored>
    </FileLog>
    <FileLog>
      <ProjectId>f68bbecb-da5c-4491-b861-41b20d868b9d</ProjectId>
      <CorrelationId>Intent.EntityFrameworkCore.EntityTypeConfiguration#579b29ea-5587-4770-a011-5613281c7a37</CorrelationId>
      <OverwriteBehaviour>always</OverwriteBehaviour>
      <ApplicationRelativeFilePath>../../Intent.AspNetCoreCleanArchitecture.Sample/AspNetCoreCleanArchitecture.Sample.Infrastructure/Persistence/Configurations/ProductConfiguration.cs</ApplicationRelativeFilePath>
      <ProjectRelativeFilePath>ProductConfiguration.cs</ProjectRelativeFilePath>
      <IsIgnored>false</IsIgnored>
    </FileLog>
    <FileLog>
      <ProjectId>35d224e5-58cb-4a87-bcfd-451c1f434322</ProjectId>
      <CorrelationId>Intent.EntityFrameworkCore.DbMigrationsReadMe</CorrelationId>
      <OverwriteBehaviour>always</OverwriteBehaviour>
      <ApplicationRelativeFilePath>../../Intent.AspNetCoreCleanArchitecture.Sample/AspNetCoreCleanArchitecture.Sample.Infrastructure/Persistence/MIGRATION_README.txt</ApplicationRelativeFilePath>
      <ProjectRelativeFilePath>MIGRATION_README.txt</ProjectRelativeFilePath>
      <IsIgnored>false</IsIgnored>
    </FileLog>
    <FileLog>
      <ProjectId>a30d0a70-f96a-4c18-9417-38f6eafca1fb</ProjectId>
      <CorrelationId>Intent.EntityFrameworkCore.Repositories.Repository#8415a47a-3494-4686-b2fa-f93e0b622028</CorrelationId>
      <OverwriteBehaviour>always</OverwriteBehaviour>
      <ApplicationRelativeFilePath>../../Intent.AspNetCoreCleanArchitecture.Sample/AspNetCoreCleanArchitecture.Sample.Infrastructure/Repositories/BuyerRepository.cs</ApplicationRelativeFilePath>
      <ProjectRelativeFilePath>BuyerRepository.cs</ProjectRelativeFilePath>
      <IsIgnored>false</IsIgnored>
    </FileLog>
    <FileLog>
      <ProjectId>a30d0a70-f96a-4c18-9417-38f6eafca1fb</ProjectId>
      <CorrelationId>Intent.EntityFrameworkCore.Repositories.Repository#5503145d-1237-433f-9aff-1161f0277280</CorrelationId>
      <OverwriteBehaviour>always</OverwriteBehaviour>
      <ApplicationRelativeFilePath>../../Intent.AspNetCoreCleanArchitecture.Sample/AspNetCoreCleanArchitecture.Sample.Infrastructure/Repositories/OrderRepository.cs</ApplicationRelativeFilePath>
      <ProjectRelativeFilePath>OrderRepository.cs</ProjectRelativeFilePath>
      <IsIgnored>false</IsIgnored>
    </FileLog>
    <FileLog>
      <ProjectId>a30d0a70-f96a-4c18-9417-38f6eafca1fb</ProjectId>
      <CorrelationId>Intent.EntityFrameworkCore.Repositories.Repository#579b29ea-5587-4770-a011-5613281c7a37</CorrelationId>
      <OverwriteBehaviour>always</OverwriteBehaviour>
      <ApplicationRelativeFilePath>../../Intent.AspNetCoreCleanArchitecture.Sample/AspNetCoreCleanArchitecture.Sample.Infrastructure/Repositories/ProductRepository.cs</ApplicationRelativeFilePath>
      <ProjectRelativeFilePath>ProductRepository.cs</ProjectRelativeFilePath>
      <IsIgnored>false</IsIgnored>
    </FileLog>
    <FileLog>
      <ProjectId>a30d0a70-f96a-4c18-9417-38f6eafca1fb</ProjectId>
      <CorrelationId>Intent.EntityFrameworkCore.Repositories.RepositoryBase</CorrelationId>
      <OverwriteBehaviour>always</OverwriteBehaviour>
      <ApplicationRelativeFilePath>../../Intent.AspNetCoreCleanArchitecture.Sample/AspNetCoreCleanArchitecture.Sample.Infrastructure/Repositories/RepositoryBase.cs</ApplicationRelativeFilePath>
      <ProjectRelativeFilePath>RepositoryBase.cs</ProjectRelativeFilePath>
      <IsIgnored>false</IsIgnored>
    </FileLog>
    <FileLog>
      <ProjectId>f10d46e4-5444-4c44-ab33-2a4bf05f5ebf</ProjectId>
      <CorrelationId>Intent.MediatR.DomainEvents.DomainEventService</CorrelationId>
      <OverwriteBehaviour>always</OverwriteBehaviour>
      <ApplicationRelativeFilePath>../../Intent.AspNetCoreCleanArchitecture.Sample/AspNetCoreCleanArchitecture.Sample.Infrastructure/Services/DomainEventService.cs</ApplicationRelativeFilePath>
      <ProjectRelativeFilePath>DomainEventService.cs</ProjectRelativeFilePath>
      <IsIgnored>false</IsIgnored>
    </FileLog>
    <FileLog>
      <CorrelationId>Intent.VisualStudio.Projects.VisualStudioSolution#3e7c1b86-e3c7-4988-bf3a-ebbfbf586b85</CorrelationId>
      <OverwriteBehaviour>always</OverwriteBehaviour>
      <ApplicationRelativeFilePath>../../Intent.AspNetCoreCleanArchitecture.Sample/AspNetCoreCleanArchitecture.Sample.sln</ApplicationRelativeFilePath>
      <IsIgnored>false</IsIgnored>
    </FileLog>
  </FileLogs>
</outputLog>