<?xml version="1.0" encoding="utf-8"?>
<outputLog>
  <ApplicationId>d0170c2a-3918-4877-bc3c-7ae70a4885e0</ApplicationId>
  <FileLogs>
    <FileLog>
      <CorrelationId>Intent.VisualStudio.Projects.VisualStudioSolution#4c9a9332-6dff-4586-b9b4-d1924b5afab2</CorrelationId>
      <OverwriteBehaviour>always</OverwriteBehaviour>
      <ApplicationRelativeFilePath>../Intent.Modules.NET.sln</ApplicationRelativeFilePath>
      <IsIgnored>false</IsIgnored>
    </FileLog>
    <FileLog>
      <ProjectId>2f2233b1-6a5e-4b1c-bb20-9e466ba0bc17</ProjectId>
      <CorrelationId>Intent.ModuleBuilder.Templates.TemplateDecorator#e5a6a18d-f239-4eb0-aabb-31e64a3669d1</CorrelationId>
      <OverwriteBehaviour>always</OverwriteBehaviour>
      <ApplicationRelativeFilePath>Decorators/X509CertSigningIdentityConfigurationDecorator.cs</ApplicationRelativeFilePath>
      <ProjectRelativeFilePath>X509CertSigningIdentityConfigurationDecorator.cs</ProjectRelativeFilePath>
      <IsIgnored>false</IsIgnored>
    </FileLog>
    <FileLog>
      <ProjectId>2f2233b1-6a5e-4b1c-bb20-9e466ba0bc17</ProjectId>
      <CorrelationId>Intent.ModuleBuilder.Templates.TemplateDecoratorRegistration#e5a6a18d-f239-4eb0-aabb-31e64a3669d1</CorrelationId>
      <OverwriteBehaviour>always</OverwriteBehaviour>
      <ApplicationRelativeFilePath>Decorators/X509CertSigningIdentityConfigurationDecoratorRegistration.cs</ApplicationRelativeFilePath>
      <ProjectRelativeFilePath>X509CertSigningIdentityConfigurationDecoratorRegistration.cs</ProjectRelativeFilePath>
      <IsIgnored>false</IsIgnored>
    </FileLog>
    <FileLog>
      <ProjectId>a664fd66-4b59-4477-8849-444c4e4dac33</ProjectId>
      <CorrelationId>Intent.ModuleBuilder.IModSpecFile</CorrelationId>
      <OverwriteBehaviour>always</OverwriteBehaviour>
      <ApplicationRelativeFilePath>Intent.IdentityServer4.X509CertSigning.imodspec</ApplicationRelativeFilePath>
      <ProjectRelativeFilePath>Intent.IdentityServer4.X509CertSigning.imodspec</ProjectRelativeFilePath>
      <IsIgnored>false</IsIgnored>
    </FileLog>
    <FileLog>
      <ProjectId>a664fd66-4b59-4477-8849-444c4e4dac33</ProjectId>
      <CorrelationId>Intent.VisualStudio.Projects.CoreLibrary.CSProject#a664fd66-4b59-4477-8849-444c4e4dac33</CorrelationId>
      <OverwriteBehaviour>always</OverwriteBehaviour>
      <ApplicationRelativeFilePath>Intent.Modules.IdentityServer4.X509CertSigning.csproj</ApplicationRelativeFilePath>
      <ProjectRelativeFilePath>Intent.Modules.IdentityServer4.X509CertSigning.csproj</ProjectRelativeFilePath>
      <IsIgnored>false</IsIgnored>
    </FileLog>
    <FileLog>
      <ProjectId>9db0a5a2-cab2-4e7b-b224-47f0c6af8587</ProjectId>
      <CorrelationId>Intent.ModuleBuilder.CSharp.Templates.CSharpTemplate.T4Template.PreProcessed#12912d05-d01f-40c7-997a-f0513a49e7b0</CorrelationId>
      <OverwriteBehaviour>always</OverwriteBehaviour>
      <ApplicationRelativeFilePath>Templates/CertificateRepo/CertificateRepoTemplate.cs</ApplicationRelativeFilePath>
      <ProjectRelativeFilePath>CertificateRepo/CertificateRepoTemplate.cs</ProjectRelativeFilePath>
      <IsIgnored>false</IsIgnored>
    </FileLog>
    <FileLog>
      <ProjectId>9db0a5a2-cab2-4e7b-b224-47f0c6af8587</ProjectId>
      <CorrelationId>Intent.ModuleBuilder.CSharp.Templates.CSharpT4Template#12912d05-d01f-40c7-997a-f0513a49e7b0</CorrelationId>
      <OverwriteBehaviour>always</OverwriteBehaviour>
      <ApplicationRelativeFilePath>Templates/CertificateRepo/CertificateRepoTemplate.tt</ApplicationRelativeFilePath>
      <ProjectRelativeFilePath>CertificateRepo/CertificateRepoTemplate.tt</ProjectRelativeFilePath>
      <IsIgnored>false</IsIgnored>
    </FileLog>
    <FileLog>
      <ProjectId>9db0a5a2-cab2-4e7b-b224-47f0c6af8587</ProjectId>
      <CorrelationId>Intent.ModuleBuilder.CSharp.Templates.CSharpTemplatePartial#12912d05-d01f-40c7-997a-f0513a49e7b0</CorrelationId>
      <OverwriteBehaviour>always</OverwriteBehaviour>
      <ApplicationRelativeFilePath>Templates/CertificateRepo/CertificateRepoTemplatePartial.cs</ApplicationRelativeFilePath>
      <ProjectRelativeFilePath>CertificateRepo/CertificateRepoTemplatePartial.cs</ProjectRelativeFilePath>
      <IsIgnored>false</IsIgnored>
    </FileLog>
    <FileLog>
      <ProjectId>9db0a5a2-cab2-4e7b-b224-47f0c6af8587</ProjectId>
      <CorrelationId>Intent.ModuleBuilder.TemplateRegistration.SingleFileNoModel#12912d05-d01f-40c7-997a-f0513a49e7b0</CorrelationId>
      <OverwriteBehaviour>always</OverwriteBehaviour>
      <ApplicationRelativeFilePath>Templates/CertificateRepo/CertificateRepoTemplateRegistration.cs</ApplicationRelativeFilePath>
      <ProjectRelativeFilePath>CertificateRepo/CertificateRepoTemplateRegistration.cs</ProjectRelativeFilePath>
      <IsIgnored>false</IsIgnored>
    </FileLog>
    <FileLog>
      <ProjectId>9db0a5a2-cab2-4e7b-b224-47f0c6af8587</ProjectId>
      <CorrelationId>Intent.ModuleBuilder.Templates.TemplateExtensions</CorrelationId>
      <OverwriteBehaviour>always</OverwriteBehaviour>
      <ApplicationRelativeFilePath>Templates/TemplateExtensions.cs</ApplicationRelativeFilePath>
      <ProjectRelativeFilePath>TemplateExtensions.cs</ProjectRelativeFilePath>
      <IsIgnored>false</IsIgnored>
    </FileLog>
  </FileLogs>
</outputLog>