<?xml version="1.0" encoding="utf-8"?>
<outputLog>
  <ApplicationId>e7f2c64a-c56c-4d8b-9d50-46e0d6fdb964</ApplicationId>
  <FileLogs>
    <FileLog>
      <CorrelationId>Intent.VisualStudio.Projects.VisualStudioSolution#33546896-898b-46ba-b5ba-b7147bf7d018</CorrelationId>
      <OverwriteBehaviour>always</OverwriteBehaviour>
      <ApplicationRelativeFilePath>../Intent.Modules.NET.sln</ApplicationRelativeFilePath>
      <IsIgnored>false</IsIgnored>
    </FileLog>
    <FileLog>
      <ProjectId>d1f72554-41bf-4162-9f0e-dbac363e7676</ProjectId>
      <CorrelationId>Intent.ModuleBuilder.Templates.Api.ApiElementModelExtensions#ccf14eb6-3a55-4d81-b5b9-d27311c70cb9</CorrelationId>
      <OverwriteBehaviour>always</OverwriteBehaviour>
      <ApplicationRelativeFilePath>Api/CommandModelStereotypeExtensions.cs</ApplicationRelativeFilePath>
      <ProjectRelativeFilePath>CommandModelStereotypeExtensions.cs</ProjectRelativeFilePath>
      <IsIgnored>true</IsIgnored>
    </FileLog>
    <FileLog>
      <ProjectId>d1f72554-41bf-4162-9f0e-dbac363e7676</ProjectId>
      <CorrelationId>Intent.ModuleBuilder.Templates.Api.ApiElementModelExtensions#e030c97a-e066-40a7-8188-808c275df3cb</CorrelationId>
      <OverwriteBehaviour>always</OverwriteBehaviour>
      <ApplicationRelativeFilePath>Api/OperationModelStereotypeExtensions.cs</ApplicationRelativeFilePath>
      <ProjectRelativeFilePath>OperationModelStereotypeExtensions.cs</ProjectRelativeFilePath>
      <IsIgnored>false</IsIgnored>
    </FileLog>
    <FileLog>
      <ProjectId>d1f72554-41bf-4162-9f0e-dbac363e7676</ProjectId>
      <CorrelationId>Intent.ModuleBuilder.Templates.Api.ApiElementModelExtensions#e71b0662-e29d-4db2-868b-8a12464b25d0</CorrelationId>
      <OverwriteBehaviour>always</OverwriteBehaviour>
      <ApplicationRelativeFilePath>Api/QueryModelStereotypeExtensions.cs</ApplicationRelativeFilePath>
      <ProjectRelativeFilePath>QueryModelStereotypeExtensions.cs</ProjectRelativeFilePath>
      <IsIgnored>true</IsIgnored>
    </FileLog>
    <FileLog>
      <ProjectId>d1f72554-41bf-4162-9f0e-dbac363e7676</ProjectId>
      <CorrelationId>Intent.ModuleBuilder.Templates.Api.ApiElementModelExtensions#b16578a5-27b1-4047-a8df-f0b783d706bd</CorrelationId>
      <OverwriteBehaviour>always</OverwriteBehaviour>
      <ApplicationRelativeFilePath>Api/ServiceModelStereotypeExtensions.cs</ApplicationRelativeFilePath>
      <ProjectRelativeFilePath>ServiceModelStereotypeExtensions.cs</ProjectRelativeFilePath>
      <IsIgnored>false</IsIgnored>
    </FileLog>
    <FileLog>
      <ProjectId>8e2f28a7-a95f-4257-a5de-f277a56e732e</ProjectId>
      <CorrelationId>Intent.ModuleBuilder.Templates.FactoryExtension#93b4503c-4c66-4c0b-9fc6-1c31c43d6148</CorrelationId>
      <OverwriteBehaviour>always</OverwriteBehaviour>
      <ApplicationRelativeFilePath>FactoryExtensions/GrpcFactoryExtension.cs</ApplicationRelativeFilePath>
      <ProjectRelativeFilePath>GrpcFactoryExtension.cs</ProjectRelativeFilePath>
      <IsIgnored>false</IsIgnored>
    </FileLog>
    <FileLog>
      <ProjectId>4f03f39e-aac1-4b43-8cf7-03c4ea2e945f</ProjectId>
      <CorrelationId>Intent.ModuleBuilder.IModSpecFile</CorrelationId>
      <OverwriteBehaviour>always</OverwriteBehaviour>
      <ApplicationRelativeFilePath>Intent.AspNetCore.Grpc.imodspec</ApplicationRelativeFilePath>
      <ProjectRelativeFilePath>Intent.AspNetCore.Grpc.imodspec</ProjectRelativeFilePath>
      <IsIgnored>true</IsIgnored>
    </FileLog>
    <FileLog>
      <ProjectId>4f03f39e-aac1-4b43-8cf7-03c4ea2e945f</ProjectId>
      <CorrelationId>Intent.VisualStudio.Projects.CSharpProject#4f03f39e-aac1-4b43-8cf7-03c4ea2e945f</CorrelationId>
      <OverwriteBehaviour>always</OverwriteBehaviour>
      <ApplicationRelativeFilePath>Intent.Modules.AspNetCore.Grpc.csproj</ApplicationRelativeFilePath>
      <ProjectRelativeFilePath>Intent.Modules.AspNetCore.Grpc.csproj</ProjectRelativeFilePath>
      <IsIgnored>true</IsIgnored>
    </FileLog>
    <FileLog>
      <ProjectId>9c214b26-4979-4233-80de-24dcb6e67fa9</ProjectId>
      <CorrelationId>Intent.ModuleBuilder.DesignerSettings#33115fb9-3c6c-4289-935f-21b0bca67867</CorrelationId>
      <OverwriteBehaviour>always</OverwriteBehaviour>
      <ApplicationRelativeFilePath>modelers/Services Extensions.designer.settings</ApplicationRelativeFilePath>
      <ProjectRelativeFilePath>Services Extensions.designer.settings</ProjectRelativeFilePath>
      <IsIgnored>false</IsIgnored>
    </FileLog>
    <FileLog>
      <ProjectId>4f03f39e-aac1-4b43-8cf7-03c4ea2e945f</ProjectId>
      <CorrelationId>Intent.ModuleBuilder.CSharp.Templates.NugetPackages</CorrelationId>
      <OverwriteBehaviour>always</OverwriteBehaviour>
      <ApplicationRelativeFilePath>NugetPackages.cs</ApplicationRelativeFilePath>
      <ProjectRelativeFilePath>NugetPackages.cs</ProjectRelativeFilePath>
      <IsIgnored>false</IsIgnored>
    </FileLog>
    <FileLog>
      <ProjectId>4f03f39e-aac1-4b43-8cf7-03c4ea2e945f</ProjectId>
      <CorrelationId>Intent.ModuleBuilder.Templates.ReleaseNotes</CorrelationId>
      <OverwriteBehaviour>once-off</OverwriteBehaviour>
      <ApplicationRelativeFilePath>release-notes.md</ApplicationRelativeFilePath>
      <ProjectRelativeFilePath>release-notes.md</ProjectRelativeFilePath>
      <IsIgnored>false</IsIgnored>
    </FileLog>
    <FileLog>
      <ProjectId>936a140a-61b0-47cc-87ec-154533b45d78</ProjectId>
      <CorrelationId>Intent.ModuleBuilder.Templates.DocumentationTemplate#9438d188-b4f7-46fe-ae29-a20190d18a25</CorrelationId>
      <OverwriteBehaviour>always</OverwriteBehaviour>
      <ApplicationRelativeFilePath>resources/documentation.json</ApplicationRelativeFilePath>
      <ProjectRelativeFilePath>documentation.json</ProjectRelativeFilePath>
      <IsIgnored>false</IsIgnored>
    </FileLog>
    <FileLog>
      <ProjectId>13ddf420-aa95-4644-903d-21a2696dd5b7</ProjectId>
      <CorrelationId>Intent.ModuleBuilder.CSharp.Templates.CSharpTemplatePartial#314451f8-0d38-4b61-815b-f739e814697c</CorrelationId>
      <OverwriteBehaviour>always</OverwriteBehaviour>
      <ApplicationRelativeFilePath>Templates/CommonTypesPartial/CommonTypesPartialTemplatePartial.cs</ApplicationRelativeFilePath>
      <ProjectRelativeFilePath>CommonTypesPartial/CommonTypesPartialTemplatePartial.cs</ProjectRelativeFilePath>
      <IsIgnored>false</IsIgnored>
    </FileLog>
    <FileLog>
      <ProjectId>13ddf420-aa95-4644-903d-21a2696dd5b7</ProjectId>
      <CorrelationId>Intent.ModuleBuilder.TemplateRegistration.SingleFileNoModel#314451f8-0d38-4b61-815b-f739e814697c</CorrelationId>
      <OverwriteBehaviour>always</OverwriteBehaviour>
      <ApplicationRelativeFilePath>Templates/CommonTypesPartial/CommonTypesPartialTemplateRegistration.cs</ApplicationRelativeFilePath>
      <ProjectRelativeFilePath>CommonTypesPartial/CommonTypesPartialTemplateRegistration.cs</ProjectRelativeFilePath>
      <IsIgnored>false</IsIgnored>
    </FileLog>
    <FileLog>
      <ProjectId>13ddf420-aa95-4644-903d-21a2696dd5b7</ProjectId>
      <CorrelationId>Intent.ModuleBuilder.Templates.FileTemplateStringInterpolation#21340dca-296f-4ab7-9507-4a7883920527</CorrelationId>
      <OverwriteBehaviour>always</OverwriteBehaviour>
      <ApplicationRelativeFilePath>Templates/CommonTypesProtoFile/CommonTypesProtoFileTemplate.cs</ApplicationRelativeFilePath>
      <ProjectRelativeFilePath>CommonTypesProtoFile/CommonTypesProtoFileTemplate.cs</ProjectRelativeFilePath>
      <IsIgnored>false</IsIgnored>
    </FileLog>
    <FileLog>
      <ProjectId>13ddf420-aa95-4644-903d-21a2696dd5b7</ProjectId>
      <CorrelationId>Intent.ModuleBuilder.ProjectItemTemplate.Partial#21340dca-296f-4ab7-9507-4a7883920527</CorrelationId>
      <OverwriteBehaviour>always</OverwriteBehaviour>
      <ApplicationRelativeFilePath>Templates/CommonTypesProtoFile/CommonTypesProtoFileTemplatePartial.cs</ApplicationRelativeFilePath>
      <ProjectRelativeFilePath>CommonTypesProtoFile/CommonTypesProtoFileTemplatePartial.cs</ProjectRelativeFilePath>
      <IsIgnored>false</IsIgnored>
    </FileLog>
    <FileLog>
      <ProjectId>13ddf420-aa95-4644-903d-21a2696dd5b7</ProjectId>
      <CorrelationId>Intent.ModuleBuilder.TemplateRegistration.SingleFileNoModel#21340dca-296f-4ab7-9507-4a7883920527</CorrelationId>
      <OverwriteBehaviour>always</OverwriteBehaviour>
      <ApplicationRelativeFilePath>Templates/CommonTypesProtoFile/CommonTypesProtoFileTemplateRegistration.cs</ApplicationRelativeFilePath>
      <ProjectRelativeFilePath>CommonTypesProtoFile/CommonTypesProtoFileTemplateRegistration.cs</ProjectRelativeFilePath>
      <IsIgnored>false</IsIgnored>
    </FileLog>
    <FileLog>
      <ProjectId>13ddf420-aa95-4644-903d-21a2696dd5b7</ProjectId>
      <CorrelationId>Intent.ModuleBuilder.CSharp.Templates.CSharpTemplatePartial#1f1d11e0-0802-4876-9ccc-63fff3928dbc</CorrelationId>
      <OverwriteBehaviour>always</OverwriteBehaviour>
      <ApplicationRelativeFilePath>Templates/CqrsService/CqrsServiceTemplatePartial.cs</ApplicationRelativeFilePath>
      <ProjectRelativeFilePath>CqrsService/CqrsServiceTemplatePartial.cs</ProjectRelativeFilePath>
      <IsIgnored>false</IsIgnored>
    </FileLog>
    <FileLog>
      <ProjectId>13ddf420-aa95-4644-903d-21a2696dd5b7</ProjectId>
      <CorrelationId>Intent.ModuleBuilder.TemplateRegistration.FilePerModel#1f1d11e0-0802-4876-9ccc-63fff3928dbc</CorrelationId>
      <OverwriteBehaviour>always</OverwriteBehaviour>
      <ApplicationRelativeFilePath>Templates/CqrsService/CqrsServiceTemplateRegistration.cs</ApplicationRelativeFilePath>
      <ProjectRelativeFilePath>CqrsService/CqrsServiceTemplateRegistration.cs</ProjectRelativeFilePath>
      <IsIgnored>false</IsIgnored>
    </FileLog>
    <FileLog>
      <ProjectId>13ddf420-aa95-4644-903d-21a2696dd5b7</ProjectId>
      <CorrelationId>Intent.ModuleBuilder.CSharp.Templates.CSharpTemplatePartial#bcbc88b4-5022-4d84-abcc-c7cd2bd91cf0</CorrelationId>
      <OverwriteBehaviour>always</OverwriteBehaviour>
      <ApplicationRelativeFilePath>Templates/GrpcConfiguration/GrpcConfigurationTemplatePartial.cs</ApplicationRelativeFilePath>
      <ProjectRelativeFilePath>GrpcConfiguration/GrpcConfigurationTemplatePartial.cs</ProjectRelativeFilePath>
      <IsIgnored>false</IsIgnored>
    </FileLog>
    <FileLog>
      <ProjectId>13ddf420-aa95-4644-903d-21a2696dd5b7</ProjectId>
      <CorrelationId>Intent.ModuleBuilder.TemplateRegistration.SingleFileNoModel#bcbc88b4-5022-4d84-abcc-c7cd2bd91cf0</CorrelationId>
      <OverwriteBehaviour>always</OverwriteBehaviour>
      <ApplicationRelativeFilePath>Templates/GrpcConfiguration/GrpcConfigurationTemplateRegistration.cs</ApplicationRelativeFilePath>
      <ProjectRelativeFilePath>GrpcConfiguration/GrpcConfigurationTemplateRegistration.cs</ProjectRelativeFilePath>
      <IsIgnored>false</IsIgnored>
    </FileLog>
    <FileLog>
      <ProjectId>13ddf420-aa95-4644-903d-21a2696dd5b7</ProjectId>
      <CorrelationId>Intent.ModuleBuilder.CSharp.Templates.CSharpTemplatePartial#f4c3a14c-3642-4253-a91c-ea11c9f80f1b</CorrelationId>
      <OverwriteBehaviour>always</OverwriteBehaviour>
      <ApplicationRelativeFilePath>Templates/GrpcExceptionInterceptor/GrpcExceptionInterceptorTemplatePartial.cs</ApplicationRelativeFilePath>
      <ProjectRelativeFilePath>GrpcExceptionInterceptor/GrpcExceptionInterceptorTemplatePartial.cs</ProjectRelativeFilePath>
      <IsIgnored>false</IsIgnored>
    </FileLog>
    <FileLog>
      <ProjectId>13ddf420-aa95-4644-903d-21a2696dd5b7</ProjectId>
      <CorrelationId>Intent.ModuleBuilder.TemplateRegistration.SingleFileNoModel#f4c3a14c-3642-4253-a91c-ea11c9f80f1b</CorrelationId>
      <OverwriteBehaviour>always</OverwriteBehaviour>
      <ApplicationRelativeFilePath>Templates/GrpcExceptionInterceptor/GrpcExceptionInterceptorTemplateRegistration.cs</ApplicationRelativeFilePath>
      <ProjectRelativeFilePath>GrpcExceptionInterceptor/GrpcExceptionInterceptorTemplateRegistration.cs</ProjectRelativeFilePath>
      <IsIgnored>false</IsIgnored>
    </FileLog>
    <FileLog>
      <ProjectId>13ddf420-aa95-4644-903d-21a2696dd5b7</ProjectId>
      <CorrelationId>Intent.ModuleBuilder.CSharp.Templates.CSharpTemplatePartial#27fca00f-e731-44ad-a845-e4b35b5b253a</CorrelationId>
      <OverwriteBehaviour>always</OverwriteBehaviour>
      <ApplicationRelativeFilePath>Templates/MessagePartial/MessagePartialTemplatePartial.cs</ApplicationRelativeFilePath>
      <ProjectRelativeFilePath>MessagePartial/MessagePartialTemplatePartial.cs</ProjectRelativeFilePath>
      <IsIgnored>false</IsIgnored>
    </FileLog>
    <FileLog>
      <ProjectId>13ddf420-aa95-4644-903d-21a2696dd5b7</ProjectId>
      <CorrelationId>Intent.ModuleBuilder.TemplateRegistration.FilePerModel#27fca00f-e731-44ad-a845-e4b35b5b253a</CorrelationId>
      <OverwriteBehaviour>always</OverwriteBehaviour>
      <ApplicationRelativeFilePath>Templates/MessagePartial/MessagePartialTemplateRegistration.cs</ApplicationRelativeFilePath>
      <ProjectRelativeFilePath>MessagePartial/MessagePartialTemplateRegistration.cs</ProjectRelativeFilePath>
      <IsIgnored>false</IsIgnored>
    </FileLog>
    <FileLog>
      <ProjectId>13ddf420-aa95-4644-903d-21a2696dd5b7</ProjectId>
      <CorrelationId>Intent.ModuleBuilder.Templates.FileTemplateStringInterpolation#efefd72b-af75-4f08-8525-81dd2061883f</CorrelationId>
      <OverwriteBehaviour>always</OverwriteBehaviour>
      <ApplicationRelativeFilePath>Templates/MessageProtoFile/MessageProtoFileTemplate.cs</ApplicationRelativeFilePath>
      <ProjectRelativeFilePath>MessageProtoFile/MessageProtoFileTemplate.cs</ProjectRelativeFilePath>
      <IsIgnored>false</IsIgnored>
    </FileLog>
    <FileLog>
      <ProjectId>13ddf420-aa95-4644-903d-21a2696dd5b7</ProjectId>
      <CorrelationId>Intent.ModuleBuilder.ProjectItemTemplate.Partial#efefd72b-af75-4f08-8525-81dd2061883f</CorrelationId>
      <OverwriteBehaviour>always</OverwriteBehaviour>
      <ApplicationRelativeFilePath>Templates/MessageProtoFile/MessageProtoFileTemplatePartial.cs</ApplicationRelativeFilePath>
      <ProjectRelativeFilePath>MessageProtoFile/MessageProtoFileTemplatePartial.cs</ProjectRelativeFilePath>
      <IsIgnored>false</IsIgnored>
    </FileLog>
    <FileLog>
      <ProjectId>13ddf420-aa95-4644-903d-21a2696dd5b7</ProjectId>
      <CorrelationId>Intent.ModuleBuilder.TemplateRegistration.FilePerModel#efefd72b-af75-4f08-8525-81dd2061883f</CorrelationId>
      <OverwriteBehaviour>always</OverwriteBehaviour>
      <ApplicationRelativeFilePath>Templates/MessageProtoFile/MessageProtoFileTemplateRegistration.cs</ApplicationRelativeFilePath>
      <ProjectRelativeFilePath>MessageProtoFile/MessageProtoFileTemplateRegistration.cs</ProjectRelativeFilePath>
      <IsIgnored>false</IsIgnored>
    </FileLog>
    <FileLog>
      <ProjectId>13ddf420-aa95-4644-903d-21a2696dd5b7</ProjectId>
      <CorrelationId>Intent.ModuleBuilder.CSharp.Templates.CSharpTemplatePartial#2714a7e7-3666-40c0-9a44-d8941c5b9e4b</CorrelationId>
      <OverwriteBehaviour>always</OverwriteBehaviour>
      <ApplicationRelativeFilePath>Templates/PagedResultPartial/PagedResultPartialTemplatePartial.cs</ApplicationRelativeFilePath>
      <ProjectRelativeFilePath>PagedResultPartial/PagedResultPartialTemplatePartial.cs</ProjectRelativeFilePath>
      <IsIgnored>false</IsIgnored>
    </FileLog>
    <FileLog>
      <ProjectId>13ddf420-aa95-4644-903d-21a2696dd5b7</ProjectId>
      <CorrelationId>Intent.ModuleBuilder.TemplateRegistration.SingleFileNoModel#2714a7e7-3666-40c0-9a44-d8941c5b9e4b</CorrelationId>
      <OverwriteBehaviour>always</OverwriteBehaviour>
      <ApplicationRelativeFilePath>Templates/PagedResultPartial/PagedResultPartialTemplateRegistration.cs</ApplicationRelativeFilePath>
      <ProjectRelativeFilePath>PagedResultPartial/PagedResultPartialTemplateRegistration.cs</ProjectRelativeFilePath>
      <IsIgnored>false</IsIgnored>
    </FileLog>
    <FileLog>
      <ProjectId>13ddf420-aa95-4644-903d-21a2696dd5b7</ProjectId>
      <CorrelationId>Intent.ModuleBuilder.Templates.FileTemplateStringInterpolation#3fa31cc3-3bac-44f9-8824-48baff54dd17</CorrelationId>
      <OverwriteBehaviour>always</OverwriteBehaviour>
      <ApplicationRelativeFilePath>Templates/PagedResultProtoFile/PagedResultProtoFileTemplate.cs</ApplicationRelativeFilePath>
      <ProjectRelativeFilePath>PagedResultProtoFile/PagedResultProtoFileTemplate.cs</ProjectRelativeFilePath>
      <IsIgnored>false</IsIgnored>
    </FileLog>
    <FileLog>
      <ProjectId>13ddf420-aa95-4644-903d-21a2696dd5b7</ProjectId>
      <CorrelationId>Intent.ModuleBuilder.ProjectItemTemplate.Partial#3fa31cc3-3bac-44f9-8824-48baff54dd17</CorrelationId>
      <OverwriteBehaviour>always</OverwriteBehaviour>
      <ApplicationRelativeFilePath>Templates/PagedResultProtoFile/PagedResultProtoFileTemplatePartial.cs</ApplicationRelativeFilePath>
      <ProjectRelativeFilePath>PagedResultProtoFile/PagedResultProtoFileTemplatePartial.cs</ProjectRelativeFilePath>
      <IsIgnored>false</IsIgnored>
    </FileLog>
    <FileLog>
      <ProjectId>13ddf420-aa95-4644-903d-21a2696dd5b7</ProjectId>
      <CorrelationId>Intent.ModuleBuilder.TemplateRegistration.SingleFileNoModel#3fa31cc3-3bac-44f9-8824-48baff54dd17</CorrelationId>
      <OverwriteBehaviour>always</OverwriteBehaviour>
      <ApplicationRelativeFilePath>Templates/PagedResultProtoFile/PagedResultProtoFileTemplateRegistration.cs</ApplicationRelativeFilePath>
      <ProjectRelativeFilePath>PagedResultProtoFile/PagedResultProtoFileTemplateRegistration.cs</ProjectRelativeFilePath>
      <IsIgnored>false</IsIgnored>
    </FileLog>
    <FileLog>
      <ProjectId>13ddf420-aa95-4644-903d-21a2696dd5b7</ProjectId>
      <CorrelationId>Intent.ModuleBuilder.Templates.FileTemplateStringInterpolation#fccc1c59-6f3e-43a1-975b-80a18bb90f97</CorrelationId>
      <OverwriteBehaviour>always</OverwriteBehaviour>
      <ApplicationRelativeFilePath>Templates/ServiceProtoFile/ServiceProtoFileTemplate.cs</ApplicationRelativeFilePath>
      <ProjectRelativeFilePath>ServiceProtoFile/ServiceProtoFileTemplate.cs</ProjectRelativeFilePath>
      <IsIgnored>false</IsIgnored>
    </FileLog>
    <FileLog>
      <ProjectId>13ddf420-aa95-4644-903d-21a2696dd5b7</ProjectId>
      <CorrelationId>Intent.ModuleBuilder.ProjectItemTemplate.Partial#fccc1c59-6f3e-43a1-975b-80a18bb90f97</CorrelationId>
      <OverwriteBehaviour>always</OverwriteBehaviour>
      <ApplicationRelativeFilePath>Templates/ServiceProtoFile/ServiceProtoFileTemplatePartial.cs</ApplicationRelativeFilePath>
      <ProjectRelativeFilePath>ServiceProtoFile/ServiceProtoFileTemplatePartial.cs</ProjectRelativeFilePath>
      <IsIgnored>false</IsIgnored>
    </FileLog>
    <FileLog>
      <ProjectId>13ddf420-aa95-4644-903d-21a2696dd5b7</ProjectId>
      <CorrelationId>Intent.ModuleBuilder.TemplateRegistration.FilePerModel#fccc1c59-6f3e-43a1-975b-80a18bb90f97</CorrelationId>
      <OverwriteBehaviour>always</OverwriteBehaviour>
      <ApplicationRelativeFilePath>Templates/ServiceProtoFile/ServiceProtoFileTemplateRegistration.cs</ApplicationRelativeFilePath>
      <ProjectRelativeFilePath>ServiceProtoFile/ServiceProtoFileTemplateRegistration.cs</ProjectRelativeFilePath>
      <IsIgnored>false</IsIgnored>
    </FileLog>
    <FileLog>
      <ProjectId>13ddf420-aa95-4644-903d-21a2696dd5b7</ProjectId>
      <CorrelationId>Intent.ModuleBuilder.Templates.TemplateExtensions</CorrelationId>
      <OverwriteBehaviour>always</OverwriteBehaviour>
      <ApplicationRelativeFilePath>Templates/TemplateExtensions.cs</ApplicationRelativeFilePath>
      <ProjectRelativeFilePath>TemplateExtensions.cs</ProjectRelativeFilePath>
      <IsIgnored>false</IsIgnored>
    </FileLog>
    <FileLog>
      <ProjectId>13ddf420-aa95-4644-903d-21a2696dd5b7</ProjectId>
      <CorrelationId>Intent.ModuleBuilder.CSharp.Templates.CSharpTemplatePartial#6f5bde6f-fe53-4d0b-8736-cfb5694bc448</CorrelationId>
      <OverwriteBehaviour>always</OverwriteBehaviour>
      <ApplicationRelativeFilePath>Templates/TraditionalService/TraditionalServiceTemplatePartial.cs</ApplicationRelativeFilePath>
      <ProjectRelativeFilePath>TraditionalService/TraditionalServiceTemplatePartial.cs</ProjectRelativeFilePath>
      <IsIgnored>false</IsIgnored>
    </FileLog>
    <FileLog>
      <ProjectId>13ddf420-aa95-4644-903d-21a2696dd5b7</ProjectId>
      <CorrelationId>Intent.ModuleBuilder.TemplateRegistration.FilePerModel#6f5bde6f-fe53-4d0b-8736-cfb5694bc448</CorrelationId>
      <OverwriteBehaviour>always</OverwriteBehaviour>
      <ApplicationRelativeFilePath>Templates/TraditionalService/TraditionalServiceTemplateRegistration.cs</ApplicationRelativeFilePath>
      <ProjectRelativeFilePath>TraditionalService/TraditionalServiceTemplateRegistration.cs</ProjectRelativeFilePath>
      <IsIgnored>false</IsIgnored>
    </FileLog>
  </FileLogs>
</outputLog>