<?xml version="1.0" encoding="utf-8"?>
<outputLog>
  <ApplicationId>b40bf9f0-3286-4fe7-8a7d-39df74c0e322</ApplicationId>
  <FileLogs>
    <FileLog>
      <CorrelationId>Intent.VisualStudio.Projects.VisualStudioSolution#6a0ff029-32ce-4392-bbf4-ef85c9b380a6</CorrelationId>
      <OverwriteBehaviour>always</OverwriteBehaviour>
      <ApplicationRelativeFilePath>../Intent.Modules.NET.sln</ApplicationRelativeFilePath>
      <IsIgnored>false</IsIgnored>
    </FileLog>
    <FileLog>
      <ProjectId>957843bc-dc22-4ac3-8e82-3b0224ea0a09</ProjectId>
      <CorrelationId>Intent.ModuleBuilder.Templates.FactoryExtension#50814641-2526-49db-8aa8-d032bf4531d8</CorrelationId>
      <OverwriteBehaviour>always</OverwriteBehaviour>
      <ApplicationRelativeFilePath>FactoryExtensions/PagedResultTypeSourceInstaller.cs</ApplicationRelativeFilePath>
      <ProjectRelativeFilePath>PagedResultTypeSourceInstaller.cs</ProjectRelativeFilePath>
      <IsIgnored>false</IsIgnored>
    </FileLog>
    <FileLog>
      <ProjectId>7e281926-96d3-4ed4-8677-601b34e88846</ProjectId>
      <CorrelationId>Intent.ModuleBuilder.IModSpecFile</CorrelationId>
      <OverwriteBehaviour>always</OverwriteBehaviour>
      <ApplicationRelativeFilePath>Intent.Application.Dtos.Pagination.imodspec</ApplicationRelativeFilePath>
      <ProjectRelativeFilePath>Intent.Application.Dtos.Pagination.imodspec</ProjectRelativeFilePath>
      <IsIgnored>false</IsIgnored>
    </FileLog>
    <FileLog>
      <ProjectId>7e281926-96d3-4ed4-8677-601b34e88846</ProjectId>
      <CorrelationId>Intent.VisualStudio.Projects.CSharpProject#7e281926-96d3-4ed4-8677-601b34e88846</CorrelationId>
      <OverwriteBehaviour>always</OverwriteBehaviour>
      <ApplicationRelativeFilePath>Intent.Modules.Application.Dtos.Pagination.csproj</ApplicationRelativeFilePath>
      <ProjectRelativeFilePath>Intent.Modules.Application.Dtos.Pagination.csproj</ProjectRelativeFilePath>
      <IsIgnored>false</IsIgnored>
    </FileLog>
    <FileLog>
      <ProjectId>a9c2f904-8a2e-4226-92e5-fa2f469928f9</ProjectId>
      <CorrelationId>Intent.ModuleBuilder.DesignerSettings#ec7c85f2-e395-4742-adf8-6c1503a6c346</CorrelationId>
      <OverwriteBehaviour>always</OverwriteBehaviour>
      <ApplicationRelativeFilePath>modelers/Pagination Extensions.designer.settings</ApplicationRelativeFilePath>
      <ProjectRelativeFilePath>Pagination Extensions.designer.settings</ProjectRelativeFilePath>
      <IsIgnored>false</IsIgnored>
    </FileLog>
    <FileLog>
      <ProjectId>acc8a017-97d4-401b-875e-8f049fb615cc</ProjectId>
      <CorrelationId>Intent.ModuleBuilder.Templates.DocumentationTemplate#fc9f0576-fa9f-47c8-b4cf-c0ece62a63cf</CorrelationId>
      <OverwriteBehaviour>always</OverwriteBehaviour>
      <ApplicationRelativeFilePath>resources/documentation.json</ApplicationRelativeFilePath>
      <ProjectRelativeFilePath>documentation.json</ProjectRelativeFilePath>
      <IsIgnored>false</IsIgnored>
    </FileLog>
    <FileLog>
      <ProjectId>08d002d7-2682-431e-a332-b2317a15d68a</ProjectId>
      <CorrelationId>Intent.ModuleBuilder.CSharp.Templates.CSharpTemplatePartial#9d3fa7ac-3146-4995-8af1-c3b204065b4e</CorrelationId>
      <OverwriteBehaviour>always</OverwriteBehaviour>
      <ApplicationRelativeFilePath>Templates/PagedResult/PagedResultTemplatePartial.cs</ApplicationRelativeFilePath>
      <ProjectRelativeFilePath>PagedResult/PagedResultTemplatePartial.cs</ProjectRelativeFilePath>
      <IsIgnored>false</IsIgnored>
    </FileLog>
    <FileLog>
      <ProjectId>08d002d7-2682-431e-a332-b2317a15d68a</ProjectId>
      <CorrelationId>Intent.ModuleBuilder.TemplateRegistration.SingleFileNoModel#9d3fa7ac-3146-4995-8af1-c3b204065b4e</CorrelationId>
      <OverwriteBehaviour>always</OverwriteBehaviour>
      <ApplicationRelativeFilePath>Templates/PagedResult/PagedResultTemplateRegistration.cs</ApplicationRelativeFilePath>
      <ProjectRelativeFilePath>PagedResult/PagedResultTemplateRegistration.cs</ProjectRelativeFilePath>
      <IsIgnored>false</IsIgnored>
    </FileLog>
    <FileLog>
      <ProjectId>08d002d7-2682-431e-a332-b2317a15d68a</ProjectId>
      <CorrelationId>Intent.ModuleBuilder.CSharp.Templates.CSharpTemplatePartial#55b20827-bbff-4c99-bbbc-928b198ba9c6</CorrelationId>
      <OverwriteBehaviour>always</OverwriteBehaviour>
      <ApplicationRelativeFilePath>Templates/PagedResultMappingExtensions/PagedResultMappingExtensionsTemplatePartial.cs</ApplicationRelativeFilePath>
      <ProjectRelativeFilePath>PagedResultMappingExtensions/PagedResultMappingExtensionsTemplatePartial.cs</ProjectRelativeFilePath>
      <IsIgnored>false</IsIgnored>
    </FileLog>
    <FileLog>
      <ProjectId>08d002d7-2682-431e-a332-b2317a15d68a</ProjectId>
      <CorrelationId>Intent.ModuleBuilder.TemplateRegistration.SingleFileListModel#55b20827-bbff-4c99-bbbc-928b198ba9c6</CorrelationId>
      <OverwriteBehaviour>always</OverwriteBehaviour>
      <ApplicationRelativeFilePath>Templates/PagedResultMappingExtensions/PagedResultMappingExtensionsTemplateRegistration.cs</ApplicationRelativeFilePath>
      <ProjectRelativeFilePath>PagedResultMappingExtensions/PagedResultMappingExtensionsTemplateRegistration.cs</ProjectRelativeFilePath>
      <IsIgnored>false</IsIgnored>
    </FileLog>
    <FileLog>
      <ProjectId>08d002d7-2682-431e-a332-b2317a15d68a</ProjectId>
      <CorrelationId>Intent.ModuleBuilder.Templates.TemplateExtensions</CorrelationId>
      <OverwriteBehaviour>always</OverwriteBehaviour>
      <ApplicationRelativeFilePath>Templates/TemplateExtensions.cs</ApplicationRelativeFilePath>
      <ProjectRelativeFilePath>TemplateExtensions.cs</ProjectRelativeFilePath>
      <IsIgnored>true</IsIgnored>
    </FileLog>
  </FileLogs>
</outputLog>