<?xml version="1.0" encoding="utf-8"?>
<outputLog>
  <ApplicationId>54aec6b2-a592-4bf0-8432-4c060c8cec1a</ApplicationId>
  <FileLogs>
    <FileLog>
      <ApplicationRelativeFilePath>../Intent.Modules.NET.sln</ApplicationRelativeFilePath>
      <IsIgnored>false</IsIgnored>
    </FileLog>
    <FileLog>
      <ProjectId>7a8858e1-6ee2-4df4-8a03-4382c1eb63f0</ProjectId>
      <CorrelationId>Intent.ModuleBuilder.Templates.TemplateDecorator#96afbf9c-4eee-47eb-9c0e-cf05130350cf</CorrelationId>
      <ApplicationRelativeFilePath>Decorators/EntityFrameworkCoreDependencyInjectionDecorator.cs</ApplicationRelativeFilePath>
      <ProjectRelativeFilePath>EntityFrameworkCoreDependencyInjectionDecorator.cs</ProjectRelativeFilePath>
      <IsIgnored>false</IsIgnored>
    </FileLog>
    <FileLog>
      <ProjectId>7a8858e1-6ee2-4df4-8a03-4382c1eb63f0</ProjectId>
      <CorrelationId>Intent.ModuleBuilder.Templates.TemplateDecoratorRegistration#96afbf9c-4eee-47eb-9c0e-cf05130350cf</CorrelationId>
      <ApplicationRelativeFilePath>Decorators/EntityFrameworkCoreDependencyInjectionDecoratorRegistration.cs</ApplicationRelativeFilePath>
      <ProjectRelativeFilePath>EntityFrameworkCoreDependencyInjectionDecoratorRegistration.cs</ProjectRelativeFilePath>
      <IsIgnored>false</IsIgnored>
    </FileLog>
    <FileLog>
      <ProjectId>b9af8d74-7ab3-45e7-8a0d-eeef2b532474</ProjectId>
      <CorrelationId>Intent.ModuleBuilder.IModeSpecFile</CorrelationId>
      <ApplicationRelativeFilePath>Intent.DependencyInjection.EntityFrameworkCore.imodspec</ApplicationRelativeFilePath>
      <ProjectRelativeFilePath>Intent.DependencyInjection.EntityFrameworkCore.imodspec</ProjectRelativeFilePath>
      <IsIgnored>false</IsIgnored>
    </FileLog>
    <FileLog>
      <ProjectId>b9af8d74-7ab3-45e7-8a0d-eeef2b532474</ProjectId>
      <CorrelationId>Intent.VisualStudio.Projects.CoreLibrary.CSProject#b9af8d74-7ab3-45e7-8a0d-eeef2b532474</CorrelationId>
      <ApplicationRelativeFilePath>Intent.Modules.DependencyInjection.EntityFrameworkCore.csproj</ApplicationRelativeFilePath>
      <ProjectRelativeFilePath>Intent.Modules.DependencyInjection.EntityFrameworkCore.csproj</ProjectRelativeFilePath>
      <IsIgnored>false</IsIgnored>
    </FileLog>
    <FileLog>
      <ProjectId>b9af8d74-7ab3-45e7-8a0d-eeef2b532474</ProjectId>
      <CorrelationId>Intent.ModuleBuilder.ReadMe</CorrelationId>
      <ApplicationRelativeFilePath>README.txt</ApplicationRelativeFilePath>
      <ProjectRelativeFilePath>README.txt</ProjectRelativeFilePath>
      <IsIgnored>false</IsIgnored>
    </FileLog>
  </FileLogs>
</outputLog>