<?xml version="1.0" encoding="utf-8"?>
<outputLog>
  <ApplicationId>bd495f9c-bc51-4aea-a8a6-664e7e0f125d</ApplicationId>
  <FileLogs>
    <FileLog>
      <CorrelationId>Intent.VisualStudio.Projects.VisualStudioSolution#d52c5349-181e-4972-999c-73758167b9c7</CorrelationId>
      <OverwriteBehaviour>always</OverwriteBehaviour>
      <ApplicationRelativeFilePath>../Intent.Modules.NET.sln</ApplicationRelativeFilePath>
      <IsIgnored>false</IsIgnored>
    </FileLog>
    <FileLog>
      <ProjectId>17bb8454-4bd3-496d-896e-5d965ee7c292</ProjectId>
      <CorrelationId>Intent.ModuleBuilder.IModSpecFile#3a5b57b0-6116-45f0-baeb-498e6fafaf6a</CorrelationId>
      <OverwriteBehaviour>always</OverwriteBehaviour>
      <ApplicationRelativeFilePath>Intent.Common.UnitOfWork.imodspec</ApplicationRelativeFilePath>
      <ProjectRelativeFilePath>Intent.Common.UnitOfWork.imodspec</ProjectRelativeFilePath>
      <IsIgnored>false</IsIgnored>
    </FileLog>
    <FileLog>
      <ProjectId>17bb8454-4bd3-496d-896e-5d965ee7c292</ProjectId>
      <CorrelationId>Intent.VisualStudio.Projects.CSharpProject#17bb8454-4bd3-496d-896e-5d965ee7c292</CorrelationId>
      <OverwriteBehaviour>always</OverwriteBehaviour>
      <ApplicationRelativeFilePath>Intent.Modules.Common.UnitOfWork.csproj</ApplicationRelativeFilePath>
      <ProjectRelativeFilePath>Intent.Modules.Common.UnitOfWork.csproj</ProjectRelativeFilePath>
      <IsIgnored>false</IsIgnored>
    </FileLog>
    <FileLog>
      <ProjectId>91595540-a9ca-4f07-98ee-3946961be81c</ProjectId>
      <CorrelationId>Intent.ModuleBuilder.Templates.DocumentationTemplate#b7b116fc-ba64-48fb-bdbd-76ca41d18f69</CorrelationId>
      <OverwriteBehaviour>always</OverwriteBehaviour>
      <ApplicationRelativeFilePath>resources/documentation.json</ApplicationRelativeFilePath>
      <ProjectRelativeFilePath>documentation.json</ProjectRelativeFilePath>
      <IsIgnored>false</IsIgnored>
    </FileLog>
    <FileLog>
      <ProjectId>1fabaea0-6831-4089-9af6-44353da4c15e</ProjectId>
      <CorrelationId>Intent.ModuleBuilder.Templates.Settings.ModuleSettingsExtensions#371be07c-ba65-4c08-aff6-8c1a9aa1ba4f</CorrelationId>
      <OverwriteBehaviour>always</OverwriteBehaviour>
      <ApplicationRelativeFilePath>Settings/ModuleSettingsExtensions.cs</ApplicationRelativeFilePath>
      <ProjectRelativeFilePath>ModuleSettingsExtensions.cs</ProjectRelativeFilePath>
      <IsIgnored>false</IsIgnored>
    </FileLog>
  </FileLogs>
</outputLog>