<?xml version="1.0" encoding="utf-8"?>
<outputLog>
  <ApplicationId>a7c14bfc-4fde-46bf-9744-b54c66c3b22d</ApplicationId>
  <FileLogs>
    <FileLog>
      <CorrelationId>Intent.VisualStudio.Projects.VisualStudioSolution#18c0eba7-dd73-4630-b235-e3d5949e33eb</CorrelationId>
      <OverwriteBehaviour>always</OverwriteBehaviour>
      <ApplicationRelativeFilePath>../Intent.Modules.NET.sln</ApplicationRelativeFilePath>
      <IsIgnored>false</IsIgnored>
    </FileLog>
    <FileLog>
      <ProjectId>42fe8b17-26e9-4af8-acb1-f546a193c70e</ProjectId>
      <CorrelationId>Intent.ModuleBuilder.IModSpecFile</CorrelationId>
      <OverwriteBehaviour>always</OverwriteBehaviour>
      <ApplicationRelativeFilePath>Intent.ContinuousIntegration.AzurePipelines.imodspec</ApplicationRelativeFilePath>
      <ProjectRelativeFilePath>Intent.ContinuousIntegration.AzurePipelines.imodspec</ProjectRelativeFilePath>
      <IsIgnored>false</IsIgnored>
    </FileLog>
    <FileLog>
      <ProjectId>42fe8b17-26e9-4af8-acb1-f546a193c70e</ProjectId>
      <CorrelationId>Intent.VisualStudio.Projects.CSharpProject#42fe8b17-26e9-4af8-acb1-f546a193c70e</CorrelationId>
      <OverwriteBehaviour>always</OverwriteBehaviour>
      <ApplicationRelativeFilePath>Intent.Modules.ContinuousIntegration.AzurePipelines.csproj</ApplicationRelativeFilePath>
      <ProjectRelativeFilePath>Intent.Modules.ContinuousIntegration.AzurePipelines.csproj</ProjectRelativeFilePath>
      <IsIgnored>false</IsIgnored>
    </FileLog>
    <FileLog>
      <ProjectId>42fe8b17-26e9-4af8-acb1-f546a193c70e</ProjectId>
      <CorrelationId>Intent.ModuleBuilder.Templates.ReleaseNotes</CorrelationId>
      <OverwriteBehaviour>once-off</OverwriteBehaviour>
      <ApplicationRelativeFilePath>release-notes.md</ApplicationRelativeFilePath>
      <ProjectRelativeFilePath>release-notes.md</ProjectRelativeFilePath>
      <IsIgnored>false</IsIgnored>
    </FileLog>
    <FileLog>
      <ProjectId>c4177924-b5c6-4c77-98ef-58c1fb2fea56</ProjectId>
      <CorrelationId>Intent.ModuleBuilder.Templates.DocumentationTemplate#f2e4f070-bb7b-4f6b-a6e2-5c53cc6944e2</CorrelationId>
      <OverwriteBehaviour>always</OverwriteBehaviour>
      <ApplicationRelativeFilePath>resources/documentation.json</ApplicationRelativeFilePath>
      <ProjectRelativeFilePath>documentation.json</ProjectRelativeFilePath>
      <IsIgnored>false</IsIgnored>
    </FileLog>
    <FileLog>
      <ProjectId>4e491216-aade-49e9-acd7-c57273b3ce0c</ProjectId>
      <CorrelationId>Intent.ModuleBuilder.ProjectItemTemplate.Partial#651675ac-9a4e-4f01-bac7-800166055ef3</CorrelationId>
      <OverwriteBehaviour>always</OverwriteBehaviour>
      <ApplicationRelativeFilePath>Templates/AzurePipelines/AzurePipelinesTemplatePartial.cs</ApplicationRelativeFilePath>
      <ProjectRelativeFilePath>AzurePipelines/AzurePipelinesTemplatePartial.cs</ProjectRelativeFilePath>
      <IsIgnored>false</IsIgnored>
    </FileLog>
    <FileLog>
      <ProjectId>4e491216-aade-49e9-acd7-c57273b3ce0c</ProjectId>
      <CorrelationId>Intent.ModuleBuilder.TemplateRegistration.SingleFileNoModel#651675ac-9a4e-4f01-bac7-800166055ef3</CorrelationId>
      <OverwriteBehaviour>always</OverwriteBehaviour>
      <ApplicationRelativeFilePath>Templates/AzurePipelines/AzurePipelinesTemplateRegistration.cs</ApplicationRelativeFilePath>
      <ProjectRelativeFilePath>AzurePipelines/AzurePipelinesTemplateRegistration.cs</ProjectRelativeFilePath>
      <IsIgnored>false</IsIgnored>
    </FileLog>
  </FileLogs>
</outputLog>