<?xml version="1.0" encoding="utf-8"?>
<outputLog>
  <ApplicationId>a06e3830-7ce6-4f92-8c77-efb18f025acb</ApplicationId>
  <FileLogs>
    <FileLog>
      <CorrelationId>Intent.VisualStudio.Projects.VisualStudio2015Solution#9c3c0891-9229-46f0-860f-8f0fbe181a65</CorrelationId>
      <OverwriteBehaviour>always</OverwriteBehaviour>
      <ApplicationRelativeFilePath>../Intent.Modules.Net.sln</ApplicationRelativeFilePath>
      <IsIgnored>false</IsIgnored>
    </FileLog>
    <FileLog>
      <ProjectId>20fbe779-ac7d-42eb-aeb3-eb066eadd55f</ProjectId>
      <CorrelationId>Intent.ModuleBuilder.IModSpecFile</CorrelationId>
      <OverwriteBehaviour>always</OverwriteBehaviour>
      <ApplicationRelativeFilePath>Intent.AspNetCore.Controllers.Interop.Contracts.imodspec</ApplicationRelativeFilePath>
      <ProjectRelativeFilePath>Intent.AspNetCore.Controllers.Interop.Contracts.imodspec</ProjectRelativeFilePath>
      <IsIgnored>false</IsIgnored>
    </FileLog>
    <FileLog>
      <ProjectId>20fbe779-ac7d-42eb-aeb3-eb066eadd55f</ProjectId>
      <CorrelationId>Intent.VisualStudio.Projects.CoreLibrary.CSProject#20fbe779-ac7d-42eb-aeb3-eb066eadd55f</CorrelationId>
      <OverwriteBehaviour>once-off</OverwriteBehaviour>
      <ApplicationRelativeFilePath>Intent.Modules.AspNetCore.Controllers.Interop.Contracts.csproj</ApplicationRelativeFilePath>
      <ProjectRelativeFilePath>Intent.Modules.AspNetCore.Controllers.Interop.Contracts.csproj</ProjectRelativeFilePath>
      <IsIgnored>false</IsIgnored>
    </FileLog>
    <FileLog>
      <ProjectId>20fbe779-ac7d-42eb-aeb3-eb066eadd55f</ProjectId>
      <CorrelationId>Intent.ModuleBuilder.ReadMe</CorrelationId>
      <OverwriteBehaviour>always</OverwriteBehaviour>
      <ApplicationRelativeFilePath>README.txt</ApplicationRelativeFilePath>
      <ProjectRelativeFilePath>README.txt</ProjectRelativeFilePath>
      <IsIgnored>false</IsIgnored>
    </FileLog>
  </FileLogs>
</outputLog>