<?xml version="1.0" encoding="utf-8"?>
<outputLog>
  <ApplicationId>8d7bcf99-42aa-4707-b333-db52c46b028e</ApplicationId>
  <FileLogs>
    <FileLog>
      <CorrelationId>Intent.VisualStudio.Projects.VisualStudioSolution#84dbaded-0840-45f0-863e-907c3488cafc</CorrelationId>
      <OverwriteBehaviour>always</OverwriteBehaviour>
      <ApplicationRelativeFilePath>../Intent.Modules.NET.sln</ApplicationRelativeFilePath>
      <IsIgnored>false</IsIgnored>
    </FileLog>
    <FileLog>
      <ProjectId>93a4330a-fa8b-473e-afe3-20aaf097bd3e</ProjectId>
      <CorrelationId>Intent.ModuleBuilder.Templates.FactoryExtension#770bf03a-7f65-4f6b-a55c-abbae71c6bbc</CorrelationId>
      <OverwriteBehaviour>always</OverwriteBehaviour>
      <ApplicationRelativeFilePath>FactoryExtensions/EventBusPublisherInstaller.cs</ApplicationRelativeFilePath>
      <ProjectRelativeFilePath>EventBusPublisherInstaller.cs</ProjectRelativeFilePath>
      <IsIgnored>false</IsIgnored>
    </FileLog>
    <FileLog>
      <ProjectId>af1800f1-2afc-4804-84d3-e0e8e2bb51d3</ProjectId>
      <CorrelationId>Intent.ModuleBuilder.IModSpecFile</CorrelationId>
      <OverwriteBehaviour>always</OverwriteBehaviour>
      <ApplicationRelativeFilePath>Intent.Application.MediatR.CRUD.Eventing.imodspec</ApplicationRelativeFilePath>
      <ProjectRelativeFilePath>Intent.Application.MediatR.CRUD.Eventing.imodspec</ProjectRelativeFilePath>
      <IsIgnored>false</IsIgnored>
    </FileLog>
    <FileLog>
      <ProjectId>af1800f1-2afc-4804-84d3-e0e8e2bb51d3</ProjectId>
      <CorrelationId>Intent.VisualStudio.Projects.CoreLibrary.CSProject#af1800f1-2afc-4804-84d3-e0e8e2bb51d3</CorrelationId>
      <OverwriteBehaviour>always</OverwriteBehaviour>
      <ApplicationRelativeFilePath>Intent.Modules.Application.MediatR.CRUD.Eventing.csproj</ApplicationRelativeFilePath>
      <ProjectRelativeFilePath>Intent.Modules.Application.MediatR.CRUD.Eventing.csproj</ProjectRelativeFilePath>
      <IsIgnored>false</IsIgnored>
    </FileLog>
  </FileLogs>
</outputLog>