<?xml version="1.0" encoding="utf-8"?>
<outputLog>
  <ApplicationId>510a23ce-6417-46e7-bf54-7ff862e535a5</ApplicationId>
  <FileLogs>
    <FileLog>
      <CorrelationId>Intent.VisualStudio.Projects.VisualStudio2015Solution#ef39cb9e-dd74-43eb-b4f9-831a2e61cb71</CorrelationId>
      <OverwriteBehaviour>always</OverwriteBehaviour>
      <ApplicationRelativeFilePath>../Intent.Modules.NET.sln</ApplicationRelativeFilePath>
      <IsIgnored>false</IsIgnored>
    </FileLog>
    <FileLog>
      <ProjectId>38fb3267-e318-4914-8504-3fb65d8c1198</ProjectId>
      <CorrelationId>Intent.ModuleBuilder.Templates.FactoryExtension#b369949a-03ff-4cb6-a99b-b7c3ba692613</CorrelationId>
      <OverwriteBehaviour>always</OverwriteBehaviour>
      <ApplicationRelativeFilePath>FactoryExtensions/ConfigureJwtAuthentication.cs</ApplicationRelativeFilePath>
      <ProjectRelativeFilePath>ConfigureJwtAuthentication.cs</ProjectRelativeFilePath>
      <IsIgnored>false</IsIgnored>
    </FileLog>
    <FileLog>
      <ProjectId>e989d79e-d842-4e1f-8cdb-cadc324296db</ProjectId>
      <CorrelationId>Intent.ModuleBuilder.IModSpecFile</CorrelationId>
      <OverwriteBehaviour>always</OverwriteBehaviour>
      <ApplicationRelativeFilePath>Intent.AspNetCore.Identity.AccountController.imodspec</ApplicationRelativeFilePath>
      <ProjectRelativeFilePath>Intent.AspNetCore.Identity.AccountController.imodspec</ProjectRelativeFilePath>
      <IsIgnored>false</IsIgnored>
    </FileLog>
    <FileLog>
      <ProjectId>e989d79e-d842-4e1f-8cdb-cadc324296db</ProjectId>
      <CorrelationId>Intent.VisualStudio.Projects.CoreLibrary.CSProject#e989d79e-d842-4e1f-8cdb-cadc324296db</CorrelationId>
      <OverwriteBehaviour>always</OverwriteBehaviour>
      <ApplicationRelativeFilePath>Intent.Modules.AspNetCore.Identity.AccountController.csproj</ApplicationRelativeFilePath>
      <ProjectRelativeFilePath>Intent.Modules.AspNetCore.Identity.AccountController.csproj</ProjectRelativeFilePath>
      <IsIgnored>false</IsIgnored>
    </FileLog>
    <FileLog>
      <ProjectId>e989d79e-d842-4e1f-8cdb-cadc324296db</ProjectId>
      <CorrelationId>Intent.ModuleBuilder.ReadMe</CorrelationId>
      <OverwriteBehaviour>always</OverwriteBehaviour>
      <ApplicationRelativeFilePath>README.txt</ApplicationRelativeFilePath>
      <ProjectRelativeFilePath>README.txt</ProjectRelativeFilePath>
      <IsIgnored>false</IsIgnored>
    </FileLog>
    <FileLog>
      <ProjectId>d7e76fd9-0cd3-41b5-b971-e4547cc4572a</ProjectId>
      <CorrelationId>Intent.ModuleBuilder.CSharp.Templates.CSharpTemplate.T4Template.PreProcessed#1408390e-ee98-4b4c-94ad-18ceddcc17d0</CorrelationId>
      <OverwriteBehaviour>always</OverwriteBehaviour>
      <ApplicationRelativeFilePath>Templates/AccountController/AccountControllerTemplate.cs</ApplicationRelativeFilePath>
      <ProjectRelativeFilePath>AccountController/AccountControllerTemplate.cs</ProjectRelativeFilePath>
      <IsIgnored>false</IsIgnored>
    </FileLog>
    <FileLog>
      <ProjectId>d7e76fd9-0cd3-41b5-b971-e4547cc4572a</ProjectId>
      <CorrelationId>Intent.ModuleBuilder.CSharp.Templates.CSharpT4Template#1408390e-ee98-4b4c-94ad-18ceddcc17d0</CorrelationId>
      <OverwriteBehaviour>always</OverwriteBehaviour>
      <ApplicationRelativeFilePath>Templates/AccountController/AccountControllerTemplate.tt</ApplicationRelativeFilePath>
      <ProjectRelativeFilePath>AccountController/AccountControllerTemplate.tt</ProjectRelativeFilePath>
      <IsIgnored>false</IsIgnored>
    </FileLog>
    <FileLog>
      <ProjectId>d7e76fd9-0cd3-41b5-b971-e4547cc4572a</ProjectId>
      <CorrelationId>Intent.ModuleBuilder.CSharp.Templates.CSharpTemplatePartial#1408390e-ee98-4b4c-94ad-18ceddcc17d0</CorrelationId>
      <OverwriteBehaviour>always</OverwriteBehaviour>
      <ApplicationRelativeFilePath>Templates/AccountController/AccountControllerTemplatePartial.cs</ApplicationRelativeFilePath>
      <ProjectRelativeFilePath>AccountController/AccountControllerTemplatePartial.cs</ProjectRelativeFilePath>
      <IsIgnored>false</IsIgnored>
    </FileLog>
    <FileLog>
      <ProjectId>d7e76fd9-0cd3-41b5-b971-e4547cc4572a</ProjectId>
      <CorrelationId>Intent.ModuleBuilder.TemplateRegistration.SingleFileNoModel#1408390e-ee98-4b4c-94ad-18ceddcc17d0</CorrelationId>
      <OverwriteBehaviour>always</OverwriteBehaviour>
      <ApplicationRelativeFilePath>Templates/AccountController/AccountControllerTemplateRegistration.cs</ApplicationRelativeFilePath>
      <ProjectRelativeFilePath>AccountController/AccountControllerTemplateRegistration.cs</ProjectRelativeFilePath>
      <IsIgnored>false</IsIgnored>
    </FileLog>
    <FileLog>
      <ProjectId>d7e76fd9-0cd3-41b5-b971-e4547cc4572a</ProjectId>
      <CorrelationId>Intent.ModuleBuilder.CSharp.Templates.CSharpTemplate.T4Template.PreProcessed#1d371136-30eb-48ba-9aa3-f1ea56d71f1f</CorrelationId>
      <OverwriteBehaviour>always</OverwriteBehaviour>
      <ApplicationRelativeFilePath>Templates/AccountEmailSender/AccountEmailSenderTemplate.cs</ApplicationRelativeFilePath>
      <ProjectRelativeFilePath>AccountEmailSender/AccountEmailSenderTemplate.cs</ProjectRelativeFilePath>
      <IsIgnored>false</IsIgnored>
    </FileLog>
    <FileLog>
      <ProjectId>d7e76fd9-0cd3-41b5-b971-e4547cc4572a</ProjectId>
      <CorrelationId>Intent.ModuleBuilder.CSharp.Templates.CSharpT4Template#1d371136-30eb-48ba-9aa3-f1ea56d71f1f</CorrelationId>
      <OverwriteBehaviour>always</OverwriteBehaviour>
      <ApplicationRelativeFilePath>Templates/AccountEmailSender/AccountEmailSenderTemplate.tt</ApplicationRelativeFilePath>
      <ProjectRelativeFilePath>AccountEmailSender/AccountEmailSenderTemplate.tt</ProjectRelativeFilePath>
      <IsIgnored>false</IsIgnored>
    </FileLog>
    <FileLog>
      <ProjectId>d7e76fd9-0cd3-41b5-b971-e4547cc4572a</ProjectId>
      <CorrelationId>Intent.ModuleBuilder.CSharp.Templates.CSharpTemplatePartial#1d371136-30eb-48ba-9aa3-f1ea56d71f1f</CorrelationId>
      <OverwriteBehaviour>always</OverwriteBehaviour>
      <ApplicationRelativeFilePath>Templates/AccountEmailSender/AccountEmailSenderTemplatePartial.cs</ApplicationRelativeFilePath>
      <ProjectRelativeFilePath>AccountEmailSender/AccountEmailSenderTemplatePartial.cs</ProjectRelativeFilePath>
      <IsIgnored>false</IsIgnored>
    </FileLog>
    <FileLog>
      <ProjectId>d7e76fd9-0cd3-41b5-b971-e4547cc4572a</ProjectId>
      <CorrelationId>Intent.ModuleBuilder.TemplateRegistration.SingleFileNoModel#1d371136-30eb-48ba-9aa3-f1ea56d71f1f</CorrelationId>
      <OverwriteBehaviour>always</OverwriteBehaviour>
      <ApplicationRelativeFilePath>Templates/AccountEmailSender/AccountEmailSenderTemplateRegistration.cs</ApplicationRelativeFilePath>
      <ProjectRelativeFilePath>AccountEmailSender/AccountEmailSenderTemplateRegistration.cs</ProjectRelativeFilePath>
      <IsIgnored>false</IsIgnored>
    </FileLog>
    <FileLog>
      <ProjectId>d7e76fd9-0cd3-41b5-b971-e4547cc4572a</ProjectId>
      <CorrelationId>Intent.ModuleBuilder.CSharp.Templates.CSharpTemplate.T4Template.PreProcessed#b3fe5ccb-bae2-4580-a816-cc269743557a</CorrelationId>
      <OverwriteBehaviour>always</OverwriteBehaviour>
      <ApplicationRelativeFilePath>Templates/AccountEmailSenderInterface/AccountEmailSenderInterfaceTemplate.cs</ApplicationRelativeFilePath>
      <ProjectRelativeFilePath>AccountEmailSenderInterface/AccountEmailSenderInterfaceTemplate.cs</ProjectRelativeFilePath>
      <IsIgnored>false</IsIgnored>
    </FileLog>
    <FileLog>
      <ProjectId>d7e76fd9-0cd3-41b5-b971-e4547cc4572a</ProjectId>
      <CorrelationId>Intent.ModuleBuilder.CSharp.Templates.CSharpT4Template#b3fe5ccb-bae2-4580-a816-cc269743557a</CorrelationId>
      <OverwriteBehaviour>always</OverwriteBehaviour>
      <ApplicationRelativeFilePath>Templates/AccountEmailSenderInterface/AccountEmailSenderInterfaceTemplate.tt</ApplicationRelativeFilePath>
      <ProjectRelativeFilePath>AccountEmailSenderInterface/AccountEmailSenderInterfaceTemplate.tt</ProjectRelativeFilePath>
      <IsIgnored>false</IsIgnored>
    </FileLog>
    <FileLog>
      <ProjectId>d7e76fd9-0cd3-41b5-b971-e4547cc4572a</ProjectId>
      <CorrelationId>Intent.ModuleBuilder.CSharp.Templates.CSharpTemplatePartial#b3fe5ccb-bae2-4580-a816-cc269743557a</CorrelationId>
      <OverwriteBehaviour>always</OverwriteBehaviour>
      <ApplicationRelativeFilePath>Templates/AccountEmailSenderInterface/AccountEmailSenderInterfaceTemplatePartial.cs</ApplicationRelativeFilePath>
      <ProjectRelativeFilePath>AccountEmailSenderInterface/AccountEmailSenderInterfaceTemplatePartial.cs</ProjectRelativeFilePath>
      <IsIgnored>false</IsIgnored>
    </FileLog>
    <FileLog>
      <ProjectId>d7e76fd9-0cd3-41b5-b971-e4547cc4572a</ProjectId>
      <CorrelationId>Intent.ModuleBuilder.TemplateRegistration.SingleFileNoModel#b3fe5ccb-bae2-4580-a816-cc269743557a</CorrelationId>
      <OverwriteBehaviour>always</OverwriteBehaviour>
      <ApplicationRelativeFilePath>Templates/AccountEmailSenderInterface/AccountEmailSenderInterfaceTemplateRegistration.cs</ApplicationRelativeFilePath>
      <ProjectRelativeFilePath>AccountEmailSenderInterface/AccountEmailSenderInterfaceTemplateRegistration.cs</ProjectRelativeFilePath>
      <IsIgnored>false</IsIgnored>
    </FileLog>
    <FileLog>
      <ProjectId>d7e76fd9-0cd3-41b5-b971-e4547cc4572a</ProjectId>
      <CorrelationId>Intent.ModuleBuilder.Templates.TemplateExtensions</CorrelationId>
      <OverwriteBehaviour>always</OverwriteBehaviour>
      <ApplicationRelativeFilePath>Templates/TemplateExtensions.cs</ApplicationRelativeFilePath>
      <ProjectRelativeFilePath>TemplateExtensions.cs</ProjectRelativeFilePath>
      <IsIgnored>false</IsIgnored>
    </FileLog>
  </FileLogs>
</outputLog>