<?xml version="1.0" encoding="utf-8"?>
<outputLog>
  <ApplicationId>0848134b-a122-45f5-b75f-b37fb6b6b2af</ApplicationId>
  <FileLogs>
    <FileLog>
      <CorrelationId>Intent.VisualStudio.Projects.VisualStudioSolution#0cfd1465-4b79-4148-ab82-4c7e866f0341</CorrelationId>
      <OverwriteBehaviour>always</OverwriteBehaviour>
      <ApplicationRelativeFilePath>../Intent.Modules.NET.sln</ApplicationRelativeFilePath>
      <IsIgnored>false</IsIgnored>
    </FileLog>
    <FileLog>
      <ProjectId>e0accc87-35ed-42ba-9bf3-3bf3646d924b</ProjectId>
      <CorrelationId>Intent.ModuleBuilder.Templates.FactoryExtension#633749a1-277b-4dbc-ba65-9ad3d2d179e1</CorrelationId>
      <OverwriteBehaviour>always</OverwriteBehaviour>
      <ApplicationRelativeFilePath>FactoryExtensions/DomainInteractionRegistration.cs</ApplicationRelativeFilePath>
      <ProjectRelativeFilePath>DomainInteractionRegistration.cs</ProjectRelativeFilePath>
      <IsIgnored>false</IsIgnored>
    </FileLog>
    <FileLog>
      <ProjectId>d1204840-e89e-4f94-92cd-250c2f9c1f99</ProjectId>
      <CorrelationId>Intent.ModuleBuilder.IModSpecFile</CorrelationId>
      <OverwriteBehaviour>always</OverwriteBehaviour>
      <ApplicationRelativeFilePath>Intent.Application.DomainInteractions.imodspec</ApplicationRelativeFilePath>
      <ProjectRelativeFilePath>Intent.Application.DomainInteractions.imodspec</ProjectRelativeFilePath>
      <IsIgnored>false</IsIgnored>
    </FileLog>
    <FileLog>
      <ProjectId>d1204840-e89e-4f94-92cd-250c2f9c1f99</ProjectId>
      <CorrelationId>Intent.VisualStudio.Projects.CSharpProject#d1204840-e89e-4f94-92cd-250c2f9c1f99</CorrelationId>
      <OverwriteBehaviour>always</OverwriteBehaviour>
      <ApplicationRelativeFilePath>Intent.Modules.Application.DomainInteractions.csproj</ApplicationRelativeFilePath>
      <ProjectRelativeFilePath>Intent.Modules.Application.DomainInteractions.csproj</ProjectRelativeFilePath>
      <IsIgnored>true</IsIgnored>
    </FileLog>
    <FileLog>
      <ProjectId>d1204840-e89e-4f94-92cd-250c2f9c1f99</ProjectId>
      <CorrelationId>Intent.ModuleBuilder.Templates.ReleaseNotes</CorrelationId>
      <OverwriteBehaviour>once-off</OverwriteBehaviour>
      <ApplicationRelativeFilePath>release-notes.md</ApplicationRelativeFilePath>
      <ProjectRelativeFilePath>release-notes.md</ProjectRelativeFilePath>
      <IsIgnored>false</IsIgnored>
    </FileLog>
  </FileLogs>
</outputLog>