<?xml version="1.0" encoding="utf-8"?>
<outputLog>
  <ApplicationId>64c2d3e6-16f0-4df3-978c-fd75c0a0dd3e</ApplicationId>
  <FileLogs>
    <FileLog>
      <ProjectId>8a85d5be-c6d3-42f3-b9a7-eaa57590f085</ProjectId>
      <CorrelationId>Intent.ModuleBuilder.Templates.FactoryExtension#2ac9f629-04b0-4095-bdcd-7f13fef1d468</CorrelationId>
      <OverwriteBehaviour>always</OverwriteBehaviour>
      <ApplicationRelativeFilePath>../Intent.Modules.AzureFunctions.EntityFrameworkCore/FactoryExtensions/AzureFunctionExtension.cs</ApplicationRelativeFilePath>
      <ProjectRelativeFilePath>AzureFunctionExtension.cs</ProjectRelativeFilePath>
      <IsIgnored>false</IsIgnored>
    </FileLog>
    <FileLog>
      <ProjectId>c17533ef-8a8d-48f7-ab64-67f73dee9d64</ProjectId>
      <CorrelationId>Intent.ModuleBuilder.IModSpecFile</CorrelationId>
      <OverwriteBehaviour>always</OverwriteBehaviour>
      <ApplicationRelativeFilePath>../Intent.Modules.AzureFunctions.EntityFrameworkCore/Intent.AzureFunctions.EntityFrameworkCore.imodspec</ApplicationRelativeFilePath>
      <ProjectRelativeFilePath>Intent.AzureFunctions.EntityFrameworkCore.imodspec</ProjectRelativeFilePath>
      <IsIgnored>false</IsIgnored>
    </FileLog>
    <FileLog>
      <ProjectId>c17533ef-8a8d-48f7-ab64-67f73dee9d64</ProjectId>
      <CorrelationId>Intent.VisualStudio.Projects.CSharpProject#c17533ef-8a8d-48f7-ab64-67f73dee9d64</CorrelationId>
      <OverwriteBehaviour>always</OverwriteBehaviour>
      <ApplicationRelativeFilePath>../Intent.Modules.AzureFunctions.EntityFrameworkCore/Intent.Modules.AzureFunctions.EntityFrameworkCore.csproj</ApplicationRelativeFilePath>
      <ProjectRelativeFilePath>Intent.Modules.AzureFunctions.EntityFrameworkCore.csproj</ProjectRelativeFilePath>
      <IsIgnored>false</IsIgnored>
    </FileLog>
    <FileLog>
      <ProjectId>54021c70-f23f-408a-9839-69fbd00ab5ba</ProjectId>
      <CorrelationId>Intent.ModuleBuilder.CSharp.Templates.CSharpTemplate.T4Template.PreProcessed#5a71ddc3-2d31-4dbb-95aa-479d69569824</CorrelationId>
      <OverwriteBehaviour>always</OverwriteBehaviour>
      <ApplicationRelativeFilePath>../Intent.Modules.AzureFunctions.EntityFrameworkCore/Templates/DbInitializationService/DbInitializationServiceTemplate.cs</ApplicationRelativeFilePath>
      <ProjectRelativeFilePath>DbInitializationService/DbInitializationServiceTemplate.cs</ProjectRelativeFilePath>
      <IsIgnored>false</IsIgnored>
    </FileLog>
    <FileLog>
      <ProjectId>54021c70-f23f-408a-9839-69fbd00ab5ba</ProjectId>
      <CorrelationId>Intent.ModuleBuilder.CSharp.Templates.CSharpT4Template#5a71ddc3-2d31-4dbb-95aa-479d69569824</CorrelationId>
      <OverwriteBehaviour>always</OverwriteBehaviour>
      <ApplicationRelativeFilePath>../Intent.Modules.AzureFunctions.EntityFrameworkCore/Templates/DbInitializationService/DbInitializationServiceTemplate.tt</ApplicationRelativeFilePath>
      <ProjectRelativeFilePath>DbInitializationService/DbInitializationServiceTemplate.tt</ProjectRelativeFilePath>
      <IsIgnored>false</IsIgnored>
    </FileLog>
    <FileLog>
      <ProjectId>54021c70-f23f-408a-9839-69fbd00ab5ba</ProjectId>
      <CorrelationId>Intent.ModuleBuilder.CSharp.Templates.CSharpTemplatePartial#5a71ddc3-2d31-4dbb-95aa-479d69569824</CorrelationId>
      <OverwriteBehaviour>always</OverwriteBehaviour>
      <ApplicationRelativeFilePath>../Intent.Modules.AzureFunctions.EntityFrameworkCore/Templates/DbInitializationService/DbInitializationServiceTemplatePartial.cs</ApplicationRelativeFilePath>
      <ProjectRelativeFilePath>DbInitializationService/DbInitializationServiceTemplatePartial.cs</ProjectRelativeFilePath>
      <IsIgnored>false</IsIgnored>
    </FileLog>
    <FileLog>
      <ProjectId>54021c70-f23f-408a-9839-69fbd00ab5ba</ProjectId>
      <CorrelationId>Intent.ModuleBuilder.TemplateRegistration.Custom#5a71ddc3-2d31-4dbb-95aa-479d69569824</CorrelationId>
      <OverwriteBehaviour>always</OverwriteBehaviour>
      <ApplicationRelativeFilePath>../Intent.Modules.AzureFunctions.EntityFrameworkCore/Templates/DbInitializationService/DbInitializationServiceTemplateRegistration.cs</ApplicationRelativeFilePath>
      <ProjectRelativeFilePath>DbInitializationService/DbInitializationServiceTemplateRegistration.cs</ProjectRelativeFilePath>
      <IsIgnored>false</IsIgnored>
    </FileLog>
    <FileLog>
      <ProjectId>54021c70-f23f-408a-9839-69fbd00ab5ba</ProjectId>
      <CorrelationId>Intent.ModuleBuilder.Templates.TemplateExtensions</CorrelationId>
      <OverwriteBehaviour>always</OverwriteBehaviour>
      <ApplicationRelativeFilePath>../Intent.Modules.AzureFunctions.EntityFrameworkCore/Templates/TemplateExtensions.cs</ApplicationRelativeFilePath>
      <ProjectRelativeFilePath>TemplateExtensions.cs</ProjectRelativeFilePath>
      <IsIgnored>false</IsIgnored>
    </FileLog>
    <FileLog>
      <CorrelationId>Intent.VisualStudio.Projects.VisualStudioSolution#0f486cac-953c-43a4-a846-b1827462e544</CorrelationId>
      <OverwriteBehaviour>always</OverwriteBehaviour>
      <ApplicationRelativeFilePath>../Intent.Modules.NET.sln</ApplicationRelativeFilePath>
      <IsIgnored>false</IsIgnored>
    </FileLog>
  </FileLogs>
</outputLog>