<?xml version="1.0" encoding="utf-8"?>
<outputLog>
  <ApplicationId>4721d523-68c5-4285-85ef-fe1871918162</ApplicationId>
  <FileLogs>
    <FileLog>
      <CorrelationId>Intent.VisualStudio.Projects.VisualStudio2015Solution#dcb7e275-6a35-401d-aafa-5473b0d227b9</CorrelationId>
      <OverwriteBehaviour>always</OverwriteBehaviour>
      <ApplicationRelativeFilePath>../Intent.Modules.NET.sln</ApplicationRelativeFilePath>
      <IsIgnored>false</IsIgnored>
    </FileLog>
    <FileLog>
      <ProjectId>7b018e4e-0383-44ac-ae09-2f3cc333d369</ProjectId>
      <CorrelationId>Intent.ModuleBuilder.Templates.TemplateDecorator#af8b9891-e035-439d-b11b-3c4c8f155836</CorrelationId>
      <OverwriteBehaviour>always</OverwriteBehaviour>
      <ApplicationRelativeFilePath>Decorators/IdentityConfigurationAppSettingsDecorator.cs</ApplicationRelativeFilePath>
      <ProjectRelativeFilePath>IdentityConfigurationAppSettingsDecorator.cs</ProjectRelativeFilePath>
      <IsIgnored>false</IsIgnored>
    </FileLog>
    <FileLog>
      <ProjectId>7b018e4e-0383-44ac-ae09-2f3cc333d369</ProjectId>
      <CorrelationId>Intent.ModuleBuilder.Templates.TemplateDecoratorRegistration#af8b9891-e035-439d-b11b-3c4c8f155836</CorrelationId>
      <OverwriteBehaviour>always</OverwriteBehaviour>
      <ApplicationRelativeFilePath>Decorators/IdentityConfigurationAppSettingsDecoratorRegistration.cs</ApplicationRelativeFilePath>
      <ProjectRelativeFilePath>IdentityConfigurationAppSettingsDecoratorRegistration.cs</ProjectRelativeFilePath>
      <IsIgnored>false</IsIgnored>
    </FileLog>
    <FileLog>
      <ProjectId>7b018e4e-0383-44ac-ae09-2f3cc333d369</ProjectId>
      <CorrelationId>Intent.ModuleBuilder.Templates.TemplateDecorator#34dde606-0f40-4dea-b47e-1aef9ccc48dd</CorrelationId>
      <OverwriteBehaviour>always</OverwriteBehaviour>
      <ApplicationRelativeFilePath>Decorators/IdentityServerStartupDecorator.cs</ApplicationRelativeFilePath>
      <ProjectRelativeFilePath>IdentityServerStartupDecorator.cs</ProjectRelativeFilePath>
      <IsIgnored>false</IsIgnored>
    </FileLog>
    <FileLog>
      <ProjectId>7b018e4e-0383-44ac-ae09-2f3cc333d369</ProjectId>
      <CorrelationId>Intent.ModuleBuilder.Templates.TemplateDecoratorRegistration#34dde606-0f40-4dea-b47e-1aef9ccc48dd</CorrelationId>
      <OverwriteBehaviour>always</OverwriteBehaviour>
      <ApplicationRelativeFilePath>Decorators/IdentityServerStartupDecoratorRegistration.cs</ApplicationRelativeFilePath>
      <ProjectRelativeFilePath>IdentityServerStartupDecoratorRegistration.cs</ProjectRelativeFilePath>
      <IsIgnored>false</IsIgnored>
    </FileLog>
    <FileLog>
      <ProjectId>7b018e4e-0383-44ac-ae09-2f3cc333d369</ProjectId>
      <CorrelationId>Intent.ModuleBuilder.Templates.TemplateDecorator#0d7e806a-7048-454f-aba3-33cfff1582c3</CorrelationId>
      <OverwriteBehaviour>always</OverwriteBehaviour>
      <ApplicationRelativeFilePath>Decorators/PrepopulatedTestUserIdentityConfigurationDecorator.cs</ApplicationRelativeFilePath>
      <ProjectRelativeFilePath>PrepopulatedTestUserIdentityConfigurationDecorator.cs</ProjectRelativeFilePath>
      <IsIgnored>false</IsIgnored>
    </FileLog>
    <FileLog>
      <ProjectId>7b018e4e-0383-44ac-ae09-2f3cc333d369</ProjectId>
      <CorrelationId>Intent.ModuleBuilder.Templates.TemplateDecoratorRegistration#0d7e806a-7048-454f-aba3-33cfff1582c3</CorrelationId>
      <OverwriteBehaviour>always</OverwriteBehaviour>
      <ApplicationRelativeFilePath>Decorators/PrepopulatedTestUserIdentityConfigurationDecoratorRegistration.cs</ApplicationRelativeFilePath>
      <ProjectRelativeFilePath>PrepopulatedTestUserIdentityConfigurationDecoratorRegistration.cs</ProjectRelativeFilePath>
      <IsIgnored>false</IsIgnored>
    </FileLog>
    <FileLog>
      <ProjectId>7e2cdd36-d086-4401-9ce5-b83f61a6fce9</ProjectId>
      <CorrelationId>Intent.ModuleBuilder.IModSpecFile</CorrelationId>
      <OverwriteBehaviour>always</OverwriteBehaviour>
      <ApplicationRelativeFilePath>Intent.IdentityServer4.SecureTokenServer.imodspec</ApplicationRelativeFilePath>
      <ProjectRelativeFilePath>Intent.IdentityServer4.SecureTokenServer.imodspec</ProjectRelativeFilePath>
      <IsIgnored>false</IsIgnored>
    </FileLog>
    <FileLog>
      <ProjectId>7e2cdd36-d086-4401-9ce5-b83f61a6fce9</ProjectId>
      <CorrelationId>Intent.VisualStudio.Projects.CoreLibrary.CSProject#7e2cdd36-d086-4401-9ce5-b83f61a6fce9</CorrelationId>
      <OverwriteBehaviour>once-off</OverwriteBehaviour>
      <ApplicationRelativeFilePath>Intent.Modules.IdentityServer4.SecureTokenServer.csproj</ApplicationRelativeFilePath>
      <ProjectRelativeFilePath>Intent.Modules.IdentityServer4.SecureTokenServer.csproj</ProjectRelativeFilePath>
      <IsIgnored>false</IsIgnored>
    </FileLog>
    <FileLog>
      <ProjectId>7e2cdd36-d086-4401-9ce5-b83f61a6fce9</ProjectId>
      <CorrelationId>Intent.ModuleBuilder.ReadMe</CorrelationId>
      <OverwriteBehaviour>always</OverwriteBehaviour>
      <ApplicationRelativeFilePath>README.txt</ApplicationRelativeFilePath>
      <ProjectRelativeFilePath>README.txt</ProjectRelativeFilePath>
      <IsIgnored>false</IsIgnored>
    </FileLog>
    <FileLog>
      <ProjectId>729dcb32-cf64-4001-8adf-a00acb4d8a8a</ProjectId>
      <CorrelationId>Intent.ModuleBuilder.Templates.Settings.ModuleSettingsExtensions#dbcde434-4411-479b-8374-34cb11190cf1</CorrelationId>
      <OverwriteBehaviour>always</OverwriteBehaviour>
      <ApplicationRelativeFilePath>Settings/ModuleSettingsExtensions.cs</ApplicationRelativeFilePath>
      <ProjectRelativeFilePath>ModuleSettingsExtensions.cs</ProjectRelativeFilePath>
      <IsIgnored>false</IsIgnored>
    </FileLog>
    <FileLog>
      <ProjectId>a84fa9d8-89e3-4d1f-a73f-9ad4414fc49e</ProjectId>
      <CorrelationId>Intent.ModuleBuilder.Templates.TemplateDecoratorContract#7ab8228e-f35b-4587-a807-4ce75bf09375</CorrelationId>
      <OverwriteBehaviour>always</OverwriteBehaviour>
      <ApplicationRelativeFilePath>Templates/IdentityServerConfiguration/IdentityConfigurationDecorator.cs</ApplicationRelativeFilePath>
      <ProjectRelativeFilePath>IdentityServerConfiguration/IdentityConfigurationDecorator.cs</ProjectRelativeFilePath>
      <IsIgnored>false</IsIgnored>
    </FileLog>
    <FileLog>
      <ProjectId>a84fa9d8-89e3-4d1f-a73f-9ad4414fc49e</ProjectId>
      <CorrelationId>Intent.ModuleBuilder.CSharp.Templates.CSharpTemplate.T4Template.PreProcessed#4cffcf4c-6398-4915-94ed-7f2a449219a7</CorrelationId>
      <OverwriteBehaviour>always</OverwriteBehaviour>
      <ApplicationRelativeFilePath>Templates/IdentityServerConfiguration/IdentityServerConfigurationTemplate.cs</ApplicationRelativeFilePath>
      <ProjectRelativeFilePath>IdentityServerConfiguration/IdentityServerConfigurationTemplate.cs</ProjectRelativeFilePath>
      <IsIgnored>false</IsIgnored>
    </FileLog>
    <FileLog>
      <ProjectId>a84fa9d8-89e3-4d1f-a73f-9ad4414fc49e</ProjectId>
      <CorrelationId>Intent.ModuleBuilder.CSharp.Templates.CSharpT4Template#4cffcf4c-6398-4915-94ed-7f2a449219a7</CorrelationId>
      <OverwriteBehaviour>always</OverwriteBehaviour>
      <ApplicationRelativeFilePath>Templates/IdentityServerConfiguration/IdentityServerConfigurationTemplate.tt</ApplicationRelativeFilePath>
      <ProjectRelativeFilePath>IdentityServerConfiguration/IdentityServerConfigurationTemplate.tt</ProjectRelativeFilePath>
      <IsIgnored>false</IsIgnored>
    </FileLog>
    <FileLog>
      <ProjectId>a84fa9d8-89e3-4d1f-a73f-9ad4414fc49e</ProjectId>
      <CorrelationId>Intent.ModuleBuilder.CSharp.Templates.CSharpTemplatePartial#4cffcf4c-6398-4915-94ed-7f2a449219a7</CorrelationId>
      <OverwriteBehaviour>always</OverwriteBehaviour>
      <ApplicationRelativeFilePath>Templates/IdentityServerConfiguration/IdentityServerConfigurationTemplatePartial.cs</ApplicationRelativeFilePath>
      <ProjectRelativeFilePath>IdentityServerConfiguration/IdentityServerConfigurationTemplatePartial.cs</ProjectRelativeFilePath>
      <IsIgnored>false</IsIgnored>
    </FileLog>
    <FileLog>
      <ProjectId>a84fa9d8-89e3-4d1f-a73f-9ad4414fc49e</ProjectId>
      <CorrelationId>Intent.ModuleBuilder.TemplateRegistration.SingleFileNoModel#4cffcf4c-6398-4915-94ed-7f2a449219a7</CorrelationId>
      <OverwriteBehaviour>always</OverwriteBehaviour>
      <ApplicationRelativeFilePath>Templates/IdentityServerConfiguration/IdentityServerConfigurationTemplateRegistration.cs</ApplicationRelativeFilePath>
      <ProjectRelativeFilePath>IdentityServerConfiguration/IdentityServerConfigurationTemplateRegistration.cs</ProjectRelativeFilePath>
      <IsIgnored>false</IsIgnored>
    </FileLog>
    <FileLog>
      <ProjectId>a84fa9d8-89e3-4d1f-a73f-9ad4414fc49e</ProjectId>
      <CorrelationId>Intent.ModuleBuilder.Templates.TemplateExtensions</CorrelationId>
      <OverwriteBehaviour>always</OverwriteBehaviour>
      <ApplicationRelativeFilePath>Templates/TemplateExtensions.cs</ApplicationRelativeFilePath>
      <ProjectRelativeFilePath>TemplateExtensions.cs</ProjectRelativeFilePath>
      <IsIgnored>false</IsIgnored>
    </FileLog>
  </FileLogs>
</outputLog>