<?xml version="1.0" encoding="utf-8"?>
<outputLog>
  <ApplicationId>b5fc2084-b1b4-49d0-bae3-af9b5256b54a</ApplicationId>
  <FileLogs>
    <FileLog>
      <CorrelationId>Intent.VisualStudio.Projects.VisualStudioSolution#9c91bf0a-24d6-47fd-80c8-4c51fb91e2b4</CorrelationId>
      <OverwriteBehaviour>always</OverwriteBehaviour>
      <ApplicationRelativeFilePath>../Intent.Modules.NET.sln</ApplicationRelativeFilePath>
      <IsIgnored>false</IsIgnored>
    </FileLog>
    <FileLog>
      <ProjectId>654bf4d7-260f-44ef-a32d-53e26df7e5a4</ProjectId>
      <CorrelationId>Intent.ModuleBuilder.Templates.FactoryExtension#e3a7b993-3652-40f7-afed-4eb9e6cdb85a</CorrelationId>
      <OverwriteBehaviour>always</OverwriteBehaviour>
      <ApplicationRelativeFilePath>FactoryExtensions/BugSnagQuartzJobListenerExtension.cs</ApplicationRelativeFilePath>
      <ProjectRelativeFilePath>BugSnagQuartzJobListenerExtension.cs</ProjectRelativeFilePath>
      <IsIgnored>false</IsIgnored>
    </FileLog>
    <FileLog>
      <ProjectId>654bf4d7-260f-44ef-a32d-53e26df7e5a4</ProjectId>
      <CorrelationId>Intent.ModuleBuilder.Templates.FactoryExtension#72fadaca-79ee-48d6-9ca8-bbc43d2a7da3</CorrelationId>
      <OverwriteBehaviour>always</OverwriteBehaviour>
      <ApplicationRelativeFilePath>FactoryExtensions/ExceptionFilterExtension.cs</ApplicationRelativeFilePath>
      <ProjectRelativeFilePath>ExceptionFilterExtension.cs</ProjectRelativeFilePath>
      <IsIgnored>false</IsIgnored>
    </FileLog>
    <FileLog>
      <ProjectId>a5d6d94f-98ea-425d-b7b7-52bf2aa44e62</ProjectId>
      <CorrelationId>Intent.ModuleBuilder.IModSpecFile</CorrelationId>
      <OverwriteBehaviour>always</OverwriteBehaviour>
      <ApplicationRelativeFilePath>Intent.Bugsnag.imodspec</ApplicationRelativeFilePath>
      <ProjectRelativeFilePath>Intent.Bugsnag.imodspec</ProjectRelativeFilePath>
      <IsIgnored>false</IsIgnored>
    </FileLog>
    <FileLog>
      <ProjectId>a5d6d94f-98ea-425d-b7b7-52bf2aa44e62</ProjectId>
      <CorrelationId>Intent.VisualStudio.Projects.CSharpProject#a5d6d94f-98ea-425d-b7b7-52bf2aa44e62</CorrelationId>
      <OverwriteBehaviour>always</OverwriteBehaviour>
      <ApplicationRelativeFilePath>Intent.Modules.Bugsnag.csproj</ApplicationRelativeFilePath>
      <ProjectRelativeFilePath>Intent.Modules.Bugsnag.csproj</ProjectRelativeFilePath>
      <IsIgnored>false</IsIgnored>
    </FileLog>
    <FileLog>
      <ProjectId>a5d6d94f-98ea-425d-b7b7-52bf2aa44e62</ProjectId>
      <CorrelationId>Intent.ModuleBuilder.CSharp.Templates.NugetPackages</CorrelationId>
      <OverwriteBehaviour>always</OverwriteBehaviour>
      <ApplicationRelativeFilePath>NugetPackages.cs</ApplicationRelativeFilePath>
      <ProjectRelativeFilePath>NugetPackages.cs</ProjectRelativeFilePath>
      <IsIgnored>false</IsIgnored>
    </FileLog>
    <FileLog>
      <ProjectId>a5d6d94f-98ea-425d-b7b7-52bf2aa44e62</ProjectId>
      <CorrelationId>Intent.ModuleBuilder.Templates.ReleaseNotes</CorrelationId>
      <OverwriteBehaviour>once-off</OverwriteBehaviour>
      <ApplicationRelativeFilePath>release-notes.md</ApplicationRelativeFilePath>
      <ProjectRelativeFilePath>release-notes.md</ProjectRelativeFilePath>
      <IsIgnored>false</IsIgnored>
    </FileLog>
    <FileLog>
      <ProjectId>6b746cbd-7e41-4b3f-8077-81d8d63ad755</ProjectId>
      <CorrelationId>Intent.ModuleBuilder.CSharp.Templates.CSharpTemplatePartial#3200ab5a-0cac-4fe3-b5f6-0e72865cce97</CorrelationId>
      <OverwriteBehaviour>always</OverwriteBehaviour>
      <ApplicationRelativeFilePath>Templates/BugsnagConfiguration/BugsnagConfigurationTemplatePartial.cs</ApplicationRelativeFilePath>
      <ProjectRelativeFilePath>BugsnagConfiguration/BugsnagConfigurationTemplatePartial.cs</ProjectRelativeFilePath>
      <IsIgnored>false</IsIgnored>
    </FileLog>
    <FileLog>
      <ProjectId>6b746cbd-7e41-4b3f-8077-81d8d63ad755</ProjectId>
      <CorrelationId>Intent.ModuleBuilder.TemplateRegistration.SingleFileNoModel#3200ab5a-0cac-4fe3-b5f6-0e72865cce97</CorrelationId>
      <OverwriteBehaviour>always</OverwriteBehaviour>
      <ApplicationRelativeFilePath>Templates/BugsnagConfiguration/BugsnagConfigurationTemplateRegistration.cs</ApplicationRelativeFilePath>
      <ProjectRelativeFilePath>BugsnagConfiguration/BugsnagConfigurationTemplateRegistration.cs</ProjectRelativeFilePath>
      <IsIgnored>false</IsIgnored>
    </FileLog>
    <FileLog>
      <ProjectId>6b746cbd-7e41-4b3f-8077-81d8d63ad755</ProjectId>
      <CorrelationId>Intent.ModuleBuilder.CSharp.Templates.CSharpTemplatePartial#255e1f6b-56b3-455e-aa4e-ac8ece699116</CorrelationId>
      <OverwriteBehaviour>always</OverwriteBehaviour>
      <ApplicationRelativeFilePath>Templates/BugSnagQuartzJobListener/BugSnagQuartzJobListenerTemplatePartial.cs</ApplicationRelativeFilePath>
      <ProjectRelativeFilePath>BugSnagQuartzJobListener/BugSnagQuartzJobListenerTemplatePartial.cs</ProjectRelativeFilePath>
      <IsIgnored>false</IsIgnored>
    </FileLog>
    <FileLog>
      <ProjectId>6b746cbd-7e41-4b3f-8077-81d8d63ad755</ProjectId>
      <CorrelationId>Intent.ModuleBuilder.TemplateRegistration.SingleFileNoModel#255e1f6b-56b3-455e-aa4e-ac8ece699116</CorrelationId>
      <OverwriteBehaviour>always</OverwriteBehaviour>
      <ApplicationRelativeFilePath>Templates/BugSnagQuartzJobListener/BugSnagQuartzJobListenerTemplateRegistration.cs</ApplicationRelativeFilePath>
      <ProjectRelativeFilePath>BugSnagQuartzJobListener/BugSnagQuartzJobListenerTemplateRegistration.cs</ProjectRelativeFilePath>
      <IsIgnored>false</IsIgnored>
    </FileLog>
    <FileLog>
      <ProjectId>6b746cbd-7e41-4b3f-8077-81d8d63ad755</ProjectId>
      <CorrelationId>Intent.ModuleBuilder.Templates.TemplateExtensions</CorrelationId>
      <OverwriteBehaviour>always</OverwriteBehaviour>
      <ApplicationRelativeFilePath>Templates/TemplateExtensions.cs</ApplicationRelativeFilePath>
      <ProjectRelativeFilePath>TemplateExtensions.cs</ProjectRelativeFilePath>
      <IsIgnored>false</IsIgnored>
    </FileLog>
  </FileLogs>
</outputLog>