<?xml version="1.0" encoding="utf-8"?>
<outputLog>
  <ApplicationId>11cd8cc9-0bc6-456a-9c81-94e640dd2829</ApplicationId>
  <FileLogs>
    <FileLog>
      <ApplicationRelativeFilePath>../Intent.Modules.NET.sln</ApplicationRelativeFilePath>
      <IsIgnored>false</IsIgnored>
    </FileLog>
    <FileLog>
      <ProjectId>e70fc8ae-5eff-42c7-8f04-e1f44947b9c0</ProjectId>
      <CorrelationId>Intent.ModuleBuilder.IModeSpecFile</CorrelationId>
      <ApplicationRelativeFilePath>Intent.MediatR.DomainEvents.imodspec</ApplicationRelativeFilePath>
      <ProjectRelativeFilePath>Intent.MediatR.DomainEvents.imodspec</ProjectRelativeFilePath>
      <IsIgnored>false</IsIgnored>
    </FileLog>
    <FileLog>
      <ProjectId>e70fc8ae-5eff-42c7-8f04-e1f44947b9c0</ProjectId>
      <CorrelationId>Intent.VisualStudio.Projects.CoreLibrary.CSProject#e70fc8ae-5eff-42c7-8f04-e1f44947b9c0</CorrelationId>
      <ApplicationRelativeFilePath>Intent.Modules.MediatR.DomainEvents.csproj</ApplicationRelativeFilePath>
      <ProjectRelativeFilePath>Intent.Modules.MediatR.DomainEvents.csproj</ProjectRelativeFilePath>
      <IsIgnored>false</IsIgnored>
    </FileLog>
    <FileLog>
      <ProjectId>e70fc8ae-5eff-42c7-8f04-e1f44947b9c0</ProjectId>
      <CorrelationId>Intent.ModuleBuilder.ReadMe</CorrelationId>
      <ApplicationRelativeFilePath>README.txt</ApplicationRelativeFilePath>
      <ProjectRelativeFilePath>README.txt</ProjectRelativeFilePath>
      <IsIgnored>false</IsIgnored>
    </FileLog>
    <FileLog>
      <ProjectId>c390dd37-51fd-4002-88d2-9e4afcada55e</ProjectId>
      <CorrelationId>Intent.ModuleBuilder.CSharp.Templates.CSharpTemplate.T4Template.PreProcessed#7a160dcd-41c6-4e89-a6fc-f237f5ce15d7</CorrelationId>
      <ApplicationRelativeFilePath>Templates/DomainEventHandler/DomainEventHandlerTemplate.cs</ApplicationRelativeFilePath>
      <ProjectRelativeFilePath>DomainEventHandler/DomainEventHandlerTemplate.cs</ProjectRelativeFilePath>
      <IsIgnored>false</IsIgnored>
    </FileLog>
    <FileLog>
      <ProjectId>c390dd37-51fd-4002-88d2-9e4afcada55e</ProjectId>
      <CorrelationId>Intent.ModuleBuilder.CSharp.Templates.CSharpTemplate#7a160dcd-41c6-4e89-a6fc-f237f5ce15d7</CorrelationId>
      <ApplicationRelativeFilePath>Templates/DomainEventHandler/DomainEventHandlerTemplate.tt</ApplicationRelativeFilePath>
      <ProjectRelativeFilePath>DomainEventHandler/DomainEventHandlerTemplate.tt</ProjectRelativeFilePath>
      <IsIgnored>false</IsIgnored>
    </FileLog>
    <FileLog>
      <ProjectId>c390dd37-51fd-4002-88d2-9e4afcada55e</ProjectId>
      <CorrelationId>Intent.ModuleBuilder.CSharp.Templates.CSharpTemplatePartial#7a160dcd-41c6-4e89-a6fc-f237f5ce15d7</CorrelationId>
      <ApplicationRelativeFilePath>Templates/DomainEventHandler/DomainEventHandlerTemplatePartial.cs</ApplicationRelativeFilePath>
      <ProjectRelativeFilePath>DomainEventHandler/DomainEventHandlerTemplatePartial.cs</ProjectRelativeFilePath>
      <IsIgnored>false</IsIgnored>
    </FileLog>
    <FileLog>
      <ProjectId>c390dd37-51fd-4002-88d2-9e4afcada55e</ProjectId>
      <CorrelationId>Intent.ModuleBuilder.TemplateRegistration.FilePerModel#7a160dcd-41c6-4e89-a6fc-f237f5ce15d7</CorrelationId>
      <ApplicationRelativeFilePath>Templates/DomainEventHandler/DomainEventHandlerTemplateRegistration.cs</ApplicationRelativeFilePath>
      <ProjectRelativeFilePath>DomainEventHandler/DomainEventHandlerTemplateRegistration.cs</ProjectRelativeFilePath>
      <IsIgnored>false</IsIgnored>
    </FileLog>
    <FileLog>
      <ProjectId>c390dd37-51fd-4002-88d2-9e4afcada55e</ProjectId>
      <CorrelationId>Intent.ModuleBuilder.CSharp.Templates.CSharpTemplate.T4Template.PreProcessed#facf0926-17f5-4e56-b647-5718e15fcbb4</CorrelationId>
      <ApplicationRelativeFilePath>Templates/DomainEventNotification/DomainEventNotificationTemplate.cs</ApplicationRelativeFilePath>
      <ProjectRelativeFilePath>DomainEventNotification/DomainEventNotificationTemplate.cs</ProjectRelativeFilePath>
      <IsIgnored>false</IsIgnored>
    </FileLog>
    <FileLog>
      <ProjectId>c390dd37-51fd-4002-88d2-9e4afcada55e</ProjectId>
      <CorrelationId>Intent.ModuleBuilder.CSharp.Templates.CSharpTemplate#facf0926-17f5-4e56-b647-5718e15fcbb4</CorrelationId>
      <ApplicationRelativeFilePath>Templates/DomainEventNotification/DomainEventNotificationTemplate.tt</ApplicationRelativeFilePath>
      <ProjectRelativeFilePath>DomainEventNotification/DomainEventNotificationTemplate.tt</ProjectRelativeFilePath>
      <IsIgnored>false</IsIgnored>
    </FileLog>
    <FileLog>
      <ProjectId>c390dd37-51fd-4002-88d2-9e4afcada55e</ProjectId>
      <CorrelationId>Intent.ModuleBuilder.CSharp.Templates.CSharpTemplatePartial#facf0926-17f5-4e56-b647-5718e15fcbb4</CorrelationId>
      <ApplicationRelativeFilePath>Templates/DomainEventNotification/DomainEventNotificationTemplatePartial.cs</ApplicationRelativeFilePath>
      <ProjectRelativeFilePath>DomainEventNotification/DomainEventNotificationTemplatePartial.cs</ProjectRelativeFilePath>
      <IsIgnored>false</IsIgnored>
    </FileLog>
    <FileLog>
      <ProjectId>c390dd37-51fd-4002-88d2-9e4afcada55e</ProjectId>
      <CorrelationId>Intent.ModuleBuilder.TemplateRegistration.SingleFileNoModel#facf0926-17f5-4e56-b647-5718e15fcbb4</CorrelationId>
      <ApplicationRelativeFilePath>Templates/DomainEventNotification/DomainEventNotificationTemplateRegistration.cs</ApplicationRelativeFilePath>
      <ProjectRelativeFilePath>DomainEventNotification/DomainEventNotificationTemplateRegistration.cs</ProjectRelativeFilePath>
      <IsIgnored>false</IsIgnored>
    </FileLog>
    <FileLog>
      <ProjectId>c390dd37-51fd-4002-88d2-9e4afcada55e</ProjectId>
      <CorrelationId>Intent.ModuleBuilder.CSharp.Templates.CSharpTemplate.T4Template.PreProcessed#c5749322-7ef9-4947-95dd-9a9c01131077</CorrelationId>
      <ApplicationRelativeFilePath>Templates/DomainEventService/DomainEventServiceTemplate.cs</ApplicationRelativeFilePath>
      <ProjectRelativeFilePath>DomainEventService/DomainEventServiceTemplate.cs</ProjectRelativeFilePath>
      <IsIgnored>false</IsIgnored>
    </FileLog>
    <FileLog>
      <ProjectId>c390dd37-51fd-4002-88d2-9e4afcada55e</ProjectId>
      <CorrelationId>Intent.ModuleBuilder.CSharp.Templates.CSharpTemplate#c5749322-7ef9-4947-95dd-9a9c01131077</CorrelationId>
      <ApplicationRelativeFilePath>Templates/DomainEventService/DomainEventServiceTemplate.tt</ApplicationRelativeFilePath>
      <ProjectRelativeFilePath>DomainEventService/DomainEventServiceTemplate.tt</ProjectRelativeFilePath>
      <IsIgnored>false</IsIgnored>
    </FileLog>
    <FileLog>
      <ProjectId>c390dd37-51fd-4002-88d2-9e4afcada55e</ProjectId>
      <CorrelationId>Intent.ModuleBuilder.CSharp.Templates.CSharpTemplatePartial#c5749322-7ef9-4947-95dd-9a9c01131077</CorrelationId>
      <ApplicationRelativeFilePath>Templates/DomainEventService/DomainEventServiceTemplatePartial.cs</ApplicationRelativeFilePath>
      <ProjectRelativeFilePath>DomainEventService/DomainEventServiceTemplatePartial.cs</ProjectRelativeFilePath>
      <IsIgnored>false</IsIgnored>
    </FileLog>
    <FileLog>
      <ProjectId>c390dd37-51fd-4002-88d2-9e4afcada55e</ProjectId>
      <CorrelationId>Intent.ModuleBuilder.TemplateRegistration.SingleFileNoModel#c5749322-7ef9-4947-95dd-9a9c01131077</CorrelationId>
      <ApplicationRelativeFilePath>Templates/DomainEventService/DomainEventServiceTemplateRegistration.cs</ApplicationRelativeFilePath>
      <ProjectRelativeFilePath>DomainEventService/DomainEventServiceTemplateRegistration.cs</ProjectRelativeFilePath>
      <IsIgnored>false</IsIgnored>
    </FileLog>
    <FileLog>
      <ProjectId>c390dd37-51fd-4002-88d2-9e4afcada55e</ProjectId>
      <ApplicationRelativeFilePath>Templates/TemplateExtensions.cs</ApplicationRelativeFilePath>
      <ProjectRelativeFilePath>TemplateExtensions.cs</ProjectRelativeFilePath>
      <IsIgnored>false</IsIgnored>
    </FileLog>
  </FileLogs>
</outputLog>