<?xml version="1.0" encoding="utf-8"?>
<outputLog>
  <ApplicationId>007bc5e4-978a-4a04-8c15-a206673a3b4f</ApplicationId>
  <FileLogs>
    <FileLog>
      <CorrelationId>Intent.VisualStudio.Projects.VisualStudioSolution#6840f540-6762-4870-8bc7-7d8f48300980</CorrelationId>
      <OverwriteBehaviour>always</OverwriteBehaviour>
      <ApplicationRelativeFilePath>../Intent.Modules.NET.sln</ApplicationRelativeFilePath>
      <IsIgnored>false</IsIgnored>
    </FileLog>
    <FileLog>
      <ProjectId>366bb492-c2b2-4076-95eb-344dbc5d5d0d</ProjectId>
      <CorrelationId>Intent.ModuleBuilder.Templates.StaticContentOutputReadme#be4782b5-7a0e-44b6-8ae0-5b8966680050</CorrelationId>
      <OverwriteBehaviour>once-off</OverwriteBehaviour>
      <ApplicationRelativeFilePath>content/static-content/readme.txt</ApplicationRelativeFilePath>
      <ProjectRelativeFilePath>content/static-content/readme.txt</ProjectRelativeFilePath>
      <IsIgnored>false</IsIgnored>
    </FileLog>
    <FileLog>
      <ProjectId>8008798b-5351-470d-a71b-6e65aef30d2e</ProjectId>
      <CorrelationId>Intent.ModuleBuilder.Templates.FactoryExtension#4017e8cf-2e65-4877-828f-f4b7e1ac690c</CorrelationId>
      <OverwriteBehaviour>always</OverwriteBehaviour>
      <ApplicationRelativeFilePath>FactoryExtensions/HostWiringFactoryExtension.cs</ApplicationRelativeFilePath>
      <ProjectRelativeFilePath>HostWiringFactoryExtension.cs</ProjectRelativeFilePath>
      <IsIgnored>false</IsIgnored>
    </FileLog>
    <FileLog>
      <ProjectId>366bb492-c2b2-4076-95eb-344dbc5d5d0d</ProjectId>
      <CorrelationId>Intent.ModuleBuilder.IModSpecFile</CorrelationId>
      <OverwriteBehaviour>always</OverwriteBehaviour>
      <ApplicationRelativeFilePath>Intent.Blazor.Server.imodspec</ApplicationRelativeFilePath>
      <ProjectRelativeFilePath>Intent.Blazor.Server.imodspec</ProjectRelativeFilePath>
      <IsIgnored>false</IsIgnored>
    </FileLog>
    <FileLog>
      <ProjectId>366bb492-c2b2-4076-95eb-344dbc5d5d0d</ProjectId>
      <CorrelationId>Intent.VisualStudio.Projects.CSharpProject#366bb492-c2b2-4076-95eb-344dbc5d5d0d</CorrelationId>
      <OverwriteBehaviour>always</OverwriteBehaviour>
      <ApplicationRelativeFilePath>Intent.Modules.Blazor.Server.csproj</ApplicationRelativeFilePath>
      <ProjectRelativeFilePath>Intent.Modules.Blazor.Server.csproj</ProjectRelativeFilePath>
      <IsIgnored>false</IsIgnored>
    </FileLog>
    <FileLog>
      <ProjectId>366bb492-c2b2-4076-95eb-344dbc5d5d0d</ProjectId>
      <CorrelationId>Intent.ModuleBuilder.Templates.ReleaseNotes</CorrelationId>
      <OverwriteBehaviour>once-off</OverwriteBehaviour>
      <ApplicationRelativeFilePath>release-notes.md</ApplicationRelativeFilePath>
      <ProjectRelativeFilePath>release-notes.md</ProjectRelativeFilePath>
      <IsIgnored>false</IsIgnored>
    </FileLog>
    <FileLog>
      <ProjectId>0b021b0d-b72a-40cf-a5b9-098c8c743b3d</ProjectId>
      <CorrelationId>Intent.ModuleBuilder.Templates.DocumentationTemplate#53f65b99-9a0a-44fd-9a73-01fa1107a95a</CorrelationId>
      <OverwriteBehaviour>always</OverwriteBehaviour>
      <ApplicationRelativeFilePath>resources/documentation.json</ApplicationRelativeFilePath>
      <ProjectRelativeFilePath>documentation.json</ProjectRelativeFilePath>
      <IsIgnored>false</IsIgnored>
    </FileLog>
    <FileLog>
      <ProjectId>45fdd3b8-8a61-41a3-ab0e-e70ff3608036</ProjectId>
      <CorrelationId>Intent.ModuleBuilder.Templates.StaticContentTemplateRegistration#be4782b5-7a0e-44b6-8ae0-5b8966680050</CorrelationId>
      <OverwriteBehaviour>always</OverwriteBehaviour>
      <ApplicationRelativeFilePath>Templates/StaticContentTemplateRegistrations/StaticFilesStaticContentTemplateRegistration.cs</ApplicationRelativeFilePath>
      <ProjectRelativeFilePath>StaticContentTemplateRegistrations/StaticFilesStaticContentTemplateRegistration.cs</ProjectRelativeFilePath>
      <IsIgnored>false</IsIgnored>
    </FileLog>
  </FileLogs>
</outputLog>