<?xml version="1.0" encoding="utf-8"?>
<outputLog>
  <ApplicationId>6e53e156-5533-4def-95e4-e4cd8bb4f992</ApplicationId>
  <FileLogs>
    <FileLog>
      <CorrelationId>Intent.VisualStudio.Projects.VisualStudioSolution#2bd8111e-1186-416b-bc2f-36add0e28b45</CorrelationId>
      <OverwriteBehaviour>always</OverwriteBehaviour>
      <ApplicationRelativeFilePath>../Intent.Modules.NET.sln</ApplicationRelativeFilePath>
      <IsIgnored>false</IsIgnored>
    </FileLog>
    <FileLog>
      <ProjectId>a22ba269-5359-4fe4-8a27-a183249450a6</ProjectId>
      <CorrelationId>Intent.ModuleBuilder.Templates.FactoryExtension#ec674ac5-f083-409f-8f27-3de0a2897a28</CorrelationId>
      <OverwriteBehaviour>always</OverwriteBehaviour>
      <ApplicationRelativeFilePath>FactoryExtensions/EnsureParameterlessConstructorsExtension.cs</ApplicationRelativeFilePath>
      <ProjectRelativeFilePath>EnsureParameterlessConstructorsExtension.cs</ProjectRelativeFilePath>
      <IsIgnored>false</IsIgnored>
    </FileLog>
    <FileLog>
      <ProjectId>a22ba269-5359-4fe4-8a27-a183249450a6</ProjectId>
      <CorrelationId>Intent.ModuleBuilder.Templates.FactoryExtension#24d0bbd6-e038-425a-bdca-c9b1786c977d</CorrelationId>
      <OverwriteBehaviour>always</OverwriteBehaviour>
      <ApplicationRelativeFilePath>FactoryExtensions/EntityFactoryExtension.cs</ApplicationRelativeFilePath>
      <ProjectRelativeFilePath>EntityFactoryExtension.cs</ProjectRelativeFilePath>
      <IsIgnored>false</IsIgnored>
    </FileLog>
    <FileLog>
      <ProjectId>cb1a4b18-443d-4196-8a7e-d3318a2f1fa8</ProjectId>
      <CorrelationId>Intent.ModuleBuilder.IModSpecFile</CorrelationId>
      <OverwriteBehaviour>always</OverwriteBehaviour>
      <ApplicationRelativeFilePath>Intent.Azure.TableStorage.imodspec</ApplicationRelativeFilePath>
      <ProjectRelativeFilePath>Intent.Azure.TableStorage.imodspec</ProjectRelativeFilePath>
      <IsIgnored>false</IsIgnored>
    </FileLog>
    <FileLog>
      <ProjectId>cb1a4b18-443d-4196-8a7e-d3318a2f1fa8</ProjectId>
      <CorrelationId>Intent.VisualStudio.Projects.CoreLibrary.CSProject#cb1a4b18-443d-4196-8a7e-d3318a2f1fa8</CorrelationId>
      <OverwriteBehaviour>always</OverwriteBehaviour>
      <ApplicationRelativeFilePath>Intent.Modules.Azure.TableStorage.csproj</ApplicationRelativeFilePath>
      <ProjectRelativeFilePath>Intent.Modules.Azure.TableStorage.csproj</ProjectRelativeFilePath>
      <IsIgnored>false</IsIgnored>
    </FileLog>
    <FileLog>
      <ProjectId>cb1a4b18-443d-4196-8a7e-d3318a2f1fa8</ProjectId>
      <CorrelationId>Intent.ModuleBuilder.CSharp.Templates.NugetPackages</CorrelationId>
      <OverwriteBehaviour>always</OverwriteBehaviour>
      <ApplicationRelativeFilePath>NugetPackages.cs</ApplicationRelativeFilePath>
      <ProjectRelativeFilePath>NugetPackages.cs</ProjectRelativeFilePath>
      <IsIgnored>false</IsIgnored>
    </FileLog>
    <FileLog>
      <ProjectId>cb1a4b18-443d-4196-8a7e-d3318a2f1fa8</ProjectId>
      <CorrelationId>Intent.ModuleBuilder.Templates.ReleaseNotes</CorrelationId>
      <OverwriteBehaviour>once-off</OverwriteBehaviour>
      <ApplicationRelativeFilePath>release-notes.md</ApplicationRelativeFilePath>
      <ProjectRelativeFilePath>release-notes.md</ProjectRelativeFilePath>
      <IsIgnored>false</IsIgnored>
    </FileLog>
    <FileLog>
      <ProjectId>024c8637-194f-4014-83e5-8a69a333f07d</ProjectId>
      <CorrelationId>Intent.ModuleBuilder.CSharp.Templates.CSharpTemplatePartial#fdb71443-1048-4459-83a1-4173b5c5c4af</CorrelationId>
      <OverwriteBehaviour>always</OverwriteBehaviour>
      <ApplicationRelativeFilePath>Templates/TableStorageRepository/TableStorageRepositoryTemplatePartial.cs</ApplicationRelativeFilePath>
      <ProjectRelativeFilePath>TableStorageRepository/TableStorageRepositoryTemplatePartial.cs</ProjectRelativeFilePath>
      <IsIgnored>false</IsIgnored>
    </FileLog>
    <FileLog>
      <ProjectId>024c8637-194f-4014-83e5-8a69a333f07d</ProjectId>
      <CorrelationId>Intent.ModuleBuilder.TemplateRegistration.FilePerModel#fdb71443-1048-4459-83a1-4173b5c5c4af</CorrelationId>
      <OverwriteBehaviour>always</OverwriteBehaviour>
      <ApplicationRelativeFilePath>Templates/TableStorageRepository/TableStorageRepositoryTemplateRegistration.cs</ApplicationRelativeFilePath>
      <ProjectRelativeFilePath>TableStorageRepository/TableStorageRepositoryTemplateRegistration.cs</ProjectRelativeFilePath>
      <IsIgnored>false</IsIgnored>
    </FileLog>
    <FileLog>
      <ProjectId>024c8637-194f-4014-83e5-8a69a333f07d</ProjectId>
      <CorrelationId>Intent.ModuleBuilder.CSharp.Templates.CSharpTemplatePartial#257265f6-acb1-4796-acb9-9b32eb599727</CorrelationId>
      <OverwriteBehaviour>always</OverwriteBehaviour>
      <ApplicationRelativeFilePath>Templates/TableStorageRepositoryBase/TableStorageRepositoryBaseTemplatePartial.cs</ApplicationRelativeFilePath>
      <ProjectRelativeFilePath>TableStorageRepositoryBase/TableStorageRepositoryBaseTemplatePartial.cs</ProjectRelativeFilePath>
      <IsIgnored>false</IsIgnored>
    </FileLog>
    <FileLog>
      <ProjectId>024c8637-194f-4014-83e5-8a69a333f07d</ProjectId>
      <CorrelationId>Intent.ModuleBuilder.TemplateRegistration.SingleFileListModel#257265f6-acb1-4796-acb9-9b32eb599727</CorrelationId>
      <OverwriteBehaviour>always</OverwriteBehaviour>
      <ApplicationRelativeFilePath>Templates/TableStorageRepositoryBase/TableStorageRepositoryBaseTemplateRegistration.cs</ApplicationRelativeFilePath>
      <ProjectRelativeFilePath>TableStorageRepositoryBase/TableStorageRepositoryBaseTemplateRegistration.cs</ProjectRelativeFilePath>
      <IsIgnored>false</IsIgnored>
    </FileLog>
    <FileLog>
      <ProjectId>024c8637-194f-4014-83e5-8a69a333f07d</ProjectId>
      <CorrelationId>Intent.ModuleBuilder.CSharp.Templates.CSharpTemplatePartial#cf59ff5e-3a7f-4d27-b766-df0208f7fdd5</CorrelationId>
      <OverwriteBehaviour>always</OverwriteBehaviour>
      <ApplicationRelativeFilePath>Templates/TableStorageRepositoryInterface/TableStorageRepositoryInterfaceTemplatePartial.cs</ApplicationRelativeFilePath>
      <ProjectRelativeFilePath>TableStorageRepositoryInterface/TableStorageRepositoryInterfaceTemplatePartial.cs</ProjectRelativeFilePath>
      <IsIgnored>false</IsIgnored>
    </FileLog>
    <FileLog>
      <ProjectId>024c8637-194f-4014-83e5-8a69a333f07d</ProjectId>
      <CorrelationId>Intent.ModuleBuilder.TemplateRegistration.SingleFileListModel#cf59ff5e-3a7f-4d27-b766-df0208f7fdd5</CorrelationId>
      <OverwriteBehaviour>always</OverwriteBehaviour>
      <ApplicationRelativeFilePath>Templates/TableStorageRepositoryInterface/TableStorageRepositoryInterfaceTemplateRegistration.cs</ApplicationRelativeFilePath>
      <ProjectRelativeFilePath>TableStorageRepositoryInterface/TableStorageRepositoryInterfaceTemplateRegistration.cs</ProjectRelativeFilePath>
      <IsIgnored>false</IsIgnored>
    </FileLog>
    <FileLog>
      <ProjectId>024c8637-194f-4014-83e5-8a69a333f07d</ProjectId>
      <CorrelationId>Intent.ModuleBuilder.CSharp.Templates.CSharpTemplatePartial#1c23f4ed-4b10-407e-bd4f-b48c6b853301</CorrelationId>
      <OverwriteBehaviour>always</OverwriteBehaviour>
      <ApplicationRelativeFilePath>Templates/TableStorageTableAdapterInterface/TableStorageTableAdapterInterfaceTemplatePartial.cs</ApplicationRelativeFilePath>
      <ProjectRelativeFilePath>TableStorageTableAdapterInterface/TableStorageTableAdapterInterfaceTemplatePartial.cs</ProjectRelativeFilePath>
      <IsIgnored>false</IsIgnored>
    </FileLog>
    <FileLog>
      <ProjectId>024c8637-194f-4014-83e5-8a69a333f07d</ProjectId>
      <CorrelationId>Intent.ModuleBuilder.TemplateRegistration.SingleFileNoModel#1c23f4ed-4b10-407e-bd4f-b48c6b853301</CorrelationId>
      <OverwriteBehaviour>always</OverwriteBehaviour>
      <ApplicationRelativeFilePath>Templates/TableStorageTableAdapterInterface/TableStorageTableAdapterInterfaceTemplateRegistration.cs</ApplicationRelativeFilePath>
      <ProjectRelativeFilePath>TableStorageTableAdapterInterface/TableStorageTableAdapterInterfaceTemplateRegistration.cs</ProjectRelativeFilePath>
      <IsIgnored>false</IsIgnored>
    </FileLog>
    <FileLog>
      <ProjectId>024c8637-194f-4014-83e5-8a69a333f07d</ProjectId>
      <CorrelationId>Intent.ModuleBuilder.CSharp.Templates.CSharpTemplatePartial#35e53847-af58-4ef7-94bb-b28abdd7bfcc</CorrelationId>
      <OverwriteBehaviour>always</OverwriteBehaviour>
      <ApplicationRelativeFilePath>Templates/TableStorageTableEntity/TableStorageTableEntityTemplatePartial.cs</ApplicationRelativeFilePath>
      <ProjectRelativeFilePath>TableStorageTableEntity/TableStorageTableEntityTemplatePartial.cs</ProjectRelativeFilePath>
      <IsIgnored>false</IsIgnored>
    </FileLog>
    <FileLog>
      <ProjectId>024c8637-194f-4014-83e5-8a69a333f07d</ProjectId>
      <CorrelationId>Intent.ModuleBuilder.TemplateRegistration.FilePerModel#35e53847-af58-4ef7-94bb-b28abdd7bfcc</CorrelationId>
      <OverwriteBehaviour>always</OverwriteBehaviour>
      <ApplicationRelativeFilePath>Templates/TableStorageTableEntity/TableStorageTableEntityTemplateRegistration.cs</ApplicationRelativeFilePath>
      <ProjectRelativeFilePath>TableStorageTableEntity/TableStorageTableEntityTemplateRegistration.cs</ProjectRelativeFilePath>
      <IsIgnored>false</IsIgnored>
    </FileLog>
    <FileLog>
      <ProjectId>024c8637-194f-4014-83e5-8a69a333f07d</ProjectId>
      <CorrelationId>Intent.ModuleBuilder.CSharp.Templates.CSharpTemplatePartial#d48f340f-f81a-44d4-bfe2-851c1391e464</CorrelationId>
      <OverwriteBehaviour>always</OverwriteBehaviour>
      <ApplicationRelativeFilePath>Templates/TableStorageTableEntityInterface/TableStorageTableEntityInterfaceTemplatePartial.cs</ApplicationRelativeFilePath>
      <ProjectRelativeFilePath>TableStorageTableEntityInterface/TableStorageTableEntityInterfaceTemplatePartial.cs</ProjectRelativeFilePath>
      <IsIgnored>false</IsIgnored>
    </FileLog>
    <FileLog>
      <ProjectId>024c8637-194f-4014-83e5-8a69a333f07d</ProjectId>
      <CorrelationId>Intent.ModuleBuilder.TemplateRegistration.FilePerModel#d48f340f-f81a-44d4-bfe2-851c1391e464</CorrelationId>
      <OverwriteBehaviour>always</OverwriteBehaviour>
      <ApplicationRelativeFilePath>Templates/TableStorageTableEntityInterface/TableStorageTableEntityInterfaceTemplateRegistration.cs</ApplicationRelativeFilePath>
      <ProjectRelativeFilePath>TableStorageTableEntityInterface/TableStorageTableEntityInterfaceTemplateRegistration.cs</ProjectRelativeFilePath>
      <IsIgnored>false</IsIgnored>
    </FileLog>
    <FileLog>
      <ProjectId>024c8637-194f-4014-83e5-8a69a333f07d</ProjectId>
      <CorrelationId>Intent.ModuleBuilder.CSharp.Templates.CSharpTemplatePartial#31adb394-3081-4628-bfcc-90b210559e7f</CorrelationId>
      <OverwriteBehaviour>always</OverwriteBehaviour>
      <ApplicationRelativeFilePath>Templates/TableStorageUnitOfWork/TableStorageUnitOfWorkTemplatePartial.cs</ApplicationRelativeFilePath>
      <ProjectRelativeFilePath>TableStorageUnitOfWork/TableStorageUnitOfWorkTemplatePartial.cs</ProjectRelativeFilePath>
      <IsIgnored>false</IsIgnored>
    </FileLog>
    <FileLog>
      <ProjectId>024c8637-194f-4014-83e5-8a69a333f07d</ProjectId>
      <CorrelationId>Intent.ModuleBuilder.TemplateRegistration.SingleFileNoModel#31adb394-3081-4628-bfcc-90b210559e7f</CorrelationId>
      <OverwriteBehaviour>always</OverwriteBehaviour>
      <ApplicationRelativeFilePath>Templates/TableStorageUnitOfWork/TableStorageUnitOfWorkTemplateRegistration.cs</ApplicationRelativeFilePath>
      <ProjectRelativeFilePath>TableStorageUnitOfWork/TableStorageUnitOfWorkTemplateRegistration.cs</ProjectRelativeFilePath>
      <IsIgnored>false</IsIgnored>
    </FileLog>
    <FileLog>
      <ProjectId>024c8637-194f-4014-83e5-8a69a333f07d</ProjectId>
      <CorrelationId>Intent.ModuleBuilder.CSharp.Templates.CSharpTemplatePartial#ef9d9622-3f82-4fcb-a819-f0145c63fca8</CorrelationId>
      <OverwriteBehaviour>always</OverwriteBehaviour>
      <ApplicationRelativeFilePath>Templates/TableStorageUnitOfWorkInterface/TableStorageUnitOfWorkInterfaceTemplatePartial.cs</ApplicationRelativeFilePath>
      <ProjectRelativeFilePath>TableStorageUnitOfWorkInterface/TableStorageUnitOfWorkInterfaceTemplatePartial.cs</ProjectRelativeFilePath>
      <IsIgnored>false</IsIgnored>
    </FileLog>
    <FileLog>
      <ProjectId>024c8637-194f-4014-83e5-8a69a333f07d</ProjectId>
      <CorrelationId>Intent.ModuleBuilder.TemplateRegistration.SingleFileNoModel#ef9d9622-3f82-4fcb-a819-f0145c63fca8</CorrelationId>
      <OverwriteBehaviour>always</OverwriteBehaviour>
      <ApplicationRelativeFilePath>Templates/TableStorageUnitOfWorkInterface/TableStorageUnitOfWorkInterfaceTemplateRegistration.cs</ApplicationRelativeFilePath>
      <ProjectRelativeFilePath>TableStorageUnitOfWorkInterface/TableStorageUnitOfWorkInterfaceTemplateRegistration.cs</ProjectRelativeFilePath>
      <IsIgnored>false</IsIgnored>
    </FileLog>
    <FileLog>
      <ProjectId>024c8637-194f-4014-83e5-8a69a333f07d</ProjectId>
      <CorrelationId>Intent.ModuleBuilder.Templates.TemplateExtensions</CorrelationId>
      <OverwriteBehaviour>always</OverwriteBehaviour>
      <ApplicationRelativeFilePath>Templates/TemplateExtensions.cs</ApplicationRelativeFilePath>
      <ProjectRelativeFilePath>TemplateExtensions.cs</ProjectRelativeFilePath>
      <IsIgnored>false</IsIgnored>
    </FileLog>
  </FileLogs>
</outputLog>