<?xml version="1.0" encoding="utf-8"?>
<outputLog>
  <ApplicationId>07b5dc37-49fd-416e-8330-49c9a83331f2</ApplicationId>
  <FileLogs>
    <FileLog>
      <CorrelationId>Intent.VisualStudio.Projects.VisualStudio2015Solution#485cf794-4558-41d8-b66c-915b1079e5f0</CorrelationId>
      <ApplicationRelativeFilePath>../Intent.Modules.NET.sln</ApplicationRelativeFilePath>
      <IsIgnored>false</IsIgnored>
    </FileLog>
    <FileLog>
      <ProjectId>c7fd6637-5a78-4c77-a284-03fb87d2e4b3</ProjectId>
      <CorrelationId>Intent.ModuleBuilder.Templates.Api.ApiElementModelExtensions#0090fb93-483e-41af-a11d-5ad2dc796adf</CorrelationId>
      <ApplicationRelativeFilePath>Api/Extensions/AttributeModelStereotypeExtensions.cs</ApplicationRelativeFilePath>
      <ProjectRelativeFilePath>AttributeModelStereotypeExtensions.cs</ProjectRelativeFilePath>
      <IsIgnored>false</IsIgnored>
    </FileLog>
    <FileLog>
      <ProjectId>a1131531-4494-4841-85fa-1e3f07268ca9</ProjectId>
      <CorrelationId>Intent.ModuleBuilder.IModSpecFile</CorrelationId>
      <ApplicationRelativeFilePath>Intent.EntityFrameworkCore.imodspec</ApplicationRelativeFilePath>
      <ProjectRelativeFilePath>Intent.EntityFrameworkCore.imodspec</ProjectRelativeFilePath>
      <IsIgnored>false</IsIgnored>
    </FileLog>
    <FileLog>
      <ProjectId>a1131531-4494-4841-85fa-1e3f07268ca9</ProjectId>
      <CorrelationId>Intent.VisualStudio.Projects.CoreLibrary.CSProject#a1131531-4494-4841-85fa-1e3f07268ca9</CorrelationId>
      <ApplicationRelativeFilePath>Intent.Modules.EntityFrameworkCore.csproj</ApplicationRelativeFilePath>
      <ProjectRelativeFilePath>Intent.Modules.EntityFrameworkCore.csproj</ProjectRelativeFilePath>
      <IsIgnored>false</IsIgnored>
    </FileLog>
    <FileLog>
      <ProjectId>a1131531-4494-4841-85fa-1e3f07268ca9</ProjectId>
      <CorrelationId>Intent.ModuleBuilder.ReadMe</CorrelationId>
      <ApplicationRelativeFilePath>README.txt</ApplicationRelativeFilePath>
      <ProjectRelativeFilePath>README.txt</ProjectRelativeFilePath>
      <IsIgnored>false</IsIgnored>
    </FileLog>
    <FileLog>
      <ProjectId>fed3139b-f756-4f55-a155-e374d2965abf</ProjectId>
      <CorrelationId>Intent.ModuleBuilder.Templates.Settings.ModuleSettingsExtensions#a9d2a398-04e4-4300-9fbb-768568c65f9e</CorrelationId>
      <ApplicationRelativeFilePath>Settings/ModuleSettingsExtensions.cs</ApplicationRelativeFilePath>
      <ProjectRelativeFilePath>ModuleSettingsExtensions.cs</ProjectRelativeFilePath>
      <IsIgnored>false</IsIgnored>
    </FileLog>
    <FileLog>
      <ProjectId>67ac698c-a53d-4381-8cd6-6d1c947d0e2d</ProjectId>
      <CorrelationId>Intent.ModuleBuilder.Templates.TemplateDecoratorContract#c35164c7-3797-476e-89ba-c98b96de3176</CorrelationId>
      <ApplicationRelativeFilePath>Templates/DbContext/DbContextDecoratorBase.cs</ApplicationRelativeFilePath>
      <ProjectRelativeFilePath>DbContext/DbContextDecoratorBase.cs</ProjectRelativeFilePath>
      <IsIgnored>false</IsIgnored>
    </FileLog>
    <FileLog>
      <ProjectId>67ac698c-a53d-4381-8cd6-6d1c947d0e2d</ProjectId>
      <CorrelationId>Intent.ModuleBuilder.CSharp.Templates.CSharpTemplate.T4Template.PreProcessed#96f7b6e6-79da-4f5e-b095-3d603777968b</CorrelationId>
      <ApplicationRelativeFilePath>Templates/DbContext/DbContextTemplate.cs</ApplicationRelativeFilePath>
      <ProjectRelativeFilePath>DbContext/DbContextTemplate.cs</ProjectRelativeFilePath>
      <IsIgnored>false</IsIgnored>
    </FileLog>
    <FileLog>
      <ProjectId>67ac698c-a53d-4381-8cd6-6d1c947d0e2d</ProjectId>
      <CorrelationId>Intent.ModuleBuilder.CSharp.Templates.CSharpTemplate#96f7b6e6-79da-4f5e-b095-3d603777968b</CorrelationId>
      <ApplicationRelativeFilePath>Templates/DbContext/DbContextTemplate.tt</ApplicationRelativeFilePath>
      <ProjectRelativeFilePath>DbContext/DbContextTemplate.tt</ProjectRelativeFilePath>
      <IsIgnored>false</IsIgnored>
    </FileLog>
    <FileLog>
      <ProjectId>67ac698c-a53d-4381-8cd6-6d1c947d0e2d</ProjectId>
      <CorrelationId>Intent.ModuleBuilder.CSharp.Templates.CSharpTemplatePartial#96f7b6e6-79da-4f5e-b095-3d603777968b</CorrelationId>
      <ApplicationRelativeFilePath>Templates/DbContext/DbContextTemplatePartial.cs</ApplicationRelativeFilePath>
      <ProjectRelativeFilePath>DbContext/DbContextTemplatePartial.cs</ProjectRelativeFilePath>
      <IsIgnored>false</IsIgnored>
    </FileLog>
    <FileLog>
      <ProjectId>67ac698c-a53d-4381-8cd6-6d1c947d0e2d</ProjectId>
      <CorrelationId>Intent.ModuleBuilder.TemplateRegistration.SingleFileListModel#96f7b6e6-79da-4f5e-b095-3d603777968b</CorrelationId>
      <ApplicationRelativeFilePath>Templates/DbContext/DbContextTemplateRegistration.cs</ApplicationRelativeFilePath>
      <ProjectRelativeFilePath>DbContext/DbContextTemplateRegistration.cs</ProjectRelativeFilePath>
      <IsIgnored>false</IsIgnored>
    </FileLog>
    <FileLog>
      <ProjectId>67ac698c-a53d-4381-8cd6-6d1c947d0e2d</ProjectId>
      <CorrelationId>Intent.ModuleBuilder.CSharp.Templates.CSharpTemplate.T4Template.PreProcessed#b74d885c-a582-4101-9d92-c4edb7e67844</CorrelationId>
      <ApplicationRelativeFilePath>Templates/DbContextInterface/DbContextInterfaceTemplate.cs</ApplicationRelativeFilePath>
      <ProjectRelativeFilePath>DbContextInterface/DbContextInterfaceTemplate.cs</ProjectRelativeFilePath>
      <IsIgnored>false</IsIgnored>
    </FileLog>
    <FileLog>
      <ProjectId>67ac698c-a53d-4381-8cd6-6d1c947d0e2d</ProjectId>
      <CorrelationId>Intent.ModuleBuilder.CSharp.Templates.CSharpTemplate#b74d885c-a582-4101-9d92-c4edb7e67844</CorrelationId>
      <ApplicationRelativeFilePath>Templates/DbContextInterface/DbContextInterfaceTemplate.tt</ApplicationRelativeFilePath>
      <ProjectRelativeFilePath>DbContextInterface/DbContextInterfaceTemplate.tt</ProjectRelativeFilePath>
      <IsIgnored>false</IsIgnored>
    </FileLog>
    <FileLog>
      <ProjectId>67ac698c-a53d-4381-8cd6-6d1c947d0e2d</ProjectId>
      <CorrelationId>Intent.ModuleBuilder.CSharp.Templates.CSharpTemplatePartial#b74d885c-a582-4101-9d92-c4edb7e67844</CorrelationId>
      <ApplicationRelativeFilePath>Templates/DbContextInterface/DbContextInterfaceTemplatePartial.cs</ApplicationRelativeFilePath>
      <ProjectRelativeFilePath>DbContextInterface/DbContextInterfaceTemplatePartial.cs</ProjectRelativeFilePath>
      <IsIgnored>false</IsIgnored>
    </FileLog>
    <FileLog>
      <ProjectId>67ac698c-a53d-4381-8cd6-6d1c947d0e2d</ProjectId>
      <CorrelationId>Intent.ModuleBuilder.TemplateRegistration.SingleFileListModel#b74d885c-a582-4101-9d92-c4edb7e67844</CorrelationId>
      <ApplicationRelativeFilePath>Templates/DbContextInterface/DbContextInterfaceTemplateRegistration.cs</ApplicationRelativeFilePath>
      <ProjectRelativeFilePath>DbContextInterface/DbContextInterfaceTemplateRegistration.cs</ProjectRelativeFilePath>
      <IsIgnored>false</IsIgnored>
    </FileLog>
    <FileLog>
      <ProjectId>67ac698c-a53d-4381-8cd6-6d1c947d0e2d</ProjectId>
      <CorrelationId>Intent.ModuleBuilder.ProjectItemTemplate.T4Template.PreProcessed#8dca43ad-a912-4d76-aca9-4eaf77d6127a</CorrelationId>
      <ApplicationRelativeFilePath>Templates/DbMigrationsReadMe/DbMigrationsReadMeTemplate.cs</ApplicationRelativeFilePath>
      <ProjectRelativeFilePath>DbMigrationsReadMe/DbMigrationsReadMeTemplate.cs</ProjectRelativeFilePath>
      <IsIgnored>false</IsIgnored>
    </FileLog>
    <FileLog>
      <ProjectId>67ac698c-a53d-4381-8cd6-6d1c947d0e2d</ProjectId>
      <CorrelationId>Intent.ModuleBuilder.ProjectItemTemplate.T4Template#8dca43ad-a912-4d76-aca9-4eaf77d6127a</CorrelationId>
      <ApplicationRelativeFilePath>Templates/DbMigrationsReadMe/DbMigrationsReadMeTemplate.tt</ApplicationRelativeFilePath>
      <ProjectRelativeFilePath>DbMigrationsReadMe/DbMigrationsReadMeTemplate.tt</ProjectRelativeFilePath>
      <IsIgnored>false</IsIgnored>
    </FileLog>
    <FileLog>
      <ProjectId>67ac698c-a53d-4381-8cd6-6d1c947d0e2d</ProjectId>
      <CorrelationId>Intent.ModuleBuilder.ProjectItemTemplate.Partial#8dca43ad-a912-4d76-aca9-4eaf77d6127a</CorrelationId>
      <ApplicationRelativeFilePath>Templates/DbMigrationsReadMe/DbMigrationsReadMeTemplatePartial.cs</ApplicationRelativeFilePath>
      <ProjectRelativeFilePath>DbMigrationsReadMe/DbMigrationsReadMeTemplatePartial.cs</ProjectRelativeFilePath>
      <IsIgnored>false</IsIgnored>
    </FileLog>
    <FileLog>
      <ProjectId>67ac698c-a53d-4381-8cd6-6d1c947d0e2d</ProjectId>
      <CorrelationId>Intent.ModuleBuilder.TemplateRegistration.SingleFileNoModel#8dca43ad-a912-4d76-aca9-4eaf77d6127a</CorrelationId>
      <ApplicationRelativeFilePath>Templates/DbMigrationsReadMe/DbMigrationsReadMeTemplateRegistration.cs</ApplicationRelativeFilePath>
      <ProjectRelativeFilePath>DbMigrationsReadMe/DbMigrationsReadMeTemplateRegistration.cs</ProjectRelativeFilePath>
      <IsIgnored>false</IsIgnored>
    </FileLog>
    <FileLog>
      <ProjectId>67ac698c-a53d-4381-8cd6-6d1c947d0e2d</ProjectId>
      <CorrelationId>Intent.ModuleBuilder.Templates.TemplateDecoratorContract#dddb9e20-11dd-49c9-b15e-08e98d0fd989</CorrelationId>
      <ApplicationRelativeFilePath>Templates/EntityTypeConfiguration/EntityTypeConfigurationDecorator.cs</ApplicationRelativeFilePath>
      <ProjectRelativeFilePath>EntityTypeConfiguration/EntityTypeConfigurationDecorator.cs</ProjectRelativeFilePath>
      <IsIgnored>false</IsIgnored>
    </FileLog>
    <FileLog>
      <ProjectId>67ac698c-a53d-4381-8cd6-6d1c947d0e2d</ProjectId>
      <CorrelationId>Intent.ModuleBuilder.CSharp.Templates.CSharpTemplate.T4Template.PreProcessed#aba7dad6-c66b-4476-9470-0ab8786b5b4d</CorrelationId>
      <ApplicationRelativeFilePath>Templates/EntityTypeConfiguration/EntityTypeConfigurationTemplate.cs</ApplicationRelativeFilePath>
      <ProjectRelativeFilePath>EntityTypeConfiguration/EntityTypeConfigurationTemplate.cs</ProjectRelativeFilePath>
      <IsIgnored>false</IsIgnored>
    </FileLog>
    <FileLog>
      <ProjectId>67ac698c-a53d-4381-8cd6-6d1c947d0e2d</ProjectId>
      <CorrelationId>Intent.ModuleBuilder.CSharp.Templates.CSharpTemplate#aba7dad6-c66b-4476-9470-0ab8786b5b4d</CorrelationId>
      <ApplicationRelativeFilePath>Templates/EntityTypeConfiguration/EntityTypeConfigurationTemplate.tt</ApplicationRelativeFilePath>
      <ProjectRelativeFilePath>EntityTypeConfiguration/EntityTypeConfigurationTemplate.tt</ProjectRelativeFilePath>
      <IsIgnored>false</IsIgnored>
    </FileLog>
    <FileLog>
      <ProjectId>67ac698c-a53d-4381-8cd6-6d1c947d0e2d</ProjectId>
      <CorrelationId>Intent.ModuleBuilder.CSharp.Templates.CSharpTemplatePartial#aba7dad6-c66b-4476-9470-0ab8786b5b4d</CorrelationId>
      <ApplicationRelativeFilePath>Templates/EntityTypeConfiguration/EntityTypeConfigurationTemplatePartial.cs</ApplicationRelativeFilePath>
      <ProjectRelativeFilePath>EntityTypeConfiguration/EntityTypeConfigurationTemplatePartial.cs</ProjectRelativeFilePath>
      <IsIgnored>false</IsIgnored>
    </FileLog>
    <FileLog>
      <ProjectId>67ac698c-a53d-4381-8cd6-6d1c947d0e2d</ProjectId>
      <CorrelationId>Intent.ModuleBuilder.TemplateRegistration.FilePerModel#aba7dad6-c66b-4476-9470-0ab8786b5b4d</CorrelationId>
      <ApplicationRelativeFilePath>Templates/EntityTypeConfiguration/EntityTypeConfigurationTemplateRegistration.cs</ApplicationRelativeFilePath>
      <ProjectRelativeFilePath>EntityTypeConfiguration/EntityTypeConfigurationTemplateRegistration.cs</ProjectRelativeFilePath>
      <IsIgnored>false</IsIgnored>
    </FileLog>
    <FileLog>
      <ProjectId>67ac698c-a53d-4381-8cd6-6d1c947d0e2d</ProjectId>
      <CorrelationId>Intent.ModuleBuilder.Templates.TemplateExtensions</CorrelationId>
      <ApplicationRelativeFilePath>Templates/TemplateExtensions.cs</ApplicationRelativeFilePath>
      <ProjectRelativeFilePath>TemplateExtensions.cs</ProjectRelativeFilePath>
      <IsIgnored>false</IsIgnored>
    </FileLog>
  </FileLogs>
</outputLog>