<?xml version="1.0" encoding="utf-8"?>
<outputLog>
  <ApplicationId>dfab424d-aea2-4c5e-9a49-d0e3cc7215e8</ApplicationId>
  <FileLogs>
    <FileLog>
      <CorrelationId>Intent.VisualStudio.Projects.VisualStudioSolution#4c3bd7ec-3b90-4df9-aec7-68756f566161</CorrelationId>
      <OverwriteBehaviour>always</OverwriteBehaviour>
      <ApplicationRelativeFilePath>../Intent.Modules.NET.sln</ApplicationRelativeFilePath>
      <IsIgnored>false</IsIgnored>
    </FileLog>
    <FileLog>
      <ProjectId>eaa223b1-de69-45ba-8877-516c26e65c2b</ProjectId>
      <CorrelationId>Intent.VisualStudio.Projects.CSharpProject#eaa223b1-de69-45ba-8877-516c26e65c2b</CorrelationId>
      <OverwriteBehaviour>always</OverwriteBehaviour>
      <ApplicationRelativeFilePath>Intent.Modules.WindowsServiceHost.csproj</ApplicationRelativeFilePath>
      <ProjectRelativeFilePath>Intent.Modules.WindowsServiceHost.csproj</ProjectRelativeFilePath>
      <IsIgnored>false</IsIgnored>
    </FileLog>
    <FileLog>
      <ProjectId>eaa223b1-de69-45ba-8877-516c26e65c2b</ProjectId>
      <CorrelationId>Intent.ModuleBuilder.IModSpecFile</CorrelationId>
      <OverwriteBehaviour>always</OverwriteBehaviour>
      <ApplicationRelativeFilePath>Intent.WindowsServiceHost.imodspec</ApplicationRelativeFilePath>
      <ProjectRelativeFilePath>Intent.WindowsServiceHost.imodspec</ProjectRelativeFilePath>
      <IsIgnored>false</IsIgnored>
    </FileLog>
    <FileLog>
      <ProjectId>eaa223b1-de69-45ba-8877-516c26e65c2b</ProjectId>
      <CorrelationId>Intent.ModuleBuilder.CSharp.Templates.NugetPackages</CorrelationId>
      <OverwriteBehaviour>always</OverwriteBehaviour>
      <ApplicationRelativeFilePath>NugetPackages.cs</ApplicationRelativeFilePath>
      <ProjectRelativeFilePath>NugetPackages.cs</ProjectRelativeFilePath>
      <IsIgnored>false</IsIgnored>
    </FileLog>
    <FileLog>
      <ProjectId>eaa223b1-de69-45ba-8877-516c26e65c2b</ProjectId>
      <CorrelationId>Intent.ModuleBuilder.Templates.ReleaseNotes</CorrelationId>
      <OverwriteBehaviour>once-off</OverwriteBehaviour>
      <ApplicationRelativeFilePath>release-notes.md</ApplicationRelativeFilePath>
      <ProjectRelativeFilePath>release-notes.md</ProjectRelativeFilePath>
      <IsIgnored>false</IsIgnored>
    </FileLog>
    <FileLog>
      <ProjectId>48556faa-f618-4bca-938d-ca23d2d3fc21</ProjectId>
      <CorrelationId>Intent.ModuleBuilder.ProjectItemTemplate.T4Template.PreProcessed#2030bb64-541e-4b8f-bca0-a9c26d2a24b1</CorrelationId>
      <OverwriteBehaviour>always</OverwriteBehaviour>
      <ApplicationRelativeFilePath>Templates/DeploymentMD/DeploymentMDTemplate.cs</ApplicationRelativeFilePath>
      <ProjectRelativeFilePath>DeploymentMD/DeploymentMDTemplate.cs</ProjectRelativeFilePath>
      <IsIgnored>false</IsIgnored>
    </FileLog>
    <FileLog>
      <ProjectId>48556faa-f618-4bca-938d-ca23d2d3fc21</ProjectId>
      <CorrelationId>Intent.ModuleBuilder.Templates.FileTemplateT4#2030bb64-541e-4b8f-bca0-a9c26d2a24b1</CorrelationId>
      <OverwriteBehaviour>always</OverwriteBehaviour>
      <ApplicationRelativeFilePath>Templates/DeploymentMD/DeploymentMDTemplate.tt</ApplicationRelativeFilePath>
      <ProjectRelativeFilePath>DeploymentMD/DeploymentMDTemplate.tt</ProjectRelativeFilePath>
      <IsIgnored>false</IsIgnored>
    </FileLog>
    <FileLog>
      <ProjectId>48556faa-f618-4bca-938d-ca23d2d3fc21</ProjectId>
      <CorrelationId>Intent.ModuleBuilder.ProjectItemTemplate.Partial#2030bb64-541e-4b8f-bca0-a9c26d2a24b1</CorrelationId>
      <OverwriteBehaviour>always</OverwriteBehaviour>
      <ApplicationRelativeFilePath>Templates/DeploymentMD/DeploymentMDTemplatePartial.cs</ApplicationRelativeFilePath>
      <ProjectRelativeFilePath>DeploymentMD/DeploymentMDTemplatePartial.cs</ProjectRelativeFilePath>
      <IsIgnored>false</IsIgnored>
    </FileLog>
    <FileLog>
      <ProjectId>48556faa-f618-4bca-938d-ca23d2d3fc21</ProjectId>
      <CorrelationId>Intent.ModuleBuilder.TemplateRegistration.SingleFileNoModel#2030bb64-541e-4b8f-bca0-a9c26d2a24b1</CorrelationId>
      <OverwriteBehaviour>always</OverwriteBehaviour>
      <ApplicationRelativeFilePath>Templates/DeploymentMD/DeploymentMDTemplateRegistration.cs</ApplicationRelativeFilePath>
      <ProjectRelativeFilePath>DeploymentMD/DeploymentMDTemplateRegistration.cs</ProjectRelativeFilePath>
      <IsIgnored>false</IsIgnored>
    </FileLog>
    <FileLog>
      <ProjectId>48556faa-f618-4bca-938d-ca23d2d3fc21</ProjectId>
      <CorrelationId>Intent.ModuleBuilder.CSharp.Templates.CSharpTemplatePartial#6b71e5bd-8848-4feb-a504-06139ffa24b2</CorrelationId>
      <OverwriteBehaviour>always</OverwriteBehaviour>
      <ApplicationRelativeFilePath>Templates/Program/ProgramTemplatePartial.cs</ApplicationRelativeFilePath>
      <ProjectRelativeFilePath>Program/ProgramTemplatePartial.cs</ProjectRelativeFilePath>
      <IsIgnored>false</IsIgnored>
    </FileLog>
    <FileLog>
      <ProjectId>48556faa-f618-4bca-938d-ca23d2d3fc21</ProjectId>
      <CorrelationId>Intent.ModuleBuilder.TemplateRegistration.SingleFileNoModel#6b71e5bd-8848-4feb-a504-06139ffa24b2</CorrelationId>
      <OverwriteBehaviour>always</OverwriteBehaviour>
      <ApplicationRelativeFilePath>Templates/Program/ProgramTemplateRegistration.cs</ApplicationRelativeFilePath>
      <ProjectRelativeFilePath>Program/ProgramTemplateRegistration.cs</ProjectRelativeFilePath>
      <IsIgnored>false</IsIgnored>
    </FileLog>
    <FileLog>
      <ProjectId>48556faa-f618-4bca-938d-ca23d2d3fc21</ProjectId>
      <CorrelationId>Intent.ModuleBuilder.Templates.TemplateExtensions</CorrelationId>
      <OverwriteBehaviour>always</OverwriteBehaviour>
      <ApplicationRelativeFilePath>Templates/TemplateExtensions.cs</ApplicationRelativeFilePath>
      <ProjectRelativeFilePath>TemplateExtensions.cs</ProjectRelativeFilePath>
      <IsIgnored>false</IsIgnored>
    </FileLog>
    <FileLog>
      <ProjectId>48556faa-f618-4bca-938d-ca23d2d3fc21</ProjectId>
      <CorrelationId>Intent.ModuleBuilder.CSharp.Templates.CSharpTemplatePartial#a2ba53aa-4e41-4ab4-bda1-ae20a72b44ef</CorrelationId>
      <OverwriteBehaviour>always</OverwriteBehaviour>
      <ApplicationRelativeFilePath>Templates/WindowsBackgroundService/WindowsBackgroundServiceTemplatePartial.cs</ApplicationRelativeFilePath>
      <ProjectRelativeFilePath>WindowsBackgroundService/WindowsBackgroundServiceTemplatePartial.cs</ProjectRelativeFilePath>
      <IsIgnored>false</IsIgnored>
    </FileLog>
    <FileLog>
      <ProjectId>48556faa-f618-4bca-938d-ca23d2d3fc21</ProjectId>
      <CorrelationId>Intent.ModuleBuilder.TemplateRegistration.SingleFileNoModel#a2ba53aa-4e41-4ab4-bda1-ae20a72b44ef</CorrelationId>
      <OverwriteBehaviour>always</OverwriteBehaviour>
      <ApplicationRelativeFilePath>Templates/WindowsBackgroundService/WindowsBackgroundServiceTemplateRegistration.cs</ApplicationRelativeFilePath>
      <ProjectRelativeFilePath>WindowsBackgroundService/WindowsBackgroundServiceTemplateRegistration.cs</ProjectRelativeFilePath>
      <IsIgnored>false</IsIgnored>
    </FileLog>
  </FileLogs>
</outputLog>