<?xml version="1.0" encoding="utf-8"?>
<outputLog>
  <ApplicationId>e9a258c4-0bf0-4ffc-b31c-0897e5076e02</ApplicationId>
  <FileLogs>
    <FileLog>
      <CorrelationId>Intent.VisualStudio.Projects.VisualStudioSolution#1cd9aaea-ebc2-469a-aabb-b2b5fb71aba9</CorrelationId>
      <OverwriteBehaviour>always</OverwriteBehaviour>
      <ApplicationRelativeFilePath>../Intent.Modules.NET.sln</ApplicationRelativeFilePath>
      <IsIgnored>false</IsIgnored>
    </FileLog>
    <FileLog>
      <ProjectId>66e8a974-5617-4dd2-8d46-a35bf0587a20</ProjectId>
      <CorrelationId>Intent.ModuleBuilder.Templates.StaticContentOutputReadme#2b7880a4-d400-404b-b02b-04ed6a199767</CorrelationId>
      <OverwriteBehaviour>once-off</OverwriteBehaviour>
      <ApplicationRelativeFilePath>content/DaprComponents/readme.txt</ApplicationRelativeFilePath>
      <ProjectRelativeFilePath>content/DaprComponents/readme.txt</ProjectRelativeFilePath>
      <IsIgnored>false</IsIgnored>
    </FileLog>
    <FileLog>
      <ProjectId>66e8a974-5617-4dd2-8d46-a35bf0587a20</ProjectId>
      <CorrelationId>Intent.ModuleBuilder.Templates.StaticContentOutputReadme#7f8f1a8e-b5a8-4d62-9f0e-f2a8aed6e913</CorrelationId>
      <OverwriteBehaviour>once-off</OverwriteBehaviour>
      <ApplicationRelativeFilePath>content/DaprFiles/readme.txt</ApplicationRelativeFilePath>
      <ProjectRelativeFilePath>content/DaprFiles/readme.txt</ProjectRelativeFilePath>
      <IsIgnored>false</IsIgnored>
    </FileLog>
    <FileLog>
      <ProjectId>fa0d6de9-ec87-4035-aeeb-59dd93b93b76</ProjectId>
      <CorrelationId>Intent.ModuleBuilder.Templates.FactoryExtension#a1f4f7b9-47c9-4262-9c5f-a90d571f2ff6</CorrelationId>
      <OverwriteBehaviour>always</OverwriteBehaviour>
      <ApplicationRelativeFilePath>FactoryExtensions/DaprFactoryExtension.cs</ApplicationRelativeFilePath>
      <ProjectRelativeFilePath>DaprFactoryExtension.cs</ProjectRelativeFilePath>
      <IsIgnored>false</IsIgnored>
    </FileLog>
    <FileLog>
      <ProjectId>66e8a974-5617-4dd2-8d46-a35bf0587a20</ProjectId>
      <CorrelationId>Intent.ModuleBuilder.IModSpecFile</CorrelationId>
      <OverwriteBehaviour>always</OverwriteBehaviour>
      <ApplicationRelativeFilePath>Intent.Dapr.AspNetCore.imodspec</ApplicationRelativeFilePath>
      <ProjectRelativeFilePath>Intent.Dapr.AspNetCore.imodspec</ProjectRelativeFilePath>
      <IsIgnored>false</IsIgnored>
    </FileLog>
    <FileLog>
      <ProjectId>66e8a974-5617-4dd2-8d46-a35bf0587a20</ProjectId>
      <CorrelationId>Intent.VisualStudio.Projects.CoreLibrary.CSProject#66e8a974-5617-4dd2-8d46-a35bf0587a20</CorrelationId>
      <OverwriteBehaviour>always</OverwriteBehaviour>
      <ApplicationRelativeFilePath>Intent.Modules.Dapr.AspNetCore.csproj</ApplicationRelativeFilePath>
      <ProjectRelativeFilePath>Intent.Modules.Dapr.AspNetCore.csproj</ProjectRelativeFilePath>
      <IsIgnored>false</IsIgnored>
    </FileLog>
    <FileLog>
      <ProjectId>66e8a974-5617-4dd2-8d46-a35bf0587a20</ProjectId>
      <CorrelationId>Intent.ModuleBuilder.CSharp.Templates.NugetPackages</CorrelationId>
      <OverwriteBehaviour>always</OverwriteBehaviour>
      <ApplicationRelativeFilePath>NugetPackages.cs</ApplicationRelativeFilePath>
      <ProjectRelativeFilePath>NugetPackages.cs</ProjectRelativeFilePath>
      <IsIgnored>false</IsIgnored>
    </FileLog>
    <FileLog>
      <ProjectId>8e8fc60e-b288-42b1-a28b-6d5c1575ff00</ProjectId>
      <CorrelationId>Intent.ModuleBuilder.CSharp.Templates.CSharpTemplatePartial#d92b4e71-2a2f-4c68-9c62-dfec4210c457</CorrelationId>
      <OverwriteBehaviour>always</OverwriteBehaviour>
      <ApplicationRelativeFilePath>Templates/DaprConfiguration/DaprConfigurationTemplatePartial.cs</ApplicationRelativeFilePath>
      <ProjectRelativeFilePath>DaprConfiguration/DaprConfigurationTemplatePartial.cs</ProjectRelativeFilePath>
      <IsIgnored>false</IsIgnored>
    </FileLog>
    <FileLog>
      <ProjectId>8e8fc60e-b288-42b1-a28b-6d5c1575ff00</ProjectId>
      <CorrelationId>Intent.ModuleBuilder.TemplateRegistration.SingleFileNoModel#d92b4e71-2a2f-4c68-9c62-dfec4210c457</CorrelationId>
      <OverwriteBehaviour>always</OverwriteBehaviour>
      <ApplicationRelativeFilePath>Templates/DaprConfiguration/DaprConfigurationTemplateRegistration.cs</ApplicationRelativeFilePath>
      <ProjectRelativeFilePath>DaprConfiguration/DaprConfigurationTemplateRegistration.cs</ProjectRelativeFilePath>
      <IsIgnored>false</IsIgnored>
    </FileLog>
    <FileLog>
      <ProjectId>8e8fc60e-b288-42b1-a28b-6d5c1575ff00</ProjectId>
      <CorrelationId>Intent.ModuleBuilder.Templates.StaticContentTemplateRegistration#2b7880a4-d400-404b-b02b-04ed6a199767</CorrelationId>
      <OverwriteBehaviour>always</OverwriteBehaviour>
      <ApplicationRelativeFilePath>Templates/StaticContentTemplateRegistrations/DaprComponentFilesStaticContentTemplateRegistration.cs</ApplicationRelativeFilePath>
      <ProjectRelativeFilePath>StaticContentTemplateRegistrations/DaprComponentFilesStaticContentTemplateRegistration.cs</ProjectRelativeFilePath>
      <IsIgnored>false</IsIgnored>
    </FileLog>
    <FileLog>
      <ProjectId>8e8fc60e-b288-42b1-a28b-6d5c1575ff00</ProjectId>
      <CorrelationId>Intent.ModuleBuilder.Templates.StaticContentTemplateRegistration#7f8f1a8e-b5a8-4d62-9f0e-f2a8aed6e913</CorrelationId>
      <OverwriteBehaviour>always</OverwriteBehaviour>
      <ApplicationRelativeFilePath>Templates/StaticContentTemplateRegistrations/DaprFilesStaticContentTemplateRegistration.cs</ApplicationRelativeFilePath>
      <ProjectRelativeFilePath>StaticContentTemplateRegistrations/DaprFilesStaticContentTemplateRegistration.cs</ProjectRelativeFilePath>
      <IsIgnored>false</IsIgnored>
    </FileLog>
    <FileLog>
      <ProjectId>8e8fc60e-b288-42b1-a28b-6d5c1575ff00</ProjectId>
      <CorrelationId>Intent.ModuleBuilder.Templates.TemplateExtensions</CorrelationId>
      <OverwriteBehaviour>always</OverwriteBehaviour>
      <ApplicationRelativeFilePath>Templates/TemplateExtensions.cs</ApplicationRelativeFilePath>
      <ProjectRelativeFilePath>TemplateExtensions.cs</ProjectRelativeFilePath>
      <IsIgnored>true</IsIgnored>
    </FileLog>
  </FileLogs>
</outputLog>