<?xml version="1.0" encoding="utf-8"?>
<outputLog>
  <ApplicationId>847b89f0-5425-45a2-9170-1713dfda0b16</ApplicationId>
  <FileLogs>
    <FileLog>
      <CorrelationId>Intent.VisualStudio.Projects.VisualStudio2015Solution#8802e51c-6189-4974-b648-4d3d21bc723c</CorrelationId>
      <OverwriteBehaviour>always</OverwriteBehaviour>
      <ApplicationRelativeFilePath>../Intent.Modules.NET.sln</ApplicationRelativeFilePath>
      <IsIgnored>false</IsIgnored>
    </FileLog>
    <FileLog>
      <ProjectId>88688357-4cb8-4d2e-bac4-c8933061d70d</ProjectId>
      <CorrelationId>Intent.ModuleBuilder.IModSpecFile</CorrelationId>
      <OverwriteBehaviour>always</OverwriteBehaviour>
      <ApplicationRelativeFilePath>Intent.Application.ServiceImplementations.Conventions.CRUD.Interop.AzureFunctions.imodspec</ApplicationRelativeFilePath>
      <ProjectRelativeFilePath>Intent.Application.ServiceImplementations.Conventions.CRUD.Interop.AzureFunctions.imodspec</ProjectRelativeFilePath>
      <IsIgnored>false</IsIgnored>
    </FileLog>
    <FileLog>
      <ProjectId>88688357-4cb8-4d2e-bac4-c8933061d70d</ProjectId>
      <CorrelationId>Intent.VisualStudio.Projects.CoreLibrary.CSProject#88688357-4cb8-4d2e-bac4-c8933061d70d</CorrelationId>
      <OverwriteBehaviour>once-off</OverwriteBehaviour>
      <ApplicationRelativeFilePath>Intent.Modules.AzureFunctions.Conventions.CRUD.csproj</ApplicationRelativeFilePath>
      <ProjectRelativeFilePath>Intent.Modules.AzureFunctions.Conventions.CRUD.csproj</ProjectRelativeFilePath>
      <IsIgnored>false</IsIgnored>
    </FileLog>
    <FileLog>
      <ProjectId>88688357-4cb8-4d2e-bac4-c8933061d70d</ProjectId>
      <CorrelationId>Intent.ModuleBuilder.ReadMe</CorrelationId>
      <OverwriteBehaviour>always</OverwriteBehaviour>
      <ApplicationRelativeFilePath>README.txt</ApplicationRelativeFilePath>
      <ProjectRelativeFilePath>README.txt</ProjectRelativeFilePath>
      <IsIgnored>false</IsIgnored>
    </FileLog>
  </FileLogs>
</outputLog>