<?xml version="1.0" encoding="utf-8"?>
<outputLog>
  <ApplicationId>82b660c8-1973-49da-9f1d-91a9bda3ff55</ApplicationId>
  <FileLogs>
    <FileLog>
      <CorrelationId>Intent.VisualStudio.Projects.VisualStudioSolution#df125457-ed32-4b20-9752-e40e54143565</CorrelationId>
      <OverwriteBehaviour>always</OverwriteBehaviour>
      <ApplicationRelativeFilePath>../Intent.Modules.NET.sln</ApplicationRelativeFilePath>
      <IsIgnored>false</IsIgnored>
    </FileLog>
    <FileLog>
      <ProjectId>a62d0c8f-724c-42a8-81f0-d930a724244e</ProjectId>
      <CorrelationId>Intent.ModuleBuilder.IModSpecFile</CorrelationId>
      <OverwriteBehaviour>always</OverwriteBehaviour>
      <ApplicationRelativeFilePath>Intent.Eventing.Kafka.imodspec</ApplicationRelativeFilePath>
      <ProjectRelativeFilePath>Intent.Eventing.Kafka.imodspec</ProjectRelativeFilePath>
      <IsIgnored>false</IsIgnored>
    </FileLog>
    <FileLog>
      <ProjectId>a62d0c8f-724c-42a8-81f0-d930a724244e</ProjectId>
      <CorrelationId>Intent.VisualStudio.Projects.CSharpProject#a62d0c8f-724c-42a8-81f0-d930a724244e</CorrelationId>
      <OverwriteBehaviour>always</OverwriteBehaviour>
      <ApplicationRelativeFilePath>Intent.Modules.Eventing.Kafka.csproj</ApplicationRelativeFilePath>
      <ProjectRelativeFilePath>Intent.Modules.Eventing.Kafka.csproj</ProjectRelativeFilePath>
      <IsIgnored>false</IsIgnored>
    </FileLog>
    <FileLog>
      <ProjectId>3c09b251-abe6-4aaf-9114-0abf2988f377</ProjectId>
      <CorrelationId>Intent.ModuleBuilder.CSharp.Templates.CSharpTemplatePartial#95ed3df7-e1f2-4096-89fa-029303d591b6</CorrelationId>
      <OverwriteBehaviour>always</OverwriteBehaviour>
      <ApplicationRelativeFilePath>Templates/IntegrationEventHandler/IntegrationEventHandlerTemplatePartial.cs</ApplicationRelativeFilePath>
      <ProjectRelativeFilePath>IntegrationEventHandler/IntegrationEventHandlerTemplatePartial.cs</ProjectRelativeFilePath>
      <IsIgnored>false</IsIgnored>
    </FileLog>
    <FileLog>
      <ProjectId>3c09b251-abe6-4aaf-9114-0abf2988f377</ProjectId>
      <CorrelationId>Intent.ModuleBuilder.TemplateRegistration.FilePerModel#95ed3df7-e1f2-4096-89fa-029303d591b6</CorrelationId>
      <OverwriteBehaviour>always</OverwriteBehaviour>
      <ApplicationRelativeFilePath>Templates/IntegrationEventHandler/IntegrationEventHandlerTemplateRegistration.cs</ApplicationRelativeFilePath>
      <ProjectRelativeFilePath>IntegrationEventHandler/IntegrationEventHandlerTemplateRegistration.cs</ProjectRelativeFilePath>
      <IsIgnored>false</IsIgnored>
    </FileLog>
    <FileLog>
      <ProjectId>3c09b251-abe6-4aaf-9114-0abf2988f377</ProjectId>
      <CorrelationId>Intent.ModuleBuilder.CSharp.Templates.CSharpTemplatePartial#1e548eed-0a74-4cf8-bf46-c733c35b589d</CorrelationId>
      <OverwriteBehaviour>always</OverwriteBehaviour>
      <ApplicationRelativeFilePath>Templates/IntegrationEventHandlerImplementation/IntegrationEventHandlerImplementationTemplatePartial.cs</ApplicationRelativeFilePath>
      <ProjectRelativeFilePath>IntegrationEventHandlerImplementation/IntegrationEventHandlerImplementationTemplatePartial.cs</ProjectRelativeFilePath>
      <IsIgnored>false</IsIgnored>
    </FileLog>
    <FileLog>
      <ProjectId>3c09b251-abe6-4aaf-9114-0abf2988f377</ProjectId>
      <CorrelationId>Intent.ModuleBuilder.TemplateRegistration.FilePerModel#1e548eed-0a74-4cf8-bf46-c733c35b589d</CorrelationId>
      <OverwriteBehaviour>always</OverwriteBehaviour>
      <ApplicationRelativeFilePath>Templates/IntegrationEventHandlerImplementation/IntegrationEventHandlerImplementationTemplateRegistration.cs</ApplicationRelativeFilePath>
      <ProjectRelativeFilePath>IntegrationEventHandlerImplementation/IntegrationEventHandlerImplementationTemplateRegistration.cs</ProjectRelativeFilePath>
      <IsIgnored>false</IsIgnored>
    </FileLog>
    <FileLog>
      <ProjectId>3c09b251-abe6-4aaf-9114-0abf2988f377</ProjectId>
      <CorrelationId>Intent.ModuleBuilder.CSharp.Templates.CSharpTemplatePartial#bf314447-ab20-40fe-8e52-f5455b05093a</CorrelationId>
      <OverwriteBehaviour>always</OverwriteBehaviour>
      <ApplicationRelativeFilePath>Templates/KafkaConfiguration/KafkaConfigurationTemplatePartial.cs</ApplicationRelativeFilePath>
      <ProjectRelativeFilePath>KafkaConfiguration/KafkaConfigurationTemplatePartial.cs</ProjectRelativeFilePath>
      <IsIgnored>false</IsIgnored>
    </FileLog>
    <FileLog>
      <ProjectId>3c09b251-abe6-4aaf-9114-0abf2988f377</ProjectId>
      <CorrelationId>Intent.ModuleBuilder.TemplateRegistration.SingleFileNoModel#bf314447-ab20-40fe-8e52-f5455b05093a</CorrelationId>
      <OverwriteBehaviour>always</OverwriteBehaviour>
      <ApplicationRelativeFilePath>Templates/KafkaConfiguration/KafkaConfigurationTemplateRegistration.cs</ApplicationRelativeFilePath>
      <ProjectRelativeFilePath>KafkaConfiguration/KafkaConfigurationTemplateRegistration.cs</ProjectRelativeFilePath>
      <IsIgnored>false</IsIgnored>
    </FileLog>
    <FileLog>
      <ProjectId>3c09b251-abe6-4aaf-9114-0abf2988f377</ProjectId>
      <CorrelationId>Intent.ModuleBuilder.CSharp.Templates.CSharpTemplatePartial#f5f5a6ae-6961-43e6-90aa-59b9e0b8890e</CorrelationId>
      <OverwriteBehaviour>always</OverwriteBehaviour>
      <ApplicationRelativeFilePath>Templates/KafkaConsumer/KafkaConsumerTemplatePartial.cs</ApplicationRelativeFilePath>
      <ProjectRelativeFilePath>KafkaConsumer/KafkaConsumerTemplatePartial.cs</ProjectRelativeFilePath>
      <IsIgnored>false</IsIgnored>
    </FileLog>
    <FileLog>
      <ProjectId>3c09b251-abe6-4aaf-9114-0abf2988f377</ProjectId>
      <CorrelationId>Intent.ModuleBuilder.TemplateRegistration.SingleFileNoModel#f5f5a6ae-6961-43e6-90aa-59b9e0b8890e</CorrelationId>
      <OverwriteBehaviour>always</OverwriteBehaviour>
      <ApplicationRelativeFilePath>Templates/KafkaConsumer/KafkaConsumerTemplateRegistration.cs</ApplicationRelativeFilePath>
      <ProjectRelativeFilePath>KafkaConsumer/KafkaConsumerTemplateRegistration.cs</ProjectRelativeFilePath>
      <IsIgnored>false</IsIgnored>
    </FileLog>
    <FileLog>
      <ProjectId>3c09b251-abe6-4aaf-9114-0abf2988f377</ProjectId>
      <CorrelationId>Intent.ModuleBuilder.CSharp.Templates.CSharpTemplatePartial#af9da944-a389-443b-803d-68fbaae9ad6e</CorrelationId>
      <OverwriteBehaviour>always</OverwriteBehaviour>
      <ApplicationRelativeFilePath>Templates/KafkaConsumerBackgroundService/KafkaConsumerBackgroundServiceTemplatePartial.cs</ApplicationRelativeFilePath>
      <ProjectRelativeFilePath>KafkaConsumerBackgroundService/KafkaConsumerBackgroundServiceTemplatePartial.cs</ProjectRelativeFilePath>
      <IsIgnored>false</IsIgnored>
    </FileLog>
    <FileLog>
      <ProjectId>3c09b251-abe6-4aaf-9114-0abf2988f377</ProjectId>
      <CorrelationId>Intent.ModuleBuilder.TemplateRegistration.SingleFileNoModel#af9da944-a389-443b-803d-68fbaae9ad6e</CorrelationId>
      <OverwriteBehaviour>always</OverwriteBehaviour>
      <ApplicationRelativeFilePath>Templates/KafkaConsumerBackgroundService/KafkaConsumerBackgroundServiceTemplateRegistration.cs</ApplicationRelativeFilePath>
      <ProjectRelativeFilePath>KafkaConsumerBackgroundService/KafkaConsumerBackgroundServiceTemplateRegistration.cs</ProjectRelativeFilePath>
      <IsIgnored>false</IsIgnored>
    </FileLog>
    <FileLog>
      <ProjectId>3c09b251-abe6-4aaf-9114-0abf2988f377</ProjectId>
      <CorrelationId>Intent.ModuleBuilder.CSharp.Templates.CSharpTemplate.T4Template.PreProcessed#c63f5386-9ab3-473a-a754-4ff232fda796</CorrelationId>
      <OverwriteBehaviour>always</OverwriteBehaviour>
      <ApplicationRelativeFilePath>Templates/KafkaConsumerInterface/KafkaConsumerInterfaceTemplate.cs</ApplicationRelativeFilePath>
      <ProjectRelativeFilePath>KafkaConsumerInterface/KafkaConsumerInterfaceTemplate.cs</ProjectRelativeFilePath>
      <IsIgnored>false</IsIgnored>
    </FileLog>
    <FileLog>
      <ProjectId>3c09b251-abe6-4aaf-9114-0abf2988f377</ProjectId>
      <CorrelationId>Intent.ModuleBuilder.CSharp.Templates.CSharpT4Template#c63f5386-9ab3-473a-a754-4ff232fda796</CorrelationId>
      <OverwriteBehaviour>always</OverwriteBehaviour>
      <ApplicationRelativeFilePath>Templates/KafkaConsumerInterface/KafkaConsumerInterfaceTemplate.tt</ApplicationRelativeFilePath>
      <ProjectRelativeFilePath>KafkaConsumerInterface/KafkaConsumerInterfaceTemplate.tt</ProjectRelativeFilePath>
      <IsIgnored>false</IsIgnored>
    </FileLog>
    <FileLog>
      <ProjectId>3c09b251-abe6-4aaf-9114-0abf2988f377</ProjectId>
      <CorrelationId>Intent.ModuleBuilder.CSharp.Templates.CSharpTemplatePartial#c63f5386-9ab3-473a-a754-4ff232fda796</CorrelationId>
      <OverwriteBehaviour>always</OverwriteBehaviour>
      <ApplicationRelativeFilePath>Templates/KafkaConsumerInterface/KafkaConsumerInterfaceTemplatePartial.cs</ApplicationRelativeFilePath>
      <ProjectRelativeFilePath>KafkaConsumerInterface/KafkaConsumerInterfaceTemplatePartial.cs</ProjectRelativeFilePath>
      <IsIgnored>false</IsIgnored>
    </FileLog>
    <FileLog>
      <ProjectId>3c09b251-abe6-4aaf-9114-0abf2988f377</ProjectId>
      <CorrelationId>Intent.ModuleBuilder.TemplateRegistration.SingleFileNoModel#c63f5386-9ab3-473a-a754-4ff232fda796</CorrelationId>
      <OverwriteBehaviour>always</OverwriteBehaviour>
      <ApplicationRelativeFilePath>Templates/KafkaConsumerInterface/KafkaConsumerInterfaceTemplateRegistration.cs</ApplicationRelativeFilePath>
      <ProjectRelativeFilePath>KafkaConsumerInterface/KafkaConsumerInterfaceTemplateRegistration.cs</ProjectRelativeFilePath>
      <IsIgnored>false</IsIgnored>
    </FileLog>
    <FileLog>
      <ProjectId>3c09b251-abe6-4aaf-9114-0abf2988f377</ProjectId>
      <CorrelationId>Intent.ModuleBuilder.CSharp.Templates.CSharpTemplatePartial#05b35af7-72fe-4c97-a3fb-b60cd0ae0798</CorrelationId>
      <OverwriteBehaviour>always</OverwriteBehaviour>
      <ApplicationRelativeFilePath>Templates/KafkaEventBus/KafkaEventBusTemplatePartial.cs</ApplicationRelativeFilePath>
      <ProjectRelativeFilePath>KafkaEventBus/KafkaEventBusTemplatePartial.cs</ProjectRelativeFilePath>
      <IsIgnored>false</IsIgnored>
    </FileLog>
    <FileLog>
      <ProjectId>3c09b251-abe6-4aaf-9114-0abf2988f377</ProjectId>
      <CorrelationId>Intent.ModuleBuilder.TemplateRegistration.SingleFileNoModel#05b35af7-72fe-4c97-a3fb-b60cd0ae0798</CorrelationId>
      <OverwriteBehaviour>always</OverwriteBehaviour>
      <ApplicationRelativeFilePath>Templates/KafkaEventBus/KafkaEventBusTemplateRegistration.cs</ApplicationRelativeFilePath>
      <ProjectRelativeFilePath>KafkaEventBus/KafkaEventBusTemplateRegistration.cs</ProjectRelativeFilePath>
      <IsIgnored>false</IsIgnored>
    </FileLog>
    <FileLog>
      <ProjectId>3c09b251-abe6-4aaf-9114-0abf2988f377</ProjectId>
      <CorrelationId>Intent.ModuleBuilder.Templates.TemplateExtensions</CorrelationId>
      <OverwriteBehaviour>always</OverwriteBehaviour>
      <ApplicationRelativeFilePath>Templates/TemplateExtensions.cs</ApplicationRelativeFilePath>
      <ProjectRelativeFilePath>TemplateExtensions.cs</ProjectRelativeFilePath>
      <IsIgnored>false</IsIgnored>
    </FileLog>
  </FileLogs>
</outputLog>