<?xml version="1.0" encoding="utf-8"?>
<outputLog>
  <ApplicationId>e3d5f673-e092-4556-bd5f-6a67ecc23233</ApplicationId>
  <FileLogs>
    <FileLog>
      <CorrelationId>Intent.VisualStudio.Projects.VisualStudio2015Solution#93829074-9df0-4323-8cb9-1764cb6c6feb</CorrelationId>
      <OverwriteBehaviour>always</OverwriteBehaviour>
      <ApplicationRelativeFilePath>../Intent.Modules.NET.sln</ApplicationRelativeFilePath>
      <IsIgnored>false</IsIgnored>
    </FileLog>
    <FileLog>
      <ProjectId>5d734aee-2002-4d62-a206-b0bba0ef8948</ProjectId>
      <CorrelationId>Intent.ModuleBuilder.IModSpecFile</CorrelationId>
      <OverwriteBehaviour>always</OverwriteBehaviour>
      <ApplicationRelativeFilePath>Intent.Application.Contracts.Clients.imodspec</ApplicationRelativeFilePath>
      <ProjectRelativeFilePath>Intent.Application.Contracts.Clients.imodspec</ProjectRelativeFilePath>
      <IsIgnored>false</IsIgnored>
    </FileLog>
    <FileLog>
      <ProjectId>5d734aee-2002-4d62-a206-b0bba0ef8948</ProjectId>
      <CorrelationId>Intent.VisualStudio.Projects.CoreLibrary.CSProject#5d734aee-2002-4d62-a206-b0bba0ef8948</CorrelationId>
      <OverwriteBehaviour>always</OverwriteBehaviour>
      <ApplicationRelativeFilePath>Intent.Modules.Application.Contracts.Clients.csproj</ApplicationRelativeFilePath>
      <ProjectRelativeFilePath>Intent.Modules.Application.Contracts.Clients.csproj</ProjectRelativeFilePath>
      <IsIgnored>false</IsIgnored>
    </FileLog>
    <FileLog>
      <ProjectId>5d734aee-2002-4d62-a206-b0bba0ef8948</ProjectId>
      <CorrelationId>Intent.ModuleBuilder.ReadMe</CorrelationId>
      <OverwriteBehaviour>always</OverwriteBehaviour>
      <ApplicationRelativeFilePath>README.txt</ApplicationRelativeFilePath>
      <ProjectRelativeFilePath>README.txt</ProjectRelativeFilePath>
      <IsIgnored>false</IsIgnored>
    </FileLog>
    <FileLog>
      <ProjectId>7a9672e2-20b8-4318-bc33-477b3f335a0f</ProjectId>
      <CorrelationId>Intent.ModuleBuilder.CSharp.Templates.CSharpTemplate.T4Template.PreProcessed#7edfd978-2b9f-42be-b0a1-e5fd2a8120dd</CorrelationId>
      <OverwriteBehaviour>always</OverwriteBehaviour>
      <ApplicationRelativeFilePath>Templates/DtoContract/DtoContractTemplate.cs</ApplicationRelativeFilePath>
      <ProjectRelativeFilePath>DtoContract/DtoContractTemplate.cs</ProjectRelativeFilePath>
      <IsIgnored>false</IsIgnored>
    </FileLog>
    <FileLog>
      <ProjectId>7a9672e2-20b8-4318-bc33-477b3f335a0f</ProjectId>
      <CorrelationId>Intent.ModuleBuilder.CSharp.Templates.CSharpT4Template#7edfd978-2b9f-42be-b0a1-e5fd2a8120dd</CorrelationId>
      <OverwriteBehaviour>always</OverwriteBehaviour>
      <ApplicationRelativeFilePath>Templates/DtoContract/DtoContractTemplate.tt</ApplicationRelativeFilePath>
      <ProjectRelativeFilePath>DtoContract/DtoContractTemplate.tt</ProjectRelativeFilePath>
      <IsIgnored>false</IsIgnored>
    </FileLog>
    <FileLog>
      <ProjectId>7a9672e2-20b8-4318-bc33-477b3f335a0f</ProjectId>
      <CorrelationId>Intent.ModuleBuilder.CSharp.Templates.CSharpTemplatePartial#7edfd978-2b9f-42be-b0a1-e5fd2a8120dd</CorrelationId>
      <OverwriteBehaviour>always</OverwriteBehaviour>
      <ApplicationRelativeFilePath>Templates/DtoContract/DtoContractTemplatePartial.cs</ApplicationRelativeFilePath>
      <ProjectRelativeFilePath>DtoContract/DtoContractTemplatePartial.cs</ProjectRelativeFilePath>
      <IsIgnored>false</IsIgnored>
    </FileLog>
    <FileLog>
      <ProjectId>7a9672e2-20b8-4318-bc33-477b3f335a0f</ProjectId>
      <CorrelationId>Intent.ModuleBuilder.TemplateRegistration.FilePerModel#7edfd978-2b9f-42be-b0a1-e5fd2a8120dd</CorrelationId>
      <OverwriteBehaviour>always</OverwriteBehaviour>
      <ApplicationRelativeFilePath>Templates/DtoContract/DtoContractTemplateRegistration.cs</ApplicationRelativeFilePath>
      <ProjectRelativeFilePath>DtoContract/DtoContractTemplateRegistration.cs</ProjectRelativeFilePath>
      <IsIgnored>false</IsIgnored>
    </FileLog>
    <FileLog>
      <ProjectId>7a9672e2-20b8-4318-bc33-477b3f335a0f</ProjectId>
      <CorrelationId>Intent.ModuleBuilder.CSharp.Templates.CSharpStringInterpolationTemplate#8c81dc9b-7e19-45eb-a160-d442d344c435</CorrelationId>
      <OverwriteBehaviour>always</OverwriteBehaviour>
      <ApplicationRelativeFilePath>Templates/EnumContract/EnumContractTemplate.cs</ApplicationRelativeFilePath>
      <ProjectRelativeFilePath>EnumContract/EnumContractTemplate.cs</ProjectRelativeFilePath>
      <IsIgnored>false</IsIgnored>
    </FileLog>
    <FileLog>
      <ProjectId>7a9672e2-20b8-4318-bc33-477b3f335a0f</ProjectId>
      <CorrelationId>Intent.ModuleBuilder.CSharp.Templates.CSharpTemplatePartial#8c81dc9b-7e19-45eb-a160-d442d344c435</CorrelationId>
      <OverwriteBehaviour>always</OverwriteBehaviour>
      <ApplicationRelativeFilePath>Templates/EnumContract/EnumContractTemplatePartial.cs</ApplicationRelativeFilePath>
      <ProjectRelativeFilePath>EnumContract/EnumContractTemplatePartial.cs</ProjectRelativeFilePath>
      <IsIgnored>false</IsIgnored>
    </FileLog>
    <FileLog>
      <ProjectId>7a9672e2-20b8-4318-bc33-477b3f335a0f</ProjectId>
      <CorrelationId>Intent.ModuleBuilder.TemplateRegistration.FilePerModel#8c81dc9b-7e19-45eb-a160-d442d344c435</CorrelationId>
      <OverwriteBehaviour>always</OverwriteBehaviour>
      <ApplicationRelativeFilePath>Templates/EnumContract/EnumContractTemplateRegistration.cs</ApplicationRelativeFilePath>
      <ProjectRelativeFilePath>EnumContract/EnumContractTemplateRegistration.cs</ProjectRelativeFilePath>
      <IsIgnored>false</IsIgnored>
    </FileLog>
    <FileLog>
      <ProjectId>7a9672e2-20b8-4318-bc33-477b3f335a0f</ProjectId>
      <CorrelationId>Intent.ModuleBuilder.CSharp.Templates.CSharpTemplate.T4Template.PreProcessed#698aee1a-f01b-434f-8cf7-6acf45153f4e</CorrelationId>
      <OverwriteBehaviour>always</OverwriteBehaviour>
      <ApplicationRelativeFilePath>Templates/ServiceContract/ServiceContractTemplate.cs</ApplicationRelativeFilePath>
      <ProjectRelativeFilePath>ServiceContract/ServiceContractTemplate.cs</ProjectRelativeFilePath>
      <IsIgnored>false</IsIgnored>
    </FileLog>
    <FileLog>
      <ProjectId>7a9672e2-20b8-4318-bc33-477b3f335a0f</ProjectId>
      <CorrelationId>Intent.ModuleBuilder.CSharp.Templates.CSharpT4Template#698aee1a-f01b-434f-8cf7-6acf45153f4e</CorrelationId>
      <OverwriteBehaviour>always</OverwriteBehaviour>
      <ApplicationRelativeFilePath>Templates/ServiceContract/ServiceContractTemplate.tt</ApplicationRelativeFilePath>
      <ProjectRelativeFilePath>ServiceContract/ServiceContractTemplate.tt</ProjectRelativeFilePath>
      <IsIgnored>false</IsIgnored>
    </FileLog>
    <FileLog>
      <ProjectId>7a9672e2-20b8-4318-bc33-477b3f335a0f</ProjectId>
      <CorrelationId>Intent.ModuleBuilder.CSharp.Templates.CSharpTemplatePartial#698aee1a-f01b-434f-8cf7-6acf45153f4e</CorrelationId>
      <OverwriteBehaviour>always</OverwriteBehaviour>
      <ApplicationRelativeFilePath>Templates/ServiceContract/ServiceContractTemplatePartial.cs</ApplicationRelativeFilePath>
      <ProjectRelativeFilePath>ServiceContract/ServiceContractTemplatePartial.cs</ProjectRelativeFilePath>
      <IsIgnored>false</IsIgnored>
    </FileLog>
    <FileLog>
      <ProjectId>7a9672e2-20b8-4318-bc33-477b3f335a0f</ProjectId>
      <CorrelationId>Intent.ModuleBuilder.TemplateRegistration.FilePerModel#698aee1a-f01b-434f-8cf7-6acf45153f4e</CorrelationId>
      <OverwriteBehaviour>always</OverwriteBehaviour>
      <ApplicationRelativeFilePath>Templates/ServiceContract/ServiceContractTemplateRegistration.cs</ApplicationRelativeFilePath>
      <ProjectRelativeFilePath>ServiceContract/ServiceContractTemplateRegistration.cs</ProjectRelativeFilePath>
      <IsIgnored>false</IsIgnored>
    </FileLog>
    <FileLog>
      <ProjectId>7a9672e2-20b8-4318-bc33-477b3f335a0f</ProjectId>
      <CorrelationId>Intent.ModuleBuilder.Templates.TemplateExtensions</CorrelationId>
      <OverwriteBehaviour>always</OverwriteBehaviour>
      <ApplicationRelativeFilePath>Templates/TemplateExtensions.cs</ApplicationRelativeFilePath>
      <ProjectRelativeFilePath>TemplateExtensions.cs</ProjectRelativeFilePath>
      <IsIgnored>false</IsIgnored>
    </FileLog>
  </FileLogs>
</outputLog>