<?xml version="1.0" encoding="utf-8"?>
<outputLog>
  <ApplicationId>7d03c44e-7951-45b7-9a7b-9edd7d0c0cce</ApplicationId>
  <FileLogs>
    <FileLog>
      <CorrelationId>Intent.VisualStudio.Projects.VisualStudio2015Solution#23ffd041-7a86-403d-8b26-f64faeda0f22</CorrelationId>
      <OverwriteBehaviour>always</OverwriteBehaviour>
      <ApplicationRelativeFilePath>../Intent.Modules.NET.sln</ApplicationRelativeFilePath>
      <IsIgnored>false</IsIgnored>
    </FileLog>
    <FileLog>
      <ProjectId>f03b9e59-821b-4f56-8edf-052f10b68efd</ProjectId>
      <CorrelationId>Intent.ModuleBuilder.IModSpecFile</CorrelationId>
      <OverwriteBehaviour>always</OverwriteBehaviour>
      <ApplicationRelativeFilePath>Intent.AspNetCore.Interop.EntityFrameworkCore.imodspec</ApplicationRelativeFilePath>
      <ProjectRelativeFilePath>Intent.AspNetCore.Interop.EntityFrameworkCore.imodspec</ProjectRelativeFilePath>
      <IsIgnored>false</IsIgnored>
    </FileLog>
    <FileLog>
      <ProjectId>f03b9e59-821b-4f56-8edf-052f10b68efd</ProjectId>
      <CorrelationId>Intent.VisualStudio.Projects.CoreLibrary.CSProject#f03b9e59-821b-4f56-8edf-052f10b68efd</CorrelationId>
      <OverwriteBehaviour>once-off</OverwriteBehaviour>
      <ApplicationRelativeFilePath>Intent.Modules.AspNetCore.Interop.EntityFrameworkCore.csproj</ApplicationRelativeFilePath>
      <ProjectRelativeFilePath>Intent.Modules.AspNetCore.Interop.EntityFrameworkCore.csproj</ProjectRelativeFilePath>
      <IsIgnored>false</IsIgnored>
    </FileLog>
    <FileLog>
      <ProjectId>f03b9e59-821b-4f56-8edf-052f10b68efd</ProjectId>
      <CorrelationId>Intent.ModuleBuilder.ReadMe</CorrelationId>
      <OverwriteBehaviour>always</OverwriteBehaviour>
      <ApplicationRelativeFilePath>README.txt</ApplicationRelativeFilePath>
      <ProjectRelativeFilePath>README.txt</ProjectRelativeFilePath>
      <IsIgnored>false</IsIgnored>
    </FileLog>
    <FileLog>
      <ProjectId>cb5d11be-3d7d-4a44-9bed-de47222bf8f4</ProjectId>
      <CorrelationId>Intent.ModuleBuilder.CSharp.Templates.CSharpTemplate.T4Template.PreProcessed#0d9602a9-ccfc-497a-ac9a-97654c1aab83</CorrelationId>
      <OverwriteBehaviour>always</OverwriteBehaviour>
      <ApplicationRelativeFilePath>Templates/DbInitializationExtensions/DbInitializationExtensionsTemplate.cs</ApplicationRelativeFilePath>
      <ProjectRelativeFilePath>DbInitializationExtensions/DbInitializationExtensionsTemplate.cs</ProjectRelativeFilePath>
      <IsIgnored>false</IsIgnored>
    </FileLog>
    <FileLog>
      <ProjectId>cb5d11be-3d7d-4a44-9bed-de47222bf8f4</ProjectId>
      <CorrelationId>Intent.ModuleBuilder.CSharp.Templates.CSharpTemplate#0d9602a9-ccfc-497a-ac9a-97654c1aab83</CorrelationId>
      <OverwriteBehaviour>always</OverwriteBehaviour>
      <ApplicationRelativeFilePath>Templates/DbInitializationExtensions/DbInitializationExtensionsTemplate.tt</ApplicationRelativeFilePath>
      <ProjectRelativeFilePath>DbInitializationExtensions/DbInitializationExtensionsTemplate.tt</ProjectRelativeFilePath>
      <IsIgnored>false</IsIgnored>
    </FileLog>
    <FileLog>
      <ProjectId>cb5d11be-3d7d-4a44-9bed-de47222bf8f4</ProjectId>
      <CorrelationId>Intent.ModuleBuilder.CSharp.Templates.CSharpTemplatePartial#0d9602a9-ccfc-497a-ac9a-97654c1aab83</CorrelationId>
      <OverwriteBehaviour>always</OverwriteBehaviour>
      <ApplicationRelativeFilePath>Templates/DbInitializationExtensions/DbInitializationExtensionsTemplatePartial.cs</ApplicationRelativeFilePath>
      <ProjectRelativeFilePath>DbInitializationExtensions/DbInitializationExtensionsTemplatePartial.cs</ProjectRelativeFilePath>
      <IsIgnored>false</IsIgnored>
    </FileLog>
    <FileLog>
      <ProjectId>cb5d11be-3d7d-4a44-9bed-de47222bf8f4</ProjectId>
      <CorrelationId>Intent.ModuleBuilder.TemplateRegistration.Custom#0d9602a9-ccfc-497a-ac9a-97654c1aab83</CorrelationId>
      <OverwriteBehaviour>always</OverwriteBehaviour>
      <ApplicationRelativeFilePath>Templates/DbInitializationExtensions/DbInitializationExtensionsTemplateRegistration.cs</ApplicationRelativeFilePath>
      <ProjectRelativeFilePath>DbInitializationExtensions/DbInitializationExtensionsTemplateRegistration.cs</ProjectRelativeFilePath>
      <IsIgnored>false</IsIgnored>
    </FileLog>
    <FileLog>
      <ProjectId>cb5d11be-3d7d-4a44-9bed-de47222bf8f4</ProjectId>
      <CorrelationId>Intent.ModuleBuilder.Templates.TemplateExtensions</CorrelationId>
      <OverwriteBehaviour>always</OverwriteBehaviour>
      <ApplicationRelativeFilePath>Templates/TemplateExtensions.cs</ApplicationRelativeFilePath>
      <ProjectRelativeFilePath>TemplateExtensions.cs</ProjectRelativeFilePath>
      <IsIgnored>false</IsIgnored>
    </FileLog>
  </FileLogs>
</outputLog>