<?xml version="1.0" encoding="utf-8"?>
<outputLog>
  <ApplicationId>077919ca-638f-40e2-84e6-e217ff37068c</ApplicationId>
  <FileLogs>
    <FileLog>
      <CorrelationId>Intent.VisualStudio.Projects.VisualStudioSolution#2ccbd5a1-e327-4c77-8fbc-d56416a796e9</CorrelationId>
      <OverwriteBehaviour>always</OverwriteBehaviour>
      <ApplicationRelativeFilePath>../Intent.Modules.NET.sln</ApplicationRelativeFilePath>
      <IsIgnored>false</IsIgnored>
    </FileLog>
    <FileLog>
      <ProjectId>eb07b478-3421-4bd0-a1d1-37a057962ddb</ProjectId>
      <CorrelationId>Intent.ModuleBuilder.Templates.Api.ApiElementModelExtensions#04e12b51-ed12-42a3-9667-a6aa81bb6d10</CorrelationId>
      <OverwriteBehaviour>always</OverwriteBehaviour>
      <ApplicationRelativeFilePath>Api/ClassModelStereotypeExtensions.cs</ApplicationRelativeFilePath>
      <ProjectRelativeFilePath>ClassModelStereotypeExtensions.cs</ProjectRelativeFilePath>
      <IsIgnored>false</IsIgnored>
    </FileLog>
    <FileLog>
      <ProjectId>d4d970b6-07a2-417a-b5e3-5f14ddaefe64</ProjectId>
      <CorrelationId>Intent.ModuleBuilder.Templates.FactoryExtension#dbf43ad1-b736-4fe6-94c8-e4a463350a48</CorrelationId>
      <OverwriteBehaviour>always</OverwriteBehaviour>
      <ApplicationRelativeFilePath>FactoryExtensions/DiffAuditExtension.cs</ApplicationRelativeFilePath>
      <ProjectRelativeFilePath>DiffAuditExtension.cs</ProjectRelativeFilePath>
      <IsIgnored>false</IsIgnored>
    </FileLog>
    <FileLog>
      <ProjectId>d4d970b6-07a2-417a-b5e3-5f14ddaefe64</ProjectId>
      <CorrelationId>Intent.ModuleBuilder.Templates.FactoryExtension#76267192-ec61-4491-a710-856945af2da1</CorrelationId>
      <OverwriteBehaviour>always</OverwriteBehaviour>
      <ApplicationRelativeFilePath>FactoryExtensions/EfCoreExtension.cs</ApplicationRelativeFilePath>
      <ProjectRelativeFilePath>EfCoreExtension.cs</ProjectRelativeFilePath>
      <IsIgnored>false</IsIgnored>
    </FileLog>
    <FileLog>
      <ProjectId>7b7833a2-dc67-45e4-9d2f-6b7093ae1dc6</ProjectId>
      <CorrelationId>Intent.ModuleBuilder.IModSpecFile</CorrelationId>
      <OverwriteBehaviour>always</OverwriteBehaviour>
      <ApplicationRelativeFilePath>Intent.EntityFrameworkCore.DiffAudit.imodspec</ApplicationRelativeFilePath>
      <ProjectRelativeFilePath>Intent.EntityFrameworkCore.DiffAudit.imodspec</ProjectRelativeFilePath>
      <IsIgnored>false</IsIgnored>
    </FileLog>
    <FileLog>
      <ProjectId>7b7833a2-dc67-45e4-9d2f-6b7093ae1dc6</ProjectId>
      <CorrelationId>Intent.VisualStudio.Projects.CSharpProject#7b7833a2-dc67-45e4-9d2f-6b7093ae1dc6</CorrelationId>
      <OverwriteBehaviour>always</OverwriteBehaviour>
      <ApplicationRelativeFilePath>Intent.Modules.EntityFrameworkCore.DiffAudit.csproj</ApplicationRelativeFilePath>
      <ProjectRelativeFilePath>Intent.Modules.EntityFrameworkCore.DiffAudit.csproj</ProjectRelativeFilePath>
      <IsIgnored>false</IsIgnored>
    </FileLog>
    <FileLog>
      <ProjectId>4fd92a01-f92a-4ada-8395-d17ba05f6db3</ProjectId>
      <CorrelationId>Intent.ModuleBuilder.Templates.Migrations.OnInstallMigration#d415f5dc-c46d-4d87-a523-71babb94c1ff</CorrelationId>
      <OverwriteBehaviour>always</OverwriteBehaviour>
      <ApplicationRelativeFilePath>Migrations/OnInstallMigration.cs</ApplicationRelativeFilePath>
      <ProjectRelativeFilePath>OnInstallMigration.cs</ProjectRelativeFilePath>
      <IsIgnored>false</IsIgnored>
    </FileLog>
    <FileLog>
      <ProjectId>45c4b3a4-5a7b-4475-96c0-82eec4bb2037</ProjectId>
      <CorrelationId>Intent.ModuleBuilder.DesignerSettings#380fcef8-0ba4-4416-be00-1ce4dda928fc</CorrelationId>
      <OverwriteBehaviour>always</OverwriteBehaviour>
      <ApplicationRelativeFilePath>modelers/Diff Audit Persistence Settings.designer.settings</ApplicationRelativeFilePath>
      <ProjectRelativeFilePath>Diff Audit Persistence Settings.designer.settings</ProjectRelativeFilePath>
      <IsIgnored>false</IsIgnored>
    </FileLog>
    <FileLog>
      <ProjectId>7b7833a2-dc67-45e4-9d2f-6b7093ae1dc6</ProjectId>
      <CorrelationId>Intent.ModuleBuilder.Templates.ReleaseNotes</CorrelationId>
      <OverwriteBehaviour>once-off</OverwriteBehaviour>
      <ApplicationRelativeFilePath>release-notes.md</ApplicationRelativeFilePath>
      <ProjectRelativeFilePath>release-notes.md</ProjectRelativeFilePath>
      <IsIgnored>true</IsIgnored>
    </FileLog>
    <FileLog>
      <ProjectId>66e4b181-f85b-4e06-bc25-c37645aa04af</ProjectId>
      <CorrelationId>Intent.ModuleBuilder.Templates.DocumentationTemplate#2effa247-bf37-47b8-ab2c-9c4ba3ea4cca</CorrelationId>
      <OverwriteBehaviour>always</OverwriteBehaviour>
      <ApplicationRelativeFilePath>resources/documentation.json</ApplicationRelativeFilePath>
      <ProjectRelativeFilePath>documentation.json</ProjectRelativeFilePath>
      <IsIgnored>false</IsIgnored>
    </FileLog>
    <FileLog>
      <ProjectId>d8da6e9a-af00-43a2-a0ac-1d58fc908915</ProjectId>
      <CorrelationId>Intent.ModuleBuilder.Templates.Settings.ModuleSettingsExtensions#e4873852-59e4-4522-84c9-c5980e197fcc</CorrelationId>
      <OverwriteBehaviour>always</OverwriteBehaviour>
      <ApplicationRelativeFilePath>Settings/ModuleSettingsExtensions.cs</ApplicationRelativeFilePath>
      <ProjectRelativeFilePath>ModuleSettingsExtensions.cs</ProjectRelativeFilePath>
      <IsIgnored>false</IsIgnored>
    </FileLog>
    <FileLog>
      <ProjectId>fdd503ef-ecae-4949-94f7-9698f4839b7a</ProjectId>
      <CorrelationId>Intent.ModuleBuilder.CSharp.Templates.CSharpTemplatePartial#b296e89d-6259-4ade-9cd6-09c4f3783e29</CorrelationId>
      <OverwriteBehaviour>always</OverwriteBehaviour>
      <ApplicationRelativeFilePath>Templates/DiffAuditInterface/DiffAuditInterfaceTemplatePartial.cs</ApplicationRelativeFilePath>
      <ProjectRelativeFilePath>DiffAuditInterface/DiffAuditInterfaceTemplatePartial.cs</ProjectRelativeFilePath>
      <IsIgnored>false</IsIgnored>
    </FileLog>
    <FileLog>
      <ProjectId>fdd503ef-ecae-4949-94f7-9698f4839b7a</ProjectId>
      <CorrelationId>Intent.ModuleBuilder.TemplateRegistration.SingleFileNoModel#b296e89d-6259-4ade-9cd6-09c4f3783e29</CorrelationId>
      <OverwriteBehaviour>always</OverwriteBehaviour>
      <ApplicationRelativeFilePath>Templates/DiffAuditInterface/DiffAuditInterfaceTemplateRegistration.cs</ApplicationRelativeFilePath>
      <ProjectRelativeFilePath>DiffAuditInterface/DiffAuditInterfaceTemplateRegistration.cs</ProjectRelativeFilePath>
      <IsIgnored>false</IsIgnored>
    </FileLog>
    <FileLog>
      <ProjectId>fdd503ef-ecae-4949-94f7-9698f4839b7a</ProjectId>
      <CorrelationId>Intent.ModuleBuilder.Templates.TemplateExtensions</CorrelationId>
      <OverwriteBehaviour>always</OverwriteBehaviour>
      <ApplicationRelativeFilePath>Templates/TemplateExtensions.cs</ApplicationRelativeFilePath>
      <ProjectRelativeFilePath>TemplateExtensions.cs</ProjectRelativeFilePath>
      <IsIgnored>false</IsIgnored>
    </FileLog>
  </FileLogs>
</outputLog>