<?xml version="1.0" encoding="utf-8"?>
<outputLog>
  <ApplicationId>70ce79dc-5921-4872-8959-d1cb6f635a8c</ApplicationId>
  <FileLogs>
    <FileLog>
      <CorrelationId>Intent.VisualStudio.Projects.VisualStudioSolution#20a40b4a-8785-4e1c-b52c-c1d49a8059a6</CorrelationId>
      <OverwriteBehaviour>always</OverwriteBehaviour>
      <ApplicationRelativeFilePath>../Intent.Modules.NET.sln</ApplicationRelativeFilePath>
      <IsIgnored>false</IsIgnored>
    </FileLog>
    <FileLog>
      <ProjectId>cf018a72-1728-4f58-95cb-8ccd0c4d6cf0</ProjectId>
      <CorrelationId>Intent.ModuleBuilder.Templates.Api.ApiElementExtensionModel#ba7d2517-4f8b-40b0-89aa-36aed9940116</CorrelationId>
      <OverwriteBehaviour>always</OverwriteBehaviour>
      <ApplicationRelativeFilePath>Api/EventingDTOExtensionModel.cs</ApplicationRelativeFilePath>
      <ProjectRelativeFilePath>EventingDTOExtensionModel.cs</ProjectRelativeFilePath>
      <IsIgnored>false</IsIgnored>
    </FileLog>
    <FileLog>
      <ProjectId>cf018a72-1728-4f58-95cb-8ccd0c4d6cf0</ProjectId>
      <CorrelationId>Intent.ModuleBuilder.Templates.Api.ApiElementExtensionModel#c2f84da4-5875-4c72-b337-6e6be9b74ec0</CorrelationId>
      <OverwriteBehaviour>always</OverwriteBehaviour>
      <ApplicationRelativeFilePath>Api/IntegrationCommandExtensionModel.cs</ApplicationRelativeFilePath>
      <ProjectRelativeFilePath>IntegrationCommandExtensionModel.cs</ProjectRelativeFilePath>
      <IsIgnored>false</IsIgnored>
    </FileLog>
    <FileLog>
      <ProjectId>cf018a72-1728-4f58-95cb-8ccd0c4d6cf0</ProjectId>
      <CorrelationId>Intent.ModuleBuilder.Templates.Api.ApiElementExtensionModel#8059b11d-b5fb-44fe-bd94-0119a22ed1c7</CorrelationId>
      <OverwriteBehaviour>always</OverwriteBehaviour>
      <ApplicationRelativeFilePath>Api/MessageExtensionModel.cs</ApplicationRelativeFilePath>
      <ProjectRelativeFilePath>MessageExtensionModel.cs</ProjectRelativeFilePath>
      <IsIgnored>false</IsIgnored>
    </FileLog>
    <FileLog>
      <ProjectId>c11bdc96-25c4-4b81-add5-1381251bdabe</ProjectId>
      <CorrelationId>Intent.ModuleBuilder.Templates.FactoryExtension#640151a8-0bbd-4d2a-a464-9c87580cecc9</CorrelationId>
      <OverwriteBehaviour>always</OverwriteBehaviour>
      <ApplicationRelativeFilePath>FactoryExtensions/DomainEventHandlerMessagePublishingImplementationExtension.cs</ApplicationRelativeFilePath>
      <ProjectRelativeFilePath>DomainEventHandlerMessagePublishingImplementationExtension.cs</ProjectRelativeFilePath>
      <IsIgnored>false</IsIgnored>
    </FileLog>
    <FileLog>
      <ProjectId>749ac6d1-cc82-407c-b973-ae5de1178fcf</ProjectId>
      <CorrelationId>Intent.ModuleBuilder.IModSpecFile</CorrelationId>
      <OverwriteBehaviour>always</OverwriteBehaviour>
      <ApplicationRelativeFilePath>Intent.Eventing.Contracts.DomainMapping.imodspec</ApplicationRelativeFilePath>
      <ProjectRelativeFilePath>Intent.Eventing.Contracts.DomainMapping.imodspec</ProjectRelativeFilePath>
      <IsIgnored>false</IsIgnored>
    </FileLog>
    <FileLog>
      <ProjectId>749ac6d1-cc82-407c-b973-ae5de1178fcf</ProjectId>
      <CorrelationId>Intent.VisualStudio.Projects.CoreLibrary.CSProject#749ac6d1-cc82-407c-b973-ae5de1178fcf</CorrelationId>
      <OverwriteBehaviour>always</OverwriteBehaviour>
      <ApplicationRelativeFilePath>Intent.Modules.Eventing.Contracts.DomainMapping.csproj</ApplicationRelativeFilePath>
      <ProjectRelativeFilePath>Intent.Modules.Eventing.Contracts.DomainMapping.csproj</ProjectRelativeFilePath>
      <IsIgnored>false</IsIgnored>
    </FileLog>
    <FileLog>
      <ProjectId>b3e88bd1-ed6e-4c8e-a76e-0f8a7dff5357</ProjectId>
      <CorrelationId>Intent.ModuleBuilder.DesignerSettings#beb97e21-cd53-4f3e-ba24-75f12b6025fb</CorrelationId>
      <OverwriteBehaviour>always</OverwriteBehaviour>
      <ApplicationRelativeFilePath>modelers/Eventing Designer Settings.designer.settings</ApplicationRelativeFilePath>
      <ProjectRelativeFilePath>Eventing Designer Settings.designer.settings</ProjectRelativeFilePath>
      <IsIgnored>false</IsIgnored>
    </FileLog>
    <FileLog>
      <ProjectId>9fd615bc-ade0-4842-a2b4-04c724cb4b24</ProjectId>
      <CorrelationId>Intent.ModuleBuilder.CSharp.Templates.CSharpTemplatePartial#d72addf4-0c26-4c4c-b5b2-adfc08f8f498</CorrelationId>
      <OverwriteBehaviour>always</OverwriteBehaviour>
      <ApplicationRelativeFilePath>Templates/DtoExtensions/DtoExtensionsTemplatePartial.cs</ApplicationRelativeFilePath>
      <ProjectRelativeFilePath>DtoExtensions/DtoExtensionsTemplatePartial.cs</ProjectRelativeFilePath>
      <IsIgnored>false</IsIgnored>
    </FileLog>
    <FileLog>
      <ProjectId>9fd615bc-ade0-4842-a2b4-04c724cb4b24</ProjectId>
      <CorrelationId>Intent.ModuleBuilder.TemplateRegistration.FilePerModel#d72addf4-0c26-4c4c-b5b2-adfc08f8f498</CorrelationId>
      <OverwriteBehaviour>always</OverwriteBehaviour>
      <ApplicationRelativeFilePath>Templates/DtoExtensions/DtoExtensionsTemplateRegistration.cs</ApplicationRelativeFilePath>
      <ProjectRelativeFilePath>DtoExtensions/DtoExtensionsTemplateRegistration.cs</ProjectRelativeFilePath>
      <IsIgnored>false</IsIgnored>
    </FileLog>
    <FileLog>
      <ProjectId>9fd615bc-ade0-4842-a2b4-04c724cb4b24</ProjectId>
      <CorrelationId>Intent.ModuleBuilder.CSharp.Templates.CSharpTemplatePartial#9109c99a-605a-4322-aacb-aa2f322e7a88</CorrelationId>
      <OverwriteBehaviour>always</OverwriteBehaviour>
      <ApplicationRelativeFilePath>Templates/MessageExtensions/MessageExtensionsTemplatePartial.cs</ApplicationRelativeFilePath>
      <ProjectRelativeFilePath>MessageExtensions/MessageExtensionsTemplatePartial.cs</ProjectRelativeFilePath>
      <IsIgnored>false</IsIgnored>
    </FileLog>
    <FileLog>
      <ProjectId>9fd615bc-ade0-4842-a2b4-04c724cb4b24</ProjectId>
      <CorrelationId>Intent.ModuleBuilder.TemplateRegistration.FilePerModel#9109c99a-605a-4322-aacb-aa2f322e7a88</CorrelationId>
      <OverwriteBehaviour>always</OverwriteBehaviour>
      <ApplicationRelativeFilePath>Templates/MessageExtensions/MessageExtensionsTemplateRegistration.cs</ApplicationRelativeFilePath>
      <ProjectRelativeFilePath>MessageExtensions/MessageExtensionsTemplateRegistration.cs</ProjectRelativeFilePath>
      <IsIgnored>false</IsIgnored>
    </FileLog>
    <FileLog>
      <ProjectId>9fd615bc-ade0-4842-a2b4-04c724cb4b24</ProjectId>
      <CorrelationId>Intent.ModuleBuilder.Templates.TemplateExtensions</CorrelationId>
      <OverwriteBehaviour>always</OverwriteBehaviour>
      <ApplicationRelativeFilePath>Templates/TemplateExtensions.cs</ApplicationRelativeFilePath>
      <ProjectRelativeFilePath>TemplateExtensions.cs</ProjectRelativeFilePath>
      <IsIgnored>false</IsIgnored>
    </FileLog>
  </FileLogs>
</outputLog>