<?xml version="1.0" encoding="utf-8"?>
<outputLog>
  <ApplicationId>06df51fb-6745-4f57-a945-31d87e6d5df3</ApplicationId>
  <FileLogs>
    <FileLog>
      <CorrelationId>Intent.VisualStudio.Projects.VisualStudio2015Solution#d8c155bc-88db-4d08-a761-56eb78ba4644</CorrelationId>
      <OverwriteBehaviour>always</OverwriteBehaviour>
      <ApplicationRelativeFilePath>../Intent.Modules.NET.sln</ApplicationRelativeFilePath>
      <IsIgnored>false</IsIgnored>
    </FileLog>
    <FileLog>
      <ProjectId>acb869d0-37cf-44c3-a6e6-bef8b1b6a0ae</ProjectId>
      <CorrelationId>Intent.ModuleBuilder.Templates.TemplateDecorator#c173f2ee-4621-4646-bc83-5274c04c7c6f</CorrelationId>
      <OverwriteBehaviour>always</OverwriteBehaviour>
      <ApplicationRelativeFilePath>Decorators/OutboxTableSpecification.cs</ApplicationRelativeFilePath>
      <ProjectRelativeFilePath>OutboxTableSpecification.cs</ProjectRelativeFilePath>
      <IsIgnored>false</IsIgnored>
    </FileLog>
    <FileLog>
      <ProjectId>acb869d0-37cf-44c3-a6e6-bef8b1b6a0ae</ProjectId>
      <CorrelationId>Intent.ModuleBuilder.Templates.TemplateDecoratorRegistration#c173f2ee-4621-4646-bc83-5274c04c7c6f</CorrelationId>
      <OverwriteBehaviour>always</OverwriteBehaviour>
      <ApplicationRelativeFilePath>Decorators/OutboxTableSpecificationRegistration.cs</ApplicationRelativeFilePath>
      <ProjectRelativeFilePath>OutboxTableSpecificationRegistration.cs</ProjectRelativeFilePath>
      <IsIgnored>false</IsIgnored>
    </FileLog>
    <FileLog>
      <ProjectId>8f3f1f73-0e84-4298-87bc-129224962480</ProjectId>
      <CorrelationId>Intent.ModuleBuilder.Templates.FactoryExtension#9440a161-e9e7-4884-8276-dc7940ed994d</CorrelationId>
      <OverwriteBehaviour>always</OverwriteBehaviour>
      <ApplicationRelativeFilePath>FactoryExtensions/MessageProviderSpecificCodeManipulator.cs</ApplicationRelativeFilePath>
      <ProjectRelativeFilePath>MessageProviderSpecificCodeManipulator.cs</ProjectRelativeFilePath>
      <IsIgnored>false</IsIgnored>
    </FileLog>
    <FileLog>
      <ProjectId>26b2d2e3-9229-4b3b-9122-a9d13aa1a324</ProjectId>
      <CorrelationId>Intent.ModuleBuilder.IModSpecFile</CorrelationId>
      <OverwriteBehaviour>always</OverwriteBehaviour>
      <ApplicationRelativeFilePath>Intent.Eventing.MassTransit.OutboxPattern.imodspec</ApplicationRelativeFilePath>
      <ProjectRelativeFilePath>Intent.Eventing.MassTransit.OutboxPattern.imodspec</ProjectRelativeFilePath>
      <IsIgnored>false</IsIgnored>
    </FileLog>
    <FileLog>
      <ProjectId>26b2d2e3-9229-4b3b-9122-a9d13aa1a324</ProjectId>
      <CorrelationId>Intent.VisualStudio.Projects.CoreLibrary.CSProject#26b2d2e3-9229-4b3b-9122-a9d13aa1a324</CorrelationId>
      <OverwriteBehaviour>once-off</OverwriteBehaviour>
      <ApplicationRelativeFilePath>Intent.Modules.Eventing.MassTransit.OutboxPattern.csproj</ApplicationRelativeFilePath>
      <ProjectRelativeFilePath>Intent.Modules.Eventing.MassTransit.OutboxPattern.csproj</ProjectRelativeFilePath>
      <IsIgnored>false</IsIgnored>
    </FileLog>
    <FileLog>
      <ProjectId>26b2d2e3-9229-4b3b-9122-a9d13aa1a324</ProjectId>
      <CorrelationId>Intent.ModuleBuilder.ReadMe</CorrelationId>
      <OverwriteBehaviour>always</OverwriteBehaviour>
      <ApplicationRelativeFilePath>README.txt</ApplicationRelativeFilePath>
      <ProjectRelativeFilePath>README.txt</ProjectRelativeFilePath>
      <IsIgnored>false</IsIgnored>
    </FileLog>
    <FileLog>
      <ProjectId>b8e5f10f-6158-4f93-a021-35e22002da72</ProjectId>
      <CorrelationId>Intent.ModuleBuilder.Templates.Settings.ModuleSettingsExtensions#c7fe1376-6229-48ce-bdad-c97447fd51d5</CorrelationId>
      <OverwriteBehaviour>always</OverwriteBehaviour>
      <ApplicationRelativeFilePath>Settings/ModuleSettingsExtensions.cs</ApplicationRelativeFilePath>
      <ProjectRelativeFilePath>ModuleSettingsExtensions.cs</ProjectRelativeFilePath>
      <IsIgnored>false</IsIgnored>
    </FileLog>
  </FileLogs>
</outputLog>