<?xml version="1.0" encoding="utf-8"?>
<outputLog>
  <ApplicationId>3b09cfc6-074a-4486-a81b-de16902d36b0</ApplicationId>
  <FileLogs>
    <FileLog>
      <CorrelationId>Intent.VisualStudio.Projects.VisualStudio2015Solution#99f322ab-d323-456e-916f-4d4449dae2ea</CorrelationId>
      <OverwriteBehaviour>always</OverwriteBehaviour>
      <ApplicationRelativeFilePath>../Intent.Modules.Net.sln</ApplicationRelativeFilePath>
      <IsIgnored>false</IsIgnored>
    </FileLog>
    <FileLog>
      <ProjectId>6371ca1a-9e96-446d-96ce-565f92ca7a88</ProjectId>
      <CorrelationId>Intent.ModuleBuilder.Templates.TemplateDecorator#4bf23c06-0d4e-47d1-a9ab-56b00c05d0fe</CorrelationId>
      <OverwriteBehaviour>always</OverwriteBehaviour>
      <ApplicationRelativeFilePath>Decorators/DbContextSaveControllerDecorator.cs</ApplicationRelativeFilePath>
      <ProjectRelativeFilePath>DbContextSaveControllerDecorator.cs</ProjectRelativeFilePath>
      <IsIgnored>false</IsIgnored>
    </FileLog>
    <FileLog>
      <ProjectId>6371ca1a-9e96-446d-96ce-565f92ca7a88</ProjectId>
      <CorrelationId>Intent.ModuleBuilder.Templates.TemplateDecoratorRegistration#4bf23c06-0d4e-47d1-a9ab-56b00c05d0fe</CorrelationId>
      <OverwriteBehaviour>always</OverwriteBehaviour>
      <ApplicationRelativeFilePath>Decorators/DbContextSaveControllerDecoratorRegistration.cs</ApplicationRelativeFilePath>
      <ProjectRelativeFilePath>DbContextSaveControllerDecoratorRegistration.cs</ProjectRelativeFilePath>
      <IsIgnored>false</IsIgnored>
    </FileLog>
    <FileLog>
      <ProjectId>a7d8cbe5-1155-40da-8b0c-cfc0b1e9851c</ProjectId>
      <CorrelationId>Intent.ModuleBuilder.IModSpecFile</CorrelationId>
      <OverwriteBehaviour>always</OverwriteBehaviour>
      <ApplicationRelativeFilePath>Intent.AspNetCore.Controllers.Interop.EntityFrameworkCore.imodspec</ApplicationRelativeFilePath>
      <ProjectRelativeFilePath>Intent.AspNetCore.Controllers.Interop.EntityFrameworkCore.imodspec</ProjectRelativeFilePath>
      <IsIgnored>false</IsIgnored>
    </FileLog>
    <FileLog>
      <ProjectId>a7d8cbe5-1155-40da-8b0c-cfc0b1e9851c</ProjectId>
      <CorrelationId>Intent.VisualStudio.Projects.CoreLibrary.CSProject#a7d8cbe5-1155-40da-8b0c-cfc0b1e9851c</CorrelationId>
      <OverwriteBehaviour>once-off</OverwriteBehaviour>
      <ApplicationRelativeFilePath>Intent.Modules.AspNetCore.Controllers.Interop.EntityFrameworkCore.csproj</ApplicationRelativeFilePath>
      <ProjectRelativeFilePath>Intent.Modules.AspNetCore.Controllers.Interop.EntityFrameworkCore.csproj</ProjectRelativeFilePath>
      <IsIgnored>false</IsIgnored>
    </FileLog>
    <FileLog>
      <ProjectId>a7d8cbe5-1155-40da-8b0c-cfc0b1e9851c</ProjectId>
      <CorrelationId>Intent.ModuleBuilder.ReadMe</CorrelationId>
      <OverwriteBehaviour>always</OverwriteBehaviour>
      <ApplicationRelativeFilePath>README.txt</ApplicationRelativeFilePath>
      <ProjectRelativeFilePath>README.txt</ProjectRelativeFilePath>
      <IsIgnored>false</IsIgnored>
    </FileLog>
    <FileLog>
      <ProjectId>50a62698-8af6-476a-8738-574f986639a0</ProjectId>
      <CorrelationId>Intent.ModuleBuilder.CSharp.Templates.CSharpTemplate.T4Template.PreProcessed#233873da-66d2-450a-b26e-95d4af6b104c</CorrelationId>
      <OverwriteBehaviour>always</OverwriteBehaviour>
      <ApplicationRelativeFilePath>Templates/DbInitializationExtensions/DbInitializationExtensionsTemplate.cs</ApplicationRelativeFilePath>
      <ProjectRelativeFilePath>DbInitializationExtensions/DbInitializationExtensionsTemplate.cs</ProjectRelativeFilePath>
      <IsIgnored>false</IsIgnored>
    </FileLog>
    <FileLog>
      <ProjectId>50a62698-8af6-476a-8738-574f986639a0</ProjectId>
      <CorrelationId>Intent.ModuleBuilder.CSharp.Templates.CSharpT4Template#233873da-66d2-450a-b26e-95d4af6b104c</CorrelationId>
      <OverwriteBehaviour>always</OverwriteBehaviour>
      <ApplicationRelativeFilePath>Templates/DbInitializationExtensions/DbInitializationExtensionsTemplate.tt</ApplicationRelativeFilePath>
      <ProjectRelativeFilePath>DbInitializationExtensions/DbInitializationExtensionsTemplate.tt</ProjectRelativeFilePath>
      <IsIgnored>false</IsIgnored>
    </FileLog>
    <FileLog>
      <ProjectId>50a62698-8af6-476a-8738-574f986639a0</ProjectId>
      <CorrelationId>Intent.ModuleBuilder.CSharp.Templates.CSharpTemplatePartial#233873da-66d2-450a-b26e-95d4af6b104c</CorrelationId>
      <OverwriteBehaviour>always</OverwriteBehaviour>
      <ApplicationRelativeFilePath>Templates/DbInitializationExtensions/DbInitializationExtensionsTemplatePartial.cs</ApplicationRelativeFilePath>
      <ProjectRelativeFilePath>DbInitializationExtensions/DbInitializationExtensionsTemplatePartial.cs</ProjectRelativeFilePath>
      <IsIgnored>false</IsIgnored>
    </FileLog>
    <FileLog>
      <ProjectId>50a62698-8af6-476a-8738-574f986639a0</ProjectId>
      <CorrelationId>Intent.ModuleBuilder.TemplateRegistration.Custom#233873da-66d2-450a-b26e-95d4af6b104c</CorrelationId>
      <OverwriteBehaviour>always</OverwriteBehaviour>
      <ApplicationRelativeFilePath>Templates/DbInitializationExtensions/DbInitializationExtensionsTemplateRegistration.cs</ApplicationRelativeFilePath>
      <ProjectRelativeFilePath>DbInitializationExtensions/DbInitializationExtensionsTemplateRegistration.cs</ProjectRelativeFilePath>
      <IsIgnored>false</IsIgnored>
    </FileLog>
    <FileLog>
      <ProjectId>50a62698-8af6-476a-8738-574f986639a0</ProjectId>
      <CorrelationId>Intent.ModuleBuilder.Templates.TemplateExtensions</CorrelationId>
      <OverwriteBehaviour>always</OverwriteBehaviour>
      <ApplicationRelativeFilePath>Templates/TemplateExtensions.cs</ApplicationRelativeFilePath>
      <ProjectRelativeFilePath>TemplateExtensions.cs</ProjectRelativeFilePath>
      <IsIgnored>false</IsIgnored>
    </FileLog>
  </FileLogs>
</outputLog>