<?xml version="1.0" encoding="utf-8"?>
<outputLog>
  <ApplicationId>7ed2377c-0074-4ac5-9cfe-aebce1bab761</ApplicationId>
  <FileLogs>
    <FileLog>
      <CorrelationId>Intent.VisualStudio.Projects.VisualStudioSolution#c3866452-ecb2-46fa-97b7-c9978134d4a4</CorrelationId>
      <OverwriteBehaviour>always</OverwriteBehaviour>
      <ApplicationRelativeFilePath>../Intent.Modules.NET.sln</ApplicationRelativeFilePath>
      <IsIgnored>false</IsIgnored>
    </FileLog>
    <FileLog>
      <ProjectId>24ae71ec-7744-4c71-8e08-62185eafbab7</ProjectId>
      <CorrelationId>Intent.ModuleBuilder.IModSpecFile</CorrelationId>
      <OverwriteBehaviour>always</OverwriteBehaviour>
      <ApplicationRelativeFilePath>Intent.AI.AutoImplementation.imodspec</ApplicationRelativeFilePath>
      <ProjectRelativeFilePath>Intent.AI.AutoImplementation.imodspec</ProjectRelativeFilePath>
      <IsIgnored>false</IsIgnored>
    </FileLog>
    <FileLog>
      <ProjectId>24ae71ec-7744-4c71-8e08-62185eafbab7</ProjectId>
      <CorrelationId>Intent.VisualStudio.Projects.CSharpProject#24ae71ec-7744-4c71-8e08-62185eafbab7</CorrelationId>
      <OverwriteBehaviour>always</OverwriteBehaviour>
      <ApplicationRelativeFilePath>Intent.Modules.AI.AutoImplementation.csproj</ApplicationRelativeFilePath>
      <ProjectRelativeFilePath>Intent.Modules.AI.AutoImplementation.csproj</ProjectRelativeFilePath>
      <IsIgnored>false</IsIgnored>
    </FileLog>
    <FileLog>
      <ProjectId>99c9a2a9-4eaa-43b2-8cec-b620a963ba8d</ProjectId>
      <CorrelationId>Intent.ModuleBuilder.DesignerSettings#fb10d092-104a-414d-935a-4046713b5bcd</CorrelationId>
      <OverwriteBehaviour>always</OverwriteBehaviour>
      <ApplicationRelativeFilePath>modelers/AI Prompts.designer.settings</ApplicationRelativeFilePath>
      <ProjectRelativeFilePath>AI Prompts.designer.settings</ProjectRelativeFilePath>
      <IsIgnored>false</IsIgnored>
    </FileLog>
  </FileLogs>
</outputLog>