<?xml version="1.0" encoding="utf-8"?>
<outputLog>
  <ApplicationId>086913ce-408d-4025-acc5-58b5d97678de</ApplicationId>
  <FileLogs>
    <FileLog>
      <CorrelationId>Intent.VisualStudio.Projects.VisualStudioSolution#d8c3b03f-5a82-4b5c-9671-d62955da82fb</CorrelationId>
      <OverwriteBehaviour>always</OverwriteBehaviour>
      <ApplicationRelativeFilePath>../Intent.Modules.NET.sln</ApplicationRelativeFilePath>
      <IsIgnored>false</IsIgnored>
    </FileLog>
    <FileLog>
      <ProjectId>d85e8472-a55c-4be0-a725-249fa0febfb0</ProjectId>
      <CorrelationId>Intent.ModuleBuilder.Templates.FactoryExtension#0a2b290f-cd45-4586-92e7-e7b9cfe7a046</CorrelationId>
      <OverwriteBehaviour>always</OverwriteBehaviour>
      <ApplicationRelativeFilePath>FactoryExtensions/DbContextExtension.cs</ApplicationRelativeFilePath>
      <ProjectRelativeFilePath>DbContextExtension.cs</ProjectRelativeFilePath>
      <IsIgnored>false</IsIgnored>
    </FileLog>
    <FileLog>
      <ProjectId>d85e8472-a55c-4be0-a725-249fa0febfb0</ProjectId>
      <CorrelationId>Intent.ModuleBuilder.Templates.FactoryExtension#9a7f3599-4cd6-47b5-81f1-e44a54e79cd0</CorrelationId>
      <OverwriteBehaviour>always</OverwriteBehaviour>
      <ApplicationRelativeFilePath>FactoryExtensions/DependencyInjectionExtension.cs</ApplicationRelativeFilePath>
      <ProjectRelativeFilePath>DependencyInjectionExtension.cs</ProjectRelativeFilePath>
      <IsIgnored>false</IsIgnored>
    </FileLog>
    <FileLog>
      <ProjectId>d85e8472-a55c-4be0-a725-249fa0febfb0</ProjectId>
      <CorrelationId>Intent.ModuleBuilder.Templates.FactoryExtension#b5c1ed19-60d2-4174-b987-e307345ce03e</CorrelationId>
      <OverwriteBehaviour>always</OverwriteBehaviour>
      <ApplicationRelativeFilePath>FactoryExtensions/DomainServiceExtension.cs</ApplicationRelativeFilePath>
      <ProjectRelativeFilePath>DomainServiceExtension.cs</ProjectRelativeFilePath>
      <IsIgnored>false</IsIgnored>
    </FileLog>
    <FileLog>
      <ProjectId>d85e8472-a55c-4be0-a725-249fa0febfb0</ProjectId>
      <CorrelationId>Intent.ModuleBuilder.Templates.FactoryExtension#5682f77b-4c36-4c97-8e60-e361d94831b8</CorrelationId>
      <OverwriteBehaviour>always</OverwriteBehaviour>
      <ApplicationRelativeFilePath>FactoryExtensions/SolutionPatcherExtension.cs</ApplicationRelativeFilePath>
      <ProjectRelativeFilePath>SolutionPatcherExtension.cs</ProjectRelativeFilePath>
      <IsIgnored>false</IsIgnored>
    </FileLog>
    <FileLog>
      <ProjectId>f58bc8f7-8269-4609-b775-22808575fd1a</ProjectId>
      <CorrelationId>Intent.VisualStudio.Projects.CSharpProject#f58bc8f7-8269-4609-b775-22808575fd1a</CorrelationId>
      <OverwriteBehaviour>always</OverwriteBehaviour>
      <ApplicationRelativeFilePath>Intent.Modules.SharedKernel.Consumer.csproj</ApplicationRelativeFilePath>
      <ProjectRelativeFilePath>Intent.Modules.SharedKernel.Consumer.csproj</ProjectRelativeFilePath>
      <IsIgnored>false</IsIgnored>
    </FileLog>
    <FileLog>
      <ProjectId>f58bc8f7-8269-4609-b775-22808575fd1a</ProjectId>
      <CorrelationId>Intent.ModuleBuilder.IModSpecFile</CorrelationId>
      <OverwriteBehaviour>always</OverwriteBehaviour>
      <ApplicationRelativeFilePath>Intent.SharedKernel.Consumer.imodspec</ApplicationRelativeFilePath>
      <ProjectRelativeFilePath>Intent.SharedKernel.Consumer.imodspec</ProjectRelativeFilePath>
      <IsIgnored>false</IsIgnored>
    </FileLog>
    <FileLog>
      <ProjectId>41c76927-d3f4-42aa-b654-6114c3140210</ProjectId>
      <CorrelationId>Intent.ModuleBuilder.Templates.Settings.ModuleSettingsExtensions#da066c7b-0de5-4488-8473-71d21921b68c</CorrelationId>
      <OverwriteBehaviour>always</OverwriteBehaviour>
      <ApplicationRelativeFilePath>Settings/ModuleSettingsExtensions.cs</ApplicationRelativeFilePath>
      <ProjectRelativeFilePath>ModuleSettingsExtensions.cs</ProjectRelativeFilePath>
      <IsIgnored>false</IsIgnored>
    </FileLog>
  </FileLogs>
</outputLog>