<?xml version="1.0" encoding="utf-8"?>
<outputLog>
  <ApplicationId>17634ccd-1315-4ace-b1cd-dccf99b6737d</ApplicationId>
  <FileLogs>
    <FileLog>
      <CorrelationId>Intent.VisualStudio.Projects.VisualStudioSolution#7d96a6b4-831a-4e83-9d59-44280165edc9</CorrelationId>
      <OverwriteBehaviour>always</OverwriteBehaviour>
      <ApplicationRelativeFilePath>../Intent.Modules.NET.sln</ApplicationRelativeFilePath>
      <IsIgnored>false</IsIgnored>
    </FileLog>
    <FileLog>
      <ProjectId>9c2dbffb-1400-43c5-8cc4-f9de80dd0ca7</ProjectId>
      <CorrelationId>Intent.ModuleBuilder.Templates.FactoryExtension#d5e11d57-1a7e-45f1-bb66-9ee43ce60041</CorrelationId>
      <OverwriteBehaviour>always</OverwriteBehaviour>
      <ApplicationRelativeFilePath>FactoryExtensions/AddAnalyzerExtension.cs</ApplicationRelativeFilePath>
      <ProjectRelativeFilePath>AddAnalyzerExtension.cs</ProjectRelativeFilePath>
      <IsIgnored>false</IsIgnored>
    </FileLog>
    <FileLog>
      <ProjectId>8de64ee3-7ca6-464b-a5f6-976512dc3265</ProjectId>
      <CorrelationId>Intent.VisualStudio.Projects.CSharpProject#8de64ee3-7ca6-464b-a5f6-976512dc3265</CorrelationId>
      <OverwriteBehaviour>always</OverwriteBehaviour>
      <ApplicationRelativeFilePath>Intent.Modules.SonarQube.csproj</ApplicationRelativeFilePath>
      <ProjectRelativeFilePath>Intent.Modules.SonarQube.csproj</ProjectRelativeFilePath>
      <IsIgnored>false</IsIgnored>
    </FileLog>
    <FileLog>
      <ProjectId>8de64ee3-7ca6-464b-a5f6-976512dc3265</ProjectId>
      <CorrelationId>Intent.ModuleBuilder.IModSpecFile</CorrelationId>
      <OverwriteBehaviour>always</OverwriteBehaviour>
      <ApplicationRelativeFilePath>Intent.SonarQube.imodspec</ApplicationRelativeFilePath>
      <ProjectRelativeFilePath>Intent.SonarQube.imodspec</ProjectRelativeFilePath>
      <IsIgnored>false</IsIgnored>
    </FileLog>
    <FileLog>
      <ProjectId>8de64ee3-7ca6-464b-a5f6-976512dc3265</ProjectId>
      <CorrelationId>Intent.ModuleBuilder.CSharp.Templates.NugetPackages</CorrelationId>
      <OverwriteBehaviour>always</OverwriteBehaviour>
      <ApplicationRelativeFilePath>NugetPackages.cs</ApplicationRelativeFilePath>
      <ProjectRelativeFilePath>NugetPackages.cs</ProjectRelativeFilePath>
      <IsIgnored>false</IsIgnored>
    </FileLog>
    <FileLog>
      <ProjectId>d38a3a1a-900c-4821-a31a-40306a5e4d26</ProjectId>
      <CorrelationId>Intent.ModuleBuilder.Templates.DocumentationTemplate#3ab2cb05-e5d3-4d2d-b7e8-c79f4a38c770</CorrelationId>
      <OverwriteBehaviour>always</OverwriteBehaviour>
      <ApplicationRelativeFilePath>resources/documentation.json</ApplicationRelativeFilePath>
      <ProjectRelativeFilePath>documentation.json</ProjectRelativeFilePath>
      <IsIgnored>false</IsIgnored>
    </FileLog>
  </FileLogs>
</outputLog>