<?xml version="1.0" encoding="utf-8"?>
<outputLog>
  <ApplicationId>c3880144-3cc1-4e70-8bc2-f48be644b8d9</ApplicationId>
  <FileLogs>
    <FileLog>
      <CorrelationId>Intent.VisualStudio.Projects.VisualStudioSolution#8e50f87a-aef2-4b01-b0f0-96b5bd8b3a54</CorrelationId>
      <OverwriteBehaviour>always</OverwriteBehaviour>
      <ApplicationRelativeFilePath>../Intent.Modules.NET.sln</ApplicationRelativeFilePath>
      <IsIgnored>false</IsIgnored>
    </FileLog>
    <FileLog>
      <ProjectId>46907bdf-0955-4e2e-90bf-f9e8ff91a8d3</ProjectId>
      <CorrelationId>Intent.ModuleBuilder.Templates.FactoryExtension#736805ee-9057-4b8c-89c4-2d0762801923</CorrelationId>
      <OverwriteBehaviour>always</OverwriteBehaviour>
      <ApplicationRelativeFilePath>FactoryExtensions/MigrationsReadMeExtension.cs</ApplicationRelativeFilePath>
      <ProjectRelativeFilePath>MigrationsReadMeExtension.cs</ProjectRelativeFilePath>
      <IsIgnored>false</IsIgnored>
    </FileLog>
    <FileLog>
      <ProjectId>660cb137-92bc-425b-8adb-b29cf80291b3</ProjectId>
      <CorrelationId>Intent.ModuleBuilder.IModSpecFile</CorrelationId>
      <OverwriteBehaviour>always</OverwriteBehaviour>
      <ApplicationRelativeFilePath>Intent.EntityFrameworkCore.DesignTimeDbContextFactory.imodspec</ApplicationRelativeFilePath>
      <ProjectRelativeFilePath>Intent.EntityFrameworkCore.DesignTimeDbContextFactory.imodspec</ProjectRelativeFilePath>
      <IsIgnored>false</IsIgnored>
    </FileLog>
    <FileLog>
      <ProjectId>660cb137-92bc-425b-8adb-b29cf80291b3</ProjectId>
      <CorrelationId>Intent.VisualStudio.Projects.CoreLibrary.CSProject#660cb137-92bc-425b-8adb-b29cf80291b3</CorrelationId>
      <OverwriteBehaviour>always</OverwriteBehaviour>
      <ApplicationRelativeFilePath>Intent.Modules.EntityFrameworkCore.DesignTimeDbContextFactory.csproj</ApplicationRelativeFilePath>
      <ProjectRelativeFilePath>Intent.Modules.EntityFrameworkCore.DesignTimeDbContextFactory.csproj</ProjectRelativeFilePath>
      <IsIgnored>false</IsIgnored>
    </FileLog>
    <FileLog>
      <ProjectId>660cb137-92bc-425b-8adb-b29cf80291b3</ProjectId>
      <CorrelationId>Intent.ModuleBuilder.CSharp.Templates.NugetPackages</CorrelationId>
      <OverwriteBehaviour>always</OverwriteBehaviour>
      <ApplicationRelativeFilePath>NugetPackages.cs</ApplicationRelativeFilePath>
      <ProjectRelativeFilePath>NugetPackages.cs</ProjectRelativeFilePath>
      <IsIgnored>false</IsIgnored>
    </FileLog>
    <FileLog>
      <ProjectId>660cb137-92bc-425b-8adb-b29cf80291b3</ProjectId>
      <CorrelationId>Intent.ModuleBuilder.Templates.ReleaseNotes</CorrelationId>
      <OverwriteBehaviour>once-off</OverwriteBehaviour>
      <ApplicationRelativeFilePath>release-notes.md</ApplicationRelativeFilePath>
      <ProjectRelativeFilePath>release-notes.md</ProjectRelativeFilePath>
      <IsIgnored>false</IsIgnored>
    </FileLog>
    <FileLog>
      <ProjectId>c9c73c69-8618-4d7f-8403-c136be397162</ProjectId>
      <CorrelationId>Intent.ModuleBuilder.ProjectItemTemplate.Partial#a44b31ac-f4db-4460-9625-04ff21395ba0</CorrelationId>
      <OverwriteBehaviour>always</OverwriteBehaviour>
      <ApplicationRelativeFilePath>Templates/ApplicationSettingsJson/ApplicationSettingsJsonTemplatePartial.cs</ApplicationRelativeFilePath>
      <ProjectRelativeFilePath>ApplicationSettingsJson/ApplicationSettingsJsonTemplatePartial.cs</ProjectRelativeFilePath>
      <IsIgnored>false</IsIgnored>
    </FileLog>
    <FileLog>
      <ProjectId>c9c73c69-8618-4d7f-8403-c136be397162</ProjectId>
      <CorrelationId>Intent.ModuleBuilder.TemplateRegistration.SingleFileNoModel#a44b31ac-f4db-4460-9625-04ff21395ba0</CorrelationId>
      <OverwriteBehaviour>always</OverwriteBehaviour>
      <ApplicationRelativeFilePath>Templates/ApplicationSettingsJson/ApplicationSettingsJsonTemplateRegistration.cs</ApplicationRelativeFilePath>
      <ProjectRelativeFilePath>ApplicationSettingsJson/ApplicationSettingsJsonTemplateRegistration.cs</ProjectRelativeFilePath>
      <IsIgnored>false</IsIgnored>
    </FileLog>
    <FileLog>
      <ProjectId>c9c73c69-8618-4d7f-8403-c136be397162</ProjectId>
      <CorrelationId>Intent.ModuleBuilder.CSharp.Templates.CSharpTemplatePartial#6b4ade70-7c1d-43ee-ada6-1651cbc9d8fa</CorrelationId>
      <OverwriteBehaviour>always</OverwriteBehaviour>
      <ApplicationRelativeFilePath>Templates/DesignTimeDbContextFactory/DesignTimeDbContextFactoryTemplatePartial.cs</ApplicationRelativeFilePath>
      <ProjectRelativeFilePath>DesignTimeDbContextFactory/DesignTimeDbContextFactoryTemplatePartial.cs</ProjectRelativeFilePath>
      <IsIgnored>false</IsIgnored>
    </FileLog>
    <FileLog>
      <ProjectId>c9c73c69-8618-4d7f-8403-c136be397162</ProjectId>
      <CorrelationId>Intent.ModuleBuilder.TemplateRegistration.SingleFileNoModel#6b4ade70-7c1d-43ee-ada6-1651cbc9d8fa</CorrelationId>
      <OverwriteBehaviour>always</OverwriteBehaviour>
      <ApplicationRelativeFilePath>Templates/DesignTimeDbContextFactory/DesignTimeDbContextFactoryTemplateRegistration.cs</ApplicationRelativeFilePath>
      <ProjectRelativeFilePath>DesignTimeDbContextFactory/DesignTimeDbContextFactoryTemplateRegistration.cs</ProjectRelativeFilePath>
      <IsIgnored>false</IsIgnored>
    </FileLog>
    <FileLog>
      <ProjectId>c9c73c69-8618-4d7f-8403-c136be397162</ProjectId>
      <CorrelationId>Intent.ModuleBuilder.Templates.TemplateExtensions</CorrelationId>
      <OverwriteBehaviour>always</OverwriteBehaviour>
      <ApplicationRelativeFilePath>Templates/TemplateExtensions.cs</ApplicationRelativeFilePath>
      <ProjectRelativeFilePath>TemplateExtensions.cs</ProjectRelativeFilePath>
      <IsIgnored>false</IsIgnored>
    </FileLog>
  </FileLogs>
</outputLog>