<?xml version="1.0" encoding="utf-8"?>
<outputLog>
  <ApplicationId>311ca1c2-2a54-474c-8ba3-ab9b14a180bd</ApplicationId>
  <FileLogs>
    <FileLog>
      <CorrelationId>Intent.VisualStudio.Projects.VisualStudioSolution#44c91f34-e477-43f4-9805-408c44f72502</CorrelationId>
      <OverwriteBehaviour>always</OverwriteBehaviour>
      <ApplicationRelativeFilePath>../Intent.Modules.NET.sln</ApplicationRelativeFilePath>
      <IsIgnored>false</IsIgnored>
    </FileLog>
    <FileLog>
      <ProjectId>fdb55ff0-739c-4e6b-96fa-b7da40b78694</ProjectId>
      <CorrelationId>Intent.ModuleBuilder.Templates.FactoryExtension#7670d5f1-f428-4e4e-8331-2349a16f0969</CorrelationId>
      <OverwriteBehaviour>always</OverwriteBehaviour>
      <ApplicationRelativeFilePath>FactoryExtensions/RepositoryFactoryExtension.cs</ApplicationRelativeFilePath>
      <ProjectRelativeFilePath>RepositoryFactoryExtension.cs</ProjectRelativeFilePath>
      <IsIgnored>false</IsIgnored>
    </FileLog>
    <FileLog>
      <ProjectId>06ec06d8-3910-40d1-aa25-d2680ee39c4d</ProjectId>
      <CorrelationId>Intent.ModuleBuilder.IModSpecFile</CorrelationId>
      <OverwriteBehaviour>always</OverwriteBehaviour>
      <ApplicationRelativeFilePath>Intent.Ardalis.Repositories.imodspec</ApplicationRelativeFilePath>
      <ProjectRelativeFilePath>Intent.Ardalis.Repositories.imodspec</ProjectRelativeFilePath>
      <IsIgnored>false</IsIgnored>
    </FileLog>
    <FileLog>
      <ProjectId>06ec06d8-3910-40d1-aa25-d2680ee39c4d</ProjectId>
      <CorrelationId>Intent.VisualStudio.Projects.CoreLibrary.CSProject#06ec06d8-3910-40d1-aa25-d2680ee39c4d</CorrelationId>
      <OverwriteBehaviour>always</OverwriteBehaviour>
      <ApplicationRelativeFilePath>Intent.Modules.Ardalis.Repositories.csproj</ApplicationRelativeFilePath>
      <ProjectRelativeFilePath>Intent.Modules.Ardalis.Repositories.csproj</ProjectRelativeFilePath>
      <IsIgnored>false</IsIgnored>
    </FileLog>
    <FileLog>
      <ProjectId>06ec06d8-3910-40d1-aa25-d2680ee39c4d</ProjectId>
      <CorrelationId>Intent.ModuleBuilder.CSharp.Templates.NugetPackages</CorrelationId>
      <OverwriteBehaviour>always</OverwriteBehaviour>
      <ApplicationRelativeFilePath>NugetPackages.cs</ApplicationRelativeFilePath>
      <ProjectRelativeFilePath>NugetPackages.cs</ProjectRelativeFilePath>
      <IsIgnored>false</IsIgnored>
    </FileLog>
    <FileLog>
      <ProjectId>06ec06d8-3910-40d1-aa25-d2680ee39c4d</ProjectId>
      <CorrelationId>Intent.ModuleBuilder.Templates.ReleaseNotes</CorrelationId>
      <OverwriteBehaviour>once-off</OverwriteBehaviour>
      <ApplicationRelativeFilePath>release-notes.md</ApplicationRelativeFilePath>
      <ProjectRelativeFilePath>release-notes.md</ProjectRelativeFilePath>
      <IsIgnored>false</IsIgnored>
    </FileLog>
    <FileLog>
      <ProjectId>993b27f8-e854-4a3a-8f9c-3540666c3ed8</ProjectId>
      <CorrelationId>Intent.ModuleBuilder.CSharp.Templates.CSharpTemplate.T4Template.PreProcessed#72e4c495-1224-491e-b1fe-35dfe364c52e</CorrelationId>
      <OverwriteBehaviour>always</OverwriteBehaviour>
      <ApplicationRelativeFilePath>Templates/ReadRepositoryInterface/ReadRepositoryInterfaceTemplate.cs</ApplicationRelativeFilePath>
      <ProjectRelativeFilePath>ReadRepositoryInterface/ReadRepositoryInterfaceTemplate.cs</ProjectRelativeFilePath>
      <IsIgnored>false</IsIgnored>
    </FileLog>
    <FileLog>
      <ProjectId>993b27f8-e854-4a3a-8f9c-3540666c3ed8</ProjectId>
      <CorrelationId>Intent.ModuleBuilder.CSharp.Templates.CSharpT4Template#72e4c495-1224-491e-b1fe-35dfe364c52e</CorrelationId>
      <OverwriteBehaviour>always</OverwriteBehaviour>
      <ApplicationRelativeFilePath>Templates/ReadRepositoryInterface/ReadRepositoryInterfaceTemplate.tt</ApplicationRelativeFilePath>
      <ProjectRelativeFilePath>ReadRepositoryInterface/ReadRepositoryInterfaceTemplate.tt</ProjectRelativeFilePath>
      <IsIgnored>false</IsIgnored>
    </FileLog>
    <FileLog>
      <ProjectId>993b27f8-e854-4a3a-8f9c-3540666c3ed8</ProjectId>
      <CorrelationId>Intent.ModuleBuilder.CSharp.Templates.CSharpTemplatePartial#72e4c495-1224-491e-b1fe-35dfe364c52e</CorrelationId>
      <OverwriteBehaviour>always</OverwriteBehaviour>
      <ApplicationRelativeFilePath>Templates/ReadRepositoryInterface/ReadRepositoryInterfaceTemplatePartial.cs</ApplicationRelativeFilePath>
      <ProjectRelativeFilePath>ReadRepositoryInterface/ReadRepositoryInterfaceTemplatePartial.cs</ProjectRelativeFilePath>
      <IsIgnored>false</IsIgnored>
    </FileLog>
    <FileLog>
      <ProjectId>993b27f8-e854-4a3a-8f9c-3540666c3ed8</ProjectId>
      <CorrelationId>Intent.ModuleBuilder.TemplateRegistration.FilePerModel#72e4c495-1224-491e-b1fe-35dfe364c52e</CorrelationId>
      <OverwriteBehaviour>always</OverwriteBehaviour>
      <ApplicationRelativeFilePath>Templates/ReadRepositoryInterface/ReadRepositoryInterfaceTemplateRegistration.cs</ApplicationRelativeFilePath>
      <ProjectRelativeFilePath>ReadRepositoryInterface/ReadRepositoryInterfaceTemplateRegistration.cs</ProjectRelativeFilePath>
      <IsIgnored>false</IsIgnored>
    </FileLog>
    <FileLog>
      <ProjectId>993b27f8-e854-4a3a-8f9c-3540666c3ed8</ProjectId>
      <CorrelationId>Intent.ModuleBuilder.CSharp.Templates.CSharpTemplatePartial#010f82f0-575c-4d76-8347-cca0fa8d739d</CorrelationId>
      <OverwriteBehaviour>always</OverwriteBehaviour>
      <ApplicationRelativeFilePath>Templates/Specification/SpecificationTemplatePartial.cs</ApplicationRelativeFilePath>
      <ProjectRelativeFilePath>Specification/SpecificationTemplatePartial.cs</ProjectRelativeFilePath>
      <IsIgnored>false</IsIgnored>
    </FileLog>
    <FileLog>
      <ProjectId>993b27f8-e854-4a3a-8f9c-3540666c3ed8</ProjectId>
      <CorrelationId>Intent.ModuleBuilder.TemplateRegistration.FilePerModel#010f82f0-575c-4d76-8347-cca0fa8d739d</CorrelationId>
      <OverwriteBehaviour>always</OverwriteBehaviour>
      <ApplicationRelativeFilePath>Templates/Specification/SpecificationTemplateRegistration.cs</ApplicationRelativeFilePath>
      <ProjectRelativeFilePath>Specification/SpecificationTemplateRegistration.cs</ProjectRelativeFilePath>
      <IsIgnored>false</IsIgnored>
    </FileLog>
    <FileLog>
      <ProjectId>993b27f8-e854-4a3a-8f9c-3540666c3ed8</ProjectId>
      <CorrelationId>Intent.ModuleBuilder.Templates.TemplateExtensions</CorrelationId>
      <OverwriteBehaviour>always</OverwriteBehaviour>
      <ApplicationRelativeFilePath>Templates/TemplateExtensions.cs</ApplicationRelativeFilePath>
      <ProjectRelativeFilePath>TemplateExtensions.cs</ProjectRelativeFilePath>
      <IsIgnored>false</IsIgnored>
    </FileLog>
  </FileLogs>
</outputLog>