<?xml version="1.0" encoding="utf-8"?>
<outputLog>
  <ApplicationId>9a4086c7-0093-4ffd-9f3b-8f7d1b2b1466</ApplicationId>
  <FileLogs>
    <FileLog>
      <CorrelationId>Intent.VisualStudio.Projects.VisualStudioSolution#e45cc947-f4f6-478a-bde8-20824eadfc92</CorrelationId>
      <OverwriteBehaviour>always</OverwriteBehaviour>
      <ApplicationRelativeFilePath>../Intent.Modules.NET.sln</ApplicationRelativeFilePath>
      <IsIgnored>false</IsIgnored>
    </FileLog>
    <FileLog>
      <ProjectId>7364596f-fd76-44b4-983d-ecb376388566</ProjectId>
      <CorrelationId>Intent.ModuleBuilder.Templates.FactoryExtension#f653fdec-357c-4143-bf9e-acf2229f4c60</CorrelationId>
      <OverwriteBehaviour>always</OverwriteBehaviour>
      <ApplicationRelativeFilePath>FactoryExtensions/DomainEventsDbContextExtension.cs</ApplicationRelativeFilePath>
      <ProjectRelativeFilePath>DomainEventsDbContextExtension.cs</ProjectRelativeFilePath>
      <IsIgnored>false</IsIgnored>
    </FileLog>
    <FileLog>
      <ProjectId>1976761a-7fca-4d83-b9ad-9a929f8eea5f</ProjectId>
      <CorrelationId>Intent.ModuleBuilder.IModSpecFile</CorrelationId>
      <OverwriteBehaviour>always</OverwriteBehaviour>
      <ApplicationRelativeFilePath>Intent.EntityFrameworkCore.Interop.DomainEvents.imodspec</ApplicationRelativeFilePath>
      <ProjectRelativeFilePath>Intent.EntityFrameworkCore.Interop.DomainEvents.imodspec</ProjectRelativeFilePath>
      <IsIgnored>false</IsIgnored>
    </FileLog>
    <FileLog>
      <ProjectId>1976761a-7fca-4d83-b9ad-9a929f8eea5f</ProjectId>
      <CorrelationId>Intent.VisualStudio.Projects.CSharpProject#1976761a-7fca-4d83-b9ad-9a929f8eea5f</CorrelationId>
      <OverwriteBehaviour>always</OverwriteBehaviour>
      <ApplicationRelativeFilePath>Intent.Modules.EntityFrameworkCore.Interop.DomainEvents.csproj</ApplicationRelativeFilePath>
      <ProjectRelativeFilePath>Intent.Modules.EntityFrameworkCore.Interop.DomainEvents.csproj</ProjectRelativeFilePath>
      <IsIgnored>false</IsIgnored>
    </FileLog>
  </FileLogs>
</outputLog>