<?xml version="1.0" encoding="utf-8"?>
<outputLog>
  <ApplicationId>d04c1f37-e8a9-49ec-84d7-89e70c2904c9</ApplicationId>
  <FileLogs>
    <FileLog>
      <CorrelationId>Intent.VisualStudio.Projects.VisualStudioSolution#579b0621-def4-45da-9bbd-fa001365dfd8</CorrelationId>
      <OverwriteBehaviour>always</OverwriteBehaviour>
      <ApplicationRelativeFilePath>../Intent.Modules.NET.sln</ApplicationRelativeFilePath>
      <IsIgnored>false</IsIgnored>
    </FileLog>
    <FileLog>
      <ProjectId>41256da8-7520-41d6-9e54-0c2febbbddd6</ProjectId>
      <CorrelationId>Intent.ModuleBuilder.Templates.FactoryExtension#14fc2437-0298-4299-9a4f-0baf96b71cec</CorrelationId>
      <OverwriteBehaviour>always</OverwriteBehaviour>
      <ApplicationRelativeFilePath>FactoryExtensions/ServiceImplementationExtension.cs</ApplicationRelativeFilePath>
      <ProjectRelativeFilePath>ServiceImplementationExtension.cs</ProjectRelativeFilePath>
      <IsIgnored>false</IsIgnored>
    </FileLog>
    <FileLog>
      <ProjectId>97a3a6d9-a900-417b-b6ff-ff9221142d35</ProjectId>
      <CorrelationId>Intent.ModuleBuilder.IModSpecFile</CorrelationId>
      <OverwriteBehaviour>always</OverwriteBehaviour>
      <ApplicationRelativeFilePath>Intent.Application.ServiceCallHandlers.imodspec</ApplicationRelativeFilePath>
      <ProjectRelativeFilePath>Intent.Application.ServiceCallHandlers.imodspec</ProjectRelativeFilePath>
      <IsIgnored>false</IsIgnored>
    </FileLog>
    <FileLog>
      <ProjectId>97a3a6d9-a900-417b-b6ff-ff9221142d35</ProjectId>
      <CorrelationId>Intent.VisualStudio.Projects.CoreLibrary.CSProject#97a3a6d9-a900-417b-b6ff-ff9221142d35</CorrelationId>
      <OverwriteBehaviour>always</OverwriteBehaviour>
      <ApplicationRelativeFilePath>Intent.Modules.Application.ServiceCallHandlers.csproj</ApplicationRelativeFilePath>
      <ProjectRelativeFilePath>Intent.Modules.Application.ServiceCallHandlers.csproj</ProjectRelativeFilePath>
      <IsIgnored>false</IsIgnored>
    </FileLog>
    <FileLog>
      <ProjectId>97a3a6d9-a900-417b-b6ff-ff9221142d35</ProjectId>
      <CorrelationId>Intent.ModuleBuilder.Templates.ReleaseNotes</CorrelationId>
      <OverwriteBehaviour>once-off</OverwriteBehaviour>
      <ApplicationRelativeFilePath>release-notes.md</ApplicationRelativeFilePath>
      <ProjectRelativeFilePath>release-notes.md</ProjectRelativeFilePath>
      <IsIgnored>false</IsIgnored>
    </FileLog>
    <FileLog>
      <ProjectId>ea4a8e65-c2c3-4723-b2dc-4445cdfa2aef</ProjectId>
      <CorrelationId>Intent.ModuleBuilder.CSharp.Templates.CSharpTemplatePartial#7d8c4b35-3d93-4c38-9776-de92a855f6ca</CorrelationId>
      <OverwriteBehaviour>always</OverwriteBehaviour>
      <ApplicationRelativeFilePath>Templates/ServiceCallHandlerImplementation/ServiceCallHandlerImplementationTemplatePartial.cs</ApplicationRelativeFilePath>
      <ProjectRelativeFilePath>ServiceCallHandlerImplementation/ServiceCallHandlerImplementationTemplatePartial.cs</ProjectRelativeFilePath>
      <IsIgnored>false</IsIgnored>
    </FileLog>
    <FileLog>
      <ProjectId>ea4a8e65-c2c3-4723-b2dc-4445cdfa2aef</ProjectId>
      <CorrelationId>Intent.ModuleBuilder.TemplateRegistration.FilePerModel#7d8c4b35-3d93-4c38-9776-de92a855f6ca</CorrelationId>
      <OverwriteBehaviour>always</OverwriteBehaviour>
      <ApplicationRelativeFilePath>Templates/ServiceCallHandlerImplementation/ServiceCallHandlerImplementationTemplateRegistration.cs</ApplicationRelativeFilePath>
      <ProjectRelativeFilePath>ServiceCallHandlerImplementation/ServiceCallHandlerImplementationTemplateRegistration.cs</ProjectRelativeFilePath>
      <IsIgnored>false</IsIgnored>
    </FileLog>
    <FileLog>
      <ProjectId>ea4a8e65-c2c3-4723-b2dc-4445cdfa2aef</ProjectId>
      <CorrelationId>Intent.ModuleBuilder.Templates.TemplateExtensions</CorrelationId>
      <OverwriteBehaviour>always</OverwriteBehaviour>
      <ApplicationRelativeFilePath>Templates/TemplateExtensions.cs</ApplicationRelativeFilePath>
      <ProjectRelativeFilePath>TemplateExtensions.cs</ProjectRelativeFilePath>
      <IsIgnored>false</IsIgnored>
    </FileLog>
  </FileLogs>
</outputLog>