<?xml version="1.0" encoding="utf-8"?>
<outputLog>
  <ApplicationId>ae988c9c-02cf-4669-9529-003c8c1d8851</ApplicationId>
  <FileLogs>
    <FileLog>
      <CorrelationId>Intent.VisualStudio.Projects.VisualStudio2015Solution#9624dce3-ad12-4fe1-8be4-0212e8da5de8</CorrelationId>
      <OverwriteBehaviour>always</OverwriteBehaviour>
      <ApplicationRelativeFilePath>../Intent.Modules.NET.sln</ApplicationRelativeFilePath>
      <IsIgnored>false</IsIgnored>
    </FileLog>
    <FileLog>
      <ProjectId>183131c2-6fd6-45e8-88b1-0768d1205165</ProjectId>
      <CorrelationId>Intent.ModuleBuilder.Templates.FactoryExtension#51668d76-10ce-4ae5-9725-650808a9dcd8</CorrelationId>
      <OverwriteBehaviour>always</OverwriteBehaviour>
      <ApplicationRelativeFilePath>FactoryExtensions/AspNetCoreIntegrationExtension.cs</ApplicationRelativeFilePath>
      <ProjectRelativeFilePath>AspNetCoreIntegrationExtension.cs</ProjectRelativeFilePath>
      <IsIgnored>false</IsIgnored>
    </FileLog>
    <FileLog>
      <ProjectId>4faf05b4-370f-4929-9631-c0dd42a63c8b</ProjectId>
      <CorrelationId>Intent.VisualStudio.Projects.CoreLibrary.CSProject#4faf05b4-370f-4929-9631-c0dd42a63c8b</CorrelationId>
      <OverwriteBehaviour>always</OverwriteBehaviour>
      <ApplicationRelativeFilePath>Intent.Modules.AspNetCore.MultiTenancy.csproj</ApplicationRelativeFilePath>
      <ProjectRelativeFilePath>Intent.Modules.AspNetCore.MultiTenancy.csproj</ProjectRelativeFilePath>
      <IsIgnored>false</IsIgnored>
    </FileLog>
    <FileLog>
      <ProjectId>4faf05b4-370f-4929-9631-c0dd42a63c8b</ProjectId>
      <CorrelationId>Intent.ModuleBuilder.IModSpecFile</CorrelationId>
      <OverwriteBehaviour>always</OverwriteBehaviour>
      <ApplicationRelativeFilePath>Intent.Modules.AspNetCore.MultiTenancy.imodspec</ApplicationRelativeFilePath>
      <ProjectRelativeFilePath>Intent.Modules.AspNetCore.MultiTenancy.imodspec</ProjectRelativeFilePath>
      <IsIgnored>false</IsIgnored>
    </FileLog>
    <FileLog>
      <ProjectId>4faf05b4-370f-4929-9631-c0dd42a63c8b</ProjectId>
      <CorrelationId>Intent.ModuleBuilder.ReadMe</CorrelationId>
      <OverwriteBehaviour>always</OverwriteBehaviour>
      <ApplicationRelativeFilePath>README.txt</ApplicationRelativeFilePath>
      <ProjectRelativeFilePath>README.txt</ProjectRelativeFilePath>
      <IsIgnored>false</IsIgnored>
    </FileLog>
    <FileLog>
      <ProjectId>732b3909-d91e-4e10-b123-95eb6d163dc4</ProjectId>
      <CorrelationId>Intent.ModuleBuilder.Templates.Settings.ModuleSettingsExtensions#9d4225f4-5ab3-49e8-9fe1-073ad8df3453</CorrelationId>
      <OverwriteBehaviour>always</OverwriteBehaviour>
      <ApplicationRelativeFilePath>Settings/ModuleSettingsExtensions.cs</ApplicationRelativeFilePath>
      <ProjectRelativeFilePath>ModuleSettingsExtensions.cs</ProjectRelativeFilePath>
      <IsIgnored>false</IsIgnored>
    </FileLog>
    <FileLog>
      <ProjectId>a368017c-ecbe-43ab-a18f-537046ab6297</ProjectId>
      <CorrelationId>Intent.ModuleBuilder.CSharp.Templates.CSharpTemplate.T4Template.PreProcessed#a3891593-98b6-49e4-86ee-98d138f3527e</CorrelationId>
      <OverwriteBehaviour>always</OverwriteBehaviour>
      <ApplicationRelativeFilePath>Templates/MultiTenancyConfiguration/MultiTenancyConfigurationTemplate.cs</ApplicationRelativeFilePath>
      <ProjectRelativeFilePath>MultiTenancyConfiguration/MultiTenancyConfigurationTemplate.cs</ProjectRelativeFilePath>
      <IsIgnored>false</IsIgnored>
    </FileLog>
    <FileLog>
      <ProjectId>a368017c-ecbe-43ab-a18f-537046ab6297</ProjectId>
      <CorrelationId>Intent.ModuleBuilder.CSharp.Templates.CSharpT4Template#a3891593-98b6-49e4-86ee-98d138f3527e</CorrelationId>
      <OverwriteBehaviour>always</OverwriteBehaviour>
      <ApplicationRelativeFilePath>Templates/MultiTenancyConfiguration/MultiTenancyConfigurationTemplate.tt</ApplicationRelativeFilePath>
      <ProjectRelativeFilePath>MultiTenancyConfiguration/MultiTenancyConfigurationTemplate.tt</ProjectRelativeFilePath>
      <IsIgnored>false</IsIgnored>
    </FileLog>
    <FileLog>
      <ProjectId>a368017c-ecbe-43ab-a18f-537046ab6297</ProjectId>
      <CorrelationId>Intent.ModuleBuilder.CSharp.Templates.CSharpTemplatePartial#a3891593-98b6-49e4-86ee-98d138f3527e</CorrelationId>
      <OverwriteBehaviour>always</OverwriteBehaviour>
      <ApplicationRelativeFilePath>Templates/MultiTenancyConfiguration/MultiTenancyConfigurationTemplatePartial.cs</ApplicationRelativeFilePath>
      <ProjectRelativeFilePath>MultiTenancyConfiguration/MultiTenancyConfigurationTemplatePartial.cs</ProjectRelativeFilePath>
      <IsIgnored>false</IsIgnored>
    </FileLog>
    <FileLog>
      <ProjectId>a368017c-ecbe-43ab-a18f-537046ab6297</ProjectId>
      <CorrelationId>Intent.ModuleBuilder.TemplateRegistration.SingleFileNoModel#a3891593-98b6-49e4-86ee-98d138f3527e</CorrelationId>
      <OverwriteBehaviour>always</OverwriteBehaviour>
      <ApplicationRelativeFilePath>Templates/MultiTenancyConfiguration/MultiTenancyConfigurationTemplateRegistration.cs</ApplicationRelativeFilePath>
      <ProjectRelativeFilePath>MultiTenancyConfiguration/MultiTenancyConfigurationTemplateRegistration.cs</ProjectRelativeFilePath>
      <IsIgnored>false</IsIgnored>
    </FileLog>
    <FileLog>
      <ProjectId>a368017c-ecbe-43ab-a18f-537046ab6297</ProjectId>
      <CorrelationId>Intent.ModuleBuilder.CSharp.Templates.CSharpTemplate.T4Template.PreProcessed#0010a2e5-2a3a-4c32-a2c3-b125afe9f750</CorrelationId>
      <OverwriteBehaviour>always</OverwriteBehaviour>
      <ApplicationRelativeFilePath>Templates/MultiTenantStoreDbContext/MultiTenantStoreDbContextTemplate.cs</ApplicationRelativeFilePath>
      <ProjectRelativeFilePath>MultiTenantStoreDbContext/MultiTenantStoreDbContextTemplate.cs</ProjectRelativeFilePath>
      <IsIgnored>false</IsIgnored>
    </FileLog>
    <FileLog>
      <ProjectId>a368017c-ecbe-43ab-a18f-537046ab6297</ProjectId>
      <CorrelationId>Intent.ModuleBuilder.CSharp.Templates.CSharpT4Template#0010a2e5-2a3a-4c32-a2c3-b125afe9f750</CorrelationId>
      <OverwriteBehaviour>always</OverwriteBehaviour>
      <ApplicationRelativeFilePath>Templates/MultiTenantStoreDbContext/MultiTenantStoreDbContextTemplate.tt</ApplicationRelativeFilePath>
      <ProjectRelativeFilePath>MultiTenantStoreDbContext/MultiTenantStoreDbContextTemplate.tt</ProjectRelativeFilePath>
      <IsIgnored>false</IsIgnored>
    </FileLog>
    <FileLog>
      <ProjectId>a368017c-ecbe-43ab-a18f-537046ab6297</ProjectId>
      <CorrelationId>Intent.ModuleBuilder.CSharp.Templates.CSharpTemplatePartial#0010a2e5-2a3a-4c32-a2c3-b125afe9f750</CorrelationId>
      <OverwriteBehaviour>always</OverwriteBehaviour>
      <ApplicationRelativeFilePath>Templates/MultiTenantStoreDbContext/MultiTenantStoreDbContextTemplatePartial.cs</ApplicationRelativeFilePath>
      <ProjectRelativeFilePath>MultiTenantStoreDbContext/MultiTenantStoreDbContextTemplatePartial.cs</ProjectRelativeFilePath>
      <IsIgnored>false</IsIgnored>
    </FileLog>
    <FileLog>
      <ProjectId>a368017c-ecbe-43ab-a18f-537046ab6297</ProjectId>
      <CorrelationId>Intent.ModuleBuilder.TemplateRegistration.SingleFileNoModel#0010a2e5-2a3a-4c32-a2c3-b125afe9f750</CorrelationId>
      <OverwriteBehaviour>always</OverwriteBehaviour>
      <ApplicationRelativeFilePath>Templates/MultiTenantStoreDbContext/MultiTenantStoreDbContextTemplateRegistration.cs</ApplicationRelativeFilePath>
      <ProjectRelativeFilePath>MultiTenantStoreDbContext/MultiTenantStoreDbContextTemplateRegistration.cs</ProjectRelativeFilePath>
      <IsIgnored>false</IsIgnored>
    </FileLog>
    <FileLog>
      <ProjectId>a368017c-ecbe-43ab-a18f-537046ab6297</ProjectId>
      <CorrelationId>Intent.ModuleBuilder.Templates.TemplateExtensions</CorrelationId>
      <OverwriteBehaviour>always</OverwriteBehaviour>
      <ApplicationRelativeFilePath>Templates/TemplateExtensions.cs</ApplicationRelativeFilePath>
      <ProjectRelativeFilePath>TemplateExtensions.cs</ProjectRelativeFilePath>
      <IsIgnored>false</IsIgnored>
    </FileLog>
  </FileLogs>
</outputLog>