<?xml version="1.0" encoding="utf-8"?>
<outputLog>
  <ApplicationId>c2eef640-10a5-4fac-9e50-3011647f2e8e</ApplicationId>
  <FileLogs>
    <FileLog>
      <CorrelationId>Intent.VisualStudio.Projects.VisualStudioSolution#c8838eaf-8320-483b-9ec8-a48973c08665</CorrelationId>
      <OverwriteBehaviour>always</OverwriteBehaviour>
      <ApplicationRelativeFilePath>../Intent.Modules.NET.sln</ApplicationRelativeFilePath>
      <IsIgnored>false</IsIgnored>
    </FileLog>
    <FileLog>
      <ProjectId>ad06a7af-a5bd-4269-a9d1-ba64b4971a3d</ProjectId>
      <CorrelationId>Intent.ModuleBuilder.Templates.FactoryExtension#3f03ea15-e2e8-421a-acea-f006b08bc4b1</CorrelationId>
      <OverwriteBehaviour>always</OverwriteBehaviour>
      <ApplicationRelativeFilePath>FactoryExtensions/AppSecurityExtension.cs</ApplicationRelativeFilePath>
      <ProjectRelativeFilePath>AppSecurityExtension.cs</ProjectRelativeFilePath>
      <IsIgnored>false</IsIgnored>
    </FileLog>
    <FileLog>
      <ProjectId>ad06a7af-a5bd-4269-a9d1-ba64b4971a3d</ProjectId>
      <CorrelationId>Intent.ModuleBuilder.Templates.FactoryExtension#60e25278-d9cc-4e0e-8244-c579c5d6a532</CorrelationId>
      <OverwriteBehaviour>always</OverwriteBehaviour>
      <ApplicationRelativeFilePath>FactoryExtensions/CurrentUserServiceExtension.cs</ApplicationRelativeFilePath>
      <ProjectRelativeFilePath>CurrentUserServiceExtension.cs</ProjectRelativeFilePath>
      <IsIgnored>false</IsIgnored>
    </FileLog>
    <FileLog>
      <ProjectId>5c614b27-c6e5-484d-9845-d6a8b5bed150</ProjectId>
      <CorrelationId>Intent.ModuleBuilder.IModSpecFile#dbf126d1-bd1e-493f-ba00-131480ece56a</CorrelationId>
      <OverwriteBehaviour>always</OverwriteBehaviour>
      <ApplicationRelativeFilePath>Intent.AzureFunctions.Jwt.imodspec</ApplicationRelativeFilePath>
      <ProjectRelativeFilePath>Intent.AzureFunctions.Jwt.imodspec</ProjectRelativeFilePath>
      <IsIgnored>false</IsIgnored>
    </FileLog>
    <FileLog>
      <ProjectId>5c614b27-c6e5-484d-9845-d6a8b5bed150</ProjectId>
      <CorrelationId>Intent.VisualStudio.Projects.CSharpProject#5c614b27-c6e5-484d-9845-d6a8b5bed150</CorrelationId>
      <OverwriteBehaviour>always</OverwriteBehaviour>
      <ApplicationRelativeFilePath>Intent.Modules.AzureFunctions.Jwt.csproj</ApplicationRelativeFilePath>
      <ProjectRelativeFilePath>Intent.Modules.AzureFunctions.Jwt.csproj</ProjectRelativeFilePath>
      <IsIgnored>false</IsIgnored>
    </FileLog>
    <FileLog>
      <ProjectId>5c614b27-c6e5-484d-9845-d6a8b5bed150</ProjectId>
      <CorrelationId>Intent.ModuleBuilder.CSharp.Templates.NugetPackages#6ced4bab-21eb-4395-88ef-ec6706214b23</CorrelationId>
      <OverwriteBehaviour>always</OverwriteBehaviour>
      <ApplicationRelativeFilePath>NugetPackages.cs</ApplicationRelativeFilePath>
      <ProjectRelativeFilePath>NugetPackages.cs</ProjectRelativeFilePath>
      <IsIgnored>false</IsIgnored>
    </FileLog>
    <FileLog>
      <ProjectId>5c614b27-c6e5-484d-9845-d6a8b5bed150</ProjectId>
      <CorrelationId>Intent.ModuleBuilder.Templates.ReleaseNotes#fce519cc-36a1-495a-bea5-6d41a6d18819</CorrelationId>
      <OverwriteBehaviour>once-off</OverwriteBehaviour>
      <ApplicationRelativeFilePath>release-notes.md</ApplicationRelativeFilePath>
      <ProjectRelativeFilePath>release-notes.md</ProjectRelativeFilePath>
      <IsIgnored>false</IsIgnored>
    </FileLog>
    <FileLog>
      <ProjectId>133eb7bb-76be-48e1-9e70-b97b17ac8e90</ProjectId>
      <CorrelationId>Intent.ModuleBuilder.CSharp.Templates.CSharpTemplatePartial#5b6491ea-f072-48d4-95d1-74aa17488fb7</CorrelationId>
      <OverwriteBehaviour>always</OverwriteBehaviour>
      <ApplicationRelativeFilePath>Templates/CurrentUser/CurrentUserTemplatePartial.cs</ApplicationRelativeFilePath>
      <ProjectRelativeFilePath>CurrentUser/CurrentUserTemplatePartial.cs</ProjectRelativeFilePath>
      <IsIgnored>false</IsIgnored>
    </FileLog>
    <FileLog>
      <ProjectId>133eb7bb-76be-48e1-9e70-b97b17ac8e90</ProjectId>
      <CorrelationId>Intent.ModuleBuilder.TemplateRegistration.SingleFileNoModel#5b6491ea-f072-48d4-95d1-74aa17488fb7</CorrelationId>
      <OverwriteBehaviour>always</OverwriteBehaviour>
      <ApplicationRelativeFilePath>Templates/CurrentUser/CurrentUserTemplateRegistration.cs</ApplicationRelativeFilePath>
      <ProjectRelativeFilePath>CurrentUser/CurrentUserTemplateRegistration.cs</ProjectRelativeFilePath>
      <IsIgnored>false</IsIgnored>
    </FileLog>
    <FileLog>
      <ProjectId>133eb7bb-76be-48e1-9e70-b97b17ac8e90</ProjectId>
      <CorrelationId>Intent.ModuleBuilder.CSharp.Templates.CSharpTemplatePartial#30804f64-e136-426a-aae9-a78a0f982e9c</CorrelationId>
      <OverwriteBehaviour>always</OverwriteBehaviour>
      <ApplicationRelativeFilePath>Templates/JwtClaimsMiddleware/JwtClaimsMiddlewareTemplatePartial.cs</ApplicationRelativeFilePath>
      <ProjectRelativeFilePath>JwtClaimsMiddleware/JwtClaimsMiddlewareTemplatePartial.cs</ProjectRelativeFilePath>
      <IsIgnored>false</IsIgnored>
    </FileLog>
    <FileLog>
      <ProjectId>133eb7bb-76be-48e1-9e70-b97b17ac8e90</ProjectId>
      <CorrelationId>Intent.ModuleBuilder.TemplateRegistration.SingleFileNoModel#30804f64-e136-426a-aae9-a78a0f982e9c</CorrelationId>
      <OverwriteBehaviour>always</OverwriteBehaviour>
      <ApplicationRelativeFilePath>Templates/JwtClaimsMiddleware/JwtClaimsMiddlewareTemplateRegistration.cs</ApplicationRelativeFilePath>
      <ProjectRelativeFilePath>JwtClaimsMiddleware/JwtClaimsMiddlewareTemplateRegistration.cs</ProjectRelativeFilePath>
      <IsIgnored>false</IsIgnored>
    </FileLog>
    <FileLog>
      <ProjectId>133eb7bb-76be-48e1-9e70-b97b17ac8e90</ProjectId>
      <CorrelationId>Intent.ModuleBuilder.Templates.TemplateExtensions#2fff46f1-9819-482a-96ce-2846a25e1b1a</CorrelationId>
      <OverwriteBehaviour>always</OverwriteBehaviour>
      <ApplicationRelativeFilePath>Templates/TemplateExtensions.cs</ApplicationRelativeFilePath>
      <ProjectRelativeFilePath>TemplateExtensions.cs</ProjectRelativeFilePath>
      <IsIgnored>false</IsIgnored>
    </FileLog>
  </FileLogs>
</outputLog>