<?xml version="1.0" encoding="utf-8"?>
<outputLog>
  <ApplicationId>22fb0590-da73-4175-9615-d2b664e5554f</ApplicationId>
  <FileLogs>
    <FileLog>
      <CorrelationId>Intent.VisualStudio.Projects.VisualStudioSolution#f4023efd-034d-40af-91a6-d2d23aa774e5</CorrelationId>
      <OverwriteBehaviour>always</OverwriteBehaviour>
      <ApplicationRelativeFilePath>../Intent.Modules.NET.sln</ApplicationRelativeFilePath>
      <IsIgnored>false</IsIgnored>
    </FileLog>
    <FileLog>
      <ProjectId>98781230-f8ca-4c9e-b733-055835bbc11e</ProjectId>
      <CorrelationId>Intent.ModuleBuilder.Templates.FactoryExtension#352577ea-3236-4571-9fa0-183b10f0bdaf</CorrelationId>
      <OverwriteBehaviour>always</OverwriteBehaviour>
      <ApplicationRelativeFilePath>FactoryExtensions/DependencyInjectionFactoryExtension.cs</ApplicationRelativeFilePath>
      <ProjectRelativeFilePath>DependencyInjectionFactoryExtension.cs</ProjectRelativeFilePath>
      <IsIgnored>false</IsIgnored>
    </FileLog>
    <FileLog>
      <ProjectId>633d3efb-eba3-450f-b5ff-55e71581ac84</ProjectId>
      <CorrelationId>Intent.VisualStudio.Projects.CSharpProject#633d3efb-eba3-450f-b5ff-55e71581ac84</CorrelationId>
      <OverwriteBehaviour>always</OverwriteBehaviour>
      <ApplicationRelativeFilePath>Intent.Modules.MongoDb.Finbuckle.MultiTenant.csproj</ApplicationRelativeFilePath>
      <ProjectRelativeFilePath>Intent.Modules.MongoDb.Finbuckle.MultiTenant.csproj</ProjectRelativeFilePath>
      <IsIgnored>false</IsIgnored>
    </FileLog>
    <FileLog>
      <ProjectId>633d3efb-eba3-450f-b5ff-55e71581ac84</ProjectId>
      <CorrelationId>Intent.ModuleBuilder.IModSpecFile</CorrelationId>
      <OverwriteBehaviour>always</OverwriteBehaviour>
      <ApplicationRelativeFilePath>Intent.MongoDb.Finbuckle.MultiTenant.imodspec</ApplicationRelativeFilePath>
      <ProjectRelativeFilePath>Intent.MongoDb.Finbuckle.MultiTenant.imodspec</ProjectRelativeFilePath>
      <IsIgnored>false</IsIgnored>
    </FileLog>
    <FileLog>
      <ProjectId>633d3efb-eba3-450f-b5ff-55e71581ac84</ProjectId>
      <CorrelationId>Intent.ModuleBuilder.CSharp.Templates.NugetPackages</CorrelationId>
      <OverwriteBehaviour>always</OverwriteBehaviour>
      <ApplicationRelativeFilePath>NugetPackages.cs</ApplicationRelativeFilePath>
      <ProjectRelativeFilePath>NugetPackages.cs</ProjectRelativeFilePath>
      <IsIgnored>false</IsIgnored>
    </FileLog>
    <FileLog>
      <ProjectId>86cf36e9-f713-4a8f-ad06-070c157b62a7</ProjectId>
      <CorrelationId>Intent.ModuleBuilder.Templates.Settings.ModuleSettingsExtensions#db3001e8-616b-49ac-8d87-01ea0c2d4eaa</CorrelationId>
      <OverwriteBehaviour>always</OverwriteBehaviour>
      <ApplicationRelativeFilePath>Settings/ModuleSettingsExtensions.cs</ApplicationRelativeFilePath>
      <ProjectRelativeFilePath>ModuleSettingsExtensions.cs</ProjectRelativeFilePath>
      <IsIgnored>false</IsIgnored>
    </FileLog>
    <FileLog>
      <ProjectId>e55dcc8d-daae-4540-b074-275a9b077999</ProjectId>
      <CorrelationId>Intent.ModuleBuilder.CSharp.Templates.CSharpTemplatePartial#6137a03f-b3af-4a41-8518-133793948164</CorrelationId>
      <OverwriteBehaviour>always</OverwriteBehaviour>
      <ApplicationRelativeFilePath>Templates/MongoDbConnectionFactory/MongoDbConnectionFactoryTemplatePartial.cs</ApplicationRelativeFilePath>
      <ProjectRelativeFilePath>MongoDbConnectionFactory/MongoDbConnectionFactoryTemplatePartial.cs</ProjectRelativeFilePath>
      <IsIgnored>false</IsIgnored>
    </FileLog>
    <FileLog>
      <ProjectId>e55dcc8d-daae-4540-b074-275a9b077999</ProjectId>
      <CorrelationId>Intent.ModuleBuilder.TemplateRegistration.SingleFileNoModel#6137a03f-b3af-4a41-8518-133793948164</CorrelationId>
      <OverwriteBehaviour>always</OverwriteBehaviour>
      <ApplicationRelativeFilePath>Templates/MongoDbConnectionFactory/MongoDbConnectionFactoryTemplateRegistration.cs</ApplicationRelativeFilePath>
      <ProjectRelativeFilePath>MongoDbConnectionFactory/MongoDbConnectionFactoryTemplateRegistration.cs</ProjectRelativeFilePath>
      <IsIgnored>false</IsIgnored>
    </FileLog>
    <FileLog>
      <ProjectId>e55dcc8d-daae-4540-b074-275a9b077999</ProjectId>
      <CorrelationId>Intent.ModuleBuilder.Templates.TemplateExtensions</CorrelationId>
      <OverwriteBehaviour>always</OverwriteBehaviour>
      <ApplicationRelativeFilePath>Templates/TemplateExtensions.cs</ApplicationRelativeFilePath>
      <ProjectRelativeFilePath>TemplateExtensions.cs</ProjectRelativeFilePath>
      <IsIgnored>false</IsIgnored>
    </FileLog>
  </FileLogs>
</outputLog>