<?xml version="1.0" encoding="utf-8"?>
<outputLog>
  <ApplicationId>4e32b942-7b13-4e32-84f0-77384573f25c</ApplicationId>
  <FileLogs>
    <FileLog>
      <CorrelationId>Intent.VisualStudio.Projects.VisualStudio2015Solution#247caef0-ad06-4c5a-9e72-863481322dd2</CorrelationId>
      <ApplicationRelativeFilePath>../Intent.Modules.NET.sln</ApplicationRelativeFilePath>
      <IsIgnored>false</IsIgnored>
    </FileLog>
    <FileLog>
      <ProjectId>1c3113bd-4bc0-4e52-9f8b-26de4cb067fe</ProjectId>
      <CorrelationId>Intent.ModuleBuilder.Templates.TemplateDecorator#a53d7f4d-b320-4fbf-9061-464249d818b7</CorrelationId>
      <ApplicationRelativeFilePath>Decorators/InteropSwashbuckleAppSettingsDecorator.cs</ApplicationRelativeFilePath>
      <ProjectRelativeFilePath>InteropSwashbuckleAppSettingsDecorator.cs</ProjectRelativeFilePath>
      <IsIgnored>false</IsIgnored>
    </FileLog>
    <FileLog>
      <ProjectId>1c3113bd-4bc0-4e52-9f8b-26de4cb067fe</ProjectId>
      <CorrelationId>Intent.ModuleBuilder.Templates.TemplateDecoratorRegistration#a53d7f4d-b320-4fbf-9061-464249d818b7</CorrelationId>
      <ApplicationRelativeFilePath>Decorators/InteropSwashbuckleAppSettingsDecoratorRegistration.cs</ApplicationRelativeFilePath>
      <ProjectRelativeFilePath>InteropSwashbuckleAppSettingsDecoratorRegistration.cs</ProjectRelativeFilePath>
      <IsIgnored>false</IsIgnored>
    </FileLog>
    <FileLog>
      <ProjectId>c26fb0c9-758c-4497-b009-6a2c57fb1b73</ProjectId>
      <CorrelationId>Intent.ModuleBuilder.IModSpecFile</CorrelationId>
      <ApplicationRelativeFilePath>Intent.IdentityServer4.STS.Interop.Swashbuckle.JWT.imodspec</ApplicationRelativeFilePath>
      <ProjectRelativeFilePath>Intent.IdentityServer4.STS.Interop.Swashbuckle.JWT.imodspec</ProjectRelativeFilePath>
      <IsIgnored>false</IsIgnored>
    </FileLog>
    <FileLog>
      <ProjectId>c26fb0c9-758c-4497-b009-6a2c57fb1b73</ProjectId>
      <CorrelationId>Intent.VisualStudio.Projects.CoreLibrary.CSProject#c26fb0c9-758c-4497-b009-6a2c57fb1b73</CorrelationId>
      <ApplicationRelativeFilePath>Intent.Modules.IdentityServer4.STS.Interop.Swashbuckle.JWT.csproj</ApplicationRelativeFilePath>
      <ProjectRelativeFilePath>Intent.Modules.IdentityServer4.STS.Interop.Swashbuckle.JWT.csproj</ProjectRelativeFilePath>
      <IsIgnored>false</IsIgnored>
    </FileLog>
    <FileLog>
      <ProjectId>c26fb0c9-758c-4497-b009-6a2c57fb1b73</ProjectId>
      <CorrelationId>Intent.ModuleBuilder.ReadMe</CorrelationId>
      <ApplicationRelativeFilePath>README.txt</ApplicationRelativeFilePath>
      <ProjectRelativeFilePath>README.txt</ProjectRelativeFilePath>
      <IsIgnored>false</IsIgnored>
    </FileLog>
  </FileLogs>
</outputLog>