<?xml version="1.0" encoding="utf-8"?>
<outputLog>
  <ApplicationId>aa074ccb-388e-4fde-a585-3ac9e95c6ced</ApplicationId>
  <FileLogs>
    <FileLog>
      <CorrelationId>Intent.VisualStudio.Projects.VisualStudioSolution#90754299-b061-4f9a-a1ce-3992b8ddc2e2</CorrelationId>
      <OverwriteBehaviour>always</OverwriteBehaviour>
      <ApplicationRelativeFilePath>../Intent.Modules.NET.sln</ApplicationRelativeFilePath>
      <IsIgnored>false</IsIgnored>
    </FileLog>
    <FileLog>
      <ProjectId>c46b3df3-628d-48c6-a8db-d1afc2cb7cf5</ProjectId>
      <CorrelationId>Intent.ModuleBuilder.IModSpecFile</CorrelationId>
      <OverwriteBehaviour>always</OverwriteBehaviour>
      <ApplicationRelativeFilePath>Intent.Blazor.Wasm.imodspec</ApplicationRelativeFilePath>
      <ProjectRelativeFilePath>Intent.Blazor.Wasm.imodspec</ProjectRelativeFilePath>
      <IsIgnored>false</IsIgnored>
    </FileLog>
    <FileLog>
      <ProjectId>c46b3df3-628d-48c6-a8db-d1afc2cb7cf5</ProjectId>
      <CorrelationId>Intent.VisualStudio.Projects.CSharpProject#c46b3df3-628d-48c6-a8db-d1afc2cb7cf5</CorrelationId>
      <OverwriteBehaviour>always</OverwriteBehaviour>
      <ApplicationRelativeFilePath>Intent.Modules.Blazor.Wasm.csproj</ApplicationRelativeFilePath>
      <ProjectRelativeFilePath>Intent.Modules.Blazor.Wasm.csproj</ProjectRelativeFilePath>
      <IsIgnored>false</IsIgnored>
    </FileLog>
    <FileLog>
      <ProjectId>7aa02d7b-7865-4998-92ff-bc82cc3bddba</ProjectId>
      <CorrelationId>Intent.ModuleBuilder.Templates.Migrations.OnInstallMigration#ecf2b9fb-0cb9-451d-a494-4904e0b8918a</CorrelationId>
      <OverwriteBehaviour>always</OverwriteBehaviour>
      <ApplicationRelativeFilePath>Migrations/OnInstallMigration.cs</ApplicationRelativeFilePath>
      <ProjectRelativeFilePath>OnInstallMigration.cs</ProjectRelativeFilePath>
      <IsIgnored>false</IsIgnored>
    </FileLog>
    <FileLog>
      <ProjectId>7aa02d7b-7865-4998-92ff-bc82cc3bddba</ProjectId>
      <CorrelationId>Intent.ModuleBuilder.Templates.Migrations.OnUninstallMigration#aba2a10b-de55-4a0e-b0f0-71cef2e87f12</CorrelationId>
      <OverwriteBehaviour>always</OverwriteBehaviour>
      <ApplicationRelativeFilePath>Migrations/OnUninstallMigration.cs</ApplicationRelativeFilePath>
      <ProjectRelativeFilePath>OnUninstallMigration.cs</ProjectRelativeFilePath>
      <IsIgnored>false</IsIgnored>
    </FileLog>
    <FileLog>
      <ProjectId>c46b3df3-628d-48c6-a8db-d1afc2cb7cf5</ProjectId>
      <CorrelationId>Intent.ModuleBuilder.Templates.ReleaseNotes</CorrelationId>
      <OverwriteBehaviour>once-off</OverwriteBehaviour>
      <ApplicationRelativeFilePath>release-notes.md</ApplicationRelativeFilePath>
      <ProjectRelativeFilePath>release-notes.md</ProjectRelativeFilePath>
      <IsIgnored>false</IsIgnored>
    </FileLog>
  </FileLogs>
</outputLog>