<?xml version="1.0" encoding="utf-8"?>
<outputLog>
  <ApplicationId>7bda4e57-297a-4068-898e-85e199c5f5ea</ApplicationId>
  <FileLogs>
    <FileLog>
      <CorrelationId>Intent.VisualStudio.Projects.VisualStudioSolution#81ab4794-4cb2-4ec8-a782-7e26c3622027</CorrelationId>
      <OverwriteBehaviour>always</OverwriteBehaviour>
      <ApplicationRelativeFilePath>../Intent.Modules.NET.sln</ApplicationRelativeFilePath>
      <IsIgnored>false</IsIgnored>
    </FileLog>
    <FileLog>
      <ProjectId>29a4bfce-61e6-44d2-ab2c-cbe2d60ce331</ProjectId>
      <CorrelationId>Intent.ModuleBuilder.Templates.Api.ApiElementModelExtensions#0090fb93-483e-41af-a11d-5ad2dc796adf</CorrelationId>
      <OverwriteBehaviour>always</OverwriteBehaviour>
      <ApplicationRelativeFilePath>Api/AttributeModelStereotypeExtensions.cs</ApplicationRelativeFilePath>
      <ProjectRelativeFilePath>AttributeModelStereotypeExtensions.cs</ProjectRelativeFilePath>
      <IsIgnored>false</IsIgnored>
    </FileLog>
    <FileLog>
      <ProjectId>b3e601c1-43c4-4fce-ba31-645430c335f5</ProjectId>
      <CorrelationId>Intent.ModuleBuilder.Templates.FactoryExtension#8025d14f-5449-435a-bef8-649e1901c20c</CorrelationId>
      <OverwriteBehaviour>always</OverwriteBehaviour>
      <ApplicationRelativeFilePath>FactoryExtensions/DataMaskConverterExtension.cs</ApplicationRelativeFilePath>
      <ProjectRelativeFilePath>DataMaskConverterExtension.cs</ProjectRelativeFilePath>
      <IsIgnored>false</IsIgnored>
    </FileLog>
    <FileLog>
      <ProjectId>b3e601c1-43c4-4fce-ba31-645430c335f5</ProjectId>
      <CorrelationId>Intent.ModuleBuilder.Templates.FactoryExtension#d7653979-e94d-4412-86f0-1137753e3f59</CorrelationId>
      <OverwriteBehaviour>always</OverwriteBehaviour>
      <ApplicationRelativeFilePath>FactoryExtensions/DataMaskDbContextExtension.cs</ApplicationRelativeFilePath>
      <ProjectRelativeFilePath>DataMaskDbContextExtension.cs</ProjectRelativeFilePath>
      <IsIgnored>false</IsIgnored>
    </FileLog>
    <FileLog>
      <ProjectId>d9ee0b15-fa5d-4bad-90c2-cf771e4b80de</ProjectId>
      <CorrelationId>Intent.ModuleBuilder.IModSpecFile</CorrelationId>
      <OverwriteBehaviour>always</OverwriteBehaviour>
      <ApplicationRelativeFilePath>Intent.EntityFrameworkCore.DataMasking.imodspec</ApplicationRelativeFilePath>
      <ProjectRelativeFilePath>Intent.EntityFrameworkCore.DataMasking.imodspec</ProjectRelativeFilePath>
      <IsIgnored>false</IsIgnored>
    </FileLog>
    <FileLog>
      <ProjectId>d9ee0b15-fa5d-4bad-90c2-cf771e4b80de</ProjectId>
      <CorrelationId>Intent.VisualStudio.Projects.CSharpProject#d9ee0b15-fa5d-4bad-90c2-cf771e4b80de</CorrelationId>
      <OverwriteBehaviour>always</OverwriteBehaviour>
      <ApplicationRelativeFilePath>Intent.Modules.EntityFrameworkCore.DataMasking.csproj</ApplicationRelativeFilePath>
      <ProjectRelativeFilePath>Intent.Modules.EntityFrameworkCore.DataMasking.csproj</ProjectRelativeFilePath>
      <IsIgnored>false</IsIgnored>
    </FileLog>
    <FileLog>
      <ProjectId>e4010846-65cb-49aa-9d8e-4c7ca8e6fd4a</ProjectId>
      <CorrelationId>Intent.ModuleBuilder.CSharp.Templates.CSharpTemplatePartial#4c004403-5494-4183-964a-3227433d0a5a</CorrelationId>
      <OverwriteBehaviour>always</OverwriteBehaviour>
      <ApplicationRelativeFilePath>Templates/DataMaskConverter/DataMaskConverterTemplatePartial.cs</ApplicationRelativeFilePath>
      <ProjectRelativeFilePath>DataMaskConverter/DataMaskConverterTemplatePartial.cs</ProjectRelativeFilePath>
      <IsIgnored>false</IsIgnored>
    </FileLog>
    <FileLog>
      <ProjectId>e4010846-65cb-49aa-9d8e-4c7ca8e6fd4a</ProjectId>
      <CorrelationId>Intent.ModuleBuilder.TemplateRegistration.SingleFileNoModel#4c004403-5494-4183-964a-3227433d0a5a</CorrelationId>
      <OverwriteBehaviour>always</OverwriteBehaviour>
      <ApplicationRelativeFilePath>Templates/DataMaskConverter/DataMaskConverterTemplateRegistration.cs</ApplicationRelativeFilePath>
      <ProjectRelativeFilePath>DataMaskConverter/DataMaskConverterTemplateRegistration.cs</ProjectRelativeFilePath>
      <IsIgnored>false</IsIgnored>
    </FileLog>
    <FileLog>
      <ProjectId>e4010846-65cb-49aa-9d8e-4c7ca8e6fd4a</ProjectId>
      <CorrelationId>Intent.ModuleBuilder.Templates.TemplateExtensions</CorrelationId>
      <OverwriteBehaviour>always</OverwriteBehaviour>
      <ApplicationRelativeFilePath>Templates/TemplateExtensions.cs</ApplicationRelativeFilePath>
      <ProjectRelativeFilePath>TemplateExtensions.cs</ProjectRelativeFilePath>
      <IsIgnored>false</IsIgnored>
    </FileLog>
  </FileLogs>
</outputLog>