<?xml version="1.0" encoding="utf-8"?>
<outputLog>
  <ApplicationId>c72f8015-9445-4a19-8824-12c44d378386</ApplicationId>
  <FileLogs>
    <FileLog>
      <CorrelationId>Intent.VisualStudio.Projects.VisualStudioSolution#ef69b2e1-23c0-47f2-b293-e811001e50b1</CorrelationId>
      <OverwriteBehaviour>always</OverwriteBehaviour>
      <ApplicationRelativeFilePath>../Intent.Modules.NET.sln</ApplicationRelativeFilePath>
      <IsIgnored>false</IsIgnored>
    </FileLog>
    <FileLog>
      <ProjectId>12386c83-fd3f-453b-b5ab-2431bacfdf3b</ProjectId>
      <CorrelationId>Intent.ModuleBuilder.Templates.FactoryExtension#d67ffc26-a36b-42fb-9653-38ce74103cf0</CorrelationId>
      <OverwriteBehaviour>always</OverwriteBehaviour>
      <ApplicationRelativeFilePath>FactoryExtensions/ExceptionFilterExtension.cs</ApplicationRelativeFilePath>
      <ProjectRelativeFilePath>ExceptionFilterExtension.cs</ProjectRelativeFilePath>
      <IsIgnored>false</IsIgnored>
    </FileLog>
    <FileLog>
      <ProjectId>12386c83-fd3f-453b-b5ab-2431bacfdf3b</ProjectId>
      <CorrelationId>Intent.ModuleBuilder.Templates.FactoryExtension#3acb0590-9fa7-4669-9722-fb7dc7f87654</CorrelationId>
      <OverwriteBehaviour>always</OverwriteBehaviour>
      <ApplicationRelativeFilePath>FactoryExtensions/MassTransitRegistrationsExtension.cs</ApplicationRelativeFilePath>
      <ProjectRelativeFilePath>MassTransitRegistrationsExtension.cs</ProjectRelativeFilePath>
      <IsIgnored>false</IsIgnored>
    </FileLog>
    <FileLog>
      <ProjectId>12386c83-fd3f-453b-b5ab-2431bacfdf3b</ProjectId>
      <CorrelationId>Intent.ModuleBuilder.Templates.FactoryExtension#f1265ad1-9653-427a-99dd-5ab5a9ceeb9f</CorrelationId>
      <OverwriteBehaviour>always</OverwriteBehaviour>
      <ApplicationRelativeFilePath>FactoryExtensions/ModuleRegistrationExtension.cs</ApplicationRelativeFilePath>
      <ProjectRelativeFilePath>ModuleRegistrationExtension.cs</ProjectRelativeFilePath>
      <IsIgnored>false</IsIgnored>
    </FileLog>
    <FileLog>
      <ProjectId>12386c83-fd3f-453b-b5ab-2431bacfdf3b</ProjectId>
      <CorrelationId>Intent.ModuleBuilder.Templates.FactoryExtension#d6cfbabd-bb33-4727-8dea-bb40fb3a7fc0</CorrelationId>
      <OverwriteBehaviour>always</OverwriteBehaviour>
      <ApplicationRelativeFilePath>FactoryExtensions/SwaggerConfigExtension.cs</ApplicationRelativeFilePath>
      <ProjectRelativeFilePath>SwaggerConfigExtension.cs</ProjectRelativeFilePath>
      <IsIgnored>false</IsIgnored>
    </FileLog>
    <FileLog>
      <ProjectId>12386c83-fd3f-453b-b5ab-2431bacfdf3b</ProjectId>
      <CorrelationId>Intent.ModuleBuilder.Templates.FactoryExtension#a33c4bdf-5547-4b37-a2e2-a4790a894883</CorrelationId>
      <OverwriteBehaviour>always</OverwriteBehaviour>
      <ApplicationRelativeFilePath>FactoryExtensions/TemplateSuppressorExtension.cs</ApplicationRelativeFilePath>
      <ProjectRelativeFilePath>TemplateSuppressorExtension.cs</ProjectRelativeFilePath>
      <IsIgnored>false</IsIgnored>
    </FileLog>
    <FileLog>
      <ProjectId>b25b64fe-817e-461e-b0cd-d1f4a80fb598</ProjectId>
      <CorrelationId>Intent.ModuleBuilder.IModSpecFile</CorrelationId>
      <OverwriteBehaviour>always</OverwriteBehaviour>
      <ApplicationRelativeFilePath>Intent.ModularMonolith.Host.imodspec</ApplicationRelativeFilePath>
      <ProjectRelativeFilePath>Intent.ModularMonolith.Host.imodspec</ProjectRelativeFilePath>
      <IsIgnored>false</IsIgnored>
    </FileLog>
    <FileLog>
      <ProjectId>b25b64fe-817e-461e-b0cd-d1f4a80fb598</ProjectId>
      <CorrelationId>Intent.VisualStudio.Projects.CSharpProject#b25b64fe-817e-461e-b0cd-d1f4a80fb598</CorrelationId>
      <OverwriteBehaviour>always</OverwriteBehaviour>
      <ApplicationRelativeFilePath>Intent.Modules.ModularMonolith.Host.csproj</ApplicationRelativeFilePath>
      <ProjectRelativeFilePath>Intent.Modules.ModularMonolith.Host.csproj</ProjectRelativeFilePath>
      <IsIgnored>false</IsIgnored>
    </FileLog>
    <FileLog>
      <ProjectId>b25b64fe-817e-461e-b0cd-d1f4a80fb598</ProjectId>
      <CorrelationId>Intent.ModuleBuilder.Templates.ReleaseNotes</CorrelationId>
      <OverwriteBehaviour>once-off</OverwriteBehaviour>
      <ApplicationRelativeFilePath>release-notes.md</ApplicationRelativeFilePath>
      <ProjectRelativeFilePath>release-notes.md</ProjectRelativeFilePath>
      <IsIgnored>false</IsIgnored>
    </FileLog>
    <FileLog>
      <ProjectId>611a6488-a67c-478b-bae6-4beb20f19846</ProjectId>
      <CorrelationId>Intent.ModuleBuilder.CSharp.Templates.CSharpTemplatePartial#7ff3352a-b128-4254-8912-8ce2c5c30380</CorrelationId>
      <OverwriteBehaviour>always</OverwriteBehaviour>
      <ApplicationRelativeFilePath>Templates/ModuleConfiguration/ModuleConfigurationTemplatePartial.cs</ApplicationRelativeFilePath>
      <ProjectRelativeFilePath>ModuleConfiguration/ModuleConfigurationTemplatePartial.cs</ProjectRelativeFilePath>
      <IsIgnored>false</IsIgnored>
    </FileLog>
    <FileLog>
      <ProjectId>611a6488-a67c-478b-bae6-4beb20f19846</ProjectId>
      <CorrelationId>Intent.ModuleBuilder.TemplateRegistration.SingleFileNoModel#7ff3352a-b128-4254-8912-8ce2c5c30380</CorrelationId>
      <OverwriteBehaviour>always</OverwriteBehaviour>
      <ApplicationRelativeFilePath>Templates/ModuleConfiguration/ModuleConfigurationTemplateRegistration.cs</ApplicationRelativeFilePath>
      <ProjectRelativeFilePath>ModuleConfiguration/ModuleConfigurationTemplateRegistration.cs</ProjectRelativeFilePath>
      <IsIgnored>false</IsIgnored>
    </FileLog>
    <FileLog>
      <ProjectId>611a6488-a67c-478b-bae6-4beb20f19846</ProjectId>
      <CorrelationId>Intent.ModuleBuilder.CSharp.Templates.CSharpTemplatePartial#f32e7deb-5b91-46f2-8267-a5f250317c17</CorrelationId>
      <OverwriteBehaviour>always</OverwriteBehaviour>
      <ApplicationRelativeFilePath>Templates/ModuleInstallerInterface/ModuleInstallerInterfaceTemplatePartial.cs</ApplicationRelativeFilePath>
      <ProjectRelativeFilePath>ModuleInstallerInterface/ModuleInstallerInterfaceTemplatePartial.cs</ProjectRelativeFilePath>
      <IsIgnored>false</IsIgnored>
    </FileLog>
    <FileLog>
      <ProjectId>611a6488-a67c-478b-bae6-4beb20f19846</ProjectId>
      <CorrelationId>Intent.ModuleBuilder.TemplateRegistration.SingleFileNoModel#f32e7deb-5b91-46f2-8267-a5f250317c17</CorrelationId>
      <OverwriteBehaviour>always</OverwriteBehaviour>
      <ApplicationRelativeFilePath>Templates/ModuleInstallerInterface/ModuleInstallerInterfaceTemplateRegistration.cs</ApplicationRelativeFilePath>
      <ProjectRelativeFilePath>ModuleInstallerInterface/ModuleInstallerInterfaceTemplateRegistration.cs</ProjectRelativeFilePath>
      <IsIgnored>false</IsIgnored>
    </FileLog>
    <FileLog>
      <ProjectId>611a6488-a67c-478b-bae6-4beb20f19846</ProjectId>
      <CorrelationId>Intent.ModuleBuilder.Templates.TemplateExtensions</CorrelationId>
      <OverwriteBehaviour>always</OverwriteBehaviour>
      <ApplicationRelativeFilePath>Templates/TemplateExtensions.cs</ApplicationRelativeFilePath>
      <ProjectRelativeFilePath>TemplateExtensions.cs</ProjectRelativeFilePath>
      <IsIgnored>false</IsIgnored>
    </FileLog>
  </FileLogs>
</outputLog>