<?xml version="1.0" encoding="utf-8"?>
<outputLog>
  <ApplicationId>7951a529-b874-48dc-bed9-7fa0bdd418f4</ApplicationId>
  <FileLogs>
    <FileLog>
      <CorrelationId>Intent.VisualStudio.Projects.VisualStudioSolution#37ff6cdc-aa9b-4e12-8db8-2929e73d9770</CorrelationId>
      <OverwriteBehaviour>always</OverwriteBehaviour>
      <ApplicationRelativeFilePath>../Intent.Modules.NET.sln</ApplicationRelativeFilePath>
      <IsIgnored>false</IsIgnored>
    </FileLog>
    <FileLog>
      <ProjectId>621a2372-f87f-4a18-922e-faa3af04e38f</ProjectId>
      <CorrelationId>Intent.ModuleBuilder.Templates.Api.ApiElementExtensionModel#2cfca7d7-92e8-40ce-8b71-3c5ad74c7fbb</CorrelationId>
      <OverwriteBehaviour>always</OverwriteBehaviour>
      <ApplicationRelativeFilePath>Api/ClassExtensionModel.cs</ApplicationRelativeFilePath>
      <ProjectRelativeFilePath>ClassExtensionModel.cs</ProjectRelativeFilePath>
      <IsIgnored>false</IsIgnored>
    </FileLog>
    <FileLog>
      <ProjectId>621a2372-f87f-4a18-922e-faa3af04e38f</ProjectId>
      <CorrelationId>Intent.ModuleBuilder.Templates.Api.ApiElementModelExtensions#04e12b51-ed12-42a3-9667-a6aa81bb6d10</CorrelationId>
      <OverwriteBehaviour>always</OverwriteBehaviour>
      <ApplicationRelativeFilePath>Api/ClassModelStereotypeExtensions.cs</ApplicationRelativeFilePath>
      <ProjectRelativeFilePath>ClassModelStereotypeExtensions.cs</ProjectRelativeFilePath>
      <IsIgnored>false</IsIgnored>
    </FileLog>
    <FileLog>
      <ProjectId>d7c078a7-fadd-473f-9a48-dcf5738cedf3</ProjectId>
      <CorrelationId>Intent.ModuleBuilder.Templates.FactoryExtension#04dbb899-54b8-4e9d-9d54-36dda861bf3c</CorrelationId>
      <OverwriteBehaviour>always</OverwriteBehaviour>
      <ApplicationRelativeFilePath>FactoryExtensions/CosmosDbExtension.cs</ApplicationRelativeFilePath>
      <ProjectRelativeFilePath>CosmosDbExtension.cs</ProjectRelativeFilePath>
      <IsIgnored>false</IsIgnored>
    </FileLog>
    <FileLog>
      <ProjectId>d7c078a7-fadd-473f-9a48-dcf5738cedf3</ProjectId>
      <CorrelationId>Intent.ModuleBuilder.Templates.FactoryExtension#5c2b2464-aaf2-40bb-8c23-f3608e8ed4aa</CorrelationId>
      <OverwriteBehaviour>always</OverwriteBehaviour>
      <ApplicationRelativeFilePath>FactoryExtensions/EfCoreExtension.cs</ApplicationRelativeFilePath>
      <ProjectRelativeFilePath>EfCoreExtension.cs</ProjectRelativeFilePath>
      <IsIgnored>false</IsIgnored>
    </FileLog>
    <FileLog>
      <ProjectId>e8fc2c42-6fc9-4a68-8f84-79cea0ea9cab</ProjectId>
      <CorrelationId>Intent.ModuleBuilder.IModSpecFile</CorrelationId>
      <OverwriteBehaviour>always</OverwriteBehaviour>
      <ApplicationRelativeFilePath>Intent.Entities.BasicAuditing.imodspec</ApplicationRelativeFilePath>
      <ProjectRelativeFilePath>Intent.Entities.BasicAuditing.imodspec</ProjectRelativeFilePath>
      <IsIgnored>false</IsIgnored>
    </FileLog>
    <FileLog>
      <ProjectId>e8fc2c42-6fc9-4a68-8f84-79cea0ea9cab</ProjectId>
      <CorrelationId>Intent.VisualStudio.Projects.CoreLibrary.CSProject#e8fc2c42-6fc9-4a68-8f84-79cea0ea9cab</CorrelationId>
      <OverwriteBehaviour>always</OverwriteBehaviour>
      <ApplicationRelativeFilePath>Intent.Modules.Entities.BasicAuditing.csproj</ApplicationRelativeFilePath>
      <ProjectRelativeFilePath>Intent.Modules.Entities.BasicAuditing.csproj</ProjectRelativeFilePath>
      <IsIgnored>false</IsIgnored>
    </FileLog>
    <FileLog>
      <ProjectId>7c72b253-e1f3-4c8e-957b-8a7554381c2e</ProjectId>
      <CorrelationId>Intent.ModuleBuilder.DesignerSettings#a545c987-4b2e-4dca-8637-be46efe8686b</CorrelationId>
      <OverwriteBehaviour>always</OverwriteBehaviour>
      <ApplicationRelativeFilePath>modelers/Basic Audit Domain Settings.designer.settings</ApplicationRelativeFilePath>
      <ProjectRelativeFilePath>Basic Audit Domain Settings.designer.settings</ProjectRelativeFilePath>
      <IsIgnored>false</IsIgnored>
    </FileLog>
    <FileLog>
      <ProjectId>e8fc2c42-6fc9-4a68-8f84-79cea0ea9cab</ProjectId>
      <CorrelationId>Intent.ModuleBuilder.Templates.ReleaseNotes</CorrelationId>
      <OverwriteBehaviour>once-off</OverwriteBehaviour>
      <ApplicationRelativeFilePath>release-notes.md</ApplicationRelativeFilePath>
      <ProjectRelativeFilePath>release-notes.md</ProjectRelativeFilePath>
      <IsIgnored>false</IsIgnored>
    </FileLog>
    <FileLog>
      <ProjectId>56ca0073-9fb7-400c-816d-360880958889</ProjectId>
      <CorrelationId>Intent.ModuleBuilder.Templates.Settings.ModuleSettingsExtensions#bed6bd70-2214-4a74-a437-dfb3b68dd198</CorrelationId>
      <OverwriteBehaviour>always</OverwriteBehaviour>
      <ApplicationRelativeFilePath>Settings/ModuleSettingsExtensions.cs</ApplicationRelativeFilePath>
      <ProjectRelativeFilePath>ModuleSettingsExtensions.cs</ProjectRelativeFilePath>
      <IsIgnored>false</IsIgnored>
    </FileLog>
    <FileLog>
      <ProjectId>7c58914b-bd85-4059-b207-a682a3c05c37</ProjectId>
      <CorrelationId>Intent.ModuleBuilder.CSharp.Templates.CSharpTemplatePartial#87bb0386-a807-4438-87eb-d62e677833b3</CorrelationId>
      <OverwriteBehaviour>always</OverwriteBehaviour>
      <ApplicationRelativeFilePath>Templates/AuditableInterface/AuditableInterfaceTemplatePartial.cs</ApplicationRelativeFilePath>
      <ProjectRelativeFilePath>AuditableInterface/AuditableInterfaceTemplatePartial.cs</ProjectRelativeFilePath>
      <IsIgnored>false</IsIgnored>
    </FileLog>
    <FileLog>
      <ProjectId>7c58914b-bd85-4059-b207-a682a3c05c37</ProjectId>
      <CorrelationId>Intent.ModuleBuilder.TemplateRegistration.SingleFileNoModel#87bb0386-a807-4438-87eb-d62e677833b3</CorrelationId>
      <OverwriteBehaviour>always</OverwriteBehaviour>
      <ApplicationRelativeFilePath>Templates/AuditableInterface/AuditableInterfaceTemplateRegistration.cs</ApplicationRelativeFilePath>
      <ProjectRelativeFilePath>AuditableInterface/AuditableInterfaceTemplateRegistration.cs</ProjectRelativeFilePath>
      <IsIgnored>false</IsIgnored>
    </FileLog>
    <FileLog>
      <ProjectId>7c58914b-bd85-4059-b207-a682a3c05c37</ProjectId>
      <CorrelationId>Intent.ModuleBuilder.Templates.TemplateExtensions</CorrelationId>
      <OverwriteBehaviour>always</OverwriteBehaviour>
      <ApplicationRelativeFilePath>Templates/TemplateExtensions.cs</ApplicationRelativeFilePath>
      <ProjectRelativeFilePath>TemplateExtensions.cs</ProjectRelativeFilePath>
      <IsIgnored>false</IsIgnored>
    </FileLog>
  </FileLogs>
</outputLog>