<?xml version="1.0" encoding="utf-8"?>
<outputLog>
  <ApplicationId>a3a8db7f-a9d5-4f17-a5c4-c8a65ad56d80</ApplicationId>
  <FileLogs>
    <FileLog>
      <CorrelationId>Intent.VisualStudio.Projects.VisualStudioSolution#2ac9f09c-eb86-4049-9af2-9fae09ba4cf0</CorrelationId>
      <OverwriteBehaviour>always</OverwriteBehaviour>
      <ApplicationRelativeFilePath>../Intent.Modules.NET.sln</ApplicationRelativeFilePath>
      <IsIgnored>false</IsIgnored>
    </FileLog>
    <FileLog>
      <ProjectId>da58eb88-504b-45ec-b50f-370b79a47ad9</ProjectId>
      <CorrelationId>Intent.ModuleBuilder.Templates.Api.ApiElementExtensionModel#232c11ea-e5a9-42ec-a6bf-5d29f876fa97</CorrelationId>
      <OverwriteBehaviour>always</OverwriteBehaviour>
      <ApplicationRelativeFilePath>Api/DiagramExtensionModel.cs</ApplicationRelativeFilePath>
      <ProjectRelativeFilePath>DiagramExtensionModel.cs</ProjectRelativeFilePath>
      <IsIgnored>false</IsIgnored>
    </FileLog>
    <FileLog>
      <ProjectId>da58eb88-504b-45ec-b50f-370b79a47ad9</ProjectId>
      <CorrelationId>Intent.ModuleBuilder.Templates.Api.ApiElementExtensionModel#7188c898-6b96-4a53-b2e4-ce2d6ae3a3fa</CorrelationId>
      <OverwriteBehaviour>always</OverwriteBehaviour>
      <ApplicationRelativeFilePath>Api/HangfireConfigurationExtensionModel.cs</ApplicationRelativeFilePath>
      <ProjectRelativeFilePath>HangfireConfigurationExtensionModel.cs</ProjectRelativeFilePath>
      <IsIgnored>false</IsIgnored>
    </FileLog>
    <FileLog>
      <ProjectId>da58eb88-504b-45ec-b50f-370b79a47ad9</ProjectId>
      <CorrelationId>Intent.ModuleBuilder.Templates.Api.ApiElementModel#2debe83d-5a45-431b-ba43-b236894135cc</CorrelationId>
      <OverwriteBehaviour>always</OverwriteBehaviour>
      <ApplicationRelativeFilePath>Api/HangfireConfigurationModel.cs</ApplicationRelativeFilePath>
      <ProjectRelativeFilePath>HangfireConfigurationModel.cs</ProjectRelativeFilePath>
      <IsIgnored>false</IsIgnored>
    </FileLog>
    <FileLog>
      <ProjectId>da58eb88-504b-45ec-b50f-370b79a47ad9</ProjectId>
      <CorrelationId>Intent.ModuleBuilder.Templates.Api.ApiElementModelExtensions#2debe83d-5a45-431b-ba43-b236894135cc</CorrelationId>
      <OverwriteBehaviour>always</OverwriteBehaviour>
      <ApplicationRelativeFilePath>Api/HangfireConfigurationModelStereotypeExtensions.cs</ApplicationRelativeFilePath>
      <ProjectRelativeFilePath>HangfireConfigurationModelStereotypeExtensions.cs</ProjectRelativeFilePath>
      <IsIgnored>false</IsIgnored>
    </FileLog>
    <FileLog>
      <ProjectId>da58eb88-504b-45ec-b50f-370b79a47ad9</ProjectId>
      <CorrelationId>Intent.ModuleBuilder.Templates.Api.ApiElementModel#995f1902-4efb-42ba-b089-a5e856c48943</CorrelationId>
      <OverwriteBehaviour>always</OverwriteBehaviour>
      <ApplicationRelativeFilePath>Api/HangfireJobModel.cs</ApplicationRelativeFilePath>
      <ProjectRelativeFilePath>HangfireJobModel.cs</ProjectRelativeFilePath>
      <IsIgnored>false</IsIgnored>
    </FileLog>
    <FileLog>
      <ProjectId>da58eb88-504b-45ec-b50f-370b79a47ad9</ProjectId>
      <CorrelationId>Intent.ModuleBuilder.Templates.Api.ApiElementModelExtensions#995f1902-4efb-42ba-b089-a5e856c48943</CorrelationId>
      <OverwriteBehaviour>always</OverwriteBehaviour>
      <ApplicationRelativeFilePath>Api/HangfireJobModelStereotypeExtensions.cs</ApplicationRelativeFilePath>
      <ProjectRelativeFilePath>HangfireJobModelStereotypeExtensions.cs</ProjectRelativeFilePath>
      <IsIgnored>false</IsIgnored>
    </FileLog>
    <FileLog>
      <ProjectId>da58eb88-504b-45ec-b50f-370b79a47ad9</ProjectId>
      <CorrelationId>Intent.ModuleBuilder.Templates.Api.ApiElementModel#18b0f37e-43da-4d94-b65a-8cff601339ac</CorrelationId>
      <OverwriteBehaviour>always</OverwriteBehaviour>
      <ApplicationRelativeFilePath>Api/HangfireQueueModel.cs</ApplicationRelativeFilePath>
      <ProjectRelativeFilePath>HangfireQueueModel.cs</ProjectRelativeFilePath>
      <IsIgnored>false</IsIgnored>
    </FileLog>
    <FileLog>
      <ProjectId>da58eb88-504b-45ec-b50f-370b79a47ad9</ProjectId>
      <CorrelationId>Intent.ModuleBuilder.Templates.Api.ApiAssociationModel#9fad2dc6-525f-408c-8981-abe958d65268</CorrelationId>
      <OverwriteBehaviour>always</OverwriteBehaviour>
      <ApplicationRelativeFilePath>Api/ScheduledCommandPublishModel.cs</ApplicationRelativeFilePath>
      <ProjectRelativeFilePath>ScheduledCommandPublishModel.cs</ProjectRelativeFilePath>
      <IsIgnored>false</IsIgnored>
    </FileLog>
    <FileLog>
      <ProjectId>da58eb88-504b-45ec-b50f-370b79a47ad9</ProjectId>
      <CorrelationId>Intent.ModuleBuilder.Templates.Api.ApiAssociationModelExtensions#9fad2dc6-525f-408c-8981-abe958d65268</CorrelationId>
      <OverwriteBehaviour>always</OverwriteBehaviour>
      <ApplicationRelativeFilePath>Api/ScheduledCommandPublishModelAssociationExtensions.cs</ApplicationRelativeFilePath>
      <ProjectRelativeFilePath>ScheduledCommandPublishModelAssociationExtensions.cs</ProjectRelativeFilePath>
      <IsIgnored>false</IsIgnored>
    </FileLog>
    <FileLog>
      <ProjectId>da58eb88-504b-45ec-b50f-370b79a47ad9</ProjectId>
      <CorrelationId>Intent.ModuleBuilder.Templates.Api.ApiPackageExtensionModel#b2730198-6d98-454d-b6d2-311175f8e3a7</CorrelationId>
      <OverwriteBehaviour>always</OverwriteBehaviour>
      <ApplicationRelativeFilePath>Api/ServicePackageExtensionModel.cs</ApplicationRelativeFilePath>
      <ProjectRelativeFilePath>ServicePackageExtensionModel.cs</ProjectRelativeFilePath>
      <IsIgnored>false</IsIgnored>
    </FileLog>
    <FileLog>
      <ProjectId>b00b0e8a-3970-46c6-83cf-38cd2ef030e4</ProjectId>
      <CorrelationId>Intent.ModuleBuilder.Templates.Api.ApiMetadataProviderExtensions</CorrelationId>
      <OverwriteBehaviour>always</OverwriteBehaviour>
      <ApplicationRelativeFilePath>ApiMetadataProviderExtensions.cs</ApplicationRelativeFilePath>
      <ProjectRelativeFilePath>ApiMetadataProviderExtensions.cs</ProjectRelativeFilePath>
      <IsIgnored>false</IsIgnored>
    </FileLog>
    <FileLog>
      <ProjectId>b00b0e8a-3970-46c6-83cf-38cd2ef030e4</ProjectId>
      <CorrelationId>Intent.VisualStudio.Projects.CSharpProject#b00b0e8a-3970-46c6-83cf-38cd2ef030e4</CorrelationId>
      <OverwriteBehaviour>always</OverwriteBehaviour>
      <ApplicationRelativeFilePath>Intent.Modules.Hangfire.csproj</ApplicationRelativeFilePath>
      <ProjectRelativeFilePath>Intent.Modules.Hangfire.csproj</ProjectRelativeFilePath>
      <IsIgnored>false</IsIgnored>
    </FileLog>
    <FileLog>
      <ProjectId>b00b0e8a-3970-46c6-83cf-38cd2ef030e4</ProjectId>
      <CorrelationId>Intent.ModuleBuilder.IModSpecFile</CorrelationId>
      <OverwriteBehaviour>always</OverwriteBehaviour>
      <ApplicationRelativeFilePath>Intent.Modules.Hangfire.imodspec</ApplicationRelativeFilePath>
      <ProjectRelativeFilePath>Intent.Modules.Hangfire.imodspec</ProjectRelativeFilePath>
      <IsIgnored>false</IsIgnored>
    </FileLog>
    <FileLog>
      <ProjectId>4e81f3e9-5df0-4d07-92c6-1d11bde4aaa1</ProjectId>
      <CorrelationId>Intent.ModuleBuilder.DesignerSettings#045155f0-a262-425a-a77f-1e080062aeba</CorrelationId>
      <OverwriteBehaviour>always</OverwriteBehaviour>
      <ApplicationRelativeFilePath>modelers/Hangfire Settings.designer.settings</ApplicationRelativeFilePath>
      <ProjectRelativeFilePath>Hangfire Settings.designer.settings</ProjectRelativeFilePath>
      <IsIgnored>false</IsIgnored>
    </FileLog>
    <FileLog>
      <ProjectId>b00b0e8a-3970-46c6-83cf-38cd2ef030e4</ProjectId>
      <CorrelationId>Intent.ModuleBuilder.CSharp.Templates.NugetPackages</CorrelationId>
      <OverwriteBehaviour>always</OverwriteBehaviour>
      <ApplicationRelativeFilePath>NugetPackages.cs</ApplicationRelativeFilePath>
      <ProjectRelativeFilePath>NugetPackages.cs</ProjectRelativeFilePath>
      <IsIgnored>false</IsIgnored>
    </FileLog>
    <FileLog>
      <ProjectId>7e6e7fdb-ad7f-4852-9190-b329c04d682a</ProjectId>
      <CorrelationId>Intent.ModuleBuilder.CSharp.Templates.CSharpTemplatePartial#45ecdc92-439b-4a8a-8824-9b1d587bc984</CorrelationId>
      <OverwriteBehaviour>always</OverwriteBehaviour>
      <ApplicationRelativeFilePath>Templates/HangfireConfiguration/HangfireConfigurationTemplatePartial.cs</ApplicationRelativeFilePath>
      <ProjectRelativeFilePath>HangfireConfiguration/HangfireConfigurationTemplatePartial.cs</ProjectRelativeFilePath>
      <IsIgnored>false</IsIgnored>
    </FileLog>
    <FileLog>
      <ProjectId>7e6e7fdb-ad7f-4852-9190-b329c04d682a</ProjectId>
      <CorrelationId>Intent.ModuleBuilder.TemplateRegistration.SingleFileListModel#45ecdc92-439b-4a8a-8824-9b1d587bc984</CorrelationId>
      <OverwriteBehaviour>always</OverwriteBehaviour>
      <ApplicationRelativeFilePath>Templates/HangfireConfiguration/HangfireConfigurationTemplateRegistration.cs</ApplicationRelativeFilePath>
      <ProjectRelativeFilePath>HangfireConfiguration/HangfireConfigurationTemplateRegistration.cs</ProjectRelativeFilePath>
      <IsIgnored>false</IsIgnored>
    </FileLog>
    <FileLog>
      <ProjectId>7e6e7fdb-ad7f-4852-9190-b329c04d682a</ProjectId>
      <CorrelationId>Intent.ModuleBuilder.CSharp.Templates.CSharpTemplatePartial#8afb7368-e6b3-47b7-a807-949d55c9ac20</CorrelationId>
      <OverwriteBehaviour>always</OverwriteBehaviour>
      <ApplicationRelativeFilePath>Templates/HangfireDashboardAuthFilter/HangfireDashboardAuthFilterTemplatePartial.cs</ApplicationRelativeFilePath>
      <ProjectRelativeFilePath>HangfireDashboardAuthFilter/HangfireDashboardAuthFilterTemplatePartial.cs</ProjectRelativeFilePath>
      <IsIgnored>false</IsIgnored>
    </FileLog>
    <FileLog>
      <ProjectId>7e6e7fdb-ad7f-4852-9190-b329c04d682a</ProjectId>
      <CorrelationId>Intent.ModuleBuilder.TemplateRegistration.SingleFileListModel#8afb7368-e6b3-47b7-a807-949d55c9ac20</CorrelationId>
      <OverwriteBehaviour>always</OverwriteBehaviour>
      <ApplicationRelativeFilePath>Templates/HangfireDashboardAuthFilter/HangfireDashboardAuthFilterTemplateRegistration.cs</ApplicationRelativeFilePath>
      <ProjectRelativeFilePath>HangfireDashboardAuthFilter/HangfireDashboardAuthFilterTemplateRegistration.cs</ProjectRelativeFilePath>
      <IsIgnored>false</IsIgnored>
    </FileLog>
    <FileLog>
      <ProjectId>7e6e7fdb-ad7f-4852-9190-b329c04d682a</ProjectId>
      <CorrelationId>Intent.ModuleBuilder.CSharp.Templates.CSharpTemplatePartial#498cbd43-01f3-4a16-b009-953e0fd7b17b</CorrelationId>
      <OverwriteBehaviour>always</OverwriteBehaviour>
      <ApplicationRelativeFilePath>Templates/HangfireJobs/HangfireJobsTemplatePartial.cs</ApplicationRelativeFilePath>
      <ProjectRelativeFilePath>HangfireJobs/HangfireJobsTemplatePartial.cs</ProjectRelativeFilePath>
      <IsIgnored>false</IsIgnored>
    </FileLog>
    <FileLog>
      <ProjectId>7e6e7fdb-ad7f-4852-9190-b329c04d682a</ProjectId>
      <CorrelationId>Intent.ModuleBuilder.TemplateRegistration.FilePerModel#498cbd43-01f3-4a16-b009-953e0fd7b17b</CorrelationId>
      <OverwriteBehaviour>always</OverwriteBehaviour>
      <ApplicationRelativeFilePath>Templates/HangfireJobs/HangfireJobsTemplateRegistration.cs</ApplicationRelativeFilePath>
      <ProjectRelativeFilePath>HangfireJobs/HangfireJobsTemplateRegistration.cs</ProjectRelativeFilePath>
      <IsIgnored>false</IsIgnored>
    </FileLog>
    <FileLog>
      <ProjectId>7e6e7fdb-ad7f-4852-9190-b329c04d682a</ProjectId>
      <CorrelationId>Intent.ModuleBuilder.Templates.TemplateExtensions</CorrelationId>
      <OverwriteBehaviour>always</OverwriteBehaviour>
      <ApplicationRelativeFilePath>Templates/TemplateExtensions.cs</ApplicationRelativeFilePath>
      <ProjectRelativeFilePath>TemplateExtensions.cs</ProjectRelativeFilePath>
      <IsIgnored>false</IsIgnored>
    </FileLog>
  </FileLogs>
</outputLog>