<?xml version="1.0" encoding="utf-8"?>
<outputLog>
  <ApplicationId>5e684d52-7a4c-48fb-b89e-221df0609c32</ApplicationId>
  <FileLogs>
    <FileLog>
      <ApplicationRelativeFilePath>../Intent.Modules.Net.sln</ApplicationRelativeFilePath>
      <IsIgnored>false</IsIgnored>
    </FileLog>
    <FileLog>
      <ProjectId>8de7db33-7d69-403f-ad45-3b3d753705f2</ProjectId>
      <CorrelationId>Intent.ModuleBuilder.IModeSpecFile</CorrelationId>
      <ApplicationRelativeFilePath>Intent.Application.MediatR.Behaviours.imodspec</ApplicationRelativeFilePath>
      <ProjectRelativeFilePath>Intent.Application.MediatR.Behaviours.imodspec</ProjectRelativeFilePath>
      <IsIgnored>false</IsIgnored>
    </FileLog>
    <FileLog>
      <ProjectId>8de7db33-7d69-403f-ad45-3b3d753705f2</ProjectId>
      <CorrelationId>Intent.VisualStudio.Projects.CoreLibrary.CSProject#8de7db33-7d69-403f-ad45-3b3d753705f2</CorrelationId>
      <ApplicationRelativeFilePath>Intent.Modules.Application.MediatR.Behaviours.csproj</ApplicationRelativeFilePath>
      <ProjectRelativeFilePath>Intent.Modules.Application.MediatR.Behaviours.csproj</ProjectRelativeFilePath>
      <IsIgnored>false</IsIgnored>
    </FileLog>
    <FileLog>
      <ProjectId>8de7db33-7d69-403f-ad45-3b3d753705f2</ProjectId>
      <CorrelationId>Intent.ModuleBuilder.ReadMe</CorrelationId>
      <ApplicationRelativeFilePath>README.txt</ApplicationRelativeFilePath>
      <ProjectRelativeFilePath>README.txt</ProjectRelativeFilePath>
      <IsIgnored>false</IsIgnored>
    </FileLog>
    <FileLog>
      <ProjectId>f1fa0158-54c0-49ef-9c07-0cf949d3c259</ProjectId>
      <CorrelationId>Intent.ModuleBuilder.CSharp.Templates.CSharpTemplate.T4Template.PreProcessed#88e43d09-6042-4be7-a108-42c0772d6e0e</CorrelationId>
      <ApplicationRelativeFilePath>Templates/AuthorizationBehaviour/AuthorizationBehaviourTemplate.cs</ApplicationRelativeFilePath>
      <ProjectRelativeFilePath>AuthorizationBehaviour/AuthorizationBehaviourTemplate.cs</ProjectRelativeFilePath>
      <IsIgnored>false</IsIgnored>
    </FileLog>
    <FileLog>
      <ProjectId>f1fa0158-54c0-49ef-9c07-0cf949d3c259</ProjectId>
      <CorrelationId>Intent.ModuleBuilder.CSharp.Templates.CSharpTemplate#88e43d09-6042-4be7-a108-42c0772d6e0e</CorrelationId>
      <ApplicationRelativeFilePath>Templates/AuthorizationBehaviour/AuthorizationBehaviourTemplate.tt</ApplicationRelativeFilePath>
      <ProjectRelativeFilePath>AuthorizationBehaviour/AuthorizationBehaviourTemplate.tt</ProjectRelativeFilePath>
      <IsIgnored>false</IsIgnored>
    </FileLog>
    <FileLog>
      <ProjectId>f1fa0158-54c0-49ef-9c07-0cf949d3c259</ProjectId>
      <CorrelationId>Intent.ModuleBuilder.CSharp.Templates.CSharpTemplatePartial#88e43d09-6042-4be7-a108-42c0772d6e0e</CorrelationId>
      <ApplicationRelativeFilePath>Templates/AuthorizationBehaviour/AuthorizationBehaviourTemplatePartial.cs</ApplicationRelativeFilePath>
      <ProjectRelativeFilePath>AuthorizationBehaviour/AuthorizationBehaviourTemplatePartial.cs</ProjectRelativeFilePath>
      <IsIgnored>false</IsIgnored>
    </FileLog>
    <FileLog>
      <ProjectId>f1fa0158-54c0-49ef-9c07-0cf949d3c259</ProjectId>
      <CorrelationId>Intent.ModuleBuilder.TemplateRegistration.SingleFileNoModel#88e43d09-6042-4be7-a108-42c0772d6e0e</CorrelationId>
      <ApplicationRelativeFilePath>Templates/AuthorizationBehaviour/AuthorizationBehaviourTemplateRegistration.cs</ApplicationRelativeFilePath>
      <ProjectRelativeFilePath>AuthorizationBehaviour/AuthorizationBehaviourTemplateRegistration.cs</ProjectRelativeFilePath>
      <IsIgnored>false</IsIgnored>
    </FileLog>
    <FileLog>
      <ProjectId>f1fa0158-54c0-49ef-9c07-0cf949d3c259</ProjectId>
      <CorrelationId>Intent.ModuleBuilder.CSharp.Templates.CSharpTemplate.T4Template.PreProcessed#68ec10f6-35bb-4b18-9845-d5ef91513cff</CorrelationId>
      <ApplicationRelativeFilePath>Templates/LoggingBehaviour/LoggingBehaviourTemplate.cs</ApplicationRelativeFilePath>
      <ProjectRelativeFilePath>LoggingBehaviour/LoggingBehaviourTemplate.cs</ProjectRelativeFilePath>
      <IsIgnored>false</IsIgnored>
    </FileLog>
    <FileLog>
      <ProjectId>f1fa0158-54c0-49ef-9c07-0cf949d3c259</ProjectId>
      <CorrelationId>Intent.ModuleBuilder.CSharp.Templates.CSharpTemplate#68ec10f6-35bb-4b18-9845-d5ef91513cff</CorrelationId>
      <ApplicationRelativeFilePath>Templates/LoggingBehaviour/LoggingBehaviourTemplate.tt</ApplicationRelativeFilePath>
      <ProjectRelativeFilePath>LoggingBehaviour/LoggingBehaviourTemplate.tt</ProjectRelativeFilePath>
      <IsIgnored>false</IsIgnored>
    </FileLog>
    <FileLog>
      <ProjectId>f1fa0158-54c0-49ef-9c07-0cf949d3c259</ProjectId>
      <CorrelationId>Intent.ModuleBuilder.CSharp.Templates.CSharpTemplatePartial#68ec10f6-35bb-4b18-9845-d5ef91513cff</CorrelationId>
      <ApplicationRelativeFilePath>Templates/LoggingBehaviour/LoggingBehaviourTemplatePartial.cs</ApplicationRelativeFilePath>
      <ProjectRelativeFilePath>LoggingBehaviour/LoggingBehaviourTemplatePartial.cs</ProjectRelativeFilePath>
      <IsIgnored>false</IsIgnored>
    </FileLog>
    <FileLog>
      <ProjectId>f1fa0158-54c0-49ef-9c07-0cf949d3c259</ProjectId>
      <CorrelationId>Intent.ModuleBuilder.TemplateRegistration.SingleFileNoModel#68ec10f6-35bb-4b18-9845-d5ef91513cff</CorrelationId>
      <ApplicationRelativeFilePath>Templates/LoggingBehaviour/LoggingBehaviourTemplateRegistration.cs</ApplicationRelativeFilePath>
      <ProjectRelativeFilePath>LoggingBehaviour/LoggingBehaviourTemplateRegistration.cs</ProjectRelativeFilePath>
      <IsIgnored>false</IsIgnored>
    </FileLog>
    <FileLog>
      <ProjectId>f1fa0158-54c0-49ef-9c07-0cf949d3c259</ProjectId>
      <CorrelationId>Intent.ModuleBuilder.CSharp.Templates.CSharpTemplate.T4Template.PreProcessed#01accc66-206d-450c-8c23-b671dd4a69d4</CorrelationId>
      <ApplicationRelativeFilePath>Templates/PerformanceBehaviour/PerformanceBehaviourTemplate.cs</ApplicationRelativeFilePath>
      <ProjectRelativeFilePath>PerformanceBehaviour/PerformanceBehaviourTemplate.cs</ProjectRelativeFilePath>
      <IsIgnored>false</IsIgnored>
    </FileLog>
    <FileLog>
      <ProjectId>f1fa0158-54c0-49ef-9c07-0cf949d3c259</ProjectId>
      <CorrelationId>Intent.ModuleBuilder.CSharp.Templates.CSharpTemplate#01accc66-206d-450c-8c23-b671dd4a69d4</CorrelationId>
      <ApplicationRelativeFilePath>Templates/PerformanceBehaviour/PerformanceBehaviourTemplate.tt</ApplicationRelativeFilePath>
      <ProjectRelativeFilePath>PerformanceBehaviour/PerformanceBehaviourTemplate.tt</ProjectRelativeFilePath>
      <IsIgnored>false</IsIgnored>
    </FileLog>
    <FileLog>
      <ProjectId>f1fa0158-54c0-49ef-9c07-0cf949d3c259</ProjectId>
      <CorrelationId>Intent.ModuleBuilder.CSharp.Templates.CSharpTemplatePartial#01accc66-206d-450c-8c23-b671dd4a69d4</CorrelationId>
      <ApplicationRelativeFilePath>Templates/PerformanceBehaviour/PerformanceBehaviourTemplatePartial.cs</ApplicationRelativeFilePath>
      <ProjectRelativeFilePath>PerformanceBehaviour/PerformanceBehaviourTemplatePartial.cs</ProjectRelativeFilePath>
      <IsIgnored>false</IsIgnored>
    </FileLog>
    <FileLog>
      <ProjectId>f1fa0158-54c0-49ef-9c07-0cf949d3c259</ProjectId>
      <CorrelationId>Intent.ModuleBuilder.TemplateRegistration.SingleFileNoModel#01accc66-206d-450c-8c23-b671dd4a69d4</CorrelationId>
      <ApplicationRelativeFilePath>Templates/PerformanceBehaviour/PerformanceBehaviourTemplateRegistration.cs</ApplicationRelativeFilePath>
      <ProjectRelativeFilePath>PerformanceBehaviour/PerformanceBehaviourTemplateRegistration.cs</ProjectRelativeFilePath>
      <IsIgnored>false</IsIgnored>
    </FileLog>
    <FileLog>
      <ProjectId>f1fa0158-54c0-49ef-9c07-0cf949d3c259</ProjectId>
      <ApplicationRelativeFilePath>Templates/TemplateExtensions.cs</ApplicationRelativeFilePath>
      <ProjectRelativeFilePath>TemplateExtensions.cs</ProjectRelativeFilePath>
      <IsIgnored>false</IsIgnored>
    </FileLog>
    <FileLog>
      <ProjectId>f1fa0158-54c0-49ef-9c07-0cf949d3c259</ProjectId>
      <CorrelationId>Intent.ModuleBuilder.CSharp.Templates.CSharpTemplate.T4Template.PreProcessed#d94dff30-bffc-4c3a-b535-87bb6c3046b7</CorrelationId>
      <ApplicationRelativeFilePath>Templates/UnhandledExceptionBehaviour/UnhandledExceptionBehaviourTemplate.cs</ApplicationRelativeFilePath>
      <ProjectRelativeFilePath>UnhandledExceptionBehaviour/UnhandledExceptionBehaviourTemplate.cs</ProjectRelativeFilePath>
      <IsIgnored>false</IsIgnored>
    </FileLog>
    <FileLog>
      <ProjectId>f1fa0158-54c0-49ef-9c07-0cf949d3c259</ProjectId>
      <CorrelationId>Intent.ModuleBuilder.CSharp.Templates.CSharpTemplate#d94dff30-bffc-4c3a-b535-87bb6c3046b7</CorrelationId>
      <ApplicationRelativeFilePath>Templates/UnhandledExceptionBehaviour/UnhandledExceptionBehaviourTemplate.tt</ApplicationRelativeFilePath>
      <ProjectRelativeFilePath>UnhandledExceptionBehaviour/UnhandledExceptionBehaviourTemplate.tt</ProjectRelativeFilePath>
      <IsIgnored>false</IsIgnored>
    </FileLog>
    <FileLog>
      <ProjectId>f1fa0158-54c0-49ef-9c07-0cf949d3c259</ProjectId>
      <CorrelationId>Intent.ModuleBuilder.CSharp.Templates.CSharpTemplatePartial#d94dff30-bffc-4c3a-b535-87bb6c3046b7</CorrelationId>
      <ApplicationRelativeFilePath>Templates/UnhandledExceptionBehaviour/UnhandledExceptionBehaviourTemplatePartial.cs</ApplicationRelativeFilePath>
      <ProjectRelativeFilePath>UnhandledExceptionBehaviour/UnhandledExceptionBehaviourTemplatePartial.cs</ProjectRelativeFilePath>
      <IsIgnored>false</IsIgnored>
    </FileLog>
    <FileLog>
      <ProjectId>f1fa0158-54c0-49ef-9c07-0cf949d3c259</ProjectId>
      <CorrelationId>Intent.ModuleBuilder.TemplateRegistration.SingleFileNoModel#d94dff30-bffc-4c3a-b535-87bb6c3046b7</CorrelationId>
      <ApplicationRelativeFilePath>Templates/UnhandledExceptionBehaviour/UnhandledExceptionBehaviourTemplateRegistration.cs</ApplicationRelativeFilePath>
      <ProjectRelativeFilePath>UnhandledExceptionBehaviour/UnhandledExceptionBehaviourTemplateRegistration.cs</ProjectRelativeFilePath>
      <IsIgnored>false</IsIgnored>
    </FileLog>
  </FileLogs>
</outputLog>