<?xml version="1.0" encoding="utf-8"?>
<outputLog>
  <ApplicationId>758dcf4d-aac0-4c2c-8a7d-a50e4116e360</ApplicationId>
  <FileLogs>
    <FileLog>
      <CorrelationId>Intent.VisualStudio.Projects.VisualStudioSolution#6604f390-d48c-404d-9d47-45c866fdc341</CorrelationId>
      <OverwriteBehaviour>always</OverwriteBehaviour>
      <ApplicationRelativeFilePath>../Intent.Modules.NET.sln</ApplicationRelativeFilePath>
      <IsIgnored>false</IsIgnored>
    </FileLog>
    <FileLog>
      <ProjectId>341382d3-dc57-45ae-9b41-b2547048a24e</ProjectId>
      <CorrelationId>Intent.ModuleBuilder.Templates.FactoryExtension#84a58fa2-d4c5-47de-a6b9-6c773c43e22d</CorrelationId>
      <OverwriteBehaviour>always</OverwriteBehaviour>
      <ApplicationRelativeFilePath>FactoryExtensions/ProgramExtension.cs</ApplicationRelativeFilePath>
      <ProjectRelativeFilePath>ProgramExtension.cs</ProjectRelativeFilePath>
      <IsIgnored>false</IsIgnored>
    </FileLog>
    <FileLog>
      <ProjectId>e9b00204-9260-4d47-a1bf-ce927fab036e</ProjectId>
      <CorrelationId>Intent.ModuleBuilder.IModSpecFile</CorrelationId>
      <OverwriteBehaviour>always</OverwriteBehaviour>
      <ApplicationRelativeFilePath>Intent.HashiCorp.Vault.imodspec</ApplicationRelativeFilePath>
      <ProjectRelativeFilePath>Intent.HashiCorp.Vault.imodspec</ProjectRelativeFilePath>
      <IsIgnored>false</IsIgnored>
    </FileLog>
    <FileLog>
      <ProjectId>e9b00204-9260-4d47-a1bf-ce927fab036e</ProjectId>
      <CorrelationId>Intent.VisualStudio.Projects.CSharpProject#e9b00204-9260-4d47-a1bf-ce927fab036e</CorrelationId>
      <OverwriteBehaviour>always</OverwriteBehaviour>
      <ApplicationRelativeFilePath>Intent.Modules.HashiCorp.Vault.csproj</ApplicationRelativeFilePath>
      <ProjectRelativeFilePath>Intent.Modules.HashiCorp.Vault.csproj</ProjectRelativeFilePath>
      <IsIgnored>false</IsIgnored>
    </FileLog>
    <FileLog>
      <ProjectId>e9b00204-9260-4d47-a1bf-ce927fab036e</ProjectId>
      <CorrelationId>Intent.ModuleBuilder.CSharp.Templates.NugetPackages</CorrelationId>
      <OverwriteBehaviour>always</OverwriteBehaviour>
      <ApplicationRelativeFilePath>NugetPackages.cs</ApplicationRelativeFilePath>
      <ProjectRelativeFilePath>NugetPackages.cs</ProjectRelativeFilePath>
      <IsIgnored>false</IsIgnored>
    </FileLog>
    <FileLog>
      <ProjectId>e9b00204-9260-4d47-a1bf-ce927fab036e</ProjectId>
      <CorrelationId>Intent.ModuleBuilder.Templates.ReleaseNotes</CorrelationId>
      <OverwriteBehaviour>once-off</OverwriteBehaviour>
      <ApplicationRelativeFilePath>release-notes.md</ApplicationRelativeFilePath>
      <ProjectRelativeFilePath>release-notes.md</ProjectRelativeFilePath>
      <IsIgnored>false</IsIgnored>
    </FileLog>
    <FileLog>
      <ProjectId>d103863d-1934-41e1-9859-731202144df3</ProjectId>
      <CorrelationId>Intent.ModuleBuilder.CSharp.Templates.CSharpTemplatePartial#269f05b0-e512-4907-a656-c3f002354cb4</CorrelationId>
      <OverwriteBehaviour>always</OverwriteBehaviour>
      <ApplicationRelativeFilePath>Templates/HashiCorpVaultConfiguration/HashiCorpVaultConfigurationTemplatePartial.cs</ApplicationRelativeFilePath>
      <ProjectRelativeFilePath>HashiCorpVaultConfiguration/HashiCorpVaultConfigurationTemplatePartial.cs</ProjectRelativeFilePath>
      <IsIgnored>false</IsIgnored>
    </FileLog>
    <FileLog>
      <ProjectId>d103863d-1934-41e1-9859-731202144df3</ProjectId>
      <CorrelationId>Intent.ModuleBuilder.TemplateRegistration.SingleFileNoModel#269f05b0-e512-4907-a656-c3f002354cb4</CorrelationId>
      <OverwriteBehaviour>always</OverwriteBehaviour>
      <ApplicationRelativeFilePath>Templates/HashiCorpVaultConfiguration/HashiCorpVaultConfigurationTemplateRegistration.cs</ApplicationRelativeFilePath>
      <ProjectRelativeFilePath>HashiCorpVaultConfiguration/HashiCorpVaultConfigurationTemplateRegistration.cs</ProjectRelativeFilePath>
      <IsIgnored>false</IsIgnored>
    </FileLog>
    <FileLog>
      <ProjectId>d103863d-1934-41e1-9859-731202144df3</ProjectId>
      <CorrelationId>Intent.ModuleBuilder.CSharp.Templates.CSharpStringInterpolationTemplate#e93cd1f8-0a41-4a63-95b8-7e80bb30909b</CorrelationId>
      <OverwriteBehaviour>always</OverwriteBehaviour>
      <ApplicationRelativeFilePath>Templates/HashiCorpVaultConfigurationSource/HashiCorpVaultConfigurationSourceTemplate.cs</ApplicationRelativeFilePath>
      <ProjectRelativeFilePath>HashiCorpVaultConfigurationSource/HashiCorpVaultConfigurationSourceTemplate.cs</ProjectRelativeFilePath>
      <IsIgnored>false</IsIgnored>
    </FileLog>
    <FileLog>
      <ProjectId>d103863d-1934-41e1-9859-731202144df3</ProjectId>
      <CorrelationId>Intent.ModuleBuilder.CSharp.Templates.CSharpTemplatePartial#e93cd1f8-0a41-4a63-95b8-7e80bb30909b</CorrelationId>
      <OverwriteBehaviour>always</OverwriteBehaviour>
      <ApplicationRelativeFilePath>Templates/HashiCorpVaultConfigurationSource/HashiCorpVaultConfigurationSourceTemplatePartial.cs</ApplicationRelativeFilePath>
      <ProjectRelativeFilePath>HashiCorpVaultConfigurationSource/HashiCorpVaultConfigurationSourceTemplatePartial.cs</ProjectRelativeFilePath>
      <IsIgnored>false</IsIgnored>
    </FileLog>
    <FileLog>
      <ProjectId>d103863d-1934-41e1-9859-731202144df3</ProjectId>
      <CorrelationId>Intent.ModuleBuilder.TemplateRegistration.SingleFileNoModel#e93cd1f8-0a41-4a63-95b8-7e80bb30909b</CorrelationId>
      <OverwriteBehaviour>always</OverwriteBehaviour>
      <ApplicationRelativeFilePath>Templates/HashiCorpVaultConfigurationSource/HashiCorpVaultConfigurationSourceTemplateRegistration.cs</ApplicationRelativeFilePath>
      <ProjectRelativeFilePath>HashiCorpVaultConfigurationSource/HashiCorpVaultConfigurationSourceTemplateRegistration.cs</ProjectRelativeFilePath>
      <IsIgnored>false</IsIgnored>
    </FileLog>
    <FileLog>
      <ProjectId>d103863d-1934-41e1-9859-731202144df3</ProjectId>
      <CorrelationId>Intent.ModuleBuilder.CSharp.Templates.CSharpStringInterpolationTemplate#841981ab-80cc-4c98-afc2-de90676c4c49</CorrelationId>
      <OverwriteBehaviour>always</OverwriteBehaviour>
      <ApplicationRelativeFilePath>Templates/HashiCorpVaultOptions/HashiCorpVaultOptionsTemplate.cs</ApplicationRelativeFilePath>
      <ProjectRelativeFilePath>HashiCorpVaultOptions/HashiCorpVaultOptionsTemplate.cs</ProjectRelativeFilePath>
      <IsIgnored>false</IsIgnored>
    </FileLog>
    <FileLog>
      <ProjectId>d103863d-1934-41e1-9859-731202144df3</ProjectId>
      <CorrelationId>Intent.ModuleBuilder.CSharp.Templates.CSharpTemplatePartial#841981ab-80cc-4c98-afc2-de90676c4c49</CorrelationId>
      <OverwriteBehaviour>always</OverwriteBehaviour>
      <ApplicationRelativeFilePath>Templates/HashiCorpVaultOptions/HashiCorpVaultOptionsTemplatePartial.cs</ApplicationRelativeFilePath>
      <ProjectRelativeFilePath>HashiCorpVaultOptions/HashiCorpVaultOptionsTemplatePartial.cs</ProjectRelativeFilePath>
      <IsIgnored>false</IsIgnored>
    </FileLog>
    <FileLog>
      <ProjectId>d103863d-1934-41e1-9859-731202144df3</ProjectId>
      <CorrelationId>Intent.ModuleBuilder.TemplateRegistration.SingleFileNoModel#841981ab-80cc-4c98-afc2-de90676c4c49</CorrelationId>
      <OverwriteBehaviour>always</OverwriteBehaviour>
      <ApplicationRelativeFilePath>Templates/HashiCorpVaultOptions/HashiCorpVaultOptionsTemplateRegistration.cs</ApplicationRelativeFilePath>
      <ProjectRelativeFilePath>HashiCorpVaultOptions/HashiCorpVaultOptionsTemplateRegistration.cs</ProjectRelativeFilePath>
      <IsIgnored>false</IsIgnored>
    </FileLog>
    <FileLog>
      <ProjectId>d103863d-1934-41e1-9859-731202144df3</ProjectId>
      <CorrelationId>Intent.ModuleBuilder.Templates.TemplateExtensions</CorrelationId>
      <OverwriteBehaviour>always</OverwriteBehaviour>
      <ApplicationRelativeFilePath>Templates/TemplateExtensions.cs</ApplicationRelativeFilePath>
      <ProjectRelativeFilePath>TemplateExtensions.cs</ProjectRelativeFilePath>
      <IsIgnored>false</IsIgnored>
    </FileLog>
  </FileLogs>
</outputLog>