<?xml version="1.0" encoding="utf-8"?>
<outputLog>
  <ApplicationId>fee9c70c-2e0b-4bc4-a09a-bf6305dbf329</ApplicationId>
  <FileLogs>
    <FileLog>
      <CorrelationId>Intent.VisualStudio.Projects.VisualStudioSolution#b07888af-8807-4cc2-8763-e460381fa2ab</CorrelationId>
      <OverwriteBehaviour>always</OverwriteBehaviour>
      <ApplicationRelativeFilePath>../Intent.Modules.NET.sln</ApplicationRelativeFilePath>
      <IsIgnored>false</IsIgnored>
    </FileLog>
    <FileLog>
      <ProjectId>23b90f26-2e5e-4138-b68e-fa8328135c29</ProjectId>
      <CorrelationId>Intent.ModuleBuilder.Templates.FactoryExtension#a66cc675-6d17-47a9-b8c2-98c74f5d045d</CorrelationId>
      <OverwriteBehaviour>always</OverwriteBehaviour>
      <ApplicationRelativeFilePath>FactoryExtensions/ServiceContractEndpointExtension.cs</ApplicationRelativeFilePath>
      <ProjectRelativeFilePath>ServiceContractEndpointExtension.cs</ProjectRelativeFilePath>
      <IsIgnored>false</IsIgnored>
    </FileLog>
    <FileLog>
      <ProjectId>48e0fa03-08a9-4d9c-a439-129909ece486</ProjectId>
      <CorrelationId>Intent.ModuleBuilder.IModSpecFile</CorrelationId>
      <OverwriteBehaviour>always</OverwriteBehaviour>
      <ApplicationRelativeFilePath>Intent.Aws.Lambda.Functions.Dispatch.Services.imodspec</ApplicationRelativeFilePath>
      <ProjectRelativeFilePath>Intent.Aws.Lambda.Functions.Dispatch.Services.imodspec</ProjectRelativeFilePath>
      <IsIgnored>false</IsIgnored>
    </FileLog>
    <FileLog>
      <ProjectId>48e0fa03-08a9-4d9c-a439-129909ece486</ProjectId>
      <CorrelationId>Intent.VisualStudio.Projects.CSharpProject#48e0fa03-08a9-4d9c-a439-129909ece486</CorrelationId>
      <OverwriteBehaviour>always</OverwriteBehaviour>
      <ApplicationRelativeFilePath>Intent.Modules.Aws.Lambda.Functions.Dispatch.Services.csproj</ApplicationRelativeFilePath>
      <ProjectRelativeFilePath>Intent.Modules.Aws.Lambda.Functions.Dispatch.Services.csproj</ProjectRelativeFilePath>
      <IsIgnored>false</IsIgnored>
    </FileLog>
    <FileLog>
      <ProjectId>48e0fa03-08a9-4d9c-a439-129909ece486</ProjectId>
      <CorrelationId>Intent.ModuleBuilder.Templates.ReleaseNotes</CorrelationId>
      <OverwriteBehaviour>once-off</OverwriteBehaviour>
      <ApplicationRelativeFilePath>release-notes.md</ApplicationRelativeFilePath>
      <ProjectRelativeFilePath>release-notes.md</ProjectRelativeFilePath>
      <IsIgnored>false</IsIgnored>
    </FileLog>
  </FileLogs>
</outputLog>