<?xml version="1.0" encoding="utf-8"?>
<outputLog>
  <ApplicationId>a69e29bd-a26c-4598-9469-9058cd1f1658</ApplicationId>
  <FileLogs>
    <FileLog>
      <CorrelationId>Intent.VisualStudio.Projects.VisualStudioSolution#302a4a1b-8851-4516-9046-526a0e237c62</CorrelationId>
      <OverwriteBehaviour>always</OverwriteBehaviour>
      <ApplicationRelativeFilePath>../Intent.Modules.NET.sln</ApplicationRelativeFilePath>
      <IsIgnored>false</IsIgnored>
    </FileLog>
    <FileLog>
      <ProjectId>3001c12c-14b2-4803-a7ce-b30b3d02cf49</ProjectId>
      <CorrelationId>Intent.ModuleBuilder.Templates.FactoryExtension#46141c95-81aa-4999-a6e3-39d8095d36ef</CorrelationId>
      <OverwriteBehaviour>always</OverwriteBehaviour>
      <ApplicationRelativeFilePath>FactoryExtensions/EventBusPublisherInstaller.cs</ApplicationRelativeFilePath>
      <ProjectRelativeFilePath>EventBusPublisherInstaller.cs</ProjectRelativeFilePath>
      <IsIgnored>false</IsIgnored>
    </FileLog>
    <FileLog>
      <ProjectId>4b8347b4-3ac3-49b2-8e72-2c7b10476943</ProjectId>
      <CorrelationId>Intent.ModuleBuilder.IModSpecFile</CorrelationId>
      <OverwriteBehaviour>always</OverwriteBehaviour>
      <ApplicationRelativeFilePath>Intent.Application.ServiceImplementations.CRUD.Eventing.imodspec</ApplicationRelativeFilePath>
      <ProjectRelativeFilePath>Intent.Application.ServiceImplementations.CRUD.Eventing.imodspec</ProjectRelativeFilePath>
      <IsIgnored>false</IsIgnored>
    </FileLog>
    <FileLog>
      <ProjectId>4b8347b4-3ac3-49b2-8e72-2c7b10476943</ProjectId>
      <CorrelationId>Intent.VisualStudio.Projects.CoreLibrary.CSProject#4b8347b4-3ac3-49b2-8e72-2c7b10476943</CorrelationId>
      <OverwriteBehaviour>always</OverwriteBehaviour>
      <ApplicationRelativeFilePath>Intent.Modules.Application.ServiceImplementations.CRUD.Eventing.csproj</ApplicationRelativeFilePath>
      <ProjectRelativeFilePath>Intent.Modules.Application.ServiceImplementations.CRUD.Eventing.csproj</ProjectRelativeFilePath>
      <IsIgnored>false</IsIgnored>
    </FileLog>
  </FileLogs>
</outputLog>