<?xml version="1.0" encoding="utf-8"?>
<outputLog>
  <ApplicationId>f509ceb6-2825-4aa4-9dc4-b3288602e1a0</ApplicationId>
  <FileLogs>
    <FileLog>
      <CorrelationId>Intent.VisualStudio.Projects.VisualStudioSolution#f3ef6ed2-4997-464a-a6ab-614bc2dd3dab</CorrelationId>
      <OverwriteBehaviour>always</OverwriteBehaviour>
      <ApplicationRelativeFilePath>../Intent.Modules.NET.sln</ApplicationRelativeFilePath>
      <IsIgnored>false</IsIgnored>
    </FileLog>
    <FileLog>
      <ProjectId>d3b61f04-15df-438c-9787-df82c3fc07e5</ProjectId>
      <CorrelationId>Intent.ModuleBuilder.Templates.Api.ApiElementModelExtensions#e030c97a-e066-40a7-8188-808c275df3cb</CorrelationId>
      <OverwriteBehaviour>always</OverwriteBehaviour>
      <ApplicationRelativeFilePath>Api/OperationModelStereotypeExtensions.cs</ApplicationRelativeFilePath>
      <ProjectRelativeFilePath>OperationModelStereotypeExtensions.cs</ProjectRelativeFilePath>
      <IsIgnored>false</IsIgnored>
    </FileLog>
    <FileLog>
      <ProjectId>d3b61f04-15df-438c-9787-df82c3fc07e5</ProjectId>
      <CorrelationId>Intent.ModuleBuilder.Templates.Api.ApiElementModelExtensions#b16578a5-27b1-4047-a8df-f0b783d706bd</CorrelationId>
      <OverwriteBehaviour>always</OverwriteBehaviour>
      <ApplicationRelativeFilePath>Api/ServiceModelStereotypeExtensions.cs</ApplicationRelativeFilePath>
      <ProjectRelativeFilePath>ServiceModelStereotypeExtensions.cs</ProjectRelativeFilePath>
      <IsIgnored>false</IsIgnored>
    </FileLog>
    <FileLog>
      <ProjectId>23ff539e-0c1d-416f-9dee-3f4910186031</ProjectId>
      <CorrelationId>Intent.ModuleBuilder.Templates.FactoryExtension#b8b8db65-4a52-429f-ba42-13860c008f3c</CorrelationId>
      <OverwriteBehaviour>always</OverwriteBehaviour>
      <ApplicationRelativeFilePath>FactoryExtensions/MvcControllerDispatchExtension.cs</ApplicationRelativeFilePath>
      <ProjectRelativeFilePath>MvcControllerDispatchExtension.cs</ProjectRelativeFilePath>
      <IsIgnored>false</IsIgnored>
    </FileLog>
    <FileLog>
      <ProjectId>e734455f-4103-4ef0-932c-28948e7f2e94</ProjectId>
      <CorrelationId>Intent.ModuleBuilder.IModSpecFile</CorrelationId>
      <OverwriteBehaviour>always</OverwriteBehaviour>
      <ApplicationRelativeFilePath>Intent.AspNetCore.Mvc.imodspec</ApplicationRelativeFilePath>
      <ProjectRelativeFilePath>Intent.AspNetCore.Mvc.imodspec</ProjectRelativeFilePath>
      <IsIgnored>false</IsIgnored>
    </FileLog>
    <FileLog>
      <ProjectId>e734455f-4103-4ef0-932c-28948e7f2e94</ProjectId>
      <CorrelationId>Intent.VisualStudio.Projects.CSharpProject#e734455f-4103-4ef0-932c-28948e7f2e94</CorrelationId>
      <OverwriteBehaviour>always</OverwriteBehaviour>
      <ApplicationRelativeFilePath>Intent.Modules.AspNetCore.Mvc.csproj</ApplicationRelativeFilePath>
      <ProjectRelativeFilePath>Intent.Modules.AspNetCore.Mvc.csproj</ProjectRelativeFilePath>
      <IsIgnored>false</IsIgnored>
    </FileLog>
    <FileLog>
      <ProjectId>5b11a56c-ac96-4ea2-95ac-ce4276d2c6d0</ProjectId>
      <CorrelationId>Intent.ModuleBuilder.DesignerSettings#711e46ed-af8f-4216-86f1-4ddea6d45f7c</CorrelationId>
      <OverwriteBehaviour>always</OverwriteBehaviour>
      <ApplicationRelativeFilePath>modelers/Services Extension.designer.settings</ApplicationRelativeFilePath>
      <ProjectRelativeFilePath>Services Extension.designer.settings</ProjectRelativeFilePath>
      <IsIgnored>false</IsIgnored>
    </FileLog>
    <FileLog>
      <ProjectId>e734455f-4103-4ef0-932c-28948e7f2e94</ProjectId>
      <CorrelationId>Intent.ModuleBuilder.Templates.ReleaseNotes</CorrelationId>
      <OverwriteBehaviour>once-off</OverwriteBehaviour>
      <ApplicationRelativeFilePath>release-notes.md</ApplicationRelativeFilePath>
      <ProjectRelativeFilePath>release-notes.md</ProjectRelativeFilePath>
      <IsIgnored>false</IsIgnored>
    </FileLog>
    <FileLog>
      <ProjectId>b079e445-afdb-4cff-a975-679551bdbdf5</ProjectId>
      <CorrelationId>Intent.ModuleBuilder.Templates.DocumentationTemplate#cb3377cd-aef4-4cfe-933c-7a40f3bea7c2</CorrelationId>
      <OverwriteBehaviour>always</OverwriteBehaviour>
      <ApplicationRelativeFilePath>resources/documentation.json</ApplicationRelativeFilePath>
      <ProjectRelativeFilePath>documentation.json</ProjectRelativeFilePath>
      <IsIgnored>false</IsIgnored>
    </FileLog>
    <FileLog>
      <ProjectId>6a5effde-8e6e-4df3-a18e-d8363827d6ea</ProjectId>
      <CorrelationId>Intent.ModuleBuilder.CSharp.Templates.CSharpTemplatePartial#078fa82f-767b-4007-aa99-3db064ef1d18</CorrelationId>
      <OverwriteBehaviour>always</OverwriteBehaviour>
      <ApplicationRelativeFilePath>Templates/MvcController/MvcControllerTemplatePartial.cs</ApplicationRelativeFilePath>
      <ProjectRelativeFilePath>MvcController/MvcControllerTemplatePartial.cs</ProjectRelativeFilePath>
      <IsIgnored>false</IsIgnored>
    </FileLog>
    <FileLog>
      <ProjectId>6a5effde-8e6e-4df3-a18e-d8363827d6ea</ProjectId>
      <CorrelationId>Intent.ModuleBuilder.TemplateRegistration.FilePerModel#078fa82f-767b-4007-aa99-3db064ef1d18</CorrelationId>
      <OverwriteBehaviour>always</OverwriteBehaviour>
      <ApplicationRelativeFilePath>Templates/MvcController/MvcControllerTemplateRegistration.cs</ApplicationRelativeFilePath>
      <ProjectRelativeFilePath>MvcController/MvcControllerTemplateRegistration.cs</ProjectRelativeFilePath>
      <IsIgnored>false</IsIgnored>
    </FileLog>
    <FileLog>
      <ProjectId>6a5effde-8e6e-4df3-a18e-d8363827d6ea</ProjectId>
      <CorrelationId>Intent.ModuleBuilder.Templates.FileTemplateStringInterpolation#92657d42-6fa7-447b-9a2d-43502b078a3a</CorrelationId>
      <OverwriteBehaviour>always</OverwriteBehaviour>
      <ApplicationRelativeFilePath>Templates/MvcViewStub/MvcViewStubTemplate.cs</ApplicationRelativeFilePath>
      <ProjectRelativeFilePath>MvcViewStub/MvcViewStubTemplate.cs</ProjectRelativeFilePath>
      <IsIgnored>false</IsIgnored>
    </FileLog>
    <FileLog>
      <ProjectId>6a5effde-8e6e-4df3-a18e-d8363827d6ea</ProjectId>
      <CorrelationId>Intent.ModuleBuilder.ProjectItemTemplate.Partial#92657d42-6fa7-447b-9a2d-43502b078a3a</CorrelationId>
      <OverwriteBehaviour>always</OverwriteBehaviour>
      <ApplicationRelativeFilePath>Templates/MvcViewStub/MvcViewStubTemplatePartial.cs</ApplicationRelativeFilePath>
      <ProjectRelativeFilePath>MvcViewStub/MvcViewStubTemplatePartial.cs</ProjectRelativeFilePath>
      <IsIgnored>false</IsIgnored>
    </FileLog>
    <FileLog>
      <ProjectId>6a5effde-8e6e-4df3-a18e-d8363827d6ea</ProjectId>
      <CorrelationId>Intent.ModuleBuilder.TemplateRegistration.FilePerModel#92657d42-6fa7-447b-9a2d-43502b078a3a</CorrelationId>
      <OverwriteBehaviour>always</OverwriteBehaviour>
      <ApplicationRelativeFilePath>Templates/MvcViewStub/MvcViewStubTemplateRegistration.cs</ApplicationRelativeFilePath>
      <ProjectRelativeFilePath>MvcViewStub/MvcViewStubTemplateRegistration.cs</ProjectRelativeFilePath>
      <IsIgnored>false</IsIgnored>
    </FileLog>
    <FileLog>
      <ProjectId>6a5effde-8e6e-4df3-a18e-d8363827d6ea</ProjectId>
      <CorrelationId>Intent.ModuleBuilder.Templates.TemplateExtensions</CorrelationId>
      <OverwriteBehaviour>always</OverwriteBehaviour>
      <ApplicationRelativeFilePath>Templates/TemplateExtensions.cs</ApplicationRelativeFilePath>
      <ProjectRelativeFilePath>TemplateExtensions.cs</ProjectRelativeFilePath>
      <IsIgnored>false</IsIgnored>
    </FileLog>
  </FileLogs>
</outputLog>